WARNING: overwriting environment variables set in the machine
overwriting variable ['LD_LIBRARY_PATH']
Measurement results for a=5 and N=21 with 9 qubits in the control register 
{ 000000000:2530 000010101:1 000011100:1 000100111:1 000101000:2 000110111:1 000111010:1 000111100:1 000111110:1 001000111:1 001001000:1 001001001:2 001001010:1 001001100:1 001001101:4 001001110:3 001001111:8 001010000:7 001010001:9 001010010:18 001010011:34 001010100:109 001010101:1675 001010110:444 001010111:72 001011000:27 001011001:22 001011010:10 001011011:6 001011100:4 001011110:1 001011111:2 001100001:2 001100100:2 001100110:1 001100111:2 001101000:1 001101011:2 001101111:2 001110001:1 001110011:1 001110100:2 010001101:1 010010011:1 010010101:1 010011000:2 010011001:1 010011101:1 010011110:1 010011111:1 010100000:5 010100001:3 010100010:7 010100011:5 010100100:4 010100101:5 010100110:8 010100111:13 010101000:24 010101001:73 010101010:427 010101011:1711 010101100:112 010101101:31 010101110:14 010101111:6 010110000:3 010110001:3 010110010:3 010110011:4 010110100:3 010110101:3 010111000:3 010111001:2 010111011:1 010111100:1 011000000:1 011000011:1 011000100:1 011010000:1 011010001:1 011011010:1 011110011:1 011111101:1 100000000:2546 100100001:1 100101000:1 100101111:3 100110110:1 100110111:1 100111110:1 100111111:1 101000000:1 101000001:1 101000011:2 101000100:1 101000101:1 101000110:1 101001000:2 101001010:3 101001011:2 101001100:2 101001101:2 101001110:5 101001111:4 101010000:9 101010001:7 101010010:26 101010011:30 101010100:104 101010101:1636 101010110:432 101010111:70 101011000:26 101011001:12 101011010:14 101011011:5 101011100:1 101011101:1 101011110:1 101011111:1 101100000:2 101100010:1 101100100:1 101100101:1 101100110:2 101101001:1 101101111:1 101110011:1 101111011:1 110000001:1 110000011:1 110000101:1 110000111:1 110001011:1 110010000:1 110010001:1 110010011:1 110010111:2 110011011:2 110011100:2 110011110:1 110011111:2 110100000:1 110100001:2 110100010:5 110100011:5 110100100:5 110100101:6 110100110:6 110100111:20 110101000:28 110101001:64 110101010:468 110101011:1693 110101100:98 110101101:41 110101110:21 110101111:10 110110000:7 110110001:5 110110010:3 110110100:2 110110101:3 110110111:1 110111000:1 110111001:2 110111010:1 110111011:1 110111100:1 111000011:1 111001001:1 111001011:1 111001110:1 111010000:1 111010011:1 111010110:1 111011010:1 }

	Command being timed: "python3 shor.py 9"
	User time (seconds): 0.85
	System time (seconds): 0.67
	Percent of CPU this job got: 72%
	Elapsed (wall clock) time (h:mm:ss or m:ss): 0:02.11
	Average shared text size (kbytes): 0
	Average unshared data size (kbytes): 0
	Average stack size (kbytes): 0
	Average total size (kbytes): 0
	Maximum resident set size (kbytes): 600432
	Average resident set size (kbytes): 0
	Major (requiring I/O) page faults: 0
	Minor (reclaiming a frame) page faults: 69047
	Voluntary context switches: 3653
	Involuntary context switches: 28
	Swaps: 0
	File system inputs: 0
	File system outputs: 16
	Socket messages sent: 0
	Socket messages received: 0
	Signals delivered: 0
	Page size (bytes): 4096
	Exit status: 0
Measurement results for a=5 and N=21 with 9 qubits in the control register 
{ 000000000:2550 000001011:1 000001110:1 000011000:1 000011010:1 000101001:1 000110000:1 000110101:3 000111010:1 000111101:1 001000000:1 001000001:1 001000010:1 001000011:1 001000110:2 001000111:1 001001000:4 001001001:3 001001100:4 001001101:3 001001110:2 001001111:3 001010000:6 001010001:10 001010010:16 001010011:49 001010100:98 001010101:1718 001010110:408 001010111:68 001011000:27 001011001:17 001011010:9 001011011:9 001011100:2 001011101:1 001011110:6 001011111:1 001100000:2 001100010:1 001100110:1 001100111:2 001101110:1 001110001:2 001110101:2 001110110:1 001110111:2 010000011:2 010001001:1 010001010:1 010001011:1 010001100:1 010001111:1 010010011:1 010010110:1 010010111:2 010011000:1 010011001:1 010011010:1 010011100:1 010011101:1 010011110:1 010011111:1 010100000:5 010100010:1 010100011:2 010100100:8 010100101:8 010100110:6 010100111:12 010101000:19 010101001:64 010101010:405 010101011:1720 010101100:106 010101101:29 010101110:25 010101111:8 010110000:10 010110001:3 010110010:6 010110011:5 010110100:2 010110101:4 010110110:2 010110111:2 010111001:2 010111010:1 010111100:1 010111111:1 011000000:2 011000001:3 011001111:1 011010101:1 011011000:1 011011011:1 011100001:1 011101100:1 100000000:2489 100000010:1 100000100:1 100000110:1 100001011:1 100010010:1 100011100:1 100011110:1 100100011:1 100101000:1 100101110:1 100110001:4 100110011:1 100111110:1 101000001:2 101000011:1 101000101:1 101000110:2 101001001:2 101001010:2 101001011:3 101001100:1 101001101:4 101001110:4 101001111:1 101010000:9 101010001:10 101010010:18 101010011:37 101010100:91 101010101:1720 101010110:434 101010111:75 101011000:33 101011001:19 101011010:8 101011011:9 101011100:5 101011110:3 101011111:4 101100000:2 101100001:2 101100010:3 101100011:1 101100101:1 101100110:1 101100111:1 101101000:2 101101001:1 101110001:1 101110010:1 101110011:1 101110101:1 101111101:1 101111110:1 110000100:1 110000111:1 110001001:1 110001011:1 110001111:1 110010001:1 110010010:1 110010100:1 110010110:1 110011000:1 110011101:1 110011111:1 110100001:1 110100010:2 110100011:2 110100100:4 110100101:5 110100110:5 110100111:15 110101000:29 110101001:68 110101010:398 110101011:1705 110101100:104 110101101:36 110101110:16 110101111:8 110110000:5 110110001:2 110110010:4 110110011:1 110110100:2 110110101:4 110110111:3 110111010:4 110111011:1 110111110:1 110111111:1 111000010:1 111000100:1 111000111:1 111001010:1 111001100:1 111001111:1 111101001:1 }

	Command being timed: "python3 shor.py 9"
	User time (seconds): 0.81
	System time (seconds): 0.72
	Percent of CPU this job got: 84%
	Elapsed (wall clock) time (h:mm:ss or m:ss): 0:01.82
	Average shared text size (kbytes): 0
	Average unshared data size (kbytes): 0
	Average stack size (kbytes): 0
	Average total size (kbytes): 0
	Maximum resident set size (kbytes): 597960
	Average resident set size (kbytes): 0
	Major (requiring I/O) page faults: 0
	Minor (reclaiming a frame) page faults: 68447
	Voluntary context switches: 1890
	Involuntary context switches: 29
	Swaps: 0
	File system inputs: 0
	File system outputs: 24
	Socket messages sent: 0
	Socket messages received: 0
	Signals delivered: 0
	Page size (bytes): 4096
	Exit status: 0
Measurement results for a=5 and N=21 with 9 qubits in the control register 
{ 000000000:2549 000001000:2 000001100:1 000010011:1 000010100:1 000011001:1 000011010:2 000101011:1 000110011:1 000111001:2 000111100:1 000111101:1 000111110:1 001000000:1 001000010:3 001000100:1 001000101:2 001000110:1 001001001:2 001001010:2 001001011:1 001001100:2 001001101:3 001001110:2 001001111:4 001010000:7 001010001:9 001010010:17 001010011:31 001010100:108 001010101:1659 001010110:425 001010111:54 001011000:29 001011001:11 001011010:10 001011011:5 001011100:5 001011101:6 001011110:2 001011111:1 001100000:2 001100001:1 001100010:1 001100100:1 001100101:2 001101010:1 001101011:1 001110110:1 001110111:1 001111000:1 001111001:1 010000001:1 010000011:1 010001011:1 010001110:2 010010101:1 010010110:2 010010111:1 010011000:1 010011010:1 010011101:2 010011110:2 010011111:3 010100000:1 010100001:2 010100010:2 010100011:4 010100100:6 010100101:4 010100110:9 010100111:18 010101000:37 010101001:73 010101010:472 010101011:1704 010101100:105 010101101:41 010101110:18 010101111:13 010110000:8 010110001:2 010110010:5 010110011:2 010110100:2 010110110:1 010110111:1 010111001:1 010111010:1 011000010:1 011000011:1 011001001:1 011001010:1 011001111:1 011010100:1 011010111:1 011011111:1 011100111:1 011101010:1 100000000:2432 100001111:1 100100101:1 100110000:1 100111001:1 100111010:1 100111100:2 101000010:1 101000011:1 101000100:1 101000110:3 101000111:2 101001000:1 101001001:3 101001010:3 101001011:2 101001100:5 101001101:4 101001110:3 101001111:4 101010000:5 101010001:8 101010010:16 101010011:39 101010100:98 101010101:1719 101010110:426 101010111:58 101011000:32 101011001:8 101011010:14 101011011:14 101011100:5 101011101:6 101011110:2 101100000:3 101100001:1 101100010:2 101100011:1 101100101:1 101101010:1 101101011:1 101101101:1 101110000:1 101110101:2 101111110:1 110000001:1 110000100:1 110001001:1 110001010:1 110010010:1 110010100:1 110010101:2 110011001:1 110011011:2 110011101:1 110011110:1 110011111:3 110100000:1 110100001:1 110100010:5 110100011:3 110100100:4 110100101:4 110100110:6 110100111:22 110101000:19 110101001:55 110101010:408 110101011:1764 110101100:112 110101101:33 110101110:17 110101111:8 110110000:10 110110001:7 110110010:4 110110011:3 110110100:2 110110101:1 110111000:2 110111001:2 110111010:1 110111100:1 110111110:1 110111111:2 111000000:1 111000010:3 111000101:1 111000110:1 111001011:1 111010111:1 111011110:1 }

	Command being timed: "python3 shor.py 9"
	User time (seconds): 0.84
	System time (seconds): 0.67
	Percent of CPU this job got: 84%
	Elapsed (wall clock) time (h:mm:ss or m:ss): 0:01.79
	Average shared text size (kbytes): 0
	Average unshared data size (kbytes): 0
	Average stack size (kbytes): 0
	Average total size (kbytes): 0
	Maximum resident set size (kbytes): 597556
	Average resident set size (kbytes): 0
	Major (requiring I/O) page faults: 0
	Minor (reclaiming a frame) page faults: 68350
	Voluntary context switches: 1890
	Involuntary context switches: 27
	Swaps: 0
	File system inputs: 0
	File system outputs: 24
	Socket messages sent: 0
	Socket messages received: 0
	Signals delivered: 0
	Page size (bytes): 4096
	Exit status: 0
Measurement results for a=5 and N=21 with 9 qubits in the control register 
{ 000000000:2474 000000101:1 000010101:1 000011101:1 000100011:1 000101100:1 000101111:1 000110001:1 000110010:2 000110110:2 000110111:2 000111001:1 000111011:1 000111101:1 001000010:1 001000011:1 001000110:1 001000111:2 001001000:1 001001001:3 001001010:2 001001100:1 001001101:3 001001110:5 001001111:1 001010000:7 001010001:17 001010010:15 001010011:25 001010100:111 001010101:1767 001010110:422 001010111:84 001011000:22 001011001:11 001011010:10 001011011:1 001011100:4 001011101:3 001011110:9 001011111:2 001100000:4 001100001:1 001100011:1 001100100:1 001100110:2 001101000:1 001101001:1 001101011:2 001101101:1 001101110:2 001101111:1 001110000:1 010001111:1 010010000:1 010010001:1 010010111:1 010011000:1 010011010:1 010011100:1 010011101:1 010011110:1 010100000:2 010100001:3 010100010:4 010100011:2 010100100:4 010100101:10 010100110:12 010100111:14 010101000:24 010101001:65 010101010:463 010101011:1678 010101100:93 010101101:30 010101110:18 010101111:9 010110000:12 010110001:1 010110010:2 010110011:2 010110100:1 010110101:2 010110110:1 010110111:1 010111000:2 010111001:2 010111100:1 010111110:1 010111111:2 011000111:1 011001000:1 011001101:1 011001111:1 011010001:1 011010111:1 011011010:1 011011101:1 011101100:1 011110101:1 100000000:2509 100001011:1 100001101:1 100011010:1 100100100:1 100110010:1 100111010:1 101000000:1 101000011:1 101000110:1 101000111:1 101001001:4 101001100:2 101001101:2 101001110:5 101001111:1 101010000:4 101010001:12 101010010:19 101010011:28 101010100:100 101010101:1644 101010110:436 101010111:69 101011000:27 101011001:13 101011010:13 101011011:5 101011100:4 101011101:2 101011110:1 101011111:6 101100000:3 101100001:2 101100010:3 101100100:2 101100110:1 101101011:1 101110001:1 101111001:1 101111010:1 110000101:1 110001001:1 110001010:1 110001111:1 110010000:1 110010011:1 110010111:2 110011000:1 110011001:1 110011010:2 110011011:1 110011100:2 110011110:1 110100000:1 110100001:2 110100010:1 110100011:1 110100100:1 110100101:8 110100110:8 110100111:17 110101000:30 110101001:59 110101010:455 110101011:1749 110101100:95 110101101:35 110101110:20 110101111:9 110110000:9 110110001:5 110110010:5 110110100:3 110110101:1 110110110:1 110110111:1 110111001:2 110111010:1 110111011:2 110111101:1 110111110:1 110111111:1 111000001:1 111000011:1 111001100:2 111001101:1 111010100:1 111011011:1 111011110:1 111100001:1 111111100:1 }

	Command being timed: "python3 shor.py 9"
	User time (seconds): 0.83
	System time (seconds): 0.68
	Percent of CPU this job got: 84%
	Elapsed (wall clock) time (h:mm:ss or m:ss): 0:01.81
	Average shared text size (kbytes): 0
	Average unshared data size (kbytes): 0
	Average stack size (kbytes): 0
	Average total size (kbytes): 0
	Maximum resident set size (kbytes): 603824
	Average resident set size (kbytes): 0
	Major (requiring I/O) page faults: 0
	Minor (reclaiming a frame) page faults: 68771
	Voluntary context switches: 1889
	Involuntary context switches: 31
	Swaps: 0
	File system inputs: 0
	File system outputs: 16
	Socket messages sent: 0
	Socket messages received: 0
	Signals delivered: 0
	Page size (bytes): 4096
	Exit status: 0
Measurement results for a=5 and N=21 with 9 qubits in the control register 
{ 000000000:2552 000000101:1 000001000:1 000100010:1 000101001:1 000111011:2 001000011:1 001000100:3 001000101:2 001001001:3 001001010:2 001001011:1 001001100:5 001001101:4 001001110:3 001001111:6 001010000:7 001010001:17 001010010:18 001010011:37 001010100:93 001010101:1635 001010110:421 001010111:73 001011000:26 001011001:16 001011010:9 001011011:3 001011100:5 001011101:2 001011111:4 001100000:1 001100001:3 001100010:2 001100011:1 001100100:1 001100101:3 001100110:1 001101001:1 001101010:1 001101100:1 001101110:1 001110010:1 001110110:1 001111001:2 010010011:1 010010101:1 010011000:1 010011011:2 010011110:1 010100000:1 010100010:3 010100011:5 010100100:2 010100101:4 010100110:12 010100111:11 010101000:23 010101001:73 010101010:459 010101011:1712 010101100:96 010101101:41 010101110:19 010101111:13 010110000:5 010110001:3 010110010:1 010110011:2 010110101:2 010110110:1 010110111:3 010111000:1 010111001:1 010111100:2 010111110:1 011000000:2 011000001:1 011000011:1 011001010:1 011001011:2 011010110:1 011011011:1 011011110:1 011101011:1 011101101:1 100000000:2534 100000001:1 100010000:1 100010001:1 100011011:1 100101100:1 100101111:1 100110110:1 100111011:1 100111101:1 101000000:1 101000011:3 101000100:1 101000101:1 101000111:2 101001010:1 101001011:2 101001100:2 101001101:3 101001110:5 101001111:3 101010000:3 101010001:8 101010010:20 101010011:36 101010100:83 101010101:1677 101010110:404 101010111:69 101011000:34 101011001:17 101011010:6 101011011:8 101011100:6 101011101:1 101011110:4 101011111:3 101100000:2 101100001:2 101100010:2 101100111:1 101101000:3 101101001:1 101101010:1 101101110:1 101110010:1 101110110:1 110000001:1 110000011:1 110000100:1 110000101:1 110001000:1 110001100:1 110001101:1 110001110:1 110010111:3 110011000:1 110011010:1 110011101:2 110011110:2 110011111:1 110100000:2 110100010:4 110100011:5 110100100:5 110100101:4 110100110:9 110100111:15 110101000:33 110101001:72 110101010:433 110101011:1776 110101100:82 110101101:32 110101110:15 110101111:13 110110000:3 110110001:2 110110010:3 110110011:2 110110100:2 110110101:2 110111000:1 110111001:3 110111010:1 110111101:1 110111110:1 110111111:1 111000001:1 111000010:1 111000101:1 111000111:1 111001000:1 111001101:1 111010001:1 111100110:1 111100111:1 111101101:1 111111010:1 }

	Command being timed: "python3 shor.py 9"
	User time (seconds): 0.82
	System time (seconds): 0.69
	Percent of CPU this job got: 84%
	Elapsed (wall clock) time (h:mm:ss or m:ss): 0:01.81
	Average shared text size (kbytes): 0
	Average unshared data size (kbytes): 0
	Average stack size (kbytes): 0
	Average total size (kbytes): 0
	Maximum resident set size (kbytes): 599300
	Average resident set size (kbytes): 0
	Major (requiring I/O) page faults: 0
	Minor (reclaiming a frame) page faults: 68304
	Voluntary context switches: 1889
	Involuntary context switches: 28
	Swaps: 0
	File system inputs: 0
	File system outputs: 16
	Socket messages sent: 0
	Socket messages received: 0
	Signals delivered: 0
	Page size (bytes): 4096
	Exit status: 0
Measurement results for a=5 and N=21 with 9 qubits in the control register 
{ 000000000:2422 000000100:1 000000110:1 000001000:1 000001101:2 000001111:1 000010010:1 000100110:1 000101010:1 000101011:1 000101101:1 000111000:1 001000000:1 001000011:1 001000100:1 001000110:1 001001000:2 001001001:1 001001011:2 001001100:4 001001101:3 001001110:1 001001111:4 001010000:10 001010001:12 001010010:13 001010011:32 001010100:116 001010101:1742 001010110:389 001010111:63 001011000:26 001011001:13 001011010:8 001011011:10 001011100:6 001011101:5 001011110:3 001011111:2 001100001:1 001100010:3 001100011:2 001100100:1 001100110:1 001101001:2 001101010:1 001101110:2 001101111:1 001110000:1 001110001:1 001110011:2 001110100:1 001110101:1 001111110:1 001111111:1 010000010:1 010001110:2 010010000:2 010010001:1 010010010:1 010010100:1 010010101:1 010011000:1 010011100:1 010011101:1 010011110:2 010011111:1 010100000:3 010100001:4 010100010:3 010100011:2 010100100:3 010100101:7 010100110:9 010100111:15 010101000:26 010101001:68 010101010:419 010101011:1662 010101100:117 010101101:51 010101110:11 010101111:8 010110000:3 010110001:4 010110010:9 010110011:3 010110100:1 010110110:2 010111010:2 010111011:1 010111100:1 010111110:1 011001101:1 011001111:1 011010110:1 011011000:1 011011110:1 011011111:1 011101010:1 011101111:1 011110100:1 011111101:1 011111110:1 100000000:2527 100000011:1 100001001:1 100001101:1 100010001:1 100011011:1 100011111:1 100101101:2 100101110:1 100110000:1 100110001:1 100110110:1 100111100:1 100111111:1 101000000:1 101000010:1 101000101:1 101000110:2 101000111:2 101001000:1 101001001:2 101001010:4 101001100:2 101001101:2 101001110:5 101001111:4 101010000:1 101010001:9 101010010:23 101010011:40 101010100:100 101010101:1732 101010110:438 101010111:69 101011000:23 101011001:13 101011010:10 101011011:3 101011100:6 101011101:3 101011110:2 101011111:3 101100000:3 101100010:1 101100011:2 101100110:1 101101000:1 101101010:1 101101011:1 101101101:1 101110000:1 101110001:1 101110010:1 101110101:1 101111001:1 110000101:1 110000110:1 110010101:1 110010111:2 110011000:1 110011100:1 110011101:2 110011110:2 110011111:1 110100000:3 110100010:1 110100011:3 110100100:4 110100101:7 110100110:12 110100111:16 110101000:20 110101001:65 110101010:419 110101011:1762 110101100:114 110101101:34 110101110:22 110101111:9 110110000:7 110110001:11 110110010:6 110110011:9 110110110:1 110110111:3 110111000:2 110111001:1 110111010:1 110111100:1 111000000:1 111000011:1 111000110:1 111001111:1 111101101:1 111101111:1 111110000:1 111111100:1 }

	Command being timed: "python3 shor.py 9"
	User time (seconds): 0.82
	System time (seconds): 0.70
	Percent of CPU this job got: 81%
	Elapsed (wall clock) time (h:mm:ss or m:ss): 0:01.88
	Average shared text size (kbytes): 0
	Average unshared data size (kbytes): 0
	Average stack size (kbytes): 0
	Average total size (kbytes): 0
	Maximum resident set size (kbytes): 601804
	Average resident set size (kbytes): 0
	Major (requiring I/O) page faults: 0
	Minor (reclaiming a frame) page faults: 68588
	Voluntary context switches: 2357
	Involuntary context switches: 23
	Swaps: 0
	File system inputs: 0
	File system outputs: 24
	Socket messages sent: 0
	Socket messages received: 0
	Signals delivered: 0
	Page size (bytes): 4096
	Exit status: 0
Measurement results for a=5 and N=21 with 9 qubits in the control register 
{ 000000000:2419 000010100:1 000011111:1 000100010:3 000100011:1 000101010:1 000101110:1 000110001:1 000110110:1 000111010:1 000111011:1 000111110:1 000111111:2 001000001:1 001000100:2 001000101:2 001000110:1 001000111:1 001001000:1 001001001:1 001001100:5 001001101:4 001001111:5 001010000:12 001010001:15 001010010:16 001010011:39 001010100:127 001010101:1633 001010110:436 001010111:81 001011000:29 001011001:14 001011010:4 001011011:11 001011100:2 001011101:4 001011110:3 001011111:2 001100000:2 001100001:2 001100100:2 001101110:2 001101111:2 001110001:1 001111100:1 001111101:1 001111110:1 010000010:1 010000100:1 010000110:1 010001010:2 010010010:2 010010011:2 010010110:1 010010111:1 010011011:2 010011100:1 010011101:1 010011110:1 010011111:2 010100000:3 010100001:2 010100010:4 010100011:1 010100100:1 010100101:2 010100110:9 010100111:11 010101000:28 010101001:66 010101010:427 010101011:1749 010101100:131 010101101:28 010101110:17 010101111:11 010110000:7 010110001:5 010110010:3 010110011:2 010110101:2 010110110:1 010110111:3 010111001:1 010111011:1 010111111:1 011000011:1 011000110:1 011000111:1 011001001:1 011010110:1 011011000:1 011011010:1 011011111:1 011100001:1 011111010:1 100000000:2604 100001010:1 100010000:1 100011011:1 100100011:1 100101101:1 100110000:1 100110011:1 100111010:1 101000010:1 101000101:2 101000110:2 101000111:2 101001001:1 101001010:1 101001011:1 101001100:2 101001101:2 101001110:4 101001111:3 101010000:5 101010001:12 101010010:18 101010011:29 101010100:101 101010101:1706 101010110:468 101010111:57 101011000:27 101011001:19 101011010:6 101011011:4 101011100:3 101011101:4 101011110:3 101011111:1 101100000:2 101100001:2 101100010:1 101100101:2 101100110:1 101100111:1 101101010:1 101101100:1 101111011:1 101111101:2 110001101:1 110010000:1 110010010:1 110010101:1 110011000:1 110011001:1 110011010:1 110011100:1 110011101:1 110011110:1 110011111:4 110100000:2 110100001:1 110100010:2 110100011:4 110100100:1 110100101:4 110100110:7 110100111:16 110101000:26 110101001:62 110101010:403 110101011:1710 110101100:103 110101101:38 110101110:12 110101111:7 110110000:5 110110001:4 110110010:3 110110011:3 110110100:1 110110111:2 110111000:3 110111011:1 110111100:1 111000101:2 111000110:1 111000111:2 111001101:1 111010111:1 111011100:1 111100000:1 111100110:1 111101001:1 111110101:1 }

	Command being timed: "python3 shor.py 9"
	User time (seconds): 0.82
	System time (seconds): 0.69
	Percent of CPU this job got: 81%
	Elapsed (wall clock) time (h:mm:ss or m:ss): 0:01.87
	Average shared text size (kbytes): 0
	Average unshared data size (kbytes): 0
	Average stack size (kbytes): 0
	Average total size (kbytes): 0
	Maximum resident set size (kbytes): 600864
	Average resident set size (kbytes): 0
	Major (requiring I/O) page faults: 0
	Minor (reclaiming a frame) page faults: 68630
	Voluntary context switches: 2354
	Involuntary context switches: 30
	Swaps: 0
	File system inputs: 0
	File system outputs: 24
	Socket messages sent: 0
	Socket messages received: 0
	Signals delivered: 0
	Page size (bytes): 4096
	Exit status: 0
Measurement results for a=5 and N=21 with 9 qubits in the control register 
{ 000000000:2533 000010110:1 000110100:1 000111001:1 000111100:1 000111110:1 001000000:1 001000110:1 001000111:2 001001000:2 001001001:2 001001010:1 001001011:2 001001100:1 001001101:1 001001110:5 001001111:5 001010000:9 001010001:5 001010010:11 001010011:43 001010100:111 001010101:1743 001010110:408 001010111:62 001011000:21 001011001:12 001011010:6 001011011:6 001011100:4 001011101:5 001011110:5 001011111:2 001100000:1 001100010:3 001100011:2 001100110:2 001100111:2 001101000:2 001101010:2 001101011:1 001101100:1 001101110:1 001110000:1 001110011:2 001110111:2 001111000:2 001111011:1 001111100:1 001111101:1 010000010:1 010001010:2 010010000:1 010010011:1 010011000:1 010011001:2 010011010:1 010011100:1 010011110:1 010100000:1 010100001:1 010100010:1 010100011:1 010100100:7 010100101:7 010100110:9 010100111:19 010101000:26 010101001:64 010101010:470 010101011:1723 010101100:130 010101101:35 010101110:12 010101111:11 010110000:9 010110001:3 010110010:2 010110011:3 010110100:1 010110101:1 010110110:2 010110111:3 010111000:1 010111101:1 011000110:2 011001101:1 011001110:1 011001111:1 011010001:1 011010010:1 011010100:1 011011101:1 011100011:1 100000000:2476 100000001:1 100010110:1 100011000:1 100011100:1 100101111:1 100110010:1 100110111:1 100111011:1 100111100:1 100111101:1 100111111:1 101000101:2 101000110:1 101001001:1 101001010:5 101001011:2 101001100:2 101001101:4 101001110:3 101001111:7 101010000:9 101010001:12 101010010:11 101010011:40 101010100:100 101010101:1674 101010110:413 101010111:68 101011000:25 101011001:14 101011010:5 101011011:4 101011100:3 101011101:5 101011110:5 101100000:3 101100001:1 101100010:2 101100100:3 101100110:3 101100111:1 101101000:1 101101110:1 101110010:1 101110011:1 101110110:2 110001010:1 110001101:1 110010000:1 110010011:1 110010110:2 110011000:1 110011001:1 110011011:3 110011100:3 110011101:1 110011110:2 110011111:3 110100000:2 110100001:1 110100010:1 110100011:8 110100100:6 110100101:2 110100110:10 110100111:11 110101000:23 110101001:63 110101010:448 110101011:1681 110101100:96 110101101:27 110101110:16 110101111:12 110110000:11 110110001:4 110110010:2 110110011:3 110110100:4 110110110:2 110110111:2 110111000:1 110111001:3 110111011:1 110111100:1 110111101:1 110111110:1 111000001:1 111000011:2 111001100:1 111001111:1 111010010:1 111011010:1 111011111:1 111110000:1 111110011:1 111111111:1 }

	Command being timed: "python3 shor.py 9"
	User time (seconds): 0.84
	System time (seconds): 0.68
	Percent of CPU this job got: 83%
	Elapsed (wall clock) time (h:mm:ss or m:ss): 0:01.81
	Average shared text size (kbytes): 0
	Average unshared data size (kbytes): 0
	Average stack size (kbytes): 0
	Average total size (kbytes): 0
	Maximum resident set size (kbytes): 599252
	Average resident set size (kbytes): 0
	Major (requiring I/O) page faults: 0
	Minor (reclaiming a frame) page faults: 68332
	Voluntary context switches: 1890
	Involuntary context switches: 30
	Swaps: 0
	File system inputs: 0
	File system outputs: 24
	Socket messages sent: 0
	Socket messages received: 0
	Signals delivered: 0
	Page size (bytes): 4096
	Exit status: 0
Measurement results for a=5 and N=21 with 9 qubits in the control register 
{ 000000000:2517 000010100:1 000100000:1 000100110:1 000101001:1 000110010:1 001000000:2 001000001:1 001000100:1 001000101:1 001000111:1 001001000:1 001001010:6 001001100:4 001001101:2 001001110:2 001001111:3 001010000:8 001010001:10 001010010:15 001010011:26 001010100:112 001010101:1701 001010110:459 001010111:78 001011000:23 001011001:14 001011010:7 001011011:6 001011100:6 001011101:2 001011110:3 001100000:4 001100001:4 001100010:2 001100100:1 001100110:1 001100111:1 001101010:2 001101100:1 001110001:1 001110100:1 001110101:1 001110110:1 001110111:2 001111001:1 001111010:1 001111100:1 010000010:2 010000111:1 010001010:1 010010000:1 010011001:1 010011100:1 010011110:2 010100000:3 010100001:1 010100010:2 010100011:4 010100100:2 010100101:4 010100110:6 010100111:14 010101000:22 010101001:56 010101010:406 010101011:1749 010101100:117 010101101:37 010101110:10 010101111:9 010110000:10 010110001:4 010110010:2 010110011:6 010110101:4 010110110:2 010111001:1 010111101:3 011000000:1 011000100:1 011000101:1 011001111:1 011010101:1 011100100:1 011100110:1 011101001:1 011101011:1 011101100:1 100000000:2498 100001110:1 100011011:1 100011100:1 100100111:1 100101101:1 100110000:1 100111101:1 101000010:1 101000011:2 101000100:1 101000111:2 101001001:2 101001010:3 101001011:1 101001100:4 101001110:2 101001111:2 101010000:6 101010001:6 101010010:17 101010011:37 101010100:111 101010101:1738 101010110:438 101010111:53 101011000:23 101011001:9 101011010:5 101011011:3 101011100:5 101011101:4 101011110:5 101011111:5 101100000:5 101100001:3 101100010:1 101100100:1 101100110:1 101101010:1 101101100:2 101101111:1 101110001:1 101110100:1 101110111:1 110000011:1 110000111:1 110001000:1 110001011:1 110001101:1 110010011:1 110010111:1 110011011:1 110011100:2 110011110:2 110100001:2 110100010:4 110100011:2 110100100:7 110100101:4 110100110:9 110100111:15 110101000:31 110101001:70 110101010:407 110101011:1678 110101100:108 110101101:35 110101110:16 110101111:15 110110000:9 110110001:5 110110010:2 110110011:4 110110100:1 110110110:3 110111000:1 110111001:1 110111100:2 110111101:1 110111110:1 111000000:2 111000001:2 111000010:1 111000110:1 111001000:2 111001011:2 111011110:1 111101110:1 111110101:1 }

	Command being timed: "python3 shor.py 9"
	User time (seconds): 0.81
	System time (seconds): 0.73
	Percent of CPU this job got: 83%
	Elapsed (wall clock) time (h:mm:ss or m:ss): 0:01.85
	Average shared text size (kbytes): 0
	Average unshared data size (kbytes): 0
	Average stack size (kbytes): 0
	Average total size (kbytes): 0
	Maximum resident set size (kbytes): 602692
	Average resident set size (kbytes): 0
	Major (requiring I/O) page faults: 0
	Minor (reclaiming a frame) page faults: 68794
	Voluntary context switches: 1947
	Involuntary context switches: 28
	Swaps: 0
	File system inputs: 0
	File system outputs: 16
	Socket messages sent: 0
	Socket messages received: 0
	Signals delivered: 0
	Page size (bytes): 4096
	Exit status: 0
Measurement results for a=5 and N=21 with 9 qubits in the control register 
{ 000000000:2450 000011010:1 000011101:1 000101011:1 000101101:1 000110101:1 000111000:1 000111110:2 000111111:2 001000001:1 001000010:2 001000111:2 001001000:1 001001010:2 001001100:1 001001101:5 001001110:7 001001111:2 001010000:9 001010001:10 001010010:17 001010011:36 001010100:113 001010101:1714 001010110:420 001010111:73 001011000:23 001011001:18 001011010:14 001011011:6 001011100:4 001011101:6 001011110:7 001011111:4 001100000:2 001100001:1 001100010:1 001100100:1 001100101:1 001100111:1 001101010:1 001101011:1 001101100:1 001101110:2 001111000:1 001111001:1 001111011:1 001111110:1 010001010:1 010001011:1 010001100:2 010001111:1 010010001:1 010010101:1 010010110:1 010010111:1 010011000:2 010011001:3 010011100:2 010011101:1 010011110:1 010011111:2 010100001:2 010100010:2 010100011:4 010100100:6 010100101:6 010100110:8 010100111:17 010101000:27 010101001:56 010101010:423 010101011:1751 010101100:99 010101101:39 010101110:16 010101111:13 010110000:5 010110001:6 010110010:2 010110011:2 010110100:2 010110110:2 010110111:4 010111010:1 010111011:2 010111100:1 010111101:1 010111111:2 011000000:1 011001011:1 011001111:1 011100111:1 011101001:1 100000000:2471 100010101:1 100010110:1 100111101:1 100111110:1 101000001:2 101000101:2 101001000:2 101001001:1 101001100:3 101001101:2 101001110:3 101001111:4 101010000:5 101010001:8 101010010:15 101010011:38 101010100:107 101010101:1741 101010110:421 101010111:76 101011000:29 101011001:12 101011010:7 101011011:5 101011100:3 101011101:4 101011110:2 101011111:1 101100001:1 101100010:2 101100100:1 101100101:2 101100111:1 101101101:1 101111011:2 101111101:1 110000010:1 110000011:1 110010000:1 110010010:1 110010011:1 110010111:1 110011000:1 110011011:1 110011110:1 110011111:3 110100000:2 110100001:1 110100010:3 110100011:6 110100100:4 110100101:6 110100110:8 110100111:12 110101000:25 110101001:79 110101010:453 110101011:1702 110101100:103 110101101:36 110101110:21 110101111:13 110110000:10 110110001:7 110110010:1 110110011:1 110110100:1 110110101:1 110110110:3 110110111:1 110111000:3 110111110:1 111000000:1 111000011:1 111000100:1 111000111:1 111001000:1 111010010:1 111010101:1 111011010:1 111110111:1 }

	Command being timed: "python3 shor.py 9"
	User time (seconds): 0.83
	System time (seconds): 0.69
	Percent of CPU this job got: 84%
	Elapsed (wall clock) time (h:mm:ss or m:ss): 0:01.80
	Average shared text size (kbytes): 0
	Average unshared data size (kbytes): 0
	Average stack size (kbytes): 0
	Average total size (kbytes): 0
	Maximum resident set size (kbytes): 602676
	Average resident set size (kbytes): 0
	Major (requiring I/O) page faults: 0
	Minor (reclaiming a frame) page faults: 68337
	Voluntary context switches: 1890
	Involuntary context switches: 31
	Swaps: 0
	File system inputs: 0
	File system outputs: 24
	Socket messages sent: 0
	Socket messages received: 0
	Signals delivered: 0
	Page size (bytes): 4096
	Exit status: 0
