WARNING: overwriting environment variables set in the machine
overwriting variable ['LD_LIBRARY_PATH']
Measurement results for a=5 and N=21 with 7 qubits in the control register 
{ 0000000:2560 0000001:1 0000010:2 0000011:3 0000100:1 0000110:2 0000111:3 0001000:2 0001001:4 0001011:1 0001100:5 0001101:8 0001110:6 0001111:5 0010000:8 0010001:4 0010010:19 0010011:42 0010100:100 0010101:1712 0010110:414 0010111:65 0011000:39 0011001:16 0011010:8 0011011:4 0011100:5 0011101:5 0011110:5 0011111:2 0100000:2 0100001:7 0100010:2 0100011:6 0100100:7 0100101:13 0100110:9 0100111:13 0101000:20 0101001:75 0101010:458 0101011:1762 0101100:89 0101101:30 0101110:8 0101111:11 0110000:7 0110001:6 0110010:3 0110011:3 0110100:7 0110101:1 0110110:3 0110111:3 0111000:1 0111001:2 0111010:2 0111011:1 0111101:2 0111110:1 1000000:2473 1000010:2 1000011:1 1000100:1 1000101:1 1000110:1 1000111:1 1001000:4 1001001:1 1001010:3 1001011:5 1001100:5 1001101:4 1001110:6 1001111:5 1010000:6 1010001:12 1010010:21 1010011:31 1010100:115 1010101:1690 1010110:418 1010111:78 1011000:29 1011001:16 1011010:15 1011011:5 1011100:4 1011101:6 1011110:2 1011111:1 1100000:4 1100001:5 1100010:7 1100011:1 1100100:3 1100101:5 1100110:9 1100111:18 1101000:27 1101001:70 1101010:402 1101011:1632 1101100:117 1101101:46 1101110:28 1101111:7 1110000:9 1110001:6 1110010:5 1110100:8 1110101:3 1110110:6 1110111:2 1111000:1 1111001:1 1111010:1 1111011:1 1111100:2 1111101:2 1111110:2 1111111:3 }

	Command being timed: "python3 shor.py 7"
	User time (seconds): 0.81
	System time (seconds): 0.86
	Percent of CPU this job got: 62%
	Elapsed (wall clock) time (h:mm:ss or m:ss): 0:02.69
	Average shared text size (kbytes): 0
	Average unshared data size (kbytes): 0
	Average stack size (kbytes): 0
	Average total size (kbytes): 0
	Maximum resident set size (kbytes): 597036
	Average resident set size (kbytes): 0
	Major (requiring I/O) page faults: 0
	Minor (reclaiming a frame) page faults: 68969
	Voluntary context switches: 3893
	Involuntary context switches: 28
	Swaps: 0
	File system inputs: 0
	File system outputs: 16
	Socket messages sent: 0
	Socket messages received: 0
	Signals delivered: 0
	Page size (bytes): 4096
	Exit status: 0
Measurement results for a=5 and N=21 with 7 qubits in the control register 
{ 0000000:2394 0000001:2 0000011:3 0000100:1 0000110:2 0000111:2 0001000:1 0001001:1 0001010:3 0001011:1 0001100:3 0001101:6 0001110:3 0001111:7 0010000:9 0010001:12 0010010:16 0010011:31 0010100:110 0010101:1728 0010110:462 0010111:67 0011000:31 0011001:19 0011010:10 0011011:10 0011100:10 0011101:8 0011110:3 0011111:5 0100000:5 0100001:5 0100010:12 0100011:4 0100100:5 0100101:10 0100110:12 0100111:17 0101000:29 0101001:68 0101010:455 0101011:1643 0101100:87 0101101:34 0101110:18 0101111:9 0110000:2 0110001:6 0110010:6 0110011:5 0110100:3 0110101:2 0110110:1 0110111:2 0111000:3 0111001:1 0111011:3 0111101:1 0111111:1 1000000:2511 1000001:2 1000100:2 1000110:1 1001000:5 1001001:1 1001011:1 1001100:1 1001101:1 1001110:4 1001111:5 1010000:6 1010001:9 1010010:14 1010011:43 1010100:118 1010101:1764 1010110:451 1010111:63 1011000:32 1011001:16 1011010:9 1011011:5 1011100:3 1011101:6 1011110:8 1011111:3 1100000:3 1100001:2 1100010:3 1100011:5 1100100:7 1100101:9 1100110:11 1100111:9 1101000:28 1101001:67 1101010:443 1101011:1718 1101100:104 1101101:34 1101110:16 1101111:10 1110000:10 1110001:4 1110010:4 1110011:4 1110100:1 1110101:3 1110110:2 1110111:2 1111000:1 1111001:2 1111010:1 1111011:1 1111100:1 1111110:1 1111111:1 }

	Command being timed: "python3 shor.py 7"
	User time (seconds): 0.79
	System time (seconds): 0.81
	Percent of CPU this job got: 74%
	Elapsed (wall clock) time (h:mm:ss or m:ss): 0:02.15
	Average shared text size (kbytes): 0
	Average unshared data size (kbytes): 0
	Average stack size (kbytes): 0
	Average total size (kbytes): 0
	Maximum resident set size (kbytes): 598560
	Average resident set size (kbytes): 0
	Major (requiring I/O) page faults: 0
	Minor (reclaiming a frame) page faults: 68234
	Voluntary context switches: 2049
	Involuntary context switches: 22
	Swaps: 0
	File system inputs: 0
	File system outputs: 16
	Socket messages sent: 0
	Socket messages received: 0
	Signals delivered: 0
	Page size (bytes): 4096
	Exit status: 0
Measurement results for a=5 and N=21 with 7 qubits in the control register 
{ 0000000:2484 0000001:4 0000011:1 0000100:3 0000101:1 0000110:2 0000111:3 0001000:1 0001001:3 0001010:4 0001011:4 0001100:3 0001101:1 0001110:4 0001111:4 0010000:7 0010001:4 0010010:20 0010011:34 0010100:117 0010101:1711 0010110:392 0010111:75 0011000:33 0011001:20 0011010:9 0011011:5 0011100:4 0011101:5 0011110:2 0011111:5 0100000:5 0100001:6 0100010:6 0100011:6 0100100:7 0100101:11 0100110:7 0100111:14 0101000:22 0101001:79 0101010:458 0101011:1714 0101100:102 0101101:31 0101110:15 0101111:17 0110000:8 0110001:8 0110010:3 0110011:2 0110100:4 0110101:3 0110110:2 0111001:1 0111010:4 0111011:1 0111100:1 0111101:1 0111110:3 0111111:3 1000000:2559 1000010:2 1000100:1 1000101:1 1000110:2 1001000:1 1001001:6 1001010:2 1001011:3 1001100:1 1001101:2 1001110:3 1001111:4 1010000:7 1010001:8 1010010:21 1010011:37 1010100:84 1010101:1681 1010110:445 1010111:60 1011000:28 1011001:18 1011010:8 1011011:11 1011100:7 1011101:4 1011110:9 1011111:8 1100000:8 1100001:1 1100010:4 1100011:2 1100100:13 1100101:9 1100110:8 1100111:16 1101000:28 1101001:74 1101010:424 1101011:1659 1101100:123 1101101:32 1101110:18 1101111:11 1110000:4 1110001:5 1110010:6 1110011:3 1110100:1 1110101:4 1110110:2 1110111:2 1111000:2 1111001:1 1111010:2 1111011:2 1111100:1 1111101:1 1111110:1 1111111:1 }

	Command being timed: "python3 shor.py 7"
	User time (seconds): 0.80
	System time (seconds): 0.78
	Percent of CPU this job got: 73%
	Elapsed (wall clock) time (h:mm:ss or m:ss): 0:02.15
	Average shared text size (kbytes): 0
	Average unshared data size (kbytes): 0
	Average stack size (kbytes): 0
	Average total size (kbytes): 0
	Maximum resident set size (kbytes): 597348
	Average resident set size (kbytes): 0
	Major (requiring I/O) page faults: 0
	Minor (reclaiming a frame) page faults: 66965
	Voluntary context switches: 2017
	Involuntary context switches: 24
	Swaps: 0
	File system inputs: 0
	File system outputs: 16
	Socket messages sent: 0
	Socket messages received: 0
	Signals delivered: 0
	Page size (bytes): 4096
	Exit status: 0
Measurement results for a=5 and N=21 with 7 qubits in the control register 
{ 0000000:2498 0000001:1 0000100:3 0000111:2 0001000:2 0001001:3 0001011:1 0001100:3 0001101:5 0001110:4 0001111:7 0010000:11 0010001:13 0010010:15 0010011:41 0010100:114 0010101:1684 0010110:429 0010111:52 0011000:37 0011001:15 0011010:10 0011011:8 0011100:9 0011101:4 0011110:6 0011111:7 0100000:4 0100001:5 0100010:4 0100011:1 0100100:5 0100101:9 0100110:9 0100111:12 0101000:26 0101001:72 0101010:419 0101011:1652 0101100:125 0101101:26 0101110:25 0101111:10 0110000:13 0110001:6 0110010:7 0110011:4 0110100:2 0110101:2 0110111:1 0111000:2 0111001:1 0111011:2 0111100:1 0111110:3 0111111:3 1000000:2551 1000001:1 1000100:2 1000101:1 1000111:3 1001000:1 1001001:3 1001010:1 1001011:4 1001100:2 1001101:2 1001110:5 1001111:3 1010000:5 1010001:13 1010010:16 1010011:26 1010100:94 1010101:1750 1010110:470 1010111:74 1011000:24 1011001:8 1011010:4 1011011:7 1011100:5 1011101:4 1011110:9 1011111:3 1100000:4 1100001:5 1100010:4 1100011:3 1100100:6 1100101:10 1100110:8 1100111:17 1101000:25 1101001:63 1101010:467 1101011:1670 1101100:99 1101101:28 1101110:19 1101111:11 1110000:4 1110001:2 1110010:4 1110011:3 1110100:4 1110101:3 1110110:2 1111000:3 1111001:4 1111010:2 1111101:2 1111111:2 }

	Command being timed: "python3 shor.py 7"
	User time (seconds): 0.81
	System time (seconds): 0.74
	Percent of CPU this job got: 72%
	Elapsed (wall clock) time (h:mm:ss or m:ss): 0:02.15
	Average shared text size (kbytes): 0
	Average unshared data size (kbytes): 0
	Average stack size (kbytes): 0
	Average total size (kbytes): 0
	Maximum resident set size (kbytes): 595980
	Average resident set size (kbytes): 0
	Major (requiring I/O) page faults: 0
	Minor (reclaiming a frame) page faults: 67665
	Voluntary context switches: 2069
	Involuntary context switches: 40
	Swaps: 0
	File system inputs: 0
	File system outputs: 16
	Socket messages sent: 0
	Socket messages received: 0
	Signals delivered: 0
	Page size (bytes): 4096
	Exit status: 0
Measurement results for a=5 and N=21 with 7 qubits in the control register 
{ 0000000:2413 0000001:1 0000010:3 0000011:2 0000100:1 0001000:1 0001001:4 0001010:1 0001011:2 0001100:3 0001101:3 0001110:5 0001111:3 0010000:6 0010001:16 0010010:14 0010011:33 0010100:114 0010101:1772 0010110:435 0010111:84 0011000:20 0011001:16 0011010:9 0011011:12 0011100:5 0011101:8 0011110:4 0011111:3 0100000:8 0100001:5 0100010:4 0100011:5 0100100:5 0100101:10 0100110:14 0100111:9 0101000:31 0101001:73 0101010:443 0101011:1711 0101100:114 0101101:47 0101110:20 0101111:15 0110000:11 0110001:5 0110010:1 0110011:4 0110100:2 0110110:6 0110111:2 0111000:1 0111010:1 0111011:1 0111100:2 0111101:4 0111110:3 0111111:1 1000000:2463 1000001:1 1000010:2 1000011:2 1000110:2 1000111:1 1001000:1 1001001:2 1001010:3 1001011:5 1001100:3 1001101:3 1001110:3 1001111:4 1010000:11 1010001:13 1010010:9 1010011:41 1010100:102 1010101:1715 1010110:404 1010111:70 1011000:30 1011001:12 1011010:9 1011011:5 1011100:7 1011101:11 1011110:3 1011111:2 1100000:5 1100001:4 1100010:2 1100011:2 1100100:7 1100101:5 1100110:5 1100111:16 1101000:29 1101001:69 1101010:413 1101011:1722 1101100:116 1101101:37 1101110:14 1101111:17 1110000:5 1110001:6 1110010:6 1110011:1 1110100:5 1110101:3 1110110:3 1110111:2 1111000:1 1111010:2 1111011:3 1111100:3 1111101:6 1111110:1 }

	Command being timed: "python3 shor.py 7"
	User time (seconds): 0.83
	System time (seconds): 0.78
	Percent of CPU this job got: 67%
	Elapsed (wall clock) time (h:mm:ss or m:ss): 0:02.38
	Average shared text size (kbytes): 0
	Average unshared data size (kbytes): 0
	Average stack size (kbytes): 0
	Average total size (kbytes): 0
	Maximum resident set size (kbytes): 595368
	Average resident set size (kbytes): 0
	Major (requiring I/O) page faults: 0
	Minor (reclaiming a frame) page faults: 67353
	Voluntary context switches: 2190
	Involuntary context switches: 21
	Swaps: 0
	File system inputs: 0
	File system outputs: 16
	Socket messages sent: 0
	Socket messages received: 0
	Signals delivered: 0
	Page size (bytes): 4096
	Exit status: 0
Measurement results for a=5 and N=21 with 7 qubits in the control register 
{ 0000000:2481 0000011:1 0000100:3 0000101:2 0000110:4 0000111:2 0001000:2 0001001:3 0001010:2 0001100:2 0001101:3 0001110:8 0001111:9 0010000:6 0010001:14 0010010:19 0010011:38 0010100:102 0010101:1724 0010110:397 0010111:74 0011000:28 0011001:14 0011010:7 0011011:11 0011100:6 0011101:4 0011110:3 0011111:3 0100000:3 0100001:5 0100010:9 0100011:4 0100100:3 0100101:6 0100110:6 0100111:6 0101000:22 0101001:52 0101010:400 0101011:1734 0101100:106 0101101:33 0101110:20 0101111:9 0110000:6 0110001:5 0110010:4 0110011:4 0110100:3 0110101:1 0110110:1 0110111:3 0111000:2 0111001:3 0111010:1 0111011:3 0111100:2 0111101:3 1000000:2541 1000011:2 1000100:2 1000101:3 1000110:3 1000111:1 1001000:2 1001001:1 1001010:5 1001011:2 1001100:4 1001101:3 1001110:8 1001111:2 1010000:7 1010001:9 1010010:19 1010011:37 1010100:128 1010101:1682 1010110:396 1010111:73 1011000:31 1011001:16 1011010:8 1011011:12 1011100:8 1011101:6 1011110:4 1011111:4 1100000:5 1100001:3 1100010:7 1100011:8 1100100:5 1100101:6 1100110:10 1100111:15 1101000:27 1101001:65 1101010:442 1101011:1734 1101100:112 1101101:42 1101110:13 1101111:8 1110000:6 1110001:9 1110010:5 1110011:1 1110100:3 1110101:4 1110110:2 1110111:3 1111000:1 1111001:3 1111010:1 1111011:3 1111100:1 1111101:1 1111110:3 1111111:2 }

	Command being timed: "python3 shor.py 7"
	User time (seconds): 0.82
	System time (seconds): 0.79
	Percent of CPU this job got: 76%
	Elapsed (wall clock) time (h:mm:ss or m:ss): 0:02.10
	Average shared text size (kbytes): 0
	Average unshared data size (kbytes): 0
	Average stack size (kbytes): 0
	Average total size (kbytes): 0
	Maximum resident set size (kbytes): 593888
	Average resident set size (kbytes): 0
	Major (requiring I/O) page faults: 0
	Minor (reclaiming a frame) page faults: 67570
	Voluntary context switches: 2182
	Involuntary context switches: 30
	Swaps: 0
	File system inputs: 0
	File system outputs: 16
	Socket messages sent: 0
	Socket messages received: 0
	Signals delivered: 0
	Page size (bytes): 4096
	Exit status: 0
Measurement results for a=5 and N=21 with 7 qubits in the control register 
{ 0000000:2531 0000010:3 0000011:3 0000100:1 0000101:1 0000110:1 0000111:2 0001000:2 0001001:4 0001010:2 0001011:3 0001100:1 0001101:5 0001110:1 0001111:4 0010000:6 0010001:14 0010010:18 0010011:32 0010100:85 0010101:1707 0010110:438 0010111:76 0011000:25 0011001:13 0011010:10 0011011:6 0011100:7 0011101:4 0011110:5 0011111:5 0100000:4 0100001:3 0100010:3 0100011:5 0100100:6 0100101:9 0100110:9 0100111:19 0101000:30 0101001:65 0101010:444 0101011:1636 0101100:105 0101101:31 0101110:14 0101111:16 0110000:9 0110001:4 0110010:2 0110011:4 0110100:4 0110110:4 0110111:2 0111000:2 0111001:2 0111011:1 0111110:1 0111111:2 1000000:2458 1000011:1 1000100:1 1000101:1 1000110:1 1000111:1 1001000:3 1001001:2 1001010:1 1001011:3 1001100:3 1001101:1 1001110:5 1001111:4 1010000:6 1010001:16 1010010:16 1010011:34 1010100:111 1010101:1723 1010110:436 1010111:76 1011000:35 1011001:21 1011010:6 1011011:7 1011100:5 1011101:7 1011110:7 1011111:3 1100000:5 1100001:1 1100010:3 1100011:6 1100100:4 1100101:6 1100110:13 1100111:22 1101000:27 1101001:70 1101010:433 1101011:1755 1101100:115 1101101:33 1101110:16 1101111:8 1110000:14 1110001:3 1110010:2 1110011:2 1110101:3 1110110:2 1110111:1 1111000:2 1111001:3 1111010:1 1111011:1 1111101:2 1111110:1 1111111:1 }

	Command being timed: "python3 shor.py 7"
	User time (seconds): 0.80
	System time (seconds): 0.75
	Percent of CPU this job got: 80%
	Elapsed (wall clock) time (h:mm:ss or m:ss): 0:01.93
	Average shared text size (kbytes): 0
	Average unshared data size (kbytes): 0
	Average stack size (kbytes): 0
	Average total size (kbytes): 0
	Maximum resident set size (kbytes): 599844
	Average resident set size (kbytes): 0
	Major (requiring I/O) page faults: 0
	Minor (reclaiming a frame) page faults: 67394
	Voluntary context switches: 2090
	Involuntary context switches: 25
	Swaps: 0
	File system inputs: 0
	File system outputs: 16
	Socket messages sent: 0
	Socket messages received: 0
	Signals delivered: 0
	Page size (bytes): 4096
	Exit status: 0
Measurement results for a=5 and N=21 with 7 qubits in the control register 
{ 0000000:2530 0000001:1 0000010:4 0000110:1 0000111:1 0001000:1 0001001:1 0001010:2 0001011:3 0001100:3 0001101:2 0001110:3 0001111:4 0010000:9 0010001:16 0010010:21 0010011:40 0010100:105 0010101:1668 0010110:438 0010111:61 0011000:36 0011001:22 0011010:15 0011011:5 0011100:5 0011101:3 0011110:6 0011111:6 0100000:5 0100001:5 0100010:2 0100011:4 0100100:12 0100101:6 0100110:9 0100111:15 0101000:31 0101001:80 0101010:428 0101011:1660 0101100:104 0101101:35 0101110:23 0101111:8 0110000:10 0110001:7 0110010:5 0110011:4 0110100:5 0110101:4 0110110:2 0110111:2 0111000:1 0111001:1 0111010:2 0111011:1 0111101:1 0111110:1 0111111:1 1000000:2551 1000001:1 1000010:1 1000100:1 1000101:1 1000110:4 1000111:4 1001000:3 1001001:5 1001010:2 1001011:2 1001101:6 1001110:4 1001111:4 1010000:6 1010001:9 1010010:20 1010011:30 1010100:124 1010101:1680 1010110:440 1010111:57 1011000:24 1011001:13 1011010:8 1011011:7 1011100:5 1011101:4 1011110:3 1011111:4 1100000:3 1100001:1 1100010:3 1100011:6 1100100:10 1100101:6 1100110:16 1100111:28 1101000:20 1101001:75 1101010:432 1101011:1657 1101100:122 1101101:36 1101110:22 1101111:17 1110000:7 1110001:6 1110010:3 1110011:4 1110100:6 1110110:2 1110111:5 1111001:1 1111010:1 1111100:1 1111111:1 }

	Command being timed: "python3 shor.py 7"
	User time (seconds): 0.82
	System time (seconds): 0.74
	Percent of CPU this job got: 79%
	Elapsed (wall clock) time (h:mm:ss or m:ss): 0:01.96
	Average shared text size (kbytes): 0
	Average unshared data size (kbytes): 0
	Average stack size (kbytes): 0
	Average total size (kbytes): 0
	Maximum resident set size (kbytes): 594048
	Average resident set size (kbytes): 0
	Major (requiring I/O) page faults: 0
	Minor (reclaiming a frame) page faults: 66631
	Voluntary context switches: 2094
	Involuntary context switches: 24
	Swaps: 0
	File system inputs: 0
	File system outputs: 16
	Socket messages sent: 0
	Socket messages received: 0
	Signals delivered: 0
	Page size (bytes): 4096
	Exit status: 0
Measurement results for a=5 and N=21 with 7 qubits in the control register 
{ 0000000:2492 0000001:1 0000010:2 0000011:1 0000100:3 0000110:3 0000111:2 0001000:2 0001010:1 0001011:2 0001100:3 0001101:3 0001110:1 0001111:4 0010000:9 0010001:10 0010010:25 0010011:25 0010100:100 0010101:1701 0010110:419 0010111:61 0011000:20 0011001:16 0011010:13 0011011:7 0011100:6 0011101:4 0011110:4 0011111:1 0100000:5 0100001:2 0100010:2 0100011:10 0100100:6 0100101:6 0100110:8 0100111:17 0101000:23 0101001:62 0101010:460 0101011:1715 0101100:141 0101101:33 0101110:23 0101111:13 0110000:11 0110001:5 0110010:2 0110011:5 0110100:3 0110110:5 0110111:2 0111000:3 0111010:1 0111011:3 0111100:1 0111101:2 0111110:1 0111111:2 1000000:2505 1000001:3 1000010:1 1000011:1 1000100:1 1000101:1 1000110:1 1000111:2 1001000:2 1001010:2 1001011:1 1001100:1 1001101:4 1001110:5 1001111:9 1010000:4 1010001:10 1010010:18 1010011:34 1010100:105 1010101:1701 1010110:412 1010111:64 1011000:38 1011001:20 1011010:14 1011011:13 1011100:5 1011101:7 1011110:7 1011111:3 1100000:6 1100001:5 1100010:2 1100011:7 1100100:2 1100101:5 1100110:9 1100111:13 1101000:37 1101001:71 1101010:437 1101011:1699 1101100:108 1101101:31 1101110:15 1101111:10 1110000:2 1110001:3 1110010:8 1110011:5 1110100:1 1110101:3 1110110:3 1110111:1 1111000:1 1111001:1 1111010:1 1111011:3 1111100:1 1111101:1 1111110:2 }

	Command being timed: "python3 shor.py 7"
	User time (seconds): 0.80
	System time (seconds): 0.76
	Percent of CPU this job got: 80%
	Elapsed (wall clock) time (h:mm:ss or m:ss): 0:01.93
	Average shared text size (kbytes): 0
	Average unshared data size (kbytes): 0
	Average stack size (kbytes): 0
	Average total size (kbytes): 0
	Maximum resident set size (kbytes): 595944
	Average resident set size (kbytes): 0
	Major (requiring I/O) page faults: 0
	Minor (reclaiming a frame) page faults: 67860
	Voluntary context switches: 2099
	Involuntary context switches: 22
	Swaps: 0
	File system inputs: 0
	File system outputs: 16
	Socket messages sent: 0
	Socket messages received: 0
	Signals delivered: 0
	Page size (bytes): 4096
	Exit status: 0
Measurement results for a=5 and N=21 with 7 qubits in the control register 
{ 0000000:2454 0000001:1 0000010:2 0000100:6 0000110:2 0001000:1 0001001:1 0001010:3 0001011:5 0001100:3 0001110:6 0001111:10 0010000:6 0010001:12 0010010:16 0010011:28 0010100:102 0010101:1758 0010110:441 0010111:76 0011000:20 0011001:13 0011010:8 0011011:6 0011100:4 0011101:4 0011110:3 0011111:6 0100000:1 0100001:1 0100010:5 0100011:3 0100100:6 0100101:6 0100110:7 0100111:11 0101000:23 0101001:75 0101010:444 0101011:1727 0101100:99 0101101:38 0101110:23 0101111:14 0110000:5 0110001:4 0110010:2 0110011:2 0110100:1 0110101:1 0110110:1 0110111:1 0111000:6 0111001:1 0111010:1 0111100:3 0111111:1 1000000:2490 1000001:3 1000010:2 1000011:1 1000100:1 1000101:1 1000111:1 1001000:1 1001001:3 1001010:1 1001011:1 1001100:5 1001101:2 1001110:6 1001111:4 1010000:9 1010001:11 1010010:18 1010011:28 1010100:117 1010101:1738 1010110:421 1010111:62 1011000:35 1011001:17 1011010:7 1011011:6 1011100:7 1011101:7 1011110:6 1011111:3 1100000:5 1100001:10 1100010:6 1100011:4 1100100:5 1100101:6 1100110:10 1100111:17 1101000:26 1101001:65 1101010:442 1101011:1660 1101100:118 1101101:35 1101110:14 1101111:17 1110000:8 1110001:5 1110010:5 1110011:2 1110100:2 1110101:1 1110110:2 1110111:2 1111000:4 1111010:2 1111011:1 1111100:2 1111101:1 }

	Command being timed: "python3 shor.py 7"
	User time (seconds): 0.82
	System time (seconds): 0.73
	Percent of CPU this job got: 80%
	Elapsed (wall clock) time (h:mm:ss or m:ss): 0:01.93
	Average shared text size (kbytes): 0
	Average unshared data size (kbytes): 0
	Average stack size (kbytes): 0
	Average total size (kbytes): 0
	Maximum resident set size (kbytes): 595856
	Average resident set size (kbytes): 0
	Major (requiring I/O) page faults: 0
	Minor (reclaiming a frame) page faults: 67745
	Voluntary context switches: 2103
	Involuntary context switches: 23
	Swaps: 0
	File system inputs: 0
	File system outputs: 16
	Socket messages sent: 0
	Socket messages received: 0
	Signals delivered: 0
	Page size (bytes): 4096
	Exit status: 0
