WARNING: overwriting environment variables set in the machine
overwriting variable ['LD_LIBRARY_PATH']
Measurement results for a=5 and N=21 with 16 qubits in the control register 
{ 0000000000000000:2538 0010101001001010:1 0010101001111011:3 0010101010010101:1 0010101010011100:2 0010101010011110:1 0010101010100000:2 0010101010100001:1 0010101010100010:4 0010101010100011:2 0010101010100100:7 0010101010100101:7 0010101010100110:10 0010101010100111:7 0010101010101000:28 0010101010101001:67 0010101010101010:427 0010101010101011:1702 0010101010101100:107 0010101010101101:32 0010101010101110:20 0010101010101111:7 0010101010110000:6 0010101010110001:7 0010101010110010:5 0010101010110011:1 0010101010110100:3 0010101010110101:2 0010101010110110:1 0010101010110111:1 0010101010111000:3 0010101010111001:1 0010101010111010:1 0010101010111011:1 0010101010111101:1 0010101010111110:1 0010101010111111:1 0010101011000001:1 0010101011000101:1 0010101011000111:1 0010101011010010:1 0010101100100010:1 0010101100101111:1 0101010000011100:1 0101010001100101:1 0101010010001011:1 0101010011011111:1 0101010100001100:1 0101010100100110:1 0101010100110111:1 0101010100111000:1 0101010100111010:1 0101010100111110:2 0101010100111111:2 0101010101000000:1 0101010101000010:3 0101010101000011:1 0101010101000110:2 0101010101001011:2 0101010101001100:1 0101010101001101:7 0101010101001110:4 0101010101001111:5 0101010101010000:4 0101010101010001:10 0101010101010010:28 0101010101010011:39 0101010101010100:116 0101010101010101:1716 0101010101010110:424 0101010101010111:54 0101010101011000:27 0101010101011001:10 0101010101011010:11 0101010101011011:6 0101010101011100:4 0101010101011101:3 0101010101011110:3 0101010101100000:5 0101010101100001:1 0101010101100100:2 0101010101100101:1 0101010101100110:2 0101010101100111:2 0101010101101000:1 0101010101101011:1 0101010101101111:1 0101010101110110:1 0101010101111000:1 0101010101111010:1 0101010101111111:1 0101010110000000:1 0101011000100111:1 1000000000000000:2459 1010101001101101:1 1010101001111000:1 1010101001111001:1 1010101001111101:1 1010101010001010:2 1010101010001101:1 1010101010010010:1 1010101010010101:2 1010101010011000:1 1010101010011011:1 1010101010011101:1 1010101010011110:2 1010101010011111:1 1010101010100000:1 1010101010100001:1 1010101010100010:5 1010101010100011:6 1010101010100100:3 1010101010100101:5 1010101010100110:9 1010101010100111:20 1010101010101000:23 1010101010101001:51 1010101010101010:436 1010101010101011:1699 1010101010101100:110 1010101010101101:33 1010101010101110:17 1010101010101111:7 1010101010110000:11 1010101010110001:4 1010101010110010:6 1010101010110011:1 1010101010110100:5 1010101010110101:1 1010101010110110:1 1010101010111011:1 1010101010111100:3 1010101010111101:1 1010101011000001:1 1010101011001010:1 1010101011001110:1 1010101011010110:1 1010101011100001:1 1010101011100011:1 1010101100001010:1 1010101100011110:1 1101001110111011:1 1101010100101010:1 1101010100101110:1 1101010100101111:1 1101010100110010:1 1101010100111001:2 1101010100111101:1 1101010101000001:1 1101010101000010:1 1101010101000100:1 1101010101000110:1 1101010101000111:2 1101010101001000:1 1101010101001001:1 1101010101001010:4 1101010101001011:4 1101010101001100:2 1101010101001101:1 1101010101001110:4 1101010101001111:2 1101010101010000:11 1101010101010001:15 1101010101010010:15 1101010101010011:35 1101010101010100:104 1101010101010101:1722 1101010101010110:427 1101010101010111:73 1101010101011000:27 1101010101011001:12 1101010101011010:9 1101010101011011:7 1101010101011100:7 1101010101011101:3 1101010101011110:3 1101010101011111:3 1101010101100000:3 1101010101100001:2 1101010101100011:1 1101010101100100:2 1101010101101000:1 1101010101101001:1 1101010101101010:1 1101010101101110:2 1101010101110000:1 1101010101110010:1 1101010110111101:1 1101011000001100:1 1101011100000001:1 }

	Command being timed: "python3 shor.py 16"
	User time (seconds): 30.82
	System time (seconds): 1.65
	Percent of CPU this job got: 97%
	Elapsed (wall clock) time (h:mm:ss or m:ss): 0:33.22
	Average shared text size (kbytes): 0
	Average unshared data size (kbytes): 0
	Average stack size (kbytes): 0
	Average total size (kbytes): 0
	Maximum resident set size (kbytes): 1722112
	Average resident set size (kbytes): 0
	Major (requiring I/O) page faults: 0
	Minor (reclaiming a frame) page faults: 1201072
	Voluntary context switches: 4266
	Involuntary context switches: 432
	Swaps: 0
	File system inputs: 0
	File system outputs: 16
	Socket messages sent: 0
	Socket messages received: 0
	Signals delivered: 0
	Page size (bytes): 4096
	Exit status: 0
Measurement results for a=5 and N=21 with 16 qubits in the control register 
{ 0000000000000000:2488 0010010011011001:1 0010101000111111:1 0010101001010011:1 0010101001011010:1 0010101001111000:1 0010101010000001:1 0010101010010011:1 0010101010010100:1 0010101010010101:1 0010101010011001:1 0010101010011011:1 0010101010011110:2 0010101010011111:2 0010101010100001:3 0010101010100010:3 0010101010100011:1 0010101010100100:6 0010101010100101:8 0010101010100110:9 0010101010100111:16 0010101010101000:37 0010101010101001:70 0010101010101010:466 0010101010101011:1613 0010101010101100:88 0010101010101101:28 0010101010101110:17 0010101010101111:10 0010101010110000:13 0010101010110001:9 0010101010110010:3 0010101010110011:2 0010101010110100:1 0010101010110101:2 0010101010110110:2 0010101010110111:2 0010101010111000:2 0010101010111001:2 0010101010111010:1 0010101010111011:1 0010101010111100:1 0010101010111101:1 0010101011000001:1 0010101011000011:1 0010101011010001:1 0010101011011000:1 0010101011111101:1 0010101100000111:1 0010101100010101:1 0010101100011010:1 0010101101011011:1 0010110000000110:1 0101010100000010:1 0101010100011000:1 0101010100100011:1 0101010100101100:1 0101010100110010:1 0101010100111001:1 0101010100111101:1 0101010101000000:1 0101010101000101:2 0101010101001000:2 0101010101001001:2 0101010101001010:2 0101010101001011:2 0101010101001100:2 0101010101001101:1 0101010101001110:2 0101010101001111:4 0101010101010000:9 0101010101010001:12 0101010101010010:10 0101010101010011:43 0101010101010100:110 0101010101010101:1681 0101010101010110:426 0101010101010111:74 0101010101011000:27 0101010101011001:18 0101010101011010:10 0101010101011011:3 0101010101011100:4 0101010101011101:3 0101010101011110:2 0101010101011111:1 0101010101100000:5 0101010101100001:1 0101010101100010:1 0101010101100011:2 0101010101100101:2 0101010101101011:1 0101010101101100:1 0101010101101101:1 0101010101110010:1 0101010101111011:1 0101010110001010:1 0101010110010011:1 0101011011010100:1 0101011101111110:1 0101101101110011:1 1000000000000000:2575 1010101001011111:1 1010101001111010:1 1010101010000000:1 1010101010001110:1 1010101010010011:1 1010101010010100:1 1010101010010110:1 1010101010010111:2 1010101010011000:1 1010101010011100:2 1010101010011110:1 1010101010011111:1 1010101010100000:4 1010101010100001:3 1010101010100010:1 1010101010100011:5 1010101010100100:5 1010101010100101:7 1010101010100110:9 1010101010100111:16 1010101010101000:24 1010101010101001:75 1010101010101010:401 1010101010101011:1669 1010101010101100:131 1010101010101101:51 1010101010101110:23 1010101010101111:14 1010101010110000:10 1010101010110001:7 1010101010110010:6 1010101010110011:5 1010101010110100:2 1010101010110101:2 1010101010110110:2 1010101010110111:1 1010101010111000:2 1010101010111010:2 1010101010111011:1 1010101010111100:1 1010101011000001:1 1010101011001110:1 1010101011010100:1 1010101011010101:1 1010101011011011:1 1010101100110110:1 1010110001001001:1 1101001011111110:1 1101010000111011:1 1101010100100101:1 1101010100101001:1 1101010100110111:1 1101010100111000:1 1101010100111110:1 1101010101000000:1 1101010101000001:1 1101010101000101:1 1101010101000111:1 1101010101001001:1 1101010101001010:1 1101010101001100:3 1101010101001101:2 1101010101001110:2 1101010101001111:1 1101010101010000:8 1101010101010001:7 1101010101010010:14 1101010101010011:36 1101010101010100:87 1101010101010101:1717 1101010101010110:460 1101010101010111:85 1101010101011000:31 1101010101011001:11 1101010101011010:6 1101010101011011:8 1101010101011100:2 1101010101011101:2 1101010101011110:1 1101010101011111:5 1101010101100000:1 1101010101100001:1 1101010101100010:1 1101010101100100:1 1101010101101000:1 1101010101110001:1 1101010101110010:1 1101010101111001:1 1101010101111101:1 1101010110000101:1 1101010110001001:1 1101010110010111:1 1101011000101011:1 }

	Command being timed: "python3 shor.py 16"
	User time (seconds): 31.01
	System time (seconds): 1.57
	Percent of CPU this job got: 98%
	Elapsed (wall clock) time (h:mm:ss or m:ss): 0:33.02
	Average shared text size (kbytes): 0
	Average unshared data size (kbytes): 0
	Average stack size (kbytes): 0
	Average total size (kbytes): 0
	Maximum resident set size (kbytes): 1723376
	Average resident set size (kbytes): 0
	Major (requiring I/O) page faults: 0
	Minor (reclaiming a frame) page faults: 1190649
	Voluntary context switches: 3128
	Involuntary context switches: 435
	Swaps: 0
	File system inputs: 0
	File system outputs: 24
	Socket messages sent: 0
	Socket messages received: 0
	Signals delivered: 0
	Page size (bytes): 4096
	Exit status: 0
Measurement results for a=5 and N=21 with 16 qubits in the control register 
{ 0000000000000000:2548 0010101000111011:1 0010101010000000:1 0010101010000101:1 0010101010000110:1 0010101010010000:1 0010101010010011:1 0010101010010100:1 0010101010010110:1 0010101010010111:1 0010101010011001:1 0010101010011010:1 0010101010011011:2 0010101010011101:1 0010101010011111:1 0010101010100000:2 0010101010100001:2 0010101010100010:2 0010101010100011:2 0010101010100100:5 0010101010100101:2 0010101010100110:15 0010101010100111:13 0010101010101000:35 0010101010101001:71 0010101010101010:425 0010101010101011:1745 0010101010101100:96 0010101010101101:42 0010101010101110:16 0010101010101111:7 0010101010110000:9 0010101010110001:7 0010101010110010:3 0010101010110011:11 0010101010110100:5 0010101010110101:3 0010101010110110:1 0010101010110111:1 0010101010111000:1 0010101010111001:1 0010101010111010:1 0010101010111101:1 0010101010111110:1 0010101011000000:1 0010101011000100:1 0010101011000111:1 0010101011001100:1 0010101011001110:1 0010101011001111:1 0010101011010110:1 0010101011011001:1 0010101100000000:1 0010101100001001:1 0010101101101111:1 0101010100000111:1 0101010100011000:1 0101010100011101:1 0101010100100111:1 0101010100110010:1 0101010100111101:1 0101010101000100:1 0101010101000110:1 0101010101000111:1 0101010101001000:3 0101010101001001:4 0101010101001010:3 0101010101001011:2 0101010101001100:3 0101010101001101:1 0101010101001110:6 0101010101001111:9 0101010101010000:11 0101010101010001:3 0101010101010010:18 0101010101010011:27 0101010101010100:118 0101010101010101:1710 0101010101010110:438 0101010101010111:77 0101010101011000:21 0101010101011001:9 0101010101011010:9 0101010101011011:6 0101010101011100:6 0101010101011110:1 0101010101100001:4 0101010101100010:2 0101010101100100:2 0101010101100101:1 0101010101101001:1 0101010101101010:1 0101010101101100:1 0101010101110100:2 0101010101110111:1 0101010101111011:1 0101010110001010:1 0101010110011011:1 1000000000000000:2430 1010100101001100:1 1010100111110110:1 1010101000100010:1 1010101000101110:1 1010101000110111:1 1010101000111110:1 1010101001100000:1 1010101001101000:2 1010101001111000:1 1010101001111101:1 1010101010000011:1 1010101010000101:1 1010101010001000:1 1010101010001011:1 1010101010001111:2 1010101010010011:1 1010101010010110:1 1010101010011001:1 1010101010011011:1 1010101010011101:1 1010101010011110:3 1010101010100000:3 1010101010100001:4 1010101010100010:3 1010101010100011:3 1010101010100100:2 1010101010100101:5 1010101010100110:7 1010101010100111:11 1010101010101000:28 1010101010101001:71 1010101010101010:458 1010101010101011:1681 1010101010101100:100 1010101010101101:30 1010101010101110:18 1010101010101111:19 1010101010110000:7 1010101010110001:4 1010101010110010:3 1010101010110011:5 1010101010110100:1 1010101010110101:4 1010101010110110:3 1010101010111000:3 1010101010111001:1 1010101010111010:2 1010101010111011:1 1010101010111101:1 1010101010111110:1 1010101011000000:2 1010101011000011:1 1010101011010000:1 1010101100101100:1 1011000011101011:1 1101010000101010:1 1101010010000100:1 1101010011001111:1 1101010100101110:1 1101010100101111:1 1101010100110010:1 1101010100111011:2 1101010100111100:1 1101010100111110:1 1101010101000000:1 1101010101000001:1 1101010101000111:1 1101010101001000:5 1101010101001010:2 1101010101001011:2 1101010101001100:2 1101010101001101:1 1101010101001110:3 1101010101001111:5 1101010101010000:6 1101010101010001:4 1101010101010010:21 1101010101010011:41 1101010101010100:117 1101010101010101:1672 1101010101010110:399 1101010101010111:65 1101010101011000:29 1101010101011001:20 1101010101011010:8 1101010101011011:5 1101010101011100:8 1101010101011101:4 1101010101011110:3 1101010101100000:1 1101010101100001:2 1101010101100010:2 1101010101100101:1 1101010101100111:1 1101010101101000:1 1101010101101010:1 1101010101101100:1 1101010101110011:1 1101010110000000:1 1101010110000110:1 1101100001110100:1 }

	Command being timed: "python3 shor.py 16"
	User time (seconds): 31.08
	System time (seconds): 1.71
	Percent of CPU this job got: 98%
	Elapsed (wall clock) time (h:mm:ss or m:ss): 0:33.22
	Average shared text size (kbytes): 0
	Average unshared data size (kbytes): 0
	Average stack size (kbytes): 0
	Average total size (kbytes): 0
	Maximum resident set size (kbytes): 1724252
	Average resident set size (kbytes): 0
	Major (requiring I/O) page faults: 0
	Minor (reclaiming a frame) page faults: 1192318
	Voluntary context switches: 2520
	Involuntary context switches: 450
	Swaps: 0
	File system inputs: 0
	File system outputs: 24
	Socket messages sent: 0
	Socket messages received: 0
	Signals delivered: 0
	Page size (bytes): 4096
	Exit status: 0
Measurement results for a=5 and N=21 with 16 qubits in the control register 
{ 0000000000000000:2461 0010001101110011:1 0010100000011101:1 0010101001000010:1 0010101001110111:1 0010101010001001:1 0010101010001110:1 0010101010010011:1 0010101010010100:1 0010101010010101:1 0010101010010110:1 0010101010011000:1 0010101010011010:2 0010101010011011:1 0010101010011100:1 0010101010011111:1 0010101010100000:3 0010101010100001:3 0010101010100010:2 0010101010100011:6 0010101010100100:1 0010101010100101:3 0010101010100110:6 0010101010100111:13 0010101010101000:22 0010101010101001:87 0010101010101010:413 0010101010101011:1713 0010101010101100:105 0010101010101101:29 0010101010101110:11 0010101010101111:10 0010101010110000:5 0010101010110001:9 0010101010110010:3 0010101010110011:5 0010101010110100:2 0010101010110101:2 0010101010110110:1 0010101010111001:2 0010101010111011:1 0010101010111100:2 0010101010111111:2 0010101011000010:1 0010101011000101:1 0010101011010010:1 0010101011011010:1 0010101011011110:1 0010101011100000:1 0010101011101011:1 0010101011111011:1 0010101100010100:1 0010101100111111:1 0010101101010011:1 0010101101101100:1 0101010011110000:1 0101010011111110:1 0101010100001101:1 0101010100011111:1 0101010100100100:1 0101010100110010:1 0101010100111001:1 0101010100111101:1 0101010100111111:1 0101010101000010:1 0101010101000100:2 0101010101000101:2 0101010101000111:1 0101010101001000:3 0101010101001010:2 0101010101001011:5 0101010101001100:1 0101010101001101:4 0101010101001110:3 0101010101001111:3 0101010101010000:6 0101010101010001:11 0101010101010010:13 0101010101010011:23 0101010101010100:111 0101010101010101:1734 0101010101010110:446 0101010101010111:56 0101010101011000:24 0101010101011001:11 0101010101011010:8 0101010101011011:6 0101010101011100:6 0101010101011101:2 0101010101011110:3 0101010101011111:2 0101010101100000:2 0101010101100001:1 0101010101100011:2 0101010101100100:1 0101010101100110:1 0101010101101001:1 0101010101101110:1 0101010101101111:1 0101010101111001:1 0101010110000000:1 0101010110000100:2 0101010110100010:1 0101011001111100:1 0101011011101010:1 0111101111111110:1 1000000000000000:2470 1010101001001011:1 1010101001101111:1 1010101001111011:1 1010101001111101:1 1010101010000110:1 1010101010001010:2 1010101010001100:1 1010101010001111:1 1010101010010001:2 1010101010011010:1 1010101010011011:2 1010101010011100:3 1010101010011101:3 1010101010011110:1 1010101010100000:1 1010101010100001:2 1010101010100010:3 1010101010100011:2 1010101010100100:5 1010101010100101:6 1010101010100110:8 1010101010100111:18 1010101010101000:22 1010101010101001:77 1010101010101010:461 1010101010101011:1733 1010101010101100:124 1010101010101101:37 1010101010101110:25 1010101010101111:8 1010101010110000:8 1010101010110001:6 1010101010110010:6 1010101010110101:2 1010101010110110:2 1010101010110111:1 1010101010111000:1 1010101010111001:3 1010101010111011:1 1010101010111100:1 1010101010111101:1 1010101011010111:1 1010101100111101:1 1010101101010010:1 1010110010010001:1 1101010011110110:1 1101010100001001:1 1101010100001100:2 1101010100101100:1 1101010100110010:1 1101010100110110:2 1101010100110111:1 1101010100111111:2 1101010101000000:2 1101010101000001:1 1101010101000010:1 1101010101000101:1 1101010101000110:4 1101010101001010:1 1101010101001011:2 1101010101001100:1 1101010101001101:4 1101010101001110:5 1101010101001111:3 1101010101010000:12 1101010101010001:8 1101010101010010:16 1101010101010011:40 1101010101010100:107 1101010101010101:1700 1101010101010110:397 1101010101010111:82 1101010101011000:20 1101010101011001:21 1101010101011010:12 1101010101011011:3 1101010101011100:3 1101010101011101:2 1101010101011110:3 1101010101011111:1 1101010101100001:1 1101010101100011:1 1101010101100100:1 1101010101101001:1 1101010101101101:1 1101010101101110:1 1101010101110000:1 1101010101110101:1 1101010101111000:1 1101010110000000:1 1101010110110100:1 1101011011010001:1 }

	Command being timed: "python3 shor.py 16"
	User time (seconds): 30.96
	System time (seconds): 1.66
	Percent of CPU this job got: 98%
	Elapsed (wall clock) time (h:mm:ss or m:ss): 0:33.04
	Average shared text size (kbytes): 0
	Average unshared data size (kbytes): 0
	Average stack size (kbytes): 0
	Average total size (kbytes): 0
	Maximum resident set size (kbytes): 1723280
	Average resident set size (kbytes): 0
	Major (requiring I/O) page faults: 0
	Minor (reclaiming a frame) page faults: 1205264
	Voluntary context switches: 3130
	Involuntary context switches: 433
	Swaps: 0
	File system inputs: 0
	File system outputs: 24
	Socket messages sent: 0
	Socket messages received: 0
	Signals delivered: 0
	Page size (bytes): 4096
	Exit status: 0
Measurement results for a=5 and N=21 with 16 qubits in the control register 
{ 0000000000000000:2538 0010101000000110:1 0010101000110101:1 0010101001011011:2 0010101001110110:1 0010101001110111:1 0010101001111010:1 0010101010000100:1 0010101010000101:1 0010101010010011:1 0010101010011001:1 0010101010011010:1 0010101010011011:1 0010101010011101:1 0010101010011110:2 0010101010011111:3 0010101010100000:2 0010101010100001:3 0010101010100010:4 0010101010100011:4 0010101010100100:3 0010101010100101:7 0010101010100110:11 0010101010100111:10 0010101010101000:24 0010101010101001:56 0010101010101010:447 0010101010101011:1696 0010101010101100:113 0010101010101101:25 0010101010101110:15 0010101010101111:11 0010101010110000:4 0010101010110001:5 0010101010110010:2 0010101010110011:3 0010101010110100:1 0010101010110101:3 0010101010111001:2 0010101010111010:1 0010101010111100:1 0010101010111101:1 0010101011000101:1 0010101011000111:1 0010101011001010:1 0010101011001011:1 0010101011011001:2 0010101011100111:1 0010101100101100:1 0010101101100010:1 0010111011110000:1 0101001111110011:1 0101010000101100:1 0101010011010011:1 0101010011100000:1 0101010011101111:1 0101010100000001:1 0101010100101000:1 0101010100101011:1 0101010100111001:1 0101010100111011:1 0101010100111101:1 0101010100111111:3 0101010101000001:2 0101010101000010:1 0101010101000011:1 0101010101000100:1 0101010101001000:1 0101010101001001:1 0101010101001011:5 0101010101001100:2 0101010101001101:2 0101010101001110:2 0101010101001111:6 0101010101010000:7 0101010101010001:8 0101010101010010:14 0101010101010011:25 0101010101010100:99 0101010101010101:1659 0101010101010110:461 0101010101010111:60 0101010101011000:25 0101010101011001:9 0101010101011010:4 0101010101011011:8 0101010101011100:5 0101010101011101:2 0101010101011110:1 0101010101011111:4 0101010101100000:4 0101010101100001:1 0101010101100010:4 0101010101100011:1 0101010101100101:1 0101010101101000:1 0101010101101011:1 0101010101101110:1 0101010101101111:1 0101010101110011:1 0101010101111001:1 0101010101111011:1 0101010101111100:1 0101010110000000:1 0101010110000001:1 0101010110001100:1 0101010110010011:1 0101010110110101:1 0101010110111100:1 0101011000100100:1 1000000000000000:2564 1010101001110001:1 1010101010000010:1 1010101010001011:1 1010101010010001:2 1010101010010101:1 1010101010010110:1 1010101010011010:1 1010101010011100:1 1010101010011110:1 1010101010100000:1 1010101010100001:3 1010101010100010:2 1010101010100011:7 1010101010100100:8 1010101010100101:6 1010101010100110:9 1010101010100111:13 1010101010101000:26 1010101010101001:72 1010101010101010:427 1010101010101011:1702 1010101010101100:103 1010101010101101:26 1010101010101110:17 1010101010101111:5 1010101010110000:1 1010101010110001:3 1010101010110010:2 1010101010110011:3 1010101010110110:3 1010101010111000:1 1010101010111010:3 1010101010111011:1 1010101010111100:1 1010101010111101:1 1010101010111110:1 1010101010111111:1 1010101011000010:3 1010101011001000:1 1010101011011011:1 1010101011011100:1 1010101011100110:1 1010101100100000:1 1010101100100100:1 1101010100011101:1 1101010100110011:1 1101010100110101:1 1101010100110110:1 1101010100111001:1 1101010101000000:1 1101010101000001:1 1101010101000101:2 1101010101000110:1 1101010101000111:3 1101010101001000:2 1101010101001001:1 1101010101001011:2 1101010101001100:1 1101010101001101:1 1101010101001110:1 1101010101001111:4 1101010101010000:8 1101010101010001:16 1101010101010010:14 1101010101010011:30 1101010101010100:106 1101010101010101:1745 1101010101010110:422 1101010101010111:61 1101010101011000:20 1101010101011001:9 1101010101011010:6 1101010101011011:4 1101010101011100:2 1101010101011101:3 1101010101011111:1 1101010101100000:3 1101010101100001:3 1101010101100011:1 1101010101100100:1 1101010101100101:2 1101010101100110:2 1101010101101110:1 1101010101110001:1 1101010101110011:1 1101010101110100:1 1101010101111000:1 1101010101111100:1 1101010110001000:1 1101010110111011:1 1101011101011001:1 }

	Command being timed: "python3 shor.py 16"
	User time (seconds): 29.80
	System time (seconds): 1.57
	Percent of CPU this job got: 98%
	Elapsed (wall clock) time (h:mm:ss or m:ss): 0:31.79
	Average shared text size (kbytes): 0
	Average unshared data size (kbytes): 0
	Average stack size (kbytes): 0
	Average total size (kbytes): 0
	Maximum resident set size (kbytes): 1722904
	Average resident set size (kbytes): 0
	Major (requiring I/O) page faults: 0
	Minor (reclaiming a frame) page faults: 1179738
	Voluntary context switches: 2515
	Involuntary context switches: 421
	Swaps: 0
	File system inputs: 0
	File system outputs: 24
	Socket messages sent: 0
	Socket messages received: 0
	Signals delivered: 0
	Page size (bytes): 4096
	Exit status: 0
Measurement results for a=5 and N=21 with 16 qubits in the control register 
{ 0000000000000000:2485 0000011010011011:1 0010100000101000:1 0010101001101111:1 0010101010000000:1 0010101010001011:1 0010101010001111:1 0010101010010111:2 0010101010011000:4 0010101010011010:2 0010101010011110:1 0010101010100000:1 0010101010100001:1 0010101010100010:2 0010101010100011:6 0010101010100100:3 0010101010100101:5 0010101010100110:12 0010101010100111:16 0010101010101000:34 0010101010101001:75 0010101010101010:428 0010101010101011:1774 0010101010101100:110 0010101010101101:37 0010101010101110:20 0010101010101111:7 0010101010110000:8 0010101010110001:5 0010101010110010:2 0010101010110011:3 0010101010110100:2 0010101010110101:2 0010101010110110:3 0010101010110111:2 0010101010111000:1 0010101010111010:1 0010101010111011:1 0010101010111101:1 0010101011000000:1 0010101011000010:1 0010101011010110:1 0010101011011000:1 0101010001000010:1 0101010001010001:1 0101010100011100:1 0101010100101000:1 0101010100101011:2 0101010100110100:1 0101010101000000:1 0101010101000100:1 0101010101000111:2 0101010101001000:4 0101010101001001:1 0101010101001010:1 0101010101001011:4 0101010101001100:2 0101010101001101:3 0101010101001110:3 0101010101001111:6 0101010101010000:3 0101010101010001:14 0101010101010010:12 0101010101010011:33 0101010101010100:99 0101010101010101:1742 0101010101010110:425 0101010101010111:63 0101010101011000:25 0101010101011001:7 0101010101011010:10 0101010101011011:4 0101010101011100:7 0101010101011101:4 0101010101011110:5 0101010101011111:3 0101010101100001:1 0101010101100010:1 0101010101100011:1 0101010101100100:1 0101010101100101:1 0101010101100111:1 0101010101101000:2 0101010101101001:1 0101010101110000:1 0101010101110011:1 0101010101111001:2 0101010110000100:1 0101010110001001:1 0101010110010011:1 0101010110100101:1 0101010110101101:1 0101010111000001:1 0101011001101111:1 0101011001110001:1 1000000000000000:2555 1010100111011110:1 1010101010001110:1 1010101010010000:1 1010101010010011:2 1010101010010111:2 1010101010011001:1 1010101010011101:1 1010101010011110:1 1010101010011111:3 1010101010100000:2 1010101010100001:1 1010101010100010:1 1010101010100011:3 1010101010100100:2 1010101010100101:7 1010101010100110:10 1010101010100111:8 1010101010101000:28 1010101010101001:70 1010101010101010:416 1010101010101011:1636 1010101010101100:118 1010101010101101:35 1010101010101110:7 1010101010101111:11 1010101010110000:4 1010101010110010:7 1010101010110011:3 1010101010110100:3 1010101010110101:2 1010101010111000:3 1010101010111010:3 1010101010111100:2 1010101010111111:2 1010101011000010:1 1010101011000100:2 1010101011000110:1 1010101011000111:1 1010101011001100:1 1010101011001111:1 1010101011101110:1 1010101100001111:1 1011000011001001:1 1100111111000110:1 1101010100011110:2 1101010100110011:1 1101010100110101:2 1101010100110111:1 1101010101000001:1 1101010101000111:1 1101010101001000:4 1101010101001010:1 1101010101001011:2 1101010101001100:3 1101010101001101:2 1101010101001110:3 1101010101001111:3 1101010101010000:3 1101010101010001:10 1101010101010010:11 1101010101010011:41 1101010101010100:105 1101010101010101:1695 1101010101010110:427 1101010101010111:68 1101010101011000:16 1101010101011001:16 1101010101011010:7 1101010101011011:9 1101010101011100:2 1101010101011101:1 1101010101011110:2 1101010101011111:1 1101010101100000:1 1101010101100001:1 1101010101100010:3 1101010101100011:2 1101010101100101:1 1101010101101001:1 1101010101110011:1 1101010101111011:1 1101010101111101:1 1101010110001101:1 1101010110010101:1 1101010110110001:1 1101010111001111:1 1101010111010100:1 1101011011000001:1 1101100000111110:1 }

	Command being timed: "python3 shor.py 16"
	User time (seconds): 29.59
	System time (seconds): 1.63
	Percent of CPU this job got: 98%
	Elapsed (wall clock) time (h:mm:ss or m:ss): 0:31.76
	Average shared text size (kbytes): 0
	Average unshared data size (kbytes): 0
	Average stack size (kbytes): 0
	Average total size (kbytes): 0
	Maximum resident set size (kbytes): 1724740
	Average resident set size (kbytes): 0
	Major (requiring I/O) page faults: 0
	Minor (reclaiming a frame) page faults: 1187385
	Voluntary context switches: 3206
	Involuntary context switches: 407
	Swaps: 0
	File system inputs: 0
	File system outputs: 24
	Socket messages sent: 0
	Socket messages received: 0
	Signals delivered: 0
	Page size (bytes): 4096
	Exit status: 0
Measurement results for a=5 and N=21 with 16 qubits in the control register 
{ 0000000000000000:2486 0010011110000101:1 0010101001101011:1 0010101010000001:1 0010101010000010:1 0010101010000110:1 0010101010000111:1 0010101010001000:1 0010101010001010:1 0010101010010101:1 0010101010011010:1 0010101010011110:1 0010101010100000:1 0010101010100001:4 0010101010100010:2 0010101010100011:5 0010101010100100:4 0010101010100101:8 0010101010100110:14 0010101010100111:5 0010101010101000:33 0010101010101001:70 0010101010101010:418 0010101010101011:1738 0010101010101100:115 0010101010101101:36 0010101010101110:22 0010101010101111:9 0010101010110000:3 0010101010110001:3 0010101010110010:3 0010101010110011:3 0010101010110101:1 0010101010111000:1 0010101010111010:3 0010101010111100:1 0010101010111101:1 0010101010111110:1 0010101011000010:1 0010101011000110:2 0010101011011101:1 0010101011100001:1 0010101011101010:1 0010101011110110:1 0010101100001001:1 0101010100010100:1 0101010100011000:1 0101010100101110:1 0101010100111101:1 0101010100111111:3 0101010101000100:1 0101010101000110:2 0101010101001000:1 0101010101001001:1 0101010101001011:1 0101010101001100:2 0101010101001101:3 0101010101001110:4 0101010101001111:2 0101010101010000:8 0101010101010001:7 0101010101010010:17 0101010101010011:41 0101010101010100:110 0101010101010101:1669 0101010101010110:418 0101010101010111:62 0101010101011000:25 0101010101011001:9 0101010101011010:7 0101010101011011:3 0101010101011100:5 0101010101011101:1 0101010101011110:2 0101010101011111:3 0101010101100000:1 0101010101100010:1 0101010101100100:3 0101010101100110:2 0101010101101011:2 0101010101101100:1 0101010101101111:1 0101010101111010:2 0101010110010101:1 0101010110011101:1 0101010110110111:1 0101010111010110:1 0101011000100010:1 1000000000000000:2550 1010101001100000:1 1010101001110000:1 1010101001110110:1 1010101010000110:1 1010101010000111:1 1010101010010101:1 1010101010011011:1 1010101010011100:3 1010101010011111:2 1010101010100000:3 1010101010100001:1 1010101010100010:5 1010101010100011:2 1010101010100100:1 1010101010100101:4 1010101010100110:6 1010101010100111:16 1010101010101000:24 1010101010101001:74 1010101010101010:433 1010101010101011:1719 1010101010101100:117 1010101010101101:39 1010101010101110:13 1010101010101111:10 1010101010110000:4 1010101010110001:5 1010101010110010:4 1010101010110011:4 1010101010110100:3 1010101010110101:3 1010101010110110:2 1010101010110111:1 1010101010111000:4 1010101010111011:1 1010101010111110:1 1010101011000001:1 1010101011000010:1 1010101011000100:1 1010101011001001:1 1010101011010110:1 1010101011011001:1 1010101011110101:1 1010101011111101:1 1010101100000010:1 1010101100000110:1 1010101100100111:1 1101010100110000:2 1101010100110100:1 1101010100111111:1 1101010101000001:1 1101010101000010:1 1101010101000110:1 1101010101000111:1 1101010101001000:4 1101010101001001:2 1101010101001010:1 1101010101001100:3 1101010101001101:3 1101010101001110:3 1101010101001111:3 1101010101010000:7 1101010101010001:7 1101010101010010:27 1101010101010011:43 1101010101010100:105 1101010101010101:1712 1101010101010110:419 1101010101010111:65 1101010101011000:20 1101010101011001:12 1101010101011010:6 1101010101011011:7 1101010101011100:3 1101010101011101:5 1101010101011110:1 1101010101011111:4 1101010101100000:1 1101010101100001:3 1101010101100010:2 1101010101100011:1 1101010101100100:2 1101010101100101:1 1101010101100110:2 1101010101101011:1 1101010101110010:1 1101010101110100:1 1101010101111010:1 1101010110001000:1 1101010110100100:1 1101011000111101:1 1101011001000010:1 }

	Command being timed: "python3 shor.py 16"
	User time (seconds): 29.62
	System time (seconds): 1.60
	Percent of CPU this job got: 98%
	Elapsed (wall clock) time (h:mm:ss or m:ss): 0:31.64
	Average shared text size (kbytes): 0
	Average unshared data size (kbytes): 0
	Average stack size (kbytes): 0
	Average total size (kbytes): 0
	Maximum resident set size (kbytes): 1721484
	Average resident set size (kbytes): 0
	Major (requiring I/O) page faults: 0
	Minor (reclaiming a frame) page faults: 1169975
	Voluntary context switches: 2518
	Involuntary context switches: 422
	Swaps: 0
	File system inputs: 0
	File system outputs: 24
	Socket messages sent: 0
	Socket messages received: 0
	Signals delivered: 0
	Page size (bytes): 4096
	Exit status: 0
Measurement results for a=5 and N=21 with 16 qubits in the control register 
{ 0000000000000000:2489 0010101000111100:1 0010101000111111:1 0010101001001001:1 0010101001111111:1 0010101010001011:1 0010101010001110:1 0010101010010000:1 0010101010010011:1 0010101010011001:1 0010101010011010:1 0010101010011011:2 0010101010011100:1 0010101010011111:2 0010101010100000:1 0010101010100001:1 0010101010100011:2 0010101010100100:8 0010101010100101:2 0010101010100110:7 0010101010100111:13 0010101010101000:25 0010101010101001:77 0010101010101010:418 0010101010101011:1718 0010101010101100:93 0010101010101101:42 0010101010101110:23 0010101010101111:14 0010101010110000:4 0010101010110001:9 0010101010110010:2 0010101010110011:1 0010101010110100:3 0010101010110110:3 0010101010110111:3 0010101010111000:2 0010101010111001:2 0010101010111010:3 0010101010111100:1 0010101010111111:1 0010101011000001:2 0010101011000100:1 0010101011010100:2 0010101011111111:1 0010101100000110:1 0101010001101000:1 0101010011001101:1 0101010100110000:1 0101010100111001:2 0101010100111100:1 0101010101000010:1 0101010101000100:1 0101010101001000:2 0101010101001010:1 0101010101001011:3 0101010101001100:5 0101010101001101:2 0101010101001110:6 0101010101001111:3 0101010101010000:9 0101010101010001:7 0101010101010010:19 0101010101010011:36 0101010101010100:110 0101010101010101:1735 0101010101010110:457 0101010101010111:72 0101010101011000:35 0101010101011001:15 0101010101011010:8 0101010101011011:7 0101010101011100:4 0101010101011101:3 0101010101011110:3 0101010101011111:6 0101010101100010:2 0101010101100100:3 0101010101100101:2 0101010101101000:1 0101010101101010:1 0101010101101101:1 0101010101101111:1 0101010101110000:1 0101010101110001:1 0101010101110010:2 0101010101110110:1 0101010101111010:1 0101010110000000:1 0101010110000001:1 0101010110001110:1 0101010110010000:1 0101010110111010:1 0101010111011010:1 0101010111111111:1 0101011110111010:1 1000000000000000:2497 1010101001111100:2 1010101010000010:1 1010101010001000:1 1010101010001001:1 1010101010001011:1 1010101010010011:1 1010101010010100:3 1010101010011001:1 1010101010011010:1 1010101010011011:1 1010101010011101:3 1010101010011110:3 1010101010100000:3 1010101010100001:1 1010101010100010:2 1010101010100011:1 1010101010100100:3 1010101010100101:6 1010101010100110:11 1010101010100111:18 1010101010101000:21 1010101010101001:71 1010101010101010:443 1010101010101011:1702 1010101010101100:101 1010101010101101:32 1010101010101110:16 1010101010101111:8 1010101010110000:5 1010101010110001:5 1010101010110010:4 1010101010110011:2 1010101010110100:1 1010101010110101:1 1010101010110110:4 1010101010111101:2 1010101010111110:1 1010101011000001:1 1010101011000110:1 1010101011000111:1 1010101011010100:1 1010101100001010:1 1010101100011110:1 1011000111000111:1 1101010010001000:1 1101010100001000:1 1101010100010000:1 1101010100011110:1 1101010100011111:1 1101010100100111:1 1101010100101100:1 1101010100101111:1 1101010100110000:1 1101010100110101:1 1101010100111011:2 1101010100111110:1 1101010101000000:2 1101010101000011:1 1101010101001010:1 1101010101001011:1 1101010101001100:2 1101010101001110:7 1101010101001111:10 1101010101010000:7 1101010101010001:7 1101010101010010:16 1101010101010011:42 1101010101010100:98 1101010101010101:1669 1101010101010110:412 1101010101010111:77 1101010101011000:24 1101010101011001:13 1101010101011010:8 1101010101011011:8 1101010101011100:3 1101010101011101:1 1101010101011110:1 1101010101011111:1 1101010101100001:1 1101010101100010:2 1101010101100011:1 1101010101100101:2 1101010101100110:1 1101010101101010:1 1101010101101101:1 1101010101101110:1 1101010101110010:1 1101010101110110:1 1101010101111110:1 1101010110001011:1 1101010110011000:1 1101010110011001:1 1101010110011110:1 1101010110100001:1 1101010110101111:1 }

	Command being timed: "python3 shor.py 16"
	User time (seconds): 29.64
	System time (seconds): 1.63
	Percent of CPU this job got: 98%
	Elapsed (wall clock) time (h:mm:ss or m:ss): 0:31.70
	Average shared text size (kbytes): 0
	Average unshared data size (kbytes): 0
	Average stack size (kbytes): 0
	Average total size (kbytes): 0
	Maximum resident set size (kbytes): 1717664
	Average resident set size (kbytes): 0
	Major (requiring I/O) page faults: 0
	Minor (reclaiming a frame) page faults: 1169859
	Voluntary context switches: 3123
	Involuntary context switches: 421
	Swaps: 0
	File system inputs: 0
	File system outputs: 24
	Socket messages sent: 0
	Socket messages received: 0
	Signals delivered: 0
	Page size (bytes): 4096
	Exit status: 0
Measurement results for a=5 and N=21 with 16 qubits in the control register 
{ 0000000000000000:2568 0010011101001000:1 0010101001011011:1 0010101010001001:1 0010101010001100:1 0010101010011110:1 0010101010011111:1 0010101010100000:1 0010101010100001:2 0010101010100010:1 0010101010100011:4 0010101010100100:7 0010101010100101:5 0010101010100110:6 0010101010100111:13 0010101010101000:29 0010101010101001:67 0010101010101010:428 0010101010101011:1688 0010101010101100:114 0010101010101101:33 0010101010101110:17 0010101010101111:18 0010101010110000:5 0010101010110001:6 0010101010110010:6 0010101010110011:2 0010101010110101:1 0010101010110110:2 0010101010110111:2 0010101010111000:1 0010101010111010:1 0010101010111101:3 0010101010111111:1 0010101011000011:1 0010101011001110:1 0010101011010010:1 0010101011011101:1 0010101011111101:1 0010101011111111:1 0010101110000111:1 0010110011010100:1 0101010001101001:1 0101010011110001:1 0101010100011011:2 0101010100011101:1 0101010100110001:1 0101010100111100:2 0101010101000000:2 0101010101000001:2 0101010101000011:1 0101010101000100:2 0101010101000101:1 0101010101000110:3 0101010101001010:1 0101010101001011:2 0101010101001100:3 0101010101001101:2 0101010101001110:3 0101010101001111:6 0101010101010000:8 0101010101010001:12 0101010101010010:16 0101010101010011:36 0101010101010100:100 0101010101010101:1714 0101010101010110:384 0101010101010111:65 0101010101011000:26 0101010101011001:17 0101010101011010:8 0101010101011011:4 0101010101011100:5 0101010101011101:4 0101010101011110:3 0101010101011111:4 0101010101100000:2 0101010101100010:2 0101010101100011:2 0101010101100100:1 0101010101100110:2 0101010101100111:1 0101010101101110:1 0101010101110001:1 0101010101110101:1 0101010110000111:1 0101010110110111:1 0101010111101110:1 0101010111110000:1 0101011000111010:1 0101011001011010:1 1000000000000000:2546 1010100111110111:1 1010101001010100:1 1010101001111010:1 1010101010001001:1 1010101010010001:1 1010101010010101:2 1010101010010110:1 1010101010010111:1 1010101010011000:1 1010101010011010:3 1010101010011100:1 1010101010011101:1 1010101010011111:1 1010101010100000:2 1010101010100010:2 1010101010100011:5 1010101010100100:5 1010101010100101:4 1010101010100110:10 1010101010100111:12 1010101010101000:32 1010101010101001:62 1010101010101010:399 1010101010101011:1774 1010101010101100:105 1010101010101101:28 1010101010101110:12 1010101010101111:9 1010101010110000:11 1010101010110001:4 1010101010110010:3 1010101010110011:4 1010101010110100:5 1010101010110101:4 1010101010111011:4 1010101010111110:1 1010101010111111:1 1010101011001000:1 1010101011010001:1 1010101011010100:1 1010101011100011:1 1010101011110001:1 1010101100010101:1 1101010001101111:1 1101010011010010:1 1101010011100110:1 1101010011111001:1 1101010100100111:1 1101010100101000:1 1101010100101010:1 1101010100101101:1 1101010100110010:1 1101010100111010:1 1101010101000000:1 1101010101000010:1 1101010101000011:1 1101010101000110:1 1101010101000111:2 1101010101001001:4 1101010101001010:1 1101010101001011:1 1101010101001100:1 1101010101001101:2 1101010101001110:1 1101010101001111:3 1101010101010000:7 1101010101010001:5 1101010101010010:18 1101010101010011:44 1101010101010100:97 1101010101010101:1689 1101010101010110:386 1101010101010111:65 1101010101011000:18 1101010101011001:16 1101010101011010:9 1101010101011011:7 1101010101011100:4 1101010101011101:7 1101010101011110:4 1101010101100000:3 1101010101100001:2 1101010101100010:1 1101010101100100:3 1101010101100101:1 1101010101100110:1 1101010101101000:1 1101010101101100:4 1101010101101110:1 1101010101101111:1 1101010101110100:1 1101010110010000:1 1101010110110101:1 1101010111100110:1 1101010111110001:1 }

	Command being timed: "python3 shor.py 16"
	User time (seconds): 29.70
	System time (seconds): 1.60
	Percent of CPU this job got: 98%
	Elapsed (wall clock) time (h:mm:ss or m:ss): 0:31.71
	Average shared text size (kbytes): 0
	Average unshared data size (kbytes): 0
	Average stack size (kbytes): 0
	Average total size (kbytes): 0
	Maximum resident set size (kbytes): 1718960
	Average resident set size (kbytes): 0
	Major (requiring I/O) page faults: 0
	Minor (reclaiming a frame) page faults: 1177335
	Voluntary context switches: 2517
	Involuntary context switches: 424
	Swaps: 0
	File system inputs: 0
	File system outputs: 24
	Socket messages sent: 0
	Socket messages received: 0
	Signals delivered: 0
	Page size (bytes): 4096
	Exit status: 0
Measurement results for a=5 and N=21 with 16 qubits in the control register 
{ 0000000000000000:2523 0010100101111000:1 0010101001000111:1 0010101001010011:1 0010101001010100:1 0010101001110010:1 0010101001110101:1 0010101010000101:1 0010101010001110:1 0010101010010010:1 0010101010010101:1 0010101010010110:1 0010101010010111:1 0010101010011000:1 0010101010011001:1 0010101010011010:1 0010101010011011:3 0010101010011101:1 0010101010011110:2 0010101010011111:2 0010101010100001:3 0010101010100010:2 0010101010100011:3 0010101010100100:3 0010101010100101:8 0010101010100110:9 0010101010100111:10 0010101010101000:32 0010101010101001:80 0010101010101010:417 0010101010101011:1689 0010101010101100:115 0010101010101101:27 0010101010101110:18 0010101010101111:15 0010101010110000:5 0010101010110001:4 0010101010110010:3 0010101010110100:1 0010101010110101:2 0010101010111000:1 0010101010111001:1 0010101010111100:1 0010101010111101:1 0010101011000000:1 0010101011000001:1 0010101011000011:1 0010101011000101:2 0010101011000110:1 0010101011001111:1 0010101011010101:1 0010101011100010:2 0101010001111001:1 0101010010000110:1 0101010100010101:1 0101010100100101:1 0101010100110001:3 0101010100110100:2 0101010100110101:1 0101010100111101:2 0101010100111110:2 0101010100111111:1 0101010101000000:1 0101010101000010:2 0101010101000011:1 0101010101000110:3 0101010101000111:1 0101010101001001:1 0101010101001010:2 0101010101001011:4 0101010101001100:1 0101010101001101:3 0101010101001110:4 0101010101001111:1 0101010101010000:3 0101010101010001:9 0101010101010010:17 0101010101010011:29 0101010101010100:100 0101010101010101:1684 0101010101010110:420 0101010101010111:79 0101010101011000:23 0101010101011001:16 0101010101011010:8 0101010101011011:2 0101010101011100:5 0101010101011110:1 0101010101011111:2 0101010101100000:2 0101010101100001:3 0101010101100010:2 0101010101100110:1 0101010101101001:2 0101010101101011:1 0101010101101100:1 0101010101101101:1 0101010101110001:1 0101010101110110:1 0101010101111011:1 0101010101111111:1 0101010110000101:1 0101010110001001:1 0101010110001110:1 0101010110100001:1 0101100000111101:1 1000000000000000:2533 1010100000000000:1 1010100000101111:1 1010100111111100:1 1010101000001111:1 1010101001101101:1 1010101010001000:1 1010101010001110:2 1010101010010001:1 1010101010010100:1 1010101010010101:1 1010101010010110:2 1010101010011000:1 1010101010011010:2 1010101010011101:2 1010101010011111:1 1010101010100000:2 1010101010100001:4 1010101010100010:3 1010101010100011:4 1010101010100100:7 1010101010100101:8 1010101010100110:10 1010101010100111:12 1010101010101000:23 1010101010101001:64 1010101010101010:473 1010101010101011:1663 1010101010101100:121 1010101010101101:33 1010101010101110:14 1010101010101111:10 1010101010110000:5 1010101010110001:6 1010101010110010:4 1010101010110011:4 1010101010110100:1 1010101010110101:2 1010101010110110:1 1010101010111000:1 1010101010111001:1 1010101010111010:1 1010101010111011:1 1010101011000001:1 1010101011000100:1 1010101011010100:1 1010101011010111:1 1010101011011101:1 1010101011101001:1 1010101011110000:1 1010101100011110:1 1010101100111101:1 1010101110011101:1 1101000111101011:1 1101001110100101:1 1101001111010010:1 1101001111010011:1 1101010011010000:1 1101010100011001:1 1101010100110101:1 1101010100111001:1 1101010100111100:1 1101010101000000:1 1101010101000011:1 1101010101000110:1 1101010101001010:1 1101010101001011:2 1101010101001100:1 1101010101001101:5 1101010101001110:2 1101010101001111:3 1101010101010000:7 1101010101010001:10 1101010101010010:17 1101010101010011:34 1101010101010100:110 1101010101010101:1676 1101010101010110:441 1101010101010111:74 1101010101011000:29 1101010101011001:16 1101010101011010:7 1101010101011011:4 1101010101011100:3 1101010101011101:5 1101010101011110:2 1101010101011111:2 1101010101100000:1 1101010101100010:3 1101010101100011:2 1101010101100101:2 1101010101100110:2 1101010101101000:1 1101010101101001:1 1101010101101010:4 1101010101101011:1 1101010101101111:1 1101010101110011:1 1101010101110100:1 1101010101110101:2 1101010101111001:1 1101010101111100:1 1101010101111111:1 1101010110000101:1 1101010110001101:1 1101010110110001:1 1101010110110100:1 1101010111001001:1 1101010111010001:1 1101010111100100:1 }

	Command being timed: "python3 shor.py 16"
	User time (seconds): 29.61
	System time (seconds): 1.62
	Percent of CPU this job got: 98%
	Elapsed (wall clock) time (h:mm:ss or m:ss): 0:31.75
	Average shared text size (kbytes): 0
	Average unshared data size (kbytes): 0
	Average stack size (kbytes): 0
	Average total size (kbytes): 0
	Maximum resident set size (kbytes): 1719844
	Average resident set size (kbytes): 0
	Major (requiring I/O) page faults: 0
	Minor (reclaiming a frame) page faults: 1175136
	Voluntary context switches: 3123
	Involuntary context switches: 421
	Swaps: 0
	File system inputs: 0
	File system outputs: 24
	Socket messages sent: 0
	Socket messages received: 0
	Signals delivered: 0
	Page size (bytes): 4096
	Exit status: 0
