WARNING: overwriting environment variables set in the machine
overwriting variable ['LD_LIBRARY_PATH']
Measurement results for a=5 and N=21 with 18 qubits in the control register 
{ 000000000000000000:2461 001010101000110101:1 001010101000110110:1 001010101001110101:1 001010101010000101:1 001010101010001000:1 001010101010001101:1 001010101010001110:1 001010101010010001:1 001010101010010110:1 001010101010010111:2 001010101010011000:3 001010101010011011:1 001010101010011100:2 001010101010011101:1 001010101010011110:2 001010101010011111:1 001010101010100000:2 001010101010100001:3 001010101010100010:2 001010101010100011:4 001010101010100100:2 001010101010100101:4 001010101010100110:6 001010101010100111:13 001010101010101000:32 001010101010101001:74 001010101010101010:398 001010101010101011:1726 001010101010101100:119 001010101010101101:32 001010101010101110:8 001010101010101111:6 001010101010110000:12 001010101010110001:4 001010101010110010:4 001010101010110011:5 001010101010110100:1 001010101010110110:1 001010101010110111:1 001010101010111000:2 001010101010111001:1 001010101010111010:2 001010101010111100:1 001010101010111110:1 001010101010111111:1 001010101011000000:1 001010101011000101:1 001010101011000111:1 001010101011001110:1 001010101011010100:1 001010101011011000:1 001010101011011010:1 001010101100100111:1 001010101100101111:1 001010101111010000:1 010101010100011010:1 010101010100100100:1 010101010100110000:1 010101010100111010:1 010101010101000011:1 010101010101000100:2 010101010101000101:1 010101010101000110:1 010101010101000111:1 010101010101001010:2 010101010101001011:1 010101010101001100:1 010101010101001101:4 010101010101001110:6 010101010101001111:6 010101010101010000:4 010101010101010001:14 010101010101010010:18 010101010101010011:28 010101010101010100:106 010101010101010101:1717 010101010101010110:379 010101010101010111:82 010101010101011000:36 010101010101011001:10 010101010101011010:9 010101010101011011:6 010101010101011100:8 010101010101011101:4 010101010101011110:1 010101010101011111:6 010101010101100000:2 010101010101100001:1 010101010101100011:1 010101010101100100:1 010101010101100101:1 010101010101100110:2 010101010101101001:1 010101010101110000:1 010101010101111011:2 010101010110001011:1 010101010110011110:1 010101010110100110:1 010101011000100011:1 100000000000000000:2501 101010101001011011:1 101010101001100011:1 101010101001101011:1 101010101001111100:1 101010101010001010:1 101010101010010111:1 101010101010011001:2 101010101010011011:1 101010101010011100:4 101010101010011101:2 101010101010100001:1 101010101010100010:1 101010101010100011:3 101010101010100100:2 101010101010100101:2 101010101010100110:5 101010101010100111:14 101010101010101000:35 101010101010101001:59 101010101010101010:441 101010101010101011:1737 101010101010101100:99 101010101010101101:24 101010101010101110:29 101010101010101111:16 101010101010110000:8 101010101010110001:5 101010101010110010:4 101010101010110011:1 101010101010110100:2 101010101010110101:7 101010101010110110:1 101010101010110111:3 101010101010111001:1 101010101010111011:1 101010101010111100:1 101010101010111101:1 101010101011000001:1 101010101011001000:1 101010101011001100:1 101010101011100001:1 101010101100000000:1 101010101100000100:1 101010101100110011:1 101010101101001001:1 110101010011011110:1 110101010011111001:1 110101010100010000:1 110101010100011100:1 110101010100100110:1 110101010100101000:1 110101010100101101:2 110101010100110011:1 110101010100111100:1 110101010101000010:1 110101010101000100:1 110101010101001000:2 110101010101001010:1 110101010101001011:1 110101010101001100:1 110101010101001101:2 110101010101001110:11 110101010101001111:4 110101010101010000:7 110101010101010001:11 110101010101010010:14 110101010101010011:25 110101010101010100:100 110101010101010101:1769 110101010101010110:415 110101010101010111:67 110101010101011000:24 110101010101011001:14 110101010101011010:5 110101010101011011:14 110101010101011100:8 110101010101011101:6 110101010101011110:6 110101010101011111:2 110101010101100001:3 110101010101100010:2 110101010101100011:1 110101010101101001:1 110101010101101110:2 110101010101110100:1 110101010101110111:1 110101010101111001:1 110101010101111100:1 110101010110000000:1 110101010110101110:1 110101010110111111:1 110101010111000010:1 110101010111011000:1 110101011100001001:1 }

	Command being timed: "python3 shor.py 18"
	User time (seconds): 817.05
	System time (seconds): 7.70
	Percent of CPU this job got: 99%
	Elapsed (wall clock) time (h:mm:ss or m:ss): 13:50.67
	Average shared text size (kbytes): 0
	Average unshared data size (kbytes): 0
	Average stack size (kbytes): 0
	Average total size (kbytes): 0
	Maximum resident set size (kbytes): 5370684
	Average resident set size (kbytes): 0
	Major (requiring I/O) page faults: 0
	Minor (reclaiming a frame) page faults: 9162476
	Voluntary context switches: 19606
	Involuntary context switches: 12363
	Swaps: 0
	File system inputs: 0
	File system outputs: 24
	Socket messages sent: 0
	Socket messages received: 0
	Signals delivered: 0
	Page size (bytes): 4096
	Exit status: 0
Measurement results for a=5 and N=21 with 18 qubits in the control register 
{ 000000000000000000:2493 001010101000010011:1 001010101001011001:1 001010101001100011:1 001010101010000100:1 001010101010001000:1 001010101010001011:1 001010101010001100:1 001010101010010001:1 001010101010010010:1 001010101010010111:1 001010101010011000:1 001010101010011001:2 001010101010011011:1 001010101010011100:4 001010101010011101:1 001010101010011110:2 001010101010011111:3 001010101010100000:1 001010101010100001:3 001010101010100010:4 001010101010100011:5 001010101010100100:7 001010101010100101:3 001010101010100110:8 001010101010100111:13 001010101010101000:23 001010101010101001:71 001010101010101010:433 001010101010101011:1731 001010101010101100:96 001010101010101101:29 001010101010101110:24 001010101010101111:12 001010101010110000:11 001010101010110001:5 001010101010110010:3 001010101010110011:7 001010101010110100:5 001010101010110101:2 001010101010110110:1 001010101010111001:1 001010101010111010:2 001010101010111011:1 001010101010111100:4 001010101010111101:2 001010101011001111:1 001010101011010000:1 001010101011010011:1 001010101011010100:1 001010101011110001:1 010101001000100110:1 010101001111000000:1 010101010011100001:1 010101010100001111:2 010101010100010100:1 010101010100011000:1 010101010100101001:1 010101010100110000:3 010101010100110001:1 010101010100110110:1 010101010100110111:1 010101010100111000:2 010101010100111001:1 010101010100111010:1 010101010100111011:1 010101010101000100:2 010101010101000101:1 010101010101001001:2 010101010101001010:1 010101010101001011:2 010101010101001101:1 010101010101001110:2 010101010101001111:4 010101010101010000:5 010101010101010001:11 010101010101010010:16 010101010101010011:27 010101010101010100:84 010101010101010101:1775 010101010101010110:417 010101010101010111:55 010101010101011000:27 010101010101011001:12 010101010101011010:8 010101010101011011:5 010101010101011100:5 010101010101011101:1 010101010101011110:3 010101010101100000:2 010101010101100001:1 010101010101100010:1 010101010101100101:1 010101010101100110:1 010101010101100111:1 010101010101101000:1 010101010101101001:1 010101010101101010:1 010101010101101011:2 010101010101101101:1 010101010101110011:1 010101010101110101:1 010101010101110111:1 010101010101111010:1 010101010110000110:1 010101010110100000:1 100000000000000000:2495 101010101001110101:1 101010101010001101:1 101010101010010000:1 101010101010010101:1 101010101010010111:2 101010101010011100:1 101010101010011101:1 101010101010100001:3 101010101010100010:2 101010101010100011:1 101010101010100100:5 101010101010100101:3 101010101010100110:9 101010101010100111:11 101010101010101000:21 101010101010101001:75 101010101010101010:419 101010101010101011:1683 101010101010101100:99 101010101010101101:39 101010101010101110:18 101010101010101111:8 101010101010110000:4 101010101010110001:10 101010101010110010:2 101010101010110011:2 101010101010110101:2 101010101010110110:1 101010101010110111:1 101010101010111010:2 101010101010111011:2 101010101010111110:1 101010101010111111:1 101010101011000001:1 101010101011001011:1 101010101011001111:1 101010101011101011:1 101010101011111000:1 101010101100000111:1 101010101100100000:1 101010101110001001:1 101010101110001011:1 110101010011101000:1 110101010100001001:1 110101010100011000:1 110101010100100000:1 110101010100100100:1 110101010100110010:1 110101010100110011:2 110101010100110100:1 110101010100111000:1 110101010100111011:2 110101010101000001:1 110101010101000010:1 110101010101000011:2 110101010101000101:1 110101010101000111:2 110101010101001100:1 110101010101001101:4 110101010101001110:3 110101010101001111:8 110101010101010000:9 110101010101010001:13 110101010101010010:19 110101010101010011:39 110101010101010100:93 110101010101010101:1746 110101010101010110:428 110101010101010111:72 110101010101011000:25 110101010101011001:12 110101010101011010:4 110101010101011011:6 110101010101011100:2 110101010101011101:2 110101010101011111:5 110101010101100000:2 110101010101100001:2 110101010101100011:2 110101010101100100:2 110101010101100101:1 110101010101101000:1 110101010101101110:1 110101010101110000:1 110101010101110100:1 110101010101111001:1 110101010101111010:1 110101010110000001:1 110101010110000100:1 110101010110001001:1 110101010110001110:1 110101010110011101:1 110101010110101001:1 }

	Command being timed: "python3 shor.py 18"
	User time (seconds): 925.54
	System time (seconds): 8.73
	Percent of CPU this job got: 99%
	Elapsed (wall clock) time (h:mm:ss or m:ss): 15:40.68
	Average shared text size (kbytes): 0
	Average unshared data size (kbytes): 0
	Average stack size (kbytes): 0
	Average total size (kbytes): 0
	Maximum resident set size (kbytes): 5369580
	Average resident set size (kbytes): 0
	Major (requiring I/O) page faults: 0
	Minor (reclaiming a frame) page faults: 9652698
	Voluntary context switches: 16790
	Involuntary context switches: 14081
	Swaps: 0
	File system inputs: 0
	File system outputs: 24
	Socket messages sent: 0
	Socket messages received: 0
	Signals delivered: 0
	Page size (bytes): 4096
	Exit status: 0
Measurement results for a=5 and N=21 with 18 qubits in the control register 
{ 000000000000000000:2459 001010011011111101:1 001010100111110101:1 001010101000011100:1 001010101001011011:1 001010101001110001:2 001010101001110101:1 001010101010000110:1 001010101010001001:1 001010101010001010:1 001010101010001100:1 001010101010001111:1 001010101010010001:1 001010101010010100:1 001010101010011011:6 001010101010011100:1 001010101010011101:1 001010101010100000:3 001010101010100001:2 001010101010100010:5 001010101010100011:3 001010101010100100:9 001010101010100101:8 001010101010100110:13 001010101010100111:13 001010101010101000:25 001010101010101001:71 001010101010101010:450 001010101010101011:1671 001010101010101100:118 001010101010101101:35 001010101010101110:22 001010101010101111:6 001010101010110000:7 001010101010110001:5 001010101010110010:1 001010101010110011:4 001010101010110101:2 001010101010110110:4 001010101010110111:3 001010101010111000:2 001010101010111001:1 001010101010111011:1 001010101010111100:1 001010101010111111:1 001010101011000100:1 001010101011001111:1 001010101011010111:1 001010101101010101:1 001010101111101111:1 010101001110001110:1 010101010011111000:1 010101010100011101:1 010101010100100100:1 010101010100110101:2 010101010100111110:1 010101010101000100:2 010101010101001001:1 010101010101001010:1 010101010101001011:1 010101010101001100:1 010101010101001101:3 010101010101001111:5 010101010101010000:2 010101010101010001:7 010101010101010010:18 010101010101010011:39 010101010101010100:108 010101010101010101:1705 010101010101010110:425 010101010101010111:74 010101010101011000:19 010101010101011001:18 010101010101011010:14 010101010101011011:2 010101010101011100:6 010101010101011101:1 010101010101011110:5 010101010101011111:3 010101010101100000:1 010101010101100001:2 010101010101100011:2 010101010101100100:1 010101010101100101:1 010101010101101010:2 010101010101101011:1 010101010101111110:1 010101010110101010:1 010101010111011101:1 010101011000001111:1 100000000000000000:2492 101010011100111101:1 101010100000100110:1 101010100010001110:1 101010100111111000:1 101010101001010010:1 101010101001101111:1 101010101001111100:1 101010101010010001:1 101010101010010100:1 101010101010010110:1 101010101010010111:1 101010101010011100:1 101010101010011101:2 101010101010011110:2 101010101010011111:2 101010101010100000:2 101010101010100001:3 101010101010100010:1 101010101010100011:3 101010101010100100:1 101010101010100101:4 101010101010100110:4 101010101010100111:10 101010101010101000:29 101010101010101001:72 101010101010101010:439 101010101010101011:1675 101010101010101100:108 101010101010101101:38 101010101010101110:16 101010101010101111:10 101010101010110000:6 101010101010110001:8 101010101010110010:1 101010101010110011:2 101010101010110100:3 101010101010110101:2 101010101010110110:2 101010101010110111:1 101010101010111001:1 101010101010111011:1 101010101010111101:1 101010101010111110:1 101010101011000010:1 101010101011010101:1 101010101011010110:1 101010101011011100:1 101010101100001101:2 101010110011111111:1 110101010100010110:1 110101010100100110:1 110101010100110000:2 110101010100110111:1 110101010100111010:1 110101010100111011:1 110101010101000000:1 110101010101000011:1 110101010101000110:1 110101010101001000:2 110101010101001001:1 110101010101001010:2 110101010101001011:4 110101010101001100:1 110101010101001101:2 110101010101001110:1 110101010101001111:4 110101010101010000:2 110101010101010001:9 110101010101010010:16 110101010101010011:28 110101010101010100:108 110101010101010101:1795 110101010101010110:431 110101010101010111:78 110101010101011000:26 110101010101011001:17 110101010101011010:10 110101010101011011:6 110101010101011100:4 110101010101011101:2 110101010101011110:5 110101010101011111:4 110101010101100000:3 110101010101100010:2 110101010101100011:1 110101010101100100:3 110101010101100101:1 110101010101100110:1 110101010101101011:1 110101010101101101:1 110101010101111011:2 110101010101111100:1 110101010110010010:1 110101010110011000:1 }

	Command being timed: "python3 shor.py 18"
	User time (seconds): 923.93
	System time (seconds): 8.70
	Percent of CPU this job got: 99%
	Elapsed (wall clock) time (h:mm:ss or m:ss): 15:39.10
	Average shared text size (kbytes): 0
	Average unshared data size (kbytes): 0
	Average stack size (kbytes): 0
	Average total size (kbytes): 0
	Maximum resident set size (kbytes): 5368980
	Average resident set size (kbytes): 0
	Major (requiring I/O) page faults: 0
	Minor (reclaiming a frame) page faults: 9786369
	Voluntary context switches: 16901
	Involuntary context switches: 14040
	Swaps: 0
	File system inputs: 0
	File system outputs: 24
	Socket messages sent: 0
	Socket messages received: 0
	Signals delivered: 0
	Page size (bytes): 4096
	Exit status: 0
Measurement results for a=5 and N=21 with 18 qubits in the control register 
{ 000000000000000000:2500 001010100010011011:1 001010100111000011:1 001010100111001000:1 001010100111110011:1 001010101000110110:1 001010101001110100:1 001010101001111110:1 001010101010001100:1 001010101010010000:1 001010101010010001:1 001010101010010011:1 001010101010010100:1 001010101010010110:1 001010101010010111:1 001010101010011000:1 001010101010011001:1 001010101010011011:1 001010101010011110:2 001010101010011111:2 001010101010100000:3 001010101010100010:3 001010101010100011:5 001010101010100100:5 001010101010100101:10 001010101010100110:7 001010101010100111:21 001010101010101000:25 001010101010101001:54 001010101010101010:424 001010101010101011:1674 001010101010101100:110 001010101010101101:51 001010101010101110:10 001010101010101111:11 001010101010110000:3 001010101010110001:5 001010101010110010:2 001010101010110011:1 001010101010110101:3 001010101010110110:3 001010101010110111:1 001010101010111000:2 001010101010111010:2 001010101010111110:1 001010101010111111:1 001010101011000000:1 001010101011000010:2 001010101011001000:1 001010101011011011:1 001010101011101000:1 001010101100100000:1 001010101101111111:1 010101010000101000:1 010101010010111010:1 010101010011000100:1 010101010100011010:1 010101010100011011:1 010101010100100000:1 010101010100100011:1 010101010100110010:1 010101010100110111:1 010101010100111110:1 010101010101000000:1 010101010101000001:1 010101010101000100:1 010101010101000110:1 010101010101001001:1 010101010101001011:2 010101010101001100:2 010101010101001101:3 010101010101001110:5 010101010101001111:4 010101010101010000:9 010101010101010001:13 010101010101010010:16 010101010101010011:29 010101010101010100:115 010101010101010101:1711 010101010101010110:411 010101010101010111:76 010101010101011000:27 010101010101011001:18 010101010101011010:9 010101010101011011:8 010101010101011100:1 010101010101011101:6 010101010101011111:4 010101010101100000:4 010101010101100001:3 010101010101100010:2 010101010101100100:1 010101010101100101:1 010101010101100110:1 010101010101101100:1 010101010101101110:1 010101010101110000:1 010101010101111011:1 010101010101111111:1 010101010110000010:1 010101010110101000:1 010101010110101101:1 010101011000010110:1 100000000000000000:2615 101010100100011010:1 101010101001111011:1 101010101010000100:1 101010101010001110:1 101010101010010101:1 101010101010011011:2 101010101010011111:2 101010101010100000:2 101010101010100001:1 101010101010100010:3 101010101010100011:2 101010101010100100:6 101010101010100101:8 101010101010100110:8 101010101010100111:12 101010101010101000:23 101010101010101001:56 101010101010101010:424 101010101010101011:1695 101010101010101100:117 101010101010101101:40 101010101010101110:22 101010101010101111:6 101010101010110000:7 101010101010110001:6 101010101010110010:6 101010101010110011:4 101010101010110100:4 101010101010110110:2 101010101010110111:1 101010101010111000:4 101010101010111011:1 101010101010111100:1 101010101010111101:1 101010101010111110:1 101010101010111111:2 101010101011000000:1 101010101011000001:1 101010101011000010:1 101010101011000101:1 101010101011000110:1 101010101011001110:1 101010101011010011:1 101010101011100000:1 101010101011100101:1 101010101011101011:1 101010101011111010:1 101010110011001010:1 110101010010001011:1 110101010011010110:1 110101010100010111:1 110101010100011011:1 110101010100101101:1 110101010100110010:1 110101010100111100:1 110101010100111110:1 110101010101000000:1 110101010101000001:1 110101010101000011:1 110101010101000110:2 110101010101000111:1 110101010101001000:2 110101010101001001:1 110101010101001010:1 110101010101001011:1 110101010101001100:1 110101010101001110:5 110101010101001111:4 110101010101010000:7 110101010101010001:12 110101010101010010:8 110101010101010011:26 110101010101010100:108 110101010101010101:1667 110101010101010110:416 110101010101010111:57 110101010101011000:31 110101010101011001:18 110101010101011010:8 110101010101011011:9 110101010101011100:4 110101010101011101:3 110101010101011110:5 110101010101011111:1 110101010101100001:1 110101010101100010:2 110101010101100011:1 110101010101100100:4 110101010101100111:1 110101010101101011:1 110101010101101100:1 110101010101101110:3 110101010101101111:1 110101010101110010:1 110101010101110101:1 110101010101111100:1 110101010110010000:1 }

	Command being timed: "python3 shor.py 18"
	User time (seconds): 937.13
	System time (seconds): 8.74
	Percent of CPU this job got: 99%
	Elapsed (wall clock) time (h:mm:ss or m:ss): 15:52.46
	Average shared text size (kbytes): 0
	Average unshared data size (kbytes): 0
	Average stack size (kbytes): 0
	Average total size (kbytes): 0
	Maximum resident set size (kbytes): 5370468
	Average resident set size (kbytes): 0
	Major (requiring I/O) page faults: 0
	Minor (reclaiming a frame) page faults: 9970095
	Voluntary context switches: 16925
	Involuntary context switches: 14091
	Swaps: 0
	File system inputs: 0
	File system outputs: 24
	Socket messages sent: 0
	Socket messages received: 0
	Signals delivered: 0
	Page size (bytes): 4096
	Exit status: 0
Measurement results for a=5 and N=21 with 18 qubits in the control register 
{ 000000000000000000:2512 001010100101011010:1 001010100111011111:1 001010100111101001:1 001010100111111101:1 001010101000011101:1 001010101001010010:1 001010101010000001:1 001010101010001100:1 001010101010001101:1 001010101010010010:1 001010101010010011:1 001010101010010101:1 001010101010010110:1 001010101010011000:1 001010101010011110:1 001010101010011111:1 001010101010100010:4 001010101010100011:5 001010101010100100:6 001010101010100101:5 001010101010100110:6 001010101010100111:18 001010101010101000:24 001010101010101001:75 001010101010101010:449 001010101010101011:1750 001010101010101100:121 001010101010101101:30 001010101010101110:16 001010101010101111:11 001010101010110000:5 001010101010110001:4 001010101010110010:3 001010101010110011:3 001010101010110100:2 001010101010110101:1 001010101010110110:3 001010101010111000:1 001010101010111010:1 001010101010111011:1 001010101010111100:2 001010101010111101:3 001010101011000000:1 001010101011000001:1 001010101011000100:1 001010101011001001:1 001010101011001110:1 001010101011001111:1 001010101011010011:1 001010101011010110:1 001010101011011000:1 001010101011101001:1 001010101011101100:1 001010101100001101:1 001010101101001010:1 001010111001000101:1 010101010000111011:1 010101010011011000:1 010101010100001010:1 010101010100001011:1 010101010100101001:1 010101010100111011:1 010101010100111111:1 010101010101000001:2 010101010101000100:1 010101010101001000:3 010101010101001001:1 010101010101001010:6 010101010101001011:3 010101010101001100:2 010101010101001101:2 010101010101001110:1 010101010101001111:5 010101010101010000:8 010101010101010001:11 010101010101010010:16 010101010101010011:30 010101010101010100:95 010101010101010101:1641 010101010101010110:430 010101010101010111:83 010101010101011000:33 010101010101011001:17 010101010101011010:2 010101010101011011:6 010101010101011100:3 010101010101011101:5 010101010101011110:1 010101010101011111:3 010101010101100000:1 010101010101100001:2 010101010101100010:1 010101010101100011:1 010101010101100101:1 010101010101100110:2 010101010101101111:1 010101010101110000:1 010101010101110001:1 010101010101110010:1 010101010101111010:2 010101010110000101:1 010101010110010000:1 010101010111010011:1 010101011100111011:1 010101111110110111:1 100000000000000000:2484 101001101111110010:1 101010101000110011:1 101010101001100000:1 101010101001101000:1 101010101001111101:1 101010101010001101:1 101010101010001111:1 101010101010010000:1 101010101010010001:1 101010101010010011:1 101010101010010101:1 101010101010010111:1 101010101010011011:1 101010101010011100:1 101010101010011101:1 101010101010011110:2 101010101010011111:1 101010101010100000:3 101010101010100001:2 101010101010100011:5 101010101010100100:8 101010101010100101:4 101010101010100110:3 101010101010100111:21 101010101010101000:30 101010101010101001:68 101010101010101010:386 101010101010101011:1700 101010101010101100:116 101010101010101101:32 101010101010101110:22 101010101010101111:10 101010101010110000:10 101010101010110001:3 101010101010110010:2 101010101010110011:2 101010101010110100:5 101010101010110101:2 101010101010110111:2 101010101010111000:5 101010101010111001:1 101010101010111011:2 101010101011000001:1 101010101011000010:1 101010101011000011:1 101010101011000100:1 101010101011000110:1 101010101011010101:1 101010101011011000:1 101010101011011110:1 101010101100011011:1 101010101100101110:1 110101001011110010:1 110101001100100001:1 110101001101000010:1 110101010000111001:1 110101010010110110:1 110101010011000011:1 110101010011100100:1 110101010100000011:1 110101010100110000:1 110101010100110110:1 110101010100110111:1 110101010100111000:1 110101010100111011:1 110101010100111110:1 110101010101000101:1 110101010101000111:3 110101010101001000:2 110101010101001001:4 110101010101001010:1 110101010101001011:5 110101010101001100:1 110101010101001101:5 110101010101001110:1 110101010101001111:5 110101010101010000:7 110101010101010001:9 110101010101010010:22 110101010101010011:29 110101010101010100:108 110101010101010101:1719 110101010101010110:414 110101010101010111:73 110101010101011000:28 110101010101011001:17 110101010101011010:6 110101010101011011:6 110101010101011100:6 110101010101011101:2 110101010101011110:4 110101010101011111:5 110101010101100000:1 110101010101100001:2 110101010101100010:1 110101010101100100:1 110101010101100101:1 110101010101100110:1 110101010101100111:1 110101010101101011:1 110101010101101100:2 110101010101110001:1 110101010101110101:1 110101010101111000:1 110101010101111001:1 110101010101111100:1 110101010110000111:1 110101010111010001:1 110101011000000001:1 110101011010001011:1 }

	Command being timed: "python3 shor.py 18"
	User time (seconds): 933.11
	System time (seconds): 8.69
	Percent of CPU this job got: 99%
	Elapsed (wall clock) time (h:mm:ss or m:ss): 15:48.30
	Average shared text size (kbytes): 0
	Average unshared data size (kbytes): 0
	Average stack size (kbytes): 0
	Average total size (kbytes): 0
	Maximum resident set size (kbytes): 5374916
	Average resident set size (kbytes): 0
	Major (requiring I/O) page faults: 0
	Minor (reclaiming a frame) page faults: 9867632
	Voluntary context switches: 16853
	Involuntary context switches: 14126
	Swaps: 0
	File system inputs: 0
	File system outputs: 32
	Socket messages sent: 0
	Socket messages received: 0
	Signals delivered: 0
	Page size (bytes): 4096
	Exit status: 0
Measurement results for a=5 and N=21 with 18 qubits in the control register 
{ 000000000000000000:2502 001010100111100110:1 001010100111101111:1 001010101000011100:1 001010101001111000:1 001010101001111110:1 001010101010001001:1 001010101010001100:1 001010101010010010:1 001010101010010011:1 001010101010010111:2 001010101010011000:1 001010101010011100:2 001010101010011101:2 001010101010011110:1 001010101010011111:1 001010101010100000:3 001010101010100001:1 001010101010100010:1 001010101010100011:3 001010101010100100:2 001010101010100101:9 001010101010100110:7 001010101010100111:11 001010101010101000:25 001010101010101001:68 001010101010101010:406 001010101010101011:1679 001010101010101100:107 001010101010101101:47 001010101010101110:16 001010101010101111:2 001010101010110000:5 001010101010110001:4 001010101010110010:1 001010101010110011:4 001010101010110101:1 001010101010110110:3 001010101010111000:1 001010101010111010:1 001010101010111011:1 001010101010111101:1 001010101010111110:1 001010101011000101:1 001010101011000110:1 001010101011001010:1 001010101011001011:1 001010101011001100:1 001010101011001101:1 001010101011100000:1 001010101110000010:1 001010110000110010:1 010100001001001001:1 010101010100100111:1 010101010100101111:1 010101010100110101:1 010101010100111111:1 010101010101000010:1 010101010101000011:1 010101010101000110:1 010101010101001001:2 010101010101001010:2 010101010101001011:1 010101010101001100:3 010101010101001101:4 010101010101001110:2 010101010101001111:3 010101010101010000:10 010101010101010001:10 010101010101010010:20 010101010101010011:38 010101010101010100:94 010101010101010101:1716 010101010101010110:430 010101010101010111:72 010101010101011000:26 010101010101011001:15 010101010101011010:8 010101010101011011:5 010101010101011100:7 010101010101011101:3 010101010101011110:3 010101010101100000:1 010101010101100001:1 010101010101100010:1 010101010101100011:3 010101010101100110:2 010101010101100111:1 010101010101101000:1 010101010101110000:1 010101010101110001:1 010101010110000111:1 010101010110011011:1 010101010110110100:1 010101010110111011:1 010101011000110010:1 100000000000000000:2481 101010100111111100:1 101010101001110110:1 101010101010010101:1 101010101010010111:2 101010101010011000:1 101010101010011001:2 101010101010011010:1 101010101010011011:1 101010101010011100:1 101010101010011101:1 101010101010011110:1 101010101010011111:1 101010101010100000:3 101010101010100010:6 101010101010100011:3 101010101010100100:2 101010101010100101:3 101010101010100110:9 101010101010100111:13 101010101010101000:38 101010101010101001:70 101010101010101010:440 101010101010101011:1686 101010101010101100:130 101010101010101101:34 101010101010101110:23 101010101010101111:10 101010101010110000:6 101010101010110001:7 101010101010110010:7 101010101010110011:1 101010101010110100:2 101010101010110101:2 101010101010110110:2 101010101010110111:1 101010101010111000:2 101010101010111001:3 101010101010111011:2 101010101010111100:1 101010101010111101:1 101010101010111111:2 101010101011000000:1 101010101011000111:1 101010101011010001:1 101010101011010100:2 101010101011010110:1 101010101100000111:1 101010101100011111:1 101010101101011101:1 101010101111110101:1 110101010100010110:1 110101010100111001:1 110101010100111011:1 110101010100111100:1 110101010100111110:1 110101010101000011:2 110101010101000101:1 110101010101000111:2 110101010101001000:2 110101010101001001:1 110101010101001011:3 110101010101001100:2 110101010101001101:3 110101010101001110:1 110101010101001111:2 110101010101010000:11 110101010101010001:9 110101010101010010:13 110101010101010011:49 110101010101010100:107 110101010101010101:1774 110101010101010110:399 110101010101010111:66 110101010101011000:28 110101010101011001:18 110101010101011010:14 110101010101011011:5 110101010101011100:7 110101010101011101:1 110101010101011110:3 110101010101011111:3 110101010101100000:1 110101010101100011:3 110101010101100101:1 110101010101100110:2 110101010101100111:1 110101010101101001:1 110101010101101110:1 110101010101110010:1 110101010101111000:1 110101010110000011:1 110101010110001100:1 110101010110011000:1 110101010110101010:1 110101011100111111:1 }

	Command being timed: "python3 shor.py 18"
	User time (seconds): 933.05
	System time (seconds): 9.21
	Percent of CPU this job got: 99%
	Elapsed (wall clock) time (h:mm:ss or m:ss): 15:48.73
	Average shared text size (kbytes): 0
	Average unshared data size (kbytes): 0
	Average stack size (kbytes): 0
	Average total size (kbytes): 0
	Maximum resident set size (kbytes): 5368316
	Average resident set size (kbytes): 0
	Major (requiring I/O) page faults: 0
	Minor (reclaiming a frame) page faults: 10364210
	Voluntary context switches: 16857
	Involuntary context switches: 14125
	Swaps: 0
	File system inputs: 0
	File system outputs: 24
	Socket messages sent: 0
	Socket messages received: 0
	Signals delivered: 0
	Page size (bytes): 4096
	Exit status: 0
Measurement results for a=5 and N=21 with 18 qubits in the control register 
{ 000000000000000000:2500 001010101001101110:1 001010101001101111:1 001010101001110101:1 001010101001110111:1 001010101001111011:2 001010101010000100:1 001010101010001110:1 001010101010010000:1 001010101010011000:1 001010101010011001:1 001010101010011010:2 001010101010011011:2 001010101010011101:1 001010101010011111:4 001010101010100000:4 001010101010100001:4 001010101010100010:2 001010101010100011:1 001010101010100100:6 001010101010100101:8 001010101010100110:8 001010101010100111:16 001010101010101000:36 001010101010101001:65 001010101010101010:445 001010101010101011:1643 001010101010101100:107 001010101010101101:32 001010101010101110:15 001010101010101111:12 001010101010110000:3 001010101010110001:6 001010101010110010:3 001010101010110011:1 001010101010110100:2 001010101010110101:1 001010101010110110:2 001010101010110111:2 001010101010111001:1 001010101010111011:1 001010101010111110:1 001010101011000100:2 001010101011000110:1 001010101011001101:1 001010101011010011:1 001010101111111101:1 001010110000110010:1 010101001100010110:1 010101010100110100:1 010101010100111010:1 010101010100111011:1 010101010101000000:1 010101010101000101:1 010101010101000110:2 010101010101001001:1 010101010101001010:2 010101010101001011:3 010101010101001100:1 010101010101001110:5 010101010101001111:9 010101010101010000:7 010101010101010001:9 010101010101010010:14 010101010101010011:28 010101010101010100:100 010101010101010101:1671 010101010101010110:432 010101010101010111:47 010101010101011000:22 010101010101011001:13 010101010101011010:12 010101010101011011:7 010101010101011100:4 010101010101011101:5 010101010101011110:1 010101010101011111:1 010101010101100000:2 010101010101100001:3 010101010101100010:1 010101010101100100:2 010101010101101000:2 010101010101101001:2 010101010101101010:1 010101010101101011:1 010101010101110001:1 010101010101111100:1 010101010110000110:1 010101011010011000:1 100000000000000000:2535 101010011011111001:1 101010100111111000:1 101010101000001111:1 101010101001000100:1 101010101001100101:1 101010101001110110:1 101010101010001110:1 101010101010010001:2 101010101010010101:2 101010101010010110:1 101010101010010111:1 101010101010011000:1 101010101010011011:3 101010101010011101:1 101010101010011110:1 101010101010011111:1 101010101010100000:2 101010101010100001:1 101010101010100010:4 101010101010100011:1 101010101010100100:3 101010101010100101:9 101010101010100110:6 101010101010100111:10 101010101010101000:31 101010101010101001:68 101010101010101010:436 101010101010101011:1735 101010101010101100:108 101010101010101101:43 101010101010101110:20 101010101010101111:11 101010101010110000:7 101010101010110001:7 101010101010110010:1 101010101010110011:4 101010101010110100:5 101010101010110101:1 101010101010110110:2 101010101010111000:4 101010101010111011:1 101010101010111110:1 101010101011000001:1 101010101011000011:1 101010101011000110:1 101010101011001000:1 101010101011001100:1 101010101011010010:1 101010101011100110:1 101010101111010011:1 110101010011010001:1 110101010011101101:1 110101010100001101:1 110101010100100011:1 110101010100110110:1 110101010100110111:1 110101010100111100:1 110101010100111110:1 110101010101000010:1 110101010101000101:2 110101010101000110:1 110101010101001000:2 110101010101001001:1 110101010101001010:2 110101010101001011:5 110101010101001100:1 110101010101001101:5 110101010101001111:2 110101010101010000:6 110101010101010001:6 110101010101010010:18 110101010101010011:44 110101010101010100:96 110101010101010101:1771 110101010101010110:415 110101010101010111:71 110101010101011000:23 110101010101011001:12 110101010101011010:12 110101010101011011:5 110101010101011100:6 110101010101011101:3 110101010101011110:1 110101010101011111:3 110101010101100000:2 110101010101100001:1 110101010101100010:1 110101010101100100:1 110101010101100111:1 110101010101101000:1 110101010101101001:1 110101010101101100:1 110101010101101101:1 110101010101110001:1 110101010101110011:1 110101010101110101:1 110101010101110110:1 110101010110000011:1 110101010110000101:1 110101010110001111:1 110101010110111001:1 110101010111011100:1 110101011000001011:1 }

	Command being timed: "python3 shor.py 18"
	User time (seconds): 936.16
	System time (seconds): 9.18
	Percent of CPU this job got: 99%
	Elapsed (wall clock) time (h:mm:ss or m:ss): 15:51.42
	Average shared text size (kbytes): 0
	Average unshared data size (kbytes): 0
	Average stack size (kbytes): 0
	Average total size (kbytes): 0
	Maximum resident set size (kbytes): 5372248
	Average resident set size (kbytes): 0
	Major (requiring I/O) page faults: 0
	Minor (reclaiming a frame) page faults: 10092762
	Voluntary context switches: 16871
	Involuntary context switches: 14112
	Swaps: 0
	File system inputs: 0
	File system outputs: 24
	Socket messages sent: 0
	Socket messages received: 0
	Signals delivered: 0
	Page size (bytes): 4096
	Exit status: 0
Measurement results for a=5 and N=21 with 18 qubits in the control register 
{ 000000000000000000:2509 001010100110101110:1 001010101000001111:1 001010101001010011:1 001010101001110010:1 001010101001110110:1 001010101001111001:1 001010101010000000:1 001010101010000001:1 001010101010001000:1 001010101010010001:1 001010101010010011:1 001010101010011000:1 001010101010011001:2 001010101010011100:1 001010101010011111:1 001010101010100000:1 001010101010100001:4 001010101010100010:2 001010101010100011:3 001010101010100100:5 001010101010100101:7 001010101010100110:8 001010101010100111:15 001010101010101000:22 001010101010101001:65 001010101010101010:413 001010101010101011:1674 001010101010101100:116 001010101010101101:34 001010101010101110:17 001010101010101111:13 001010101010110000:4 001010101010110001:3 001010101010110010:2 001010101010110011:4 001010101010110100:2 001010101010110101:3 001010101010110110:1 001010101010111000:1 001010101010111001:1 001010101010111010:1 001010101010111101:1 001010101010111110:1 001010101010111111:2 001010101011010001:2 001010101011010010:1 001010101011010111:1 001010101011101110:1 001010101011111010:1 001010101100011011:1 010101010010110110:1 010101010100100101:1 010101010100101000:1 010101010100101001:1 010101010100101111:1 010101010100111101:1 010101010100111110:1 010101010101000000:1 010101010101000001:2 010101010101000011:1 010101010101000100:2 010101010101000101:3 010101010101000110:1 010101010101000111:1 010101010101001000:2 010101010101001010:4 010101010101001011:1 010101010101001100:5 010101010101001101:5 010101010101001110:3 010101010101001111:6 010101010101010000:9 010101010101010001:10 010101010101010010:22 010101010101010011:30 010101010101010100:130 010101010101010101:1676 010101010101010110:430 010101010101010111:80 010101010101011000:27 010101010101011001:11 010101010101011010:12 010101010101011011:9 010101010101011100:9 010101010101011101:4 010101010101011110:1 010101010101011111:2 010101010101100000:1 010101010101100011:2 010101010101100100:2 010101010101100101:1 010101010101100110:1 010101010101101011:3 010101010101110000:1 010101010101110011:1 010101010101110100:1 010101010101110111:1 010101010110001101:1 010101010110110011:1 010101011010010100:1 010101011010101010:1 010101110100001111:1 100000000000000000:2495 101010101001100010:1 101010101001101101:1 101010101001101111:1 101010101001110101:1 101010101001110110:2 101010101001111111:1 101010101010010000:1 101010101010010011:1 101010101010010100:1 101010101010011010:1 101010101010100000:1 101010101010100001:2 101010101010100010:4 101010101010100011:2 101010101010100100:4 101010101010100101:6 101010101010100110:8 101010101010100111:12 101010101010101000:28 101010101010101001:63 101010101010101010:427 101010101010101011:1758 101010101010101100:109 101010101010101101:37 101010101010101110:16 101010101010101111:7 101010101010110000:3 101010101010110001:4 101010101010110010:2 101010101010110100:5 101010101010110101:2 101010101010110110:3 101010101010110111:2 101010101010111000:2 101010101010111001:1 101010101011000100:1 101010101011000101:1 101010101011000110:1 101010101011001110:1 101010101011010101:2 101010101011011010:1 101010101011100101:1 101010101100000111:1 101010101101111000:1 101011010001011010:1 101111011100110111:1 110101010000110010:1 110101010011110111:1 110101010100001110:1 110101010100100010:1 110101010100100111:1 110101010100111010:1 110101010100111101:1 110101010101000010:1 110101010101000101:2 110101010101000111:2 110101010101001100:3 110101010101001110:3 110101010101001111:4 110101010101010000:6 110101010101010001:5 110101010101010010:21 110101010101010011:47 110101010101010100:107 110101010101010101:1715 110101010101010110:432 110101010101010111:61 110101010101011000:28 110101010101011001:13 110101010101011010:8 110101010101011011:6 110101010101011100:2 110101010101011101:1 110101010101011110:1 110101010101100000:3 110101010101100001:2 110101010101100101:1 110101010101101000:2 110101010101101010:1 110101010101110100:1 110101010101111110:1 110101010110000100:1 110101010110000111:1 110101010110001100:1 110101010110001101:1 110101010110001111:1 110101010111101110:1 }

	Command being timed: "python3 shor.py 18"
	User time (seconds): 935.50
	System time (seconds): 8.88
	Percent of CPU this job got: 99%
	Elapsed (wall clock) time (h:mm:ss or m:ss): 15:50.71
	Average shared text size (kbytes): 0
	Average unshared data size (kbytes): 0
	Average stack size (kbytes): 0
	Average total size (kbytes): 0
	Maximum resident set size (kbytes): 5382612
	Average resident set size (kbytes): 0
	Major (requiring I/O) page faults: 1
	Minor (reclaiming a frame) page faults: 9606743
	Voluntary context switches: 17165
	Involuntary context switches: 14110
	Swaps: 0
	File system inputs: 0
	File system outputs: 24
	Socket messages sent: 0
	Socket messages received: 0
	Signals delivered: 0
	Page size (bytes): 4096
	Exit status: 0
Measurement results for a=5 and N=21 with 18 qubits in the control register 
{ 000000000000000000:2451 001010100100111001:1 001010100110001100:1 001010101000100101:1 001010101010000000:1 001010101010001010:1 001010101010001101:1 001010101010010011:1 001010101010010101:1 001010101010010111:2 001010101010011010:2 001010101010011011:1 001010101010011101:1 001010101010011111:1 001010101010100000:2 001010101010100001:2 001010101010100010:1 001010101010100011:5 001010101010100100:6 001010101010100101:5 001010101010100110:16 001010101010100111:21 001010101010101000:22 001010101010101001:67 001010101010101010:411 001010101010101011:1728 001010101010101100:100 001010101010101101:34 001010101010101110:19 001010101010101111:9 001010101010110000:11 001010101010110001:4 001010101010110010:3 001010101010110011:3 001010101010110100:1 001010101010110110:3 001010101010110111:2 001010101010111001:1 001010101010111010:1 001010101010111011:1 001010101010111101:1 001010101010111111:1 001010101011000011:1 001010101011000100:1 001010101011000111:1 001010101011001100:1 001010101011001101:1 001010101011001110:1 001010101011001111:1 001010101011010000:1 001010101011011010:1 001010101011100101:1 001010101011100111:1 001010101011101100:1 001010101100101100:1 001010101111010110:1 001010110010110001:1 001010110100000010:1 001010110101110110:1 010101010010110111:1 010101010011011010:1 010101010100100101:1 010101010100101110:1 010101010100101111:1 010101010100111010:1 010101010100111111:2 010101010101000000:2 010101010101000010:1 010101010101000101:1 010101010101000111:1 010101010101001001:1 010101010101001011:5 010101010101001100:2 010101010101001101:2 010101010101001110:5 010101010101001111:2 010101010101010000:4 010101010101010001:6 010101010101010010:14 010101010101010011:33 010101010101010100:99 010101010101010101:1650 010101010101010110:461 010101010101010111:64 010101010101011000:21 010101010101011001:16 010101010101011010:10 010101010101011011:8 010101010101011100:10 010101010101011110:3 010101010101011111:3 010101010101100000:2 010101010101100011:2 010101010101100101:2 010101010101101001:1 010101010101101011:1 010101010101101100:1 010101010101110000:1 010101010101110011:1 010101010101110110:1 010101010101111000:1 010101010101111101:1 010101010101111111:1 010101010110010011:1 010101010111100000:1 010101011001001101:1 100000000000000000:2476 101010101001100110:1 101010101010000101:1 101010101010001000:1 101010101010001001:1 101010101010001101:1 101010101010010000:1 101010101010010001:1 101010101010011001:2 101010101010011011:2 101010101010011100:1 101010101010011101:2 101010101010011111:2 101010101010100000:1 101010101010100001:1 101010101010100010:3 101010101010100011:3 101010101010100100:3 101010101010100101:7 101010101010100110:8 101010101010100111:13 101010101010101000:22 101010101010101001:78 101010101010101010:413 101010101010101011:1732 101010101010101100:103 101010101010101101:37 101010101010101110:15 101010101010101111:11 101010101010110000:8 101010101010110001:5 101010101010110010:4 101010101010110011:2 101010101010110100:3 101010101010110101:1 101010101010110110:2 101010101010110111:2 101010101010111000:1 101010101010111001:1 101010101010111101:1 101010101010111110:3 101010101010111111:2 101010101011000000:3 101010101011000001:1 101010101011000010:1 101010101011000100:1 101010101011000101:1 101010101011000111:2 101010101011010101:1 101010101011111010:1 101010101100000010:1 101010101100001100:1 101010101100010011:1 101010101100111011:1 101010101110111111:1 101100100010110001:1 110100110000000111:1 110101010100111010:1 110101010100111011:1 110101010101000011:1 110101010101000101:1 110101010101000110:1 110101010101000111:1 110101010101001010:3 110101010101001011:1 110101010101001100:3 110101010101001101:3 110101010101001110:5 110101010101001111:2 110101010101010000:12 110101010101010001:9 110101010101010010:15 110101010101010011:31 110101010101010100:109 110101010101010101:1729 110101010101010110:510 110101010101010111:65 110101010101011000:30 110101010101011001:17 110101010101011010:6 110101010101011011:3 110101010101011100:4 110101010101011101:3 110101010101011110:1 110101010101011111:7 110101010101100000:4 110101010101100001:2 110101010101100011:2 110101010101100101:1 110101010101100111:1 110101010101101001:1 110101010101101110:1 110101010101110100:1 110101010101111100:1 110101010110010011:1 110101010110100001:1 110101010111000111:1 110101010111001010:1 }

	Command being timed: "python3 shor.py 18"
	User time (seconds): 931.60
	System time (seconds): 8.10
	Percent of CPU this job got: 99%
	Elapsed (wall clock) time (h:mm:ss or m:ss): 15:46.26
	Average shared text size (kbytes): 0
	Average unshared data size (kbytes): 0
	Average stack size (kbytes): 0
	Average total size (kbytes): 0
	Maximum resident set size (kbytes): 5376884
	Average resident set size (kbytes): 0
	Major (requiring I/O) page faults: 0
	Minor (reclaiming a frame) page faults: 8348589
	Voluntary context switches: 16940
	Involuntary context switches: 14045
	Swaps: 0
	File system inputs: 0
	File system outputs: 24
	Socket messages sent: 0
	Socket messages received: 0
	Signals delivered: 0
	Page size (bytes): 4096
	Exit status: 0
Measurement results for a=5 and N=21 with 18 qubits in the control register 
{ 000000000000000000:2542 001010101001110000:1 001010101001110110:1 001010101010001011:1 001010101010001110:1 001010101010010111:3 001010101010011000:1 001010101010011001:1 001010101010011010:2 001010101010011011:1 001010101010011100:3 001010101010011110:1 001010101010011111:2 001010101010100010:2 001010101010100011:3 001010101010100100:5 001010101010100101:8 001010101010100110:14 001010101010100111:18 001010101010101000:22 001010101010101001:65 001010101010101010:412 001010101010101011:1677 001010101010101100:129 001010101010101101:37 001010101010101110:13 001010101010101111:10 001010101010110000:1 001010101010110001:6 001010101010110010:2 001010101010110011:2 001010101010110100:3 001010101010110110:2 001010101010110111:1 001010101010111000:2 001010101010111001:1 001010101010111011:1 001010101010111100:1 001010101011000000:1 001010101011000110:1 001010101011010011:1 001010101011110111:1 001010101100001011:1 001010101101111011:1 010101010010010001:1 010101010010111110:1 010101010100000010:1 010101010100010001:1 010101010100100000:1 010101010100100011:1 010101010100101110:2 010101010100111010:1 010101010100111101:2 010101010101000001:1 010101010101000100:2 010101010101000110:1 010101010101000111:1 010101010101001000:2 010101010101001001:1 010101010101001011:1 010101010101001100:2 010101010101001101:3 010101010101001110:1 010101010101001111:4 010101010101010000:12 010101010101010001:12 010101010101010010:16 010101010101010011:32 010101010101010100:127 010101010101010101:1715 010101010101010110:418 010101010101010111:77 010101010101011000:28 010101010101011001:20 010101010101011010:6 010101010101011011:4 010101010101011100:5 010101010101011101:6 010101010101011111:4 010101010101100000:3 010101010101100001:1 010101010101100011:2 010101010101100100:2 010101010101100111:1 010101010101101000:1 010101010101101001:1 010101010101101011:1 010101010101101111:1 010101010101110001:1 010101010101110111:1 010101010110000011:1 010101010110011101:1 010101010110101011:1 100000000000000000:2495 101010100111100000:1 101010100111100110:1 101010100111111100:1 101010101001011111:1 101010101010000000:1 101010101010000100:1 101010101010000111:1 101010101010001000:1 101010101010001010:1 101010101010001110:1 101010101010001111:1 101010101010010100:1 101010101010011010:1 101010101010011011:1 101010101010011100:3 101010101010011110:1 101010101010100000:2 101010101010100001:4 101010101010100010:3 101010101010100011:3 101010101010100100:6 101010101010100101:6 101010101010100110:14 101010101010100111:13 101010101010101000:28 101010101010101001:67 101010101010101010:446 101010101010101011:1658 101010101010101100:109 101010101010101101:25 101010101010101110:26 101010101010101111:10 101010101010110000:8 101010101010110001:4 101010101010110010:3 101010101010110011:1 101010101010110100:2 101010101010111000:1 101010101010111001:1 101010101010111011:1 101010101010111100:1 101010101010111111:1 101010101011000011:2 101010101011000100:2 101010101011000111:1 101010101011001010:1 101010101011001111:1 101010101011101110:1 101010101011101111:1 101010101100010001:1 110101010010111101:1 110101010011011001:1 110101010100001001:1 110101010100101001:1 110101010100110010:1 110101010100110100:1 110101010100110101:1 110101010100110110:1 110101010100111000:1 110101010100111011:1 110101010100111101:1 110101010100111110:1 110101010101000000:1 110101010101000100:1 110101010101000101:1 110101010101001000:1 110101010101001010:3 110101010101001011:1 110101010101001100:3 110101010101001101:3 110101010101001110:4 110101010101001111:6 110101010101010000:4 110101010101010001:10 110101010101010010:14 110101010101010011:31 110101010101010100:113 110101010101010101:1679 110101010101010110:442 110101010101010111:65 110101010101011000:33 110101010101011001:10 110101010101011010:17 110101010101011011:11 110101010101011100:2 110101010101011101:3 110101010101011110:1 110101010101011111:3 110101010101100000:4 110101010101100001:1 110101010101100100:2 110101010101100101:1 110101010101101011:1 110101010101101101:2 110101010101110001:1 110101010101110010:1 110101010101110011:1 110101010101110100:1 110101010101110111:2 110101010101111100:1 110101010101111110:1 110101010110000000:1 110101010110001001:1 110101010110001100:1 110101010110010011:1 110101010110010100:1 110101010110101001:1 110101010111010100:1 110101100100100110:1 }

	Command being timed: "python3 shor.py 18"
	User time (seconds): 926.71
	System time (seconds): 7.95
	Percent of CPU this job got: 99%
	Elapsed (wall clock) time (h:mm:ss or m:ss): 15:40.97
	Average shared text size (kbytes): 0
	Average unshared data size (kbytes): 0
	Average stack size (kbytes): 0
	Average total size (kbytes): 0
	Maximum resident set size (kbytes): 5376576
	Average resident set size (kbytes): 0
	Major (requiring I/O) page faults: 0
	Minor (reclaiming a frame) page faults: 8266281
	Voluntary context switches: 16855
	Involuntary context switches: 13984
	Swaps: 0
	File system inputs: 0
	File system outputs: 24
	Socket messages sent: 0
	Socket messages received: 0
	Signals delivered: 0
	Page size (bytes): 4096
	Exit status: 0
