WARNING: overwriting environment variables set in the machine
overwriting variable ['LD_LIBRARY_PATH']
Measurement results for a=5 and N=21 with 13 qubits in the control register 
{ 0000000000000:2533 0010010111010:1 0010011111110:1 0010100011010:1 0010100100100:1 0010100110110:1 0010100111000:1 0010100111011:1 0010101000100:1 0010101000101:1 0010101000110:1 0010101000111:2 0010101001001:2 0010101001010:2 0010101001100:2 0010101001101:5 0010101001110:3 0010101001111:5 0010101010000:5 0010101010001:12 0010101010010:14 0010101010011:35 0010101010100:119 0010101010101:1699 0010101010110:417 0010101010111:58 0010101011000:22 0010101011001:9 0010101011010:5 0010101011011:3 0010101011100:7 0010101011101:7 0010101011110:3 0010101011111:2 0010101100000:2 0010101100101:1 0010101100111:1 0010101101000:1 0010101101001:1 0010101101011:1 0010101101110:1 0010101110001:1 0010110010000:1 0010110010010:1 0010110010111:1 0010110011111:1 0010110101011:1 0100011000110:1 0101000100100:1 0101001000000:1 0101001000100:1 0101001100010:1 0101001111101:1 0101010000000:1 0101010000101:1 0101010000110:1 0101010001001:1 0101010001100:1 0101010001110:1 0101010010010:1 0101010010011:1 0101010010111:1 0101010011101:2 0101010011110:1 0101010100000:5 0101010100001:1 0101010100010:1 0101010100011:1 0101010100100:6 0101010100101:6 0101010100110:8 0101010100111:12 0101010101000:20 0101010101001:74 0101010101010:421 0101010101011:1744 0101010101100:99 0101010101101:36 0101010101110:25 0101010101111:8 0101010110000:10 0101010110001:9 0101010110010:7 0101010110011:2 0101010110100:1 0101010110101:2 0101010110110:1 0101010110111:4 0101010111000:2 0101010111010:1 0101010111011:1 0101010111100:1 0101011000000:1 0101011000011:1 0101011000110:1 0101011001011:1 0101011010100:1 0101011011000:1 0101100000111:1 0101101011000:1 0101101011101:1 1000000000000:2476 1001100101101:1 1010001010110:1 1010011000110:1 1010011010111:1 1010100011011:1 1010100110010:1 1010101000001:3 1010101000010:1 1010101000011:1 1010101000100:2 1010101000101:1 1010101000111:2 1010101001000:4 1010101001010:3 1010101001011:1 1010101001100:2 1010101001101:5 1010101001110:6 1010101001111:5 1010101010000:1 1010101010001:14 1010101010010:24 1010101010011:50 1010101010100:97 1010101010101:1726 1010101010110:415 1010101010111:68 1010101011000:29 1010101011001:6 1010101011010:9 1010101011011:2 1010101011100:4 1010101011101:1 1010101011110:2 1010101011111:3 1010101100000:2 1010101100010:3 1010101100011:2 1010101100111:3 1010101101000:1 1010101101001:3 1010101101101:1 1010101110111:1 1010110000001:1 1010110010111:1 1010110101010:1 1011000000111:1 1100001001001:1 1100101000111:1 1100101111010:1 1100110111110:1 1101001010000:1 1101001101100:1 1101001111000:1 1101001111101:1 1101010000110:1 1101010001101:1 1101010010010:1 1101010010011:1 1101010010101:2 1101010010110:1 1101010010111:1 1101010011000:1 1101010011010:2 1101010011100:1 1101010011101:1 1101010011111:2 1101010100000:1 1101010100001:5 1101010100010:3 1101010100011:4 1101010100100:4 1101010100101:5 1101010100110:12 1101010100111:15 1101010101000:21 1101010101001:52 1101010101010:385 1101010101011:1742 1101010101100:113 1101010101101:32 1101010101110:16 1101010101111:13 1101010110000:4 1101010110001:4 1101010110011:4 1101010110100:4 1101010110101:2 1101010110110:3 1101010110111:2 1101010111000:1 1101010111010:2 1101010111111:1 1101011001000:1 1101011001100:1 1101011001110:1 1101011001111:1 1101011010000:1 1101011111101:1 1101100001100:1 1101100010000:1 }

	Command being timed: "python3 shor.py 13"
	User time (seconds): 1.79
	System time (seconds): 0.94
	Percent of CPU this job got: 67%
	Elapsed (wall clock) time (h:mm:ss or m:ss): 0:04.02
	Average shared text size (kbytes): 0
	Average unshared data size (kbytes): 0
	Average stack size (kbytes): 0
	Average total size (kbytes): 0
	Maximum resident set size (kbytes): 683648
	Average resident set size (kbytes): 0
	Major (requiring I/O) page faults: 45
	Minor (reclaiming a frame) page faults: 119644
	Voluntary context switches: 4490
	Involuntary context switches: 32
	Swaps: 0
	File system inputs: 0
	File system outputs: 16
	Socket messages sent: 0
	Socket messages received: 0
	Signals delivered: 0
	Page size (bytes): 4096
	Exit status: 0
Measurement results for a=5 and N=21 with 13 qubits in the control register 
{ 0000000000000:2487 0000000111011:1 0010001101111:1 0010100010000:1 0010100100000:1 0010100100101:1 0010100100110:1 0010100101001:1 0010100110001:1 0010100110100:1 0010100110101:1 0010100111100:1 0010100111110:1 0010101000010:1 0010101000100:1 0010101000110:2 0010101001011:1 0010101001101:1 0010101001110:3 0010101001111:1 0010101010000:4 0010101010001:6 0010101010010:27 0010101010011:40 0010101010100:128 0010101010101:1740 0010101010110:387 0010101010111:69 0010101011000:28 0010101011001:15 0010101011010:10 0010101011011:6 0010101011100:3 0010101011101:4 0010101011110:3 0010101011111:2 0010101100000:3 0010101100011:1 0010101100100:1 0010101100101:1 0010101100111:1 0010101101101:1 0010101110000:1 0010101110011:1 0010101111111:1 0010110000010:1 0010111001001:1 0010111100011:1 0100010000010:1 0100111101000:1 0101000100010:1 0101001011001:1 0101001011011:1 0101010000110:1 0101010001011:1 0101010001111:1 0101010010111:1 0101010011011:2 0101010011110:3 0101010011111:2 0101010100000:3 0101010100001:2 0101010100010:1 0101010100011:3 0101010100100:3 0101010100101:6 0101010100110:14 0101010100111:12 0101010101000:34 0101010101001:82 0101010101010:408 0101010101011:1712 0101010101100:99 0101010101101:41 0101010101110:26 0101010101111:14 0101010110000:9 0101010110001:3 0101010110010:8 0101010110011:2 0101010110100:2 0101010110101:4 0101010110110:4 0101010110111:1 0101010111001:1 0101010111100:1 0101010111101:1 0101010111110:1 0101011000000:1 0101011000110:1 0101011000111:1 0101011001000:1 0101011001011:1 0101011010110:1 0101011101100:1 1000000000000:2418 1010011100101:1 1010011101100:1 1010100010010:1 1010100100110:1 1010100110100:2 1010100110111:1 1010100111110:1 1010101000010:1 1010101000011:1 1010101000100:1 1010101000101:2 1010101000110:2 1010101000111:1 1010101001000:1 1010101001010:1 1010101001011:2 1010101001101:1 1010101001110:5 1010101001111:7 1010101010000:4 1010101010001:13 1010101010010:22 1010101010011:35 1010101010100:115 1010101010101:1721 1010101010110:462 1010101010111:62 1010101011000:25 1010101011001:14 1010101011010:6 1010101011011:12 1010101011100:3 1010101011101:2 1010101011110:3 1010101011111:4 1010101100000:1 1010101100001:3 1010101100010:1 1010101100011:1 1010101100111:1 1010101101000:1 1010101101011:1 1010101110110:1 1010101110111:1 1011000000010:1 1011000010000:1 1011101110011:1 1100010011111:1 1101010000001:1 1101010001110:1 1101010010110:2 1101010011010:1 1101010011011:1 1101010011100:1 1101010011111:2 1101010100000:4 1101010100001:3 1101010100010:2 1101010100011:3 1101010100100:8 1101010100101:8 1101010100110:9 1101010100111:14 1101010101000:27 1101010101001:82 1101010101010:414 1101010101011:1707 1101010101100:135 1101010101101:27 1101010101110:19 1101010101111:14 1101010110000:2 1101010110001:3 1101010110010:4 1101010110011:2 1101010110100:5 1101010110110:1 1101010110111:1 1101010111001:3 1101010111101:2 1101010111111:1 1101011000001:1 1101011000100:1 1101011001001:1 1101011011010:1 1101011011011:1 1101011011110:1 1101011100011:1 }

	Command being timed: "python3 shor.py 13"
	User time (seconds): 1.77
	System time (seconds): 0.83
	Percent of CPU this job got: 85%
	Elapsed (wall clock) time (h:mm:ss or m:ss): 0:03.06
	Average shared text size (kbytes): 0
	Average unshared data size (kbytes): 0
	Average stack size (kbytes): 0
	Average total size (kbytes): 0
	Maximum resident set size (kbytes): 680948
	Average resident set size (kbytes): 0
	Major (requiring I/O) page faults: 0
	Minor (reclaiming a frame) page faults: 136249
	Voluntary context switches: 2011
	Involuntary context switches: 40
	Swaps: 0
	File system inputs: 0
	File system outputs: 16
	Socket messages sent: 0
	Socket messages received: 0
	Signals delivered: 0
	Page size (bytes): 4096
	Exit status: 0
Measurement results for a=5 and N=21 with 13 qubits in the control register 
{ 0000000000000:2559 0001111001010:1 0010000101110:1 0010011101101:1 0010011111101:1 0010100001111:1 0010100011110:1 0010100101100:1 0010100110100:2 0010100110110:1 0010100111000:2 0010100111010:1 0010100111100:1 0010100111101:1 0010100111110:1 0010101000001:1 0010101000111:1 0010101001000:1 0010101001001:2 0010101001010:2 0010101001011:1 0010101001100:3 0010101001101:1 0010101001110:4 0010101001111:8 0010101010000:7 0010101010001:10 0010101010010:16 0010101010011:43 0010101010100:121 0010101010101:1770 0010101010110:447 0010101010111:72 0010101011000:35 0010101011001:9 0010101011010:6 0010101011011:7 0010101011100:4 0010101011101:3 0010101011110:2 0010101011111:1 0010101100000:2 0010101100001:1 0010101100010:1 0010101100110:1 0010101100111:1 0010101101001:1 0010101101011:1 0010101101100:1 0010101110000:1 0010110100101:1 0100110100010:1 0101001001000:1 0101001001010:1 0101001111101:1 0101010001111:1 0101010010001:1 0101010010011:1 0101010010100:2 0101010011010:2 0101010011100:1 0101010011110:3 0101010011111:2 0101010100000:2 0101010100010:2 0101010100011:5 0101010100100:9 0101010100101:8 0101010100110:12 0101010100111:10 0101010101000:24 0101010101001:70 0101010101010:430 0101010101011:1735 0101010101100:119 0101010101101:33 0101010101110:16 0101010101111:13 0101010110000:5 0101010110001:3 0101010110010:2 0101010110011:5 0101010110100:1 0101010110101:3 0101010110110:4 0101010111011:1 0101010111111:1 0101011000001:1 0101011000011:1 0101011000100:1 0101011001010:1 0101011101010:1 0101100110101:1 0101101001001:1 0110011001100:1 1000000000000:2388 1001111001000:1 1010100011000:1 1010100100011:1 1010100110100:1 1010100110110:1 1010100111001:2 1010100111011:1 1010100111101:1 1010101000001:2 1010101000010:1 1010101000110:1 1010101001000:2 1010101001001:1 1010101001011:3 1010101001100:3 1010101001101:4 1010101001110:6 1010101001111:7 1010101010000:9 1010101010001:17 1010101010010:18 1010101010011:25 1010101010100:104 1010101010101:1616 1010101010110:451 1010101010111:72 1010101011000:24 1010101011001:17 1010101011010:2 1010101011011:6 1010101011100:2 1010101011101:2 1010101011110:1 1010101011111:3 1010101100000:1 1010101100001:1 1010101100010:2 1010101100110:1 1010101101001:3 1010101101010:1 1010101110110:1 1010110000110:1 1010110000111:1 1010110111011:1 1011000110101:1 1100010011111:1 1100010111011:1 1100110010100:1 1101000011111:1 1101001111011:2 1101001111101:1 1101001111111:1 1101010000101:1 1101010000110:1 1101010010000:1 1101010010010:1 1101010010011:1 1101010010110:1 1101010011010:1 1101010011011:3 1101010011100:2 1101010011110:1 1101010011111:2 1101010100001:2 1101010100010:3 1101010100011:5 1101010100100:3 1101010100101:10 1101010100110:8 1101010100111:13 1101010101000:24 1101010101001:73 1101010101010:423 1101010101011:1667 1101010101100:123 1101010101101:44 1101010101110:18 1101010101111:6 1101010110000:7 1101010110001:6 1101010110010:3 1101010110011:1 1101010110100:3 1101010110101:1 1101010110110:2 1101010110111:1 1101010111001:1 1101010111010:2 1101010111011:1 1101010111100:1 1101010111110:1 1101011000000:1 1101011000001:1 1101011000011:3 1101011001001:1 1101011001010:1 1101011001111:1 1101011010101:1 1101011010111:1 1101011011011:1 1101011011111:1 1101100100000:1 1101101111101:1 }

	Command being timed: "python3 shor.py 13"
	User time (seconds): 1.77
	System time (seconds): 0.86
	Percent of CPU this job got: 80%
	Elapsed (wall clock) time (h:mm:ss or m:ss): 0:03.27
	Average shared text size (kbytes): 0
	Average unshared data size (kbytes): 0
	Average stack size (kbytes): 0
	Average total size (kbytes): 0
	Maximum resident set size (kbytes): 685492
	Average resident set size (kbytes): 0
	Major (requiring I/O) page faults: 0
	Minor (reclaiming a frame) page faults: 134234
	Voluntary context switches: 2055
	Involuntary context switches: 39
	Swaps: 0
	File system inputs: 0
	File system outputs: 24
	Socket messages sent: 0
	Socket messages received: 0
	Signals delivered: 0
	Page size (bytes): 4096
	Exit status: 0
Measurement results for a=5 and N=21 with 13 qubits in the control register 
{ 0000000000000:2486 0010010100110:1 0010100001001:1 0010100010001:1 0010100100101:1 0010100101001:1 0010100110011:1 0010100110101:1 0010100110111:2 0010100111011:1 0010100111110:1 0010101000000:1 0010101000110:2 0010101000111:2 0010101001000:1 0010101001001:1 0010101001010:3 0010101001011:1 0010101001100:1 0010101001101:3 0010101001110:4 0010101001111:6 0010101010000:6 0010101010001:9 0010101010010:18 0010101010011:42 0010101010100:115 0010101010101:1720 0010101010110:404 0010101010111:64 0010101011000:25 0010101011001:15 0010101011010:5 0010101011011:3 0010101011101:1 0010101011110:4 0010101011111:3 0010101100000:4 0010101100010:2 0010101100011:2 0010101100100:2 0010101100101:1 0010101101000:4 0010101101010:2 0010101101101:1 0010110010100:1 0010110011011:1 0010111111101:1 0011000011011:1 0011000111001:1 0011011110110:1 0101001000010:1 0101001010010:1 0101001100100:1 0101001100110:1 0101001110110:1 0101001110111:1 0101001111111:1 0101010000011:1 0101010001010:1 0101010010000:2 0101010010011:1 0101010010101:1 0101010010111:1 0101010011000:3 0101010011010:2 0101010011101:2 0101010100000:1 0101010100001:5 0101010100010:3 0101010100011:3 0101010100100:1 0101010100101:7 0101010100110:7 0101010100111:14 0101010101000:27 0101010101001:55 0101010101010:428 0101010101011:1733 0101010101100:100 0101010101101:39 0101010101110:14 0101010101111:12 0101010110000:5 0101010110001:8 0101010110010:3 0101010110100:2 0101010110110:2 0101010111000:1 0101010111001:1 0101010111010:1 0101010111011:1 0101010111100:2 0101011000000:2 0101011000010:1 0101011000100:1 0101011000110:1 0101011001001:1 0101011001011:1 0101011001110:1 0101011111001:1 0101111001110:1 1000000000000:2436 1001001000001:1 1010100000010:1 1010100010011:1 1010100011110:1 1010100101100:1 1010100110101:1 1010100110110:2 1010100111100:1 1010101000000:1 1010101000100:1 1010101000101:1 1010101000110:2 1010101001010:1 1010101001011:3 1010101001101:2 1010101001110:5 1010101001111:7 1010101010000:12 1010101010001:4 1010101010010:10 1010101010011:41 1010101010100:99 1010101010101:1790 1010101010110:436 1010101010111:68 1010101011000:23 1010101011001:16 1010101011010:6 1010101011011:8 1010101011100:8 1010101011101:1 1010101011110:1 1010101011111:1 1010101100000:3 1010101100001:1 1010101100010:1 1010101100011:2 1010101100100:1 1010101100101:1 1010101100110:2 1010101101001:1 1010101101011:1 1010101101100:1 1010101101111:1 1010101110001:1 1010101110010:1 1010101111110:1 1011001011010:1 1100111100111:1 1101001111001:1 1101010001100:1 1101010001101:1 1101010010010:2 1101010010011:1 1101010010110:1 1101010011000:1 1101010011010:1 1101010011011:1 1101010011101:1 1101010011110:1 1101010011111:2 1101010100000:2 1101010100001:3 1101010100010:4 1101010100011:5 1101010100100:8 1101010100101:7 1101010100110:10 1101010100111:15 1101010101000:30 1101010101001:89 1101010101010:398 1101010101011:1725 1101010101100:98 1101010101101:30 1101010101110:15 1101010101111:10 1101010110000:9 1101010110001:5 1101010110010:3 1101010110011:2 1101010110100:1 1101010110101:3 1101010110110:1 1101010110111:4 1101010111000:1 1101010111001:2 1101010111100:1 1101011000000:1 1101011000010:1 1101011001110:1 1101011010001:1 1101011011111:1 1101011101111:1 1101110101111:1 }

	Command being timed: "python3 shor.py 13"
	User time (seconds): 1.77
	System time (seconds): 0.86
	Percent of CPU this job got: 80%
	Elapsed (wall clock) time (h:mm:ss or m:ss): 0:03.27
	Average shared text size (kbytes): 0
	Average unshared data size (kbytes): 0
	Average stack size (kbytes): 0
	Average total size (kbytes): 0
	Maximum resident set size (kbytes): 683412
	Average resident set size (kbytes): 0
	Major (requiring I/O) page faults: 0
	Minor (reclaiming a frame) page faults: 135908
	Voluntary context switches: 2131
	Involuntary context switches: 39
	Swaps: 0
	File system inputs: 0
	File system outputs: 24
	Socket messages sent: 0
	Socket messages received: 0
	Signals delivered: 0
	Page size (bytes): 4096
	Exit status: 0
Measurement results for a=5 and N=21 with 13 qubits in the control register 
{ 0000000000000:2479 0001111101100:1 0010011110100:1 0010100010101:2 0010100100001:1 0010100101010:1 0010100101100:1 0010100110000:1 0010100110011:1 0010100110111:1 0010101000010:1 0010101000101:1 0010101000110:2 0010101000111:1 0010101001000:1 0010101001001:1 0010101001010:1 0010101001100:2 0010101001101:4 0010101001110:4 0010101001111:4 0010101010000:8 0010101010001:13 0010101010010:17 0010101010011:41 0010101010100:104 0010101010101:1722 0010101010110:438 0010101010111:74 0010101011000:27 0010101011001:20 0010101011010:13 0010101011011:7 0010101011100:3 0010101011101:4 0010101011110:4 0010101011111:2 0010101100000:3 0010101100001:1 0010101100010:1 0010101100011:1 0010101100100:2 0010101100101:1 0010101100110:1 0010101101001:2 0010101101100:1 0010101110000:1 0010101110001:1 0010101111011:1 0010101111100:2 0010110000000:1 0010110000011:1 0010110001100:1 0011011110100:1 0101001101011:1 0101010000110:1 0101010001101:1 0101010001110:1 0101010001111:1 0101010010001:1 0101010010010:1 0101010010011:1 0101010010101:1 0101010010111:2 0101010011000:2 0101010011011:2 0101010011101:1 0101010011110:2 0101010011111:3 0101010100000:1 0101010100001:1 0101010100010:2 0101010100011:3 0101010100100:11 0101010100101:7 0101010100110:9 0101010100111:14 0101010101000:28 0101010101001:63 0101010101010:443 0101010101011:1702 0101010101100:92 0101010101101:23 0101010101110:11 0101010101111:12 0101010110000:3 0101010110001:6 0101010110010:3 0101010110011:2 0101010110100:2 0101010110101:1 0101010110110:3 0101010111100:3 0101010111111:1 0101011000001:1 0101011000100:1 0101011000111:1 0101011001110:1 0101011010100:1 0101011100101:1 0101011100110:1 0101011101001:1 0101100000110:1 0101100111110:1 0101111001001:1 1000000000000:2485 1010001100110:1 1010001111011:1 1010100010101:1 1010100100101:1 1010100101001:1 1010100110001:1 1010100111000:1 1010100111110:1 1010100111111:2 1010101000001:1 1010101000110:2 1010101001000:2 1010101001010:1 1010101001011:2 1010101001100:2 1010101001101:3 1010101001110:7 1010101001111:4 1010101010000:1 1010101010001:11 1010101010010:13 1010101010011:27 1010101010100:119 1010101010101:1731 1010101010110:410 1010101010111:61 1010101011000:28 1010101011001:19 1010101011010:9 1010101011011:3 1010101011100:4 1010101011101:5 1010101011110:4 1010101011111:4 1010101100000:2 1010101100001:4 1010101100101:1 1010101100110:1 1010101100111:3 1010101101011:2 1010101101100:1 1010101101101:1 1010101101110:1 1010101110000:1 1010101110011:1 1010101110100:1 1010101111110:1 1011011110110:1 1100111101000:1 1101000110011:1 1101001101100:1 1101001111100:1 1101010000111:1 1101010001000:1 1101010001001:1 1101010001011:1 1101010001101:1 1101010001110:1 1101010001111:1 1101010010000:1 1101010010001:1 1101010010011:1 1101010010111:1 1101010011100:3 1101010011101:1 1101010011110:1 1101010011111:1 1101010100000:1 1101010100001:1 1101010100010:5 1101010100011:2 1101010100100:2 1101010100101:6 1101010100110:5 1101010100111:12 1101010101000:28 1101010101001:67 1101010101010:429 1101010101011:1700 1101010101100:113 1101010101101:39 1101010101110:24 1101010101111:9 1101010110000:3 1101010110001:7 1101010110010:3 1101010110011:2 1101010110100:1 1101010110101:4 1101010111000:1 1101010111010:2 1101010111100:1 1101010111110:1 1101011000000:1 1101011000011:1 1101011000100:1 1101011000110:1 1101011001000:1 1101011001001:1 1101011001101:1 1101011010001:1 1101011010101:1 1101011100000:1 1101011100110:1 1101011110010:1 1101100010001:1 1111001111001:1 }

	Command being timed: "python3 shor.py 13"
	User time (seconds): 1.76
	System time (seconds): 0.75
	Percent of CPU this job got: 91%
	Elapsed (wall clock) time (h:mm:ss or m:ss): 0:02.75
	Average shared text size (kbytes): 0
	Average unshared data size (kbytes): 0
	Average stack size (kbytes): 0
	Average total size (kbytes): 0
	Maximum resident set size (kbytes): 681808
	Average resident set size (kbytes): 0
	Major (requiring I/O) page faults: 0
	Minor (reclaiming a frame) page faults: 118720
	Voluntary context switches: 1901
	Involuntary context switches: 38
	Swaps: 0
	File system inputs: 0
	File system outputs: 24
	Socket messages sent: 0
	Socket messages received: 0
	Signals delivered: 0
	Page size (bytes): 4096
	Exit status: 0
Measurement results for a=5 and N=21 with 13 qubits in the control register 
{ 0000000000000:2467 0010011100010:1 0010100100010:1 0010100100101:1 0010100101100:1 0010100110111:1 0010100111110:1 0010100111111:1 0010101000000:1 0010101000010:2 0010101000011:1 0010101000100:2 0010101000101:1 0010101000111:1 0010101001001:1 0010101001010:1 0010101001011:4 0010101001100:1 0010101001110:3 0010101001111:6 0010101010000:5 0010101010001:10 0010101010010:17 0010101010011:44 0010101010100:110 0010101010101:1725 0010101010110:420 0010101010111:67 0010101011000:25 0010101011001:14 0010101011010:12 0010101011011:3 0010101011100:2 0010101011101:2 0010101011110:3 0010101011111:3 0010101100000:3 0010101100001:1 0010101100100:2 0010101100110:1 0010101101011:1 0010101101101:2 0010101110000:1 0010101110101:1 0010101111000:1 0010101111010:1 0010110000010:1 0010110100010:1 0010111001110:1 0010111011010:1 0011010000111:1 0011111100111:1 0101001100001:1 0101001101000:1 0101001110111:1 0101001111011:1 0101010000000:1 0101010000110:1 0101010010011:2 0101010010100:2 0101010010110:1 0101010011000:1 0101010011001:2 0101010011011:2 0101010011100:1 0101010011101:1 0101010011110:1 0101010100000:3 0101010100010:2 0101010100011:2 0101010100100:5 0101010100101:7 0101010100110:6 0101010100111:13 0101010101000:22 0101010101001:75 0101010101010:446 0101010101011:1743 0101010101100:115 0101010101101:33 0101010101110:9 0101010101111:9 0101010110000:9 0101010110001:3 0101010110010:3 0101010110011:2 0101010110100:1 0101010110101:1 0101010110110:1 0101010110111:1 0101010111000:4 0101010111001:1 0101010111011:2 0101011000011:1 0101011000100:1 0101011001001:1 0101011001100:1 0101011100111:1 0101100000101:1 1000000000000:2522 1001101001001:1 1010010110110:1 1010011101011:1 1010100001001:1 1010100111011:1 1010101000010:3 1010101000110:1 1010101000111:3 1010101001000:1 1010101001010:2 1010101001011:3 1010101001101:3 1010101001111:4 1010101010000:2 1010101010001:2 1010101010010:25 1010101010011:41 1010101010100:98 1010101010101:1657 1010101010110:423 1010101010111:58 1010101011000:29 1010101011001:14 1010101011010:7 1010101011011:4 1010101011100:3 1010101011101:2 1010101011110:4 1010101011111:2 1010101100000:1 1010101100001:1 1010101100010:3 1010101100101:1 1010101101000:1 1010101101100:1 1010101101101:1 1010101101111:1 1010101110000:1 1010101110011:1 1010110000000:1 1010110001101:1 1010110001110:1 1010110010001:1 1010110010100:1 1010110101111:1 1010111010011:1 1011001101111:1 1101001000001:1 1101001111110:1 1101010000001:2 1101010000111:1 1101010001000:1 1101010001101:1 1101010010001:2 1101010010101:1 1101010010111:1 1101010011001:2 1101010011100:1 1101010011101:1 1101010011110:3 1101010011111:1 1101010100001:3 1101010100010:4 1101010100011:5 1101010100100:7 1101010100101:5 1101010100110:5 1101010100111:16 1101010101000:24 1101010101001:76 1101010101010:444 1101010101011:1747 1101010101100:107 1101010101101:22 1101010101110:18 1101010101111:10 1101010110000:8 1101010110001:1 1101010110010:2 1101010110011:1 1101010110100:2 1101010110110:1 1101010110111:3 1101010111000:2 1101010111111:1 1101011000000:1 1101011001111:1 1101011010011:1 1101011100100:1 1101011100110:1 1101101110001:1 }

	Command being timed: "python3 shor.py 13"
	User time (seconds): 1.73
	System time (seconds): 0.80
	Percent of CPU this job got: 89%
	Elapsed (wall clock) time (h:mm:ss or m:ss): 0:02.85
	Average shared text size (kbytes): 0
	Average unshared data size (kbytes): 0
	Average stack size (kbytes): 0
	Average total size (kbytes): 0
	Maximum resident set size (kbytes): 682524
	Average resident set size (kbytes): 0
	Major (requiring I/O) page faults: 0
	Minor (reclaiming a frame) page faults: 136308
	Voluntary context switches: 1963
	Involuntary context switches: 41
	Swaps: 0
	File system inputs: 0
	File system outputs: 24
	Socket messages sent: 0
	Socket messages received: 0
	Signals delivered: 0
	Page size (bytes): 4096
	Exit status: 0
Measurement results for a=5 and N=21 with 13 qubits in the control register 
{ 0000000000000:2474 0000100101001:1 0001111111101:1 0010010011110:1 0010100000010:1 0010100110011:1 0010100110101:1 0010100111010:1 0010100111110:1 0010101000000:1 0010101000001:1 0010101000010:1 0010101000101:1 0010101000110:1 0010101000111:1 0010101001001:1 0010101001010:1 0010101001011:4 0010101001100:3 0010101001101:1 0010101001110:5 0010101001111:4 0010101010000:4 0010101010001:12 0010101010010:12 0010101010011:36 0010101010100:96 0010101010101:1678 0010101010110:421 0010101010111:86 0010101011000:20 0010101011001:11 0010101011010:4 0010101011011:8 0010101011100:4 0010101011101:2 0010101011110:3 0010101011111:1 0010101100000:1 0010101100001:3 0010101100010:2 0010101100011:2 0010101100100:1 0010101100101:2 0010101101100:1 0010101101111:1 0010101110110:1 0010101111001:1 0010110000100:1 0010110010100:1 0010110011010:2 0010110100110:1 0011100100111:1 0011101110001:1 0011110000110:1 0100011100101:1 0100110100011:1 0101000111001:1 0101001011010:1 0101001100101:1 0101001110001:1 0101001111110:1 0101010001010:1 0101010001100:1 0101010011011:1 0101010011100:2 0101010011101:1 0101010100000:2 0101010100001:1 0101010100010:1 0101010100011:2 0101010100100:4 0101010100101:9 0101010100110:2 0101010100111:14 0101010101000:25 0101010101001:74 0101010101010:405 0101010101011:1668 0101010101100:121 0101010101101:33 0101010101110:22 0101010101111:8 0101010110000:3 0101010110001:6 0101010110010:2 0101010110011:2 0101010110100:1 0101010110101:5 0101010110111:1 0101010111000:3 0101010111001:3 0101010111101:1 0101010111110:1 0101011000000:1 0101011000001:1 0101011000110:1 0101011010011:1 0101011010100:1 0101011011001:1 0101011011011:1 0101011011111:1 0101011101110:1 1000000000000:2561 1001110011000:1 1001111100010:1 1010010011101:1 1010011101100:1 1010100100010:1 1010100100111:1 1010100110001:1 1010100111000:1 1010101000001:1 1010101000010:1 1010101000110:1 1010101000111:2 1010101001000:2 1010101001010:1 1010101001011:2 1010101001100:3 1010101001101:2 1010101001110:3 1010101001111:10 1010101010000:3 1010101010001:13 1010101010010:25 1010101010011:36 1010101010100:116 1010101010101:1773 1010101010110:391 1010101010111:78 1010101011000:30 1010101011001:11 1010101011010:7 1010101011011:12 1010101011100:2 1010101011101:3 1010101011110:1 1010101011111:2 1010101100000:1 1010101100001:2 1010101100011:1 1010101100100:1 1010101100101:1 1010101100111:1 1010101101001:2 1010101110001:2 1010110000110:1 1010110110110:1 1100001100101:1 1100101001101:1 1100111111100:1 1101000101011:1 1101001000011:1 1101001100101:1 1101010000011:1 1101010000101:1 1101010001010:2 1101010001011:1 1101010001101:1 1101010001111:1 1101010010010:1 1101010010110:1 1101010011000:1 1101010011001:2 1101010011010:1 1101010011100:1 1101010011110:1 1101010100000:3 1101010100001:1 1101010100010:3 1101010100011:6 1101010100100:10 1101010100101:3 1101010100110:12 1101010100111:13 1101010101000:29 1101010101001:73 1101010101010:433 1101010101011:1715 1101010101100:98 1101010101101:32 1101010101110:19 1101010101111:9 1101010110000:5 1101010110001:7 1101010110010:4 1101010110011:5 1101010110100:2 1101010110111:2 1101010111000:1 1101010111010:2 1101010111101:1 1101010111110:1 1101011000011:1 1101011000101:1 1101011001001:1 1101011010000:1 1101011011100:1 1101011101011:1 1101011110101:1 1101100010000:1 }

	Command being timed: "python3 shor.py 13"
	User time (seconds): 1.77
	System time (seconds): 0.76
	Percent of CPU this job got: 84%
	Elapsed (wall clock) time (h:mm:ss or m:ss): 0:02.99
	Average shared text size (kbytes): 0
	Average unshared data size (kbytes): 0
	Average stack size (kbytes): 0
	Average total size (kbytes): 0
	Maximum resident set size (kbytes): 683476
	Average resident set size (kbytes): 0
	Major (requiring I/O) page faults: 0
	Minor (reclaiming a frame) page faults: 140338
	Voluntary context switches: 1946
	Involuntary context switches: 35
	Swaps: 0
	File system inputs: 0
	File system outputs: 24
	Socket messages sent: 0
	Socket messages received: 0
	Signals delivered: 0
	Page size (bytes): 4096
	Exit status: 0
Measurement results for a=5 and N=21 with 13 qubits in the control register 
{ 0000000000000:2527 0010000101001:1 0010001001010:1 0010100010001:1 0010100011001:1 0010100011100:1 0010100100001:2 0010100101011:1 0010100111001:1 0010100111011:1 0010100111100:1 0010100111101:1 0010100111110:1 0010101000000:1 0010101000001:1 0010101000101:1 0010101000110:2 0010101000111:1 0010101001000:1 0010101001010:4 0010101001011:1 0010101001100:6 0010101001101:1 0010101001110:3 0010101001111:9 0010101010000:6 0010101010001:3 0010101010010:21 0010101010011:47 0010101010100:106 0010101010101:1723 0010101010110:412 0010101010111:70 0010101011000:25 0010101011001:8 0010101011010:9 0010101011011:2 0010101011100:2 0010101011101:3 0010101011110:3 0010101011111:3 0010101100001:1 0010101100010:2 0010101100101:4 0010101101000:1 0010101101111:1 0010101110001:1 0010101110010:1 0010101110011:3 0010101110100:1 0010101111001:2 0011011101000:1 0100110001110:1 0101001001011:1 0101001010001:1 0101001101101:1 0101001110000:1 0101010010001:1 0101010010011:1 0101010011001:1 0101010011011:1 0101010011110:1 0101010011111:2 0101010100000:2 0101010100001:1 0101010100010:2 0101010100011:2 0101010100100:2 0101010100101:4 0101010100110:14 0101010100111:10 0101010101000:23 0101010101001:74 0101010101010:405 0101010101011:1653 0101010101100:109 0101010101101:34 0101010101110:16 0101010101111:13 0101010110000:8 0101010110001:3 0101010110010:3 0101010110011:4 0101010110100:1 0101010110101:2 0101010111000:1 0101010111100:1 0101010111111:1 0101011000000:1 0101011000101:1 0101011001111:1 0101011100101:1 0101011100110:1 0101100101111:1 0110000001001:1 1000000000000:2469 1010100000001:1 1010100100111:1 1010100101000:1 1010100101010:1 1010100110000:1 1010100110100:1 1010100110110:1 1010100111000:1 1010100111001:1 1010100111100:2 1010100111101:1 1010100111111:1 1010101000010:1 1010101000100:1 1010101000101:3 1010101000111:1 1010101001000:1 1010101001001:1 1010101001010:1 1010101001011:2 1010101001100:1 1010101001101:1 1010101001111:5 1010101010000:6 1010101010001:11 1010101010010:15 1010101010011:26 1010101010100:108 1010101010101:1796 1010101010110:425 1010101010111:78 1010101011000:25 1010101011001:16 1010101011010:5 1010101011011:8 1010101011100:2 1010101011101:1 1010101011110:3 1010101011111:4 1010101100000:1 1010101100001:1 1010101100010:1 1010101100011:1 1010101100100:1 1010101100101:2 1010101100111:1 1010101101001:1 1010101101101:2 1010101101110:1 1010101110001:1 1010101111001:1 1010110000011:1 1010110101000:1 1010110101010:1 1010111010000:1 1010111011111:1 1011000111001:1 1011010111000:1 1100000111010:1 1101001100110:1 1101001101101:1 1101001110111:1 1101010001000:1 1101010001011:1 1101010001101:1 1101010010100:1 1101010010110:1 1101010011000:1 1101010011001:1 1101010011010:2 1101010011011:2 1101010011100:1 1101010011101:1 1101010011110:1 1101010011111:2 1101010100000:2 1101010100001:1 1101010100010:3 1101010100011:1 1101010100100:3 1101010100101:5 1101010100110:9 1101010100111:17 1101010101000:31 1101010101001:79 1101010101010:432 1101010101011:1683 1101010101100:109 1101010101101:38 1101010101110:18 1101010101111:14 1101010110000:4 1101010110001:5 1101010110010:9 1101010110011:2 1101010110100:3 1101010110101:1 1101010110110:1 1101010110111:2 1101010111000:2 1101010111001:1 1101010111101:2 1101010111111:2 1101011000000:1 1101011000010:1 1101011000011:1 1101011000100:1 1101011000111:2 1101011001000:1 1101011001001:1 1101011010010:1 1101100000111:1 1101100110110:1 1101110010001:1 }

	Command being timed: "python3 shor.py 13"
	User time (seconds): 1.79
	System time (seconds): 0.76
	Percent of CPU this job got: 82%
	Elapsed (wall clock) time (h:mm:ss or m:ss): 0:03.11
	Average shared text size (kbytes): 0
	Average unshared data size (kbytes): 0
	Average stack size (kbytes): 0
	Average total size (kbytes): 0
	Maximum resident set size (kbytes): 679228
	Average resident set size (kbytes): 0
	Major (requiring I/O) page faults: 0
	Minor (reclaiming a frame) page faults: 135876
	Voluntary context switches: 2017
	Involuntary context switches: 40
	Swaps: 0
	File system inputs: 0
	File system outputs: 24
	Socket messages sent: 0
	Socket messages received: 0
	Signals delivered: 0
	Page size (bytes): 4096
	Exit status: 0
Measurement results for a=5 and N=21 with 13 qubits in the control register 
{ 0000000000000:2468 0010000011011:1 0010010010000:1 0010011010101:1 0010100010011:1 0010100011100:1 0010100100100:1 0010100101101:1 0010100110101:1 0010100110111:1 0010100111001:1 0010100111100:1 0010100111110:1 0010101000000:1 0010101000001:1 0010101000010:1 0010101000011:1 0010101000100:1 0010101000101:2 0010101000110:3 0010101001000:2 0010101001001:1 0010101001011:2 0010101001100:1 0010101001101:3 0010101001110:3 0010101001111:8 0010101010000:9 0010101010001:13 0010101010010:12 0010101010011:31 0010101010100:90 0010101010101:1702 0010101010110:414 0010101010111:60 0010101011000:34 0010101011001:17 0010101011010:9 0010101011011:5 0010101011100:2 0010101011110:5 0010101011111:1 0010101100000:4 0010101100001:2 0010101100010:2 0010101100011:1 0010101100100:2 0010101100101:1 0010101100111:1 0010101101100:1 0010101101111:1 0010101110000:1 0010101110001:1 0010101110100:1 0010101110101:1 0010101110111:1 0010101111001:1 0010110010110:1 0010110011000:1 0010110101010:2 0010111000000:1 0010111001010:1 0011010001100:1 0011111001011:1 0100111000001:1 0101001101111:1 0101010001000:1 0101010010000:1 0101010010111:1 0101010011001:1 0101010011010:1 0101010011110:2 0101010011111:2 0101010100001:4 0101010100010:1 0101010100011:4 0101010100100:6 0101010100101:5 0101010100110:9 0101010100111:14 0101010101000:34 0101010101001:79 0101010101010:442 0101010101011:1668 0101010101100:117 0101010101101:47 0101010101110:17 0101010101111:13 0101010110000:8 0101010110001:4 0101010110010:3 0101010110011:6 0101010110100:3 0101010110101:4 0101010110110:1 0101010110111:2 0101010111000:1 0101010111010:1 0101010111011:1 0101010111101:1 0101011000001:1 0101011000011:1 0101011001100:1 0101011010100:1 0101011100000:1 0101011110011:1 0101100001110:1 1000000000000:2469 1001000110111:1 1001101101001:1 1010100010100:1 1010100100000:1 1010100101000:1 1010100101100:1 1010100110011:1 1010100110101:1 1010100110111:2 1010100111001:1 1010100111011:1 1010101000101:1 1010101000110:2 1010101000111:1 1010101001001:2 1010101001011:1 1010101001100:5 1010101001101:2 1010101001110:3 1010101001111:7 1010101010000:8 1010101010001:6 1010101010010:19 1010101010011:36 1010101010100:101 1010101010101:1721 1010101010110:453 1010101010111:79 1010101011000:28 1010101011001:19 1010101011010:6 1010101011011:9 1010101011100:6 1010101011101:4 1010101011110:3 1010101011111:1 1010101100001:1 1010101100010:4 1010101100011:1 1010101101001:1 1010101101111:3 1010101110001:2 1010101110010:1 1010101111010:1 1010110000110:1 1010110001011:1 1010110110110:1 1011100011101:1 1100110111111:1 1101000010111:1 1101001100011:1 1101001110100:1 1101001110101:1 1101010000010:1 1101010001010:2 1101010010100:1 1101010010101:1 1101010011000:1 1101010011101:3 1101010011110:1 1101010100001:1 1101010100010:1 1101010100011:6 1101010100100:4 1101010100101:1 1101010100110:5 1101010100111:20 1101010101000:24 1101010101001:59 1101010101010:466 1101010101011:1725 1101010101100:94 1101010101101:31 1101010101110:11 1101010101111:15 1101010110000:6 1101010110001:6 1101010110010:5 1101010110011:4 1101010110100:3 1101010110101:2 1101010110110:2 1101010110111:1 1101010111000:1 1101010111001:2 1101010111010:1 1101011000000:1 1101011000011:2 1101011000110:1 1101011000111:1 1101011001100:2 1101011010100:1 1101011011010:1 1101011011011:1 1101101010111:1 }

	Command being timed: "python3 shor.py 13"
	User time (seconds): 1.77
	System time (seconds): 0.84
	Percent of CPU this job got: 87%
	Elapsed (wall clock) time (h:mm:ss or m:ss): 0:02.99
	Average shared text size (kbytes): 0
	Average unshared data size (kbytes): 0
	Average stack size (kbytes): 0
	Average total size (kbytes): 0
	Maximum resident set size (kbytes): 683792
	Average resident set size (kbytes): 0
	Major (requiring I/O) page faults: 0
	Minor (reclaiming a frame) page faults: 136195
	Voluntary context switches: 1912
	Involuntary context switches: 37
	Swaps: 0
	File system inputs: 0
	File system outputs: 24
	Socket messages sent: 0
	Socket messages received: 0
	Signals delivered: 0
	Page size (bytes): 4096
	Exit status: 0
Measurement results for a=5 and N=21 with 13 qubits in the control register 
{ 0000000000000:2487 0010011111111:1 0010100101110:1 0010100111010:1 0010100111110:1 0010101000001:1 0010101000010:2 0010101000011:1 0010101000100:1 0010101000101:1 0010101000111:1 0010101001000:2 0010101001001:2 0010101001010:1 0010101001011:4 0010101001100:5 0010101001101:5 0010101001110:2 0010101001111:3 0010101010000:8 0010101010001:6 0010101010010:16 0010101010011:26 0010101010100:116 0010101010101:1679 0010101010110:448 0010101010111:71 0010101011000:30 0010101011001:13 0010101011010:10 0010101011011:5 0010101011100:1 0010101011101:1 0010101011110:3 0010101011111:4 0010101100000:2 0010101100001:1 0010101100010:4 0010101100100:1 0010101100101:2 0010101100110:1 0010101101001:1 0010101101010:1 0010101110001:1 0010101110011:1 0010101110100:1 0010101110110:2 0010101111010:1 0010110000111:1 0010110001011:1 0010110100111:1 0011010110110:1 0011100010000:1 0101000001100:1 0101001011101:1 0101001100001:1 0101001101110:2 0101001110000:1 0101001110110:2 0101001111000:1 0101010001010:1 0101010001111:1 0101010010010:1 0101010010110:1 0101010011011:1 0101010011100:1 0101010011101:1 0101010011110:1 0101010011111:1 0101010100000:3 0101010100001:3 0101010100010:3 0101010100011:2 0101010100100:5 0101010100101:6 0101010100110:5 0101010100111:18 0101010101000:28 0101010101001:66 0101010101010:391 0101010101011:1743 0101010101100:126 0101010101101:27 0101010101110:19 0101010101111:9 0101010110000:3 0101010110001:2 0101010110010:1 0101010110011:2 0101010110100:2 0101010110101:3 0101010110111:1 0101010111001:2 0101010111011:2 0101010111100:1 0101011000011:1 0101011000100:1 0101011000110:1 0101011001000:1 0101011001010:1 0101011011100:1 0101100000000:1 0101101111000:1 0101110010000:1 1000000000000:2427 1010011000000:1 1010011000100:1 1010100011011:2 1010100100100:1 1010100101001:1 1010100110111:1 1010100111101:1 1010100111110:1 1010100111111:1 1010101000000:1 1010101000010:3 1010101000100:2 1010101000101:1 1010101001000:5 1010101001010:2 1010101001011:3 1010101001100:1 1010101001101:2 1010101001110:4 1010101001111:4 1010101010000:7 1010101010001:12 1010101010010:24 1010101010011:33 1010101010100:110 1010101010101:1716 1010101010110:442 1010101010111:84 1010101011000:24 1010101011001:12 1010101011010:10 1010101011011:8 1010101011100:2 1010101011101:3 1010101011110:4 1010101011111:1 1010101100000:2 1010101100001:1 1010101100010:2 1010101100011:2 1010101100100:1 1010101100101:2 1010101100111:1 1010101101000:2 1010101101010:1 1010101111000:2 1010101111010:1 1010111000110:1 1100100011110:1 1100110110111:1 1100111001101:1 1101001001010:1 1101001110011:1 1101001110111:1 1101010001011:1 1101010001101:1 1101010001111:1 1101010010010:1 1101010011010:1 1101010011100:2 1101010011101:2 1101010011111:5 1101010100001:2 1101010100010:5 1101010100011:2 1101010100100:2 1101010100101:6 1101010100110:3 1101010100111:13 1101010101000:27 1101010101001:68 1101010101010:436 1101010101011:1738 1101010101100:109 1101010101101:40 1101010101110:18 1101010101111:7 1101010110000:5 1101010110001:4 1101010110010:5 1101010110011:2 1101010110100:5 1101010110101:1 1101010110111:2 1101010111000:2 1101010111001:2 1101010111010:2 1101010111100:1 1101010111101:1 1101010111110:1 1101010111111:1 1101011000001:1 1101011000010:1 1101011000101:1 1101011000110:1 1101011001001:2 1101011010010:1 1101011100101:1 1101011111000:1 1101100011000:1 1101100011010:1 1111011111001:1 }

	Command being timed: "python3 shor.py 13"
	User time (seconds): 1.79
	System time (seconds): 0.92
	Percent of CPU this job got: 87%
	Elapsed (wall clock) time (h:mm:ss or m:ss): 0:03.09
	Average shared text size (kbytes): 0
	Average unshared data size (kbytes): 0
	Average stack size (kbytes): 0
	Average total size (kbytes): 0
	Maximum resident set size (kbytes): 685024
	Average resident set size (kbytes): 0
	Major (requiring I/O) page faults: 0
	Minor (reclaiming a frame) page faults: 136123
	Voluntary context switches: 2042
	Involuntary context switches: 38
	Swaps: 0
	File system inputs: 0
	File system outputs: 16
	Socket messages sent: 0
	Socket messages received: 0
	Signals delivered: 0
	Page size (bytes): 4096
	Exit status: 0
