WARNING: overwriting environment variables set in the machine
overwriting variable ['LD_LIBRARY_PATH']
Measurement results for a=5 and N=21 with 15 qubits in the control register 
{ 000000000000000:2538 001010011100110:1 001010011101110:1 001010100000010:1 001010100001011:1 001010100010000:1 001010100011100:1 001010100100010:1 001010100101011:1 001010100101111:1 001010101000011:1 001010101000101:1 001010101000111:1 001010101001001:2 001010101001010:2 001010101001100:3 001010101001101:3 001010101001110:2 001010101010000:5 001010101010001:8 001010101010010:20 001010101010011:27 001010101010100:134 001010101010101:1697 001010101010110:439 001010101010111:72 001010101011000:26 001010101011001:11 001010101011010:16 001010101011011:8 001010101011100:8 001010101011101:4 001010101011110:1 001010101011111:2 001010101100000:2 001010101100001:1 001010101100010:1 001010101100011:2 001010101100100:1 001010101100110:1 001010101100111:1 001010101101000:1 001010101101011:1 001010101101101:1 001010101101111:1 001010101110000:1 001010101110100:1 001010110000111:1 001010110010000:1 001010111000100:1 001011101101011:1 010101001000111:1 010101001010011:1 010101001110101:1 010101001110110:1 010101010000000:1 010101010001001:1 010101010010010:1 010101010010011:1 010101010010111:1 010101010011000:4 010101010011010:1 010101010011011:1 010101010011101:2 010101010011110:2 010101010011111:4 010101010100000:1 010101010100001:3 010101010100010:2 010101010100011:1 010101010100100:6 010101010100101:4 010101010100110:8 010101010100111:18 010101010101000:19 010101010101001:70 010101010101010:413 010101010101011:1698 010101010101100:105 010101010101101:42 010101010101110:21 010101010101111:10 010101010110000:5 010101010110001:6 010101010110011:2 010101010110101:3 010101010110110:2 010101010111001:3 010101010111010:1 010101010111011:1 010101010111110:3 010101011000001:2 010101011000101:1 010101011010101:1 010101011100001:1 010101011100010:1 010101100000001:1 010101100010010:1 010101101010001:1 010101110110010:1 010101111011010:1 100000000000000:2505 101000101110011:1 101010000110010:1 101010010110100:1 101010100010010:1 101010100111111:3 101010101000000:2 101010101000010:2 101010101000110:2 101010101000111:1 101010101001000:1 101010101001010:1 101010101001011:1 101010101001100:2 101010101001101:4 101010101001110:3 101010101001111:5 101010101010000:7 101010101010001:13 101010101010010:16 101010101010011:40 101010101010100:123 101010101010101:1668 101010101010110:431 101010101010111:76 101010101011000:29 101010101011001:19 101010101011010:12 101010101011011:6 101010101011100:3 101010101011101:4 101010101011110:1 101010101100000:2 101010101100001:1 101010101100010:1 101010101100100:1 101010101101000:1 101010101110011:1 101010101111111:1 101010110000001:1 101011001010000:1 101011011010110:1 110010011111101:1 110100011011111:1 110100110111111:1 110100111011111:1 110100111100000:1 110101000111110:1 110101001011000:1 110101001111110:1 110101010000101:1 110101010001010:1 110101010010010:1 110101010010111:1 110101010011000:1 110101010011011:1 110101010011100:1 110101010011110:1 110101010011111:1 110101010100000:1 110101010100001:1 110101010100010:1 110101010100011:8 110101010100100:2 110101010100101:2 110101010100110:5 110101010100111:13 110101010101000:18 110101010101001:65 110101010101010:419 110101010101011:1709 110101010101100:107 110101010101101:35 110101010101110:11 110101010101111:4 110101010110000:4 110101010110001:7 110101010110010:8 110101010110011:2 110101010110100:3 110101010110101:3 110101010110110:1 110101010110111:2 110101010111000:1 110101010111001:1 110101010111010:1 110101010111011:2 110101010111101:3 110101010111110:2 110101011000110:1 110101011000111:1 110101011001000:1 110101011011011:2 110101011100001:1 111000001011100:1 }

	Command being timed: "python3 shor.py 15"
	User time (seconds): 9.74
	System time (seconds): 1.13
	Percent of CPU this job got: 91%
	Elapsed (wall clock) time (h:mm:ss or m:ss): 0:11.84
	Average shared text size (kbytes): 0
	Average unshared data size (kbytes): 0
	Average stack size (kbytes): 0
	Average total size (kbytes): 0
	Maximum resident set size (kbytes): 1125660
	Average resident set size (kbytes): 0
	Major (requiring I/O) page faults: 0
	Minor (reclaiming a frame) page faults: 513434
	Voluntary context switches: 3935
	Involuntary context switches: 158
	Swaps: 0
	File system inputs: 0
	File system outputs: 16
	Socket messages sent: 0
	Socket messages received: 0
	Signals delivered: 0
	Page size (bytes): 4096
	Exit status: 0
Measurement results for a=5 and N=21 with 15 qubits in the control register 
{ 000000000000000:2468 001010001000001:1 001010010000110:1 001010011100001:1 001010100001110:1 001010100010110:1 001010100101010:1 001010100110000:1 001010100111001:1 001010100111100:1 001010101000001:1 001010101000110:1 001010101000111:2 001010101001000:1 001010101001001:2 001010101001010:2 001010101001011:1 001010101001100:4 001010101001101:1 001010101001110:5 001010101001111:4 001010101010000:9 001010101010001:13 001010101010010:22 001010101010011:31 001010101010100:109 001010101010101:1779 001010101010110:403 001010101010111:65 001010101011000:22 001010101011001:16 001010101011010:11 001010101011011:7 001010101011100:4 001010101011101:3 001010101011110:2 001010101011111:1 001010101100000:1 001010101100001:1 001010101100010:1 001010101100011:1 001010101100100:1 001010101100101:1 001010101100111:1 001010101101000:1 001010101101110:1 001010101110011:1 001010101111000:1 001010101111011:1 001010101111111:1 001010110010001:1 001010110010010:1 001010110010111:1 001010110011111:1 010010101000011:1 010100100001011:1 010101001011101:1 010101001101111:1 010101001111011:1 010101001111101:1 010101010001001:1 010101010001100:1 010101010010000:1 010101010010001:1 010101010010010:2 010101010010011:1 010101010011000:1 010101010011010:1 010101010011100:1 010101010011110:1 010101010011111:1 010101010100001:2 010101010100010:2 010101010100011:4 010101010100100:5 010101010100101:4 010101010100110:16 010101010100111:21 010101010101000:35 010101010101001:77 010101010101010:405 010101010101011:1721 010101010101100:105 010101010101101:37 010101010101110:12 010101010101111:14 010101010110000:8 010101010110001:6 010101010110010:1 010101010110011:2 010101010110100:2 010101010110101:4 010101010110110:2 010101010110111:1 010101010111001:1 010101010111010:1 010101010111100:1 010101010111101:1 010101010111110:1 010101010111111:1 010101011000001:1 010101011000110:2 010101011010110:1 010101011100100:1 010101011101000:1 010101100000010:1 010101110011101:1 010101110111010:1 100000000000000:2460 101001011010100:1 101010011010001:1 101010011110110:1 101010011111100:1 101010100001011:1 101010100011101:1 101010100100000:1 101010100100011:1 101010100100101:1 101010100110101:2 101010100111000:1 101010100111010:1 101010101000000:1 101010101000011:1 101010101000100:2 101010101000110:2 101010101000111:1 101010101001000:1 101010101001001:3 101010101001100:2 101010101001101:4 101010101001110:6 101010101001111:5 101010101010000:5 101010101010001:8 101010101010010:16 101010101010011:42 101010101010100:108 101010101010101:1749 101010101010110:410 101010101010111:71 101010101011000:25 101010101011001:13 101010101011010:6 101010101011011:4 101010101011100:3 101010101011101:3 101010101011110:2 101010101011111:2 101010101100000:4 101010101100001:1 101010101100011:1 101010101100100:1 101010101100101:1 101010101100110:1 101010101110001:1 101010101110110:1 101010101111011:1 101010110001110:1 101010110111011:1 101011001100001:1 101101100001001:1 110101000011011:1 110101001001101:1 110101001011000:1 110101001011101:1 110101001100100:1 110101001101101:1 110101010000110:1 110101010001010:1 110101010010100:1 110101010010111:1 110101010011010:2 110101010011011:1 110101010011100:1 110101010011101:2 110101010011111:3 110101010100001:3 110101010100010:3 110101010100011:5 110101010100100:4 110101010100101:3 110101010100110:5 110101010100111:21 110101010101000:32 110101010101001:76 110101010101010:411 110101010101011:1674 110101010101100:121 110101010101101:41 110101010101110:16 110101010101111:8 110101010110000:6 110101010110001:5 110101010110010:4 110101010110011:2 110101010110100:3 110101010110101:3 110101010110110:2 110101010110111:1 110101010111000:2 110101010111001:1 110101010111100:1 110101010111101:2 110101011001011:1 110101011010110:1 110101011100001:1 110101011101001:1 110101011110001:1 110101100001000:1 110101100011010:1 110101100111110:1 }

	Command being timed: "python3 shor.py 15"
	User time (seconds): 9.59
	System time (seconds): 1.10
	Percent of CPU this job got: 97%
	Elapsed (wall clock) time (h:mm:ss or m:ss): 0:11.02
	Average shared text size (kbytes): 0
	Average unshared data size (kbytes): 0
	Average stack size (kbytes): 0
	Average total size (kbytes): 0
	Maximum resident set size (kbytes): 1127028
	Average resident set size (kbytes): 0
	Major (requiring I/O) page faults: 0
	Minor (reclaiming a frame) page faults: 517450
	Voluntary context switches: 1977
	Involuntary context switches: 215
	Swaps: 0
	File system inputs: 0
	File system outputs: 24
	Socket messages sent: 0
	Socket messages received: 0
	Signals delivered: 0
	Page size (bytes): 4096
	Exit status: 0
Measurement results for a=5 and N=21 with 15 qubits in the control register 
{ 000000000000000:2518 001001100000101:1 001010011110010:1 001010011111110:1 001010100010000:1 001010100011010:1 001010100110001:1 001010100110100:1 001010100111100:1 001010101000010:1 001010101000100:1 001010101000111:1 001010101001101:4 001010101001110:3 001010101001111:2 001010101010000:9 001010101010001:9 001010101010010:17 001010101010011:33 001010101010100:107 001010101010101:1687 001010101010110:446 001010101010111:67 001010101011000:28 001010101011001:19 001010101011010:10 001010101011011:2 001010101011100:6 001010101011101:3 001010101011110:5 001010101011111:2 001010101100000:2 001010101100001:1 001010101100011:2 001010101100101:1 001010101100110:1 001010101101001:1 001010101101011:1 001010101101100:1 001010101101101:1 001010101110110:1 001011000111110:1 010100111101000:1 010100111101010:1 010101000101000:1 010101010001000:1 010101010001011:1 010101010001100:1 010101010010011:1 010101010011001:1 010101010011010:1 010101010011011:1 010101010011100:1 010101010011101:2 010101010011110:2 010101010011111:3 010101010100000:1 010101010100001:3 010101010100011:8 010101010100100:6 010101010100101:6 010101010100110:10 010101010100111:20 010101010101000:32 010101010101001:52 010101010101010:419 010101010101011:1718 010101010101100:108 010101010101101:18 010101010101110:22 010101010101111:6 010101010110000:11 010101010110001:2 010101010110010:5 010101010110011:1 010101010110100:1 010101010110101:1 010101010110110:2 010101010110111:2 010101010111000:1 010101010111010:1 010101010111100:1 010101010111101:2 010101010111110:2 010101010111111:1 010101011001000:2 010101011001010:1 010101011001011:2 010101100000100:1 010101100000111:1 010101100001000:1 010101100010001:1 010101101111101:1 100000000000000:2462 101010001100100:1 101010100001101:1 101010100011110:1 101010100110011:1 101010100110100:1 101010100110110:1 101010100111100:1 101010101000110:1 101010101001000:1 101010101001010:1 101010101001011:2 101010101001100:1 101010101001101:3 101010101001110:2 101010101001111:5 101010101010000:4 101010101010001:7 101010101010010:18 101010101010011:27 101010101010100:86 101010101010101:1716 101010101010110:457 101010101010111:79 101010101011000:29 101010101011001:12 101010101011010:9 101010101011011:10 101010101011100:8 101010101011101:4 101010101011110:4 101010101011111:2 101010101100000:1 101010101100010:1 101010101100011:3 101010101100100:1 101010101100101:3 101010101100110:1 101010101101001:1 101010101101010:1 101010101101100:2 101010101101101:1 101010101110000:1 101010101110101:2 101010101111110:1 101010110010101:1 101010110101111:1 101010110110100:1 101010111000110:1 101100000000000:1 101110101100001:1 110100100001011:1 110100110011110:1 110101000010001:1 110101000100010:1 110101010000111:1 110101010001001:1 110101010010010:1 110101010010011:1 110101010010100:1 110101010011001:1 110101010011011:2 110101010011100:1 110101010100000:1 110101010100001:1 110101010100010:4 110101010100011:2 110101010100100:7 110101010100101:6 110101010100110:6 110101010100111:9 110101010101000:20 110101010101001:60 110101010101010:423 110101010101011:1747 110101010101100:129 110101010101101:36 110101010101110:17 110101010101111:7 110101010110000:11 110101010110001:1 110101010110010:5 110101010110011:3 110101010110100:2 110101010110101:2 110101010110110:2 110101010110111:1 110101010111000:3 110101010111001:1 110101010111011:1 110101010111101:1 110101010111110:1 110101011000001:1 110101011001101:2 110101011011111:1 110101110111110:1 }

	Command being timed: "python3 shor.py 15"
	User time (seconds): 9.90
	System time (seconds): 1.13
	Percent of CPU this job got: 97%
	Elapsed (wall clock) time (h:mm:ss or m:ss): 0:11.36
	Average shared text size (kbytes): 0
	Average unshared data size (kbytes): 0
	Average stack size (kbytes): 0
	Average total size (kbytes): 0
	Maximum resident set size (kbytes): 1123840
	Average resident set size (kbytes): 0
	Major (requiring I/O) page faults: 0
	Minor (reclaiming a frame) page faults: 509269
	Voluntary context switches: 1972
	Involuntary context switches: 168
	Swaps: 0
	File system inputs: 0
	File system outputs: 24
	Socket messages sent: 0
	Socket messages received: 0
	Signals delivered: 0
	Page size (bytes): 4096
	Exit status: 0
Measurement results for a=5 and N=21 with 15 qubits in the control register 
{ 000000000000000:2472 001001111011110:1 001010100010010:1 001010100010110:1 001010100011110:1 001010100100001:1 001010100101011:1 001010100110001:1 001010100110010:1 001010100111001:1 001010100111010:1 001010100111111:1 001010101000011:2 001010101000101:3 001010101000111:1 001010101001001:1 001010101001010:1 001010101001011:1 001010101001100:1 001010101001110:2 001010101001111:5 001010101010000:9 001010101010001:11 001010101010010:20 001010101010011:34 001010101010100:109 001010101010101:1679 001010101010110:413 001010101010111:63 001010101011000:29 001010101011001:15 001010101011010:7 001010101011011:6 001010101011100:3 001010101011101:3 001010101011110:2 001010101100000:1 001010101100001:3 001010101100010:1 001010101100100:3 001010101101011:2 001010101101111:1 001010101110011:2 001010101111000:1 001010101111001:1 001010101111011:1 001010110000010:1 001010110111100:1 001011000001010:1 010101001110010:1 010101001110110:1 010101010001000:1 010101010001100:2 010101010001111:1 010101010011011:1 010101010011100:2 010101010011101:2 010101010011110:1 010101010100001:2 010101010100010:3 010101010100011:4 010101010100100:8 010101010100101:4 010101010100110:5 010101010100111:10 010101010101000:21 010101010101001:91 010101010101010:408 010101010101011:1735 010101010101100:105 010101010101101:40 010101010101110:16 010101010101111:11 010101010110000:5 010101010110001:2 010101010110010:2 010101010110011:3 010101010110100:5 010101010110101:3 010101010110110:1 010101010110111:1 010101010111000:3 010101010111001:1 010101010111100:1 010101010111110:1 010101011000001:1 010101011001011:1 010101011011000:1 010101011101000:1 010101011101110:1 010101100011100:1 010101100100111:1 010101110011111:1 010101111101100:1 100000000000000:2498 101001110101011:1 101010011101001:1 101010100111011:1 101010101000000:1 101010101000010:2 101010101000011:1 101010101000101:1 101010101000110:1 101010101000111:1 101010101001000:2 101010101001001:1 101010101001010:2 101010101001011:4 101010101001100:3 101010101001101:2 101010101001110:2 101010101001111:8 101010101010000:6 101010101010001:4 101010101010010:9 101010101010011:37 101010101010100:100 101010101010101:1705 101010101010110:453 101010101010111:79 101010101011000:23 101010101011001:13 101010101011010:3 101010101011011:5 101010101011100:10 101010101011101:7 101010101011110:3 101010101011111:5 101010101100000:2 101010101100001:1 101010101100010:2 101010101100011:2 101010101100101:2 101010101100110:2 101010101101001:1 101010101110010:1 101010101110101:1 101010101110111:1 101010110000000:2 101010110000010:1 101010110011010:1 101010111010110:1 110010100000010:1 110100100011110:1 110101000111111:1 110101001001011:1 110101001010100:1 110101001110100:1 110101001110101:1 110101010001111:1 110101010010001:1 110101010011000:1 110101010011001:2 110101010011010:2 110101010011011:4 110101010011101:1 110101010011111:2 110101010100000:3 110101010100010:2 110101010100011:1 110101010100100:8 110101010100101:6 110101010100110:10 110101010100111:3 110101010101000:27 110101010101001:63 110101010101010:397 110101010101011:1800 110101010101100:99 110101010101101:41 110101010101110:20 110101010101111:12 110101010110000:9 110101010110001:5 110101010110010:4 110101010110101:1 110101010110111:2 110101010111000:1 110101010111001:1 110101010111010:3 110101010111011:2 110101010111100:1 110101011010010:1 110101011010011:1 110101011010100:1 110101011010101:1 110101011011110:1 110101011101001:1 110101011110000:1 110101011111011:1 110101100000011:1 110101100110001:1 }

	Command being timed: "python3 shor.py 15"
	User time (seconds): 9.86
	System time (seconds): 1.15
	Percent of CPU this job got: 97%
	Elapsed (wall clock) time (h:mm:ss or m:ss): 0:11.33
	Average shared text size (kbytes): 0
	Average unshared data size (kbytes): 0
	Average stack size (kbytes): 0
	Average total size (kbytes): 0
	Maximum resident set size (kbytes): 1122492
	Average resident set size (kbytes): 0
	Major (requiring I/O) page faults: 0
	Minor (reclaiming a frame) page faults: 512335
	Voluntary context switches: 1973
	Involuntary context switches: 176
	Swaps: 0
	File system inputs: 0
	File system outputs: 24
	Socket messages sent: 0
	Socket messages received: 0
	Signals delivered: 0
	Page size (bytes): 4096
	Exit status: 0
Measurement results for a=5 and N=21 with 15 qubits in the control register 
{ 000000000000000:2575 001001011100100:1 001010000011111:1 001010100001011:1 001010100100101:1 001010100101100:1 001010100110001:1 001010100111100:1 001010100111110:1 001010101000000:1 001010101000010:2 001010101000100:1 001010101000110:2 001010101001000:2 001010101001010:2 001010101001011:5 001010101001101:2 001010101001110:4 001010101001111:8 001010101010000:11 001010101010001:7 001010101010010:14 001010101010011:36 001010101010100:108 001010101010101:1713 001010101010110:428 001010101010111:62 001010101011000:15 001010101011001:15 001010101011010:6 001010101011011:4 001010101011100:5 001010101011110:5 001010101011111:1 001010101100000:3 001010101100001:1 001010101100011:2 001010101100101:1 001010101101101:1 001010101110010:1 001010101110011:1 001010101111100:1 001010110000110:1 001010110001000:1 001010110011010:1 010100011001000:1 010101001001100:1 010101001110011:1 010101010000100:1 010101010001001:1 010101010001011:1 010101010001110:1 010101010010000:1 010101010010001:1 010101010010100:1 010101010010101:1 010101010011000:2 010101010011010:2 010101010011100:1 010101010011101:1 010101010011111:1 010101010100000:1 010101010100001:2 010101010100010:3 010101010100011:7 010101010100100:5 010101010100101:3 010101010100110:6 010101010100111:15 010101010101000:16 010101010101001:75 010101010101010:419 010101010101011:1718 010101010101100:103 010101010101101:37 010101010101110:23 010101010101111:12 010101010110000:7 010101010110001:6 010101010110010:3 010101010110011:4 010101010110100:3 010101010110110:2 010101010111000:2 010101010111001:1 010101010111010:2 010101011000100:1 010101011100100:1 010101011101100:1 010101011110011:1 010101011111000:1 010101100000001:1 010101100001011:1 010101110000011:1 010101110001001:1 100000000000000:2430 101010001001111:1 101010011000101:1 101010011010111:1 101010011111111:1 101010100000011:1 101010100001100:1 101010100010011:1 101010100011101:1 101010100100010:1 101010100100110:1 101010100110000:1 101010100111100:1 101010100111110:1 101010101000000:1 101010101000001:1 101010101000110:2 101010101000111:2 101010101001000:1 101010101001001:1 101010101001010:3 101010101001011:2 101010101001100:3 101010101001101:2 101010101001110:1 101010101001111:3 101010101010000:8 101010101010001:11 101010101010010:17 101010101010011:31 101010101010100:104 101010101010101:1748 101010101010110:413 101010101010111:68 101010101011000:28 101010101011001:18 101010101011010:8 101010101011011:4 101010101011100:3 101010101011101:5 101010101011110:1 101010101011111:4 101010101100000:5 101010101100001:1 101010101100100:2 101010101100101:1 101010101101100:1 101010101101101:2 101010101111100:1 101010110000011:1 101010110001000:1 101010110001110:1 101011011110011:1 110101001100110:1 110101001110001:1 110101001110100:1 110101001110110:1 110101001111000:1 110101010000100:1 110101010001011:1 110101010010000:1 110101010010010:1 110101010010011:1 110101010010110:3 110101010011000:1 110101010011010:1 110101010011011:2 110101010011100:2 110101010011111:1 110101010100000:3 110101010100001:2 110101010100010:2 110101010100011:3 110101010100100:3 110101010100101:5 110101010100110:12 110101010100111:11 110101010101000:22 110101010101001:69 110101010101010:414 110101010101011:1714 110101010101100:113 110101010101101:35 110101010101110:19 110101010101111:5 110101010110000:9 110101010110001:6 110101010110010:2 110101010110011:2 110101010110100:2 110101010110101:1 110101010110110:1 110101010110111:1 110101010111000:1 110101010111010:2 110101010111011:1 110101010111101:1 110101010111110:1 110101010111111:2 110101011000000:1 110101011000010:1 110101011000100:1 110101011110100:1 111000100010001:1 }

	Command being timed: "python3 shor.py 15"
	User time (seconds): 9.80
	System time (seconds): 1.20
	Percent of CPU this job got: 96%
	Elapsed (wall clock) time (h:mm:ss or m:ss): 0:11.46
	Average shared text size (kbytes): 0
	Average unshared data size (kbytes): 0
	Average stack size (kbytes): 0
	Average total size (kbytes): 0
	Maximum resident set size (kbytes): 1126404
	Average resident set size (kbytes): 0
	Major (requiring I/O) page faults: 0
	Minor (reclaiming a frame) page faults: 513445
	Voluntary context switches: 2933
	Involuntary context switches: 230
	Swaps: 0
	File system inputs: 0
	File system outputs: 24
	Socket messages sent: 0
	Socket messages received: 0
	Signals delivered: 0
	Page size (bytes): 4096
	Exit status: 0
Measurement results for a=5 and N=21 with 15 qubits in the control register 
{ 000000000000000:2475 001010010010010:1 001010010011101:1 001010100010011:1 001010100100110:1 001010100100111:1 001010100101000:1 001010100101100:1 001010100101111:1 001010100111010:1 001010100111111:1 001010101000001:2 001010101000011:1 001010101000100:2 001010101000110:2 001010101000111:1 001010101001000:4 001010101001001:1 001010101001010:1 001010101001011:2 001010101001100:2 001010101001101:1 001010101001110:1 001010101001111:8 001010101010000:9 001010101010001:12 001010101010010:16 001010101010011:33 001010101010100:100 001010101010101:1670 001010101010110:449 001010101010111:59 001010101011000:28 001010101011001:15 001010101011010:11 001010101011011:9 001010101011100:6 001010101011101:3 001010101011110:4 001010101011111:2 001010101100000:1 001010101100001:1 001010101100010:2 001010101101000:1 001010101101011:1 001010101101101:1 001010101101111:1 001010101110100:1 001010101110110:2 001010101111000:1 001010110000001:1 001010110011110:1 001010110100000:1 001010110101010:1 001010110110101:1 001011001011010:1 001011001101101:1 010100100001100:1 010101001101010:1 010101001110001:1 010101001110110:1 010101010000101:1 010101010000110:1 010101010010101:1 010101010010110:1 010101010011000:2 010101010011011:1 010101010011101:2 010101010011110:2 010101010100000:1 010101010100001:1 010101010100010:4 010101010100011:1 010101010100100:2 010101010100101:4 010101010100110:12 010101010100111:14 010101010101000:25 010101010101001:77 010101010101010:430 010101010101011:1709 010101010101100:123 010101010101101:34 010101010101110:14 010101010101111:8 010101010110000:4 010101010110001:6 010101010110010:4 010101010110011:2 010101010110100:3 010101010110101:1 010101010110110:1 010101010111000:1 010101010111001:1 010101010111010:1 010101010111011:1 010101010111100:2 010101010111110:1 010101010111111:1 010101011000000:1 010101011001000:2 010101011001001:1 010101011010010:1 010101011010100:1 010101011010110:1 010101011010111:1 010101011011001:1 010101011100001:1 010101011111110:1 010101100010111:1 100000000000000:2472 101010000011101:1 101010100000101:1 101010100001100:1 101010100011011:1 101010100100110:1 101010100101000:1 101010100101001:1 101010100110101:1 101010100111001:1 101010100111010:2 101010100111100:2 101010101000000:1 101010101000001:1 101010101000110:1 101010101001000:1 101010101001001:1 101010101001010:4 101010101001011:1 101010101001100:4 101010101001101:1 101010101001110:2 101010101001111:4 101010101010000:5 101010101010001:10 101010101010010:14 101010101010011:36 101010101010100:94 101010101010101:1766 101010101010110:431 101010101010111:77 101010101011000:20 101010101011001:14 101010101011010:12 101010101011011:5 101010101011100:1 101010101011101:2 101010101011110:2 101010101011111:1 101010101100000:2 101010101100001:3 101010101100010:2 101010101100011:1 101010101100100:1 101010101100101:1 101010101100110:2 101010101100111:1 101010101101100:1 101010101101110:1 101010101110001:1 101010101111000:1 101010101111011:1 101010110000110:1 101010110011100:1 101010110110001:1 101010110111100:1 101010111111000:1 101011000000110:1 101011000011000:1 101011001110000:1 110011111000011:1 110100011100110:1 110101001000111:1 110101010000100:1 110101010010001:1 110101010011010:1 110101010011101:1 110101010011110:1 110101010011111:3 110101010100010:1 110101010100011:3 110101010100100:5 110101010100101:3 110101010100110:14 110101010100111:11 110101010101000:28 110101010101001:69 110101010101010:460 110101010101011:1714 110101010101100:101 110101010101101:25 110101010101110:14 110101010101111:10 110101010110000:4 110101010110001:5 110101010110010:7 110101010110011:1 110101010110101:2 110101010110110:2 110101010111000:2 110101010111011:1 110101010111101:2 110101010111111:1 110101011000000:1 110101011000001:3 110101011010100:1 110101011010101:1 110101011010110:1 110101100100011:1 111110110111110:1 }

	Command being timed: "python3 shor.py 15"
	User time (seconds): 9.93
	System time (seconds): 1.17
	Percent of CPU this job got: 97%
	Elapsed (wall clock) time (h:mm:ss or m:ss): 0:11.43
	Average shared text size (kbytes): 0
	Average unshared data size (kbytes): 0
	Average stack size (kbytes): 0
	Average total size (kbytes): 0
	Maximum resident set size (kbytes): 1125652
	Average resident set size (kbytes): 0
	Major (requiring I/O) page faults: 0
	Minor (reclaiming a frame) page faults: 508690
	Voluntary context switches: 1977
	Involuntary context switches: 170
	Swaps: 0
	File system inputs: 0
	File system outputs: 24
	Socket messages sent: 0
	Socket messages received: 0
	Signals delivered: 0
	Page size (bytes): 4096
	Exit status: 0
Measurement results for a=5 and N=21 with 15 qubits in the control register 
{ 000000000000000:2490 001010000000111:1 001010001101001:1 001010011100010:1 001010011110111:1 001010100100100:1 001010100110111:1 001010100111010:1 001010100111011:1 001010100111101:2 001010101000000:1 001010101000001:1 001010101000010:1 001010101000101:1 001010101000110:1 001010101000111:1 001010101001000:1 001010101001001:1 001010101001010:3 001010101001011:1 001010101001100:2 001010101001101:2 001010101001110:2 001010101001111:4 001010101010000:6 001010101010001:11 001010101010010:12 001010101010011:24 001010101010100:105 001010101010101:1650 001010101010110:437 001010101010111:65 001010101011000:22 001010101011001:15 001010101011010:9 001010101011011:11 001010101011100:4 001010101011101:3 001010101011110:2 001010101011111:1 001010101100000:5 001010101100101:1 001010101100110:2 001010101100111:1 001010101101000:1 001010101101001:1 001010101101011:1 001010101111011:1 001010110000010:1 001010110001100:1 001010111010100:1 001011001011100:1 001011101101000:1 010101001100100:1 010101001100111:1 010101001110001:1 010101010000001:1 010101010010010:2 010101010010011:1 010101010010101:1 010101010010111:1 010101010011010:1 010101010011011:2 010101010011100:2 010101010011111:1 010101010100000:4 010101010100001:3 010101010100010:3 010101010100011:3 010101010100100:4 010101010100101:4 010101010100110:9 010101010100111:16 010101010101000:26 010101010101001:80 010101010101010:432 010101010101011:1820 010101010101100:99 010101010101101:31 010101010101110:23 010101010101111:6 010101010110000:4 010101010110001:3 010101010110010:6 010101010110011:3 010101010110100:4 010101010110101:1 010101010110110:3 010101010110111:1 010101010111000:1 010101010111001:2 010101010111010:1 010101010111101:1 010101011000001:1 010101011000010:1 010101011000011:2 010101011000100:1 010101011000110:1 010101011000111:1 010101011001000:1 010101011001001:1 010101011001010:1 010101011001011:1 010101011010111:1 010101011011011:1 010101011100010:1 010101011100110:1 010101011101100:1 010101011110101:1 010101011111000:1 010101100000001:1 010101100010000:1 010101100011101:1 010101111001000:1 010110001100011:1 010111010111100:1 100000000000000:2501 101010010101111:1 101010011111000:1 101010100010011:1 101010100101101:1 101010100110011:1 101010100110100:2 101010100110110:1 101010100111010:1 101010100111111:2 101010101000011:1 101010101000100:2 101010101000110:3 101010101000111:2 101010101001010:3 101010101001011:1 101010101001100:3 101010101001101:2 101010101001110:1 101010101001111:2 101010101010000:4 101010101010001:12 101010101010010:17 101010101010011:39 101010101010100:95 101010101010101:1698 101010101010110:431 101010101010111:67 101010101011000:29 101010101011001:15 101010101011010:8 101010101011011:12 101010101011100:5 101010101011101:5 101010101011110:2 101010101011111:2 101010101100000:3 101010101100001:1 101010101100010:3 101010101100110:3 101010101101011:1 101010101101100:1 101010101110010:1 101010101111010:1 101010110000100:1 101010110001001:1 101010110001011:1 101010110011110:1 101010110101011:1 110101000110101:1 110101001110011:1 110101010010100:1 110101010010101:1 110101010011000:1 110101010011010:1 110101010011011:2 110101010011100:2 110101010011101:2 110101010011111:2 110101010100000:1 110101010100001:3 110101010100010:4 110101010100011:5 110101010100100:6 110101010100101:6 110101010100110:4 110101010100111:13 110101010101000:18 110101010101001:62 110101010101010:425 110101010101011:1719 110101010101100:94 110101010101101:37 110101010101110:13 110101010101111:6 110101010110000:3 110101010110001:4 110101010110010:4 110101010110011:2 110101010110100:3 110101010110101:2 110101010110111:3 110101010111001:1 110101010111010:2 110101010111011:1 110101010111101:1 110101010111111:1 110101011001001:1 110101100010101:1 }

	Command being timed: "python3 shor.py 15"
	User time (seconds): 9.85
	System time (seconds): 1.17
	Percent of CPU this job got: 97%
	Elapsed (wall clock) time (h:mm:ss or m:ss): 0:11.28
	Average shared text size (kbytes): 0
	Average unshared data size (kbytes): 0
	Average stack size (kbytes): 0
	Average total size (kbytes): 0
	Maximum resident set size (kbytes): 1126556
	Average resident set size (kbytes): 0
	Major (requiring I/O) page faults: 0
	Minor (reclaiming a frame) page faults: 482006
	Voluntary context switches: 1973
	Involuntary context switches: 164
	Swaps: 0
	File system inputs: 0
	File system outputs: 24
	Socket messages sent: 0
	Socket messages received: 0
	Signals delivered: 0
	Page size (bytes): 4096
	Exit status: 0
Measurement results for a=5 and N=21 with 15 qubits in the control register 
{ 000000000000000:2512 001010000011100:1 001010001110101:1 001010010011011:1 001010010100010:1 001010011010001:1 001010100011110:1 001010100101100:1 001010100110000:1 001010100110100:1 001010100111010:1 001010100111011:1 001010101000000:1 001010101000010:1 001010101000100:1 001010101000110:1 001010101000111:1 001010101001001:1 001010101001010:3 001010101001011:2 001010101001101:4 001010101001110:2 001010101001111:5 001010101010000:4 001010101010001:7 001010101010010:15 001010101010011:35 001010101010100:100 001010101010101:1651 001010101010110:416 001010101010111:80 001010101011000:33 001010101011001:8 001010101011010:6 001010101011011:4 001010101011100:4 001010101011101:8 001010101011110:5 001010101011111:1 001010101100000:2 001010101100001:2 001010101100010:1 001010101100011:2 001010101100100:3 001010101100101:1 001010101101010:1 001010101101110:1 001010101110000:1 001010101110001:1 001010101110101:1 001010110100111:1 001010110111101:1 010010101010000:1 010011000110011:1 010101000110100:1 010101001011000:1 010101001111011:2 010101010000011:1 010101010000110:1 010101010001001:1 010101010010001:1 010101010010101:1 010101010010111:1 010101010011000:1 010101010011001:2 010101010011010:1 010101010011100:1 010101010011101:1 010101010100001:1 010101010100010:3 010101010100011:4 010101010100100:4 010101010100101:5 010101010100110:10 010101010100111:14 010101010101000:26 010101010101001:59 010101010101010:472 010101010101011:1716 010101010101100:95 010101010101101:29 010101010101110:16 010101010101111:8 010101010110000:9 010101010110001:3 010101010110010:1 010101010110011:5 010101010110100:3 010101010110101:1 010101010110110:3 010101010110111:1 010101010111000:2 010101010111011:1 010101010111110:1 010101010111111:1 010101011000011:1 010101011010001:1 010101011011101:1 010101011100010:1 010101100000000:1 100000000000000:2515 101010100000111:1 101010100010011:1 101010100010111:1 101010100110101:1 101010100111001:1 101010101000001:1 101010101000010:1 101010101000100:1 101010101000101:1 101010101000110:3 101010101000111:2 101010101001000:4 101010101001010:3 101010101001011:2 101010101001100:2 101010101001101:1 101010101001110:1 101010101001111:6 101010101010000:10 101010101010001:6 101010101010010:12 101010101010011:36 101010101010100:99 101010101010101:1752 101010101010110:425 101010101010111:78 101010101011000:27 101010101011001:12 101010101011010:13 101010101011011:13 101010101011100:1 101010101011101:5 101010101011110:2 101010101011111:2 101010101100000:2 101010101100010:1 101010101100011:1 101010101100100:1 101010101100101:3 101010101100110:1 101010101101000:1 101010101101001:1 101010101101010:2 101010101101011:1 101010101101111:1 101010101110011:1 101010101110101:1 101010101110111:1 101010110000001:1 101010110101010:1 101010110101101:1 101010110110111:1 101011000010111:1 101011011001110:1 101011011011011:1 110100100101101:1 110100111001000:1 110101001101011:1 110101001110010:1 110101001111101:1 110101010000000:1 110101010000111:1 110101010001011:1 110101010010000:1 110101010010100:1 110101010010110:1 110101010011010:1 110101010011101:1 110101010011110:1 110101010011111:3 110101010100000:1 110101010100001:2 110101010100010:2 110101010100011:2 110101010100100:1 110101010100101:6 110101010100110:13 110101010100111:5 110101010101000:22 110101010101001:83 110101010101010:404 110101010101011:1700 110101010101100:112 110101010101101:32 110101010101110:15 110101010101111:14 110101010110000:10 110101010110001:6 110101010110010:4 110101010110011:2 110101010110100:3 110101010110101:1 110101010110110:4 110101010110111:2 110101010111001:1 110101010111010:1 110101010111011:1 110101010111110:1 110101011000000:1 110101011001001:1 110101011001010:1 110101011010000:1 110101011010001:1 110101011010100:1 110101011010110:1 110101100011010:1 110101100100010:1 110101100110000:1 110101101101101:1 }

	Command being timed: "python3 shor.py 15"
	User time (seconds): 9.82
	System time (seconds): 1.16
	Percent of CPU this job got: 96%
	Elapsed (wall clock) time (h:mm:ss or m:ss): 0:11.34
	Average shared text size (kbytes): 0
	Average unshared data size (kbytes): 0
	Average stack size (kbytes): 0
	Average total size (kbytes): 0
	Maximum resident set size (kbytes): 1127424
	Average resident set size (kbytes): 0
	Major (requiring I/O) page faults: 0
	Minor (reclaiming a frame) page faults: 514622
	Voluntary context switches: 1973
	Involuntary context switches: 165
	Swaps: 0
	File system inputs: 0
	File system outputs: 24
	Socket messages sent: 0
	Socket messages received: 0
	Signals delivered: 0
	Page size (bytes): 4096
	Exit status: 0
Measurement results for a=5 and N=21 with 15 qubits in the control register 
{ 000000000000000:2447 001010001001100:1 001010100000100:1 001010100110011:1 001010100111010:2 001010100111100:1 001010101000011:2 001010101000101:1 001010101000110:2 001010101000111:3 001010101001001:3 001010101001010:1 001010101001011:3 001010101001100:1 001010101001101:2 001010101001110:4 001010101001111:4 001010101010000:4 001010101010001:15 001010101010010:20 001010101010011:41 001010101010100:113 001010101010101:1733 001010101010110:367 001010101010111:68 001010101011000:34 001010101011001:19 001010101011010:8 001010101011011:7 001010101011100:6 001010101011101:5 001010101011110:3 001010101100001:4 001010101100010:3 001010101100011:3 001010101100110:2 001010101100111:1 001010101101010:1 001010101110110:1 001010110000000:1 001010110000100:1 001010110000111:1 001010110001011:1 001010111010100:1 001011100111100:1 010010110110010:1 010100100000000:1 010101001110110:1 010101010000000:1 010101010001100:1 010101010001111:1 010101010010010:1 010101010011011:1 010101010011100:1 010101010011101:1 010101010011110:1 010101010011111:2 010101010100000:2 010101010100001:1 010101010100010:3 010101010100011:2 010101010100101:8 010101010100110:6 010101010100111:13 010101010101000:20 010101010101001:59 010101010101010:389 010101010101011:1703 010101010101100:108 010101010101101:41 010101010101110:25 010101010101111:11 010101010110000:4 010101010110001:1 010101010110010:1 010101010110100:2 010101010110101:3 010101010110110:2 010101010110111:2 010101010111000:2 010101010111011:1 010101010111111:1 010101011000100:1 010101011000101:1 010101011000110:1 010101011000111:1 010101011001001:1 010101011001010:1 010101011001111:1 010101011010100:1 010101011110101:1 010101101101000:1 100000000000000:2493 101001110111101:1 101010001110100:1 101010100001111:1 101010100100101:1 101010100100111:1 101010100110110:1 101010100111010:1 101010100111101:1 101010101000010:1 101010101000011:1 101010101000110:1 101010101000111:1 101010101001000:1 101010101001001:1 101010101001011:3 101010101001100:2 101010101001101:2 101010101001110:1 101010101001111:4 101010101010000:11 101010101010001:16 101010101010010:15 101010101010011:51 101010101010100:130 101010101010101:1779 101010101010110:424 101010101010111:76 101010101011000:24 101010101011001:13 101010101011010:9 101010101011011:7 101010101011100:5 101010101011101:3 101010101011110:2 101010101011111:2 101010101100000:1 101010101100001:1 101010101100010:1 101010101100011:2 101010101100111:1 101010101101101:1 101010101110001:1 101010101111000:1 101010110001111:1 101010110011010:1 101010111011111:1 101010111101001:1 110101001101111:1 110101001111100:1 110101010001010:1 110101010001110:2 110101010010011:1 110101010010110:1 110101010011001:1 110101010011011:1 110101010011100:5 110101010011110:1 110101010011111:1 110101010100000:5 110101010100001:2 110101010100011:3 110101010100100:6 110101010100101:8 110101010100110:5 110101010100111:16 110101010101000:20 110101010101001:63 110101010101010:406 110101010101011:1749 110101010101100:107 110101010101101:38 110101010101110:21 110101010101111:11 110101010110000:14 110101010110001:6 110101010110010:7 110101010110011:2 110101010110100:5 110101010110101:1 110101010110110:1 110101010111000:1 110101010111001:1 110101010111100:3 110101010111101:1 110101010111111:1 110101011000000:1 110101011000001:1 110101011000111:1 110101011100001:1 110101011100010:1 110101011101110:1 }

	Command being timed: "python3 shor.py 15"
	User time (seconds): 9.92
	System time (seconds): 1.11
	Percent of CPU this job got: 97%
	Elapsed (wall clock) time (h:mm:ss or m:ss): 0:11.34
	Average shared text size (kbytes): 0
	Average unshared data size (kbytes): 0
	Average stack size (kbytes): 0
	Average total size (kbytes): 0
	Maximum resident set size (kbytes): 1123536
	Average resident set size (kbytes): 0
	Major (requiring I/O) page faults: 0
	Minor (reclaiming a frame) page faults: 508773
	Voluntary context switches: 1972
	Involuntary context switches: 171
	Swaps: 0
	File system inputs: 0
	File system outputs: 24
	Socket messages sent: 0
	Socket messages received: 0
	Signals delivered: 0
	Page size (bytes): 4096
	Exit status: 0
Measurement results for a=5 and N=21 with 15 qubits in the control register 
{ 000000000000000:2516 001010000001001:1 001010010100011:1 001010100110000:1 001010100110101:1 001010100111011:1 001010100111110:1 001010100111111:1 001010101000100:1 001010101000101:1 001010101000111:1 001010101001001:2 001010101001010:4 001010101001011:1 001010101001100:5 001010101001101:3 001010101001110:6 001010101001111:7 001010101010000:2 001010101010001:12 001010101010010:16 001010101010011:43 001010101010100:110 001010101010101:1638 001010101010110:423 001010101010111:66 001010101011000:22 001010101011001:13 001010101011010:8 001010101011011:7 001010101011100:3 001010101011101:5 001010101011110:1 001010101011111:2 001010101100000:2 001010101100001:1 001010101100101:2 001010101101001:1 001010101101010:1 001010101101011:1 001010101101100:1 001010101101101:1 001010101110010:1 001010101110110:1 001010101111000:2 001010101111100:1 001010110000000:1 001010110001001:1 001010110001110:1 001010110100100:1 001010111000001:1 001010111100010:1 010100110011001:1 010101001010000:1 010101001110110:1 010101001111010:1 010101010001110:1 010101010010110:1 010101010011001:1 010101010011100:1 010101010011101:2 010101010011111:2 010101010100000:3 010101010100001:4 010101010100010:5 010101010100011:3 010101010100100:3 010101010100101:5 010101010100110:8 010101010100111:11 010101010101000:25 010101010101001:66 010101010101010:407 010101010101011:1730 010101010101100:86 010101010101101:37 010101010101110:19 010101010101111:5 010101010110000:9 010101010110001:6 010101010110010:3 010101010110011:1 010101010110100:2 010101010110101:2 010101010110110:1 010101010110111:1 010101010111000:3 010101010111001:2 010101010111010:2 010101010111100:2 010101010111101:1 010101011000011:1 010101011000111:2 010101011001111:1 010101011010010:1 010101100011111:1 010110010010100:1 100000000000000:2470 101010011110010:1 101010100010000:1 101010100110001:1 101010100111001:1 101010100111010:1 101010101000000:1 101010101000011:1 101010101000110:2 101010101000111:1 101010101001001:2 101010101001010:4 101010101001011:1 101010101001100:2 101010101001101:2 101010101001110:1 101010101001111:5 101010101010000:4 101010101010001:7 101010101010010:18 101010101010011:28 101010101010100:107 101010101010101:1774 101010101010110:432 101010101010111:69 101010101011000:37 101010101011001:18 101010101011010:6 101010101011011:5 101010101011100:3 101010101011101:3 101010101011110:2 101010101011111:4 101010101100000:2 101010101100011:1 101010101100100:3 101010101100101:2 101010101100111:3 101010101101001:2 101010101101010:1 101010101101111:1 101010101110011:1 101010101111010:1 101010101111100:1 101010110000101:1 101010110011110:1 101010111010011:1 101011100001011:1 110101001001010:1 110101001011110:1 110101001101011:1 110101010000011:1 110101010001111:1 110101010010000:1 110101010010011:1 110101010010110:1 110101010010111:1 110101010011100:2 110101010011101:1 110101010011111:2 110101010100000:3 110101010100001:5 110101010100010:3 110101010100011:2 110101010100100:5 110101010100101:7 110101010100110:6 110101010100111:10 110101010101000:26 110101010101001:65 110101010101010:441 110101010101011:1738 110101010101100:118 110101010101101:37 110101010101110:18 110101010101111:10 110101010110000:6 110101010110001:4 110101010110010:5 110101010110011:1 110101010110100:4 110101010110101:1 110101010110110:2 110101010111001:1 110101010111010:1 110101010111011:2 110101011000000:2 110101011000011:1 110101011000100:1 110101011001010:1 110101011001011:1 110101011001110:1 110101011010000:1 110101011010001:1 110101011011010:1 110101100010101:1 110110000000000:1 }

	Command being timed: "python3 shor.py 15"
	User time (seconds): 9.88
	System time (seconds): 1.13
	Percent of CPU this job got: 97%
	Elapsed (wall clock) time (h:mm:ss or m:ss): 0:11.34
	Average shared text size (kbytes): 0
	Average unshared data size (kbytes): 0
	Average stack size (kbytes): 0
	Average total size (kbytes): 0
	Maximum resident set size (kbytes): 1129340
	Average resident set size (kbytes): 0
	Major (requiring I/O) page faults: 0
	Minor (reclaiming a frame) page faults: 513982
	Voluntary context switches: 1972
	Involuntary context switches: 163
	Swaps: 0
	File system inputs: 0
	File system outputs: 24
	Socket messages sent: 0
	Socket messages received: 0
	Signals delivered: 0
	Page size (bytes): 4096
	Exit status: 0
