WARNING: overwriting environment variables set in the machine
overwriting variable ['LD_LIBRARY_PATH']
-4.1580097557288065
	Command being timed: "python3 vqe.py 8"
	User time (seconds): 9234.58
	System time (seconds): 27.79
	Percent of CPU this job got: 99%
	Elapsed (wall clock) time (h:mm:ss or m:ss): 2:34:53
	Average shared text size (kbytes): 0
	Average unshared data size (kbytes): 0
	Average stack size (kbytes): 0
	Average total size (kbytes): 0
	Maximum resident set size (kbytes): 50742872
	Average resident set size (kbytes): 0
	Major (requiring I/O) page faults: 6
	Minor (reclaiming a frame) page faults: 31421759
	Voluntary context switches: 104888
	Involuntary context switches: 132117
	Swaps: 0
	File system inputs: 1368
	File system outputs: 480
	Socket messages sent: 0
	Socket messages received: 0
	Signals delivered: 0
	Page size (bytes): 4096
	Exit status: 0
