WARNING: overwriting environment variables set in the machine
overwriting variable ['LD_LIBRARY_PATH']
Measurement results for a=5 and N=21 with 21 qubits in the control register 
{ 000000000000000000000:2560 001010101010011111100:1 001010101010100011110:1 001010101010100101000:1 001010101010100110001:1 001010101010100110111:1 001010101010100111100:2 001010101010101000000:1 001010101010101000011:1 001010101010101000100:1 001010101010101001000:1 001010101010101001010:1 001010101010101001011:3 001010101010101001101:2 001010101010101001111:3 001010101010101010000:4 001010101010101010001:7 001010101010101010010:18 001010101010101010011:37 001010101010101010100:99 001010101010101010101:1725 001010101010101010110:416 001010101010101010111:60 001010101010101011000:27 001010101010101011001:11 001010101010101011010:5 001010101010101011011:5 001010101010101011100:6 001010101010101011101:9 001010101010101011110:1 001010101010101011111:5 001010101010101100000:4 001010101010101100001:2 001010101010101100011:1 001010101010101100100:2 001010101010101100101:1 001010101010101101000:1 001010101010101101001:1 001010101010101101010:1 001010101010101101111:1 001010101010101111000:1 001010101010101111010:1 001010101010101111110:2 001010101010110001110:1 001010101010111100010:1 001010101011010000010:1 001010101011110110001:1 010101010100011000011:1 010101010101001011000:1 010101010101001100100:1 010101010101001111010:1 010101010101001111110:1 010101010101010000101:1 010101010101010010000:1 010101010101010010111:1 010101010101010011000:2 010101010101010011001:1 010101010101010011010:1 010101010101010011110:2 010101010101010100000:1 010101010101010100001:1 010101010101010100010:2 010101010101010100011:4 010101010101010100100:4 010101010101010100101:5 010101010101010100110:7 010101010101010100111:15 010101010101010101000:28 010101010101010101001:66 010101010101010101010:398 010101010101010101011:1683 010101010101010101100:105 010101010101010101101:34 010101010101010101110:21 010101010101010101111:13 010101010101010110000:5 010101010101010110001:3 010101010101010110010:2 010101010101010110011:7 010101010101010110100:3 010101010101010110110:4 010101010101010111000:1 010101010101010111001:1 010101010101010111010:1 010101010101010111101:1 010101010101011000000:2 010101010101011000001:1 010101010101011001000:3 010101010101011001011:1 010101010101011010011:1 010101010101011010111:1 010101010101011100110:1 010101010101011101011:1 010101010101100000001:1 100000000000000000000:2539 101010101010011010101:1 101010101010100010000:1 101010101010100100101:1 101010101010100101011:1 101010101010100110000:1 101010101010100110100:1 101010101010100111000:1 101010101010100111100:1 101010101010100111110:1 101010101010100111111:2 101010101010101000011:2 101010101010101000100:1 101010101010101000101:1 101010101010101000110:1 101010101010101000111:1 101010101010101001001:3 101010101010101001010:1 101010101010101001100:2 101010101010101001110:2 101010101010101001111:5 101010101010101010000:7 101010101010101010001:10 101010101010101010010:15 101010101010101010011:32 101010101010101010100:100 101010101010101010101:1776 101010101010101010110:425 101010101010101010111:64 101010101010101011000:23 101010101010101011001:14 101010101010101011010:7 101010101010101011011:2 101010101010101011100:5 101010101010101011101:4 101010101010101011110:4 101010101010101011111:1 101010101010101100000:3 101010101010101100001:3 101010101010101100100:1 101010101010101101011:1 101010101010101101100:2 101010101010101111011:1 101010101010110000011:1 101010101010110011110:1 101010101010111010111:1 110101010101000011101:1 110101010101001001111:1 110101010101001010100:1 110101010101001100010:1 110101010101001100110:1 110101010101001111100:1 110101010101010000000:1 110101010101010000010:1 110101010101010000111:1 110101010101010001110:1 110101010101010010011:1 110101010101010010100:1 110101010101010010101:1 110101010101010011001:1 110101010101010011011:2 110101010101010011100:2 110101010101010011110:1 110101010101010100000:2 110101010101010100001:2 110101010101010100010:2 110101010101010100011:3 110101010101010100100:4 110101010101010100101:6 110101010101010100110:8 110101010101010100111:17 110101010101010101000:26 110101010101010101001:69 110101010101010101010:411 110101010101010101011:1680 110101010101010101100:94 110101010101010101101:29 110101010101010101110:19 110101010101010101111:13 110101010101010110000:7 110101010101010110001:9 110101010101010110010:3 110101010101010110011:4 110101010101010110100:1 110101010101010110101:3 110101010101010110110:2 110101010101010110111:2 110101010101010111000:2 110101010101010111010:1 110101010101010111011:1 110101010101010111100:3 110101010101011000000:1 110101010101011000001:1 110101010101011000010:1 110101010101011000100:1 110101010101011000111:1 110101010101011001001:1 110101010101011101101:1 110101010101111100111:1 }

	Command being timed: "python3 shor.py 21"
	User time (seconds): 38189.02
	System time (seconds): 157.58
	Percent of CPU this job got: 99%
	Elapsed (wall clock) time (h:mm:ss or m:ss): 10:42:52
	Average shared text size (kbytes): 0
	Average unshared data size (kbytes): 0
	Average stack size (kbytes): 0
	Average total size (kbytes): 0
	Maximum resident set size (kbytes): 38378872
	Average resident set size (kbytes): 0
	Major (requiring I/O) page faults: 0
	Minor (reclaiming a frame) page faults: 252804051
	Voluntary context switches: 389991
	Involuntary context switches: 679009
	Swaps: 0
	File system inputs: 0
	File system outputs: 24
	Socket messages sent: 0
	Socket messages received: 0
	Signals delivered: 0
	Page size (bytes): 4096
	Exit status: 0
Measurement results for a=5 and N=21 with 21 qubits in the control register 
{ 000000000000000000000:2350 001010101010000010011:1 001010101010011101001:1 001010101010011101100:1 001010101010100000111:1 001010101010100001110:1 001010101010100011001:1 001010101010100011110:2 001010101010100101010:1 001010101010100110001:1 001010101010100110101:1 001010101010100111110:1 001010101010101000000:1 001010101010101000011:2 001010101010101000100:1 001010101010101000111:1 001010101010101001000:1 001010101010101001011:3 001010101010101001100:3 001010101010101001101:2 001010101010101001110:4 001010101010101001111:6 001010101010101010000:10 001010101010101010001:10 001010101010101010010:19 001010101010101010011:42 001010101010101010100:113 001010101010101010101:1713 001010101010101010110:444 001010101010101010111:58 001010101010101011000:24 001010101010101011001:18 001010101010101011010:6 001010101010101011100:7 001010101010101011101:2 001010101010101011110:1 001010101010101011111:1 001010101010101100001:1 001010101010101100010:3 001010101010101100011:3 001010101010101101000:1 001010101010101101001:1 001010101010101101011:1 001010101010101101100:1 001010101010101110100:1 001010101010101111011:1 001010101010110001111:1 001010101010110010010:1 001010101011001111101:1 010101010101010000100:1 010101010101010010001:1 010101010101010010011:1 010101010101010010101:2 010101010101010010110:1 010101010101010011001:1 010101010101010011011:1 010101010101010011100:1 010101010101010011101:2 010101010101010011110:2 010101010101010011111:1 010101010101010100000:1 010101010101010100001:3 010101010101010100010:2 010101010101010100011:5 010101010101010100100:4 010101010101010100101:9 010101010101010100110:5 010101010101010100111:12 010101010101010101000:22 010101010101010101001:59 010101010101010101010:438 010101010101010101011:1798 010101010101010101100:96 010101010101010101101:50 010101010101010101110:22 010101010101010101111:9 010101010101010110000:8 010101010101010110001:1 010101010101010110010:5 010101010101010110011:4 010101010101010110110:1 010101010101010111001:2 010101010101010111011:1 010101010101011000000:1 010101010101011000010:1 010101010101011000100:2 010101010101100001000:1 100000000000000000000:2549 101010101010000011100:1 101010101010010011000:1 101010101010010111010:1 101010101010100010100:1 101010101010100100010:1 101010101010100110100:1 101010101010100110101:1 101010101010100111100:2 101010101010100111101:1 101010101010100111110:1 101010101010101000011:1 101010101010101000100:1 101010101010101000110:2 101010101010101000111:4 101010101010101001000:2 101010101010101001001:3 101010101010101001010:1 101010101010101001011:1 101010101010101001100:1 101010101010101001101:3 101010101010101001110:2 101010101010101001111:6 101010101010101010000:5 101010101010101010001:15 101010101010101010010:16 101010101010101010011:40 101010101010101010100:84 101010101010101010101:1739 101010101010101010110:441 101010101010101010111:76 101010101010101011000:27 101010101010101011001:21 101010101010101011010:6 101010101010101011011:1 101010101010101011100:6 101010101010101011101:5 101010101010101011110:1 101010101010101011111:2 101010101010101100000:1 101010101010101100010:1 101010101010101100011:1 101010101010101100110:2 101010101010101100111:1 101010101010101110101:1 101010101010110001000:1 101010101010111000101:1 101010101011000001001:1 101010101011011000001:1 110101010010001110001:1 110101010101001011001:1 110101010101001110101:1 110101010101001110110:1 110101010101010000011:1 110101010101010000111:1 110101010101010001110:2 110101010101010011000:1 110101010101010011010:1 110101010101010011011:2 110101010101010011100:2 110101010101010011101:2 110101010101010011110:1 110101010101010011111:1 110101010101010100000:1 110101010101010100010:2 110101010101010100011:1 110101010101010100100:2 110101010101010100101:7 110101010101010100110:4 110101010101010100111:13 110101010101010101000:32 110101010101010101001:69 110101010101010101010:408 110101010101010101011:1720 110101010101010101100:100 110101010101010101101:30 110101010101010101110:22 110101010101010101111:5 110101010101010110000:5 110101010101010110001:6 110101010101010110010:1 110101010101010110011:3 110101010101010110100:3 110101010101010110110:2 110101010101010110111:4 110101010101010111000:3 110101010101010111001:1 110101010101010111011:1 110101010101010111101:1 110101010101011000010:1 110101010101011001100:1 110101010101011001110:1 110101010101011011100:1 110101010101011011110:1 110101010101011101010:1 110101010101011111001:1 }

	Command being timed: "python3 shor.py 21"
	User time (seconds): 38159.06
	System time (seconds): 267.14
	Percent of CPU this job got: 99%
	Elapsed (wall clock) time (h:mm:ss or m:ss): 10:43:58
	Average shared text size (kbytes): 0
	Average unshared data size (kbytes): 0
	Average stack size (kbytes): 0
	Average total size (kbytes): 0
	Maximum resident set size (kbytes): 38354084
	Average resident set size (kbytes): 0
	Major (requiring I/O) page faults: 0
	Minor (reclaiming a frame) page faults: 369297022
	Voluntary context switches: 382151
	Involuntary context switches: 675372
	Swaps: 0
	File system inputs: 0
	File system outputs: 24
	Socket messages sent: 0
	Socket messages received: 0
	Signals delivered: 0
	Page size (bytes): 4096
	Exit status: 0
slurmstepd: error: *** JOB 2369137 ON adroit-h11g2 CANCELLED AT 2025-03-25T18:05:32 DUE TO TIME LIMIT ***
