Number of qubits:  5
Number of pool operator:  105
Step:  1
Norm of the gradient:  3.4663225569138665
Mixer pool at step 1
['IIIZY']
Number of layers:  1
Result from the step  1
Optmized Energy:  -3.499999999999987
dE= : 3.499999999999987


Step:  2
Norm of the gradient:  2.449652982968946
Mixer pool at step 2
['IIIZY', 'IZY']
Number of layers:  2
Result from the step  2
Optmized Energy:  -3.9999999999994875
dE= : 0.4999999999995004


Step:  3
Norm of the gradient:  1.9998000464740984
Mixer pool at step 3
['IIIZY', 'IZY', 'YZ']
Number of layers:  3
Result from the step  3
Optmized Energy:  -4.499999999941246
dE= : 0.4999999999417586


Step:  4
Norm of the gradient:  0.014141951889776643
Mixer pool at step 4
['IIIZY', 'IZY', 'YZ', 'IIIXX']
Number of layers:  4
Result from the step  4
Optmized Energy:  -4.999999999963832
dE= : 0.5000000000225855


Step:  5
Norm of the gradient:  2.0403102475214713e-05

 Final Result:  

Final mixer_pool:  ['IIIZY', 'IZY', 'YZ', 'IIIXX']
Number of layers:  4
Number of mixer pool in each layer:  [1, 1, 1, 1]
Final Energy:  -4.999999999963832

 Sampling the Final ADAPT QAOA circuit 

The most probable max cut:  10101
All bitstring from circuit sampling:  { 01010:2445 10101:2555 }

CUDA-Q Version 0.10.0 (https://github.com/NVIDIA/cuda-quantum f24f4f78673e0bc330fec90a88251321432be970)
GPU: A100
	Command being timed: "python3 QAOA.py 5"
	User time (seconds): 4.56
	System time (seconds): 1.18
	Percent of CPU this job got: 74%
	Elapsed (wall clock) time (h:mm:ss or m:ss): 0:07.76
	Average shared text size (kbytes): 0
	Average unshared data size (kbytes): 0
	Average stack size (kbytes): 0
	Average total size (kbytes): 0
	Maximum resident set size (kbytes): 712660
	Average resident set size (kbytes): 0
	Major (requiring I/O) page faults: 0
	Minor (reclaiming a frame) page faults: 154464
	Voluntary context switches: 11835
	Involuntary context switches: 87
	Swaps: 0
	File system inputs: 0
	File system outputs: 16
	Socket messages sent: 0
	Socket messages received: 0
	Signals delivered: 0
	Page size (bytes): 4096
	Exit status: 0
Number of qubits:  5
Number of pool operator:  105
Step:  1
Norm of the gradient:  3.4663225569138665
Mixer pool at step 1
['IIIZY']
Number of layers:  1
Result from the step  1
Optmized Energy:  -3.499999999999987
dE= : 3.499999999999987


Step:  2
Norm of the gradient:  2.449652982968946
Mixer pool at step 2
['IIIZY', 'IZY']
Number of layers:  2
Result from the step  2
Optmized Energy:  -3.9999999999994875
dE= : 0.4999999999995004


Step:  3
Norm of the gradient:  1.9998000464740984
Mixer pool at step 3
['IIIZY', 'IZY', 'YZ']
Number of layers:  3
Result from the step  3
Optmized Energy:  -4.499999999941246
dE= : 0.4999999999417586


Step:  4
Norm of the gradient:  0.014141951889776643
Mixer pool at step 4
['IIIZY', 'IZY', 'YZ', 'IIIXX']
Number of layers:  4
Result from the step  4
Optmized Energy:  -4.999999999963832
dE= : 0.5000000000225855


Step:  5
Norm of the gradient:  2.0403102475214713e-05

 Final Result:  

Final mixer_pool:  ['IIIZY', 'IZY', 'YZ', 'IIIXX']
Number of layers:  4
Number of mixer pool in each layer:  [1, 1, 1, 1]
Final Energy:  -4.999999999963832

 Sampling the Final ADAPT QAOA circuit 

The most probable max cut:  10101
All bitstring from circuit sampling:  { 01010:2477 10101:2523 }

CUDA-Q Version 0.10.0 (https://github.com/NVIDIA/cuda-quantum f24f4f78673e0bc330fec90a88251321432be970)
GPU: A100
	Command being timed: "python3 QAOA.py 5"
	User time (seconds): 4.54
	System time (seconds): 1.04
	Percent of CPU this job got: 88%
	Elapsed (wall clock) time (h:mm:ss or m:ss): 0:06.29
	Average shared text size (kbytes): 0
	Average unshared data size (kbytes): 0
	Average stack size (kbytes): 0
	Average total size (kbytes): 0
	Maximum resident set size (kbytes): 712836
	Average resident set size (kbytes): 0
	Major (requiring I/O) page faults: 0
	Minor (reclaiming a frame) page faults: 155410
	Voluntary context switches: 4147
	Involuntary context switches: 96
	Swaps: 0
	File system inputs: 0
	File system outputs: 16
	Socket messages sent: 0
	Socket messages received: 0
	Signals delivered: 0
	Page size (bytes): 4096
	Exit status: 0
