WARNING: overwriting environment variables set in the machine
overwriting variable ['LD_LIBRARY_PATH']
Measurement results for a=5 and N=21 with 18 qubits in the control register 
{ 000000000000000000:2488 001010101001000110:1 001010101010001111:1 001010101010010101:2 001010101010010111:1 001010101010011000:1 001010101010011010:1 001010101010011101:1 001010101010011111:2 001010101010100000:2 001010101010100001:2 001010101010100010:1 001010101010100011:2 001010101010100100:3 001010101010100101:4 001010101010100110:9 001010101010100111:15 001010101010101000:27 001010101010101001:86 001010101010101010:442 001010101010101011:1707 001010101010101100:106 001010101010101101:34 001010101010101110:18 001010101010101111:13 001010101010110000:9 001010101010110001:5 001010101010110010:5 001010101010110011:5 001010101010110100:2 001010101010110101:2 001010101010110110:1 001010101010110111:1 001010101010111000:1 001010101010111010:2 001010101010111100:1 001010101010111110:1 001010101011000110:1 001010101011001001:1 001010101011001100:1 001010101011010011:1 001010101011010110:1 001010101011011100:1 001010101100111011:1 010101001110101100:1 010101010100100110:1 010101010100101010:1 010101010100110010:1 010101010100110100:1 010101010100111100:1 010101010100111110:1 010101010101000111:3 010101010101001000:2 010101010101001001:1 010101010101001010:1 010101010101001011:3 010101010101001100:3 010101010101001101:3 010101010101001110:6 010101010101001111:4 010101010101010000:17 010101010101010001:13 010101010101010010:23 010101010101010011:36 010101010101010100:104 010101010101010101:1672 010101010101010110:438 010101010101010111:71 010101010101011000:25 010101010101011001:12 010101010101011010:5 010101010101011011:12 010101010101011100:3 010101010101011101:4 010101010101011110:2 010101010101011111:1 010101010101100000:1 010101010101100001:2 010101010101100010:1 010101010101100011:1 010101010101100100:1 010101010101100101:1 010101010101101000:2 010101010101101001:2 010101010101101010:2 010101010101101100:1 010101010101101111:1 010101010101110010:1 010101010101111000:1 010101010101111001:1 010101010101111010:1 010101010111000000:1 010101010111000010:1 010101010111100001:1 010101010111100011:1 100000000000000000:2506 101010000000101110:1 101010100100000010:1 101010101001010011:1 101010101001100101:1 101010101001110100:1 101010101001111110:1 101010101010001111:1 101010101010010000:2 101010101010010001:1 101010101010010011:1 101010101010011000:1 101010101010011011:1 101010101010011100:2 101010101010011101:2 101010101010011110:3 101010101010011111:1 101010101010100001:2 101010101010100010:1 101010101010100011:4 101010101010100100:4 101010101010100101:5 101010101010100110:5 101010101010100111:12 101010101010101000:30 101010101010101001:63 101010101010101010:419 101010101010101011:1674 101010101010101100:103 101010101010101101:32 101010101010101110:25 101010101010101111:11 101010101010110000:7 101010101010110001:5 101010101010110010:3 101010101010110011:5 101010101010110100:5 101010101010110101:1 101010101010110111:2 101010101010111000:1 101010101010111001:1 101010101010111010:1 101010101010111110:1 101010101011000001:1 101010101011000100:1 101010101011010111:1 101010101011011010:1 101010101011101001:1 101010101011111010:1 101010101100001010:1 101010101100010001:1 101010110111111011:1 110101010011100111:1 110101010100110011:1 110101010100111001:1 110101010100111100:1 110101010100111110:1 110101010101000000:1 110101010101000100:1 110101010101000101:1 110101010101000110:2 110101010101000111:5 110101010101001000:2 110101010101001001:1 110101010101001010:1 110101010101001011:3 110101010101001100:6 110101010101001101:7 110101010101001110:3 110101010101001111:1 110101010101010000:8 110101010101010001:7 110101010101010010:20 110101010101010011:33 110101010101010100:95 110101010101010101:1733 110101010101010110:442 110101010101010111:72 110101010101011000:32 110101010101011001:15 110101010101011010:9 110101010101011011:7 110101010101011100:2 110101010101011101:1 110101010101011110:1 110101010101011111:4 110101010101100000:1 110101010101100011:2 110101010101100100:1 110101010101100110:1 110101010101100111:2 110101010101101010:2 110101010101110000:1 110101010101111000:1 110101010101111011:2 110101010110010000:2 110101010110111001:1 110101011100001001:1 }

	Command being timed: "python3 shor.py 18"
	User time (seconds): 550.24
	System time (seconds): 4.87
	Percent of CPU this job got: 99%
	Elapsed (wall clock) time (h:mm:ss or m:ss): 9:17.05
	Average shared text size (kbytes): 0
	Average unshared data size (kbytes): 0
	Average stack size (kbytes): 0
	Average total size (kbytes): 0
	Maximum resident set size (kbytes): 5366960
	Average resident set size (kbytes): 0
	Major (requiring I/O) page faults: 28
	Minor (reclaiming a frame) page faults: 7291479
	Voluntary context switches: 16625
	Involuntary context switches: 7381
	Swaps: 0
	File system inputs: 5240
	File system outputs: 24
	Socket messages sent: 0
	Socket messages received: 0
	Signals delivered: 0
	Page size (bytes): 4096
	Exit status: 0
Measurement results for a=5 and N=21 with 18 qubits in the control register 
{ 000000000000000000:2436 001010101000011100:1 001010101001100111:1 001010101001101111:1 001010101001111011:1 001010101010000010:1 001010101010001001:1 001010101010001111:1 001010101010010010:1 001010101010010100:2 001010101010010111:2 001010101010011010:1 001010101010011101:1 001010101010011111:2 001010101010100000:2 001010101010100001:3 001010101010100010:4 001010101010100011:3 001010101010100100:2 001010101010100101:2 001010101010100110:4 001010101010100111:12 001010101010101000:30 001010101010101001:63 001010101010101010:429 001010101010101011:1746 001010101010101100:97 001010101010101101:30 001010101010101110:26 001010101010101111:13 001010101010110000:5 001010101010110001:4 001010101010110010:4 001010101010110011:1 001010101010110100:2 001010101010110110:1 001010101010111001:2 001010101010111010:2 001010101010111011:2 001010101010111100:1 001010101010111101:2 001010101010111110:1 001010101011000100:1 001010101011000101:2 001010101011011110:1 001010101011100001:1 001010101011110000:1 001010101011110010:1 001010101011110011:1 001010101100010100:1 001010101100011110:1 001010101100110001:1 001010101110001011:1 001010110111100101:1 010101010001100101:1 010101010010101010:1 010101010011001010:1 010101010011001111:1 010101010100010100:1 010101010100101111:1 010101010100110000:1 010101010100110100:1 010101010100111010:1 010101010100111100:1 010101010100111110:1 010101010101000001:1 010101010101000010:2 010101010101000100:1 010101010101000101:1 010101010101000110:1 010101010101000111:2 010101010101001000:1 010101010101001001:4 010101010101001010:1 010101010101001011:4 010101010101001100:2 010101010101001101:5 010101010101001110:3 010101010101001111:7 010101010101010000:12 010101010101010001:9 010101010101010010:19 010101010101010011:49 010101010101010100:109 010101010101010101:1700 010101010101010110:431 010101010101010111:71 010101010101011000:33 010101010101011001:14 010101010101011010:8 010101010101011011:6 010101010101011100:4 010101010101011101:3 010101010101011111:1 010101010101100000:2 010101010101100001:4 010101010101100010:1 010101010101100111:2 010101010101101100:1 010101010101101110:1 010101010101110001:1 010101010101110010:1 010101010101110101:2 010101010101111100:1 010101010110000001:1 010101010110010011:1 010101010110111010:1 010101011001010110:1 010101011010001110:1 010101011100100000:1 100000000000000000:2551 101010101001010110:1 101010101010001001:1 101010101010001111:1 101010101010010010:1 101010101010010011:1 101010101010011000:1 101010101010011101:2 101010101010011110:3 101010101010011111:3 101010101010100000:1 101010101010100001:1 101010101010100010:3 101010101010100011:7 101010101010100100:2 101010101010100101:8 101010101010100110:7 101010101010100111:15 101010101010101000:21 101010101010101001:70 101010101010101010:439 101010101010101011:1610 101010101010101100:99 101010101010101101:34 101010101010101110:19 101010101010101111:14 101010101010110000:10 101010101010110001:6 101010101010110010:9 101010101010110011:1 101010101010110100:2 101010101010110101:2 101010101010110110:3 101010101010110111:1 101010101010111001:1 101010101010111010:3 101010101010111011:1 101010101010111110:1 101010101011000101:1 101010101011000111:1 101010101011001111:1 101010101011010001:1 101010101011011000:1 101010101011100010:1 101010101101011011:1 101010110000110010:1 101010110010011100:1 101011100101110101:1 110101010011110010:1 110101010011111001:1 110101010011111011:1 110101010100011001:1 110101010100100001:1 110101010100100110:1 110101010100101111:1 110101010100111100:1 110101010100111111:2 110101010101000000:3 110101010101000010:2 110101010101000011:1 110101010101000110:1 110101010101000111:3 110101010101001000:1 110101010101001001:2 110101010101001010:2 110101010101001011:1 110101010101001100:1 110101010101001101:2 110101010101001110:1 110101010101001111:5 110101010101010000:2 110101010101010001:9 110101010101010010:16 110101010101010011:32 110101010101010100:117 110101010101010101:1701 110101010101010110:446 110101010101010111:90 110101010101011000:20 110101010101011001:23 110101010101011010:3 110101010101011011:8 110101010101011100:5 110101010101011101:6 110101010101011110:3 110101010101011111:5 110101010101100000:1 110101010101100001:3 110101010101100010:2 110101010101100011:2 110101010101100100:1 110101010101100101:1 110101010101101101:1 110101010101101110:1 110101010101110101:1 110101010101110110:1 110101010101111101:1 110101010110001010:1 110101011000011100:1 110101011000101001:1 110101011000111011:1 }

	Command being timed: "python3 shor.py 18"
	User time (seconds): 555.30
	System time (seconds): 5.08
	Percent of CPU this job got: 99%
	Elapsed (wall clock) time (h:mm:ss or m:ss): 9:22.26
	Average shared text size (kbytes): 0
	Average unshared data size (kbytes): 0
	Average stack size (kbytes): 0
	Average total size (kbytes): 0
	Maximum resident set size (kbytes): 5368216
	Average resident set size (kbytes): 0
	Major (requiring I/O) page faults: 0
	Minor (reclaiming a frame) page faults: 7728373
	Voluntary context switches: 12771
	Involuntary context switches: 7477
	Swaps: 0
	File system inputs: 0
	File system outputs: 24
	Socket messages sent: 0
	Socket messages received: 0
	Signals delivered: 0
	Page size (bytes): 4096
	Exit status: 0
Measurement results for a=5 and N=21 with 18 qubits in the control register 
{ 000000000000000000:2464 001010101001000110:1 001010101001101110:1 001010101001111010:1 001010101010001100:1 001010101010001110:1 001010101010010000:1 001010101010010101:1 001010101010010110:1 001010101010010111:1 001010101010011001:1 001010101010011010:1 001010101010011011:2 001010101010011100:1 001010101010011110:1 001010101010011111:2 001010101010100001:3 001010101010100010:4 001010101010100011:3 001010101010100100:5 001010101010100101:5 001010101010100110:6 001010101010100111:21 001010101010101000:23 001010101010101001:71 001010101010101010:460 001010101010101011:1669 001010101010101100:111 001010101010101101:46 001010101010101110:16 001010101010101111:5 001010101010110000:5 001010101010110001:4 001010101010110010:2 001010101010110011:1 001010101010110100:1 001010101010110101:3 001010101010110110:1 001010101010110111:1 001010101010111001:1 001010101010111011:1 001010101010111110:1 001010101011000010:1 001010101011000011:1 001010101011011110:1 001010101101001010:1 010101001111011101:1 010101010011010001:1 010101010011011100:1 010101010011101100:1 010101010011111001:1 010101010100100000:1 010101010100101000:1 010101010100101110:1 010101010100110011:1 010101010100111011:2 010101010100111100:1 010101010100111111:1 010101010101000010:1 010101010101000100:1 010101010101000110:2 010101010101001010:3 010101010101001011:1 010101010101001100:3 010101010101001101:3 010101010101001110:6 010101010101001111:5 010101010101010000:10 010101010101010001:6 010101010101010010:16 010101010101010011:38 010101010101010100:104 010101010101010101:1729 010101010101010110:441 010101010101010111:71 010101010101011000:19 010101010101011001:8 010101010101011010:8 010101010101011011:3 010101010101011100:4 010101010101011101:7 010101010101011110:3 010101010101011111:4 010101010101100000:2 010101010101100001:1 010101010101100100:1 010101010101100101:1 010101010101100110:2 010101010101101001:1 010101010101101010:1 010101010101101100:2 010101010101110011:1 010101010110000001:1 010101010110000010:1 010101010110000101:1 010101010110001111:1 010101011100111110:1 010101101100111001:1 100000000000000000:2445 101010100111100101:1 101010100111101111:1 101010101000000001:1 101010101000111111:1 101010101010000000:1 101010101010001100:1 101010101010010000:1 101010101010010111:1 101010101010011000:1 101010101010011001:1 101010101010011100:1 101010101010011110:1 101010101010100001:1 101010101010100010:3 101010101010100011:5 101010101010100100:6 101010101010100101:6 101010101010100110:14 101010101010100111:10 101010101010101000:30 101010101010101001:74 101010101010101010:401 101010101010101011:1750 101010101010101100:95 101010101010101101:37 101010101010101110:19 101010101010101111:10 101010101010110000:7 101010101010110001:6 101010101010110010:3 101010101010110011:5 101010101010110100:1 101010101010110101:1 101010101010110110:4 101010101010110111:3 101010101010111010:2 101010101010111011:2 101010101011000001:1 101010101011000111:1 101010101011001101:1 101010101011010010:1 101010101011101000:1 101010101011101001:1 101010101100100100:1 101010110111001110:1 101010110111101001:1 110101010011001011:1 110101010100000110:1 110101010100011111:1 110101010100100111:1 110101010100101100:1 110101010100101101:1 110101010100101111:1 110101010100110001:1 110101010100111111:1 110101010101000001:1 110101010101000010:3 110101010101000100:1 110101010101000101:1 110101010101000110:1 110101010101000111:1 110101010101001100:1 110101010101001101:1 110101010101001110:3 110101010101001111:3 110101010101010000:5 110101010101010001:14 110101010101010010:19 110101010101010011:19 110101010101010100:106 110101010101010101:1777 110101010101010110:442 110101010101010111:65 110101010101011000:29 110101010101011001:12 110101010101011010:14 110101010101011011:5 110101010101011100:2 110101010101011101:3 110101010101011110:2 110101010101011111:4 110101010101100000:1 110101010101100001:1 110101010101100011:1 110101010101100101:1 110101010101100110:1 110101010101101000:1 110101010101101101:1 110101010101110100:1 110101010101111010:1 110101010110010101:1 110101010111000011:1 110101010111001000:2 110101010111101100:1 110101100100010101:1 }

	Command being timed: "python3 shor.py 18"
	User time (seconds): 554.72
	System time (seconds): 4.97
	Percent of CPU this job got: 99%
	Elapsed (wall clock) time (h:mm:ss or m:ss): 9:21.55
	Average shared text size (kbytes): 0
	Average unshared data size (kbytes): 0
	Average stack size (kbytes): 0
	Average total size (kbytes): 0
	Maximum resident set size (kbytes): 5370164
	Average resident set size (kbytes): 0
	Major (requiring I/O) page faults: 0
	Minor (reclaiming a frame) page faults: 7345114
	Voluntary context switches: 12755
	Involuntary context switches: 7454
	Swaps: 0
	File system inputs: 0
	File system outputs: 24
	Socket messages sent: 0
	Socket messages received: 0
	Signals delivered: 0
	Page size (bytes): 4096
	Exit status: 0
Measurement results for a=5 and N=21 with 18 qubits in the control register 
{ 000000000000000000:2554 001010100011111111:1 001010101001001110:1 001010101001101100:1 001010101001110100:1 001010101001111001:1 001010101010000110:1 001010101010010001:1 001010101010010010:1 001010101010011001:2 001010101010011010:2 001010101010011011:3 001010101010011101:1 001010101010011111:3 001010101010100000:3 001010101010100010:4 001010101010100011:2 001010101010100100:3 001010101010100101:3 001010101010100110:5 001010101010100111:14 001010101010101000:27 001010101010101001:65 001010101010101010:431 001010101010101011:1694 001010101010101100:101 001010101010101101:39 001010101010101110:10 001010101010101111:2 001010101010110000:7 001010101010110001:4 001010101010110010:1 001010101010110011:6 001010101010110110:1 001010101010110111:1 001010101010111000:1 001010101010111010:1 001010101010111011:2 001010101010111100:1 001010101010111101:1 001010101010111110:1 001010101011000001:2 001010101011000010:1 001010101011001110:1 001010101011010010:1 001010101011010101:1 001010101011010110:1 001010101011011101:1 001010101011100111:1 001010101011110110:1 001010110000110010:1 010101010011001111:1 010101010011110000:1 010101010100000111:1 010101010100010000:1 010101010100011110:1 010101010100101111:1 010101010100110101:1 010101010101000001:1 010101010101000100:2 010101010101000110:1 010101010101001011:1 010101010101001100:3 010101010101001101:1 010101010101001110:4 010101010101001111:7 010101010101010000:6 010101010101010001:9 010101010101010010:19 010101010101010011:26 010101010101010100:99 010101010101010101:1705 010101010101010110:389 010101010101010111:80 010101010101011000:27 010101010101011001:12 010101010101011010:7 010101010101011011:4 010101010101011100:6 010101010101011101:3 010101010101011110:2 010101010101011111:3 010101010101100000:2 010101010101100001:2 010101010101100010:3 010101010101100011:1 010101010101100110:1 010101010101100111:1 010101010101101000:1 010101010101101010:2 010101010101101110:1 010101010101110010:1 010101010101110101:1 010101010101111001:1 010101010101111101:1 010101010110001101:1 010101010110010001:1 010101010111010000:1 010101010111101001:1 010101011011010001:1 100000000000000000:2507 101010100000110011:1 101010101000101110:1 101010101000111111:1 101010101001001010:1 101010101001010101:1 101010101001110001:1 101010101001111100:1 101010101001111101:1 101010101001111110:1 101010101010001010:3 101010101010001011:1 101010101010001110:1 101010101010010010:1 101010101010010100:1 101010101010010110:1 101010101010011001:2 101010101010011010:1 101010101010011101:1 101010101010011111:2 101010101010100000:2 101010101010100001:3 101010101010100010:1 101010101010100011:3 101010101010100100:2 101010101010100101:4 101010101010100110:8 101010101010100111:15 101010101010101000:17 101010101010101001:72 101010101010101010:412 101010101010101011:1705 101010101010101100:98 101010101010101101:36 101010101010101110:26 101010101010101111:8 101010101010110000:3 101010101010110001:3 101010101010110010:4 101010101010110011:4 101010101010110100:5 101010101010110101:2 101010101010110110:1 101010101010110111:4 101010101010111000:2 101010101010111001:2 101010101010111010:2 101010101010111011:1 101010101010111100:1 101010101010111110:1 101010101011000101:1 101010101011010101:1 101010101011100011:1 101010101100100110:1 101010110011001111:1 110101010011011100:1 110101010100100101:2 110101010100101010:1 110101010100101011:1 110101010100111100:1 110101010100111101:1 110101010100111110:1 110101010101000001:2 110101010101000010:1 110101010101000011:1 110101010101000100:1 110101010101000110:1 110101010101001001:1 110101010101001010:1 110101010101001100:1 110101010101001101:4 110101010101001111:1 110101010101010000:11 110101010101010001:10 110101010101010010:24 110101010101010011:37 110101010101010100:103 110101010101010101:1748 110101010101010110:446 110101010101010111:72 110101010101011000:26 110101010101011001:15 110101010101011010:7 110101010101011011:3 110101010101011100:1 110101010101011101:4 110101010101011110:1 110101010101011111:3 110101010101100000:1 110101010101100001:2 110101010101100010:2 110101010101100011:3 110101010101100100:1 110101010101100101:2 110101010101101000:1 110101010101101011:2 110101010101101100:1 110101010101101101:2 110101010101101110:1 110101010101110011:2 110101010101111001:1 110101010110000101:1 110101010110110101:1 110110100011101101:1 }

	Command being timed: "python3 shor.py 18"
	User time (seconds): 555.20
	System time (seconds): 4.94
	Percent of CPU this job got: 99%
	Elapsed (wall clock) time (h:mm:ss or m:ss): 9:21.96
	Average shared text size (kbytes): 0
	Average unshared data size (kbytes): 0
	Average stack size (kbytes): 0
	Average total size (kbytes): 0
	Maximum resident set size (kbytes): 5373484
	Average resident set size (kbytes): 0
	Major (requiring I/O) page faults: 3
	Minor (reclaiming a frame) page faults: 7729441
	Voluntary context switches: 12771
	Involuntary context switches: 7466
	Swaps: 0
	File system inputs: 672
	File system outputs: 24
	Socket messages sent: 0
	Socket messages received: 0
	Signals delivered: 0
	Page size (bytes): 4096
	Exit status: 0
Measurement results for a=5 and N=21 with 18 qubits in the control register 
{ 000000000000000000:2509 001010101000110101:1 001010101001111010:1 001010101010010001:1 001010101010011001:1 001010101010011010:1 001010101010011011:3 001010101010011100:2 001010101010011111:2 001010101010100000:2 001010101010100010:4 001010101010100011:5 001010101010100100:3 001010101010100101:5 001010101010100110:8 001010101010100111:17 001010101010101000:32 001010101010101001:71 001010101010101010:415 001010101010101011:1738 001010101010101100:123 001010101010101101:36 001010101010101110:13 001010101010101111:10 001010101010110000:6 001010101010110001:2 001010101010110010:3 001010101010110011:2 001010101010110100:3 001010101010110101:3 001010101010110111:1 001010101010111001:1 001010101010111010:1 001010101010111011:2 001010101010111100:1 001010101010111111:1 001010101011000000:1 001010101011000101:1 001010101011010000:1 001010101011011010:1 001010101011100101:1 001010101100000101:1 001010101100011011:1 010100110000100100:1 010101001110101011:1 010101001110110010:1 010101010100000001:1 010101010100100000:1 010101010100100001:1 010101010100100011:1 010101010100110000:1 010101010100110011:1 010101010100110101:1 010101010100111001:1 010101010100111101:1 010101010101000011:1 010101010101000101:1 010101010101000111:1 010101010101001000:6 010101010101001010:2 010101010101001011:1 010101010101001100:2 010101010101001101:6 010101010101001110:4 010101010101001111:9 010101010101010000:6 010101010101010001:14 010101010101010010:9 010101010101010011:28 010101010101010100:105 010101010101010101:1648 010101010101010110:474 010101010101010111:64 010101010101011000:30 010101010101011001:12 010101010101011010:9 010101010101011011:8 010101010101011100:5 010101010101011101:6 010101010101011110:4 010101010101100000:2 010101010101100001:1 010101010101100100:1 010101010101100111:1 010101010101101010:1 010101010101101100:2 010101010101111100:1 010101010101111101:1 010101010110101010:1 010101100000100101:1 100000000000000000:2473 101010101000010000:1 101010101000101010:1 101010101001101101:1 101010101010001000:1 101010101010001011:1 101010101010010100:1 101010101010011011:1 101010101010011100:1 101010101010011101:3 101010101010011110:3 101010101010011111:1 101010101010100000:2 101010101010100001:2 101010101010100010:3 101010101010100011:5 101010101010100100:6 101010101010100101:5 101010101010100110:9 101010101010100111:8 101010101010101000:24 101010101010101001:79 101010101010101010:389 101010101010101011:1699 101010101010101100:110 101010101010101101:32 101010101010101110:14 101010101010101111:9 101010101010110000:7 101010101010110001:8 101010101010110010:2 101010101010110011:8 101010101010110100:2 101010101010110101:4 101010101010110110:5 101010101010110111:1 101010101010111000:1 101010101010111001:3 101010101010111010:3 101010101010111011:2 101010101010111100:2 101010101010111111:1 101010101011000000:1 101010101011000001:1 101010101011000100:1 101010101011000111:1 101010101011010001:1 101010101011011011:1 101010101011100010:1 101010101011101100:1 101010101100001100:1 101010101100011010:1 101010110000010011:1 110101001111010000:1 110101010011000010:1 110101010100110101:1 110101010100111001:1 110101010100111011:1 110101010100111101:2 110101010101000010:1 110101010101000011:1 110101010101000111:1 110101010101001000:1 110101010101001001:2 110101010101001100:1 110101010101001101:3 110101010101001110:2 110101010101001111:2 110101010101010000:8 110101010101010001:10 110101010101010010:19 110101010101010011:32 110101010101010100:84 110101010101010101:1730 110101010101010110:461 110101010101010111:75 110101010101011000:19 110101010101011001:19 110101010101011010:8 110101010101011011:9 110101010101011100:12 110101010101011101:8 110101010101011110:1 110101010101011111:2 110101010101100000:3 110101010101100001:1 110101010101100010:1 110101010101100101:4 110101010101101000:1 110101010101101001:1 110101010101101010:2 110101010101101101:1 110101010101110000:1 110101010101110101:1 110101010101110110:2 110101010101111000:1 110101010110000001:1 110101010110010000:1 110101010110010010:2 }

	Command being timed: "python3 shor.py 18"
	User time (seconds): 554.64
	System time (seconds): 4.88
	Percent of CPU this job got: 99%
	Elapsed (wall clock) time (h:mm:ss or m:ss): 9:21.62
	Average shared text size (kbytes): 0
	Average unshared data size (kbytes): 0
	Average stack size (kbytes): 0
	Average total size (kbytes): 0
	Maximum resident set size (kbytes): 5372036
	Average resident set size (kbytes): 0
	Major (requiring I/O) page faults: 0
	Minor (reclaiming a frame) page faults: 7617374
	Voluntary context switches: 12757
	Involuntary context switches: 7435
	Swaps: 0
	File system inputs: 0
	File system outputs: 24
	Socket messages sent: 0
	Socket messages received: 0
	Signals delivered: 0
	Page size (bytes): 4096
	Exit status: 0
Measurement results for a=5 and N=21 with 18 qubits in the control register 
{ 000000000000000000:2505 001010101000111101:1 001010101001001110:1 001010101001111000:1 001010101001111111:1 001010101010000111:1 001010101010001000:1 001010101010010001:1 001010101010010110:2 001010101010011001:1 001010101010011010:1 001010101010011110:2 001010101010100000:4 001010101010100001:2 001010101010100010:3 001010101010100011:2 001010101010100100:2 001010101010100101:5 001010101010100110:9 001010101010100111:15 001010101010101000:27 001010101010101001:62 001010101010101010:445 001010101010101011:1718 001010101010101100:104 001010101010101101:38 001010101010101110:22 001010101010101111:5 001010101010110000:3 001010101010110001:4 001010101010110010:3 001010101010110011:4 001010101010110101:1 001010101010110110:1 001010101010111000:1 001010101010111001:1 001010101010111010:1 001010101010111100:1 001010101010111101:2 001010101011000010:1 001010101011001011:1 001010101011001100:1 001010101011010001:1 001010101011010010:1 001010101011011011:1 001010101011100100:1 001010101011100111:1 001010101011111000:1 001010101100110010:1 001010101101001000:1 010101010010001111:1 010101010011101110:1 010101010100001010:1 010101010100100011:1 010101010100100100:1 010101010100100111:1 010101010100101001:1 010101010100110111:1 010101010100111100:1 010101010100111111:1 010101010101000001:2 010101010101000010:1 010101010101000100:1 010101010101000110:1 010101010101001000:2 010101010101001001:1 010101010101001010:2 010101010101001011:3 010101010101001100:6 010101010101001101:4 010101010101001110:2 010101010101001111:3 010101010101010000:4 010101010101010001:9 010101010101010010:16 010101010101010011:32 010101010101010100:102 010101010101010101:1742 010101010101010110:417 010101010101010111:73 010101010101011000:23 010101010101011001:18 010101010101011010:7 010101010101011011:5 010101010101011100:6 010101010101011101:6 010101010101011110:2 010101010101011111:4 010101010101100000:1 010101010101100001:3 010101010101100010:1 010101010101100011:2 010101010101100100:2 010101010101100111:1 010101010101101000:1 010101010101101001:5 010101010101101100:1 010101010101101101:1 010101010101110001:1 010101010101110011:1 010101010101110111:1 010101010101111101:1 010101010110000001:1 010101010110001000:1 010101010110001110:1 010101010110101010:1 010101010110110010:1 010101010111001011:1 010101010111110111:1 010101011100100011:1 100000000000000000:2424 101010101000111011:1 101010101001001000:1 101010101001010100:1 101010101001111000:1 101010101001111101:1 101010101001111111:1 101010101010000000:1 101010101010000100:2 101010101010001100:1 101010101010010101:1 101010101010010111:1 101010101010011000:2 101010101010011001:2 101010101010011010:2 101010101010011101:2 101010101010011110:1 101010101010011111:1 101010101010100001:4 101010101010100010:4 101010101010100011:3 101010101010100100:1 101010101010100101:9 101010101010100110:9 101010101010100111:13 101010101010101000:22 101010101010101001:56 101010101010101010:454 101010101010101011:1713 101010101010101100:111 101010101010101101:31 101010101010101110:15 101010101010101111:10 101010101010110000:9 101010101010110001:7 101010101010110010:5 101010101010110011:4 101010101010110100:2 101010101010110101:1 101010101010110110:4 101010101010111010:2 101010101010111100:1 101010101010111111:1 101010101011000001:2 101010101011001010:1 101010101011001100:1 101010101011010101:1 101010101011010110:1 101010101011010111:1 101010101011110001:1 101010101011110010:1 101010101100100101:1 101010101100110010:1 101010101110000010:1 101110101010000011:1 110101010001011011:1 110101010001110100:1 110101010011111011:1 110101010100011100:1 110101010100101101:1 110101010100111101:1 110101010100111110:1 110101010100111111:2 110101010101000000:1 110101010101000001:1 110101010101000010:1 110101010101000100:1 110101010101000101:1 110101010101000110:1 110101010101000111:1 110101010101001000:1 110101010101001011:3 110101010101001100:4 110101010101001101:4 110101010101001110:4 110101010101001111:8 110101010101010000:8 110101010101010001:12 110101010101010010:21 110101010101010011:29 110101010101010100:102 110101010101010101:1707 110101010101010110:446 110101010101010111:65 110101010101011000:21 110101010101011001:19 110101010101011010:11 110101010101011011:3 110101010101011100:4 110101010101011101:2 110101010101011110:3 110101010101100001:2 110101010101100010:1 110101010101100011:2 110101010101101010:1 110101010101110001:1 110101010101110010:1 110101010101111010:1 }

	Command being timed: "python3 shor.py 18"
	User time (seconds): 555.46
	System time (seconds): 5.09
	Percent of CPU this job got: 99%
	Elapsed (wall clock) time (h:mm:ss or m:ss): 9:22.63
	Average shared text size (kbytes): 0
	Average unshared data size (kbytes): 0
	Average stack size (kbytes): 0
	Average total size (kbytes): 0
	Maximum resident set size (kbytes): 5367904
	Average resident set size (kbytes): 0
	Major (requiring I/O) page faults: 0
	Minor (reclaiming a frame) page faults: 8000875
	Voluntary context switches: 12774
	Involuntary context switches: 7478
	Swaps: 0
	File system inputs: 0
	File system outputs: 24
	Socket messages sent: 0
	Socket messages received: 0
	Signals delivered: 0
	Page size (bytes): 4096
	Exit status: 0
Measurement results for a=5 and N=21 with 18 qubits in the control register 
{ 000000000000000000:2475 001010100110001110:1 001010101001110101:1 001010101001111001:1 001010101010001001:1 001010101010001101:1 001010101010001111:3 001010101010010110:1 001010101010011000:2 001010101010011010:1 001010101010011011:1 001010101010011100:1 001010101010011110:2 001010101010100000:3 001010101010100001:2 001010101010100010:2 001010101010100011:5 001010101010100100:2 001010101010100101:2 001010101010100110:16 001010101010100111:21 001010101010101000:25 001010101010101001:70 001010101010101010:463 001010101010101011:1783 001010101010101100:99 001010101010101101:29 001010101010101110:14 001010101010101111:13 001010101010110000:6 001010101010110001:5 001010101010110010:3 001010101010110011:5 001010101010110100:1 001010101010110101:1 001010101010110110:2 001010101010110111:1 001010101010111010:1 001010101010111011:1 001010101010111101:2 001010101010111111:1 001010101011000001:2 001010101011000100:1 001010101011000111:1 001010101011001000:1 001010101011011101:1 001010101011110001:1 001010101101001100:1 001010101101111011:1 001010110000000111:1 010101001011010011:1 010101010011110001:1 010101010100000100:1 010101010100001001:1 010101010100100001:1 010101010100100111:1 010101010100110001:1 010101010100111011:1 010101010100111100:1 010101010100111101:1 010101010100111110:2 010101010100111111:1 010101010101000011:2 010101010101000110:2 010101010101000111:2 010101010101001010:2 010101010101001011:2 010101010101001100:4 010101010101001101:4 010101010101001110:2 010101010101001111:2 010101010101010000:7 010101010101010001:16 010101010101010010:13 010101010101010011:29 010101010101010100:99 010101010101010101:1711 010101010101010110:459 010101010101010111:81 010101010101011000:28 010101010101011001:12 010101010101011010:3 010101010101011011:7 010101010101011100:2 010101010101011101:6 010101010101011110:1 010101010101011111:4 010101010101100010:2 010101010101100011:2 010101010101100100:1 010101010101100110:1 010101010101110000:1 010101010101110101:1 010101010101110111:1 010101010110000001:1 010101010110100000:1 010101011110011010:1 010101100000010100:1 010101110010011010:1 100000000000000000:2475 101010100111100101:1 101010101000001110:1 101010101000110001:1 101010101001010010:1 101010101001111010:2 101010101010000011:1 101010101010000100:1 101010101010000111:1 101010101010001011:1 101010101010001100:1 101010101010010101:2 101010101010011011:1 101010101010011101:1 101010101010011110:2 101010101010011111:1 101010101010100000:1 101010101010100001:6 101010101010100010:3 101010101010100011:1 101010101010100100:5 101010101010100101:9 101010101010100110:7 101010101010100111:13 101010101010101000:23 101010101010101001:59 101010101010101010:427 101010101010101011:1668 101010101010101100:108 101010101010101101:37 101010101010101110:13 101010101010101111:7 101010101010110000:6 101010101010110001:6 101010101010110010:6 101010101010110011:2 101010101010110100:1 101010101010110110:1 101010101010110111:2 101010101010111000:1 101010101010111010:1 101010101010111100:2 101010101010111101:1 101010101011000000:1 101010101011000001:1 101010101011000010:3 101010101011000011:2 101010101011000110:1 101010101011000111:1 101010101011001000:1 101010101011001101:1 101010101011100000:1 101010101011100110:1 101010101011101111:1 101010101100010100:1 101010101101000011:1 101010101111011101:1 110101010011010111:2 110101010011111001:1 110101010011111100:1 110101010100000101:1 110101010100001010:1 110101010100010010:1 110101010100011001:1 110101010100101011:1 110101010100101100:2 110101010100101110:1 110101010100110010:1 110101010100110100:1 110101010100110101:1 110101010100111000:1 110101010100111001:1 110101010100111100:1 110101010101000000:2 110101010101000001:2 110101010101000100:1 110101010101000101:5 110101010101001000:1 110101010101001001:2 110101010101001010:1 110101010101001101:4 110101010101001110:6 110101010101001111:6 110101010101010000:3 110101010101010001:8 110101010101010010:18 110101010101010011:42 110101010101010100:105 110101010101010101:1676 110101010101010110:412 110101010101010111:65 110101010101011000:33 110101010101011001:13 110101010101011010:11 110101010101011011:9 110101010101011100:2 110101010101011101:4 110101010101011110:3 110101010101100001:3 110101010101100101:2 110101010101100110:1 110101010101101110:1 110101010101111100:1 110101010110000001:1 110101010110000011:1 110101010110000100:1 110101010110001100:1 110101010110101100:1 110101011001001010:1 110101011011011001:1 110101100010010111:1 }

	Command being timed: "python3 shor.py 18"
	User time (seconds): 554.69
	System time (seconds): 5.12
	Percent of CPU this job got: 99%
	Elapsed (wall clock) time (h:mm:ss or m:ss): 9:21.61
	Average shared text size (kbytes): 0
	Average unshared data size (kbytes): 0
	Average stack size (kbytes): 0
	Average total size (kbytes): 0
	Maximum resident set size (kbytes): 5371664
	Average resident set size (kbytes): 0
	Major (requiring I/O) page faults: 0
	Minor (reclaiming a frame) page faults: 7707566
	Voluntary context switches: 12763
	Involuntary context switches: 7460
	Swaps: 0
	File system inputs: 0
	File system outputs: 24
	Socket messages sent: 0
	Socket messages received: 0
	Signals delivered: 0
	Page size (bytes): 4096
	Exit status: 0
Measurement results for a=5 and N=21 with 18 qubits in the control register 
{ 000000000000000000:2500 001010101010001000:1 001010101010010001:1 001010101010010010:1 001010101010010101:1 001010101010010111:1 001010101010011001:1 001010101010011101:1 001010101010100000:3 001010101010100001:1 001010101010100010:6 001010101010100011:4 001010101010100100:4 001010101010100101:6 001010101010100110:9 001010101010100111:15 001010101010101000:25 001010101010101001:78 001010101010101010:444 001010101010101011:1664 001010101010101100:126 001010101010101101:36 001010101010101110:15 001010101010101111:9 001010101010110000:8 001010101010110001:7 001010101010110010:3 001010101010110011:1 001010101010110100:3 001010101010110101:3 001010101010111000:3 001010101010111010:1 001010101010111100:1 001010101010111101:1 001010101011000000:1 001010101011000001:4 001010101011000011:1 001010101011000100:1 001010101011000111:3 001010101011001000:1 001010101011001101:1 001010101011010000:1 001010101011010110:1 001010101011101010:1 001010101100000110:1 001010101111100010:1 010101010100011101:1 010101010100011110:1 010101010100100100:1 010101010100101110:1 010101010100110010:1 010101010100110101:1 010101010100110111:1 010101010100111001:1 010101010101000000:1 010101010101000011:1 010101010101000110:2 010101010101000111:1 010101010101001000:1 010101010101001001:1 010101010101001010:1 010101010101001011:5 010101010101001100:4 010101010101001101:1 010101010101001110:2 010101010101001111:2 010101010101010000:3 010101010101010001:11 010101010101010010:19 010101010101010011:38 010101010101010100:114 010101010101010101:1766 010101010101010110:418 010101010101010111:62 010101010101011000:23 010101010101011001:20 010101010101011010:4 010101010101011011:4 010101010101011100:6 010101010101011101:5 010101010101011110:3 010101010101011111:3 010101010101100000:2 010101010101100001:1 010101010101100011:4 010101010101100100:1 010101010101100101:1 010101010101101001:2 010101010101101010:2 010101010101101110:1 010101010101110110:1 010101010101110111:1 010101010110000101:1 010101010110001010:1 010101010110100100:1 100000000000000000:2567 101010100111100110:1 101010100111101110:1 101010101000011001:1 101010101000100000:1 101010101001110100:1 101010101001110110:1 101010101001111110:2 101010101001111111:1 101010101010001001:1 101010101010010001:1 101010101010010100:2 101010101010010110:1 101010101010011000:1 101010101010011010:1 101010101010011011:1 101010101010011100:1 101010101010011101:2 101010101010011111:2 101010101010100001:3 101010101010100011:6 101010101010100100:5 101010101010100101:5 101010101010100110:15 101010101010100111:11 101010101010101000:21 101010101010101001:77 101010101010101010:452 101010101010101011:1659 101010101010101100:109 101010101010101101:36 101010101010101110:12 101010101010101111:9 101010101010110000:11 101010101010110001:2 101010101010110010:4 101010101010110011:3 101010101010110100:1 101010101010110110:2 101010101010111000:2 101010101010111001:1 101010101010111010:1 101010101010111100:3 101010101010111101:1 101010101010111110:1 101010101010111111:1 101010101011000000:1 101010101011000001:1 101010101011000011:2 101010101011000100:1 101010101011001001:1 101010101011001010:1 101010101011001011:3 101010101011010111:1 101010101011011100:1 101010101011100101:1 101010101100000000:1 110101010000010101:1 110101010010110010:1 110101010011111101:1 110101010100001110:1 110101010100001111:1 110101010100100010:1 110101010100100100:1 110101010100111110:1 110101010101000000:1 110101010101000010:1 110101010101000101:1 110101010101001001:1 110101010101001010:2 110101010101001011:1 110101010101001100:2 110101010101001101:2 110101010101001110:1 110101010101001111:7 110101010101010000:6 110101010101010001:3 110101010101010010:17 110101010101010011:34 110101010101010100:105 110101010101010101:1636 110101010101010110:431 110101010101010111:64 110101010101011000:29 110101010101011001:10 110101010101011010:12 110101010101011011:4 110101010101011101:1 110101010101011111:1 110101010101100000:4 110101010101100001:2 110101010101100011:1 110101010101100100:1 110101010101100101:1 110101010101101000:2 110101010101110001:1 110101010110000110:1 110101010110111110:1 110101011011101101:1 110101111011000110:1 }

	Command being timed: "python3 shor.py 18"
	User time (seconds): 554.51
	System time (seconds): 4.94
	Percent of CPU this job got: 99%
	Elapsed (wall clock) time (h:mm:ss or m:ss): 9:21.27
	Average shared text size (kbytes): 0
	Average unshared data size (kbytes): 0
	Average stack size (kbytes): 0
	Average total size (kbytes): 0
	Maximum resident set size (kbytes): 5370560
	Average resident set size (kbytes): 0
	Major (requiring I/O) page faults: 0
	Minor (reclaiming a frame) page faults: 7659692
	Voluntary context switches: 12753
	Involuntary context switches: 7453
	Swaps: 0
	File system inputs: 0
	File system outputs: 24
	Socket messages sent: 0
	Socket messages received: 0
	Signals delivered: 0
	Page size (bytes): 4096
	Exit status: 0
Measurement results for a=5 and N=21 with 18 qubits in the control register 
{ 000000000000000000:2551 001010101001111110:1 001010101001111111:1 001010101010000111:2 001010101010001111:1 001010101010010110:1 001010101010010111:1 001010101010011000:3 001010101010011001:1 001010101010011010:1 001010101010011011:1 001010101010011111:1 001010101010100000:2 001010101010100001:4 001010101010100010:1 001010101010100011:3 001010101010100100:4 001010101010100101:6 001010101010100110:13 001010101010100111:10 001010101010101000:22 001010101010101001:62 001010101010101010:459 001010101010101011:1691 001010101010101100:110 001010101010101101:36 001010101010101110:15 001010101010101111:8 001010101010110000:7 001010101010110001:3 001010101010110011:1 001010101010110100:1 001010101010110101:1 001010101010110110:3 001010101010110111:1 001010101010111001:1 001010101010111010:2 001010101010111011:1 001010101010111100:3 001010101010111101:2 001010101010111111:1 001010101011000000:1 001010101011000110:1 001010101011000111:1 001010101011001000:1 001010101011100100:1 001010101011111001:1 001010101011111010:1 001010101100001101:1 001010101100011010:1 001010101101011011:1 010101010011110111:1 010101010100010111:1 010101010100100001:1 010101010100111111:2 010101010101000001:1 010101010101000010:2 010101010101000011:1 010101010101000101:1 010101010101000110:3 010101010101000111:1 010101010101001000:2 010101010101001001:4 010101010101001010:1 010101010101001011:6 010101010101001100:1 010101010101001101:2 010101010101001110:3 010101010101001111:5 010101010101010000:2 010101010101010001:18 010101010101010010:24 010101010101010011:41 010101010101010100:122 010101010101010101:1647 010101010101010110:405 010101010101010111:75 010101010101011000:21 010101010101011001:10 010101010101011010:10 010101010101011011:8 010101010101011100:8 010101010101011101:5 010101010101011110:4 010101010101011111:2 010101010101100000:2 010101010101100001:1 010101010101100101:1 010101010101101000:1 010101010101101101:1 010101010110000110:1 010101010110010010:1 010101010110101000:1 010101010110110100:1 010101011000010100:1 010101100111101101:1 100000000000000000:2510 101010100000011010:1 101010101000101101:1 101010101001110000:2 101010101001111101:1 101010101010000101:1 101010101010001110:1 101010101010001111:1 101010101010010110:2 101010101010010111:1 101010101010011001:1 101010101010011011:1 101010101010011100:3 101010101010011101:1 101010101010011110:2 101010101010011111:2 101010101010100000:2 101010101010100001:2 101010101010100010:3 101010101010100011:2 101010101010100100:5 101010101010100101:9 101010101010100110:6 101010101010100111:11 101010101010101000:22 101010101010101001:64 101010101010101010:428 101010101010101011:1721 101010101010101100:83 101010101010101101:36 101010101010101110:16 101010101010101111:7 101010101010110000:8 101010101010110001:4 101010101010110010:3 101010101010110100:4 101010101010110101:1 101010101010110110:3 101010101010110111:2 101010101010111001:1 101010101010111010:2 101010101010111011:1 101010101010111100:1 101010101011000111:1 101010101011001010:1 101010101011001011:3 101010101011010011:1 101010101011101100:1 110101010000111011:1 110101010011110110:1 110101010100100011:1 110101010100101010:1 110101010100101100:1 110101010100101111:1 110101010100110001:1 110101010101000100:2 110101010101001010:3 110101010101001011:1 110101010101001100:3 110101010101001101:3 110101010101001110:5 110101010101001111:7 110101010101010000:6 110101010101010001:7 110101010101010010:16 110101010101010011:29 110101010101010100:122 110101010101010101:1747 110101010101010110:413 110101010101010111:69 110101010101011000:29 110101010101011001:9 110101010101011010:8 110101010101011011:1 110101010101011100:6 110101010101011101:4 110101010101011110:4 110101010101011111:3 110101010101100000:1 110101010101100001:1 110101010101100011:1 110101010101100101:3 110101010101101010:1 110101010101101101:1 110101010101110011:1 110101010110011101:1 110101010110110001:1 }

	Command being timed: "python3 shor.py 18"
	User time (seconds): 553.73
	System time (seconds): 4.97
	Percent of CPU this job got: 99%
	Elapsed (wall clock) time (h:mm:ss or m:ss): 9:20.53
	Average shared text size (kbytes): 0
	Average unshared data size (kbytes): 0
	Average stack size (kbytes): 0
	Average total size (kbytes): 0
	Maximum resident set size (kbytes): 5370292
	Average resident set size (kbytes): 0
	Major (requiring I/O) page faults: 0
	Minor (reclaiming a frame) page faults: 7658905
	Voluntary context switches: 12749
	Involuntary context switches: 7442
	Swaps: 0
	File system inputs: 0
	File system outputs: 24
	Socket messages sent: 0
	Socket messages received: 0
	Signals delivered: 0
	Page size (bytes): 4096
	Exit status: 0
Measurement results for a=5 and N=21 with 18 qubits in the control register 
{ 000000000000000000:2485 001010100110110100:1 001010101000111101:1 001010101001100111:1 001010101001111010:1 001010101001111111:1 001010101010000010:1 001010101010010000:1 001010101010010101:1 001010101010011001:1 001010101010011011:2 001010101010011101:1 001010101010011111:1 001010101010100000:2 001010101010100010:2 001010101010100011:5 001010101010100100:3 001010101010100101:4 001010101010100110:11 001010101010100111:15 001010101010101000:29 001010101010101001:86 001010101010101010:416 001010101010101011:1722 001010101010101100:92 001010101010101101:40 001010101010101110:14 001010101010101111:9 001010101010110000:3 001010101010110001:4 001010101010110010:5 001010101010110011:2 001010101010110100:3 001010101010110101:4 001010101010110110:1 001010101010110111:2 001010101010111010:1 001010101010111011:1 001010101010111100:1 001010101010111101:1 001010101010111111:1 001010101011000000:2 001010101011001110:1 001010101011001111:1 001010101011010101:1 001010101011010110:1 001010101011011010:1 001010101011011011:1 001010101011011101:1 001010101011100101:2 001010101011111110:1 001010101100000100:1 001010101101001011:1 010101010011010100:1 010101010100000011:1 010101010100111000:1 010101010100111011:1 010101010100111110:1 010101010100111111:1 010101010101000011:1 010101010101000101:2 010101010101000110:2 010101010101000111:1 010101010101001001:3 010101010101001010:1 010101010101001011:2 010101010101001100:1 010101010101001101:5 010101010101001110:1 010101010101001111:5 010101010101010000:3 010101010101010001:10 010101010101010010:19 010101010101010011:34 010101010101010100:93 010101010101010101:1691 010101010101010110:416 010101010101010111:69 010101010101011000:33 010101010101011001:24 010101010101011010:6 010101010101011011:5 010101010101011100:11 010101010101011110:1 010101010101011111:4 010101010101100100:1 010101010101100101:2 010101010101100110:1 010101010101101100:1 010101010101110001:1 010101010110101101:1 100000000000000000:2572 101010101010000110:1 101010101010001001:1 101010101010010011:1 101010101010010101:1 101010101010011011:1 101010101010011100:1 101010101010011110:4 101010101010100000:3 101010101010100001:1 101010101010100010:2 101010101010100011:5 101010101010100100:3 101010101010100101:8 101010101010100110:10 101010101010100111:12 101010101010101000:25 101010101010101001:71 101010101010101010:441 101010101010101011:1702 101010101010101100:94 101010101010101101:40 101010101010101110:15 101010101010101111:12 101010101010110000:6 101010101010110001:6 101010101010110010:4 101010101010110011:5 101010101010110100:3 101010101010110101:1 101010101010110110:1 101010101010110111:1 101010101010111000:1 101010101010111001:1 101010101010111101:2 101010101010111110:1 101010101011000011:2 101010101011000110:1 101010101011001110:1 101010101100001110:1 101010101101000110:1 101010110001001100:1 110100110111111011:1 110101001111001010:1 110101010001100001:1 110101010011001001:1 110101010011111100:1 110101010100100001:1 110101010100101010:1 110101010100101011:1 110101010100110001:1 110101010100111000:1 110101010100111011:2 110101010101000000:1 110101010101000010:3 110101010101000101:2 110101010101000110:2 110101010101001000:2 110101010101001001:2 110101010101001010:1 110101010101001011:4 110101010101001100:3 110101010101001101:1 110101010101001110:3 110101010101001111:8 110101010101010000:4 110101010101010001:6 110101010101010010:22 110101010101010011:37 110101010101010100:104 110101010101010101:1695 110101010101010110:409 110101010101010111:78 110101010101011000:27 110101010101011001:14 110101010101011010:6 110101010101011011:6 110101010101011100:3 110101010101011101:6 110101010101011110:7 110101010101011111:2 110101010101100001:1 110101010101100011:2 110101010101100110:3 110101010101101000:2 110101010101101010:2 110101010101101011:1 110101010101101101:1 110101010101101110:1 110101010101110010:1 110101010110000010:1 110101010110010001:1 110101010110110011:1 110101011000111000:1 }

	Command being timed: "python3 shor.py 18"
	User time (seconds): 555.64
	System time (seconds): 4.97
	Percent of CPU this job got: 99%
	Elapsed (wall clock) time (h:mm:ss or m:ss): 9:22.44
	Average shared text size (kbytes): 0
	Average unshared data size (kbytes): 0
	Average stack size (kbytes): 0
	Average total size (kbytes): 0
	Maximum resident set size (kbytes): 5371244
	Average resident set size (kbytes): 0
	Major (requiring I/O) page faults: 0
	Minor (reclaiming a frame) page faults: 7698734
	Voluntary context switches: 12765
	Involuntary context switches: 7466
	Swaps: 0
	File system inputs: 0
	File system outputs: 24
	Socket messages sent: 0
	Socket messages received: 0
	Signals delivered: 0
	Page size (bytes): 4096
	Exit status: 0
