Number of qubits:  15
Number of pool operator:  990
Step:  1
Norm of the gradient:  6.1854071016000765
Mixer pool at step 1
['IIIIIYZ']
Number of layers:  1
Result from the step  1
Optmized Energy:  -9.99999999999773
dE= : 9.99999999999773


Step:  2
Norm of the gradient:  5.670253815223227
Mixer pool at step 2
['IIIIIYZ', 'IYIIZ']
Number of layers:  2
Result from the step  2
Optmized Energy:  -10.499999999972326
dE= : 0.4999999999745963


Step:  3
Norm of the gradient:  5.487298536791082
Mixer pool at step 3
['IIIIIYZ', 'IYIIZ', 'IIIIIIIIIIYZ']
Number of layers:  3
Result from the step  3
Optmized Energy:  -10.999999999995374
dE= : 0.5000000000230482


Step:  4
Norm of the gradient:  5.298353375320572
Mixer pool at step 4
['IIIIIYZ', 'IYIIZ', 'IIIIIIIIIIYZ', 'IIIIIIIIIIIIZIY']
Number of layers:  4
Result from the step  4
Optmized Energy:  -11.49999999999408
dE= : 0.49999999999870504


Step:  5
Norm of the gradient:  4.475855655794484
Mixer pool at step 5
['IIIIIYZ', 'IYIIZ', 'IIIIIIIIIIYZ', 'IIIIIIIIIIIIZIY', 'IIIIIIIIIIZIIY']
Number of layers:  5
Result from the step  5
Optmized Energy:  -11.999999999973907
dE= : 0.4999999999798277


Step:  6
Norm of the gradient:  4.245656039065313
Mixer pool at step 6
['IIIIIYZ', 'IYIIZ', 'IIIIIIIIIIYZ', 'IIIIIIIIIIIIZIY', 'IIIIIIIIIIZIIY', 'IIYIIIIZ']
Number of layers:  6
Result from the step  6
Optmized Energy:  -12.499999999925429
dE= : 0.49999999995152145


Step:  7
Norm of the gradient:  4.001073940107582
Mixer pool at step 7
['IIIIIYZ', 'IYIIZ', 'IIIIIIIIIIYZ', 'IIIIIIIIIIIIZIY', 'IIIIIIIIIIZIIY', 'IIYIIIIZ', 'YIIIZ']
Number of layers:  7
Result from the step  7
Optmized Energy:  -12.999999999727654
dE= : 0.49999999980222576


Step:  8
Norm of the gradient:  3.6056064638635164
Mixer pool at step 8
['IIIIIYZ', 'IYIIZ', 'IIIIIIIIIIYZ', 'IIIIIIIIIIIIZIY', 'IIIIIIIIIIZIIY', 'IIYIIIIZ', 'YIIIZ', 'IIZIIIIIIY']
Number of layers:  8
Result from the step  8
Optmized Energy:  -13.499999999654513
dE= : 0.4999999999268585


Step:  9
Norm of the gradient:  4.357638297650485
Mixer pool at step 9
['IIIIIYZ', 'IYIIZ', 'IIIIIIIIIIYZ', 'IIIIIIIIIIIIZIY', 'IIIIIIIIIIZIIY', 'IIYIIIIZ', 'YIIIZ', 'IIZIIIIIIY', 'IIIIIIIZY']
Number of layers:  9
Result from the step  9
Optmized Energy:  -14.499999999951678
dE= : 1.000000000297165


Step:  10
Norm of the gradient:  2.4492856720918943
Mixer pool at step 10
['IIIIIYZ', 'IYIIZ', 'IIIIIIIIIIYZ', 'IIIIIIIIIIIIZIY', 'IIIIIIIIIIZIIY', 'IIYIIIIZ', 'YIIIZ', 'IIZIIIIIIY', 'IIIIIIIZY', 'IIIYIIZ']
Number of layers:  10
Result from the step  10
Optmized Energy:  -14.999999999942627
dE= : 0.49999999999094946


Step:  11
Norm of the gradient:  0.014143133932731776
Mixer pool at step 11
['IIIIIYZ', 'IYIIZ', 'IIIIIIIIIIYZ', 'IIIIIIIIIIIIZIY', 'IIIIIIIIIIZIIY', 'IIYIIIIZ', 'YIIIZ', 'IIZIIIIIIY', 'IIIIIIIZY', 'IIIYIIZ', 'IIIIIIIIIIIIXIX']
Number of layers:  11
Result from the step  11
Optmized Energy:  -15.499999999959837
dE= : 0.5000000000172093


Step:  12
Norm of the gradient:  1.8312876248262724e-05

 Final Result:  

Final mixer_pool:  ['IIIIIYZ', 'IYIIZ', 'IIIIIIIIIIYZ', 'IIIIIIIIIIIIZIY', 'IIIIIIIIIIZIIY', 'IIYIIIIZ', 'YIIIZ', 'IIZIIIIIIY', 'IIIIIIIZY', 'IIIYIIZ', 'IIIIIIIIIIIIXIX']
Number of layers:  11
Number of mixer pool in each layer:  [1, 1, 1, 1, 1, 1, 1, 1, 1, 1, 1]
Final Energy:  -15.499999999959837

 Sampling the Final ADAPT QAOA circuit 

The most probable max cut:  001111001010100
All bitstring from circuit sampling:  { 000010110101011:295 000010110110100:303 000111010101011:304 000111010110100:315 001010101001011:295 001010101010100:317 001111001001011:312 001111001010100:342 110000110101011:316 110000110110100:314 110101010101011:318 110101010110100:310 111000101001011:304 111000101010100:312 111101001001011:333 111101001010100:310 }

CUDA-Q Version 0.10.0 (https://github.com/NVIDIA/cuda-quantum f24f4f78673e0bc330fec90a88251321432be970)
GPU: A100
	Command being timed: "python3 QAOA.py 15"
	User time (seconds): 128.69
	System time (seconds): 2.40
	Percent of CPU this job got: 98%
	Elapsed (wall clock) time (h:mm:ss or m:ss): 2:13.58
	Average shared text size (kbytes): 0
	Average unshared data size (kbytes): 0
	Average stack size (kbytes): 0
	Average total size (kbytes): 0
	Maximum resident set size (kbytes): 771148
	Average resident set size (kbytes): 0
	Major (requiring I/O) page faults: 0
	Minor (reclaiming a frame) page faults: 688350
	Voluntary context switches: 11745
	Involuntary context switches: 2319
	Swaps: 0
	File system inputs: 0
	File system outputs: 16
	Socket messages sent: 0
	Socket messages received: 0
	Signals delivered: 0
	Page size (bytes): 4096
	Exit status: 0
Number of qubits:  15
Number of pool operator:  990
Step:  1
Norm of the gradient:  6.1854071016000765
Mixer pool at step 1
['IIIIIYZ']
Number of layers:  1
Result from the step  1
Optmized Energy:  -9.99999999999773
dE= : 9.99999999999773


Step:  2
Norm of the gradient:  5.670253815223227
Mixer pool at step 2
['IIIIIYZ', 'IYIIZ']
Number of layers:  2
Result from the step  2
Optmized Energy:  -10.499999999972326
dE= : 0.4999999999745963


Step:  3
Norm of the gradient:  5.487298536791082
Mixer pool at step 3
['IIIIIYZ', 'IYIIZ', 'IIIIIIIIIIYZ']
Number of layers:  3
Result from the step  3
Optmized Energy:  -10.999999999995374
dE= : 0.5000000000230482


Step:  4
Norm of the gradient:  5.298353375320572
Mixer pool at step 4
['IIIIIYZ', 'IYIIZ', 'IIIIIIIIIIYZ', 'IIIIIIIIIIIIZIY']
Number of layers:  4
Result from the step  4
Optmized Energy:  -11.49999999999408
dE= : 0.49999999999870504


Step:  5
Norm of the gradient:  4.475855655794484
Mixer pool at step 5
['IIIIIYZ', 'IYIIZ', 'IIIIIIIIIIYZ', 'IIIIIIIIIIIIZIY', 'IIIIIIIIIIZIIY']
Number of layers:  5
Result from the step  5
Optmized Energy:  -11.999999999973907
dE= : 0.4999999999798277


Step:  6
Norm of the gradient:  4.245656039065313
Mixer pool at step 6
['IIIIIYZ', 'IYIIZ', 'IIIIIIIIIIYZ', 'IIIIIIIIIIIIZIY', 'IIIIIIIIIIZIIY', 'IIYIIIIZ']
Number of layers:  6
Result from the step  6
Optmized Energy:  -12.499999999925429
dE= : 0.49999999995152145


Step:  7
Norm of the gradient:  4.001073940107582
Mixer pool at step 7
['IIIIIYZ', 'IYIIZ', 'IIIIIIIIIIYZ', 'IIIIIIIIIIIIZIY', 'IIIIIIIIIIZIIY', 'IIYIIIIZ', 'YIIIZ']
Number of layers:  7
Result from the step  7
Optmized Energy:  -12.999999999727654
dE= : 0.49999999980222576


Step:  8
Norm of the gradient:  3.6056064638635164
Mixer pool at step 8
['IIIIIYZ', 'IYIIZ', 'IIIIIIIIIIYZ', 'IIIIIIIIIIIIZIY', 'IIIIIIIIIIZIIY', 'IIYIIIIZ', 'YIIIZ', 'IIZIIIIIIY']
Number of layers:  8
Result from the step  8
Optmized Energy:  -13.499999999654513
dE= : 0.4999999999268585


Step:  9
Norm of the gradient:  4.357638297650485
Mixer pool at step 9
['IIIIIYZ', 'IYIIZ', 'IIIIIIIIIIYZ', 'IIIIIIIIIIIIZIY', 'IIIIIIIIIIZIIY', 'IIYIIIIZ', 'YIIIZ', 'IIZIIIIIIY', 'IIIIIIIZY']
Number of layers:  9
Result from the step  9
Optmized Energy:  -14.499999999951678
dE= : 1.000000000297165


Step:  10
Norm of the gradient:  2.4492856720918943
Mixer pool at step 10
['IIIIIYZ', 'IYIIZ', 'IIIIIIIIIIYZ', 'IIIIIIIIIIIIZIY', 'IIIIIIIIIIZIIY', 'IIYIIIIZ', 'YIIIZ', 'IIZIIIIIIY', 'IIIIIIIZY', 'IIIYIIZ']
Number of layers:  10
Result from the step  10
Optmized Energy:  -14.999999999942627
dE= : 0.49999999999094946


Step:  11
Norm of the gradient:  0.014143133932731776
Mixer pool at step 11
['IIIIIYZ', 'IYIIZ', 'IIIIIIIIIIYZ', 'IIIIIIIIIIIIZIY', 'IIIIIIIIIIZIIY', 'IIYIIIIZ', 'YIIIZ', 'IIZIIIIIIY', 'IIIIIIIZY', 'IIIYIIZ', 'IIIIIIIIIIIIXIX']
Number of layers:  11
Result from the step  11
Optmized Energy:  -15.499999999959837
dE= : 0.5000000000172093


Step:  12
Norm of the gradient:  1.8312876248262724e-05

 Final Result:  

Final mixer_pool:  ['IIIIIYZ', 'IYIIZ', 'IIIIIIIIIIYZ', 'IIIIIIIIIIIIZIY', 'IIIIIIIIIIZIIY', 'IIYIIIIZ', 'YIIIZ', 'IIZIIIIIIY', 'IIIIIIIZY', 'IIIYIIZ', 'IIIIIIIIIIIIXIX']
Number of layers:  11
Number of mixer pool in each layer:  [1, 1, 1, 1, 1, 1, 1, 1, 1, 1, 1]
Final Energy:  -15.499999999959837

 Sampling the Final ADAPT QAOA circuit 

The most probable max cut:  111000101001011
All bitstring from circuit sampling:  { 000010110101011:313 000010110110100:318 000111010101011:294 000111010110100:308 001010101001011:303 001010101010100:306 001111001001011:300 001111001010100:321 110000110101011:312 110000110110100:304 110101010101011:327 110101010110100:334 111000101001011:340 111000101010100:294 111101001001011:296 111101001010100:330 }

CUDA-Q Version 0.10.0 (https://github.com/NVIDIA/cuda-quantum f24f4f78673e0bc330fec90a88251321432be970)
GPU: A100
	Command being timed: "python3 QAOA.py 15"
	User time (seconds): 131.84
	System time (seconds): 2.21
	Percent of CPU this job got: 98%
	Elapsed (wall clock) time (h:mm:ss or m:ss): 2:16.00
	Average shared text size (kbytes): 0
	Average unshared data size (kbytes): 0
	Average stack size (kbytes): 0
	Average total size (kbytes): 0
	Maximum resident set size (kbytes): 772400
	Average resident set size (kbytes): 0
	Major (requiring I/O) page faults: 0
	Minor (reclaiming a frame) page faults: 650751
	Voluntary context switches: 9468
	Involuntary context switches: 2344
	Swaps: 0
	File system inputs: 0
	File system outputs: 24
	Socket messages sent: 0
	Socket messages received: 0
	Signals delivered: 0
	Page size (bytes): 4096
	Exit status: 0
