WARNING: overwriting environment variables set in the machine
overwriting variable ['LD_LIBRARY_PATH']
      ╭───╮          ╭───╮                                                  »
 q0 : ┤ h ├───────●──┤ h ├──────────────────────────────────────────────────»
      ├───┤       │  ╰───╯╭───╮                                             »
 q1 : ┤ h ├───────┼────●──┤ h ├─────────────────────────────────────────────»
      ├───┤       │    │  ├───┤                                             »
 q2 : ┤ h ├───────┼────┼──┤ h ├─────────────────────────────────────────────»
      ├───┤       │    │  ├───┤                                             »
 q3 : ┤ h ├───────┼────┼──┤ h ├─────────────────────────────────────────────»
      ├───┤       │    │  ├───┤                                             »
 q4 : ┤ h ├───────┼────┼──┤ h ├─────────────────────────────────────────────»
      ├───┤       │    │  ╰───╯╭───╮                                        »
 q5 : ┤ h ├───────┼────┼────●──┤ h ├────────────────────────────────────────»
      ├───┤       │    │    │  ╰───╯╭───╮                                   »
 q6 : ┤ h ├───────┼────┼────┼────●──┤ h ├───────────────────────────────────»
      ├───┤       │    │    │    │  ╰───╯╭───╮                              »
 q7 : ┤ h ├───────┼────┼────┼────┼────●──┤ h ├──────────────────────────────»
      ├───┤       │    │    │    │    │  ├───┤                              »
 q8 : ┤ h ├───────┼────┼────┼────┼────┼──┤ h ├──────────────────────────────»
      ├───┤       │    │    │    │    │  ├───┤                              »
 q9 : ┤ h ├───────┼────┼────┼────┼────┼──┤ h ├──────────────────────────────»
      ├───┤       │    │    │    │    │  ╰───╯╭───╮                         »
q10 : ┤ h ├───────┼────┼────┼────┼────┼────●──┤ h ├─────────────────────────»
      ├───┤       │    │    │    │    │    │  ├───┤                         »
q11 : ┤ h ├───────┼────┼────┼────┼────┼────┼──┤ h ├─────────────────────────»
      ├───┤       │    │    │    │    │    │  ╰───╯╭───╮                    »
q12 : ┤ h ├───────┼────┼────┼────┼────┼────┼────●──┤ h ├────────────────────»
      ├───┤       │    │    │    │    │    │    │  ╰───╯╭───╮               »
q13 : ┤ h ├───────┼────┼────┼────┼────┼────┼────┼────●──┤ h ├───────────────»
      ├───┤       │    │    │    │    │    │    │    │  ╰───╯╭───╮          »
q14 : ┤ h ├───────┼────┼────┼────┼────┼────┼────┼────┼────●──┤ h ├──────────»
      ├───┤       │    │    │    │    │    │    │    │    │  ╰───╯╭───╮     »
q15 : ┤ h ├───────┼────┼────┼────┼────┼────┼────┼────┼────┼────●──┤ h ├─────»
      ├───┤       │    │    │    │    │    │    │    │    │    │  ╰───╯╭───╮»
q16 : ┤ h ├───────┼────┼────┼────┼────┼────┼────┼────┼────┼────┼────●──┤ h ├»
      ├───┤       │    │    │    │    │    │    │    │    │    │    │  ├───┤»
q17 : ┤ h ├───────┼────┼────┼────┼────┼────┼────┼────┼────┼────┼────┼──┤ h ├»
      ├───┤       │    │    │    │    │    │    │    │    │    │    │  ╰───╯»
q18 : ┤ h ├───────┼────┼────┼────┼────┼────┼────┼────┼────┼────┼────┼────●──»
      ├───┤       │    │    │    │    │    │    │    │    │    │    │    │  »
q19 : ┤ h ├───────┼────┼────┼────┼────┼────┼────┼────┼────┼────┼────┼────┼──»
      ├───┤╭───╮╭─┴─╮╭─┴─╮╭─┴─╮╭─┴─╮╭─┴─╮╭─┴─╮╭─┴─╮╭─┴─╮╭─┴─╮╭─┴─╮╭─┴─╮╭─┴─╮»
q20 : ┤ x ├┤ h ├┤ x ├┤ x ├┤ x ├┤ x ├┤ x ├┤ x ├┤ x ├┤ x ├┤ x ├┤ x ├┤ x ├┤ x ├»
      ╰───╯╰───╯╰───╯╰───╯╰───╯╰───╯╰───╯╰───╯╰───╯╰───╯╰───╯╰───╯╰───╯╰───╯»

################################################################################

     
─────
     
─────
     
─────
     
─────
     
─────
     
─────
     
─────
     
─────
     
─────
     
─────
     
─────
     
─────
     
─────
     
─────
     
─────
     
─────
     
─────
     
─────
╭───╮
┤ h ├
├───┤
┤ h ├
╰───╯
─────
     

secret bitstring = [1, 1, 0, 0, 0, 1, 1, 1, 0, 0, 1, 0, 1, 1, 1, 1, 1, 0, 1, 0]
measured state = 11000111001011111010
Were we successful? True
	Command being timed: "python3 bernstein-vazirani.py 20"
	User time (seconds): 0.90
	System time (seconds): 0.59
	Percent of CPU this job got: 83%
	Elapsed (wall clock) time (h:mm:ss or m:ss): 0:01.79
	Average shared text size (kbytes): 0
	Average unshared data size (kbytes): 0
	Average stack size (kbytes): 0
	Average total size (kbytes): 0
	Maximum resident set size (kbytes): 620828
	Average resident set size (kbytes): 0
	Major (requiring I/O) page faults: 1
	Minor (reclaiming a frame) page faults: 43098
	Voluntary context switches: 4338
	Involuntary context switches: 24
	Swaps: 0
	File system inputs: 0
	File system outputs: 24
	Socket messages sent: 0
	Socket messages received: 0
	Signals delivered: 0
	Page size (bytes): 4096
	Exit status: 0
      ╭───╮╭───╮                                             
 q0 : ┤ h ├┤ h ├─────────────────────────────────────────────
      ├───┤├───┤                                             
 q1 : ┤ h ├┤ h ├─────────────────────────────────────────────
      ├───┤╰───╯     ╭───╮                                   
 q2 : ┤ h ├───────●──┤ h ├───────────────────────────────────
      ├───┤       │  ├───┤                                   
 q3 : ┤ h ├───────┼──┤ h ├───────────────────────────────────
      ├───┤       │  ╰───╯╭───╮                              
 q4 : ┤ h ├───────┼────●──┤ h ├──────────────────────────────
      ├───┤       │    │  ├───┤                              
 q5 : ┤ h ├───────┼────┼──┤ h ├──────────────────────────────
      ├───┤       │    │  ╰───╯╭───╮                         
 q6 : ┤ h ├───────┼────┼────●──┤ h ├─────────────────────────
      ├───┤       │    │    │  ├───┤                         
 q7 : ┤ h ├───────┼────┼────┼──┤ h ├─────────────────────────
      ├───┤       │    │    │  ├───┤                         
 q8 : ┤ h ├───────┼────┼────┼──┤ h ├─────────────────────────
      ├───┤       │    │    │  ├───┤                         
 q9 : ┤ h ├───────┼────┼────┼──┤ h ├─────────────────────────
      ├───┤       │    │    │  ╰───╯╭───╮                    
q10 : ┤ h ├───────┼────┼────┼────●──┤ h ├────────────────────
      ├───┤       │    │    │    │  ╰───╯╭───╮               
q11 : ┤ h ├───────┼────┼────┼────┼────●──┤ h ├───────────────
      ├───┤       │    │    │    │    │  ├───┤               
q12 : ┤ h ├───────┼────┼────┼────┼────┼──┤ h ├───────────────
      ├───┤       │    │    │    │    │  ├───┤               
q13 : ┤ h ├───────┼────┼────┼────┼────┼──┤ h ├───────────────
      ├───┤       │    │    │    │    │  ╰───╯╭───╮          
q14 : ┤ h ├───────┼────┼────┼────┼────┼────●──┤ h ├──────────
      ├───┤       │    │    │    │    │    │  ╰───╯╭───╮     
q15 : ┤ h ├───────┼────┼────┼────┼────┼────┼────●──┤ h ├─────
      ├───┤       │    │    │    │    │    │    │  ├───┤     
q16 : ┤ h ├───────┼────┼────┼────┼────┼────┼────┼──┤ h ├─────
      ├───┤       │    │    │    │    │    │    │  ├───┤     
q17 : ┤ h ├───────┼────┼────┼────┼────┼────┼────┼──┤ h ├─────
      ├───┤       │    │    │    │    │    │    │  ╰───╯╭───╮
q18 : ┤ h ├───────┼────┼────┼────┼────┼────┼────┼────●──┤ h ├
      ├───┤       │    │    │    │    │    │    │    │  ├───┤
q19 : ┤ h ├───────┼────┼────┼────┼────┼────┼────┼────┼──┤ h ├
      ├───┤╭───╮╭─┴─╮╭─┴─╮╭─┴─╮╭─┴─╮╭─┴─╮╭─┴─╮╭─┴─╮╭─┴─╮╰───╯
q20 : ┤ x ├┤ h ├┤ x ├┤ x ├┤ x ├┤ x ├┤ x ├┤ x ├┤ x ├┤ x ├─────
      ╰───╯╰───╯╰───╯╰───╯╰───╯╰───╯╰───╯╰───╯╰───╯╰───╯     

secret bitstring = [0, 0, 1, 0, 1, 0, 1, 0, 0, 0, 1, 1, 0, 0, 1, 1, 0, 0, 1, 0]
measured state = 00101010001100110010
Were we successful? True
	Command being timed: "python3 bernstein-vazirani.py 20"
	User time (seconds): 0.90
	System time (seconds): 0.47
	Percent of CPU this job got: 90%
	Elapsed (wall clock) time (h:mm:ss or m:ss): 0:01.53
	Average shared text size (kbytes): 0
	Average unshared data size (kbytes): 0
	Average stack size (kbytes): 0
	Average total size (kbytes): 0
	Maximum resident set size (kbytes): 618124
	Average resident set size (kbytes): 0
	Major (requiring I/O) page faults: 0
	Minor (reclaiming a frame) page faults: 43437
	Voluntary context switches: 1760
	Involuntary context switches: 26
	Swaps: 0
	File system inputs: 0
	File system outputs: 24
	Socket messages sent: 0
	Socket messages received: 0
	Signals delivered: 0
	Page size (bytes): 4096
	Exit status: 0
      ╭───╮          ╭───╮                                             
 q0 : ┤ h ├───────●──┤ h ├─────────────────────────────────────────────
      ├───┤       │  ╰───╯╭───╮                                        
 q1 : ┤ h ├───────┼────●──┤ h ├────────────────────────────────────────
      ├───┤       │    │  ╰───╯╭───╮                                   
 q2 : ┤ h ├───────┼────┼────●──┤ h ├───────────────────────────────────
      ├───┤       │    │    │  ╰───╯╭───╮                              
 q3 : ┤ h ├───────┼────┼────┼────●──┤ h ├──────────────────────────────
      ├───┤       │    │    │    │  ├───┤                              
 q4 : ┤ h ├───────┼────┼────┼────┼──┤ h ├──────────────────────────────
      ├───┤       │    │    │    │  ├───┤                              
 q5 : ┤ h ├───────┼────┼────┼────┼──┤ h ├──────────────────────────────
      ├───┤       │    │    │    │  ├───┤                              
 q6 : ┤ h ├───────┼────┼────┼────┼──┤ h ├──────────────────────────────
      ├───┤       │    │    │    │  ╰───╯╭───╮                         
 q7 : ┤ h ├───────┼────┼────┼────┼────●──┤ h ├─────────────────────────
      ├───┤       │    │    │    │    │  ├───┤                         
 q8 : ┤ h ├───────┼────┼────┼────┼────┼──┤ h ├─────────────────────────
      ├───┤       │    │    │    │    │  ╰───╯╭───╮                    
 q9 : ┤ h ├───────┼────┼────┼────┼────┼────●──┤ h ├────────────────────
      ├───┤       │    │    │    │    │    │  ├───┤                    
q10 : ┤ h ├───────┼────┼────┼────┼────┼────┼──┤ h ├────────────────────
      ├───┤       │    │    │    │    │    │  ╰───╯╭───╮               
q11 : ┤ h ├───────┼────┼────┼────┼────┼────┼────●──┤ h ├───────────────
      ├───┤       │    │    │    │    │    │    │  ├───┤               
q12 : ┤ h ├───────┼────┼────┼────┼────┼────┼────┼──┤ h ├───────────────
      ├───┤       │    │    │    │    │    │    │  ├───┤               
q13 : ┤ h ├───────┼────┼────┼────┼────┼────┼────┼──┤ h ├───────────────
      ├───┤       │    │    │    │    │    │    │  ╰───╯╭───╮          
q14 : ┤ h ├───────┼────┼────┼────┼────┼────┼────┼────●──┤ h ├──────────
      ├───┤       │    │    │    │    │    │    │    │  ├───┤          
q15 : ┤ h ├───────┼────┼────┼────┼────┼────┼────┼────┼──┤ h ├──────────
      ├───┤       │    │    │    │    │    │    │    │  ╰───╯╭───╮     
q16 : ┤ h ├───────┼────┼────┼────┼────┼────┼────┼────┼────●──┤ h ├─────
      ├───┤       │    │    │    │    │    │    │    │    │  ╰───╯╭───╮
q17 : ┤ h ├───────┼────┼────┼────┼────┼────┼────┼────┼────┼────●──┤ h ├
      ├───┤       │    │    │    │    │    │    │    │    │    │  ├───┤
q18 : ┤ h ├───────┼────┼────┼────┼────┼────┼────┼────┼────┼────┼──┤ h ├
      ├───┤       │    │    │    │    │    │    │    │    │    │  ├───┤
q19 : ┤ h ├───────┼────┼────┼────┼────┼────┼────┼────┼────┼────┼──┤ h ├
      ├───┤╭───╮╭─┴─╮╭─┴─╮╭─┴─╮╭─┴─╮╭─┴─╮╭─┴─╮╭─┴─╮╭─┴─╮╭─┴─╮╭─┴─╮╰───╯
q20 : ┤ x ├┤ h ├┤ x ├┤ x ├┤ x ├┤ x ├┤ x ├┤ x ├┤ x ├┤ x ├┤ x ├┤ x ├─────
      ╰───╯╰───╯╰───╯╰───╯╰───╯╰───╯╰───╯╰───╯╰───╯╰───╯╰───╯╰───╯     

secret bitstring = [1, 1, 1, 1, 0, 0, 0, 1, 0, 1, 0, 1, 0, 0, 1, 0, 1, 1, 0, 0]
measured state = 11110001010100101100
Were we successful? True
	Command being timed: "python3 bernstein-vazirani.py 20"
	User time (seconds): 0.89
	System time (seconds): 0.48
	Percent of CPU this job got: 89%
	Elapsed (wall clock) time (h:mm:ss or m:ss): 0:01.54
	Average shared text size (kbytes): 0
	Average unshared data size (kbytes): 0
	Average stack size (kbytes): 0
	Average total size (kbytes): 0
	Maximum resident set size (kbytes): 619516
	Average resident set size (kbytes): 0
	Major (requiring I/O) page faults: 0
	Minor (reclaiming a frame) page faults: 43422
	Voluntary context switches: 1740
	Involuntary context switches: 26
	Swaps: 0
	File system inputs: 0
	File system outputs: 32
	Socket messages sent: 0
	Socket messages received: 0
	Signals delivered: 0
	Page size (bytes): 4096
	Exit status: 0
      ╭───╮          ╭───╮                                        
 q0 : ┤ h ├───────●──┤ h ├────────────────────────────────────────
      ├───┤       │  ╰───╯╭───╮                                   
 q1 : ┤ h ├───────┼────●──┤ h ├───────────────────────────────────
      ├───┤       │    │  ├───┤                                   
 q2 : ┤ h ├───────┼────┼──┤ h ├───────────────────────────────────
      ├───┤       │    │  ├───┤                                   
 q3 : ┤ h ├───────┼────┼──┤ h ├───────────────────────────────────
      ├───┤       │    │  ├───┤                                   
 q4 : ┤ h ├───────┼────┼──┤ h ├───────────────────────────────────
      ├───┤       │    │  ├───┤                                   
 q5 : ┤ h ├───────┼────┼──┤ h ├───────────────────────────────────
      ├───┤       │    │  ╰───╯╭───╮                              
 q6 : ┤ h ├───────┼────┼────●──┤ h ├──────────────────────────────
      ├───┤       │    │    │  ╰───╯╭───╮                         
 q7 : ┤ h ├───────┼────┼────┼────●──┤ h ├─────────────────────────
      ├───┤       │    │    │    │  ╰───╯╭───╮                    
 q8 : ┤ h ├───────┼────┼────┼────┼────●──┤ h ├────────────────────
      ├───┤       │    │    │    │    │  ╰───╯╭───╮               
 q9 : ┤ h ├───────┼────┼────┼────┼────┼────●──┤ h ├───────────────
      ├───┤       │    │    │    │    │    │  ├───┤               
q10 : ┤ h ├───────┼────┼────┼────┼────┼────┼──┤ h ├───────────────
      ├───┤       │    │    │    │    │    │  ├───┤               
q11 : ┤ h ├───────┼────┼────┼────┼────┼────┼──┤ h ├───────────────
      ├───┤       │    │    │    │    │    │  ├───┤               
q12 : ┤ h ├───────┼────┼────┼────┼────┼────┼──┤ h ├───────────────
      ├───┤       │    │    │    │    │    │  ├───┤               
q13 : ┤ h ├───────┼────┼────┼────┼────┼────┼──┤ h ├───────────────
      ├───┤       │    │    │    │    │    │  ╰───╯╭───╮          
q14 : ┤ h ├───────┼────┼────┼────┼────┼────┼────●──┤ h ├──────────
      ├───┤       │    │    │    │    │    │    │  ╰───╯╭───╮     
q15 : ┤ h ├───────┼────┼────┼────┼────┼────┼────┼────●──┤ h ├─────
      ├───┤       │    │    │    │    │    │    │    │  ╰───╯╭───╮
q16 : ┤ h ├───────┼────┼────┼────┼────┼────┼────┼────┼────●──┤ h ├
      ├───┤       │    │    │    │    │    │    │    │    │  ├───┤
q17 : ┤ h ├───────┼────┼────┼────┼────┼────┼────┼────┼────┼──┤ h ├
      ├───┤       │    │    │    │    │    │    │    │    │  ├───┤
q18 : ┤ h ├───────┼────┼────┼────┼────┼────┼────┼────┼────┼──┤ h ├
      ├───┤       │    │    │    │    │    │    │    │    │  ├───┤
q19 : ┤ h ├───────┼────┼────┼────┼────┼────┼────┼────┼────┼──┤ h ├
      ├───┤╭───╮╭─┴─╮╭─┴─╮╭─┴─╮╭─┴─╮╭─┴─╮╭─┴─╮╭─┴─╮╭─┴─╮╭─┴─╮╰───╯
q20 : ┤ x ├┤ h ├┤ x ├┤ x ├┤ x ├┤ x ├┤ x ├┤ x ├┤ x ├┤ x ├┤ x ├─────
      ╰───╯╰───╯╰───╯╰───╯╰───╯╰───╯╰───╯╰───╯╰───╯╰───╯╰───╯     

secret bitstring = [1, 1, 0, 0, 0, 0, 1, 1, 1, 1, 0, 0, 0, 0, 1, 1, 1, 0, 0, 0]
measured state = 11000011110000111000
Were we successful? True
	Command being timed: "python3 bernstein-vazirani.py 20"
	User time (seconds): 0.91
	System time (seconds): 0.47
	Percent of CPU this job got: 90%
	Elapsed (wall clock) time (h:mm:ss or m:ss): 0:01.53
	Average shared text size (kbytes): 0
	Average unshared data size (kbytes): 0
	Average stack size (kbytes): 0
	Average total size (kbytes): 0
	Maximum resident set size (kbytes): 620676
	Average resident set size (kbytes): 0
	Major (requiring I/O) page faults: 0
	Minor (reclaiming a frame) page faults: 43398
	Voluntary context switches: 1739
	Involuntary context switches: 28
	Swaps: 0
	File system inputs: 0
	File system outputs: 24
	Socket messages sent: 0
	Socket messages received: 0
	Signals delivered: 0
	Page size (bytes): 4096
	Exit status: 0
      ╭───╮          ╭───╮                                                  »
 q0 : ┤ h ├───────●──┤ h ├──────────────────────────────────────────────────»
      ├───┤       │  ├───┤                                                  »
 q1 : ┤ h ├───────┼──┤ h ├──────────────────────────────────────────────────»
      ├───┤       │  ├───┤                                                  »
 q2 : ┤ h ├───────┼──┤ h ├──────────────────────────────────────────────────»
      ├───┤       │  ╰───╯╭───╮                                             »
 q3 : ┤ h ├───────┼────●──┤ h ├─────────────────────────────────────────────»
      ├───┤       │    │  ╰───╯╭───╮                                        »
 q4 : ┤ h ├───────┼────┼────●──┤ h ├────────────────────────────────────────»
      ├───┤       │    │    │  ├───┤                                        »
 q5 : ┤ h ├───────┼────┼────┼──┤ h ├────────────────────────────────────────»
      ├───┤       │    │    │  ├───┤                                        »
 q6 : ┤ h ├───────┼────┼────┼──┤ h ├────────────────────────────────────────»
      ├───┤       │    │    │  ╰───╯╭───╮                                   »
 q7 : ┤ h ├───────┼────┼────┼────●──┤ h ├───────────────────────────────────»
      ├───┤       │    │    │    │  ╰───╯╭───╮                              »
 q8 : ┤ h ├───────┼────┼────┼────┼────●──┤ h ├──────────────────────────────»
      ├───┤       │    │    │    │    │  ├───┤                              »
 q9 : ┤ h ├───────┼────┼────┼────┼────┼──┤ h ├──────────────────────────────»
      ├───┤       │    │    │    │    │  ╰───╯╭───╮                         »
q10 : ┤ h ├───────┼────┼────┼────┼────┼────●──┤ h ├─────────────────────────»
      ├───┤       │    │    │    │    │    │  ╰───╯╭───╮                    »
q11 : ┤ h ├───────┼────┼────┼────┼────┼────┼────●──┤ h ├────────────────────»
      ├───┤       │    │    │    │    │    │    │  ╰───╯╭───╮               »
q12 : ┤ h ├───────┼────┼────┼────┼────┼────┼────┼────●──┤ h ├───────────────»
      ├───┤       │    │    │    │    │    │    │    │  ╰───╯╭───╮          »
q13 : ┤ h ├───────┼────┼────┼────┼────┼────┼────┼────┼────●──┤ h ├──────────»
      ├───┤       │    │    │    │    │    │    │    │    │  ├───┤          »
q14 : ┤ h ├───────┼────┼────┼────┼────┼────┼────┼────┼────┼──┤ h ├──────────»
      ├───┤       │    │    │    │    │    │    │    │    │  ╰───╯╭───╮     »
q15 : ┤ h ├───────┼────┼────┼────┼────┼────┼────┼────┼────┼────●──┤ h ├─────»
      ├───┤       │    │    │    │    │    │    │    │    │    │  ├───┤     »
q16 : ┤ h ├───────┼────┼────┼────┼────┼────┼────┼────┼────┼────┼──┤ h ├─────»
      ├───┤       │    │    │    │    │    │    │    │    │    │  ╰───╯╭───╮»
q17 : ┤ h ├───────┼────┼────┼────┼────┼────┼────┼────┼────┼────┼────●──┤ h ├»
      ├───┤       │    │    │    │    │    │    │    │    │    │    │  ╰───╯»
q18 : ┤ h ├───────┼────┼────┼────┼────┼────┼────┼────┼────┼────┼────┼────●──»
      ├───┤       │    │    │    │    │    │    │    │    │    │    │    │  »
q19 : ┤ h ├───────┼────┼────┼────┼────┼────┼────┼────┼────┼────┼────┼────┼──»
      ├───┤╭───╮╭─┴─╮╭─┴─╮╭─┴─╮╭─┴─╮╭─┴─╮╭─┴─╮╭─┴─╮╭─┴─╮╭─┴─╮╭─┴─╮╭─┴─╮╭─┴─╮»
q20 : ┤ x ├┤ h ├┤ x ├┤ x ├┤ x ├┤ x ├┤ x ├┤ x ├┤ x ├┤ x ├┤ x ├┤ x ├┤ x ├┤ x ├»
      ╰───╯╰───╯╰───╯╰───╯╰───╯╰───╯╰───╯╰───╯╰───╯╰───╯╰───╯╰───╯╰───╯╰───╯»

################################################################################

          
──────────
          
──────────
          
──────────
          
──────────
          
──────────
          
──────────
          
──────────
          
──────────
          
──────────
          
──────────
          
──────────
          
──────────
          
──────────
          
──────────
          
──────────
          
──────────
          
──────────
          
──────────
╭───╮     
┤ h ├─────
╰───╯╭───╮
──●──┤ h ├
╭─┴─╮╰───╯
┤ x ├─────
╰───╯     

secret bitstring = [1, 0, 0, 1, 1, 0, 0, 1, 1, 0, 1, 1, 1, 1, 0, 1, 0, 1, 1, 1]
measured state = 10011001101111010111
Were we successful? True
	Command being timed: "python3 bernstein-vazirani.py 20"
	User time (seconds): 0.90
	System time (seconds): 0.49
	Percent of CPU this job got: 90%
	Elapsed (wall clock) time (h:mm:ss or m:ss): 0:01.52
	Average shared text size (kbytes): 0
	Average unshared data size (kbytes): 0
	Average stack size (kbytes): 0
	Average total size (kbytes): 0
	Maximum resident set size (kbytes): 618940
	Average resident set size (kbytes): 0
	Major (requiring I/O) page faults: 0
	Minor (reclaiming a frame) page faults: 42705
	Voluntary context switches: 1760
	Involuntary context switches: 26
	Swaps: 0
	File system inputs: 0
	File system outputs: 32
	Socket messages sent: 0
	Socket messages received: 0
	Signals delivered: 0
	Page size (bytes): 4096
	Exit status: 0
      ╭───╮╭───╮                                        
 q0 : ┤ h ├┤ h ├────────────────────────────────────────
      ├───┤├───┤                                        
 q1 : ┤ h ├┤ h ├────────────────────────────────────────
      ├───┤╰───╯     ╭───╮                              
 q2 : ┤ h ├───────●──┤ h ├──────────────────────────────
      ├───┤       │  ╰───╯╭───╮                         
 q3 : ┤ h ├───────┼────●──┤ h ├─────────────────────────
      ├───┤       │    │  ╰───╯╭───╮                    
 q4 : ┤ h ├───────┼────┼────●──┤ h ├────────────────────
      ├───┤       │    │    │  ├───┤                    
 q5 : ┤ h ├───────┼────┼────┼──┤ h ├────────────────────
      ├───┤       │    │    │  ├───┤                    
 q6 : ┤ h ├───────┼────┼────┼──┤ h ├────────────────────
      ├───┤       │    │    │  ├───┤                    
 q7 : ┤ h ├───────┼────┼────┼──┤ h ├────────────────────
      ├───┤       │    │    │  ├───┤                    
 q8 : ┤ h ├───────┼────┼────┼──┤ h ├────────────────────
      ├───┤       │    │    │  ├───┤                    
 q9 : ┤ h ├───────┼────┼────┼──┤ h ├────────────────────
      ├───┤       │    │    │  ├───┤                    
q10 : ┤ h ├───────┼────┼────┼──┤ h ├────────────────────
      ├───┤       │    │    │  ├───┤                    
q11 : ┤ h ├───────┼────┼────┼──┤ h ├────────────────────
      ├───┤       │    │    │  ╰───╯╭───╮               
q12 : ┤ h ├───────┼────┼────┼────●──┤ h ├───────────────
      ├───┤       │    │    │    │  ├───┤               
q13 : ┤ h ├───────┼────┼────┼────┼──┤ h ├───────────────
      ├───┤       │    │    │    │  ├───┤               
q14 : ┤ h ├───────┼────┼────┼────┼──┤ h ├───────────────
      ├───┤       │    │    │    │  ├───┤               
q15 : ┤ h ├───────┼────┼────┼────┼──┤ h ├───────────────
      ├───┤       │    │    │    │  ├───┤               
q16 : ┤ h ├───────┼────┼────┼────┼──┤ h ├───────────────
      ├───┤       │    │    │    │  ╰───╯╭───╮          
q17 : ┤ h ├───────┼────┼────┼────┼────●──┤ h ├──────────
      ├───┤       │    │    │    │    │  ╰───╯╭───╮     
q18 : ┤ h ├───────┼────┼────┼────┼────┼────●──┤ h ├─────
      ├───┤       │    │    │    │    │    │  ╰───╯╭───╮
q19 : ┤ h ├───────┼────┼────┼────┼────┼────┼────●──┤ h ├
      ├───┤╭───╮╭─┴─╮╭─┴─╮╭─┴─╮╭─┴─╮╭─┴─╮╭─┴─╮╭─┴─╮╰───╯
q20 : ┤ x ├┤ h ├┤ x ├┤ x ├┤ x ├┤ x ├┤ x ├┤ x ├┤ x ├─────
      ╰───╯╰───╯╰───╯╰───╯╰───╯╰───╯╰───╯╰───╯╰───╯     

secret bitstring = [0, 0, 1, 1, 1, 0, 0, 0, 0, 0, 0, 0, 1, 0, 0, 0, 0, 1, 1, 1]
measured state = 00111000000010000111
Were we successful? True
	Command being timed: "python3 bernstein-vazirani.py 20"
	User time (seconds): 0.90
	System time (seconds): 0.48
	Percent of CPU this job got: 89%
	Elapsed (wall clock) time (h:mm:ss or m:ss): 0:01.54
	Average shared text size (kbytes): 0
	Average unshared data size (kbytes): 0
	Average stack size (kbytes): 0
	Average total size (kbytes): 0
	Maximum resident set size (kbytes): 623692
	Average resident set size (kbytes): 0
	Major (requiring I/O) page faults: 0
	Minor (reclaiming a frame) page faults: 43602
	Voluntary context switches: 1767
	Involuntary context switches: 24
	Swaps: 0
	File system inputs: 0
	File system outputs: 24
	Socket messages sent: 0
	Socket messages received: 0
	Signals delivered: 0
	Page size (bytes): 4096
	Exit status: 0
      ╭───╮╭───╮                                                       
 q0 : ┤ h ├┤ h ├───────────────────────────────────────────────────────
      ├───┤╰───╯     ╭───╮                                             
 q1 : ┤ h ├───────●──┤ h ├─────────────────────────────────────────────
      ├───┤       │  ╰───╯╭───╮                                        
 q2 : ┤ h ├───────┼────●──┤ h ├────────────────────────────────────────
      ├───┤       │    │  ╰───╯╭───╮                                   
 q3 : ┤ h ├───────┼────┼────●──┤ h ├───────────────────────────────────
      ├───┤       │    │    │  ├───┤                                   
 q4 : ┤ h ├───────┼────┼────┼──┤ h ├───────────────────────────────────
      ├───┤       │    │    │  ├───┤                                   
 q5 : ┤ h ├───────┼────┼────┼──┤ h ├───────────────────────────────────
      ├───┤       │    │    │  ╰───╯╭───╮                              
 q6 : ┤ h ├───────┼────┼────┼────●──┤ h ├──────────────────────────────
      ├───┤       │    │    │    │  ├───┤                              
 q7 : ┤ h ├───────┼────┼────┼────┼──┤ h ├──────────────────────────────
      ├───┤       │    │    │    │  ╰───╯╭───╮                         
 q8 : ┤ h ├───────┼────┼────┼────┼────●──┤ h ├─────────────────────────
      ├───┤       │    │    │    │    │  ├───┤                         
 q9 : ┤ h ├───────┼────┼────┼────┼────┼──┤ h ├─────────────────────────
      ├───┤       │    │    │    │    │  ╰───╯╭───╮                    
q10 : ┤ h ├───────┼────┼────┼────┼────┼────●──┤ h ├────────────────────
      ├───┤       │    │    │    │    │    │  ╰───╯╭───╮               
q11 : ┤ h ├───────┼────┼────┼────┼────┼────┼────●──┤ h ├───────────────
      ├───┤       │    │    │    │    │    │    │  ╰───╯╭───╮          
q12 : ┤ h ├───────┼────┼────┼────┼────┼────┼────┼────●──┤ h ├──────────
      ├───┤       │    │    │    │    │    │    │    │  ├───┤          
q13 : ┤ h ├───────┼────┼────┼────┼────┼────┼────┼────┼──┤ h ├──────────
      ├───┤       │    │    │    │    │    │    │    │  ╰───╯╭───╮     
q14 : ┤ h ├───────┼────┼────┼────┼────┼────┼────┼────┼────●──┤ h ├─────
      ├───┤       │    │    │    │    │    │    │    │    │  ├───┤     
q15 : ┤ h ├───────┼────┼────┼────┼────┼────┼────┼────┼────┼──┤ h ├─────
      ├───┤       │    │    │    │    │    │    │    │    │  ╰───╯╭───╮
q16 : ┤ h ├───────┼────┼────┼────┼────┼────┼────┼────┼────┼────●──┤ h ├
      ├───┤       │    │    │    │    │    │    │    │    │    │  ├───┤
q17 : ┤ h ├───────┼────┼────┼────┼────┼────┼────┼────┼────┼────┼──┤ h ├
      ├───┤       │    │    │    │    │    │    │    │    │    │  ├───┤
q18 : ┤ h ├───────┼────┼────┼────┼────┼────┼────┼────┼────┼────┼──┤ h ├
      ├───┤       │    │    │    │    │    │    │    │    │    │  ├───┤
q19 : ┤ h ├───────┼────┼────┼────┼────┼────┼────┼────┼────┼────┼──┤ h ├
      ├───┤╭───╮╭─┴─╮╭─┴─╮╭─┴─╮╭─┴─╮╭─┴─╮╭─┴─╮╭─┴─╮╭─┴─╮╭─┴─╮╭─┴─╮╰───╯
q20 : ┤ x ├┤ h ├┤ x ├┤ x ├┤ x ├┤ x ├┤ x ├┤ x ├┤ x ├┤ x ├┤ x ├┤ x ├─────
      ╰───╯╰───╯╰───╯╰───╯╰───╯╰───╯╰───╯╰───╯╰───╯╰───╯╰───╯╰───╯     

secret bitstring = [0, 1, 1, 1, 0, 0, 1, 0, 1, 0, 1, 1, 1, 0, 1, 0, 1, 0, 0, 0]
measured state = 01110010101110101000
Were we successful? True
	Command being timed: "python3 bernstein-vazirani.py 20"
	User time (seconds): 0.90
	System time (seconds): 0.49
	Percent of CPU this job got: 92%
	Elapsed (wall clock) time (h:mm:ss or m:ss): 0:01.51
	Average shared text size (kbytes): 0
	Average unshared data size (kbytes): 0
	Average stack size (kbytes): 0
	Average total size (kbytes): 0
	Maximum resident set size (kbytes): 618224
	Average resident set size (kbytes): 0
	Major (requiring I/O) page faults: 0
	Minor (reclaiming a frame) page faults: 42832
	Voluntary context switches: 1760
	Involuntary context switches: 27
	Swaps: 0
	File system inputs: 0
	File system outputs: 32
	Socket messages sent: 0
	Socket messages received: 0
	Signals delivered: 0
	Page size (bytes): 4096
	Exit status: 0
      ╭───╮          ╭───╮                                                  »
 q0 : ┤ h ├───────●──┤ h ├──────────────────────────────────────────────────»
      ├───┤       │  ╰───╯╭───╮                                             »
 q1 : ┤ h ├───────┼────●──┤ h ├─────────────────────────────────────────────»
      ├───┤       │    │  ╰───╯╭───╮                                        »
 q2 : ┤ h ├───────┼────┼────●──┤ h ├────────────────────────────────────────»
      ├───┤       │    │    │  ├───┤                                        »
 q3 : ┤ h ├───────┼────┼────┼──┤ h ├────────────────────────────────────────»
      ├───┤       │    │    │  ╰───╯╭───╮                                   »
 q4 : ┤ h ├───────┼────┼────┼────●──┤ h ├───────────────────────────────────»
      ├───┤       │    │    │    │  ╰───╯╭───╮                              »
 q5 : ┤ h ├───────┼────┼────┼────┼────●──┤ h ├──────────────────────────────»
      ├───┤       │    │    │    │    │  ├───┤                              »
 q6 : ┤ h ├───────┼────┼────┼────┼────┼──┤ h ├──────────────────────────────»
      ├───┤       │    │    │    │    │  ╰───╯╭───╮                         »
 q7 : ┤ h ├───────┼────┼────┼────┼────┼────●──┤ h ├─────────────────────────»
      ├───┤       │    │    │    │    │    │  ╰───╯╭───╮                    »
 q8 : ┤ h ├───────┼────┼────┼────┼────┼────┼────●──┤ h ├────────────────────»
      ├───┤       │    │    │    │    │    │    │  ├───┤                    »
 q9 : ┤ h ├───────┼────┼────┼────┼────┼────┼────┼──┤ h ├────────────────────»
      ├───┤       │    │    │    │    │    │    │  ╰───╯╭───╮               »
q10 : ┤ h ├───────┼────┼────┼────┼────┼────┼────┼────●──┤ h ├───────────────»
      ├───┤       │    │    │    │    │    │    │    │  ╰───╯╭───╮          »
q11 : ┤ h ├───────┼────┼────┼────┼────┼────┼────┼────┼────●──┤ h ├──────────»
      ├───┤       │    │    │    │    │    │    │    │    │  ╰───╯╭───╮     »
q12 : ┤ h ├───────┼────┼────┼────┼────┼────┼────┼────┼────┼────●──┤ h ├─────»
      ├───┤       │    │    │    │    │    │    │    │    │    │  ├───┤     »
q13 : ┤ h ├───────┼────┼────┼────┼────┼────┼────┼────┼────┼────┼──┤ h ├─────»
      ├───┤       │    │    │    │    │    │    │    │    │    │  ╰───╯╭───╮»
q14 : ┤ h ├───────┼────┼────┼────┼────┼────┼────┼────┼────┼────┼────●──┤ h ├»
      ├───┤       │    │    │    │    │    │    │    │    │    │    │  ├───┤»
q15 : ┤ h ├───────┼────┼────┼────┼────┼────┼────┼────┼────┼────┼────┼──┤ h ├»
      ├───┤       │    │    │    │    │    │    │    │    │    │    │  ├───┤»
q16 : ┤ h ├───────┼────┼────┼────┼────┼────┼────┼────┼────┼────┼────┼──┤ h ├»
      ├───┤       │    │    │    │    │    │    │    │    │    │    │  ├───┤»
q17 : ┤ h ├───────┼────┼────┼────┼────┼────┼────┼────┼────┼────┼────┼──┤ h ├»
      ├───┤       │    │    │    │    │    │    │    │    │    │    │  ╰───╯»
q18 : ┤ h ├───────┼────┼────┼────┼────┼────┼────┼────┼────┼────┼────┼────●──»
      ├───┤       │    │    │    │    │    │    │    │    │    │    │    │  »
q19 : ┤ h ├───────┼────┼────┼────┼────┼────┼────┼────┼────┼────┼────┼────┼──»
      ├───┤╭───╮╭─┴─╮╭─┴─╮╭─┴─╮╭─┴─╮╭─┴─╮╭─┴─╮╭─┴─╮╭─┴─╮╭─┴─╮╭─┴─╮╭─┴─╮╭─┴─╮»
q20 : ┤ x ├┤ h ├┤ x ├┤ x ├┤ x ├┤ x ├┤ x ├┤ x ├┤ x ├┤ x ├┤ x ├┤ x ├┤ x ├┤ x ├»
      ╰───╯╰───╯╰───╯╰───╯╰───╯╰───╯╰───╯╰───╯╰───╯╰───╯╰───╯╰───╯╰───╯╰───╯»

################################################################################

          
──────────
          
──────────
          
──────────
          
──────────
          
──────────
          
──────────
          
──────────
          
──────────
          
──────────
          
──────────
          
──────────
          
──────────
          
──────────
          
──────────
          
──────────
          
──────────
          
──────────
          
──────────
╭───╮     
┤ h ├─────
╰───╯╭───╮
──●──┤ h ├
╭─┴─╮╰───╯
┤ x ├─────
╰───╯     

secret bitstring = [1, 1, 1, 0, 1, 1, 0, 1, 1, 0, 1, 1, 1, 0, 1, 0, 0, 0, 1, 1]
measured state = 11101101101110100011
Were we successful? True
	Command being timed: "python3 bernstein-vazirani.py 20"
	User time (seconds): 0.89
	System time (seconds): 0.53
	Percent of CPU this job got: 91%
	Elapsed (wall clock) time (h:mm:ss or m:ss): 0:01.56
	Average shared text size (kbytes): 0
	Average unshared data size (kbytes): 0
	Average stack size (kbytes): 0
	Average total size (kbytes): 0
	Maximum resident set size (kbytes): 621088
	Average resident set size (kbytes): 0
	Major (requiring I/O) page faults: 0
	Minor (reclaiming a frame) page faults: 43713
	Voluntary context switches: 1782
	Involuntary context switches: 24
	Swaps: 0
	File system inputs: 0
	File system outputs: 32
	Socket messages sent: 0
	Socket messages received: 0
	Signals delivered: 0
	Page size (bytes): 4096
	Exit status: 0
      ╭───╮╭───╮                                   
 q0 : ┤ h ├┤ h ├───────────────────────────────────
      ├───┤├───┤                                   
 q1 : ┤ h ├┤ h ├───────────────────────────────────
      ├───┤├───┤                                   
 q2 : ┤ h ├┤ h ├───────────────────────────────────
      ├───┤├───┤                                   
 q3 : ┤ h ├┤ h ├───────────────────────────────────
      ├───┤╰───╯     ╭───╮                         
 q4 : ┤ h ├───────●──┤ h ├─────────────────────────
      ├───┤       │  ╰───╯╭───╮                    
 q5 : ┤ h ├───────┼────●──┤ h ├────────────────────
      ├───┤       │    │  ╰───╯╭───╮               
 q6 : ┤ h ├───────┼────┼────●──┤ h ├───────────────
      ├───┤       │    │    │  ├───┤               
 q7 : ┤ h ├───────┼────┼────┼──┤ h ├───────────────
      ├───┤       │    │    │  ├───┤               
 q8 : ┤ h ├───────┼────┼────┼──┤ h ├───────────────
      ├───┤       │    │    │  ├───┤               
 q9 : ┤ h ├───────┼────┼────┼──┤ h ├───────────────
      ├───┤       │    │    │  ├───┤               
q10 : ┤ h ├───────┼────┼────┼──┤ h ├───────────────
      ├───┤       │    │    │  ╰───╯╭───╮          
q11 : ┤ h ├───────┼────┼────┼────●──┤ h ├──────────
      ├───┤       │    │    │    │  ├───┤          
q12 : ┤ h ├───────┼────┼────┼────┼──┤ h ├──────────
      ├───┤       │    │    │    │  ├───┤          
q13 : ┤ h ├───────┼────┼────┼────┼──┤ h ├──────────
      ├───┤       │    │    │    │  ├───┤          
q14 : ┤ h ├───────┼────┼────┼────┼──┤ h ├──────────
      ├───┤       │    │    │    │  ╰───╯╭───╮     
q15 : ┤ h ├───────┼────┼────┼────┼────●──┤ h ├─────
      ├───┤       │    │    │    │    │  ├───┤     
q16 : ┤ h ├───────┼────┼────┼────┼────┼──┤ h ├─────
      ├───┤       │    │    │    │    │  ╰───╯╭───╮
q17 : ┤ h ├───────┼────┼────┼────┼────┼────●──┤ h ├
      ├───┤       │    │    │    │    │    │  ├───┤
q18 : ┤ h ├───────┼────┼────┼────┼────┼────┼──┤ h ├
      ├───┤       │    │    │    │    │    │  ├───┤
q19 : ┤ h ├───────┼────┼────┼────┼────┼────┼──┤ h ├
      ├───┤╭───╮╭─┴─╮╭─┴─╮╭─┴─╮╭─┴─╮╭─┴─╮╭─┴─╮╰───╯
q20 : ┤ x ├┤ h ├┤ x ├┤ x ├┤ x ├┤ x ├┤ x ├┤ x ├─────
      ╰───╯╰───╯╰───╯╰───╯╰───╯╰───╯╰───╯╰───╯     

secret bitstring = [0, 0, 0, 0, 1, 1, 1, 0, 0, 0, 0, 1, 0, 0, 0, 1, 0, 1, 0, 0]
measured state = 00001110000100010100
Were we successful? True
	Command being timed: "python3 bernstein-vazirani.py 20"
	User time (seconds): 0.90
	System time (seconds): 0.53
	Percent of CPU this job got: 90%
	Elapsed (wall clock) time (h:mm:ss or m:ss): 0:01.58
	Average shared text size (kbytes): 0
	Average unshared data size (kbytes): 0
	Average stack size (kbytes): 0
	Average total size (kbytes): 0
	Maximum resident set size (kbytes): 618700
	Average resident set size (kbytes): 0
	Major (requiring I/O) page faults: 0
	Minor (reclaiming a frame) page faults: 43106
	Voluntary context switches: 1734
	Involuntary context switches: 28
	Swaps: 0
	File system inputs: 0
	File system outputs: 24
	Socket messages sent: 0
	Socket messages received: 0
	Signals delivered: 0
	Page size (bytes): 4096
	Exit status: 0
      ╭───╮╭───╮                                             
 q0 : ┤ h ├┤ h ├─────────────────────────────────────────────
      ├───┤├───┤                                             
 q1 : ┤ h ├┤ h ├─────────────────────────────────────────────
      ├───┤├───┤                                             
 q2 : ┤ h ├┤ h ├─────────────────────────────────────────────
      ├───┤├───┤                                             
 q3 : ┤ h ├┤ h ├─────────────────────────────────────────────
      ├───┤├───┤                                             
 q4 : ┤ h ├┤ h ├─────────────────────────────────────────────
      ├───┤╰───╯     ╭───╮                                   
 q5 : ┤ h ├───────●──┤ h ├───────────────────────────────────
      ├───┤       │  ╰───╯╭───╮                              
 q6 : ┤ h ├───────┼────●──┤ h ├──────────────────────────────
      ├───┤       │    │  ╰───╯╭───╮                         
 q7 : ┤ h ├───────┼────┼────●──┤ h ├─────────────────────────
      ├───┤       │    │    │  ├───┤                         
 q8 : ┤ h ├───────┼────┼────┼──┤ h ├─────────────────────────
      ├───┤       │    │    │  ╰───╯╭───╮                    
 q9 : ┤ h ├───────┼────┼────┼────●──┤ h ├────────────────────
      ├───┤       │    │    │    │  ╰───╯╭───╮               
q10 : ┤ h ├───────┼────┼────┼────┼────●──┤ h ├───────────────
      ├───┤       │    │    │    │    │  ╰───╯╭───╮          
q11 : ┤ h ├───────┼────┼────┼────┼────┼────●──┤ h ├──────────
      ├───┤       │    │    │    │    │    │  ├───┤          
q12 : ┤ h ├───────┼────┼────┼────┼────┼────┼──┤ h ├──────────
      ├───┤       │    │    │    │    │    │  ├───┤          
q13 : ┤ h ├───────┼────┼────┼────┼────┼────┼──┤ h ├──────────
      ├───┤       │    │    │    │    │    │  ╰───╯╭───╮     
q14 : ┤ h ├───────┼────┼────┼────┼────┼────┼────●──┤ h ├─────
      ├───┤       │    │    │    │    │    │    │  ├───┤     
q15 : ┤ h ├───────┼────┼────┼────┼────┼────┼────┼──┤ h ├─────
      ├───┤       │    │    │    │    │    │    │  ├───┤     
q16 : ┤ h ├───────┼────┼────┼────┼────┼────┼────┼──┤ h ├─────
      ├───┤       │    │    │    │    │    │    │  ├───┤     
q17 : ┤ h ├───────┼────┼────┼────┼────┼────┼────┼──┤ h ├─────
      ├───┤       │    │    │    │    │    │    │  ├───┤     
q18 : ┤ h ├───────┼────┼────┼────┼────┼────┼────┼──┤ h ├─────
      ├───┤       │    │    │    │    │    │    │  ╰───╯╭───╮
q19 : ┤ h ├───────┼────┼────┼────┼────┼────┼────┼────●──┤ h ├
      ├───┤╭───╮╭─┴─╮╭─┴─╮╭─┴─╮╭─┴─╮╭─┴─╮╭─┴─╮╭─┴─╮╭─┴─╮╰───╯
q20 : ┤ x ├┤ h ├┤ x ├┤ x ├┤ x ├┤ x ├┤ x ├┤ x ├┤ x ├┤ x ├─────
      ╰───╯╰───╯╰───╯╰───╯╰───╯╰───╯╰───╯╰───╯╰───╯╰───╯     

secret bitstring = [0, 0, 0, 0, 0, 1, 1, 1, 0, 1, 1, 1, 0, 0, 1, 0, 0, 0, 0, 1]
measured state = 00000111011100100001
Were we successful? True
	Command being timed: "python3 bernstein-vazirani.py 20"
	User time (seconds): 0.91
	System time (seconds): 0.47
	Percent of CPU this job got: 87%
	Elapsed (wall clock) time (h:mm:ss or m:ss): 0:01.59
	Average shared text size (kbytes): 0
	Average unshared data size (kbytes): 0
	Average stack size (kbytes): 0
	Average total size (kbytes): 0
	Maximum resident set size (kbytes): 620704
	Average resident set size (kbytes): 0
	Major (requiring I/O) page faults: 0
	Minor (reclaiming a frame) page faults: 42470
	Voluntary context switches: 1748
	Involuntary context switches: 27
	Swaps: 0
	File system inputs: 0
	File system outputs: 24
	Socket messages sent: 0
	Socket messages received: 0
	Signals delivered: 0
	Page size (bytes): 4096
	Exit status: 0
