WARNING: overwriting environment variables set in the machine
overwriting variable ['LD_LIBRARY_PATH']
     ╭───╮          ╭───╮          
q0 : ┤ h ├───────●──┤ h ├──────────
     ├───┤       │  ├───┤          
q1 : ┤ h ├───────┼──┤ h ├──────────
     ├───┤       │  ├───┤          
q2 : ┤ h ├───────┼──┤ h ├──────────
     ├───┤       │  ├───┤          
q3 : ┤ h ├───────┼──┤ h ├──────────
     ├───┤       │  ├───┤          
q4 : ┤ h ├───────┼──┤ h ├──────────
     ├───┤       │  ├───┤          
q5 : ┤ h ├───────┼──┤ h ├──────────
     ├───┤       │  ├───┤          
q6 : ┤ h ├───────┼──┤ h ├──────────
     ├───┤       │  ╰───╯╭───╮     
q7 : ┤ h ├───────┼────●──┤ h ├─────
     ├───┤       │    │  ╰───╯╭───╮
q8 : ┤ h ├───────┼────┼────●──┤ h ├
     ├───┤╭───╮╭─┴─╮╭─┴─╮╭─┴─╮╰───╯
q9 : ┤ x ├┤ h ├┤ x ├┤ x ├┤ x ├─────
     ╰───╯╰───╯╰───╯╰───╯╰───╯     

secret bitstring = [1, 0, 0, 0, 0, 0, 0, 1, 1]
measured state = 100000011
Were we successful? True
	Command being timed: "python3 bernstein-vazirani.py 9"
	User time (seconds): 0.88
	System time (seconds): 0.47
	Percent of CPU this job got: 87%
	Elapsed (wall clock) time (h:mm:ss or m:ss): 0:01.54
	Average shared text size (kbytes): 0
	Average unshared data size (kbytes): 0
	Average stack size (kbytes): 0
	Average total size (kbytes): 0
	Maximum resident set size (kbytes): 619980
	Average resident set size (kbytes): 0
	Major (requiring I/O) page faults: 0
	Minor (reclaiming a frame) page faults: 43375
	Voluntary context switches: 3378
	Involuntary context switches: 28
	Swaps: 0
	File system inputs: 0
	File system outputs: 16
	Socket messages sent: 0
	Socket messages received: 0
	Signals delivered: 0
	Page size (bytes): 4096
	Exit status: 0
     ╭───╮╭───╮               
q0 : ┤ h ├┤ h ├───────────────
     ├───┤├───┤               
q1 : ┤ h ├┤ h ├───────────────
     ├───┤├───┤               
q2 : ┤ h ├┤ h ├───────────────
     ├───┤├───┤               
q3 : ┤ h ├┤ h ├───────────────
     ├───┤├───┤               
q4 : ┤ h ├┤ h ├───────────────
     ├───┤╰───╯     ╭───╮     
q5 : ┤ h ├───────●──┤ h ├─────
     ├───┤       │  ├───┤     
q6 : ┤ h ├───────┼──┤ h ├─────
     ├───┤       │  ├───┤     
q7 : ┤ h ├───────┼──┤ h ├─────
     ├───┤       │  ╰───╯╭───╮
q8 : ┤ h ├───────┼────●──┤ h ├
     ├───┤╭───╮╭─┴─╮╭─┴─╮╰───╯
q9 : ┤ x ├┤ h ├┤ x ├┤ x ├─────
     ╰───╯╰───╯╰───╯╰───╯     

secret bitstring = [0, 0, 0, 0, 0, 1, 0, 0, 1]
measured state = 000001001
Were we successful? True
	Command being timed: "python3 bernstein-vazirani.py 9"
	User time (seconds): 0.87
	System time (seconds): 0.43
	Percent of CPU this job got: 92%
	Elapsed (wall clock) time (h:mm:ss or m:ss): 0:01.41
	Average shared text size (kbytes): 0
	Average unshared data size (kbytes): 0
	Average stack size (kbytes): 0
	Average total size (kbytes): 0
	Maximum resident set size (kbytes): 621908
	Average resident set size (kbytes): 0
	Major (requiring I/O) page faults: 0
	Minor (reclaiming a frame) page faults: 43301
	Voluntary context switches: 1631
	Involuntary context switches: 30
	Swaps: 0
	File system inputs: 0
	File system outputs: 16
	Socket messages sent: 0
	Socket messages received: 0
	Signals delivered: 0
	Page size (bytes): 4096
	Exit status: 0
     ╭───╮╭───╮                              
q0 : ┤ h ├┤ h ├──────────────────────────────
     ├───┤╰───╯     ╭───╮                    
q1 : ┤ h ├───────●──┤ h ├────────────────────
     ├───┤       │  ╰───╯╭───╮               
q2 : ┤ h ├───────┼────●──┤ h ├───────────────
     ├───┤       │    │  ├───┤               
q3 : ┤ h ├───────┼────┼──┤ h ├───────────────
     ├───┤       │    │  ╰───╯╭───╮          
q4 : ┤ h ├───────┼────┼────●──┤ h ├──────────
     ├───┤       │    │    │  ╰───╯╭───╮     
q5 : ┤ h ├───────┼────┼────┼────●──┤ h ├─────
     ├───┤       │    │    │    │  ├───┤     
q6 : ┤ h ├───────┼────┼────┼────┼──┤ h ├─────
     ├───┤       │    │    │    │  ╰───╯╭───╮
q7 : ┤ h ├───────┼────┼────┼────┼────●──┤ h ├
     ├───┤       │    │    │    │    │  ├───┤
q8 : ┤ h ├───────┼────┼────┼────┼────┼──┤ h ├
     ├───┤╭───╮╭─┴─╮╭─┴─╮╭─┴─╮╭─┴─╮╭─┴─╮╰───╯
q9 : ┤ x ├┤ h ├┤ x ├┤ x ├┤ x ├┤ x ├┤ x ├─────
     ╰───╯╰───╯╰───╯╰───╯╰───╯╰───╯╰───╯     

secret bitstring = [0, 1, 1, 0, 1, 1, 0, 1, 0]
measured state = 011011010
Were we successful? True
	Command being timed: "python3 bernstein-vazirani.py 9"
	User time (seconds): 0.88
	System time (seconds): 0.41
	Percent of CPU this job got: 93%
	Elapsed (wall clock) time (h:mm:ss or m:ss): 0:01.38
	Average shared text size (kbytes): 0
	Average unshared data size (kbytes): 0
	Average stack size (kbytes): 0
	Average total size (kbytes): 0
	Maximum resident set size (kbytes): 623116
	Average resident set size (kbytes): 0
	Major (requiring I/O) page faults: 0
	Minor (reclaiming a frame) page faults: 42189
	Voluntary context switches: 1615
	Involuntary context switches: 27
	Swaps: 0
	File system inputs: 0
	File system outputs: 16
	Socket messages sent: 0
	Socket messages received: 0
	Signals delivered: 0
	Page size (bytes): 4096
	Exit status: 0
     ╭───╮╭───╮                    
q0 : ┤ h ├┤ h ├────────────────────
     ├───┤╰───╯     ╭───╮          
q1 : ┤ h ├───────●──┤ h ├──────────
     ├───┤       │  ╰───╯╭───╮     
q2 : ┤ h ├───────┼────●──┤ h ├─────
     ├───┤       │    │  ├───┤     
q3 : ┤ h ├───────┼────┼──┤ h ├─────
     ├───┤       │    │  ╰───╯╭───╮
q4 : ┤ h ├───────┼────┼────●──┤ h ├
     ├───┤       │    │    │  ├───┤
q5 : ┤ h ├───────┼────┼────┼──┤ h ├
     ├───┤       │    │    │  ├───┤
q6 : ┤ h ├───────┼────┼────┼──┤ h ├
     ├───┤       │    │    │  ├───┤
q7 : ┤ h ├───────┼────┼────┼──┤ h ├
     ├───┤       │    │    │  ├───┤
q8 : ┤ h ├───────┼────┼────┼──┤ h ├
     ├───┤╭───╮╭─┴─╮╭─┴─╮╭─┴─╮╰───╯
q9 : ┤ x ├┤ h ├┤ x ├┤ x ├┤ x ├─────
     ╰───╯╰───╯╰───╯╰───╯╰───╯     

secret bitstring = [0, 1, 1, 0, 1, 0, 0, 0, 0]
measured state = 011010000
Were we successful? True
	Command being timed: "python3 bernstein-vazirani.py 9"
	User time (seconds): 0.90
	System time (seconds): 0.40
	Percent of CPU this job got: 92%
	Elapsed (wall clock) time (h:mm:ss or m:ss): 0:01.40
	Average shared text size (kbytes): 0
	Average unshared data size (kbytes): 0
	Average stack size (kbytes): 0
	Average total size (kbytes): 0
	Maximum resident set size (kbytes): 622124
	Average resident set size (kbytes): 0
	Major (requiring I/O) page faults: 0
	Minor (reclaiming a frame) page faults: 42143
	Voluntary context switches: 1617
	Involuntary context switches: 29
	Swaps: 0
	File system inputs: 0
	File system outputs: 24
	Socket messages sent: 0
	Socket messages received: 0
	Signals delivered: 0
	Page size (bytes): 4096
	Exit status: 0
     ╭───╮╭───╮                         
q0 : ┤ h ├┤ h ├─────────────────────────
     ├───┤╰───╯     ╭───╮               
q1 : ┤ h ├───────●──┤ h ├───────────────
     ├───┤       │  ├───┤               
q2 : ┤ h ├───────┼──┤ h ├───────────────
     ├───┤       │  ├───┤               
q3 : ┤ h ├───────┼──┤ h ├───────────────
     ├───┤       │  ╰───╯╭───╮          
q4 : ┤ h ├───────┼────●──┤ h ├──────────
     ├───┤       │    │  ╰───╯╭───╮     
q5 : ┤ h ├───────┼────┼────●──┤ h ├─────
     ├───┤       │    │    │  ├───┤     
q6 : ┤ h ├───────┼────┼────┼──┤ h ├─────
     ├───┤       │    │    │  ╰───╯╭───╮
q7 : ┤ h ├───────┼────┼────┼────●──┤ h ├
     ├───┤       │    │    │    │  ├───┤
q8 : ┤ h ├───────┼────┼────┼────┼──┤ h ├
     ├───┤╭───╮╭─┴─╮╭─┴─╮╭─┴─╮╭─┴─╮╰───╯
q9 : ┤ x ├┤ h ├┤ x ├┤ x ├┤ x ├┤ x ├─────
     ╰───╯╰───╯╰───╯╰───╯╰───╯╰───╯     

secret bitstring = [0, 1, 0, 0, 1, 1, 0, 1, 0]
measured state = 010011010
Were we successful? True
	Command being timed: "python3 bernstein-vazirani.py 9"
	User time (seconds): 0.88
	System time (seconds): 0.43
	Percent of CPU this job got: 91%
	Elapsed (wall clock) time (h:mm:ss or m:ss): 0:01.43
	Average shared text size (kbytes): 0
	Average unshared data size (kbytes): 0
	Average stack size (kbytes): 0
	Average total size (kbytes): 0
	Maximum resident set size (kbytes): 621280
	Average resident set size (kbytes): 0
	Major (requiring I/O) page faults: 0
	Minor (reclaiming a frame) page faults: 42564
	Voluntary context switches: 1618
	Involuntary context switches: 26
	Swaps: 0
	File system inputs: 0
	File system outputs: 16
	Socket messages sent: 0
	Socket messages received: 0
	Signals delivered: 0
	Page size (bytes): 4096
	Exit status: 0
     ╭───╮╭───╮                    
q0 : ┤ h ├┤ h ├────────────────────
     ├───┤╰───╯     ╭───╮          
q1 : ┤ h ├───────●──┤ h ├──────────
     ├───┤       │  ╰───╯╭───╮     
q2 : ┤ h ├───────┼────●──┤ h ├─────
     ├───┤       │    │  ├───┤     
q3 : ┤ h ├───────┼────┼──┤ h ├─────
     ├───┤       │    │  ╰───╯╭───╮
q4 : ┤ h ├───────┼────┼────●──┤ h ├
     ├───┤       │    │    │  ├───┤
q5 : ┤ h ├───────┼────┼────┼──┤ h ├
     ├───┤       │    │    │  ├───┤
q6 : ┤ h ├───────┼────┼────┼──┤ h ├
     ├───┤       │    │    │  ├───┤
q7 : ┤ h ├───────┼────┼────┼──┤ h ├
     ├───┤       │    │    │  ├───┤
q8 : ┤ h ├───────┼────┼────┼──┤ h ├
     ├───┤╭───╮╭─┴─╮╭─┴─╮╭─┴─╮╰───╯
q9 : ┤ x ├┤ h ├┤ x ├┤ x ├┤ x ├─────
     ╰───╯╰───╯╰───╯╰───╯╰───╯     

secret bitstring = [0, 1, 1, 0, 1, 0, 0, 0, 0]
measured state = 011010000
Were we successful? True
	Command being timed: "python3 bernstein-vazirani.py 9"
	User time (seconds): 0.87
	System time (seconds): 0.43
	Percent of CPU this job got: 92%
	Elapsed (wall clock) time (h:mm:ss or m:ss): 0:01.41
	Average shared text size (kbytes): 0
	Average unshared data size (kbytes): 0
	Average stack size (kbytes): 0
	Average total size (kbytes): 0
	Maximum resident set size (kbytes): 619116
	Average resident set size (kbytes): 0
	Major (requiring I/O) page faults: 0
	Minor (reclaiming a frame) page faults: 43120
	Voluntary context switches: 1613
	Involuntary context switches: 31
	Swaps: 0
	File system inputs: 0
	File system outputs: 16
	Socket messages sent: 0
	Socket messages received: 0
	Signals delivered: 0
	Page size (bytes): 4096
	Exit status: 0
     ╭───╮          ╭───╮               
q0 : ┤ h ├───────●──┤ h ├───────────────
     ├───┤       │  ├───┤               
q1 : ┤ h ├───────┼──┤ h ├───────────────
     ├───┤       │  ╰───╯╭───╮          
q2 : ┤ h ├───────┼────●──┤ h ├──────────
     ├───┤       │    │  ├───┤          
q3 : ┤ h ├───────┼────┼──┤ h ├──────────
     ├───┤       │    │  ├───┤          
q4 : ┤ h ├───────┼────┼──┤ h ├──────────
     ├───┤       │    │  ╰───╯╭───╮     
q5 : ┤ h ├───────┼────┼────●──┤ h ├─────
     ├───┤       │    │    │  ├───┤     
q6 : ┤ h ├───────┼────┼────┼──┤ h ├─────
     ├───┤       │    │    │  ├───┤     
q7 : ┤ h ├───────┼────┼────┼──┤ h ├─────
     ├───┤       │    │    │  ╰───╯╭───╮
q8 : ┤ h ├───────┼────┼────┼────●──┤ h ├
     ├───┤╭───╮╭─┴─╮╭─┴─╮╭─┴─╮╭─┴─╮╰───╯
q9 : ┤ x ├┤ h ├┤ x ├┤ x ├┤ x ├┤ x ├─────
     ╰───╯╰───╯╰───╯╰───╯╰───╯╰───╯     

secret bitstring = [1, 0, 1, 0, 0, 1, 0, 0, 1]
measured state = 101001001
Were we successful? True
	Command being timed: "python3 bernstein-vazirani.py 9"
	User time (seconds): 0.88
	System time (seconds): 0.44
	Percent of CPU this job got: 91%
	Elapsed (wall clock) time (h:mm:ss or m:ss): 0:01.45
	Average shared text size (kbytes): 0
	Average unshared data size (kbytes): 0
	Average stack size (kbytes): 0
	Average total size (kbytes): 0
	Maximum resident set size (kbytes): 621968
	Average resident set size (kbytes): 0
	Major (requiring I/O) page faults: 0
	Minor (reclaiming a frame) page faults: 42669
	Voluntary context switches: 2524
	Involuntary context switches: 29
	Swaps: 0
	File system inputs: 0
	File system outputs: 24
	Socket messages sent: 0
	Socket messages received: 0
	Signals delivered: 0
	Page size (bytes): 4096
	Exit status: 0
     ╭───╮╭───╮                                   
q0 : ┤ h ├┤ h ├───────────────────────────────────
     ├───┤╰───╯     ╭───╮                         
q1 : ┤ h ├───────●──┤ h ├─────────────────────────
     ├───┤       │  ╰───╯╭───╮                    
q2 : ┤ h ├───────┼────●──┤ h ├────────────────────
     ├───┤       │    │  ╰───╯╭───╮               
q3 : ┤ h ├───────┼────┼────●──┤ h ├───────────────
     ├───┤       │    │    │  ╰───╯╭───╮          
q4 : ┤ h ├───────┼────┼────┼────●──┤ h ├──────────
     ├───┤       │    │    │    │  ╰───╯╭───╮     
q5 : ┤ h ├───────┼────┼────┼────┼────●──┤ h ├─────
     ├───┤       │    │    │    │    │  ├───┤     
q6 : ┤ h ├───────┼────┼────┼────┼────┼──┤ h ├─────
     ├───┤       │    │    │    │    │  ├───┤     
q7 : ┤ h ├───────┼────┼────┼────┼────┼──┤ h ├─────
     ├───┤       │    │    │    │    │  ╰───╯╭───╮
q8 : ┤ h ├───────┼────┼────┼────┼────┼────●──┤ h ├
     ├───┤╭───╮╭─┴─╮╭─┴─╮╭─┴─╮╭─┴─╮╭─┴─╮╭─┴─╮╰───╯
q9 : ┤ x ├┤ h ├┤ x ├┤ x ├┤ x ├┤ x ├┤ x ├┤ x ├─────
     ╰───╯╰───╯╰───╯╰───╯╰───╯╰───╯╰───╯╰───╯     

secret bitstring = [0, 1, 1, 1, 1, 1, 0, 0, 1]
measured state = 011111001
Were we successful? True
	Command being timed: "python3 bernstein-vazirani.py 9"
	User time (seconds): 0.86
	System time (seconds): 0.44
	Percent of CPU this job got: 91%
	Elapsed (wall clock) time (h:mm:ss or m:ss): 0:01.42
	Average shared text size (kbytes): 0
	Average unshared data size (kbytes): 0
	Average stack size (kbytes): 0
	Average total size (kbytes): 0
	Maximum resident set size (kbytes): 622328
	Average resident set size (kbytes): 0
	Major (requiring I/O) page faults: 0
	Minor (reclaiming a frame) page faults: 43340
	Voluntary context switches: 1645
	Involuntary context switches: 26
	Swaps: 0
	File system inputs: 0
	File system outputs: 16
	Socket messages sent: 0
	Socket messages received: 0
	Signals delivered: 0
	Page size (bytes): 4096
	Exit status: 0
     ╭───╮          ╭───╮                    
q0 : ┤ h ├───────●──┤ h ├────────────────────
     ├───┤       │  ╰───╯╭───╮               
q1 : ┤ h ├───────┼────●──┤ h ├───────────────
     ├───┤       │    │  ├───┤               
q2 : ┤ h ├───────┼────┼──┤ h ├───────────────
     ├───┤       │    │  ├───┤               
q3 : ┤ h ├───────┼────┼──┤ h ├───────────────
     ├───┤       │    │  ╰───╯╭───╮          
q4 : ┤ h ├───────┼────┼────●──┤ h ├──────────
     ├───┤       │    │    │  ╰───╯╭───╮     
q5 : ┤ h ├───────┼────┼────┼────●──┤ h ├─────
     ├───┤       │    │    │    │  ├───┤     
q6 : ┤ h ├───────┼────┼────┼────┼──┤ h ├─────
     ├───┤       │    │    │    │  ├───┤     
q7 : ┤ h ├───────┼────┼────┼────┼──┤ h ├─────
     ├───┤       │    │    │    │  ╰───╯╭───╮
q8 : ┤ h ├───────┼────┼────┼────┼────●──┤ h ├
     ├───┤╭───╮╭─┴─╮╭─┴─╮╭─┴─╮╭─┴─╮╭─┴─╮╰───╯
q9 : ┤ x ├┤ h ├┤ x ├┤ x ├┤ x ├┤ x ├┤ x ├─────
     ╰───╯╰───╯╰───╯╰───╯╰───╯╰───╯╰───╯     

secret bitstring = [1, 1, 0, 0, 1, 1, 0, 0, 1]
measured state = 110011001
Were we successful? True
	Command being timed: "python3 bernstein-vazirani.py 9"
	User time (seconds): 0.87
	System time (seconds): 0.43
	Percent of CPU this job got: 92%
	Elapsed (wall clock) time (h:mm:ss or m:ss): 0:01.41
	Average shared text size (kbytes): 0
	Average unshared data size (kbytes): 0
	Average stack size (kbytes): 0
	Average total size (kbytes): 0
	Maximum resident set size (kbytes): 623696
	Average resident set size (kbytes): 0
	Major (requiring I/O) page faults: 0
	Minor (reclaiming a frame) page faults: 43635
	Voluntary context switches: 1623
	Involuntary context switches: 27
	Swaps: 0
	File system inputs: 0
	File system outputs: 16
	Socket messages sent: 0
	Socket messages received: 0
	Signals delivered: 0
	Page size (bytes): 4096
	Exit status: 0
     ╭───╮          ╭───╮                              
q0 : ┤ h ├───────●──┤ h ├──────────────────────────────
     ├───┤       │  ╰───╯╭───╮                         
q1 : ┤ h ├───────┼────●──┤ h ├─────────────────────────
     ├───┤       │    │  ├───┤                         
q2 : ┤ h ├───────┼────┼──┤ h ├─────────────────────────
     ├───┤       │    │  ├───┤                         
q3 : ┤ h ├───────┼────┼──┤ h ├─────────────────────────
     ├───┤       │    │  ╰───╯╭───╮                    
q4 : ┤ h ├───────┼────┼────●──┤ h ├────────────────────
     ├───┤       │    │    │  ╰───╯╭───╮               
q5 : ┤ h ├───────┼────┼────┼────●──┤ h ├───────────────
     ├───┤       │    │    │    │  ╰───╯╭───╮          
q6 : ┤ h ├───────┼────┼────┼────┼────●──┤ h ├──────────
     ├───┤       │    │    │    │    │  ╰───╯╭───╮     
q7 : ┤ h ├───────┼────┼────┼────┼────┼────●──┤ h ├─────
     ├───┤       │    │    │    │    │    │  ╰───╯╭───╮
q8 : ┤ h ├───────┼────┼────┼────┼────┼────┼────●──┤ h ├
     ├───┤╭───╮╭─┴─╮╭─┴─╮╭─┴─╮╭─┴─╮╭─┴─╮╭─┴─╮╭─┴─╮╰───╯
q9 : ┤ x ├┤ h ├┤ x ├┤ x ├┤ x ├┤ x ├┤ x ├┤ x ├┤ x ├─────
     ╰───╯╰───╯╰───╯╰───╯╰───╯╰───╯╰───╯╰───╯╰───╯     

secret bitstring = [1, 1, 0, 0, 1, 1, 1, 1, 1]
measured state = 110011111
Were we successful? True
	Command being timed: "python3 bernstein-vazirani.py 9"
	User time (seconds): 0.88
	System time (seconds): 0.42
	Percent of CPU this job got: 92%
	Elapsed (wall clock) time (h:mm:ss or m:ss): 0:01.42
	Average shared text size (kbytes): 0
	Average unshared data size (kbytes): 0
	Average stack size (kbytes): 0
	Average total size (kbytes): 0
	Maximum resident set size (kbytes): 619796
	Average resident set size (kbytes): 0
	Major (requiring I/O) page faults: 0
	Minor (reclaiming a frame) page faults: 43355
	Voluntary context switches: 1624
	Involuntary context switches: 30
	Swaps: 0
	File system inputs: 0
	File system outputs: 24
	Socket messages sent: 0
	Socket messages received: 0
	Signals delivered: 0
	Page size (bytes): 4096
	Exit status: 0
