WARNING: overwriting environment variables set in the machine
overwriting variable ['LD_LIBRARY_PATH']
     ╭───╮╭───╮                    
q0 : ┤ h ├┤ h ├────────────────────
     ├───┤╰───╯     ╭───╮          
q1 : ┤ h ├───────●──┤ h ├──────────
     ├───┤       │  ╰───╯╭───╮     
q2 : ┤ h ├───────┼────●──┤ h ├─────
     ├───┤       │    │  ╰───╯╭───╮
q3 : ┤ h ├───────┼────┼────●──┤ h ├
     ├───┤       │    │    │  ├───┤
q4 : ┤ h ├───────┼────┼────┼──┤ h ├
     ├───┤╭───╮╭─┴─╮╭─┴─╮╭─┴─╮╰───╯
q5 : ┤ x ├┤ h ├┤ x ├┤ x ├┤ x ├─────
     ╰───╯╰───╯╰───╯╰───╯╰───╯     

secret bitstring = [0, 1, 1, 1, 0]
measured state = 01110
Were we successful? True
	Command being timed: "python3 bernstein-vazirani.py 5"
	User time (seconds): 0.89
	System time (seconds): 0.58
	Percent of CPU this job got: 86%
	Elapsed (wall clock) time (h:mm:ss or m:ss): 0:01.71
	Average shared text size (kbytes): 0
	Average unshared data size (kbytes): 0
	Average stack size (kbytes): 0
	Average total size (kbytes): 0
	Maximum resident set size (kbytes): 618272
	Average resident set size (kbytes): 0
	Major (requiring I/O) page faults: 10
	Minor (reclaiming a frame) page faults: 43443
	Voluntary context switches: 3016
	Involuntary context switches: 30
	Swaps: 0
	File system inputs: 0
	File system outputs: 16
	Socket messages sent: 0
	Socket messages received: 0
	Signals delivered: 0
	Page size (bytes): 4096
	Exit status: 0
     ╭───╮╭───╮               
q0 : ┤ h ├┤ h ├───────────────
     ├───┤╰───╯     ╭───╮     
q1 : ┤ h ├───────●──┤ h ├─────
     ├───┤       │  ├───┤     
q2 : ┤ h ├───────┼──┤ h ├─────
     ├───┤       │  ╰───╯╭───╮
q3 : ┤ h ├───────┼────●──┤ h ├
     ├───┤       │    │  ├───┤
q4 : ┤ h ├───────┼────┼──┤ h ├
     ├───┤╭───╮╭─┴─╮╭─┴─╮╰───╯
q5 : ┤ x ├┤ h ├┤ x ├┤ x ├─────
     ╰───╯╰───╯╰───╯╰───╯     

secret bitstring = [0, 1, 0, 1, 0]
measured state = 01010
Were we successful? True
	Command being timed: "python3 bernstein-vazirani.py 5"
	User time (seconds): 0.85
	System time (seconds): 0.53
	Percent of CPU this job got: 90%
	Elapsed (wall clock) time (h:mm:ss or m:ss): 0:01.53
	Average shared text size (kbytes): 0
	Average unshared data size (kbytes): 0
	Average stack size (kbytes): 0
	Average total size (kbytes): 0
	Maximum resident set size (kbytes): 619192
	Average resident set size (kbytes): 0
	Major (requiring I/O) page faults: 0
	Minor (reclaiming a frame) page faults: 43270
	Voluntary context switches: 1753
	Involuntary context switches: 28
	Swaps: 0
	File system inputs: 0
	File system outputs: 16
	Socket messages sent: 0
	Socket messages received: 0
	Signals delivered: 0
	Page size (bytes): 4096
	Exit status: 0
     ╭───╮          ╭───╮               
q0 : ┤ h ├───────●──┤ h ├───────────────
     ├───┤       │  ├───┤               
q1 : ┤ h ├───────┼──┤ h ├───────────────
     ├───┤       │  ╰───╯╭───╮          
q2 : ┤ h ├───────┼────●──┤ h ├──────────
     ├───┤       │    │  ╰───╯╭───╮     
q3 : ┤ h ├───────┼────┼────●──┤ h ├─────
     ├───┤       │    │    │  ╰───╯╭───╮
q4 : ┤ h ├───────┼────┼────┼────●──┤ h ├
     ├───┤╭───╮╭─┴─╮╭─┴─╮╭─┴─╮╭─┴─╮╰───╯
q5 : ┤ x ├┤ h ├┤ x ├┤ x ├┤ x ├┤ x ├─────
     ╰───╯╰───╯╰───╯╰───╯╰───╯╰───╯     

secret bitstring = [1, 0, 1, 1, 1]
measured state = 10111
Were we successful? True
	Command being timed: "python3 bernstein-vazirani.py 5"
	User time (seconds): 0.88
	System time (seconds): 0.51
	Percent of CPU this job got: 90%
	Elapsed (wall clock) time (h:mm:ss or m:ss): 0:01.54
	Average shared text size (kbytes): 0
	Average unshared data size (kbytes): 0
	Average stack size (kbytes): 0
	Average total size (kbytes): 0
	Maximum resident set size (kbytes): 623412
	Average resident set size (kbytes): 0
	Major (requiring I/O) page faults: 0
	Minor (reclaiming a frame) page faults: 43390
	Voluntary context switches: 1702
	Involuntary context switches: 32
	Swaps: 0
	File system inputs: 0
	File system outputs: 24
	Socket messages sent: 0
	Socket messages received: 0
	Signals delivered: 0
	Page size (bytes): 4096
	Exit status: 0
     ╭───╮╭───╮               
q0 : ┤ h ├┤ h ├───────────────
     ├───┤├───┤               
q1 : ┤ h ├┤ h ├───────────────
     ├───┤╰───╯     ╭───╮     
q2 : ┤ h ├───────●──┤ h ├─────
     ├───┤       │  ╰───╯╭───╮
q3 : ┤ h ├───────┼────●──┤ h ├
     ├───┤       │    │  ├───┤
q4 : ┤ h ├───────┼────┼──┤ h ├
     ├───┤╭───╮╭─┴─╮╭─┴─╮╰───╯
q5 : ┤ x ├┤ h ├┤ x ├┤ x ├─────
     ╰───╯╰───╯╰───╯╰───╯     

secret bitstring = [0, 0, 1, 1, 0]
measured state = 00110
Were we successful? True
	Command being timed: "python3 bernstein-vazirani.py 5"
	User time (seconds): 0.88
	System time (seconds): 0.47
	Percent of CPU this job got: 88%
	Elapsed (wall clock) time (h:mm:ss or m:ss): 0:01.52
	Average shared text size (kbytes): 0
	Average unshared data size (kbytes): 0
	Average stack size (kbytes): 0
	Average total size (kbytes): 0
	Maximum resident set size (kbytes): 620388
	Average resident set size (kbytes): 0
	Major (requiring I/O) page faults: 0
	Minor (reclaiming a frame) page faults: 42713
	Voluntary context switches: 1723
	Involuntary context switches: 29
	Swaps: 0
	File system inputs: 0
	File system outputs: 16
	Socket messages sent: 0
	Socket messages received: 0
	Signals delivered: 0
	Page size (bytes): 4096
	Exit status: 0
     ╭───╮╭───╮               
q0 : ┤ h ├┤ h ├───────────────
     ├───┤╰───╯     ╭───╮     
q1 : ┤ h ├───────●──┤ h ├─────
     ├───┤       │  ├───┤     
q2 : ┤ h ├───────┼──┤ h ├─────
     ├───┤       │  ├───┤     
q3 : ┤ h ├───────┼──┤ h ├─────
     ├───┤       │  ╰───╯╭───╮
q4 : ┤ h ├───────┼────●──┤ h ├
     ├───┤╭───╮╭─┴─╮╭─┴─╮╰───╯
q5 : ┤ x ├┤ h ├┤ x ├┤ x ├─────
     ╰───╯╰───╯╰───╯╰───╯     

secret bitstring = [0, 1, 0, 0, 1]
measured state = 01001
Were we successful? True
	Command being timed: "python3 bernstein-vazirani.py 5"
	User time (seconds): 0.88
	System time (seconds): 0.51
	Percent of CPU this job got: 91%
	Elapsed (wall clock) time (h:mm:ss or m:ss): 0:01.53
	Average shared text size (kbytes): 0
	Average unshared data size (kbytes): 0
	Average stack size (kbytes): 0
	Average total size (kbytes): 0
	Maximum resident set size (kbytes): 619332
	Average resident set size (kbytes): 0
	Major (requiring I/O) page faults: 0
	Minor (reclaiming a frame) page faults: 42635
	Voluntary context switches: 1729
	Involuntary context switches: 33
	Swaps: 0
	File system inputs: 0
	File system outputs: 16
	Socket messages sent: 0
	Socket messages received: 0
	Signals delivered: 0
	Page size (bytes): 4096
	Exit status: 0
     ╭───╮╭───╮
q0 : ┤ h ├┤ h ├
     ├───┤├───┤
q1 : ┤ h ├┤ h ├
     ├───┤├───┤
q2 : ┤ h ├┤ h ├
     ├───┤├───┤
q3 : ┤ h ├┤ h ├
     ├───┤├───┤
q4 : ┤ h ├┤ h ├
     ├───┤├───┤
q5 : ┤ x ├┤ h ├
     ╰───╯╰───╯

secret bitstring = [0, 0, 0, 0, 0]
measured state = 00000
Were we successful? True
	Command being timed: "python3 bernstein-vazirani.py 5"
	User time (seconds): 0.87
	System time (seconds): 0.53
	Percent of CPU this job got: 89%
	Elapsed (wall clock) time (h:mm:ss or m:ss): 0:01.58
	Average shared text size (kbytes): 0
	Average unshared data size (kbytes): 0
	Average stack size (kbytes): 0
	Average total size (kbytes): 0
	Maximum resident set size (kbytes): 620084
	Average resident set size (kbytes): 0
	Major (requiring I/O) page faults: 0
	Minor (reclaiming a frame) page faults: 43244
	Voluntary context switches: 1729
	Involuntary context switches: 26
	Swaps: 0
	File system inputs: 0
	File system outputs: 16
	Socket messages sent: 0
	Socket messages received: 0
	Signals delivered: 0
	Page size (bytes): 4096
	Exit status: 0
     ╭───╮╭───╮                         
q0 : ┤ h ├┤ h ├─────────────────────────
     ├───┤╰───╯     ╭───╮               
q1 : ┤ h ├───────●──┤ h ├───────────────
     ├───┤       │  ╰───╯╭───╮          
q2 : ┤ h ├───────┼────●──┤ h ├──────────
     ├───┤       │    │  ╰───╯╭───╮     
q3 : ┤ h ├───────┼────┼────●──┤ h ├─────
     ├───┤       │    │    │  ╰───╯╭───╮
q4 : ┤ h ├───────┼────┼────┼────●──┤ h ├
     ├───┤╭───╮╭─┴─╮╭─┴─╮╭─┴─╮╭─┴─╮╰───╯
q5 : ┤ x ├┤ h ├┤ x ├┤ x ├┤ x ├┤ x ├─────
     ╰───╯╰───╯╰───╯╰───╯╰───╯╰───╯     

secret bitstring = [0, 1, 1, 1, 1]
measured state = 01111
Were we successful? True
	Command being timed: "python3 bernstein-vazirani.py 5"
	User time (seconds): 0.89
	System time (seconds): 0.46
	Percent of CPU this job got: 85%
	Elapsed (wall clock) time (h:mm:ss or m:ss): 0:01.59
	Average shared text size (kbytes): 0
	Average unshared data size (kbytes): 0
	Average stack size (kbytes): 0
	Average total size (kbytes): 0
	Maximum resident set size (kbytes): 620128
	Average resident set size (kbytes): 0
	Major (requiring I/O) page faults: 0
	Minor (reclaiming a frame) page faults: 42860
	Voluntary context switches: 1746
	Involuntary context switches: 26
	Swaps: 0
	File system inputs: 0
	File system outputs: 16
	Socket messages sent: 0
	Socket messages received: 0
	Signals delivered: 0
	Page size (bytes): 4096
	Exit status: 0
     ╭───╮          ╭───╮          
q0 : ┤ h ├───────●──┤ h ├──────────
     ├───┤       │  ╰───╯╭───╮     
q1 : ┤ h ├───────┼────●──┤ h ├─────
     ├───┤       │    │  ├───┤     
q2 : ┤ h ├───────┼────┼──┤ h ├─────
     ├───┤       │    │  ╰───╯╭───╮
q3 : ┤ h ├───────┼────┼────●──┤ h ├
     ├───┤       │    │    │  ├───┤
q4 : ┤ h ├───────┼────┼────┼──┤ h ├
     ├───┤╭───╮╭─┴─╮╭─┴─╮╭─┴─╮╰───╯
q5 : ┤ x ├┤ h ├┤ x ├┤ x ├┤ x ├─────
     ╰───╯╰───╯╰───╯╰───╯╰───╯     

secret bitstring = [1, 1, 0, 1, 0]
measured state = 11010
Were we successful? True
	Command being timed: "python3 bernstein-vazirani.py 5"
	User time (seconds): 0.86
	System time (seconds): 0.56
	Percent of CPU this job got: 88%
	Elapsed (wall clock) time (h:mm:ss or m:ss): 0:01.61
	Average shared text size (kbytes): 0
	Average unshared data size (kbytes): 0
	Average stack size (kbytes): 0
	Average total size (kbytes): 0
	Maximum resident set size (kbytes): 622516
	Average resident set size (kbytes): 0
	Major (requiring I/O) page faults: 0
	Minor (reclaiming a frame) page faults: 42814
	Voluntary context switches: 2067
	Involuntary context switches: 27
	Swaps: 0
	File system inputs: 0
	File system outputs: 24
	Socket messages sent: 0
	Socket messages received: 0
	Signals delivered: 0
	Page size (bytes): 4096
	Exit status: 0
     ╭───╮          ╭───╮          
q0 : ┤ h ├───────●──┤ h ├──────────
     ├───┤       │  ╰───╯╭───╮     
q1 : ┤ h ├───────┼────●──┤ h ├─────
     ├───┤       │    │  ╰───╯╭───╮
q2 : ┤ h ├───────┼────┼────●──┤ h ├
     ├───┤       │    │    │  ├───┤
q3 : ┤ h ├───────┼────┼────┼──┤ h ├
     ├───┤       │    │    │  ├───┤
q4 : ┤ h ├───────┼────┼────┼──┤ h ├
     ├───┤╭───╮╭─┴─╮╭─┴─╮╭─┴─╮╰───╯
q5 : ┤ x ├┤ h ├┤ x ├┤ x ├┤ x ├─────
     ╰───╯╰───╯╰───╯╰───╯╰───╯     

secret bitstring = [1, 1, 1, 0, 0]
measured state = 11100
Were we successful? True
	Command being timed: "python3 bernstein-vazirani.py 5"
	User time (seconds): 0.85
	System time (seconds): 0.51
	Percent of CPU this job got: 85%
	Elapsed (wall clock) time (h:mm:ss or m:ss): 0:01.59
	Average shared text size (kbytes): 0
	Average unshared data size (kbytes): 0
	Average stack size (kbytes): 0
	Average total size (kbytes): 0
	Maximum resident set size (kbytes): 622120
	Average resident set size (kbytes): 0
	Major (requiring I/O) page faults: 0
	Minor (reclaiming a frame) page faults: 43442
	Voluntary context switches: 1776
	Involuntary context switches: 30
	Swaps: 0
	File system inputs: 0
	File system outputs: 16
	Socket messages sent: 0
	Socket messages received: 0
	Signals delivered: 0
	Page size (bytes): 4096
	Exit status: 0
     ╭───╮╭───╮               
q0 : ┤ h ├┤ h ├───────────────
     ├───┤├───┤               
q1 : ┤ h ├┤ h ├───────────────
     ├───┤╰───╯     ╭───╮     
q2 : ┤ h ├───────●──┤ h ├─────
     ├───┤       │  ├───┤     
q3 : ┤ h ├───────┼──┤ h ├─────
     ├───┤       │  ╰───╯╭───╮
q4 : ┤ h ├───────┼────●──┤ h ├
     ├───┤╭───╮╭─┴─╮╭─┴─╮╰───╯
q5 : ┤ x ├┤ h ├┤ x ├┤ x ├─────
     ╰───╯╰───╯╰───╯╰───╯     

secret bitstring = [0, 0, 1, 0, 1]
measured state = 00101
Were we successful? True
	Command being timed: "python3 bernstein-vazirani.py 5"
	User time (seconds): 0.87
	System time (seconds): 0.46
	Percent of CPU this job got: 88%
	Elapsed (wall clock) time (h:mm:ss or m:ss): 0:01.52
	Average shared text size (kbytes): 0
	Average unshared data size (kbytes): 0
	Average stack size (kbytes): 0
	Average total size (kbytes): 0
	Maximum resident set size (kbytes): 618432
	Average resident set size (kbytes): 0
	Major (requiring I/O) page faults: 0
	Minor (reclaiming a frame) page faults: 42736
	Voluntary context switches: 1755
	Involuntary context switches: 32
	Swaps: 0
	File system inputs: 0
	File system outputs: 24
	Socket messages sent: 0
	Socket messages received: 0
	Signals delivered: 0
	Page size (bytes): 4096
	Exit status: 0
