WARNING: overwriting environment variables set in the machine
overwriting variable ['LD_LIBRARY_PATH']
      ╭───╮╭───╮                                        
 q0 : ┤ h ├┤ h ├────────────────────────────────────────
      ├───┤├───┤                                        
 q1 : ┤ h ├┤ h ├────────────────────────────────────────
      ├───┤╰───╯     ╭───╮                              
 q2 : ┤ h ├───────●──┤ h ├──────────────────────────────
      ├───┤       │  ╰───╯╭───╮                         
 q3 : ┤ h ├───────┼────●──┤ h ├─────────────────────────
      ├───┤       │    │  ╰───╯╭───╮                    
 q4 : ┤ h ├───────┼────┼────●──┤ h ├────────────────────
      ├───┤       │    │    │  ├───┤                    
 q5 : ┤ h ├───────┼────┼────┼──┤ h ├────────────────────
      ├───┤       │    │    │  ╰───╯╭───╮               
 q6 : ┤ h ├───────┼────┼────┼────●──┤ h ├───────────────
      ├───┤       │    │    │    │  ╰───╯╭───╮          
 q7 : ┤ h ├───────┼────┼────┼────┼────●──┤ h ├──────────
      ├───┤       │    │    │    │    │  ╰───╯╭───╮     
 q8 : ┤ h ├───────┼────┼────┼────┼────┼────●──┤ h ├─────
      ├───┤       │    │    │    │    │    │  ├───┤     
 q9 : ┤ h ├───────┼────┼────┼────┼────┼────┼──┤ h ├─────
      ├───┤       │    │    │    │    │    │  ╰───╯╭───╮
q10 : ┤ h ├───────┼────┼────┼────┼────┼────┼────●──┤ h ├
      ├───┤╭───╮╭─┴─╮╭─┴─╮╭─┴─╮╭─┴─╮╭─┴─╮╭─┴─╮╭─┴─╮╰───╯
q11 : ┤ x ├┤ h ├┤ x ├┤ x ├┤ x ├┤ x ├┤ x ├┤ x ├┤ x ├─────
      ╰───╯╰───╯╰───╯╰───╯╰───╯╰───╯╰───╯╰───╯╰───╯     

secret bitstring = [0, 0, 1, 1, 1, 0, 1, 1, 1, 0, 1]
measured state = 00111011101
Were we successful? True
	Command being timed: "python3 bernstein-vazirani.py 11"
	User time (seconds): 0.87
	System time (seconds): 0.50
	Percent of CPU this job got: 87%
	Elapsed (wall clock) time (h:mm:ss or m:ss): 0:01.57
	Average shared text size (kbytes): 0
	Average unshared data size (kbytes): 0
	Average stack size (kbytes): 0
	Average total size (kbytes): 0
	Maximum resident set size (kbytes): 620300
	Average resident set size (kbytes): 0
	Major (requiring I/O) page faults: 0
	Minor (reclaiming a frame) page faults: 42839
	Voluntary context switches: 3387
	Involuntary context switches: 28
	Swaps: 0
	File system inputs: 0
	File system outputs: 16
	Socket messages sent: 0
	Socket messages received: 0
	Signals delivered: 0
	Page size (bytes): 4096
	Exit status: 0
      ╭───╮          ╭───╮                    
 q0 : ┤ h ├───────●──┤ h ├────────────────────
      ├───┤       │  ╰───╯╭───╮               
 q1 : ┤ h ├───────┼────●──┤ h ├───────────────
      ├───┤       │    │  ├───┤               
 q2 : ┤ h ├───────┼────┼──┤ h ├───────────────
      ├───┤       │    │  ╰───╯╭───╮          
 q3 : ┤ h ├───────┼────┼────●──┤ h ├──────────
      ├───┤       │    │    │  ├───┤          
 q4 : ┤ h ├───────┼────┼────┼──┤ h ├──────────
      ├───┤       │    │    │  ╰───╯╭───╮     
 q5 : ┤ h ├───────┼────┼────┼────●──┤ h ├─────
      ├───┤       │    │    │    │  ├───┤     
 q6 : ┤ h ├───────┼────┼────┼────┼──┤ h ├─────
      ├───┤       │    │    │    │  ├───┤     
 q7 : ┤ h ├───────┼────┼────┼────┼──┤ h ├─────
      ├───┤       │    │    │    │  ╰───╯╭───╮
 q8 : ┤ h ├───────┼────┼────┼────┼────●──┤ h ├
      ├───┤       │    │    │    │    │  ├───┤
 q9 : ┤ h ├───────┼────┼────┼────┼────┼──┤ h ├
      ├───┤       │    │    │    │    │  ├───┤
q10 : ┤ h ├───────┼────┼────┼────┼────┼──┤ h ├
      ├───┤╭───╮╭─┴─╮╭─┴─╮╭─┴─╮╭─┴─╮╭─┴─╮╰───╯
q11 : ┤ x ├┤ h ├┤ x ├┤ x ├┤ x ├┤ x ├┤ x ├─────
      ╰───╯╰───╯╰───╯╰───╯╰───╯╰───╯╰───╯     

secret bitstring = [1, 1, 0, 1, 0, 1, 0, 0, 1, 0, 0]
measured state = 11010100100
Were we successful? True
	Command being timed: "python3 bernstein-vazirani.py 11"
	User time (seconds): 0.89
	System time (seconds): 0.42
	Percent of CPU this job got: 88%
	Elapsed (wall clock) time (h:mm:ss or m:ss): 0:01.49
	Average shared text size (kbytes): 0
	Average unshared data size (kbytes): 0
	Average stack size (kbytes): 0
	Average total size (kbytes): 0
	Maximum resident set size (kbytes): 618612
	Average resident set size (kbytes): 0
	Major (requiring I/O) page faults: 0
	Minor (reclaiming a frame) page faults: 43675
	Voluntary context switches: 1648
	Involuntary context switches: 29
	Swaps: 0
	File system inputs: 0
	File system outputs: 24
	Socket messages sent: 0
	Socket messages received: 0
	Signals delivered: 0
	Page size (bytes): 4096
	Exit status: 0
      ╭───╮          ╭───╮                              
 q0 : ┤ h ├───────●──┤ h ├──────────────────────────────
      ├───┤       │  ╰───╯╭───╮                         
 q1 : ┤ h ├───────┼────●──┤ h ├─────────────────────────
      ├───┤       │    │  ╰───╯╭───╮                    
 q2 : ┤ h ├───────┼────┼────●──┤ h ├────────────────────
      ├───┤       │    │    │  ├───┤                    
 q3 : ┤ h ├───────┼────┼────┼──┤ h ├────────────────────
      ├───┤       │    │    │  ╰───╯╭───╮               
 q4 : ┤ h ├───────┼────┼────┼────●──┤ h ├───────────────
      ├───┤       │    │    │    │  ├───┤               
 q5 : ┤ h ├───────┼────┼────┼────┼──┤ h ├───────────────
      ├───┤       │    │    │    │  ╰───╯╭───╮          
 q6 : ┤ h ├───────┼────┼────┼────┼────●──┤ h ├──────────
      ├───┤       │    │    │    │    │  ├───┤          
 q7 : ┤ h ├───────┼────┼────┼────┼────┼──┤ h ├──────────
      ├───┤       │    │    │    │    │  ╰───╯╭───╮     
 q8 : ┤ h ├───────┼────┼────┼────┼────┼────●──┤ h ├─────
      ├───┤       │    │    │    │    │    │  ├───┤     
 q9 : ┤ h ├───────┼────┼────┼────┼────┼────┼──┤ h ├─────
      ├───┤       │    │    │    │    │    │  ╰───╯╭───╮
q10 : ┤ h ├───────┼────┼────┼────┼────┼────┼────●──┤ h ├
      ├───┤╭───╮╭─┴─╮╭─┴─╮╭─┴─╮╭─┴─╮╭─┴─╮╭─┴─╮╭─┴─╮╰───╯
q11 : ┤ x ├┤ h ├┤ x ├┤ x ├┤ x ├┤ x ├┤ x ├┤ x ├┤ x ├─────
      ╰───╯╰───╯╰───╯╰───╯╰───╯╰───╯╰───╯╰───╯╰───╯     

secret bitstring = [1, 1, 1, 0, 1, 0, 1, 0, 1, 0, 1]
measured state = 11101010101
Were we successful? True
	Command being timed: "python3 bernstein-vazirani.py 11"
	User time (seconds): 0.89
	System time (seconds): 0.41
	Percent of CPU this job got: 89%
	Elapsed (wall clock) time (h:mm:ss or m:ss): 0:01.46
	Average shared text size (kbytes): 0
	Average unshared data size (kbytes): 0
	Average stack size (kbytes): 0
	Average total size (kbytes): 0
	Maximum resident set size (kbytes): 620552
	Average resident set size (kbytes): 0
	Major (requiring I/O) page faults: 0
	Minor (reclaiming a frame) page faults: 43563
	Voluntary context switches: 1641
	Involuntary context switches: 25
	Swaps: 0
	File system inputs: 0
	File system outputs: 24
	Socket messages sent: 0
	Socket messages received: 0
	Signals delivered: 0
	Page size (bytes): 4096
	Exit status: 0
      ╭───╮╭───╮                              
 q0 : ┤ h ├┤ h ├──────────────────────────────
      ├───┤├───┤                              
 q1 : ┤ h ├┤ h ├──────────────────────────────
      ├───┤╰───╯     ╭───╮                    
 q2 : ┤ h ├───────●──┤ h ├────────────────────
      ├───┤       │  ╰───╯╭───╮               
 q3 : ┤ h ├───────┼────●──┤ h ├───────────────
      ├───┤       │    │  ├───┤               
 q4 : ┤ h ├───────┼────┼──┤ h ├───────────────
      ├───┤       │    │  ├───┤               
 q5 : ┤ h ├───────┼────┼──┤ h ├───────────────
      ├───┤       │    │  ╰───╯╭───╮          
 q6 : ┤ h ├───────┼────┼────●──┤ h ├──────────
      ├───┤       │    │    │  ├───┤          
 q7 : ┤ h ├───────┼────┼────┼──┤ h ├──────────
      ├───┤       │    │    │  ├───┤          
 q8 : ┤ h ├───────┼────┼────┼──┤ h ├──────────
      ├───┤       │    │    │  ╰───╯╭───╮     
 q9 : ┤ h ├───────┼────┼────┼────●──┤ h ├─────
      ├───┤       │    │    │    │  ╰───╯╭───╮
q10 : ┤ h ├───────┼────┼────┼────┼────●──┤ h ├
      ├───┤╭───╮╭─┴─╮╭─┴─╮╭─┴─╮╭─┴─╮╭─┴─╮╰───╯
q11 : ┤ x ├┤ h ├┤ x ├┤ x ├┤ x ├┤ x ├┤ x ├─────
      ╰───╯╰───╯╰───╯╰───╯╰───╯╰───╯╰───╯     

secret bitstring = [0, 0, 1, 1, 0, 0, 1, 0, 0, 1, 1]
measured state = 00110010011
Were we successful? True
	Command being timed: "python3 bernstein-vazirani.py 11"
	User time (seconds): 0.87
	System time (seconds): 0.43
	Percent of CPU this job got: 90%
	Elapsed (wall clock) time (h:mm:ss or m:ss): 0:01.44
	Average shared text size (kbytes): 0
	Average unshared data size (kbytes): 0
	Average stack size (kbytes): 0
	Average total size (kbytes): 0
	Maximum resident set size (kbytes): 621100
	Average resident set size (kbytes): 0
	Major (requiring I/O) page faults: 0
	Minor (reclaiming a frame) page faults: 43441
	Voluntary context switches: 1640
	Involuntary context switches: 31
	Swaps: 0
	File system inputs: 0
	File system outputs: 24
	Socket messages sent: 0
	Socket messages received: 0
	Signals delivered: 0
	Page size (bytes): 4096
	Exit status: 0
      ╭───╮╭───╮                    
 q0 : ┤ h ├┤ h ├────────────────────
      ├───┤├───┤                    
 q1 : ┤ h ├┤ h ├────────────────────
      ├───┤╰───╯     ╭───╮          
 q2 : ┤ h ├───────●──┤ h ├──────────
      ├───┤       │  ├───┤          
 q3 : ┤ h ├───────┼──┤ h ├──────────
      ├───┤       │  ╰───╯╭───╮     
 q4 : ┤ h ├───────┼────●──┤ h ├─────
      ├───┤       │    │  ├───┤     
 q5 : ┤ h ├───────┼────┼──┤ h ├─────
      ├───┤       │    │  ├───┤     
 q6 : ┤ h ├───────┼────┼──┤ h ├─────
      ├───┤       │    │  ├───┤     
 q7 : ┤ h ├───────┼────┼──┤ h ├─────
      ├───┤       │    │  ├───┤     
 q8 : ┤ h ├───────┼────┼──┤ h ├─────
      ├───┤       │    │  ├───┤     
 q9 : ┤ h ├───────┼────┼──┤ h ├─────
      ├───┤       │    │  ╰───╯╭───╮
q10 : ┤ h ├───────┼────┼────●──┤ h ├
      ├───┤╭───╮╭─┴─╮╭─┴─╮╭─┴─╮╰───╯
q11 : ┤ x ├┤ h ├┤ x ├┤ x ├┤ x ├─────
      ╰───╯╰───╯╰───╯╰───╯╰───╯     

secret bitstring = [0, 0, 1, 0, 1, 0, 0, 0, 0, 0, 1]
measured state = 00101000001
Were we successful? True
	Command being timed: "python3 bernstein-vazirani.py 11"
	User time (seconds): 0.86
	System time (seconds): 0.43
	Percent of CPU this job got: 89%
	Elapsed (wall clock) time (h:mm:ss or m:ss): 0:01.45
	Average shared text size (kbytes): 0
	Average unshared data size (kbytes): 0
	Average stack size (kbytes): 0
	Average total size (kbytes): 0
	Maximum resident set size (kbytes): 620884
	Average resident set size (kbytes): 0
	Major (requiring I/O) page faults: 0
	Minor (reclaiming a frame) page faults: 43037
	Voluntary context switches: 1658
	Involuntary context switches: 25
	Swaps: 0
	File system inputs: 0
	File system outputs: 16
	Socket messages sent: 0
	Socket messages received: 0
	Signals delivered: 0
	Page size (bytes): 4096
	Exit status: 0
      ╭───╮╭───╮                              
 q0 : ┤ h ├┤ h ├──────────────────────────────
      ├───┤├───┤                              
 q1 : ┤ h ├┤ h ├──────────────────────────────
      ├───┤╰───╯     ╭───╮                    
 q2 : ┤ h ├───────●──┤ h ├────────────────────
      ├───┤       │  ╰───╯╭───╮               
 q3 : ┤ h ├───────┼────●──┤ h ├───────────────
      ├───┤       │    │  ├───┤               
 q4 : ┤ h ├───────┼────┼──┤ h ├───────────────
      ├───┤       │    │  ╰───╯╭───╮          
 q5 : ┤ h ├───────┼────┼────●──┤ h ├──────────
      ├───┤       │    │    │  ├───┤          
 q6 : ┤ h ├───────┼────┼────┼──┤ h ├──────────
      ├───┤       │    │    │  ╰───╯╭───╮     
 q7 : ┤ h ├───────┼────┼────┼────●──┤ h ├─────
      ├───┤       │    │    │    │  ├───┤     
 q8 : ┤ h ├───────┼────┼────┼────┼──┤ h ├─────
      ├───┤       │    │    │    │  ├───┤     
 q9 : ┤ h ├───────┼────┼────┼────┼──┤ h ├─────
      ├───┤       │    │    │    │  ╰───╯╭───╮
q10 : ┤ h ├───────┼────┼────┼────┼────●──┤ h ├
      ├───┤╭───╮╭─┴─╮╭─┴─╮╭─┴─╮╭─┴─╮╭─┴─╮╰───╯
q11 : ┤ x ├┤ h ├┤ x ├┤ x ├┤ x ├┤ x ├┤ x ├─────
      ╰───╯╰───╯╰───╯╰───╯╰───╯╰───╯╰───╯     

secret bitstring = [0, 0, 1, 1, 0, 1, 0, 1, 0, 0, 1]
measured state = 00110101001
Were we successful? True
	Command being timed: "python3 bernstein-vazirani.py 11"
	User time (seconds): 0.87
	System time (seconds): 0.43
	Percent of CPU this job got: 91%
	Elapsed (wall clock) time (h:mm:ss or m:ss): 0:01.43
	Average shared text size (kbytes): 0
	Average unshared data size (kbytes): 0
	Average stack size (kbytes): 0
	Average total size (kbytes): 0
	Maximum resident set size (kbytes): 621396
	Average resident set size (kbytes): 0
	Major (requiring I/O) page faults: 0
	Minor (reclaiming a frame) page faults: 42753
	Voluntary context switches: 1644
	Involuntary context switches: 30
	Swaps: 0
	File system inputs: 0
	File system outputs: 16
	Socket messages sent: 0
	Socket messages received: 0
	Signals delivered: 0
	Page size (bytes): 4096
	Exit status: 0
      ╭───╮          ╭───╮                              
 q0 : ┤ h ├───────●──┤ h ├──────────────────────────────
      ├───┤       │  ╰───╯╭───╮                         
 q1 : ┤ h ├───────┼────●──┤ h ├─────────────────────────
      ├───┤       │    │  ╰───╯╭───╮                    
 q2 : ┤ h ├───────┼────┼────●──┤ h ├────────────────────
      ├───┤       │    │    │  ├───┤                    
 q3 : ┤ h ├───────┼────┼────┼──┤ h ├────────────────────
      ├───┤       │    │    │  ╰───╯╭───╮               
 q4 : ┤ h ├───────┼────┼────┼────●──┤ h ├───────────────
      ├───┤       │    │    │    │  ╰───╯╭───╮          
 q5 : ┤ h ├───────┼────┼────┼────┼────●──┤ h ├──────────
      ├───┤       │    │    │    │    │  ╰───╯╭───╮     
 q6 : ┤ h ├───────┼────┼────┼────┼────┼────●──┤ h ├─────
      ├───┤       │    │    │    │    │    │  ├───┤     
 q7 : ┤ h ├───────┼────┼────┼────┼────┼────┼──┤ h ├─────
      ├───┤       │    │    │    │    │    │  ├───┤     
 q8 : ┤ h ├───────┼────┼────┼────┼────┼────┼──┤ h ├─────
      ├───┤       │    │    │    │    │    │  ├───┤     
 q9 : ┤ h ├───────┼────┼────┼────┼────┼────┼──┤ h ├─────
      ├───┤       │    │    │    │    │    │  ╰───╯╭───╮
q10 : ┤ h ├───────┼────┼────┼────┼────┼────┼────●──┤ h ├
      ├───┤╭───╮╭─┴─╮╭─┴─╮╭─┴─╮╭─┴─╮╭─┴─╮╭─┴─╮╭─┴─╮╰───╯
q11 : ┤ x ├┤ h ├┤ x ├┤ x ├┤ x ├┤ x ├┤ x ├┤ x ├┤ x ├─────
      ╰───╯╰───╯╰───╯╰───╯╰───╯╰───╯╰───╯╰───╯╰───╯     

secret bitstring = [1, 1, 1, 0, 1, 1, 1, 0, 0, 0, 1]
measured state = 11101110001
Were we successful? True
	Command being timed: "python3 bernstein-vazirani.py 11"
	User time (seconds): 0.86
	System time (seconds): 0.44
	Percent of CPU this job got: 93%
	Elapsed (wall clock) time (h:mm:ss or m:ss): 0:01.39
	Average shared text size (kbytes): 0
	Average unshared data size (kbytes): 0
	Average stack size (kbytes): 0
	Average total size (kbytes): 0
	Maximum resident set size (kbytes): 620640
	Average resident set size (kbytes): 0
	Major (requiring I/O) page faults: 0
	Minor (reclaiming a frame) page faults: 43461
	Voluntary context switches: 1628
	Involuntary context switches: 27
	Swaps: 0
	File system inputs: 0
	File system outputs: 24
	Socket messages sent: 0
	Socket messages received: 0
	Signals delivered: 0
	Page size (bytes): 4096
	Exit status: 0
      ╭───╮          ╭───╮                                   
 q0 : ┤ h ├───────●──┤ h ├───────────────────────────────────
      ├───┤       │  ╰───╯╭───╮                              
 q1 : ┤ h ├───────┼────●──┤ h ├──────────────────────────────
      ├───┤       │    │  ╰───╯╭───╮                         
 q2 : ┤ h ├───────┼────┼────●──┤ h ├─────────────────────────
      ├───┤       │    │    │  ╰───╯╭───╮                    
 q3 : ┤ h ├───────┼────┼────┼────●──┤ h ├────────────────────
      ├───┤       │    │    │    │  ├───┤                    
 q4 : ┤ h ├───────┼────┼────┼────┼──┤ h ├────────────────────
      ├───┤       │    │    │    │  ╰───╯╭───╮               
 q5 : ┤ h ├───────┼────┼────┼────┼────●──┤ h ├───────────────
      ├───┤       │    │    │    │    │  ╰───╯╭───╮          
 q6 : ┤ h ├───────┼────┼────┼────┼────┼────●──┤ h ├──────────
      ├───┤       │    │    │    │    │    │  ├───┤          
 q7 : ┤ h ├───────┼────┼────┼────┼────┼────┼──┤ h ├──────────
      ├───┤       │    │    │    │    │    │  ├───┤          
 q8 : ┤ h ├───────┼────┼────┼────┼────┼────┼──┤ h ├──────────
      ├───┤       │    │    │    │    │    │  ╰───╯╭───╮     
 q9 : ┤ h ├───────┼────┼────┼────┼────┼────┼────●──┤ h ├─────
      ├───┤       │    │    │    │    │    │    │  ╰───╯╭───╮
q10 : ┤ h ├───────┼────┼────┼────┼────┼────┼────┼────●──┤ h ├
      ├───┤╭───╮╭─┴─╮╭─┴─╮╭─┴─╮╭─┴─╮╭─┴─╮╭─┴─╮╭─┴─╮╭─┴─╮╰───╯
q11 : ┤ x ├┤ h ├┤ x ├┤ x ├┤ x ├┤ x ├┤ x ├┤ x ├┤ x ├┤ x ├─────
      ╰───╯╰───╯╰───╯╰───╯╰───╯╰───╯╰───╯╰───╯╰───╯╰───╯     

secret bitstring = [1, 1, 1, 1, 0, 1, 1, 0, 0, 1, 1]
measured state = 11110110011
Were we successful? True
	Command being timed: "python3 bernstein-vazirani.py 11"
	User time (seconds): 0.89
	System time (seconds): 0.40
	Percent of CPU this job got: 91%
	Elapsed (wall clock) time (h:mm:ss or m:ss): 0:01.42
	Average shared text size (kbytes): 0
	Average unshared data size (kbytes): 0
	Average stack size (kbytes): 0
	Average total size (kbytes): 0
	Maximum resident set size (kbytes): 621588
	Average resident set size (kbytes): 0
	Major (requiring I/O) page faults: 0
	Minor (reclaiming a frame) page faults: 43299
	Voluntary context switches: 1634
	Involuntary context switches: 28
	Swaps: 0
	File system inputs: 0
	File system outputs: 24
	Socket messages sent: 0
	Socket messages received: 0
	Signals delivered: 0
	Page size (bytes): 4096
	Exit status: 0
      ╭───╮          ╭───╮                         
 q0 : ┤ h ├───────●──┤ h ├─────────────────────────
      ├───┤       │  ╰───╯╭───╮                    
 q1 : ┤ h ├───────┼────●──┤ h ├────────────────────
      ├───┤       │    │  ├───┤                    
 q2 : ┤ h ├───────┼────┼──┤ h ├────────────────────
      ├───┤       │    │  ╰───╯╭───╮               
 q3 : ┤ h ├───────┼────┼────●──┤ h ├───────────────
      ├───┤       │    │    │  ├───┤               
 q4 : ┤ h ├───────┼────┼────┼──┤ h ├───────────────
      ├───┤       │    │    │  ├───┤               
 q5 : ┤ h ├───────┼────┼────┼──┤ h ├───────────────
      ├───┤       │    │    │  ╰───╯╭───╮          
 q6 : ┤ h ├───────┼────┼────┼────●──┤ h ├──────────
      ├───┤       │    │    │    │  ╰───╯╭───╮     
 q7 : ┤ h ├───────┼────┼────┼────┼────●──┤ h ├─────
      ├───┤       │    │    │    │    │  ├───┤     
 q8 : ┤ h ├───────┼────┼────┼────┼────┼──┤ h ├─────
      ├───┤       │    │    │    │    │  ├───┤     
 q9 : ┤ h ├───────┼────┼────┼────┼────┼──┤ h ├─────
      ├───┤       │    │    │    │    │  ╰───╯╭───╮
q10 : ┤ h ├───────┼────┼────┼────┼────┼────●──┤ h ├
      ├───┤╭───╮╭─┴─╮╭─┴─╮╭─┴─╮╭─┴─╮╭─┴─╮╭─┴─╮╰───╯
q11 : ┤ x ├┤ h ├┤ x ├┤ x ├┤ x ├┤ x ├┤ x ├┤ x ├─────
      ╰───╯╰───╯╰───╯╰───╯╰───╯╰───╯╰───╯╰───╯     

secret bitstring = [1, 1, 0, 1, 0, 0, 1, 1, 0, 0, 1]
measured state = 11010011001
Were we successful? True
	Command being timed: "python3 bernstein-vazirani.py 11"
	User time (seconds): 0.87
	System time (seconds): 0.42
	Percent of CPU this job got: 89%
	Elapsed (wall clock) time (h:mm:ss or m:ss): 0:01.45
	Average shared text size (kbytes): 0
	Average unshared data size (kbytes): 0
	Average stack size (kbytes): 0
	Average total size (kbytes): 0
	Maximum resident set size (kbytes): 621436
	Average resident set size (kbytes): 0
	Major (requiring I/O) page faults: 0
	Minor (reclaiming a frame) page faults: 43148
	Voluntary context switches: 1639
	Involuntary context switches: 27
	Swaps: 0
	File system inputs: 0
	File system outputs: 24
	Socket messages sent: 0
	Socket messages received: 0
	Signals delivered: 0
	Page size (bytes): 4096
	Exit status: 0
      ╭───╮          ╭───╮                    
 q0 : ┤ h ├───────●──┤ h ├────────────────────
      ├───┤       │  ╰───╯╭───╮               
 q1 : ┤ h ├───────┼────●──┤ h ├───────────────
      ├───┤       │    │  ├───┤               
 q2 : ┤ h ├───────┼────┼──┤ h ├───────────────
      ├───┤       │    │  ├───┤               
 q3 : ┤ h ├───────┼────┼──┤ h ├───────────────
      ├───┤       │    │  ├───┤               
 q4 : ┤ h ├───────┼────┼──┤ h ├───────────────
      ├───┤       │    │  ╰───╯╭───╮          
 q5 : ┤ h ├───────┼────┼────●──┤ h ├──────────
      ├───┤       │    │    │  ├───┤          
 q6 : ┤ h ├───────┼────┼────┼──┤ h ├──────────
      ├───┤       │    │    │  ├───┤          
 q7 : ┤ h ├───────┼────┼────┼──┤ h ├──────────
      ├───┤       │    │    │  ╰───╯╭───╮     
 q8 : ┤ h ├───────┼────┼────┼────●──┤ h ├─────
      ├───┤       │    │    │    │  ╰───╯╭───╮
 q9 : ┤ h ├───────┼────┼────┼────┼────●──┤ h ├
      ├───┤       │    │    │    │    │  ├───┤
q10 : ┤ h ├───────┼────┼────┼────┼────┼──┤ h ├
      ├───┤╭───╮╭─┴─╮╭─┴─╮╭─┴─╮╭─┴─╮╭─┴─╮╰───╯
q11 : ┤ x ├┤ h ├┤ x ├┤ x ├┤ x ├┤ x ├┤ x ├─────
      ╰───╯╰───╯╰───╯╰───╯╰───╯╰───╯╰───╯     

secret bitstring = [1, 1, 0, 0, 0, 1, 0, 0, 1, 1, 0]
measured state = 11000100110
Were we successful? True
	Command being timed: "python3 bernstein-vazirani.py 11"
	User time (seconds): 0.85
	System time (seconds): 0.45
	Percent of CPU this job got: 91%
	Elapsed (wall clock) time (h:mm:ss or m:ss): 0:01.43
	Average shared text size (kbytes): 0
	Average unshared data size (kbytes): 0
	Average stack size (kbytes): 0
	Average total size (kbytes): 0
	Maximum resident set size (kbytes): 621488
	Average resident set size (kbytes): 0
	Major (requiring I/O) page faults: 0
	Minor (reclaiming a frame) page faults: 42758
	Voluntary context switches: 1635
	Involuntary context switches: 24
	Swaps: 0
	File system inputs: 0
	File system outputs: 24
	Socket messages sent: 0
	Socket messages received: 0
	Signals delivered: 0
	Page size (bytes): 4096
	Exit status: 0
