WARNING: overwriting environment variables set in the machine
overwriting variable ['LD_LIBRARY_PATH']
      ╭───╮          ╭───╮                    
 q0 : ┤ h ├───────●──┤ h ├────────────────────
      ├───┤       │  ╰───╯╭───╮               
 q1 : ┤ h ├───────┼────●──┤ h ├───────────────
      ├───┤       │    │  ╰───╯╭───╮          
 q2 : ┤ h ├───────┼────┼────●──┤ h ├──────────
      ├───┤       │    │    │  ├───┤          
 q3 : ┤ h ├───────┼────┼────┼──┤ h ├──────────
      ├───┤       │    │    │  ├───┤          
 q4 : ┤ h ├───────┼────┼────┼──┤ h ├──────────
      ├───┤       │    │    │  ╰───╯╭───╮     
 q5 : ┤ h ├───────┼────┼────┼────●──┤ h ├─────
      ├───┤       │    │    │    │  ├───┤     
 q6 : ┤ h ├───────┼────┼────┼────┼──┤ h ├─────
      ├───┤       │    │    │    │  ├───┤     
 q7 : ┤ h ├───────┼────┼────┼────┼──┤ h ├─────
      ├───┤       │    │    │    │  ├───┤     
 q8 : ┤ h ├───────┼────┼────┼────┼──┤ h ├─────
      ├───┤       │    │    │    │  ╰───╯╭───╮
 q9 : ┤ h ├───────┼────┼────┼────┼────●──┤ h ├
      ├───┤╭───╮╭─┴─╮╭─┴─╮╭─┴─╮╭─┴─╮╭─┴─╮╰───╯
q10 : ┤ x ├┤ h ├┤ x ├┤ x ├┤ x ├┤ x ├┤ x ├─────
      ╰───╯╰───╯╰───╯╰───╯╰───╯╰───╯╰───╯     

secret bitstring = [1, 1, 1, 0, 0, 1, 0, 0, 0, 1]
measured state = 1110010001
Were we successful? True
	Command being timed: "python3 bernstein-vazirani.py 10"
	User time (seconds): 0.89
	System time (seconds): 0.46
	Percent of CPU this job got: 88%
	Elapsed (wall clock) time (h:mm:ss or m:ss): 0:01.53
	Average shared text size (kbytes): 0
	Average unshared data size (kbytes): 0
	Average stack size (kbytes): 0
	Average total size (kbytes): 0
	Maximum resident set size (kbytes): 621496
	Average resident set size (kbytes): 0
	Major (requiring I/O) page faults: 0
	Minor (reclaiming a frame) page faults: 42881
	Voluntary context switches: 3379
	Involuntary context switches: 30
	Swaps: 0
	File system inputs: 0
	File system outputs: 16
	Socket messages sent: 0
	Socket messages received: 0
	Signals delivered: 0
	Page size (bytes): 4096
	Exit status: 0
      ╭───╮          ╭───╮                              
 q0 : ┤ h ├───────●──┤ h ├──────────────────────────────
      ├───┤       │  ╰───╯╭───╮                         
 q1 : ┤ h ├───────┼────●──┤ h ├─────────────────────────
      ├───┤       │    │  ├───┤                         
 q2 : ┤ h ├───────┼────┼──┤ h ├─────────────────────────
      ├───┤       │    │  ├───┤                         
 q3 : ┤ h ├───────┼────┼──┤ h ├─────────────────────────
      ├───┤       │    │  ╰───╯╭───╮                    
 q4 : ┤ h ├───────┼────┼────●──┤ h ├────────────────────
      ├───┤       │    │    │  ╰───╯╭───╮               
 q5 : ┤ h ├───────┼────┼────┼────●──┤ h ├───────────────
      ├───┤       │    │    │    │  ├───┤               
 q6 : ┤ h ├───────┼────┼────┼────┼──┤ h ├───────────────
      ├───┤       │    │    │    │  ╰───╯╭───╮          
 q7 : ┤ h ├───────┼────┼────┼────┼────●──┤ h ├──────────
      ├───┤       │    │    │    │    │  ╰───╯╭───╮     
 q8 : ┤ h ├───────┼────┼────┼────┼────┼────●──┤ h ├─────
      ├───┤       │    │    │    │    │    │  ╰───╯╭───╮
 q9 : ┤ h ├───────┼────┼────┼────┼────┼────┼────●──┤ h ├
      ├───┤╭───╮╭─┴─╮╭─┴─╮╭─┴─╮╭─┴─╮╭─┴─╮╭─┴─╮╭─┴─╮╰───╯
q10 : ┤ x ├┤ h ├┤ x ├┤ x ├┤ x ├┤ x ├┤ x ├┤ x ├┤ x ├─────
      ╰───╯╰───╯╰───╯╰───╯╰───╯╰───╯╰───╯╰───╯╰───╯     

secret bitstring = [1, 1, 0, 0, 1, 1, 0, 1, 1, 1]
measured state = 1100110111
Were we successful? True
	Command being timed: "python3 bernstein-vazirani.py 10"
	User time (seconds): 0.87
	System time (seconds): 0.42
	Percent of CPU this job got: 93%
	Elapsed (wall clock) time (h:mm:ss or m:ss): 0:01.40
	Average shared text size (kbytes): 0
	Average unshared data size (kbytes): 0
	Average stack size (kbytes): 0
	Average total size (kbytes): 0
	Maximum resident set size (kbytes): 618088
	Average resident set size (kbytes): 0
	Major (requiring I/O) page faults: 0
	Minor (reclaiming a frame) page faults: 43332
	Voluntary context switches: 1620
	Involuntary context switches: 27
	Swaps: 0
	File system inputs: 0
	File system outputs: 24
	Socket messages sent: 0
	Socket messages received: 0
	Signals delivered: 0
	Page size (bytes): 4096
	Exit status: 0
      ╭───╮╭───╮                                        
 q0 : ┤ h ├┤ h ├────────────────────────────────────────
      ├───┤╰───╯     ╭───╮                              
 q1 : ┤ h ├───────●──┤ h ├──────────────────────────────
      ├───┤       │  ├───┤                              
 q2 : ┤ h ├───────┼──┤ h ├──────────────────────────────
      ├───┤       │  ╰───╯╭───╮                         
 q3 : ┤ h ├───────┼────●──┤ h ├─────────────────────────
      ├───┤       │    │  ╰───╯╭───╮                    
 q4 : ┤ h ├───────┼────┼────●──┤ h ├────────────────────
      ├───┤       │    │    │  ╰───╯╭───╮               
 q5 : ┤ h ├───────┼────┼────┼────●──┤ h ├───────────────
      ├───┤       │    │    │    │  ╰───╯╭───╮          
 q6 : ┤ h ├───────┼────┼────┼────┼────●──┤ h ├──────────
      ├───┤       │    │    │    │    │  ├───┤          
 q7 : ┤ h ├───────┼────┼────┼────┼────┼──┤ h ├──────────
      ├───┤       │    │    │    │    │  ╰───╯╭───╮     
 q8 : ┤ h ├───────┼────┼────┼────┼────┼────●──┤ h ├─────
      ├───┤       │    │    │    │    │    │  ╰───╯╭───╮
 q9 : ┤ h ├───────┼────┼────┼────┼────┼────┼────●──┤ h ├
      ├───┤╭───╮╭─┴─╮╭─┴─╮╭─┴─╮╭─┴─╮╭─┴─╮╭─┴─╮╭─┴─╮╰───╯
q10 : ┤ x ├┤ h ├┤ x ├┤ x ├┤ x ├┤ x ├┤ x ├┤ x ├┤ x ├─────
      ╰───╯╰───╯╰───╯╰───╯╰───╯╰───╯╰───╯╰───╯╰───╯     

secret bitstring = [0, 1, 0, 1, 1, 1, 1, 0, 1, 1]
measured state = 0101111011
Were we successful? True
	Command being timed: "python3 bernstein-vazirani.py 10"
	User time (seconds): 0.88
	System time (seconds): 0.41
	Percent of CPU this job got: 92%
	Elapsed (wall clock) time (h:mm:ss or m:ss): 0:01.40
	Average shared text size (kbytes): 0
	Average unshared data size (kbytes): 0
	Average stack size (kbytes): 0
	Average total size (kbytes): 0
	Maximum resident set size (kbytes): 617800
	Average resident set size (kbytes): 0
	Major (requiring I/O) page faults: 0
	Minor (reclaiming a frame) page faults: 43247
	Voluntary context switches: 1632
	Involuntary context switches: 27
	Swaps: 0
	File system inputs: 0
	File system outputs: 24
	Socket messages sent: 0
	Socket messages received: 0
	Signals delivered: 0
	Page size (bytes): 4096
	Exit status: 0
      ╭───╮          ╭───╮                         
 q0 : ┤ h ├───────●──┤ h ├─────────────────────────
      ├───┤       │  ╰───╯╭───╮                    
 q1 : ┤ h ├───────┼────●──┤ h ├────────────────────
      ├───┤       │    │  ╰───╯╭───╮               
 q2 : ┤ h ├───────┼────┼────●──┤ h ├───────────────
      ├───┤       │    │    │  ╰───╯╭───╮          
 q3 : ┤ h ├───────┼────┼────┼────●──┤ h ├──────────
      ├───┤       │    │    │    │  ╰───╯╭───╮     
 q4 : ┤ h ├───────┼────┼────┼────┼────●──┤ h ├─────
      ├───┤       │    │    │    │    │  ├───┤     
 q5 : ┤ h ├───────┼────┼────┼────┼────┼──┤ h ├─────
      ├───┤       │    │    │    │    │  ├───┤     
 q6 : ┤ h ├───────┼────┼────┼────┼────┼──┤ h ├─────
      ├───┤       │    │    │    │    │  ├───┤     
 q7 : ┤ h ├───────┼────┼────┼────┼────┼──┤ h ├─────
      ├───┤       │    │    │    │    │  ├───┤     
 q8 : ┤ h ├───────┼────┼────┼────┼────┼──┤ h ├─────
      ├───┤       │    │    │    │    │  ╰───╯╭───╮
 q9 : ┤ h ├───────┼────┼────┼────┼────┼────●──┤ h ├
      ├───┤╭───╮╭─┴─╮╭─┴─╮╭─┴─╮╭─┴─╮╭─┴─╮╭─┴─╮╰───╯
q10 : ┤ x ├┤ h ├┤ x ├┤ x ├┤ x ├┤ x ├┤ x ├┤ x ├─────
      ╰───╯╰───╯╰───╯╰───╯╰───╯╰───╯╰───╯╰───╯     

secret bitstring = [1, 1, 1, 1, 1, 0, 0, 0, 0, 1]
measured state = 1111100001
Were we successful? True
	Command being timed: "python3 bernstein-vazirani.py 10"
	User time (seconds): 0.88
	System time (seconds): 0.43
	Percent of CPU this job got: 92%
	Elapsed (wall clock) time (h:mm:ss or m:ss): 0:01.41
	Average shared text size (kbytes): 0
	Average unshared data size (kbytes): 0
	Average stack size (kbytes): 0
	Average total size (kbytes): 0
	Maximum resident set size (kbytes): 618776
	Average resident set size (kbytes): 0
	Major (requiring I/O) page faults: 0
	Minor (reclaiming a frame) page faults: 42994
	Voluntary context switches: 1619
	Involuntary context switches: 29
	Swaps: 0
	File system inputs: 0
	File system outputs: 24
	Socket messages sent: 0
	Socket messages received: 0
	Signals delivered: 0
	Page size (bytes): 4096
	Exit status: 0
      ╭───╮          ╭───╮                         
 q0 : ┤ h ├───────●──┤ h ├─────────────────────────
      ├───┤       │  ├───┤                         
 q1 : ┤ h ├───────┼──┤ h ├─────────────────────────
      ├───┤       │  ╰───╯╭───╮                    
 q2 : ┤ h ├───────┼────●──┤ h ├────────────────────
      ├───┤       │    │  ╰───╯╭───╮               
 q3 : ┤ h ├───────┼────┼────●──┤ h ├───────────────
      ├───┤       │    │    │  ├───┤               
 q4 : ┤ h ├───────┼────┼────┼──┤ h ├───────────────
      ├───┤       │    │    │  ├───┤               
 q5 : ┤ h ├───────┼────┼────┼──┤ h ├───────────────
      ├───┤       │    │    │  ╰───╯╭───╮          
 q6 : ┤ h ├───────┼────┼────┼────●──┤ h ├──────────
      ├───┤       │    │    │    │  ╰───╯╭───╮     
 q7 : ┤ h ├───────┼────┼────┼────┼────●──┤ h ├─────
      ├───┤       │    │    │    │    │  ├───┤     
 q8 : ┤ h ├───────┼────┼────┼────┼────┼──┤ h ├─────
      ├───┤       │    │    │    │    │  ╰───╯╭───╮
 q9 : ┤ h ├───────┼────┼────┼────┼────┼────●──┤ h ├
      ├───┤╭───╮╭─┴─╮╭─┴─╮╭─┴─╮╭─┴─╮╭─┴─╮╭─┴─╮╰───╯
q10 : ┤ x ├┤ h ├┤ x ├┤ x ├┤ x ├┤ x ├┤ x ├┤ x ├─────
      ╰───╯╰───╯╰───╯╰───╯╰───╯╰───╯╰───╯╰───╯     

secret bitstring = [1, 0, 1, 1, 0, 0, 1, 1, 0, 1]
measured state = 1011001101
Were we successful? True
	Command being timed: "python3 bernstein-vazirani.py 10"
	User time (seconds): 0.86
	System time (seconds): 0.43
	Percent of CPU this job got: 91%
	Elapsed (wall clock) time (h:mm:ss or m:ss): 0:01.42
	Average shared text size (kbytes): 0
	Average unshared data size (kbytes): 0
	Average stack size (kbytes): 0
	Average total size (kbytes): 0
	Maximum resident set size (kbytes): 620540
	Average resident set size (kbytes): 0
	Major (requiring I/O) page faults: 0
	Minor (reclaiming a frame) page faults: 42448
	Voluntary context switches: 1619
	Involuntary context switches: 27
	Swaps: 0
	File system inputs: 0
	File system outputs: 16
	Socket messages sent: 0
	Socket messages received: 0
	Signals delivered: 0
	Page size (bytes): 4096
	Exit status: 0
      ╭───╮╭───╮                    
 q0 : ┤ h ├┤ h ├────────────────────
      ├───┤├───┤                    
 q1 : ┤ h ├┤ h ├────────────────────
      ├───┤╰───╯     ╭───╮          
 q2 : ┤ h ├───────●──┤ h ├──────────
      ├───┤       │  ╰───╯╭───╮     
 q3 : ┤ h ├───────┼────●──┤ h ├─────
      ├───┤       │    │  ╰───╯╭───╮
 q4 : ┤ h ├───────┼────┼────●──┤ h ├
      ├───┤       │    │    │  ├───┤
 q5 : ┤ h ├───────┼────┼────┼──┤ h ├
      ├───┤       │    │    │  ├───┤
 q6 : ┤ h ├───────┼────┼────┼──┤ h ├
      ├───┤       │    │    │  ├───┤
 q7 : ┤ h ├───────┼────┼────┼──┤ h ├
      ├───┤       │    │    │  ├───┤
 q8 : ┤ h ├───────┼────┼────┼──┤ h ├
      ├───┤       │    │    │  ├───┤
 q9 : ┤ h ├───────┼────┼────┼──┤ h ├
      ├───┤╭───╮╭─┴─╮╭─┴─╮╭─┴─╮╰───╯
q10 : ┤ x ├┤ h ├┤ x ├┤ x ├┤ x ├─────
      ╰───╯╰───╯╰───╯╰───╯╰───╯     

secret bitstring = [0, 0, 1, 1, 1, 0, 0, 0, 0, 0]
measured state = 0011100000
Were we successful? True
	Command being timed: "python3 bernstein-vazirani.py 10"
	User time (seconds): 0.88
	System time (seconds): 0.41
	Percent of CPU this job got: 92%
	Elapsed (wall clock) time (h:mm:ss or m:ss): 0:01.40
	Average shared text size (kbytes): 0
	Average unshared data size (kbytes): 0
	Average stack size (kbytes): 0
	Average total size (kbytes): 0
	Maximum resident set size (kbytes): 622044
	Average resident set size (kbytes): 0
	Major (requiring I/O) page faults: 0
	Minor (reclaiming a frame) page faults: 43629
	Voluntary context switches: 1627
	Involuntary context switches: 31
	Swaps: 0
	File system inputs: 0
	File system outputs: 16
	Socket messages sent: 0
	Socket messages received: 0
	Signals delivered: 0
	Page size (bytes): 4096
	Exit status: 0
      ╭───╮          ╭───╮                    
 q0 : ┤ h ├───────●──┤ h ├────────────────────
      ├───┤       │  ├───┤                    
 q1 : ┤ h ├───────┼──┤ h ├────────────────────
      ├───┤       │  ╰───╯╭───╮               
 q2 : ┤ h ├───────┼────●──┤ h ├───────────────
      ├───┤       │    │  ├───┤               
 q3 : ┤ h ├───────┼────┼──┤ h ├───────────────
      ├───┤       │    │  ├───┤               
 q4 : ┤ h ├───────┼────┼──┤ h ├───────────────
      ├───┤       │    │  ╰───╯╭───╮          
 q5 : ┤ h ├───────┼────┼────●──┤ h ├──────────
      ├───┤       │    │    │  ├───┤          
 q6 : ┤ h ├───────┼────┼────┼──┤ h ├──────────
      ├───┤       │    │    │  ├───┤          
 q7 : ┤ h ├───────┼────┼────┼──┤ h ├──────────
      ├───┤       │    │    │  ╰───╯╭───╮     
 q8 : ┤ h ├───────┼────┼────┼────●──┤ h ├─────
      ├───┤       │    │    │    │  ╰───╯╭───╮
 q9 : ┤ h ├───────┼────┼────┼────┼────●──┤ h ├
      ├───┤╭───╮╭─┴─╮╭─┴─╮╭─┴─╮╭─┴─╮╭─┴─╮╰───╯
q10 : ┤ x ├┤ h ├┤ x ├┤ x ├┤ x ├┤ x ├┤ x ├─────
      ╰───╯╰───╯╰───╯╰───╯╰───╯╰───╯╰───╯     

secret bitstring = [1, 0, 1, 0, 0, 1, 0, 0, 1, 1]
measured state = 1010010011
Were we successful? True
	Command being timed: "python3 bernstein-vazirani.py 10"
	User time (seconds): 0.87
	System time (seconds): 0.42
	Percent of CPU this job got: 92%
	Elapsed (wall clock) time (h:mm:ss or m:ss): 0:01.41
	Average shared text size (kbytes): 0
	Average unshared data size (kbytes): 0
	Average stack size (kbytes): 0
	Average total size (kbytes): 0
	Maximum resident set size (kbytes): 619044
	Average resident set size (kbytes): 0
	Major (requiring I/O) page faults: 0
	Minor (reclaiming a frame) page faults: 43005
	Voluntary context switches: 1618
	Involuntary context switches: 28
	Swaps: 0
	File system inputs: 0
	File system outputs: 24
	Socket messages sent: 0
	Socket messages received: 0
	Signals delivered: 0
	Page size (bytes): 4096
	Exit status: 0
      ╭───╮╭───╮                         
 q0 : ┤ h ├┤ h ├─────────────────────────
      ├───┤╰───╯     ╭───╮               
 q1 : ┤ h ├───────●──┤ h ├───────────────
      ├───┤       │  ├───┤               
 q2 : ┤ h ├───────┼──┤ h ├───────────────
      ├───┤       │  ╰───╯╭───╮          
 q3 : ┤ h ├───────┼────●──┤ h ├──────────
      ├───┤       │    │  ├───┤          
 q4 : ┤ h ├───────┼────┼──┤ h ├──────────
      ├───┤       │    │  ├───┤          
 q5 : ┤ h ├───────┼────┼──┤ h ├──────────
      ├───┤       │    │  ╰───╯╭───╮     
 q6 : ┤ h ├───────┼────┼────●──┤ h ├─────
      ├───┤       │    │    │  ╰───╯╭───╮
 q7 : ┤ h ├───────┼────┼────┼────●──┤ h ├
      ├───┤       │    │    │    │  ├───┤
 q8 : ┤ h ├───────┼────┼────┼────┼──┤ h ├
      ├───┤       │    │    │    │  ├───┤
 q9 : ┤ h ├───────┼────┼────┼────┼──┤ h ├
      ├───┤╭───╮╭─┴─╮╭─┴─╮╭─┴─╮╭─┴─╮╰───╯
q10 : ┤ x ├┤ h ├┤ x ├┤ x ├┤ x ├┤ x ├─────
      ╰───╯╰───╯╰───╯╰───╯╰───╯╰───╯     

secret bitstring = [0, 1, 0, 1, 0, 0, 1, 1, 0, 0]
measured state = 0101001100
Were we successful? True
	Command being timed: "python3 bernstein-vazirani.py 10"
	User time (seconds): 0.86
	System time (seconds): 0.43
	Percent of CPU this job got: 93%
	Elapsed (wall clock) time (h:mm:ss or m:ss): 0:01.39
	Average shared text size (kbytes): 0
	Average unshared data size (kbytes): 0
	Average stack size (kbytes): 0
	Average total size (kbytes): 0
	Maximum resident set size (kbytes): 621188
	Average resident set size (kbytes): 0
	Major (requiring I/O) page faults: 0
	Minor (reclaiming a frame) page faults: 42220
	Voluntary context switches: 1613
	Involuntary context switches: 28
	Swaps: 0
	File system inputs: 0
	File system outputs: 24
	Socket messages sent: 0
	Socket messages received: 0
	Signals delivered: 0
	Page size (bytes): 4096
	Exit status: 0
      ╭───╮          ╭───╮          
 q0 : ┤ h ├───────●──┤ h ├──────────
      ├───┤       │  ├───┤          
 q1 : ┤ h ├───────┼──┤ h ├──────────
      ├───┤       │  ├───┤          
 q2 : ┤ h ├───────┼──┤ h ├──────────
      ├───┤       │  ├───┤          
 q3 : ┤ h ├───────┼──┤ h ├──────────
      ├───┤       │  ├───┤          
 q4 : ┤ h ├───────┼──┤ h ├──────────
      ├───┤       │  ├───┤          
 q5 : ┤ h ├───────┼──┤ h ├──────────
      ├───┤       │  ├───┤          
 q6 : ┤ h ├───────┼──┤ h ├──────────
      ├───┤       │  ╰───╯╭───╮     
 q7 : ┤ h ├───────┼────●──┤ h ├─────
      ├───┤       │    │  ╰───╯╭───╮
 q8 : ┤ h ├───────┼────┼────●──┤ h ├
      ├───┤       │    │    │  ├───┤
 q9 : ┤ h ├───────┼────┼────┼──┤ h ├
      ├───┤╭───╮╭─┴─╮╭─┴─╮╭─┴─╮╰───╯
q10 : ┤ x ├┤ h ├┤ x ├┤ x ├┤ x ├─────
      ╰───╯╰───╯╰───╯╰───╯╰───╯     

secret bitstring = [1, 0, 0, 0, 0, 0, 0, 1, 1, 0]
measured state = 1000000110
Were we successful? True
	Command being timed: "python3 bernstein-vazirani.py 10"
	User time (seconds): 0.86
	System time (seconds): 0.43
	Percent of CPU this job got: 92%
	Elapsed (wall clock) time (h:mm:ss or m:ss): 0:01.40
	Average shared text size (kbytes): 0
	Average unshared data size (kbytes): 0
	Average stack size (kbytes): 0
	Average total size (kbytes): 0
	Maximum resident set size (kbytes): 621716
	Average resident set size (kbytes): 0
	Major (requiring I/O) page faults: 0
	Minor (reclaiming a frame) page faults: 43197
	Voluntary context switches: 1623
	Involuntary context switches: 33
	Swaps: 0
	File system inputs: 0
	File system outputs: 16
	Socket messages sent: 0
	Socket messages received: 0
	Signals delivered: 0
	Page size (bytes): 4096
	Exit status: 0
      ╭───╮╭───╮                              
 q0 : ┤ h ├┤ h ├──────────────────────────────
      ├───┤├───┤                              
 q1 : ┤ h ├┤ h ├──────────────────────────────
      ├───┤╰───╯     ╭───╮                    
 q2 : ┤ h ├───────●──┤ h ├────────────────────
      ├───┤       │  ├───┤                    
 q3 : ┤ h ├───────┼──┤ h ├────────────────────
      ├───┤       │  ╰───╯╭───╮               
 q4 : ┤ h ├───────┼────●──┤ h ├───────────────
      ├───┤       │    │  ╰───╯╭───╮          
 q5 : ┤ h ├───────┼────┼────●──┤ h ├──────────
      ├───┤       │    │    │  ╰───╯╭───╮     
 q6 : ┤ h ├───────┼────┼────┼────●──┤ h ├─────
      ├───┤       │    │    │    │  ├───┤     
 q7 : ┤ h ├───────┼────┼────┼────┼──┤ h ├─────
      ├───┤       │    │    │    │  ╰───╯╭───╮
 q8 : ┤ h ├───────┼────┼────┼────┼────●──┤ h ├
      ├───┤       │    │    │    │    │  ├───┤
 q9 : ┤ h ├───────┼────┼────┼────┼────┼──┤ h ├
      ├───┤╭───╮╭─┴─╮╭─┴─╮╭─┴─╮╭─┴─╮╭─┴─╮╰───╯
q10 : ┤ x ├┤ h ├┤ x ├┤ x ├┤ x ├┤ x ├┤ x ├─────
      ╰───╯╰───╯╰───╯╰───╯╰───╯╰───╯╰───╯     

secret bitstring = [0, 0, 1, 0, 1, 1, 1, 0, 1, 0]
measured state = 0010111010
Were we successful? True
	Command being timed: "python3 bernstein-vazirani.py 10"
	User time (seconds): 0.85
	System time (seconds): 0.45
	Percent of CPU this job got: 92%
	Elapsed (wall clock) time (h:mm:ss or m:ss): 0:01.41
	Average shared text size (kbytes): 0
	Average unshared data size (kbytes): 0
	Average stack size (kbytes): 0
	Average total size (kbytes): 0
	Maximum resident set size (kbytes): 618380
	Average resident set size (kbytes): 0
	Major (requiring I/O) page faults: 0
	Minor (reclaiming a frame) page faults: 43050
	Voluntary context switches: 1620
	Involuntary context switches: 28
	Swaps: 0
	File system inputs: 0
	File system outputs: 24
	Socket messages sent: 0
	Socket messages received: 0
	Signals delivered: 0
	Page size (bytes): 4096
	Exit status: 0
