WARNING: overwriting environment variables set in the machine
overwriting variable ['LD_LIBRARY_PATH']
      ╭───╮          ╭───╮                         
 q0 : ┤ h ├───────●──┤ h ├─────────────────────────
      ├───┤       │  ╰───╯╭───╮                    
 q1 : ┤ h ├───────┼────●──┤ h ├────────────────────
      ├───┤       │    │  ╰───╯╭───╮               
 q2 : ┤ h ├───────┼────┼────●──┤ h ├───────────────
      ├───┤       │    │    │  ├───┤               
 q3 : ┤ h ├───────┼────┼────┼──┤ h ├───────────────
      ├───┤       │    │    │  ├───┤               
 q4 : ┤ h ├───────┼────┼────┼──┤ h ├───────────────
      ├───┤       │    │    │  ├───┤               
 q5 : ┤ h ├───────┼────┼────┼──┤ h ├───────────────
      ├───┤       │    │    │  ├───┤               
 q6 : ┤ h ├───────┼────┼────┼──┤ h ├───────────────
      ├───┤       │    │    │  ├───┤               
 q7 : ┤ h ├───────┼────┼────┼──┤ h ├───────────────
      ├───┤       │    │    │  ├───┤               
 q8 : ┤ h ├───────┼────┼────┼──┤ h ├───────────────
      ├───┤       │    │    │  ╰───╯╭───╮          
 q9 : ┤ h ├───────┼────┼────┼────●──┤ h ├──────────
      ├───┤       │    │    │    │  ╰───╯╭───╮     
q10 : ┤ h ├───────┼────┼────┼────┼────●──┤ h ├─────
      ├───┤       │    │    │    │    │  ├───┤     
q11 : ┤ h ├───────┼────┼────┼────┼────┼──┤ h ├─────
      ├───┤       │    │    │    │    │  ╰───╯╭───╮
q12 : ┤ h ├───────┼────┼────┼────┼────┼────●──┤ h ├
      ├───┤╭───╮╭─┴─╮╭─┴─╮╭─┴─╮╭─┴─╮╭─┴─╮╭─┴─╮╰───╯
q13 : ┤ x ├┤ h ├┤ x ├┤ x ├┤ x ├┤ x ├┤ x ├┤ x ├─────
      ╰───╯╰───╯╰───╯╰───╯╰───╯╰───╯╰───╯╰───╯     

secret bitstring = [1, 1, 1, 0, 0, 0, 0, 0, 0, 1, 1, 0, 1]
measured state = 1110000001101
Were we successful? True
	Command being timed: "python3 bernstein-vazirani.py 13"
	User time (seconds): 0.86
	System time (seconds): 0.49
	Percent of CPU this job got: 88%
	Elapsed (wall clock) time (h:mm:ss or m:ss): 0:01.53
	Average shared text size (kbytes): 0
	Average unshared data size (kbytes): 0
	Average stack size (kbytes): 0
	Average total size (kbytes): 0
	Maximum resident set size (kbytes): 621128
	Average resident set size (kbytes): 0
	Major (requiring I/O) page faults: 0
	Minor (reclaiming a frame) page faults: 43504
	Voluntary context switches: 3374
	Involuntary context switches: 26
	Swaps: 0
	File system inputs: 0
	File system outputs: 16
	Socket messages sent: 0
	Socket messages received: 0
	Signals delivered: 0
	Page size (bytes): 4096
	Exit status: 0
      ╭───╮          ╭───╮                              
 q0 : ┤ h ├───────●──┤ h ├──────────────────────────────
      ├───┤       │  ╰───╯╭───╮                         
 q1 : ┤ h ├───────┼────●──┤ h ├─────────────────────────
      ├───┤       │    │  ├───┤                         
 q2 : ┤ h ├───────┼────┼──┤ h ├─────────────────────────
      ├───┤       │    │  ├───┤                         
 q3 : ┤ h ├───────┼────┼──┤ h ├─────────────────────────
      ├───┤       │    │  ╰───╯╭───╮                    
 q4 : ┤ h ├───────┼────┼────●──┤ h ├────────────────────
      ├───┤       │    │    │  ╰───╯╭───╮               
 q5 : ┤ h ├───────┼────┼────┼────●──┤ h ├───────────────
      ├───┤       │    │    │    │  ├───┤               
 q6 : ┤ h ├───────┼────┼────┼────┼──┤ h ├───────────────
      ├───┤       │    │    │    │  ╰───╯╭───╮          
 q7 : ┤ h ├───────┼────┼────┼────┼────●──┤ h ├──────────
      ├───┤       │    │    │    │    │  ╰───╯╭───╮     
 q8 : ┤ h ├───────┼────┼────┼────┼────┼────●──┤ h ├─────
      ├───┤       │    │    │    │    │    │  ├───┤     
 q9 : ┤ h ├───────┼────┼────┼────┼────┼────┼──┤ h ├─────
      ├───┤       │    │    │    │    │    │  ├───┤     
q10 : ┤ h ├───────┼────┼────┼────┼────┼────┼──┤ h ├─────
      ├───┤       │    │    │    │    │    │  ╰───╯╭───╮
q11 : ┤ h ├───────┼────┼────┼────┼────┼────┼────●──┤ h ├
      ├───┤       │    │    │    │    │    │    │  ├───┤
q12 : ┤ h ├───────┼────┼────┼────┼────┼────┼────┼──┤ h ├
      ├───┤╭───╮╭─┴─╮╭─┴─╮╭─┴─╮╭─┴─╮╭─┴─╮╭─┴─╮╭─┴─╮╰───╯
q13 : ┤ x ├┤ h ├┤ x ├┤ x ├┤ x ├┤ x ├┤ x ├┤ x ├┤ x ├─────
      ╰───╯╰───╯╰───╯╰───╯╰───╯╰───╯╰───╯╰───╯╰───╯     

secret bitstring = [1, 1, 0, 0, 1, 1, 0, 1, 1, 0, 0, 1, 0]
measured state = 1100110110010
Were we successful? True
	Command being timed: "python3 bernstein-vazirani.py 13"
	User time (seconds): 0.88
	System time (seconds): 0.41
	Percent of CPU this job got: 91%
	Elapsed (wall clock) time (h:mm:ss or m:ss): 0:01.42
	Average shared text size (kbytes): 0
	Average unshared data size (kbytes): 0
	Average stack size (kbytes): 0
	Average total size (kbytes): 0
	Maximum resident set size (kbytes): 619008
	Average resident set size (kbytes): 0
	Major (requiring I/O) page faults: 0
	Minor (reclaiming a frame) page faults: 43054
	Voluntary context switches: 1621
	Involuntary context switches: 31
	Swaps: 0
	File system inputs: 0
	File system outputs: 24
	Socket messages sent: 0
	Socket messages received: 0
	Signals delivered: 0
	Page size (bytes): 4096
	Exit status: 0
      ╭───╮          ╭───╮                                             
 q0 : ┤ h ├───────●──┤ h ├─────────────────────────────────────────────
      ├───┤       │  ├───┤                                             
 q1 : ┤ h ├───────┼──┤ h ├─────────────────────────────────────────────
      ├───┤       │  ├───┤                                             
 q2 : ┤ h ├───────┼──┤ h ├─────────────────────────────────────────────
      ├───┤       │  ╰───╯╭───╮                                        
 q3 : ┤ h ├───────┼────●──┤ h ├────────────────────────────────────────
      ├───┤       │    │  ╰───╯╭───╮                                   
 q4 : ┤ h ├───────┼────┼────●──┤ h ├───────────────────────────────────
      ├───┤       │    │    │  ╰───╯╭───╮                              
 q5 : ┤ h ├───────┼────┼────┼────●──┤ h ├──────────────────────────────
      ├───┤       │    │    │    │  ╰───╯╭───╮                         
 q6 : ┤ h ├───────┼────┼────┼────┼────●──┤ h ├─────────────────────────
      ├───┤       │    │    │    │    │  ╰───╯╭───╮                    
 q7 : ┤ h ├───────┼────┼────┼────┼────┼────●──┤ h ├────────────────────
      ├───┤       │    │    │    │    │    │  ╰───╯╭───╮               
 q8 : ┤ h ├───────┼────┼────┼────┼────┼────┼────●──┤ h ├───────────────
      ├───┤       │    │    │    │    │    │    │  ╰───╯╭───╮          
 q9 : ┤ h ├───────┼────┼────┼────┼────┼────┼────┼────●──┤ h ├──────────
      ├───┤       │    │    │    │    │    │    │    │  ╰───╯╭───╮     
q10 : ┤ h ├───────┼────┼────┼────┼────┼────┼────┼────┼────●──┤ h ├─────
      ├───┤       │    │    │    │    │    │    │    │    │  ╰───╯╭───╮
q11 : ┤ h ├───────┼────┼────┼────┼────┼────┼────┼────┼────┼────●──┤ h ├
      ├───┤       │    │    │    │    │    │    │    │    │    │  ├───┤
q12 : ┤ h ├───────┼────┼────┼────┼────┼────┼────┼────┼────┼────┼──┤ h ├
      ├───┤╭───╮╭─┴─╮╭─┴─╮╭─┴─╮╭─┴─╮╭─┴─╮╭─┴─╮╭─┴─╮╭─┴─╮╭─┴─╮╭─┴─╮╰───╯
q13 : ┤ x ├┤ h ├┤ x ├┤ x ├┤ x ├┤ x ├┤ x ├┤ x ├┤ x ├┤ x ├┤ x ├┤ x ├─────
      ╰───╯╰───╯╰───╯╰───╯╰───╯╰───╯╰───╯╰───╯╰───╯╰───╯╰───╯╰───╯     

secret bitstring = [1, 0, 0, 1, 1, 1, 1, 1, 1, 1, 1, 1, 0]
measured state = 1001111111110
Were we successful? True
	Command being timed: "python3 bernstein-vazirani.py 13"
	User time (seconds): 0.88
	System time (seconds): 0.41
	Percent of CPU this job got: 92%
	Elapsed (wall clock) time (h:mm:ss or m:ss): 0:01.41
	Average shared text size (kbytes): 0
	Average unshared data size (kbytes): 0
	Average stack size (kbytes): 0
	Average total size (kbytes): 0
	Maximum resident set size (kbytes): 622732
	Average resident set size (kbytes): 0
	Major (requiring I/O) page faults: 0
	Minor (reclaiming a frame) page faults: 42940
	Voluntary context switches: 1626
	Involuntary context switches: 29
	Swaps: 0
	File system inputs: 0
	File system outputs: 24
	Socket messages sent: 0
	Socket messages received: 0
	Signals delivered: 0
	Page size (bytes): 4096
	Exit status: 0
      ╭───╮          ╭───╮                                        
 q0 : ┤ h ├───────●──┤ h ├────────────────────────────────────────
      ├───┤       │  ╰───╯╭───╮                                   
 q1 : ┤ h ├───────┼────●──┤ h ├───────────────────────────────────
      ├───┤       │    │  ╰───╯╭───╮                              
 q2 : ┤ h ├───────┼────┼────●──┤ h ├──────────────────────────────
      ├───┤       │    │    │  ╰───╯╭───╮                         
 q3 : ┤ h ├───────┼────┼────┼────●──┤ h ├─────────────────────────
      ├───┤       │    │    │    │  ╰───╯╭───╮                    
 q4 : ┤ h ├───────┼────┼────┼────┼────●──┤ h ├────────────────────
      ├───┤       │    │    │    │    │  ├───┤                    
 q5 : ┤ h ├───────┼────┼────┼────┼────┼──┤ h ├────────────────────
      ├───┤       │    │    │    │    │  ├───┤                    
 q6 : ┤ h ├───────┼────┼────┼────┼────┼──┤ h ├────────────────────
      ├───┤       │    │    │    │    │  ╰───╯╭───╮               
 q7 : ┤ h ├───────┼────┼────┼────┼────┼────●──┤ h ├───────────────
      ├───┤       │    │    │    │    │    │  ├───┤               
 q8 : ┤ h ├───────┼────┼────┼────┼────┼────┼──┤ h ├───────────────
      ├───┤       │    │    │    │    │    │  ╰───╯╭───╮          
 q9 : ┤ h ├───────┼────┼────┼────┼────┼────┼────●──┤ h ├──────────
      ├───┤       │    │    │    │    │    │    │  ├───┤          
q10 : ┤ h ├───────┼────┼────┼────┼────┼────┼────┼──┤ h ├──────────
      ├───┤       │    │    │    │    │    │    │  ╰───╯╭───╮     
q11 : ┤ h ├───────┼────┼────┼────┼────┼────┼────┼────●──┤ h ├─────
      ├───┤       │    │    │    │    │    │    │    │  ╰───╯╭───╮
q12 : ┤ h ├───────┼────┼────┼────┼────┼────┼────┼────┼────●──┤ h ├
      ├───┤╭───╮╭─┴─╮╭─┴─╮╭─┴─╮╭─┴─╮╭─┴─╮╭─┴─╮╭─┴─╮╭─┴─╮╭─┴─╮╰───╯
q13 : ┤ x ├┤ h ├┤ x ├┤ x ├┤ x ├┤ x ├┤ x ├┤ x ├┤ x ├┤ x ├┤ x ├─────
      ╰───╯╰───╯╰───╯╰───╯╰───╯╰───╯╰───╯╰───╯╰───╯╰───╯╰───╯     

secret bitstring = [1, 1, 1, 1, 1, 0, 0, 1, 0, 1, 0, 1, 1]
measured state = 1111100101011
Were we successful? True
	Command being timed: "python3 bernstein-vazirani.py 13"
	User time (seconds): 0.87
	System time (seconds): 0.43
	Percent of CPU this job got: 92%
	Elapsed (wall clock) time (h:mm:ss or m:ss): 0:01.41
	Average shared text size (kbytes): 0
	Average unshared data size (kbytes): 0
	Average stack size (kbytes): 0
	Average total size (kbytes): 0
	Maximum resident set size (kbytes): 619536
	Average resident set size (kbytes): 0
	Major (requiring I/O) page faults: 0
	Minor (reclaiming a frame) page faults: 42603
	Voluntary context switches: 1630
	Involuntary context switches: 29
	Swaps: 0
	File system inputs: 0
	File system outputs: 24
	Socket messages sent: 0
	Socket messages received: 0
	Signals delivered: 0
	Page size (bytes): 4096
	Exit status: 0
      ╭───╮╭───╮               
 q0 : ┤ h ├┤ h ├───────────────
      ├───┤├───┤               
 q1 : ┤ h ├┤ h ├───────────────
      ├───┤├───┤               
 q2 : ┤ h ├┤ h ├───────────────
      ├───┤├───┤               
 q3 : ┤ h ├┤ h ├───────────────
      ├───┤├───┤               
 q4 : ┤ h ├┤ h ├───────────────
      ├───┤╰───╯     ╭───╮     
 q5 : ┤ h ├───────●──┤ h ├─────
      ├───┤       │  ├───┤     
 q6 : ┤ h ├───────┼──┤ h ├─────
      ├───┤       │  ├───┤     
 q7 : ┤ h ├───────┼──┤ h ├─────
      ├───┤       │  ├───┤     
 q8 : ┤ h ├───────┼──┤ h ├─────
      ├───┤       │  ├───┤     
 q9 : ┤ h ├───────┼──┤ h ├─────
      ├───┤       │  ╰───╯╭───╮
q10 : ┤ h ├───────┼────●──┤ h ├
      ├───┤       │    │  ├───┤
q11 : ┤ h ├───────┼────┼──┤ h ├
      ├───┤       │    │  ├───┤
q12 : ┤ h ├───────┼────┼──┤ h ├
      ├───┤╭───╮╭─┴─╮╭─┴─╮╰───╯
q13 : ┤ x ├┤ h ├┤ x ├┤ x ├─────
      ╰───╯╰───╯╰───╯╰───╯     

secret bitstring = [0, 0, 0, 0, 0, 1, 0, 0, 0, 0, 1, 0, 0]
measured state = 0000010000100
Were we successful? True
	Command being timed: "python3 bernstein-vazirani.py 13"
	User time (seconds): 0.87
	System time (seconds): 0.42
	Percent of CPU this job got: 92%
	Elapsed (wall clock) time (h:mm:ss or m:ss): 0:01.41
	Average shared text size (kbytes): 0
	Average unshared data size (kbytes): 0
	Average stack size (kbytes): 0
	Average total size (kbytes): 0
	Maximum resident set size (kbytes): 621092
	Average resident set size (kbytes): 0
	Major (requiring I/O) page faults: 0
	Minor (reclaiming a frame) page faults: 42928
	Voluntary context switches: 1626
	Involuntary context switches: 25
	Swaps: 0
	File system inputs: 0
	File system outputs: 24
	Socket messages sent: 0
	Socket messages received: 0
	Signals delivered: 0
	Page size (bytes): 4096
	Exit status: 0
      ╭───╮╭───╮                                        
 q0 : ┤ h ├┤ h ├────────────────────────────────────────
      ├───┤├───┤                                        
 q1 : ┤ h ├┤ h ├────────────────────────────────────────
      ├───┤╰───╯     ╭───╮                              
 q2 : ┤ h ├───────●──┤ h ├──────────────────────────────
      ├───┤       │  ╰───╯╭───╮                         
 q3 : ┤ h ├───────┼────●──┤ h ├─────────────────────────
      ├───┤       │    │  ├───┤                         
 q4 : ┤ h ├───────┼────┼──┤ h ├─────────────────────────
      ├───┤       │    │  ╰───╯╭───╮                    
 q5 : ┤ h ├───────┼────┼────●──┤ h ├────────────────────
      ├───┤       │    │    │  ╰───╯╭───╮               
 q6 : ┤ h ├───────┼────┼────┼────●──┤ h ├───────────────
      ├───┤       │    │    │    │  ╰───╯╭───╮          
 q7 : ┤ h ├───────┼────┼────┼────┼────●──┤ h ├──────────
      ├───┤       │    │    │    │    │  ╰───╯╭───╮     
 q8 : ┤ h ├───────┼────┼────┼────┼────┼────●──┤ h ├─────
      ├───┤       │    │    │    │    │    │  ╰───╯╭───╮
 q9 : ┤ h ├───────┼────┼────┼────┼────┼────┼────●──┤ h ├
      ├───┤       │    │    │    │    │    │    │  ├───┤
q10 : ┤ h ├───────┼────┼────┼────┼────┼────┼────┼──┤ h ├
      ├───┤       │    │    │    │    │    │    │  ├───┤
q11 : ┤ h ├───────┼────┼────┼────┼────┼────┼────┼──┤ h ├
      ├───┤       │    │    │    │    │    │    │  ├───┤
q12 : ┤ h ├───────┼────┼────┼────┼────┼────┼────┼──┤ h ├
      ├───┤╭───╮╭─┴─╮╭─┴─╮╭─┴─╮╭─┴─╮╭─┴─╮╭─┴─╮╭─┴─╮╰───╯
q13 : ┤ x ├┤ h ├┤ x ├┤ x ├┤ x ├┤ x ├┤ x ├┤ x ├┤ x ├─────
      ╰───╯╰───╯╰───╯╰───╯╰───╯╰───╯╰───╯╰───╯╰───╯     

secret bitstring = [0, 0, 1, 1, 0, 1, 1, 1, 1, 1, 0, 0, 0]
measured state = 0011011111000
Were we successful? True
	Command being timed: "python3 bernstein-vazirani.py 13"
	User time (seconds): 0.88
	System time (seconds): 0.42
	Percent of CPU this job got: 91%
	Elapsed (wall clock) time (h:mm:ss or m:ss): 0:01.43
	Average shared text size (kbytes): 0
	Average unshared data size (kbytes): 0
	Average stack size (kbytes): 0
	Average total size (kbytes): 0
	Maximum resident set size (kbytes): 618156
	Average resident set size (kbytes): 0
	Major (requiring I/O) page faults: 0
	Minor (reclaiming a frame) page faults: 42513
	Voluntary context switches: 1628
	Involuntary context switches: 28
	Swaps: 0
	File system inputs: 0
	File system outputs: 24
	Socket messages sent: 0
	Socket messages received: 0
	Signals delivered: 0
	Page size (bytes): 4096
	Exit status: 0
      ╭───╮╭───╮                                   
 q0 : ┤ h ├┤ h ├───────────────────────────────────
      ├───┤╰───╯     ╭───╮                         
 q1 : ┤ h ├───────●──┤ h ├─────────────────────────
      ├───┤       │  ╰───╯╭───╮                    
 q2 : ┤ h ├───────┼────●──┤ h ├────────────────────
      ├───┤       │    │  ├───┤                    
 q3 : ┤ h ├───────┼────┼──┤ h ├────────────────────
      ├───┤       │    │  ╰───╯╭───╮               
 q4 : ┤ h ├───────┼────┼────●──┤ h ├───────────────
      ├───┤       │    │    │  ╰───╯╭───╮          
 q5 : ┤ h ├───────┼────┼────┼────●──┤ h ├──────────
      ├───┤       │    │    │    │  ├───┤          
 q6 : ┤ h ├───────┼────┼────┼────┼──┤ h ├──────────
      ├───┤       │    │    │    │  ├───┤          
 q7 : ┤ h ├───────┼────┼────┼────┼──┤ h ├──────────
      ├───┤       │    │    │    │  ├───┤          
 q8 : ┤ h ├───────┼────┼────┼────┼──┤ h ├──────────
      ├───┤       │    │    │    │  ╰───╯╭───╮     
 q9 : ┤ h ├───────┼────┼────┼────┼────●──┤ h ├─────
      ├───┤       │    │    │    │    │  ├───┤     
q10 : ┤ h ├───────┼────┼────┼────┼────┼──┤ h ├─────
      ├───┤       │    │    │    │    │  ├───┤     
q11 : ┤ h ├───────┼────┼────┼────┼────┼──┤ h ├─────
      ├───┤       │    │    │    │    │  ╰───╯╭───╮
q12 : ┤ h ├───────┼────┼────┼────┼────┼────●──┤ h ├
      ├───┤╭───╮╭─┴─╮╭─┴─╮╭─┴─╮╭─┴─╮╭─┴─╮╭─┴─╮╰───╯
q13 : ┤ x ├┤ h ├┤ x ├┤ x ├┤ x ├┤ x ├┤ x ├┤ x ├─────
      ╰───╯╰───╯╰───╯╰───╯╰───╯╰───╯╰───╯╰───╯     

secret bitstring = [0, 1, 1, 0, 1, 1, 0, 0, 0, 1, 0, 0, 1]
measured state = 0110110001001
Were we successful? True
	Command being timed: "python3 bernstein-vazirani.py 13"
	User time (seconds): 0.88
	System time (seconds): 0.42
	Percent of CPU this job got: 92%
	Elapsed (wall clock) time (h:mm:ss or m:ss): 0:01.41
	Average shared text size (kbytes): 0
	Average unshared data size (kbytes): 0
	Average stack size (kbytes): 0
	Average total size (kbytes): 0
	Maximum resident set size (kbytes): 621224
	Average resident set size (kbytes): 0
	Major (requiring I/O) page faults: 0
	Minor (reclaiming a frame) page faults: 42678
	Voluntary context switches: 1616
	Involuntary context switches: 31
	Swaps: 0
	File system inputs: 0
	File system outputs: 24
	Socket messages sent: 0
	Socket messages received: 0
	Signals delivered: 0
	Page size (bytes): 4096
	Exit status: 0
      ╭───╮          ╭───╮                              
 q0 : ┤ h ├───────●──┤ h ├──────────────────────────────
      ├───┤       │  ╰───╯╭───╮                         
 q1 : ┤ h ├───────┼────●──┤ h ├─────────────────────────
      ├───┤       │    │  ╰───╯╭───╮                    
 q2 : ┤ h ├───────┼────┼────●──┤ h ├────────────────────
      ├───┤       │    │    │  ├───┤                    
 q3 : ┤ h ├───────┼────┼────┼──┤ h ├────────────────────
      ├───┤       │    │    │  ╰───╯╭───╮               
 q4 : ┤ h ├───────┼────┼────┼────●──┤ h ├───────────────
      ├───┤       │    │    │    │  ╰───╯╭───╮          
 q5 : ┤ h ├───────┼────┼────┼────┼────●──┤ h ├──────────
      ├───┤       │    │    │    │    │  ├───┤          
 q6 : ┤ h ├───────┼────┼────┼────┼────┼──┤ h ├──────────
      ├───┤       │    │    │    │    │  ├───┤          
 q7 : ┤ h ├───────┼────┼────┼────┼────┼──┤ h ├──────────
      ├───┤       │    │    │    │    │  ╰───╯╭───╮     
 q8 : ┤ h ├───────┼────┼────┼────┼────┼────●──┤ h ├─────
      ├───┤       │    │    │    │    │    │  ├───┤     
 q9 : ┤ h ├───────┼────┼────┼────┼────┼────┼──┤ h ├─────
      ├───┤       │    │    │    │    │    │  ├───┤     
q10 : ┤ h ├───────┼────┼────┼────┼────┼────┼──┤ h ├─────
      ├───┤       │    │    │    │    │    │  ├───┤     
q11 : ┤ h ├───────┼────┼────┼────┼────┼────┼──┤ h ├─────
      ├───┤       │    │    │    │    │    │  ╰───╯╭───╮
q12 : ┤ h ├───────┼────┼────┼────┼────┼────┼────●──┤ h ├
      ├───┤╭───╮╭─┴─╮╭─┴─╮╭─┴─╮╭─┴─╮╭─┴─╮╭─┴─╮╭─┴─╮╰───╯
q13 : ┤ x ├┤ h ├┤ x ├┤ x ├┤ x ├┤ x ├┤ x ├┤ x ├┤ x ├─────
      ╰───╯╰───╯╰───╯╰───╯╰───╯╰───╯╰───╯╰───╯╰───╯     

secret bitstring = [1, 1, 1, 0, 1, 1, 0, 0, 1, 0, 0, 0, 1]
measured state = 1110110010001
Were we successful? True
	Command being timed: "python3 bernstein-vazirani.py 13"
	User time (seconds): 0.86
	System time (seconds): 0.45
	Percent of CPU this job got: 92%
	Elapsed (wall clock) time (h:mm:ss or m:ss): 0:01.42
	Average shared text size (kbytes): 0
	Average unshared data size (kbytes): 0
	Average stack size (kbytes): 0
	Average total size (kbytes): 0
	Maximum resident set size (kbytes): 619176
	Average resident set size (kbytes): 0
	Major (requiring I/O) page faults: 0
	Minor (reclaiming a frame) page faults: 42930
	Voluntary context switches: 1621
	Involuntary context switches: 30
	Swaps: 0
	File system inputs: 0
	File system outputs: 24
	Socket messages sent: 0
	Socket messages received: 0
	Signals delivered: 0
	Page size (bytes): 4096
	Exit status: 0
      ╭───╮          ╭───╮                              
 q0 : ┤ h ├───────●──┤ h ├──────────────────────────────
      ├───┤       │  ├───┤                              
 q1 : ┤ h ├───────┼──┤ h ├──────────────────────────────
      ├───┤       │  ╰───╯╭───╮                         
 q2 : ┤ h ├───────┼────●──┤ h ├─────────────────────────
      ├───┤       │    │  ╰───╯╭───╮                    
 q3 : ┤ h ├───────┼────┼────●──┤ h ├────────────────────
      ├───┤       │    │    │  ╰───╯╭───╮               
 q4 : ┤ h ├───────┼────┼────┼────●──┤ h ├───────────────
      ├───┤       │    │    │    │  ├───┤               
 q5 : ┤ h ├───────┼────┼────┼────┼──┤ h ├───────────────
      ├───┤       │    │    │    │  ╰───╯╭───╮          
 q6 : ┤ h ├───────┼────┼────┼────┼────●──┤ h ├──────────
      ├───┤       │    │    │    │    │  ├───┤          
 q7 : ┤ h ├───────┼────┼────┼────┼────┼──┤ h ├──────────
      ├───┤       │    │    │    │    │  ├───┤          
 q8 : ┤ h ├───────┼────┼────┼────┼────┼──┤ h ├──────────
      ├───┤       │    │    │    │    │  ├───┤          
 q9 : ┤ h ├───────┼────┼────┼────┼────┼──┤ h ├──────────
      ├───┤       │    │    │    │    │  ╰───╯╭───╮     
q10 : ┤ h ├───────┼────┼────┼────┼────┼────●──┤ h ├─────
      ├───┤       │    │    │    │    │    │  ├───┤     
q11 : ┤ h ├───────┼────┼────┼────┼────┼────┼──┤ h ├─────
      ├───┤       │    │    │    │    │    │  ╰───╯╭───╮
q12 : ┤ h ├───────┼────┼────┼────┼────┼────┼────●──┤ h ├
      ├───┤╭───╮╭─┴─╮╭─┴─╮╭─┴─╮╭─┴─╮╭─┴─╮╭─┴─╮╭─┴─╮╰───╯
q13 : ┤ x ├┤ h ├┤ x ├┤ x ├┤ x ├┤ x ├┤ x ├┤ x ├┤ x ├─────
      ╰───╯╰───╯╰───╯╰───╯╰───╯╰───╯╰───╯╰───╯╰───╯     

secret bitstring = [1, 0, 1, 1, 1, 0, 1, 0, 0, 0, 1, 0, 1]
measured state = 1011101000101
Were we successful? True
	Command being timed: "python3 bernstein-vazirani.py 13"
	User time (seconds): 0.88
	System time (seconds): 0.42
	Percent of CPU this job got: 92%
	Elapsed (wall clock) time (h:mm:ss or m:ss): 0:01.40
	Average shared text size (kbytes): 0
	Average unshared data size (kbytes): 0
	Average stack size (kbytes): 0
	Average total size (kbytes): 0
	Maximum resident set size (kbytes): 617968
	Average resident set size (kbytes): 0
	Major (requiring I/O) page faults: 0
	Minor (reclaiming a frame) page faults: 41825
	Voluntary context switches: 1621
	Involuntary context switches: 30
	Swaps: 0
	File system inputs: 0
	File system outputs: 24
	Socket messages sent: 0
	Socket messages received: 0
	Signals delivered: 0
	Page size (bytes): 4096
	Exit status: 0
      ╭───╮          ╭───╮                         
 q0 : ┤ h ├───────●──┤ h ├─────────────────────────
      ├───┤       │  ╰───╯╭───╮                    
 q1 : ┤ h ├───────┼────●──┤ h ├────────────────────
      ├───┤       │    │  ╰───╯╭───╮               
 q2 : ┤ h ├───────┼────┼────●──┤ h ├───────────────
      ├───┤       │    │    │  ╰───╯╭───╮          
 q3 : ┤ h ├───────┼────┼────┼────●──┤ h ├──────────
      ├───┤       │    │    │    │  ├───┤          
 q4 : ┤ h ├───────┼────┼────┼────┼──┤ h ├──────────
      ├───┤       │    │    │    │  ╰───╯╭───╮     
 q5 : ┤ h ├───────┼────┼────┼────┼────●──┤ h ├─────
      ├───┤       │    │    │    │    │  ├───┤     
 q6 : ┤ h ├───────┼────┼────┼────┼────┼──┤ h ├─────
      ├───┤       │    │    │    │    │  ├───┤     
 q7 : ┤ h ├───────┼────┼────┼────┼────┼──┤ h ├─────
      ├───┤       │    │    │    │    │  ├───┤     
 q8 : ┤ h ├───────┼────┼────┼────┼────┼──┤ h ├─────
      ├───┤       │    │    │    │    │  ├───┤     
 q9 : ┤ h ├───────┼────┼────┼────┼────┼──┤ h ├─────
      ├───┤       │    │    │    │    │  ╰───╯╭───╮
q10 : ┤ h ├───────┼────┼────┼────┼────┼────●──┤ h ├
      ├───┤       │    │    │    │    │    │  ├───┤
q11 : ┤ h ├───────┼────┼────┼────┼────┼────┼──┤ h ├
      ├───┤       │    │    │    │    │    │  ├───┤
q12 : ┤ h ├───────┼────┼────┼────┼────┼────┼──┤ h ├
      ├───┤╭───╮╭─┴─╮╭─┴─╮╭─┴─╮╭─┴─╮╭─┴─╮╭─┴─╮╰───╯
q13 : ┤ x ├┤ h ├┤ x ├┤ x ├┤ x ├┤ x ├┤ x ├┤ x ├─────
      ╰───╯╰───╯╰───╯╰───╯╰───╯╰───╯╰───╯╰───╯     

secret bitstring = [1, 1, 1, 1, 0, 1, 0, 0, 0, 0, 1, 0, 0]
measured state = 1111010000100
Were we successful? True
	Command being timed: "python3 bernstein-vazirani.py 13"
	User time (seconds): 0.90
	System time (seconds): 0.41
	Percent of CPU this job got: 92%
	Elapsed (wall clock) time (h:mm:ss or m:ss): 0:01.42
	Average shared text size (kbytes): 0
	Average unshared data size (kbytes): 0
	Average stack size (kbytes): 0
	Average total size (kbytes): 0
	Maximum resident set size (kbytes): 622724
	Average resident set size (kbytes): 0
	Major (requiring I/O) page faults: 0
	Minor (reclaiming a frame) page faults: 43548
	Voluntary context switches: 1619
	Involuntary context switches: 29
	Swaps: 0
	File system inputs: 0
	File system outputs: 24
	Socket messages sent: 0
	Socket messages received: 0
	Signals delivered: 0
	Page size (bytes): 4096
	Exit status: 0
