WARNING: overwriting environment variables set in the machine
overwriting variable ['LD_LIBRARY_PATH']
      ╭───╮          ╭───╮                              
 q0 : ┤ h ├───────●──┤ h ├──────────────────────────────
      ├───┤       │  ├───┤                              
 q1 : ┤ h ├───────┼──┤ h ├──────────────────────────────
      ├───┤       │  ╰───╯╭───╮                         
 q2 : ┤ h ├───────┼────●──┤ h ├─────────────────────────
      ├───┤       │    │  ╰───╯╭───╮                    
 q3 : ┤ h ├───────┼────┼────●──┤ h ├────────────────────
      ├───┤       │    │    │  ╰───╯╭───╮               
 q4 : ┤ h ├───────┼────┼────┼────●──┤ h ├───────────────
      ├───┤       │    │    │    │  ├───┤               
 q5 : ┤ h ├───────┼────┼────┼────┼──┤ h ├───────────────
      ├───┤       │    │    │    │  ├───┤               
 q6 : ┤ h ├───────┼────┼────┼────┼──┤ h ├───────────────
      ├───┤       │    │    │    │  ╰───╯╭───╮          
 q7 : ┤ h ├───────┼────┼────┼────┼────●──┤ h ├──────────
      ├───┤       │    │    │    │    │  ├───┤          
 q8 : ┤ h ├───────┼────┼────┼────┼────┼──┤ h ├──────────
      ├───┤       │    │    │    │    │  ├───┤          
 q9 : ┤ h ├───────┼────┼────┼────┼────┼──┤ h ├──────────
      ├───┤       │    │    │    │    │  ├───┤          
q10 : ┤ h ├───────┼────┼────┼────┼────┼──┤ h ├──────────
      ├───┤       │    │    │    │    │  ├───┤          
q11 : ┤ h ├───────┼────┼────┼────┼────┼──┤ h ├──────────
      ├───┤       │    │    │    │    │  ╰───╯╭───╮     
q12 : ┤ h ├───────┼────┼────┼────┼────┼────●──┤ h ├─────
      ├───┤       │    │    │    │    │    │  ╰───╯╭───╮
q13 : ┤ h ├───────┼────┼────┼────┼────┼────┼────●──┤ h ├
      ├───┤       │    │    │    │    │    │    │  ├───┤
q14 : ┤ h ├───────┼────┼────┼────┼────┼────┼────┼──┤ h ├
      ├───┤╭───╮╭─┴─╮╭─┴─╮╭─┴─╮╭─┴─╮╭─┴─╮╭─┴─╮╭─┴─╮╰───╯
q15 : ┤ x ├┤ h ├┤ x ├┤ x ├┤ x ├┤ x ├┤ x ├┤ x ├┤ x ├─────
      ╰───╯╰───╯╰───╯╰───╯╰───╯╰───╯╰───╯╰───╯╰───╯     

secret bitstring = [1, 0, 1, 1, 1, 0, 0, 1, 0, 0, 0, 0, 1, 1, 0]
measured state = 101110010000110
Were we successful? True
	Command being timed: "python3 bernstein-vazirani.py 15"
	User time (seconds): 0.89
	System time (seconds): 0.47
	Percent of CPU this job got: 87%
	Elapsed (wall clock) time (h:mm:ss or m:ss): 0:01.56
	Average shared text size (kbytes): 0
	Average unshared data size (kbytes): 0
	Average stack size (kbytes): 0
	Average total size (kbytes): 0
	Maximum resident set size (kbytes): 621020
	Average resident set size (kbytes): 0
	Major (requiring I/O) page faults: 0
	Minor (reclaiming a frame) page faults: 43297
	Voluntary context switches: 3384
	Involuntary context switches: 29
	Swaps: 0
	File system inputs: 0
	File system outputs: 24
	Socket messages sent: 0
	Socket messages received: 0
	Signals delivered: 0
	Page size (bytes): 4096
	Exit status: 0
      ╭───╮          ╭───╮                         
 q0 : ┤ h ├───────●──┤ h ├─────────────────────────
      ├───┤       │  ╰───╯╭───╮                    
 q1 : ┤ h ├───────┼────●──┤ h ├────────────────────
      ├───┤       │    │  ╰───╯╭───╮               
 q2 : ┤ h ├───────┼────┼────●──┤ h ├───────────────
      ├───┤       │    │    │  ├───┤               
 q3 : ┤ h ├───────┼────┼────┼──┤ h ├───────────────
      ├───┤       │    │    │  ├───┤               
 q4 : ┤ h ├───────┼────┼────┼──┤ h ├───────────────
      ├───┤       │    │    │  ├───┤               
 q5 : ┤ h ├───────┼────┼────┼──┤ h ├───────────────
      ├───┤       │    │    │  ╰───╯╭───╮          
 q6 : ┤ h ├───────┼────┼────┼────●──┤ h ├──────────
      ├───┤       │    │    │    │  ╰───╯╭───╮     
 q7 : ┤ h ├───────┼────┼────┼────┼────●──┤ h ├─────
      ├───┤       │    │    │    │    │  ├───┤     
 q8 : ┤ h ├───────┼────┼────┼────┼────┼──┤ h ├─────
      ├───┤       │    │    │    │    │  ├───┤     
 q9 : ┤ h ├───────┼────┼────┼────┼────┼──┤ h ├─────
      ├───┤       │    │    │    │    │  ╰───╯╭───╮
q10 : ┤ h ├───────┼────┼────┼────┼────┼────●──┤ h ├
      ├───┤       │    │    │    │    │    │  ├───┤
q11 : ┤ h ├───────┼────┼────┼────┼────┼────┼──┤ h ├
      ├───┤       │    │    │    │    │    │  ├───┤
q12 : ┤ h ├───────┼────┼────┼────┼────┼────┼──┤ h ├
      ├───┤       │    │    │    │    │    │  ├───┤
q13 : ┤ h ├───────┼────┼────┼────┼────┼────┼──┤ h ├
      ├───┤       │    │    │    │    │    │  ├───┤
q14 : ┤ h ├───────┼────┼────┼────┼────┼────┼──┤ h ├
      ├───┤╭───╮╭─┴─╮╭─┴─╮╭─┴─╮╭─┴─╮╭─┴─╮╭─┴─╮╰───╯
q15 : ┤ x ├┤ h ├┤ x ├┤ x ├┤ x ├┤ x ├┤ x ├┤ x ├─────
      ╰───╯╰───╯╰───╯╰───╯╰───╯╰───╯╰───╯╰───╯     

secret bitstring = [1, 1, 1, 0, 0, 0, 1, 1, 0, 0, 1, 0, 0, 0, 0]
measured state = 111000110010000
Were we successful? True
	Command being timed: "python3 bernstein-vazirani.py 15"
	User time (seconds): 0.87
	System time (seconds): 0.42
	Percent of CPU this job got: 92%
	Elapsed (wall clock) time (h:mm:ss or m:ss): 0:01.41
	Average shared text size (kbytes): 0
	Average unshared data size (kbytes): 0
	Average stack size (kbytes): 0
	Average total size (kbytes): 0
	Maximum resident set size (kbytes): 621652
	Average resident set size (kbytes): 0
	Major (requiring I/O) page faults: 0
	Minor (reclaiming a frame) page faults: 43155
	Voluntary context switches: 1619
	Involuntary context switches: 28
	Swaps: 0
	File system inputs: 0
	File system outputs: 24
	Socket messages sent: 0
	Socket messages received: 0
	Signals delivered: 0
	Page size (bytes): 4096
	Exit status: 0
      ╭───╮╭───╮                         
 q0 : ┤ h ├┤ h ├─────────────────────────
      ├───┤├───┤                         
 q1 : ┤ h ├┤ h ├─────────────────────────
      ├───┤╰───╯     ╭───╮               
 q2 : ┤ h ├───────●──┤ h ├───────────────
      ├───┤       │  ├───┤               
 q3 : ┤ h ├───────┼──┤ h ├───────────────
      ├───┤       │  ├───┤               
 q4 : ┤ h ├───────┼──┤ h ├───────────────
      ├───┤       │  ├───┤               
 q5 : ┤ h ├───────┼──┤ h ├───────────────
      ├───┤       │  ├───┤               
 q6 : ┤ h ├───────┼──┤ h ├───────────────
      ├───┤       │  ├───┤               
 q7 : ┤ h ├───────┼──┤ h ├───────────────
      ├───┤       │  ╰───╯╭───╮          
 q8 : ┤ h ├───────┼────●──┤ h ├──────────
      ├───┤       │    │  ├───┤          
 q9 : ┤ h ├───────┼────┼──┤ h ├──────────
      ├───┤       │    │  ╰───╯╭───╮     
q10 : ┤ h ├───────┼────┼────●──┤ h ├─────
      ├───┤       │    │    │  ╰───╯╭───╮
q11 : ┤ h ├───────┼────┼────┼────●──┤ h ├
      ├───┤       │    │    │    │  ├───┤
q12 : ┤ h ├───────┼────┼────┼────┼──┤ h ├
      ├───┤       │    │    │    │  ├───┤
q13 : ┤ h ├───────┼────┼────┼────┼──┤ h ├
      ├───┤       │    │    │    │  ├───┤
q14 : ┤ h ├───────┼────┼────┼────┼──┤ h ├
      ├───┤╭───╮╭─┴─╮╭─┴─╮╭─┴─╮╭─┴─╮╰───╯
q15 : ┤ x ├┤ h ├┤ x ├┤ x ├┤ x ├┤ x ├─────
      ╰───╯╰───╯╰───╯╰───╯╰───╯╰───╯     

secret bitstring = [0, 0, 1, 0, 0, 0, 0, 0, 1, 0, 1, 1, 0, 0, 0]
measured state = 001000001011000
Were we successful? True
	Command being timed: "python3 bernstein-vazirani.py 15"
	User time (seconds): 0.88
	System time (seconds): 0.42
	Percent of CPU this job got: 93%
	Elapsed (wall clock) time (h:mm:ss or m:ss): 0:01.39
	Average shared text size (kbytes): 0
	Average unshared data size (kbytes): 0
	Average stack size (kbytes): 0
	Average total size (kbytes): 0
	Maximum resident set size (kbytes): 619824
	Average resident set size (kbytes): 0
	Major (requiring I/O) page faults: 0
	Minor (reclaiming a frame) page faults: 43650
	Voluntary context switches: 1616
	Involuntary context switches: 28
	Swaps: 0
	File system inputs: 0
	File system outputs: 16
	Socket messages sent: 0
	Socket messages received: 0
	Signals delivered: 0
	Page size (bytes): 4096
	Exit status: 0
      ╭───╮          ╭───╮                                             
 q0 : ┤ h ├───────●──┤ h ├─────────────────────────────────────────────
      ├───┤       │  ├───┤                                             
 q1 : ┤ h ├───────┼──┤ h ├─────────────────────────────────────────────
      ├───┤       │  ├───┤                                             
 q2 : ┤ h ├───────┼──┤ h ├─────────────────────────────────────────────
      ├───┤       │  ╰───╯╭───╮                                        
 q3 : ┤ h ├───────┼────●──┤ h ├────────────────────────────────────────
      ├───┤       │    │  ╰───╯╭───╮                                   
 q4 : ┤ h ├───────┼────┼────●──┤ h ├───────────────────────────────────
      ├───┤       │    │    │  ╰───╯╭───╮                              
 q5 : ┤ h ├───────┼────┼────┼────●──┤ h ├──────────────────────────────
      ├───┤       │    │    │    │  ├───┤                              
 q6 : ┤ h ├───────┼────┼────┼────┼──┤ h ├──────────────────────────────
      ├───┤       │    │    │    │  ├───┤                              
 q7 : ┤ h ├───────┼────┼────┼────┼──┤ h ├──────────────────────────────
      ├───┤       │    │    │    │  ├───┤                              
 q8 : ┤ h ├───────┼────┼────┼────┼──┤ h ├──────────────────────────────
      ├───┤       │    │    │    │  ╰───╯╭───╮                         
 q9 : ┤ h ├───────┼────┼────┼────┼────●──┤ h ├─────────────────────────
      ├───┤       │    │    │    │    │  ╰───╯╭───╮                    
q10 : ┤ h ├───────┼────┼────┼────┼────┼────●──┤ h ├────────────────────
      ├───┤       │    │    │    │    │    │  ╰───╯╭───╮               
q11 : ┤ h ├───────┼────┼────┼────┼────┼────┼────●──┤ h ├───────────────
      ├───┤       │    │    │    │    │    │    │  ╰───╯╭───╮          
q12 : ┤ h ├───────┼────┼────┼────┼────┼────┼────┼────●──┤ h ├──────────
      ├───┤       │    │    │    │    │    │    │    │  ╰───╯╭───╮     
q13 : ┤ h ├───────┼────┼────┼────┼────┼────┼────┼────┼────●──┤ h ├─────
      ├───┤       │    │    │    │    │    │    │    │    │  ╰───╯╭───╮
q14 : ┤ h ├───────┼────┼────┼────┼────┼────┼────┼────┼────┼────●──┤ h ├
      ├───┤╭───╮╭─┴─╮╭─┴─╮╭─┴─╮╭─┴─╮╭─┴─╮╭─┴─╮╭─┴─╮╭─┴─╮╭─┴─╮╭─┴─╮╰───╯
q15 : ┤ x ├┤ h ├┤ x ├┤ x ├┤ x ├┤ x ├┤ x ├┤ x ├┤ x ├┤ x ├┤ x ├┤ x ├─────
      ╰───╯╰───╯╰───╯╰───╯╰───╯╰───╯╰───╯╰───╯╰───╯╰───╯╰───╯╰───╯     

secret bitstring = [1, 0, 0, 1, 1, 1, 0, 0, 0, 1, 1, 1, 1, 1, 1]
measured state = 100111000111111
Were we successful? True
	Command being timed: "python3 bernstein-vazirani.py 15"
	User time (seconds): 0.88
	System time (seconds): 0.42
	Percent of CPU this job got: 92%
	Elapsed (wall clock) time (h:mm:ss or m:ss): 0:01.40
	Average shared text size (kbytes): 0
	Average unshared data size (kbytes): 0
	Average stack size (kbytes): 0
	Average total size (kbytes): 0
	Maximum resident set size (kbytes): 621960
	Average resident set size (kbytes): 0
	Major (requiring I/O) page faults: 0
	Minor (reclaiming a frame) page faults: 43514
	Voluntary context switches: 1618
	Involuntary context switches: 29
	Swaps: 0
	File system inputs: 0
	File system outputs: 24
	Socket messages sent: 0
	Socket messages received: 0
	Signals delivered: 0
	Page size (bytes): 4096
	Exit status: 0
      ╭───╮          ╭───╮               
 q0 : ┤ h ├───────●──┤ h ├───────────────
      ├───┤       │  ├───┤               
 q1 : ┤ h ├───────┼──┤ h ├───────────────
      ├───┤       │  ├───┤               
 q2 : ┤ h ├───────┼──┤ h ├───────────────
      ├───┤       │  ├───┤               
 q3 : ┤ h ├───────┼──┤ h ├───────────────
      ├───┤       │  ╰───╯╭───╮          
 q4 : ┤ h ├───────┼────●──┤ h ├──────────
      ├───┤       │    │  ├───┤          
 q5 : ┤ h ├───────┼────┼──┤ h ├──────────
      ├───┤       │    │  ├───┤          
 q6 : ┤ h ├───────┼────┼──┤ h ├──────────
      ├───┤       │    │  ├───┤          
 q7 : ┤ h ├───────┼────┼──┤ h ├──────────
      ├───┤       │    │  ├───┤          
 q8 : ┤ h ├───────┼────┼──┤ h ├──────────
      ├───┤       │    │  ├───┤          
 q9 : ┤ h ├───────┼────┼──┤ h ├──────────
      ├───┤       │    │  ╰───╯╭───╮     
q10 : ┤ h ├───────┼────┼────●──┤ h ├─────
      ├───┤       │    │    │  ├───┤     
q11 : ┤ h ├───────┼────┼────┼──┤ h ├─────
      ├───┤       │    │    │  ├───┤     
q12 : ┤ h ├───────┼────┼────┼──┤ h ├─────
      ├───┤       │    │    │  ╰───╯╭───╮
q13 : ┤ h ├───────┼────┼────┼────●──┤ h ├
      ├───┤       │    │    │    │  ├───┤
q14 : ┤ h ├───────┼────┼────┼────┼──┤ h ├
      ├───┤╭───╮╭─┴─╮╭─┴─╮╭─┴─╮╭─┴─╮╰───╯
q15 : ┤ x ├┤ h ├┤ x ├┤ x ├┤ x ├┤ x ├─────
      ╰───╯╰───╯╰───╯╰───╯╰───╯╰───╯     

secret bitstring = [1, 0, 0, 0, 1, 0, 0, 0, 0, 0, 1, 0, 0, 1, 0]
measured state = 100010000010010
Were we successful? True
	Command being timed: "python3 bernstein-vazirani.py 15"
	User time (seconds): 0.88
	System time (seconds): 0.43
	Percent of CPU this job got: 92%
	Elapsed (wall clock) time (h:mm:ss or m:ss): 0:01.43
	Average shared text size (kbytes): 0
	Average unshared data size (kbytes): 0
	Average stack size (kbytes): 0
	Average total size (kbytes): 0
	Maximum resident set size (kbytes): 620196
	Average resident set size (kbytes): 0
	Major (requiring I/O) page faults: 0
	Minor (reclaiming a frame) page faults: 43358
	Voluntary context switches: 1626
	Involuntary context switches: 26
	Swaps: 0
	File system inputs: 0
	File system outputs: 24
	Socket messages sent: 0
	Socket messages received: 0
	Signals delivered: 0
	Page size (bytes): 4096
	Exit status: 0
      ╭───╮╭───╮                              
 q0 : ┤ h ├┤ h ├──────────────────────────────
      ├───┤├───┤                              
 q1 : ┤ h ├┤ h ├──────────────────────────────
      ├───┤╰───╯     ╭───╮                    
 q2 : ┤ h ├───────●──┤ h ├────────────────────
      ├───┤       │  ├───┤                    
 q3 : ┤ h ├───────┼──┤ h ├────────────────────
      ├───┤       │  ├───┤                    
 q4 : ┤ h ├───────┼──┤ h ├────────────────────
      ├───┤       │  ├───┤                    
 q5 : ┤ h ├───────┼──┤ h ├────────────────────
      ├───┤       │  ├───┤                    
 q6 : ┤ h ├───────┼──┤ h ├────────────────────
      ├───┤       │  ╰───╯╭───╮               
 q7 : ┤ h ├───────┼────●──┤ h ├───────────────
      ├───┤       │    │  ╰───╯╭───╮          
 q8 : ┤ h ├───────┼────┼────●──┤ h ├──────────
      ├───┤       │    │    │  ├───┤          
 q9 : ┤ h ├───────┼────┼────┼──┤ h ├──────────
      ├───┤       │    │    │  ╰───╯╭───╮     
q10 : ┤ h ├───────┼────┼────┼────●──┤ h ├─────
      ├───┤       │    │    │    │  ╰───╯╭───╮
q11 : ┤ h ├───────┼────┼────┼────┼────●──┤ h ├
      ├───┤       │    │    │    │    │  ├───┤
q12 : ┤ h ├───────┼────┼────┼────┼────┼──┤ h ├
      ├───┤       │    │    │    │    │  ├───┤
q13 : ┤ h ├───────┼────┼────┼────┼────┼──┤ h ├
      ├───┤       │    │    │    │    │  ├───┤
q14 : ┤ h ├───────┼────┼────┼────┼────┼──┤ h ├
      ├───┤╭───╮╭─┴─╮╭─┴─╮╭─┴─╮╭─┴─╮╭─┴─╮╰───╯
q15 : ┤ x ├┤ h ├┤ x ├┤ x ├┤ x ├┤ x ├┤ x ├─────
      ╰───╯╰───╯╰───╯╰───╯╰───╯╰───╯╰───╯     

secret bitstring = [0, 0, 1, 0, 0, 0, 0, 1, 1, 0, 1, 1, 0, 0, 0]
measured state = 001000011011000
Were we successful? True
	Command being timed: "python3 bernstein-vazirani.py 15"
	User time (seconds): 0.87
	System time (seconds): 0.42
	Percent of CPU this job got: 91%
	Elapsed (wall clock) time (h:mm:ss or m:ss): 0:01.41
	Average shared text size (kbytes): 0
	Average unshared data size (kbytes): 0
	Average stack size (kbytes): 0
	Average total size (kbytes): 0
	Maximum resident set size (kbytes): 619516
	Average resident set size (kbytes): 0
	Major (requiring I/O) page faults: 0
	Minor (reclaiming a frame) page faults: 43141
	Voluntary context switches: 1633
	Involuntary context switches: 26
	Swaps: 0
	File system inputs: 0
	File system outputs: 24
	Socket messages sent: 0
	Socket messages received: 0
	Signals delivered: 0
	Page size (bytes): 4096
	Exit status: 0
      ╭───╮╭───╮                                                       
 q0 : ┤ h ├┤ h ├───────────────────────────────────────────────────────
      ├───┤╰───╯     ╭───╮                                             
 q1 : ┤ h ├───────●──┤ h ├─────────────────────────────────────────────
      ├───┤       │  ╰───╯╭───╮                                        
 q2 : ┤ h ├───────┼────●──┤ h ├────────────────────────────────────────
      ├───┤       │    │  ╰───╯╭───╮                                   
 q3 : ┤ h ├───────┼────┼────●──┤ h ├───────────────────────────────────
      ├───┤       │    │    │  ├───┤                                   
 q4 : ┤ h ├───────┼────┼────┼──┤ h ├───────────────────────────────────
      ├───┤       │    │    │  ╰───╯╭───╮                              
 q5 : ┤ h ├───────┼────┼────┼────●──┤ h ├──────────────────────────────
      ├───┤       │    │    │    │  ╰───╯╭───╮                         
 q6 : ┤ h ├───────┼────┼────┼────┼────●──┤ h ├─────────────────────────
      ├───┤       │    │    │    │    │  ╰───╯╭───╮                    
 q7 : ┤ h ├───────┼────┼────┼────┼────┼────●──┤ h ├────────────────────
      ├───┤       │    │    │    │    │    │  ╰───╯╭───╮               
 q8 : ┤ h ├───────┼────┼────┼────┼────┼────┼────●──┤ h ├───────────────
      ├───┤       │    │    │    │    │    │    │  ╰───╯╭───╮          
 q9 : ┤ h ├───────┼────┼────┼────┼────┼────┼────┼────●──┤ h ├──────────
      ├───┤       │    │    │    │    │    │    │    │  ├───┤          
q10 : ┤ h ├───────┼────┼────┼────┼────┼────┼────┼────┼──┤ h ├──────────
      ├───┤       │    │    │    │    │    │    │    │  ╰───╯╭───╮     
q11 : ┤ h ├───────┼────┼────┼────┼────┼────┼────┼────┼────●──┤ h ├─────
      ├───┤       │    │    │    │    │    │    │    │    │  ╰───╯╭───╮
q12 : ┤ h ├───────┼────┼────┼────┼────┼────┼────┼────┼────┼────●──┤ h ├
      ├───┤       │    │    │    │    │    │    │    │    │    │  ├───┤
q13 : ┤ h ├───────┼────┼────┼────┼────┼────┼────┼────┼────┼────┼──┤ h ├
      ├───┤       │    │    │    │    │    │    │    │    │    │  ├───┤
q14 : ┤ h ├───────┼────┼────┼────┼────┼────┼────┼────┼────┼────┼──┤ h ├
      ├───┤╭───╮╭─┴─╮╭─┴─╮╭─┴─╮╭─┴─╮╭─┴─╮╭─┴─╮╭─┴─╮╭─┴─╮╭─┴─╮╭─┴─╮╰───╯
q15 : ┤ x ├┤ h ├┤ x ├┤ x ├┤ x ├┤ x ├┤ x ├┤ x ├┤ x ├┤ x ├┤ x ├┤ x ├─────
      ╰───╯╰───╯╰───╯╰───╯╰───╯╰───╯╰───╯╰───╯╰───╯╰───╯╰───╯╰───╯     

secret bitstring = [0, 1, 1, 1, 0, 1, 1, 1, 1, 1, 0, 1, 1, 0, 0]
measured state = 011101111101100
Were we successful? True
	Command being timed: "python3 bernstein-vazirani.py 15"
	User time (seconds): 0.88
	System time (seconds): 0.41
	Percent of CPU this job got: 92%
	Elapsed (wall clock) time (h:mm:ss or m:ss): 0:01.41
	Average shared text size (kbytes): 0
	Average unshared data size (kbytes): 0
	Average stack size (kbytes): 0
	Average total size (kbytes): 0
	Maximum resident set size (kbytes): 622824
	Average resident set size (kbytes): 0
	Major (requiring I/O) page faults: 0
	Minor (reclaiming a frame) page faults: 43393
	Voluntary context switches: 1633
	Involuntary context switches: 31
	Swaps: 0
	File system inputs: 0
	File system outputs: 24
	Socket messages sent: 0
	Socket messages received: 0
	Signals delivered: 0
	Page size (bytes): 4096
	Exit status: 0
      ╭───╮          ╭───╮                                             
 q0 : ┤ h ├───────●──┤ h ├─────────────────────────────────────────────
      ├───┤       │  ╰───╯╭───╮                                        
 q1 : ┤ h ├───────┼────●──┤ h ├────────────────────────────────────────
      ├───┤       │    │  ╰───╯╭───╮                                   
 q2 : ┤ h ├───────┼────┼────●──┤ h ├───────────────────────────────────
      ├───┤       │    │    │  ╰───╯╭───╮                              
 q3 : ┤ h ├───────┼────┼────┼────●──┤ h ├──────────────────────────────
      ├───┤       │    │    │    │  ╰───╯╭───╮                         
 q4 : ┤ h ├───────┼────┼────┼────┼────●──┤ h ├─────────────────────────
      ├───┤       │    │    │    │    │  ╰───╯╭───╮                    
 q5 : ┤ h ├───────┼────┼────┼────┼────┼────●──┤ h ├────────────────────
      ├───┤       │    │    │    │    │    │  ├───┤                    
 q6 : ┤ h ├───────┼────┼────┼────┼────┼────┼──┤ h ├────────────────────
      ├───┤       │    │    │    │    │    │  ├───┤                    
 q7 : ┤ h ├───────┼────┼────┼────┼────┼────┼──┤ h ├────────────────────
      ├───┤       │    │    │    │    │    │  ├───┤                    
 q8 : ┤ h ├───────┼────┼────┼────┼────┼────┼──┤ h ├────────────────────
      ├───┤       │    │    │    │    │    │  ╰───╯╭───╮               
 q9 : ┤ h ├───────┼────┼────┼────┼────┼────┼────●──┤ h ├───────────────
      ├───┤       │    │    │    │    │    │    │  ╰───╯╭───╮          
q10 : ┤ h ├───────┼────┼────┼────┼────┼────┼────┼────●──┤ h ├──────────
      ├───┤       │    │    │    │    │    │    │    │  ╰───╯╭───╮     
q11 : ┤ h ├───────┼────┼────┼────┼────┼────┼────┼────┼────●──┤ h ├─────
      ├───┤       │    │    │    │    │    │    │    │    │  ╰───╯╭───╮
q12 : ┤ h ├───────┼────┼────┼────┼────┼────┼────┼────┼────┼────●──┤ h ├
      ├───┤       │    │    │    │    │    │    │    │    │    │  ├───┤
q13 : ┤ h ├───────┼────┼────┼────┼────┼────┼────┼────┼────┼────┼──┤ h ├
      ├───┤       │    │    │    │    │    │    │    │    │    │  ├───┤
q14 : ┤ h ├───────┼────┼────┼────┼────┼────┼────┼────┼────┼────┼──┤ h ├
      ├───┤╭───╮╭─┴─╮╭─┴─╮╭─┴─╮╭─┴─╮╭─┴─╮╭─┴─╮╭─┴─╮╭─┴─╮╭─┴─╮╭─┴─╮╰───╯
q15 : ┤ x ├┤ h ├┤ x ├┤ x ├┤ x ├┤ x ├┤ x ├┤ x ├┤ x ├┤ x ├┤ x ├┤ x ├─────
      ╰───╯╰───╯╰───╯╰───╯╰───╯╰───╯╰───╯╰───╯╰───╯╰───╯╰───╯╰───╯     

secret bitstring = [1, 1, 1, 1, 1, 1, 0, 0, 0, 1, 1, 1, 1, 0, 0]
measured state = 111111000111100
Were we successful? True
	Command being timed: "python3 bernstein-vazirani.py 15"
	User time (seconds): 0.88
	System time (seconds): 0.42
	Percent of CPU this job got: 92%
	Elapsed (wall clock) time (h:mm:ss or m:ss): 0:01.40
	Average shared text size (kbytes): 0
	Average unshared data size (kbytes): 0
	Average stack size (kbytes): 0
	Average total size (kbytes): 0
	Maximum resident set size (kbytes): 621628
	Average resident set size (kbytes): 0
	Major (requiring I/O) page faults: 0
	Minor (reclaiming a frame) page faults: 42920
	Voluntary context switches: 1623
	Involuntary context switches: 25
	Swaps: 0
	File system inputs: 0
	File system outputs: 32
	Socket messages sent: 0
	Socket messages received: 0
	Signals delivered: 0
	Page size (bytes): 4096
	Exit status: 0
      ╭───╮          ╭───╮                    
 q0 : ┤ h ├───────●──┤ h ├────────────────────
      ├───┤       │  ╰───╯╭───╮               
 q1 : ┤ h ├───────┼────●──┤ h ├───────────────
      ├───┤       │    │  ├───┤               
 q2 : ┤ h ├───────┼────┼──┤ h ├───────────────
      ├───┤       │    │  ╰───╯╭───╮          
 q3 : ┤ h ├───────┼────┼────●──┤ h ├──────────
      ├───┤       │    │    │  ├───┤          
 q4 : ┤ h ├───────┼────┼────┼──┤ h ├──────────
      ├───┤       │    │    │  ╰───╯╭───╮     
 q5 : ┤ h ├───────┼────┼────┼────●──┤ h ├─────
      ├───┤       │    │    │    │  ├───┤     
 q6 : ┤ h ├───────┼────┼────┼────┼──┤ h ├─────
      ├───┤       │    │    │    │  ├───┤     
 q7 : ┤ h ├───────┼────┼────┼────┼──┤ h ├─────
      ├───┤       │    │    │    │  ├───┤     
 q8 : ┤ h ├───────┼────┼────┼────┼──┤ h ├─────
      ├───┤       │    │    │    │  ├───┤     
 q9 : ┤ h ├───────┼────┼────┼────┼──┤ h ├─────
      ├───┤       │    │    │    │  ├───┤     
q10 : ┤ h ├───────┼────┼────┼────┼──┤ h ├─────
      ├───┤       │    │    │    │  ├───┤     
q11 : ┤ h ├───────┼────┼────┼────┼──┤ h ├─────
      ├───┤       │    │    │    │  ╰───╯╭───╮
q12 : ┤ h ├───────┼────┼────┼────┼────●──┤ h ├
      ├───┤       │    │    │    │    │  ├───┤
q13 : ┤ h ├───────┼────┼────┼────┼────┼──┤ h ├
      ├───┤       │    │    │    │    │  ├───┤
q14 : ┤ h ├───────┼────┼────┼────┼────┼──┤ h ├
      ├───┤╭───╮╭─┴─╮╭─┴─╮╭─┴─╮╭─┴─╮╭─┴─╮╰───╯
q15 : ┤ x ├┤ h ├┤ x ├┤ x ├┤ x ├┤ x ├┤ x ├─────
      ╰───╯╰───╯╰───╯╰───╯╰───╯╰───╯╰───╯     

secret bitstring = [1, 1, 0, 1, 0, 1, 0, 0, 0, 0, 0, 0, 1, 0, 0]
measured state = 110101000000100
Were we successful? True
	Command being timed: "python3 bernstein-vazirani.py 15"
	User time (seconds): 0.87
	System time (seconds): 0.42
	Percent of CPU this job got: 92%
	Elapsed (wall clock) time (h:mm:ss or m:ss): 0:01.40
	Average shared text size (kbytes): 0
	Average unshared data size (kbytes): 0
	Average stack size (kbytes): 0
	Average total size (kbytes): 0
	Maximum resident set size (kbytes): 620108
	Average resident set size (kbytes): 0
	Major (requiring I/O) page faults: 0
	Minor (reclaiming a frame) page faults: 43621
	Voluntary context switches: 1619
	Involuntary context switches: 27
	Swaps: 0
	File system inputs: 0
	File system outputs: 24
	Socket messages sent: 0
	Socket messages received: 0
	Signals delivered: 0
	Page size (bytes): 4096
	Exit status: 0
      ╭───╮╭───╮                                        
 q0 : ┤ h ├┤ h ├────────────────────────────────────────
      ├───┤╰───╯     ╭───╮                              
 q1 : ┤ h ├───────●──┤ h ├──────────────────────────────
      ├───┤       │  ╰───╯╭───╮                         
 q2 : ┤ h ├───────┼────●──┤ h ├─────────────────────────
      ├───┤       │    │  ├───┤                         
 q3 : ┤ h ├───────┼────┼──┤ h ├─────────────────────────
      ├───┤       │    │  ╰───╯╭───╮                    
 q4 : ┤ h ├───────┼────┼────●──┤ h ├────────────────────
      ├───┤       │    │    │  ╰───╯╭───╮               
 q5 : ┤ h ├───────┼────┼────┼────●──┤ h ├───────────────
      ├───┤       │    │    │    │  ├───┤               
 q6 : ┤ h ├───────┼────┼────┼────┼──┤ h ├───────────────
      ├───┤       │    │    │    │  ├───┤               
 q7 : ┤ h ├───────┼────┼────┼────┼──┤ h ├───────────────
      ├───┤       │    │    │    │  ╰───╯╭───╮          
 q8 : ┤ h ├───────┼────┼────┼────┼────●──┤ h ├──────────
      ├───┤       │    │    │    │    │  ├───┤          
 q9 : ┤ h ├───────┼────┼────┼────┼────┼──┤ h ├──────────
      ├───┤       │    │    │    │    │  ├───┤          
q10 : ┤ h ├───────┼────┼────┼────┼────┼──┤ h ├──────────
      ├───┤       │    │    │    │    │  ╰───╯╭───╮     
q11 : ┤ h ├───────┼────┼────┼────┼────┼────●──┤ h ├─────
      ├───┤       │    │    │    │    │    │  ╰───╯╭───╮
q12 : ┤ h ├───────┼────┼────┼────┼────┼────┼────●──┤ h ├
      ├───┤       │    │    │    │    │    │    │  ├───┤
q13 : ┤ h ├───────┼────┼────┼────┼────┼────┼────┼──┤ h ├
      ├───┤       │    │    │    │    │    │    │  ├───┤
q14 : ┤ h ├───────┼────┼────┼────┼────┼────┼────┼──┤ h ├
      ├───┤╭───╮╭─┴─╮╭─┴─╮╭─┴─╮╭─┴─╮╭─┴─╮╭─┴─╮╭─┴─╮╰───╯
q15 : ┤ x ├┤ h ├┤ x ├┤ x ├┤ x ├┤ x ├┤ x ├┤ x ├┤ x ├─────
      ╰───╯╰───╯╰───╯╰───╯╰───╯╰───╯╰───╯╰───╯╰───╯     

secret bitstring = [0, 1, 1, 0, 1, 1, 0, 0, 1, 0, 0, 1, 1, 0, 0]
measured state = 011011001001100
Were we successful? True
	Command being timed: "python3 bernstein-vazirani.py 15"
	User time (seconds): 0.87
	System time (seconds): 0.42
	Percent of CPU this job got: 93%
	Elapsed (wall clock) time (h:mm:ss or m:ss): 0:01.38
	Average shared text size (kbytes): 0
	Average unshared data size (kbytes): 0
	Average stack size (kbytes): 0
	Average total size (kbytes): 0
	Maximum resident set size (kbytes): 618472
	Average resident set size (kbytes): 0
	Major (requiring I/O) page faults: 0
	Minor (reclaiming a frame) page faults: 42887
	Voluntary context switches: 1610
	Involuntary context switches: 29
	Swaps: 0
	File system inputs: 0
	File system outputs: 24
	Socket messages sent: 0
	Socket messages received: 0
	Signals delivered: 0
	Page size (bytes): 4096
	Exit status: 0
