WARNING: overwriting environment variables set in the machine
overwriting variable ['LD_LIBRARY_PATH']
      ╭───╮╭───╮                                                            »
 q0 : ┤ h ├┤ h ├────────────────────────────────────────────────────────────»
      ├───┤├───┤                                                            »
 q1 : ┤ h ├┤ h ├────────────────────────────────────────────────────────────»
      ├───┤╰───╯     ╭───╮                                                  »
 q2 : ┤ h ├───────●──┤ h ├──────────────────────────────────────────────────»
      ├───┤       │  ├───┤                                                  »
 q3 : ┤ h ├───────┼──┤ h ├──────────────────────────────────────────────────»
      ├───┤       │  ╰───╯╭───╮                                             »
 q4 : ┤ h ├───────┼────●──┤ h ├─────────────────────────────────────────────»
      ├───┤       │    │  ╰───╯╭───╮                                        »
 q5 : ┤ h ├───────┼────┼────●──┤ h ├────────────────────────────────────────»
      ├───┤       │    │    │  ├───┤                                        »
 q6 : ┤ h ├───────┼────┼────┼──┤ h ├────────────────────────────────────────»
      ├───┤       │    │    │  ╰───╯╭───╮                                   »
 q7 : ┤ h ├───────┼────┼────┼────●──┤ h ├───────────────────────────────────»
      ├───┤       │    │    │    │  ╰───╯╭───╮                              »
 q8 : ┤ h ├───────┼────┼────┼────┼────●──┤ h ├──────────────────────────────»
      ├───┤       │    │    │    │    │  ├───┤                              »
 q9 : ┤ h ├───────┼────┼────┼────┼────┼──┤ h ├──────────────────────────────»
      ├───┤       │    │    │    │    │  ╰───╯╭───╮                         »
q10 : ┤ h ├───────┼────┼────┼────┼────┼────●──┤ h ├─────────────────────────»
      ├───┤       │    │    │    │    │    │  ├───┤                         »
q11 : ┤ h ├───────┼────┼────┼────┼────┼────┼──┤ h ├─────────────────────────»
      ├───┤       │    │    │    │    │    │  ╰───╯╭───╮                    »
q12 : ┤ h ├───────┼────┼────┼────┼────┼────┼────●──┤ h ├────────────────────»
      ├───┤       │    │    │    │    │    │    │  ╰───╯╭───╮               »
q13 : ┤ h ├───────┼────┼────┼────┼────┼────┼────┼────●──┤ h ├───────────────»
      ├───┤       │    │    │    │    │    │    │    │  ╰───╯╭───╮          »
q14 : ┤ h ├───────┼────┼────┼────┼────┼────┼────┼────┼────●──┤ h ├──────────»
      ├───┤       │    │    │    │    │    │    │    │    │  ╰───╯╭───╮     »
q15 : ┤ h ├───────┼────┼────┼────┼────┼────┼────┼────┼────┼────●──┤ h ├─────»
      ├───┤       │    │    │    │    │    │    │    │    │    │  ╰───╯╭───╮»
q16 : ┤ h ├───────┼────┼────┼────┼────┼────┼────┼────┼────┼────┼────●──┤ h ├»
      ├───┤       │    │    │    │    │    │    │    │    │    │    │  ├───┤»
q17 : ┤ h ├───────┼────┼────┼────┼────┼────┼────┼────┼────┼────┼────┼──┤ h ├»
      ├───┤       │    │    │    │    │    │    │    │    │    │    │  ├───┤»
q18 : ┤ h ├───────┼────┼────┼────┼────┼────┼────┼────┼────┼────┼────┼──┤ h ├»
      ├───┤       │    │    │    │    │    │    │    │    │    │    │  ╰───╯»
q19 : ┤ h ├───────┼────┼────┼────┼────┼────┼────┼────┼────┼────┼────┼────●──»
      ├───┤       │    │    │    │    │    │    │    │    │    │    │    │  »
q20 : ┤ h ├───────┼────┼────┼────┼────┼────┼────┼────┼────┼────┼────┼────┼──»
      ├───┤       │    │    │    │    │    │    │    │    │    │    │    │  »
q21 : ┤ h ├───────┼────┼────┼────┼────┼────┼────┼────┼────┼────┼────┼────┼──»
      ├───┤       │    │    │    │    │    │    │    │    │    │    │    │  »
q22 : ┤ h ├───────┼────┼────┼────┼────┼────┼────┼────┼────┼────┼────┼────┼──»
      ├───┤╭───╮╭─┴─╮╭─┴─╮╭─┴─╮╭─┴─╮╭─┴─╮╭─┴─╮╭─┴─╮╭─┴─╮╭─┴─╮╭─┴─╮╭─┴─╮╭─┴─╮»
q23 : ┤ x ├┤ h ├┤ x ├┤ x ├┤ x ├┤ x ├┤ x ├┤ x ├┤ x ├┤ x ├┤ x ├┤ x ├┤ x ├┤ x ├»
      ╰───╯╰───╯╰───╯╰───╯╰───╯╰───╯╰───╯╰───╯╰───╯╰───╯╰───╯╰───╯╰───╯╰───╯»

################################################################################

          
──────────
          
──────────
          
──────────
          
──────────
          
──────────
          
──────────
          
──────────
          
──────────
          
──────────
          
──────────
          
──────────
          
──────────
          
──────────
          
──────────
          
──────────
          
──────────
          
──────────
          
──────────
          
──────────
╭───╮     
┤ h ├─────
╰───╯╭───╮
──●──┤ h ├
  │  ├───┤
──┼──┤ h ├
  │  ├───┤
──┼──┤ h ├
╭─┴─╮╰───╯
┤ x ├─────
╰───╯     

secret bitstring = [0, 0, 1, 0, 1, 1, 0, 1, 1, 0, 1, 0, 1, 1, 1, 1, 1, 0, 0, 1, 1, 0, 0]
measured state = 00101101101011111001100
Were we successful? True
	Command being timed: "python3 bernstein-vazirani.py 23"
	User time (seconds): 0.89
	System time (seconds): 0.53
	Percent of CPU this job got: 80%
	Elapsed (wall clock) time (h:mm:ss or m:ss): 0:01.77
	Average shared text size (kbytes): 0
	Average unshared data size (kbytes): 0
	Average stack size (kbytes): 0
	Average total size (kbytes): 0
	Maximum resident set size (kbytes): 618668
	Average resident set size (kbytes): 0
	Major (requiring I/O) page faults: 4
	Minor (reclaiming a frame) page faults: 43099
	Voluntary context switches: 2985
	Involuntary context switches: 26
	Swaps: 0
	File system inputs: 0
	File system outputs: 32
	Socket messages sent: 0
	Socket messages received: 0
	Signals delivered: 0
	Page size (bytes): 4096
	Exit status: 0
      ╭───╮╭───╮                                                            »
 q0 : ┤ h ├┤ h ├────────────────────────────────────────────────────────────»
      ├───┤╰───╯     ╭───╮                                                  »
 q1 : ┤ h ├───────●──┤ h ├──────────────────────────────────────────────────»
      ├───┤       │  ├───┤                                                  »
 q2 : ┤ h ├───────┼──┤ h ├──────────────────────────────────────────────────»
      ├───┤       │  ├───┤                                                  »
 q3 : ┤ h ├───────┼──┤ h ├──────────────────────────────────────────────────»
      ├───┤       │  ╰───╯╭───╮                                             »
 q4 : ┤ h ├───────┼────●──┤ h ├─────────────────────────────────────────────»
      ├───┤       │    │  ╰───╯╭───╮                                        »
 q5 : ┤ h ├───────┼────┼────●──┤ h ├────────────────────────────────────────»
      ├───┤       │    │    │  ╰───╯╭───╮                                   »
 q6 : ┤ h ├───────┼────┼────┼────●──┤ h ├───────────────────────────────────»
      ├───┤       │    │    │    │  ╰───╯╭───╮                              »
 q7 : ┤ h ├───────┼────┼────┼────┼────●──┤ h ├──────────────────────────────»
      ├───┤       │    │    │    │    │  ├───┤                              »
 q8 : ┤ h ├───────┼────┼────┼────┼────┼──┤ h ├──────────────────────────────»
      ├───┤       │    │    │    │    │  ├───┤                              »
 q9 : ┤ h ├───────┼────┼────┼────┼────┼──┤ h ├──────────────────────────────»
      ├───┤       │    │    │    │    │  ╰───╯╭───╮                         »
q10 : ┤ h ├───────┼────┼────┼────┼────┼────●──┤ h ├─────────────────────────»
      ├───┤       │    │    │    │    │    │  ├───┤                         »
q11 : ┤ h ├───────┼────┼────┼────┼────┼────┼──┤ h ├─────────────────────────»
      ├───┤       │    │    │    │    │    │  ╰───╯╭───╮                    »
q12 : ┤ h ├───────┼────┼────┼────┼────┼────┼────●──┤ h ├────────────────────»
      ├───┤       │    │    │    │    │    │    │  ├───┤                    »
q13 : ┤ h ├───────┼────┼────┼────┼────┼────┼────┼──┤ h ├────────────────────»
      ├───┤       │    │    │    │    │    │    │  ╰───╯╭───╮               »
q14 : ┤ h ├───────┼────┼────┼────┼────┼────┼────┼────●──┤ h ├───────────────»
      ├───┤       │    │    │    │    │    │    │    │  ╰───╯╭───╮          »
q15 : ┤ h ├───────┼────┼────┼────┼────┼────┼────┼────┼────●──┤ h ├──────────»
      ├───┤       │    │    │    │    │    │    │    │    │  ╰───╯╭───╮     »
q16 : ┤ h ├───────┼────┼────┼────┼────┼────┼────┼────┼────┼────●──┤ h ├─────»
      ├───┤       │    │    │    │    │    │    │    │    │    │  ├───┤     »
q17 : ┤ h ├───────┼────┼────┼────┼────┼────┼────┼────┼────┼────┼──┤ h ├─────»
      ├───┤       │    │    │    │    │    │    │    │    │    │  ╰───╯╭───╮»
q18 : ┤ h ├───────┼────┼────┼────┼────┼────┼────┼────┼────┼────┼────●──┤ h ├»
      ├───┤       │    │    │    │    │    │    │    │    │    │    │  ╰───╯»
q19 : ┤ h ├───────┼────┼────┼────┼────┼────┼────┼────┼────┼────┼────┼────●──»
      ├───┤       │    │    │    │    │    │    │    │    │    │    │    │  »
q20 : ┤ h ├───────┼────┼────┼────┼────┼────┼────┼────┼────┼────┼────┼────┼──»
      ├───┤       │    │    │    │    │    │    │    │    │    │    │    │  »
q21 : ┤ h ├───────┼────┼────┼────┼────┼────┼────┼────┼────┼────┼────┼────┼──»
      ├───┤       │    │    │    │    │    │    │    │    │    │    │    │  »
q22 : ┤ h ├───────┼────┼────┼────┼────┼────┼────┼────┼────┼────┼────┼────┼──»
      ├───┤╭───╮╭─┴─╮╭─┴─╮╭─┴─╮╭─┴─╮╭─┴─╮╭─┴─╮╭─┴─╮╭─┴─╮╭─┴─╮╭─┴─╮╭─┴─╮╭─┴─╮»
q23 : ┤ x ├┤ h ├┤ x ├┤ x ├┤ x ├┤ x ├┤ x ├┤ x ├┤ x ├┤ x ├┤ x ├┤ x ├┤ x ├┤ x ├»
      ╰───╯╰───╯╰───╯╰───╯╰───╯╰───╯╰───╯╰───╯╰───╯╰───╯╰───╯╰───╯╰───╯╰───╯»

################################################################################

          
──────────
          
──────────
          
──────────
          
──────────
          
──────────
          
──────────
          
──────────
          
──────────
          
──────────
          
──────────
          
──────────
          
──────────
          
──────────
          
──────────
          
──────────
          
──────────
          
──────────
          
──────────
          
──────────
╭───╮     
┤ h ├─────
├───┤     
┤ h ├─────
╰───╯╭───╮
──●──┤ h ├
  │  ├───┤
──┼──┤ h ├
╭─┴─╮╰───╯
┤ x ├─────
╰───╯     

secret bitstring = [0, 1, 0, 0, 1, 1, 1, 1, 0, 0, 1, 0, 1, 0, 1, 1, 1, 0, 1, 1, 0, 1, 0]
measured state = 01001111001010111011010
Were we successful? True
	Command being timed: "python3 bernstein-vazirani.py 23"
	User time (seconds): 0.87
	System time (seconds): 0.48
	Percent of CPU this job got: 87%
	Elapsed (wall clock) time (h:mm:ss or m:ss): 0:01.56
	Average shared text size (kbytes): 0
	Average unshared data size (kbytes): 0
	Average stack size (kbytes): 0
	Average total size (kbytes): 0
	Maximum resident set size (kbytes): 622004
	Average resident set size (kbytes): 0
	Major (requiring I/O) page faults: 0
	Minor (reclaiming a frame) page faults: 43121
	Voluntary context switches: 1758
	Involuntary context switches: 30
	Swaps: 0
	File system inputs: 0
	File system outputs: 32
	Socket messages sent: 0
	Socket messages received: 0
	Signals delivered: 0
	Page size (bytes): 4096
	Exit status: 0
      ╭───╮          ╭───╮                                                  »
 q0 : ┤ h ├───────●──┤ h ├──────────────────────────────────────────────────»
      ├───┤       │  ╰───╯╭───╮                                             »
 q1 : ┤ h ├───────┼────●──┤ h ├─────────────────────────────────────────────»
      ├───┤       │    │  ├───┤                                             »
 q2 : ┤ h ├───────┼────┼──┤ h ├─────────────────────────────────────────────»
      ├───┤       │    │  ╰───╯╭───╮                                        »
 q3 : ┤ h ├───────┼────┼────●──┤ h ├────────────────────────────────────────»
      ├───┤       │    │    │  ├───┤                                        »
 q4 : ┤ h ├───────┼────┼────┼──┤ h ├────────────────────────────────────────»
      ├───┤       │    │    │  ╰───╯╭───╮                                   »
 q5 : ┤ h ├───────┼────┼────┼────●──┤ h ├───────────────────────────────────»
      ├───┤       │    │    │    │  ├───┤                                   »
 q6 : ┤ h ├───────┼────┼────┼────┼──┤ h ├───────────────────────────────────»
      ├───┤       │    │    │    │  ╰───╯╭───╮                              »
 q7 : ┤ h ├───────┼────┼────┼────┼────●──┤ h ├──────────────────────────────»
      ├───┤       │    │    │    │    │  ├───┤                              »
 q8 : ┤ h ├───────┼────┼────┼────┼────┼──┤ h ├──────────────────────────────»
      ├───┤       │    │    │    │    │  ├───┤                              »
 q9 : ┤ h ├───────┼────┼────┼────┼────┼──┤ h ├──────────────────────────────»
      ├───┤       │    │    │    │    │  ├───┤                              »
q10 : ┤ h ├───────┼────┼────┼────┼────┼──┤ h ├──────────────────────────────»
      ├───┤       │    │    │    │    │  ├───┤                              »
q11 : ┤ h ├───────┼────┼────┼────┼────┼──┤ h ├──────────────────────────────»
      ├───┤       │    │    │    │    │  ╰───╯╭───╮                         »
q12 : ┤ h ├───────┼────┼────┼────┼────┼────●──┤ h ├─────────────────────────»
      ├───┤       │    │    │    │    │    │  ╰───╯╭───╮                    »
q13 : ┤ h ├───────┼────┼────┼────┼────┼────┼────●──┤ h ├────────────────────»
      ├───┤       │    │    │    │    │    │    │  ├───┤                    »
q14 : ┤ h ├───────┼────┼────┼────┼────┼────┼────┼──┤ h ├────────────────────»
      ├───┤       │    │    │    │    │    │    │  ╰───╯╭───╮               »
q15 : ┤ h ├───────┼────┼────┼────┼────┼────┼────┼────●──┤ h ├───────────────»
      ├───┤       │    │    │    │    │    │    │    │  ╰───╯╭───╮          »
q16 : ┤ h ├───────┼────┼────┼────┼────┼────┼────┼────┼────●──┤ h ├──────────»
      ├───┤       │    │    │    │    │    │    │    │    │  ╰───╯╭───╮     »
q17 : ┤ h ├───────┼────┼────┼────┼────┼────┼────┼────┼────┼────●──┤ h ├─────»
      ├───┤       │    │    │    │    │    │    │    │    │    │  ├───┤     »
q18 : ┤ h ├───────┼────┼────┼────┼────┼────┼────┼────┼────┼────┼──┤ h ├─────»
      ├───┤       │    │    │    │    │    │    │    │    │    │  ╰───╯╭───╮»
q19 : ┤ h ├───────┼────┼────┼────┼────┼────┼────┼────┼────┼────┼────●──┤ h ├»
      ├───┤       │    │    │    │    │    │    │    │    │    │    │  ╰───╯»
q20 : ┤ h ├───────┼────┼────┼────┼────┼────┼────┼────┼────┼────┼────┼────●──»
      ├───┤       │    │    │    │    │    │    │    │    │    │    │    │  »
q21 : ┤ h ├───────┼────┼────┼────┼────┼────┼────┼────┼────┼────┼────┼────┼──»
      ├───┤       │    │    │    │    │    │    │    │    │    │    │    │  »
q22 : ┤ h ├───────┼────┼────┼────┼────┼────┼────┼────┼────┼────┼────┼────┼──»
      ├───┤╭───╮╭─┴─╮╭─┴─╮╭─┴─╮╭─┴─╮╭─┴─╮╭─┴─╮╭─┴─╮╭─┴─╮╭─┴─╮╭─┴─╮╭─┴─╮╭─┴─╮»
q23 : ┤ x ├┤ h ├┤ x ├┤ x ├┤ x ├┤ x ├┤ x ├┤ x ├┤ x ├┤ x ├┤ x ├┤ x ├┤ x ├┤ x ├»
      ╰───╯╰───╯╰───╯╰───╯╰───╯╰───╯╰───╯╰───╯╰───╯╰───╯╰───╯╰───╯╰───╯╰───╯»

################################################################################

               
───────────────
               
───────────────
               
───────────────
               
───────────────
               
───────────────
               
───────────────
               
───────────────
               
───────────────
               
───────────────
               
───────────────
               
───────────────
               
───────────────
               
───────────────
               
───────────────
               
───────────────
               
───────────────
               
───────────────
               
───────────────
               
───────────────
               
───────────────
╭───╮          
┤ h ├──────────
╰───╯╭───╮     
──●──┤ h ├─────
  │  ╰───╯╭───╮
──┼────●──┤ h ├
╭─┴─╮╭─┴─╮╰───╯
┤ x ├┤ x ├─────
╰───╯╰───╯     

secret bitstring = [1, 1, 0, 1, 0, 1, 0, 1, 0, 0, 0, 0, 1, 1, 0, 1, 1, 1, 0, 1, 1, 1, 1]
measured state = 11010101000011011101111
Were we successful? True
	Command being timed: "python3 bernstein-vazirani.py 23"
	User time (seconds): 0.84
	System time (seconds): 0.53
	Percent of CPU this job got: 88%
	Elapsed (wall clock) time (h:mm:ss or m:ss): 0:01.56
	Average shared text size (kbytes): 0
	Average unshared data size (kbytes): 0
	Average stack size (kbytes): 0
	Average total size (kbytes): 0
	Maximum resident set size (kbytes): 620096
	Average resident set size (kbytes): 0
	Major (requiring I/O) page faults: 0
	Minor (reclaiming a frame) page faults: 42259
	Voluntary context switches: 1764
	Involuntary context switches: 32
	Swaps: 0
	File system inputs: 0
	File system outputs: 40
	Socket messages sent: 0
	Socket messages received: 0
	Signals delivered: 0
	Page size (bytes): 4096
	Exit status: 0
      ╭───╮          ╭───╮                                                  
 q0 : ┤ h ├───────●──┤ h ├──────────────────────────────────────────────────
      ├───┤       │  ╰───╯╭───╮                                             
 q1 : ┤ h ├───────┼────●──┤ h ├─────────────────────────────────────────────
      ├───┤       │    │  ├───┤                                             
 q2 : ┤ h ├───────┼────┼──┤ h ├─────────────────────────────────────────────
      ├───┤       │    │  ╰───╯╭───╮                                        
 q3 : ┤ h ├───────┼────┼────●──┤ h ├────────────────────────────────────────
      ├───┤       │    │    │  ├───┤                                        
 q4 : ┤ h ├───────┼────┼────┼──┤ h ├────────────────────────────────────────
      ├───┤       │    │    │  ├───┤                                        
 q5 : ┤ h ├───────┼────┼────┼──┤ h ├────────────────────────────────────────
      ├───┤       │    │    │  ├───┤                                        
 q6 : ┤ h ├───────┼────┼────┼──┤ h ├────────────────────────────────────────
      ├───┤       │    │    │  ╰───╯╭───╮                                   
 q7 : ┤ h ├───────┼────┼────┼────●──┤ h ├───────────────────────────────────
      ├───┤       │    │    │    │  ├───┤                                   
 q8 : ┤ h ├───────┼────┼────┼────┼──┤ h ├───────────────────────────────────
      ├───┤       │    │    │    │  ╰───╯╭───╮                              
 q9 : ┤ h ├───────┼────┼────┼────┼────●──┤ h ├──────────────────────────────
      ├───┤       │    │    │    │    │  ├───┤                              
q10 : ┤ h ├───────┼────┼────┼────┼────┼──┤ h ├──────────────────────────────
      ├───┤       │    │    │    │    │  ╰───╯╭───╮                         
q11 : ┤ h ├───────┼────┼────┼────┼────┼────●──┤ h ├─────────────────────────
      ├───┤       │    │    │    │    │    │  ├───┤                         
q12 : ┤ h ├───────┼────┼────┼────┼────┼────┼──┤ h ├─────────────────────────
      ├───┤       │    │    │    │    │    │  ├───┤                         
q13 : ┤ h ├───────┼────┼────┼────┼────┼────┼──┤ h ├─────────────────────────
      ├───┤       │    │    │    │    │    │  ╰───╯╭───╮                    
q14 : ┤ h ├───────┼────┼────┼────┼────┼────┼────●──┤ h ├────────────────────
      ├───┤       │    │    │    │    │    │    │  ├───┤                    
q15 : ┤ h ├───────┼────┼────┼────┼────┼────┼────┼──┤ h ├────────────────────
      ├───┤       │    │    │    │    │    │    │  ╰───╯╭───╮               
q16 : ┤ h ├───────┼────┼────┼────┼────┼────┼────┼────●──┤ h ├───────────────
      ├───┤       │    │    │    │    │    │    │    │  ╰───╯╭───╮          
q17 : ┤ h ├───────┼────┼────┼────┼────┼────┼────┼────┼────●──┤ h ├──────────
      ├───┤       │    │    │    │    │    │    │    │    │  ╰───╯╭───╮     
q18 : ┤ h ├───────┼────┼────┼────┼────┼────┼────┼────┼────┼────●──┤ h ├─────
      ├───┤       │    │    │    │    │    │    │    │    │    │  ├───┤     
q19 : ┤ h ├───────┼────┼────┼────┼────┼────┼────┼────┼────┼────┼──┤ h ├─────
      ├───┤       │    │    │    │    │    │    │    │    │    │  ├───┤     
q20 : ┤ h ├───────┼────┼────┼────┼────┼────┼────┼────┼────┼────┼──┤ h ├─────
      ├───┤       │    │    │    │    │    │    │    │    │    │  ╰───╯╭───╮
q21 : ┤ h ├───────┼────┼────┼────┼────┼────┼────┼────┼────┼────┼────●──┤ h ├
      ├───┤       │    │    │    │    │    │    │    │    │    │    │  ├───┤
q22 : ┤ h ├───────┼────┼────┼────┼────┼────┼────┼────┼────┼────┼────┼──┤ h ├
      ├───┤╭───╮╭─┴─╮╭─┴─╮╭─┴─╮╭─┴─╮╭─┴─╮╭─┴─╮╭─┴─╮╭─┴─╮╭─┴─╮╭─┴─╮╭─┴─╮╰───╯
q23 : ┤ x ├┤ h ├┤ x ├┤ x ├┤ x ├┤ x ├┤ x ├┤ x ├┤ x ├┤ x ├┤ x ├┤ x ├┤ x ├─────
      ╰───╯╰───╯╰───╯╰───╯╰───╯╰───╯╰───╯╰───╯╰───╯╰───╯╰───╯╰───╯╰───╯     

secret bitstring = [1, 1, 0, 1, 0, 0, 0, 1, 0, 1, 0, 1, 0, 0, 1, 0, 1, 1, 1, 0, 0, 1, 0]
measured state = 11010001010100101110010
Were we successful? True
	Command being timed: "python3 bernstein-vazirani.py 23"
	User time (seconds): 0.87
	System time (seconds): 0.47
	Percent of CPU this job got: 86%
	Elapsed (wall clock) time (h:mm:ss or m:ss): 0:01.56
	Average shared text size (kbytes): 0
	Average unshared data size (kbytes): 0
	Average stack size (kbytes): 0
	Average total size (kbytes): 0
	Maximum resident set size (kbytes): 622396
	Average resident set size (kbytes): 0
	Major (requiring I/O) page faults: 0
	Minor (reclaiming a frame) page faults: 42968
	Voluntary context switches: 1760
	Involuntary context switches: 29
	Swaps: 0
	File system inputs: 0
	File system outputs: 32
	Socket messages sent: 0
	Socket messages received: 0
	Signals delivered: 0
	Page size (bytes): 4096
	Exit status: 0
      ╭───╮          ╭───╮                                                  »
 q0 : ┤ h ├───────●──┤ h ├──────────────────────────────────────────────────»
      ├───┤       │  ├───┤                                                  »
 q1 : ┤ h ├───────┼──┤ h ├──────────────────────────────────────────────────»
      ├───┤       │  ╰───╯╭───╮                                             »
 q2 : ┤ h ├───────┼────●──┤ h ├─────────────────────────────────────────────»
      ├───┤       │    │  ╰───╯╭───╮                                        »
 q3 : ┤ h ├───────┼────┼────●──┤ h ├────────────────────────────────────────»
      ├───┤       │    │    │  ╰───╯╭───╮                                   »
 q4 : ┤ h ├───────┼────┼────┼────●──┤ h ├───────────────────────────────────»
      ├───┤       │    │    │    │  ├───┤                                   »
 q5 : ┤ h ├───────┼────┼────┼────┼──┤ h ├───────────────────────────────────»
      ├───┤       │    │    │    │  ╰───╯╭───╮                              »
 q6 : ┤ h ├───────┼────┼────┼────┼────●──┤ h ├──────────────────────────────»
      ├───┤       │    │    │    │    │  ╰───╯╭───╮                         »
 q7 : ┤ h ├───────┼────┼────┼────┼────┼────●──┤ h ├─────────────────────────»
      ├───┤       │    │    │    │    │    │  ╰───╯╭───╮                    »
 q8 : ┤ h ├───────┼────┼────┼────┼────┼────┼────●──┤ h ├────────────────────»
      ├───┤       │    │    │    │    │    │    │  ╰───╯╭───╮               »
 q9 : ┤ h ├───────┼────┼────┼────┼────┼────┼────┼────●──┤ h ├───────────────»
      ├───┤       │    │    │    │    │    │    │    │  ├───┤               »
q10 : ┤ h ├───────┼────┼────┼────┼────┼────┼────┼────┼──┤ h ├───────────────»
      ├───┤       │    │    │    │    │    │    │    │  ├───┤               »
q11 : ┤ h ├───────┼────┼────┼────┼────┼────┼────┼────┼──┤ h ├───────────────»
      ├───┤       │    │    │    │    │    │    │    │  ├───┤               »
q12 : ┤ h ├───────┼────┼────┼────┼────┼────┼────┼────┼──┤ h ├───────────────»
      ├───┤       │    │    │    │    │    │    │    │  ╰───╯╭───╮          »
q13 : ┤ h ├───────┼────┼────┼────┼────┼────┼────┼────┼────●──┤ h ├──────────»
      ├───┤       │    │    │    │    │    │    │    │    │  ╰───╯╭───╮     »
q14 : ┤ h ├───────┼────┼────┼────┼────┼────┼────┼────┼────┼────●──┤ h ├─────»
      ├───┤       │    │    │    │    │    │    │    │    │    │  ╰───╯╭───╮»
q15 : ┤ h ├───────┼────┼────┼────┼────┼────┼────┼────┼────┼────┼────●──┤ h ├»
      ├───┤       │    │    │    │    │    │    │    │    │    │    │  ├───┤»
q16 : ┤ h ├───────┼────┼────┼────┼────┼────┼────┼────┼────┼────┼────┼──┤ h ├»
      ├───┤       │    │    │    │    │    │    │    │    │    │    │  ╰───╯»
q17 : ┤ h ├───────┼────┼────┼────┼────┼────┼────┼────┼────┼────┼────┼────●──»
      ├───┤       │    │    │    │    │    │    │    │    │    │    │    │  »
q18 : ┤ h ├───────┼────┼────┼────┼────┼────┼────┼────┼────┼────┼────┼────┼──»
      ├───┤       │    │    │    │    │    │    │    │    │    │    │    │  »
q19 : ┤ h ├───────┼────┼────┼────┼────┼────┼────┼────┼────┼────┼────┼────┼──»
      ├───┤       │    │    │    │    │    │    │    │    │    │    │    │  »
q20 : ┤ h ├───────┼────┼────┼────┼────┼────┼────┼────┼────┼────┼────┼────┼──»
      ├───┤       │    │    │    │    │    │    │    │    │    │    │    │  »
q21 : ┤ h ├───────┼────┼────┼────┼────┼────┼────┼────┼────┼────┼────┼────┼──»
      ├───┤       │    │    │    │    │    │    │    │    │    │    │    │  »
q22 : ┤ h ├───────┼────┼────┼────┼────┼────┼────┼────┼────┼────┼────┼────┼──»
      ├───┤╭───╮╭─┴─╮╭─┴─╮╭─┴─╮╭─┴─╮╭─┴─╮╭─┴─╮╭─┴─╮╭─┴─╮╭─┴─╮╭─┴─╮╭─┴─╮╭─┴─╮»
q23 : ┤ x ├┤ h ├┤ x ├┤ x ├┤ x ├┤ x ├┤ x ├┤ x ├┤ x ├┤ x ├┤ x ├┤ x ├┤ x ├┤ x ├»
      ╰───╯╰───╯╰───╯╰───╯╰───╯╰───╯╰───╯╰───╯╰───╯╰───╯╰───╯╰───╯╰───╯╰───╯»

################################################################################

                    
────────────────────
                    
────────────────────
                    
────────────────────
                    
────────────────────
                    
────────────────────
                    
────────────────────
                    
────────────────────
                    
────────────────────
                    
────────────────────
                    
────────────────────
                    
────────────────────
                    
────────────────────
                    
────────────────────
                    
────────────────────
                    
────────────────────
                    
────────────────────
                    
────────────────────
╭───╮               
┤ h ├───────────────
├───┤               
┤ h ├───────────────
╰───╯╭───╮          
──●──┤ h ├──────────
  │  ╰───╯╭───╮     
──┼────●──┤ h ├─────
  │    │  ├───┤     
──┼────┼──┤ h ├─────
  │    │  ╰───╯╭───╮
──┼────┼────●──┤ h ├
╭─┴─╮╭─┴─╮╭─┴─╮╰───╯
┤ x ├┤ x ├┤ x ├─────
╰───╯╰───╯╰───╯     

secret bitstring = [1, 0, 1, 1, 1, 0, 1, 1, 1, 1, 0, 0, 0, 1, 1, 1, 0, 1, 0, 1, 1, 0, 1]
measured state = 10111011110001110101101
Were we successful? True
	Command being timed: "python3 bernstein-vazirani.py 23"
	User time (seconds): 0.87
	System time (seconds): 0.48
	Percent of CPU this job got: 86%
	Elapsed (wall clock) time (h:mm:ss or m:ss): 0:01.57
	Average shared text size (kbytes): 0
	Average unshared data size (kbytes): 0
	Average stack size (kbytes): 0
	Average total size (kbytes): 0
	Maximum resident set size (kbytes): 619056
	Average resident set size (kbytes): 0
	Major (requiring I/O) page faults: 0
	Minor (reclaiming a frame) page faults: 43016
	Voluntary context switches: 1736
	Involuntary context switches: 28
	Swaps: 0
	File system inputs: 0
	File system outputs: 40
	Socket messages sent: 0
	Socket messages received: 0
	Signals delivered: 0
	Page size (bytes): 4096
	Exit status: 0
      ╭───╮╭───╮                                                            »
 q0 : ┤ h ├┤ h ├────────────────────────────────────────────────────────────»
      ├───┤├───┤                                                            »
 q1 : ┤ h ├┤ h ├────────────────────────────────────────────────────────────»
      ├───┤╰───╯     ╭───╮                                                  »
 q2 : ┤ h ├───────●──┤ h ├──────────────────────────────────────────────────»
      ├───┤       │  ╰───╯╭───╮                                             »
 q3 : ┤ h ├───────┼────●──┤ h ├─────────────────────────────────────────────»
      ├───┤       │    │  ╰───╯╭───╮                                        »
 q4 : ┤ h ├───────┼────┼────●──┤ h ├────────────────────────────────────────»
      ├───┤       │    │    │  ╰───╯╭───╮                                   »
 q5 : ┤ h ├───────┼────┼────┼────●──┤ h ├───────────────────────────────────»
      ├───┤       │    │    │    │  ╰───╯╭───╮                              »
 q6 : ┤ h ├───────┼────┼────┼────┼────●──┤ h ├──────────────────────────────»
      ├───┤       │    │    │    │    │  ╰───╯╭───╮                         »
 q7 : ┤ h ├───────┼────┼────┼────┼────┼────●──┤ h ├─────────────────────────»
      ├───┤       │    │    │    │    │    │  ├───┤                         »
 q8 : ┤ h ├───────┼────┼────┼────┼────┼────┼──┤ h ├─────────────────────────»
      ├───┤       │    │    │    │    │    │  ╰───╯╭───╮                    »
 q9 : ┤ h ├───────┼────┼────┼────┼────┼────┼────●──┤ h ├────────────────────»
      ├───┤       │    │    │    │    │    │    │  ╰───╯╭───╮               »
q10 : ┤ h ├───────┼────┼────┼────┼────┼────┼────┼────●──┤ h ├───────────────»
      ├───┤       │    │    │    │    │    │    │    │  ╰───╯╭───╮          »
q11 : ┤ h ├───────┼────┼────┼────┼────┼────┼────┼────┼────●──┤ h ├──────────»
      ├───┤       │    │    │    │    │    │    │    │    │  ├───┤          »
q12 : ┤ h ├───────┼────┼────┼────┼────┼────┼────┼────┼────┼──┤ h ├──────────»
      ├───┤       │    │    │    │    │    │    │    │    │  ├───┤          »
q13 : ┤ h ├───────┼────┼────┼────┼────┼────┼────┼────┼────┼──┤ h ├──────────»
      ├───┤       │    │    │    │    │    │    │    │    │  ╰───╯╭───╮     »
q14 : ┤ h ├───────┼────┼────┼────┼────┼────┼────┼────┼────┼────●──┤ h ├─────»
      ├───┤       │    │    │    │    │    │    │    │    │    │  ╰───╯╭───╮»
q15 : ┤ h ├───────┼────┼────┼────┼────┼────┼────┼────┼────┼────┼────●──┤ h ├»
      ├───┤       │    │    │    │    │    │    │    │    │    │    │  ╰───╯»
q16 : ┤ h ├───────┼────┼────┼────┼────┼────┼────┼────┼────┼────┼────┼────●──»
      ├───┤       │    │    │    │    │    │    │    │    │    │    │    │  »
q17 : ┤ h ├───────┼────┼────┼────┼────┼────┼────┼────┼────┼────┼────┼────┼──»
      ├───┤       │    │    │    │    │    │    │    │    │    │    │    │  »
q18 : ┤ h ├───────┼────┼────┼────┼────┼────┼────┼────┼────┼────┼────┼────┼──»
      ├───┤       │    │    │    │    │    │    │    │    │    │    │    │  »
q19 : ┤ h ├───────┼────┼────┼────┼────┼────┼────┼────┼────┼────┼────┼────┼──»
      ├───┤       │    │    │    │    │    │    │    │    │    │    │    │  »
q20 : ┤ h ├───────┼────┼────┼────┼────┼────┼────┼────┼────┼────┼────┼────┼──»
      ├───┤       │    │    │    │    │    │    │    │    │    │    │    │  »
q21 : ┤ h ├───────┼────┼────┼────┼────┼────┼────┼────┼────┼────┼────┼────┼──»
      ├───┤       │    │    │    │    │    │    │    │    │    │    │    │  »
q22 : ┤ h ├───────┼────┼────┼────┼────┼────┼────┼────┼────┼────┼────┼────┼──»
      ├───┤╭───╮╭─┴─╮╭─┴─╮╭─┴─╮╭─┴─╮╭─┴─╮╭─┴─╮╭─┴─╮╭─┴─╮╭─┴─╮╭─┴─╮╭─┴─╮╭─┴─╮»
q23 : ┤ x ├┤ h ├┤ x ├┤ x ├┤ x ├┤ x ├┤ x ├┤ x ├┤ x ├┤ x ├┤ x ├┤ x ├┤ x ├┤ x ├»
      ╰───╯╰───╯╰───╯╰───╯╰───╯╰───╯╰───╯╰───╯╰───╯╰───╯╰───╯╰───╯╰───╯╰───╯»

################################################################################

               
───────────────
               
───────────────
               
───────────────
               
───────────────
               
───────────────
               
───────────────
               
───────────────
               
───────────────
               
───────────────
               
───────────────
               
───────────────
               
───────────────
               
───────────────
               
───────────────
               
───────────────
               
───────────────
╭───╮          
┤ h ├──────────
├───┤          
┤ h ├──────────
├───┤          
┤ h ├──────────
╰───╯╭───╮     
──●──┤ h ├─────
  │  ├───┤     
──┼──┤ h ├─────
  │  ╰───╯╭───╮
──┼────●──┤ h ├
  │    │  ├───┤
──┼────┼──┤ h ├
╭─┴─╮╭─┴─╮╰───╯
┤ x ├┤ x ├─────
╰───╯╰───╯     

secret bitstring = [0, 0, 1, 1, 1, 1, 1, 1, 0, 1, 1, 1, 0, 0, 1, 1, 1, 0, 0, 1, 0, 1, 0]
measured state = 00111111011100111001010
Were we successful? True
	Command being timed: "python3 bernstein-vazirani.py 23"
	User time (seconds): 0.89
	System time (seconds): 0.46
	Percent of CPU this job got: 87%
	Elapsed (wall clock) time (h:mm:ss or m:ss): 0:01.55
	Average shared text size (kbytes): 0
	Average unshared data size (kbytes): 0
	Average stack size (kbytes): 0
	Average total size (kbytes): 0
	Maximum resident set size (kbytes): 618308
	Average resident set size (kbytes): 0
	Major (requiring I/O) page faults: 0
	Minor (reclaiming a frame) page faults: 42942
	Voluntary context switches: 1755
	Involuntary context switches: 29
	Swaps: 0
	File system inputs: 0
	File system outputs: 32
	Socket messages sent: 0
	Socket messages received: 0
	Signals delivered: 0
	Page size (bytes): 4096
	Exit status: 0
      ╭───╮╭───╮                                                            »
 q0 : ┤ h ├┤ h ├────────────────────────────────────────────────────────────»
      ├───┤╰───╯     ╭───╮                                                  »
 q1 : ┤ h ├───────●──┤ h ├──────────────────────────────────────────────────»
      ├───┤       │  ├───┤                                                  »
 q2 : ┤ h ├───────┼──┤ h ├──────────────────────────────────────────────────»
      ├───┤       │  ├───┤                                                  »
 q3 : ┤ h ├───────┼──┤ h ├──────────────────────────────────────────────────»
      ├───┤       │  ├───┤                                                  »
 q4 : ┤ h ├───────┼──┤ h ├──────────────────────────────────────────────────»
      ├───┤       │  ╰───╯╭───╮                                             »
 q5 : ┤ h ├───────┼────●──┤ h ├─────────────────────────────────────────────»
      ├───┤       │    │  ╰───╯╭───╮                                        »
 q6 : ┤ h ├───────┼────┼────●──┤ h ├────────────────────────────────────────»
      ├───┤       │    │    │  ╰───╯╭───╮                                   »
 q7 : ┤ h ├───────┼────┼────┼────●──┤ h ├───────────────────────────────────»
      ├───┤       │    │    │    │  ├───┤                                   »
 q8 : ┤ h ├───────┼────┼────┼────┼──┤ h ├───────────────────────────────────»
      ├───┤       │    │    │    │  ├───┤                                   »
 q9 : ┤ h ├───────┼────┼────┼────┼──┤ h ├───────────────────────────────────»
      ├───┤       │    │    │    │  ├───┤                                   »
q10 : ┤ h ├───────┼────┼────┼────┼──┤ h ├───────────────────────────────────»
      ├───┤       │    │    │    │  ╰───╯╭───╮                              »
q11 : ┤ h ├───────┼────┼────┼────┼────●──┤ h ├──────────────────────────────»
      ├───┤       │    │    │    │    │  ╰───╯╭───╮                         »
q12 : ┤ h ├───────┼────┼────┼────┼────┼────●──┤ h ├─────────────────────────»
      ├───┤       │    │    │    │    │    │  ╰───╯╭───╮                    »
q13 : ┤ h ├───────┼────┼────┼────┼────┼────┼────●──┤ h ├────────────────────»
      ├───┤       │    │    │    │    │    │    │  ├───┤                    »
q14 : ┤ h ├───────┼────┼────┼────┼────┼────┼────┼──┤ h ├────────────────────»
      ├───┤       │    │    │    │    │    │    │  ╰───╯╭───╮               »
q15 : ┤ h ├───────┼────┼────┼────┼────┼────┼────┼────●──┤ h ├───────────────»
      ├───┤       │    │    │    │    │    │    │    │  ╰───╯╭───╮          »
q16 : ┤ h ├───────┼────┼────┼────┼────┼────┼────┼────┼────●──┤ h ├──────────»
      ├───┤       │    │    │    │    │    │    │    │    │  ├───┤          »
q17 : ┤ h ├───────┼────┼────┼────┼────┼────┼────┼────┼────┼──┤ h ├──────────»
      ├───┤       │    │    │    │    │    │    │    │    │  ╰───╯╭───╮     »
q18 : ┤ h ├───────┼────┼────┼────┼────┼────┼────┼────┼────┼────●──┤ h ├─────»
      ├───┤       │    │    │    │    │    │    │    │    │    │  ├───┤     »
q19 : ┤ h ├───────┼────┼────┼────┼────┼────┼────┼────┼────┼────┼──┤ h ├─────»
      ├───┤       │    │    │    │    │    │    │    │    │    │  ├───┤     »
q20 : ┤ h ├───────┼────┼────┼────┼────┼────┼────┼────┼────┼────┼──┤ h ├─────»
      ├───┤       │    │    │    │    │    │    │    │    │    │  ╰───╯╭───╮»
q21 : ┤ h ├───────┼────┼────┼────┼────┼────┼────┼────┼────┼────┼────●──┤ h ├»
      ├───┤       │    │    │    │    │    │    │    │    │    │    │  ╰───╯»
q22 : ┤ h ├───────┼────┼────┼────┼────┼────┼────┼────┼────┼────┼────┼────●──»
      ├───┤╭───╮╭─┴─╮╭─┴─╮╭─┴─╮╭─┴─╮╭─┴─╮╭─┴─╮╭─┴─╮╭─┴─╮╭─┴─╮╭─┴─╮╭─┴─╮╭─┴─╮»
q23 : ┤ x ├┤ h ├┤ x ├┤ x ├┤ x ├┤ x ├┤ x ├┤ x ├┤ x ├┤ x ├┤ x ├┤ x ├┤ x ├┤ x ├»
      ╰───╯╰───╯╰───╯╰───╯╰───╯╰───╯╰───╯╰───╯╰───╯╰───╯╰───╯╰───╯╰───╯╰───╯»

################################################################################

     
─────
     
─────
     
─────
     
─────
     
─────
     
─────
     
─────
     
─────
     
─────
     
─────
     
─────
     
─────
     
─────
     
─────
     
─────
     
─────
     
─────
     
─────
     
─────
     
─────
     
─────
     
─────
╭───╮
┤ h ├
╰───╯
─────
     

secret bitstring = [0, 1, 0, 0, 0, 1, 1, 1, 0, 0, 0, 1, 1, 1, 0, 1, 1, 0, 1, 0, 0, 1, 1]
measured state = 01000111000111011010011
Were we successful? True
	Command being timed: "python3 bernstein-vazirani.py 23"
	User time (seconds): 0.88
	System time (seconds): 0.48
	Percent of CPU this job got: 85%
	Elapsed (wall clock) time (h:mm:ss or m:ss): 0:01.59
	Average shared text size (kbytes): 0
	Average unshared data size (kbytes): 0
	Average stack size (kbytes): 0
	Average total size (kbytes): 0
	Maximum resident set size (kbytes): 622888
	Average resident set size (kbytes): 0
	Major (requiring I/O) page faults: 0
	Minor (reclaiming a frame) page faults: 43506
	Voluntary context switches: 1750
	Involuntary context switches: 32
	Swaps: 0
	File system inputs: 0
	File system outputs: 40
	Socket messages sent: 0
	Socket messages received: 0
	Signals delivered: 0
	Page size (bytes): 4096
	Exit status: 0
      ╭───╮          ╭───╮                                                  
 q0 : ┤ h ├───────●──┤ h ├──────────────────────────────────────────────────
      ├───┤       │  ╰───╯╭───╮                                             
 q1 : ┤ h ├───────┼────●──┤ h ├─────────────────────────────────────────────
      ├───┤       │    │  ├───┤                                             
 q2 : ┤ h ├───────┼────┼──┤ h ├─────────────────────────────────────────────
      ├───┤       │    │  ├───┤                                             
 q3 : ┤ h ├───────┼────┼──┤ h ├─────────────────────────────────────────────
      ├───┤       │    │  ├───┤                                             
 q4 : ┤ h ├───────┼────┼──┤ h ├─────────────────────────────────────────────
      ├───┤       │    │  ├───┤                                             
 q5 : ┤ h ├───────┼────┼──┤ h ├─────────────────────────────────────────────
      ├───┤       │    │  ╰───╯╭───╮                                        
 q6 : ┤ h ├───────┼────┼────●──┤ h ├────────────────────────────────────────
      ├───┤       │    │    │  ╰───╯╭───╮                                   
 q7 : ┤ h ├───────┼────┼────┼────●──┤ h ├───────────────────────────────────
      ├───┤       │    │    │    │  ╰───╯╭───╮                              
 q8 : ┤ h ├───────┼────┼────┼────┼────●──┤ h ├──────────────────────────────
      ├───┤       │    │    │    │    │  ├───┤                              
 q9 : ┤ h ├───────┼────┼────┼────┼────┼──┤ h ├──────────────────────────────
      ├───┤       │    │    │    │    │  ╰───╯╭───╮                         
q10 : ┤ h ├───────┼────┼────┼────┼────┼────●──┤ h ├─────────────────────────
      ├───┤       │    │    │    │    │    │  ╰───╯╭───╮                    
q11 : ┤ h ├───────┼────┼────┼────┼────┼────┼────●──┤ h ├────────────────────
      ├───┤       │    │    │    │    │    │    │  ├───┤                    
q12 : ┤ h ├───────┼────┼────┼────┼────┼────┼────┼──┤ h ├────────────────────
      ├───┤       │    │    │    │    │    │    │  ╰───╯╭───╮               
q13 : ┤ h ├───────┼────┼────┼────┼────┼────┼────┼────●──┤ h ├───────────────
      ├───┤       │    │    │    │    │    │    │    │  ╰───╯╭───╮          
q14 : ┤ h ├───────┼────┼────┼────┼────┼────┼────┼────┼────●──┤ h ├──────────
      ├───┤       │    │    │    │    │    │    │    │    │  ╰───╯╭───╮     
q15 : ┤ h ├───────┼────┼────┼────┼────┼────┼────┼────┼────┼────●──┤ h ├─────
      ├───┤       │    │    │    │    │    │    │    │    │    │  ├───┤     
q16 : ┤ h ├───────┼────┼────┼────┼────┼────┼────┼────┼────┼────┼──┤ h ├─────
      ├───┤       │    │    │    │    │    │    │    │    │    │  ├───┤     
q17 : ┤ h ├───────┼────┼────┼────┼────┼────┼────┼────┼────┼────┼──┤ h ├─────
      ├───┤       │    │    │    │    │    │    │    │    │    │  ├───┤     
q18 : ┤ h ├───────┼────┼────┼────┼────┼────┼────┼────┼────┼────┼──┤ h ├─────
      ├───┤       │    │    │    │    │    │    │    │    │    │  ├───┤     
q19 : ┤ h ├───────┼────┼────┼────┼────┼────┼────┼────┼────┼────┼──┤ h ├─────
      ├───┤       │    │    │    │    │    │    │    │    │    │  ╰───╯╭───╮
q20 : ┤ h ├───────┼────┼────┼────┼────┼────┼────┼────┼────┼────┼────●──┤ h ├
      ├───┤       │    │    │    │    │    │    │    │    │    │    │  ├───┤
q21 : ┤ h ├───────┼────┼────┼────┼────┼────┼────┼────┼────┼────┼────┼──┤ h ├
      ├───┤       │    │    │    │    │    │    │    │    │    │    │  ├───┤
q22 : ┤ h ├───────┼────┼────┼────┼────┼────┼────┼────┼────┼────┼────┼──┤ h ├
      ├───┤╭───╮╭─┴─╮╭─┴─╮╭─┴─╮╭─┴─╮╭─┴─╮╭─┴─╮╭─┴─╮╭─┴─╮╭─┴─╮╭─┴─╮╭─┴─╮╰───╯
q23 : ┤ x ├┤ h ├┤ x ├┤ x ├┤ x ├┤ x ├┤ x ├┤ x ├┤ x ├┤ x ├┤ x ├┤ x ├┤ x ├─────
      ╰───╯╰───╯╰───╯╰───╯╰───╯╰───╯╰───╯╰───╯╰───╯╰───╯╰───╯╰───╯╰───╯     

secret bitstring = [1, 1, 0, 0, 0, 0, 1, 1, 1, 0, 1, 1, 0, 1, 1, 1, 0, 0, 0, 0, 1, 0, 0]
measured state = 11000011101101110000100
Were we successful? True
	Command being timed: "python3 bernstein-vazirani.py 23"
	User time (seconds): 0.87
	System time (seconds): 0.48
	Percent of CPU this job got: 86%
	Elapsed (wall clock) time (h:mm:ss or m:ss): 0:01.57
	Average shared text size (kbytes): 0
	Average unshared data size (kbytes): 0
	Average stack size (kbytes): 0
	Average total size (kbytes): 0
	Maximum resident set size (kbytes): 621528
	Average resident set size (kbytes): 0
	Major (requiring I/O) page faults: 0
	Minor (reclaiming a frame) page faults: 43491
	Voluntary context switches: 1742
	Involuntary context switches: 30
	Swaps: 0
	File system inputs: 0
	File system outputs: 32
	Socket messages sent: 0
	Socket messages received: 0
	Signals delivered: 0
	Page size (bytes): 4096
	Exit status: 0
      ╭───╮          ╭───╮                                                  »
 q0 : ┤ h ├───────●──┤ h ├──────────────────────────────────────────────────»
      ├───┤       │  ├───┤                                                  »
 q1 : ┤ h ├───────┼──┤ h ├──────────────────────────────────────────────────»
      ├───┤       │  ├───┤                                                  »
 q2 : ┤ h ├───────┼──┤ h ├──────────────────────────────────────────────────»
      ├───┤       │  ╰───╯╭───╮                                             »
 q3 : ┤ h ├───────┼────●──┤ h ├─────────────────────────────────────────────»
      ├───┤       │    │  ╰───╯╭───╮                                        »
 q4 : ┤ h ├───────┼────┼────●──┤ h ├────────────────────────────────────────»
      ├───┤       │    │    │  ╰───╯╭───╮                                   »
 q5 : ┤ h ├───────┼────┼────┼────●──┤ h ├───────────────────────────────────»
      ├───┤       │    │    │    │  ╰───╯╭───╮                              »
 q6 : ┤ h ├───────┼────┼────┼────┼────●──┤ h ├──────────────────────────────»
      ├───┤       │    │    │    │    │  ╰───╯╭───╮                         »
 q7 : ┤ h ├───────┼────┼────┼────┼────┼────●──┤ h ├─────────────────────────»
      ├───┤       │    │    │    │    │    │  ╰───╯╭───╮                    »
 q8 : ┤ h ├───────┼────┼────┼────┼────┼────┼────●──┤ h ├────────────────────»
      ├───┤       │    │    │    │    │    │    │  ╰───╯╭───╮               »
 q9 : ┤ h ├───────┼────┼────┼────┼────┼────┼────┼────●──┤ h ├───────────────»
      ├───┤       │    │    │    │    │    │    │    │  ├───┤               »
q10 : ┤ h ├───────┼────┼────┼────┼────┼────┼────┼────┼──┤ h ├───────────────»
      ├───┤       │    │    │    │    │    │    │    │  ├───┤               »
q11 : ┤ h ├───────┼────┼────┼────┼────┼────┼────┼────┼──┤ h ├───────────────»
      ├───┤       │    │    │    │    │    │    │    │  ├───┤               »
q12 : ┤ h ├───────┼────┼────┼────┼────┼────┼────┼────┼──┤ h ├───────────────»
      ├───┤       │    │    │    │    │    │    │    │  ├───┤               »
q13 : ┤ h ├───────┼────┼────┼────┼────┼────┼────┼────┼──┤ h ├───────────────»
      ├───┤       │    │    │    │    │    │    │    │  ╰───╯╭───╮          »
q14 : ┤ h ├───────┼────┼────┼────┼────┼────┼────┼────┼────●──┤ h ├──────────»
      ├───┤       │    │    │    │    │    │    │    │    │  ╰───╯╭───╮     »
q15 : ┤ h ├───────┼────┼────┼────┼────┼────┼────┼────┼────┼────●──┤ h ├─────»
      ├───┤       │    │    │    │    │    │    │    │    │    │  ╰───╯╭───╮»
q16 : ┤ h ├───────┼────┼────┼────┼────┼────┼────┼────┼────┼────┼────●──┤ h ├»
      ├───┤       │    │    │    │    │    │    │    │    │    │    │  ├───┤»
q17 : ┤ h ├───────┼────┼────┼────┼────┼────┼────┼────┼────┼────┼────┼──┤ h ├»
      ├───┤       │    │    │    │    │    │    │    │    │    │    │  ╰───╯»
q18 : ┤ h ├───────┼────┼────┼────┼────┼────┼────┼────┼────┼────┼────┼────●──»
      ├───┤       │    │    │    │    │    │    │    │    │    │    │    │  »
q19 : ┤ h ├───────┼────┼────┼────┼────┼────┼────┼────┼────┼────┼────┼────┼──»
      ├───┤       │    │    │    │    │    │    │    │    │    │    │    │  »
q20 : ┤ h ├───────┼────┼────┼────┼────┼────┼────┼────┼────┼────┼────┼────┼──»
      ├───┤       │    │    │    │    │    │    │    │    │    │    │    │  »
q21 : ┤ h ├───────┼────┼────┼────┼────┼────┼────┼────┼────┼────┼────┼────┼──»
      ├───┤       │    │    │    │    │    │    │    │    │    │    │    │  »
q22 : ┤ h ├───────┼────┼────┼────┼────┼────┼────┼────┼────┼────┼────┼────┼──»
      ├───┤╭───╮╭─┴─╮╭─┴─╮╭─┴─╮╭─┴─╮╭─┴─╮╭─┴─╮╭─┴─╮╭─┴─╮╭─┴─╮╭─┴─╮╭─┴─╮╭─┴─╮»
q23 : ┤ x ├┤ h ├┤ x ├┤ x ├┤ x ├┤ x ├┤ x ├┤ x ├┤ x ├┤ x ├┤ x ├┤ x ├┤ x ├┤ x ├»
      ╰───╯╰───╯╰───╯╰───╯╰───╯╰───╯╰───╯╰───╯╰───╯╰───╯╰───╯╰───╯╰───╯╰───╯»

################################################################################

          
──────────
          
──────────
          
──────────
          
──────────
          
──────────
          
──────────
          
──────────
          
──────────
          
──────────
          
──────────
          
──────────
          
──────────
          
──────────
          
──────────
          
──────────
          
──────────
          
──────────
          
──────────
╭───╮     
┤ h ├─────
├───┤     
┤ h ├─────
├───┤     
┤ h ├─────
╰───╯╭───╮
──●──┤ h ├
  │  ├───┤
──┼──┤ h ├
╭─┴─╮╰───╯
┤ x ├─────
╰───╯     

secret bitstring = [1, 0, 0, 1, 1, 1, 1, 1, 1, 1, 0, 0, 0, 0, 1, 1, 1, 0, 1, 0, 0, 1, 0]
measured state = 10011111110000111010010
Were we successful? True
	Command being timed: "python3 bernstein-vazirani.py 23"
	User time (seconds): 0.87
	System time (seconds): 0.49
	Percent of CPU this job got: 85%
	Elapsed (wall clock) time (h:mm:ss or m:ss): 0:01.60
	Average shared text size (kbytes): 0
	Average unshared data size (kbytes): 0
	Average stack size (kbytes): 0
	Average total size (kbytes): 0
	Maximum resident set size (kbytes): 620272
	Average resident set size (kbytes): 0
	Major (requiring I/O) page faults: 0
	Minor (reclaiming a frame) page faults: 43413
	Voluntary context switches: 1753
	Involuntary context switches: 28
	Swaps: 0
	File system inputs: 0
	File system outputs: 32
	Socket messages sent: 0
	Socket messages received: 0
	Signals delivered: 0
	Page size (bytes): 4096
	Exit status: 0
      ╭───╮          ╭───╮                                                  »
 q0 : ┤ h ├───────●──┤ h ├──────────────────────────────────────────────────»
      ├───┤       │  ╰───╯╭───╮                                             »
 q1 : ┤ h ├───────┼────●──┤ h ├─────────────────────────────────────────────»
      ├───┤       │    │  ╰───╯╭───╮                                        »
 q2 : ┤ h ├───────┼────┼────●──┤ h ├────────────────────────────────────────»
      ├───┤       │    │    │  ╰───╯╭───╮                                   »
 q3 : ┤ h ├───────┼────┼────┼────●──┤ h ├───────────────────────────────────»
      ├───┤       │    │    │    │  ╰───╯╭───╮                              »
 q4 : ┤ h ├───────┼────┼────┼────┼────●──┤ h ├──────────────────────────────»
      ├───┤       │    │    │    │    │  ╰───╯╭───╮                         »
 q5 : ┤ h ├───────┼────┼────┼────┼────┼────●──┤ h ├─────────────────────────»
      ├───┤       │    │    │    │    │    │  ├───┤                         »
 q6 : ┤ h ├───────┼────┼────┼────┼────┼────┼──┤ h ├─────────────────────────»
      ├───┤       │    │    │    │    │    │  ╰───╯╭───╮                    »
 q7 : ┤ h ├───────┼────┼────┼────┼────┼────┼────●──┤ h ├────────────────────»
      ├───┤       │    │    │    │    │    │    │  ├───┤                    »
 q8 : ┤ h ├───────┼────┼────┼────┼────┼────┼────┼──┤ h ├────────────────────»
      ├───┤       │    │    │    │    │    │    │  ├───┤                    »
 q9 : ┤ h ├───────┼────┼────┼────┼────┼────┼────┼──┤ h ├────────────────────»
      ├───┤       │    │    │    │    │    │    │  ├───┤                    »
q10 : ┤ h ├───────┼────┼────┼────┼────┼────┼────┼──┤ h ├────────────────────»
      ├───┤       │    │    │    │    │    │    │  ╰───╯╭───╮               »
q11 : ┤ h ├───────┼────┼────┼────┼────┼────┼────┼────●──┤ h ├───────────────»
      ├───┤       │    │    │    │    │    │    │    │  ├───┤               »
q12 : ┤ h ├───────┼────┼────┼────┼────┼────┼────┼────┼──┤ h ├───────────────»
      ├───┤       │    │    │    │    │    │    │    │  ╰───╯╭───╮          »
q13 : ┤ h ├───────┼────┼────┼────┼────┼────┼────┼────┼────●──┤ h ├──────────»
      ├───┤       │    │    │    │    │    │    │    │    │  ╰───╯╭───╮     »
q14 : ┤ h ├───────┼────┼────┼────┼────┼────┼────┼────┼────┼────●──┤ h ├─────»
      ├───┤       │    │    │    │    │    │    │    │    │    │  ├───┤     »
q15 : ┤ h ├───────┼────┼────┼────┼────┼────┼────┼────┼────┼────┼──┤ h ├─────»
      ├───┤       │    │    │    │    │    │    │    │    │    │  ├───┤     »
q16 : ┤ h ├───────┼────┼────┼────┼────┼────┼────┼────┼────┼────┼──┤ h ├─────»
      ├───┤       │    │    │    │    │    │    │    │    │    │  ╰───╯╭───╮»
q17 : ┤ h ├───────┼────┼────┼────┼────┼────┼────┼────┼────┼────┼────●──┤ h ├»
      ├───┤       │    │    │    │    │    │    │    │    │    │    │  ╰───╯»
q18 : ┤ h ├───────┼────┼────┼────┼────┼────┼────┼────┼────┼────┼────┼────●──»
      ├───┤       │    │    │    │    │    │    │    │    │    │    │    │  »
q19 : ┤ h ├───────┼────┼────┼────┼────┼────┼────┼────┼────┼────┼────┼────┼──»
      ├───┤       │    │    │    │    │    │    │    │    │    │    │    │  »
q20 : ┤ h ├───────┼────┼────┼────┼────┼────┼────┼────┼────┼────┼────┼────┼──»
      ├───┤       │    │    │    │    │    │    │    │    │    │    │    │  »
q21 : ┤ h ├───────┼────┼────┼────┼────┼────┼────┼────┼────┼────┼────┼────┼──»
      ├───┤       │    │    │    │    │    │    │    │    │    │    │    │  »
q22 : ┤ h ├───────┼────┼────┼────┼────┼────┼────┼────┼────┼────┼────┼────┼──»
      ├───┤╭───╮╭─┴─╮╭─┴─╮╭─┴─╮╭─┴─╮╭─┴─╮╭─┴─╮╭─┴─╮╭─┴─╮╭─┴─╮╭─┴─╮╭─┴─╮╭─┴─╮»
q23 : ┤ x ├┤ h ├┤ x ├┤ x ├┤ x ├┤ x ├┤ x ├┤ x ├┤ x ├┤ x ├┤ x ├┤ x ├┤ x ├┤ x ├»
      ╰───╯╰───╯╰───╯╰───╯╰───╯╰───╯╰───╯╰───╯╰───╯╰───╯╰───╯╰───╯╰───╯╰───╯»

################################################################################

                         
─────────────────────────
                         
─────────────────────────
                         
─────────────────────────
                         
─────────────────────────
                         
─────────────────────────
                         
─────────────────────────
                         
─────────────────────────
                         
─────────────────────────
                         
─────────────────────────
                         
─────────────────────────
                         
─────────────────────────
                         
─────────────────────────
                         
─────────────────────────
                         
─────────────────────────
                         
─────────────────────────
                         
─────────────────────────
                         
─────────────────────────
                         
─────────────────────────
╭───╮                    
┤ h ├────────────────────
╰───╯╭───╮               
──●──┤ h ├───────────────
  │  ╰───╯╭───╮          
──┼────●──┤ h ├──────────
  │    │  ╰───╯╭───╮     
──┼────┼────●──┤ h ├─────
  │    │    │  ╰───╯╭───╮
──┼────┼────┼────●──┤ h ├
╭─┴─╮╭─┴─╮╭─┴─╮╭─┴─╮╰───╯
┤ x ├┤ x ├┤ x ├┤ x ├─────
╰───╯╰───╯╰───╯╰───╯     

secret bitstring = [1, 1, 1, 1, 1, 1, 0, 1, 0, 0, 0, 1, 0, 1, 1, 0, 0, 1, 1, 1, 1, 1, 1]
measured state = 11111101000101100111111
Were we successful? True
	Command being timed: "python3 bernstein-vazirani.py 23"
	User time (seconds): 0.88
	System time (seconds): 0.48
	Percent of CPU this job got: 86%
	Elapsed (wall clock) time (h:mm:ss or m:ss): 0:01.57
	Average shared text size (kbytes): 0
	Average unshared data size (kbytes): 0
	Average stack size (kbytes): 0
	Average total size (kbytes): 0
	Maximum resident set size (kbytes): 618244
	Average resident set size (kbytes): 0
	Major (requiring I/O) page faults: 0
	Minor (reclaiming a frame) page faults: 43288
	Voluntary context switches: 1751
	Involuntary context switches: 29
	Swaps: 0
	File system inputs: 0
	File system outputs: 40
	Socket messages sent: 0
	Socket messages received: 0
	Signals delivered: 0
	Page size (bytes): 4096
	Exit status: 0
