WARNING: overwriting environment variables set in the machine
overwriting variable ['LD_LIBRARY_PATH']
      ╭───╮╭───╮                                                            »
 q0 : ┤ h ├┤ h ├────────────────────────────────────────────────────────────»
      ├───┤╰───╯     ╭───╮                                                  »
 q1 : ┤ h ├───────●──┤ h ├──────────────────────────────────────────────────»
      ├───┤       │  ├───┤                                                  »
 q2 : ┤ h ├───────┼──┤ h ├──────────────────────────────────────────────────»
      ├───┤       │  ╰───╯╭───╮                                             »
 q3 : ┤ h ├───────┼────●──┤ h ├─────────────────────────────────────────────»
      ├───┤       │    │  ╰───╯╭───╮                                        »
 q4 : ┤ h ├───────┼────┼────●──┤ h ├────────────────────────────────────────»
      ├───┤       │    │    │  ╰───╯╭───╮                                   »
 q5 : ┤ h ├───────┼────┼────┼────●──┤ h ├───────────────────────────────────»
      ├───┤       │    │    │    │  ├───┤                                   »
 q6 : ┤ h ├───────┼────┼────┼────┼──┤ h ├───────────────────────────────────»
      ├───┤       │    │    │    │  ╰───╯╭───╮                              »
 q7 : ┤ h ├───────┼────┼────┼────┼────●──┤ h ├──────────────────────────────»
      ├───┤       │    │    │    │    │  ├───┤                              »
 q8 : ┤ h ├───────┼────┼────┼────┼────┼──┤ h ├──────────────────────────────»
      ├───┤       │    │    │    │    │  ╰───╯╭───╮                         »
 q9 : ┤ h ├───────┼────┼────┼────┼────┼────●──┤ h ├─────────────────────────»
      ├───┤       │    │    │    │    │    │  ├───┤                         »
q10 : ┤ h ├───────┼────┼────┼────┼────┼────┼──┤ h ├─────────────────────────»
      ├───┤       │    │    │    │    │    │  ╰───╯╭───╮                    »
q11 : ┤ h ├───────┼────┼────┼────┼────┼────┼────●──┤ h ├────────────────────»
      ├───┤       │    │    │    │    │    │    │  ├───┤                    »
q12 : ┤ h ├───────┼────┼────┼────┼────┼────┼────┼──┤ h ├────────────────────»
      ├───┤       │    │    │    │    │    │    │  ├───┤                    »
q13 : ┤ h ├───────┼────┼────┼────┼────┼────┼────┼──┤ h ├────────────────────»
      ├───┤       │    │    │    │    │    │    │  ╰───╯╭───╮               »
q14 : ┤ h ├───────┼────┼────┼────┼────┼────┼────┼────●──┤ h ├───────────────»
      ├───┤       │    │    │    │    │    │    │    │  ╰───╯╭───╮          »
q15 : ┤ h ├───────┼────┼────┼────┼────┼────┼────┼────┼────●──┤ h ├──────────»
      ├───┤       │    │    │    │    │    │    │    │    │  ╰───╯╭───╮     »
q16 : ┤ h ├───────┼────┼────┼────┼────┼────┼────┼────┼────┼────●──┤ h ├─────»
      ├───┤       │    │    │    │    │    │    │    │    │    │  ╰───╯╭───╮»
q17 : ┤ h ├───────┼────┼────┼────┼────┼────┼────┼────┼────┼────┼────●──┤ h ├»
      ├───┤       │    │    │    │    │    │    │    │    │    │    │  ├───┤»
q18 : ┤ h ├───────┼────┼────┼────┼────┼────┼────┼────┼────┼────┼────┼──┤ h ├»
      ├───┤       │    │    │    │    │    │    │    │    │    │    │  ├───┤»
q19 : ┤ h ├───────┼────┼────┼────┼────┼────┼────┼────┼────┼────┼────┼──┤ h ├»
      ├───┤       │    │    │    │    │    │    │    │    │    │    │  ├───┤»
q20 : ┤ h ├───────┼────┼────┼────┼────┼────┼────┼────┼────┼────┼────┼──┤ h ├»
      ├───┤       │    │    │    │    │    │    │    │    │    │    │  ├───┤»
q21 : ┤ h ├───────┼────┼────┼────┼────┼────┼────┼────┼────┼────┼────┼──┤ h ├»
      ├───┤       │    │    │    │    │    │    │    │    │    │    │  ├───┤»
q22 : ┤ h ├───────┼────┼────┼────┼────┼────┼────┼────┼────┼────┼────┼──┤ h ├»
      ├───┤       │    │    │    │    │    │    │    │    │    │    │  ╰───╯»
q23 : ┤ h ├───────┼────┼────┼────┼────┼────┼────┼────┼────┼────┼────┼────●──»
      ├───┤       │    │    │    │    │    │    │    │    │    │    │    │  »
q24 : ┤ h ├───────┼────┼────┼────┼────┼────┼────┼────┼────┼────┼────┼────┼──»
      ├───┤╭───╮╭─┴─╮╭─┴─╮╭─┴─╮╭─┴─╮╭─┴─╮╭─┴─╮╭─┴─╮╭─┴─╮╭─┴─╮╭─┴─╮╭─┴─╮╭─┴─╮»
q25 : ┤ x ├┤ h ├┤ x ├┤ x ├┤ x ├┤ x ├┤ x ├┤ x ├┤ x ├┤ x ├┤ x ├┤ x ├┤ x ├┤ x ├»
      ╰───╯╰───╯╰───╯╰───╯╰───╯╰───╯╰───╯╰───╯╰───╯╰───╯╰───╯╰───╯╰───╯╰───╯»

################################################################################

     
─────
     
─────
     
─────
     
─────
     
─────
     
─────
     
─────
     
─────
     
─────
     
─────
     
─────
     
─────
     
─────
     
─────
     
─────
     
─────
     
─────
     
─────
     
─────
     
─────
     
─────
     
─────
     
─────
╭───╮
┤ h ├
├───┤
┤ h ├
╰───╯
─────
     

secret bitstring = [0, 1, 0, 1, 1, 1, 0, 1, 0, 1, 0, 1, 0, 0, 1, 1, 1, 1, 0, 0, 0, 0, 0, 1, 0]
measured state = 0101110101010011110000010
Were we successful? True
	Command being timed: "python3 bernstein-vazirani.py 25"
	User time (seconds): 0.92
	System time (seconds): 0.59
	Percent of CPU this job got: 81%
	Elapsed (wall clock) time (h:mm:ss or m:ss): 0:01.85
	Average shared text size (kbytes): 0
	Average unshared data size (kbytes): 0
	Average stack size (kbytes): 0
	Average total size (kbytes): 0
	Maximum resident set size (kbytes): 621152
	Average resident set size (kbytes): 0
	Major (requiring I/O) page faults: 3
	Minor (reclaiming a frame) page faults: 42911
	Voluntary context switches: 3751
	Involuntary context switches: 22
	Swaps: 0
	File system inputs: 0
	File system outputs: 32
	Socket messages sent: 0
	Socket messages received: 0
	Signals delivered: 0
	Page size (bytes): 4096
	Exit status: 0
      ╭───╮╭───╮                                                            
 q0 : ┤ h ├┤ h ├────────────────────────────────────────────────────────────
      ├───┤╰───╯     ╭───╮                                                  
 q1 : ┤ h ├───────●──┤ h ├──────────────────────────────────────────────────
      ├───┤       │  ├───┤                                                  
 q2 : ┤ h ├───────┼──┤ h ├──────────────────────────────────────────────────
      ├───┤       │  ├───┤                                                  
 q3 : ┤ h ├───────┼──┤ h ├──────────────────────────────────────────────────
      ├───┤       │  ╰───╯╭───╮                                             
 q4 : ┤ h ├───────┼────●──┤ h ├─────────────────────────────────────────────
      ├───┤       │    │  ├───┤                                             
 q5 : ┤ h ├───────┼────┼──┤ h ├─────────────────────────────────────────────
      ├───┤       │    │  ╰───╯╭───╮                                        
 q6 : ┤ h ├───────┼────┼────●──┤ h ├────────────────────────────────────────
      ├───┤       │    │    │  ╰───╯╭───╮                                   
 q7 : ┤ h ├───────┼────┼────┼────●──┤ h ├───────────────────────────────────
      ├───┤       │    │    │    │  ├───┤                                   
 q8 : ┤ h ├───────┼────┼────┼────┼──┤ h ├───────────────────────────────────
      ├───┤       │    │    │    │  ├───┤                                   
 q9 : ┤ h ├───────┼────┼────┼────┼──┤ h ├───────────────────────────────────
      ├───┤       │    │    │    │  ├───┤                                   
q10 : ┤ h ├───────┼────┼────┼────┼──┤ h ├───────────────────────────────────
      ├───┤       │    │    │    │  ╰───╯╭───╮                              
q11 : ┤ h ├───────┼────┼────┼────┼────●──┤ h ├──────────────────────────────
      ├───┤       │    │    │    │    │  ├───┤                              
q12 : ┤ h ├───────┼────┼────┼────┼────┼──┤ h ├──────────────────────────────
      ├───┤       │    │    │    │    │  ╰───╯╭───╮                         
q13 : ┤ h ├───────┼────┼────┼────┼────┼────●──┤ h ├─────────────────────────
      ├───┤       │    │    │    │    │    │  ├───┤                         
q14 : ┤ h ├───────┼────┼────┼────┼────┼────┼──┤ h ├─────────────────────────
      ├───┤       │    │    │    │    │    │  ╰───╯╭───╮                    
q15 : ┤ h ├───────┼────┼────┼────┼────┼────┼────●──┤ h ├────────────────────
      ├───┤       │    │    │    │    │    │    │  ╰───╯╭───╮               
q16 : ┤ h ├───────┼────┼────┼────┼────┼────┼────┼────●──┤ h ├───────────────
      ├───┤       │    │    │    │    │    │    │    │  ╰───╯╭───╮          
q17 : ┤ h ├───────┼────┼────┼────┼────┼────┼────┼────┼────●──┤ h ├──────────
      ├───┤       │    │    │    │    │    │    │    │    │  ├───┤          
q18 : ┤ h ├───────┼────┼────┼────┼────┼────┼────┼────┼────┼──┤ h ├──────────
      ├───┤       │    │    │    │    │    │    │    │    │  ├───┤          
q19 : ┤ h ├───────┼────┼────┼────┼────┼────┼────┼────┼────┼──┤ h ├──────────
      ├───┤       │    │    │    │    │    │    │    │    │  ├───┤          
q20 : ┤ h ├───────┼────┼────┼────┼────┼────┼────┼────┼────┼──┤ h ├──────────
      ├───┤       │    │    │    │    │    │    │    │    │  ├───┤          
q21 : ┤ h ├───────┼────┼────┼────┼────┼────┼────┼────┼────┼──┤ h ├──────────
      ├───┤       │    │    │    │    │    │    │    │    │  ├───┤          
q22 : ┤ h ├───────┼────┼────┼────┼────┼────┼────┼────┼────┼──┤ h ├──────────
      ├───┤       │    │    │    │    │    │    │    │    │  ╰───╯╭───╮     
q23 : ┤ h ├───────┼────┼────┼────┼────┼────┼────┼────┼────┼────●──┤ h ├─────
      ├───┤       │    │    │    │    │    │    │    │    │    │  ╰───╯╭───╮
q24 : ┤ h ├───────┼────┼────┼────┼────┼────┼────┼────┼────┼────┼────●──┤ h ├
      ├───┤╭───╮╭─┴─╮╭─┴─╮╭─┴─╮╭─┴─╮╭─┴─╮╭─┴─╮╭─┴─╮╭─┴─╮╭─┴─╮╭─┴─╮╭─┴─╮╰───╯
q25 : ┤ x ├┤ h ├┤ x ├┤ x ├┤ x ├┤ x ├┤ x ├┤ x ├┤ x ├┤ x ├┤ x ├┤ x ├┤ x ├─────
      ╰───╯╰───╯╰───╯╰───╯╰───╯╰───╯╰───╯╰───╯╰───╯╰───╯╰───╯╰───╯╰───╯     

secret bitstring = [0, 1, 0, 0, 1, 0, 1, 1, 0, 0, 0, 1, 0, 1, 0, 1, 1, 1, 0, 0, 0, 0, 0, 1, 1]
measured state = 0100101100010101110000011
Were we successful? True
	Command being timed: "python3 bernstein-vazirani.py 25"
	User time (seconds): 0.90
	System time (seconds): 0.47
	Percent of CPU this job got: 86%
	Elapsed (wall clock) time (h:mm:ss or m:ss): 0:01.59
	Average shared text size (kbytes): 0
	Average unshared data size (kbytes): 0
	Average stack size (kbytes): 0
	Average total size (kbytes): 0
	Maximum resident set size (kbytes): 619992
	Average resident set size (kbytes): 0
	Major (requiring I/O) page faults: 0
	Minor (reclaiming a frame) page faults: 42763
	Voluntary context switches: 1738
	Involuntary context switches: 27
	Swaps: 0
	File system inputs: 0
	File system outputs: 32
	Socket messages sent: 0
	Socket messages received: 0
	Signals delivered: 0
	Page size (bytes): 4096
	Exit status: 0
      ╭───╮          ╭───╮                                        
 q0 : ┤ h ├───────●──┤ h ├────────────────────────────────────────
      ├───┤       │  ├───┤                                        
 q1 : ┤ h ├───────┼──┤ h ├────────────────────────────────────────
      ├───┤       │  ├───┤                                        
 q2 : ┤ h ├───────┼──┤ h ├────────────────────────────────────────
      ├───┤       │  ├───┤                                        
 q3 : ┤ h ├───────┼──┤ h ├────────────────────────────────────────
      ├───┤       │  ├───┤                                        
 q4 : ┤ h ├───────┼──┤ h ├────────────────────────────────────────
      ├───┤       │  ├───┤                                        
 q5 : ┤ h ├───────┼──┤ h ├────────────────────────────────────────
      ├───┤       │  ├───┤                                        
 q6 : ┤ h ├───────┼──┤ h ├────────────────────────────────────────
      ├───┤       │  ╰───╯╭───╮                                   
 q7 : ┤ h ├───────┼────●──┤ h ├───────────────────────────────────
      ├───┤       │    │  ╰───╯╭───╮                              
 q8 : ┤ h ├───────┼────┼────●──┤ h ├──────────────────────────────
      ├───┤       │    │    │  ├───┤                              
 q9 : ┤ h ├───────┼────┼────┼──┤ h ├──────────────────────────────
      ├───┤       │    │    │  ├───┤                              
q10 : ┤ h ├───────┼────┼────┼──┤ h ├──────────────────────────────
      ├───┤       │    │    │  ╰───╯╭───╮                         
q11 : ┤ h ├───────┼────┼────┼────●──┤ h ├─────────────────────────
      ├───┤       │    │    │    │  ╰───╯╭───╮                    
q12 : ┤ h ├───────┼────┼────┼────┼────●──┤ h ├────────────────────
      ├───┤       │    │    │    │    │  ├───┤                    
q13 : ┤ h ├───────┼────┼────┼────┼────┼──┤ h ├────────────────────
      ├───┤       │    │    │    │    │  ╰───╯╭───╮               
q14 : ┤ h ├───────┼────┼────┼────┼────┼────●──┤ h ├───────────────
      ├───┤       │    │    │    │    │    │  ├───┤               
q15 : ┤ h ├───────┼────┼────┼────┼────┼────┼──┤ h ├───────────────
      ├───┤       │    │    │    │    │    │  ├───┤               
q16 : ┤ h ├───────┼────┼────┼────┼────┼────┼──┤ h ├───────────────
      ├───┤       │    │    │    │    │    │  ├───┤               
q17 : ┤ h ├───────┼────┼────┼────┼────┼────┼──┤ h ├───────────────
      ├───┤       │    │    │    │    │    │  ╰───╯╭───╮          
q18 : ┤ h ├───────┼────┼────┼────┼────┼────┼────●──┤ h ├──────────
      ├───┤       │    │    │    │    │    │    │  ├───┤          
q19 : ┤ h ├───────┼────┼────┼────┼────┼────┼────┼──┤ h ├──────────
      ├───┤       │    │    │    │    │    │    │  ├───┤          
q20 : ┤ h ├───────┼────┼────┼────┼────┼────┼────┼──┤ h ├──────────
      ├───┤       │    │    │    │    │    │    │  ╰───╯╭───╮     
q21 : ┤ h ├───────┼────┼────┼────┼────┼────┼────┼────●──┤ h ├─────
      ├───┤       │    │    │    │    │    │    │    │  ├───┤     
q22 : ┤ h ├───────┼────┼────┼────┼────┼────┼────┼────┼──┤ h ├─────
      ├───┤       │    │    │    │    │    │    │    │  ├───┤     
q23 : ┤ h ├───────┼────┼────┼────┼────┼────┼────┼────┼──┤ h ├─────
      ├───┤       │    │    │    │    │    │    │    │  ╰───╯╭───╮
q24 : ┤ h ├───────┼────┼────┼────┼────┼────┼────┼────┼────●──┤ h ├
      ├───┤╭───╮╭─┴─╮╭─┴─╮╭─┴─╮╭─┴─╮╭─┴─╮╭─┴─╮╭─┴─╮╭─┴─╮╭─┴─╮╰───╯
q25 : ┤ x ├┤ h ├┤ x ├┤ x ├┤ x ├┤ x ├┤ x ├┤ x ├┤ x ├┤ x ├┤ x ├─────
      ╰───╯╰───╯╰───╯╰───╯╰───╯╰───╯╰───╯╰───╯╰───╯╰───╯╰───╯     

secret bitstring = [1, 0, 0, 0, 0, 0, 0, 1, 1, 0, 0, 1, 1, 0, 1, 0, 0, 0, 1, 0, 0, 1, 0, 0, 1]
measured state = 1000000110011010001001001
Were we successful? True
	Command being timed: "python3 bernstein-vazirani.py 25"
	User time (seconds): 0.88
	System time (seconds): 0.47
	Percent of CPU this job got: 85%
	Elapsed (wall clock) time (h:mm:ss or m:ss): 0:01.59
	Average shared text size (kbytes): 0
	Average unshared data size (kbytes): 0
	Average stack size (kbytes): 0
	Average total size (kbytes): 0
	Maximum resident set size (kbytes): 618080
	Average resident set size (kbytes): 0
	Major (requiring I/O) page faults: 0
	Minor (reclaiming a frame) page faults: 42556
	Voluntary context switches: 1701
	Involuntary context switches: 32
	Swaps: 0
	File system inputs: 0
	File system outputs: 32
	Socket messages sent: 0
	Socket messages received: 0
	Signals delivered: 0
	Page size (bytes): 4096
	Exit status: 0
      ╭───╮          ╭───╮                                                  »
 q0 : ┤ h ├───────●──┤ h ├──────────────────────────────────────────────────»
      ├───┤       │  ╰───╯╭───╮                                             »
 q1 : ┤ h ├───────┼────●──┤ h ├─────────────────────────────────────────────»
      ├───┤       │    │  ╰───╯╭───╮                                        »
 q2 : ┤ h ├───────┼────┼────●──┤ h ├────────────────────────────────────────»
      ├───┤       │    │    │  ╰───╯╭───╮                                   »
 q3 : ┤ h ├───────┼────┼────┼────●──┤ h ├───────────────────────────────────»
      ├───┤       │    │    │    │  ├───┤                                   »
 q4 : ┤ h ├───────┼────┼────┼────┼──┤ h ├───────────────────────────────────»
      ├───┤       │    │    │    │  ├───┤                                   »
 q5 : ┤ h ├───────┼────┼────┼────┼──┤ h ├───────────────────────────────────»
      ├───┤       │    │    │    │  ╰───╯╭───╮                              »
 q6 : ┤ h ├───────┼────┼────┼────┼────●──┤ h ├──────────────────────────────»
      ├───┤       │    │    │    │    │  ├───┤                              »
 q7 : ┤ h ├───────┼────┼────┼────┼────┼──┤ h ├──────────────────────────────»
      ├───┤       │    │    │    │    │  ├───┤                              »
 q8 : ┤ h ├───────┼────┼────┼────┼────┼──┤ h ├──────────────────────────────»
      ├───┤       │    │    │    │    │  ╰───╯╭───╮                         »
 q9 : ┤ h ├───────┼────┼────┼────┼────┼────●──┤ h ├─────────────────────────»
      ├───┤       │    │    │    │    │    │  ├───┤                         »
q10 : ┤ h ├───────┼────┼────┼────┼────┼────┼──┤ h ├─────────────────────────»
      ├───┤       │    │    │    │    │    │  ├───┤                         »
q11 : ┤ h ├───────┼────┼────┼────┼────┼────┼──┤ h ├─────────────────────────»
      ├───┤       │    │    │    │    │    │  ╰───╯╭───╮                    »
q12 : ┤ h ├───────┼────┼────┼────┼────┼────┼────●──┤ h ├────────────────────»
      ├───┤       │    │    │    │    │    │    │  ├───┤                    »
q13 : ┤ h ├───────┼────┼────┼────┼────┼────┼────┼──┤ h ├────────────────────»
      ├───┤       │    │    │    │    │    │    │  ├───┤                    »
q14 : ┤ h ├───────┼────┼────┼────┼────┼────┼────┼──┤ h ├────────────────────»
      ├───┤       │    │    │    │    │    │    │  ├───┤                    »
q15 : ┤ h ├───────┼────┼────┼────┼────┼────┼────┼──┤ h ├────────────────────»
      ├───┤       │    │    │    │    │    │    │  ╰───╯╭───╮               »
q16 : ┤ h ├───────┼────┼────┼────┼────┼────┼────┼────●──┤ h ├───────────────»
      ├───┤       │    │    │    │    │    │    │    │  ╰───╯╭───╮          »
q17 : ┤ h ├───────┼────┼────┼────┼────┼────┼────┼────┼────●──┤ h ├──────────»
      ├───┤       │    │    │    │    │    │    │    │    │  ╰───╯╭───╮     »
q18 : ┤ h ├───────┼────┼────┼────┼────┼────┼────┼────┼────┼────●──┤ h ├─────»
      ├───┤       │    │    │    │    │    │    │    │    │    │  ├───┤     »
q19 : ┤ h ├───────┼────┼────┼────┼────┼────┼────┼────┼────┼────┼──┤ h ├─────»
      ├───┤       │    │    │    │    │    │    │    │    │    │  ├───┤     »
q20 : ┤ h ├───────┼────┼────┼────┼────┼────┼────┼────┼────┼────┼──┤ h ├─────»
      ├───┤       │    │    │    │    │    │    │    │    │    │  ├───┤     »
q21 : ┤ h ├───────┼────┼────┼────┼────┼────┼────┼────┼────┼────┼──┤ h ├─────»
      ├───┤       │    │    │    │    │    │    │    │    │    │  ╰───╯╭───╮»
q22 : ┤ h ├───────┼────┼────┼────┼────┼────┼────┼────┼────┼────┼────●──┤ h ├»
      ├───┤       │    │    │    │    │    │    │    │    │    │    │  ├───┤»
q23 : ┤ h ├───────┼────┼────┼────┼────┼────┼────┼────┼────┼────┼────┼──┤ h ├»
      ├───┤       │    │    │    │    │    │    │    │    │    │    │  ╰───╯»
q24 : ┤ h ├───────┼────┼────┼────┼────┼────┼────┼────┼────┼────┼────┼────●──»
      ├───┤╭───╮╭─┴─╮╭─┴─╮╭─┴─╮╭─┴─╮╭─┴─╮╭─┴─╮╭─┴─╮╭─┴─╮╭─┴─╮╭─┴─╮╭─┴─╮╭─┴─╮»
q25 : ┤ x ├┤ h ├┤ x ├┤ x ├┤ x ├┤ x ├┤ x ├┤ x ├┤ x ├┤ x ├┤ x ├┤ x ├┤ x ├┤ x ├»
      ╰───╯╰───╯╰───╯╰───╯╰───╯╰───╯╰───╯╰───╯╰───╯╰───╯╰───╯╰───╯╰───╯╰───╯»

################################################################################

     
─────
     
─────
     
─────
     
─────
     
─────
     
─────
     
─────
     
─────
     
─────
     
─────
     
─────
     
─────
     
─────
     
─────
     
─────
     
─────
     
─────
     
─────
     
─────
     
─────
     
─────
     
─────
     
─────
     
─────
╭───╮
┤ h ├
╰───╯
─────
     

secret bitstring = [1, 1, 1, 1, 0, 0, 1, 0, 0, 1, 0, 0, 1, 0, 0, 0, 1, 1, 1, 0, 0, 0, 1, 0, 1]
measured state = 1111001001001000111000101
Were we successful? True
	Command being timed: "python3 bernstein-vazirani.py 25"
	User time (seconds): 0.88
	System time (seconds): 0.47
	Percent of CPU this job got: 86%
	Elapsed (wall clock) time (h:mm:ss or m:ss): 0:01.57
	Average shared text size (kbytes): 0
	Average unshared data size (kbytes): 0
	Average stack size (kbytes): 0
	Average total size (kbytes): 0
	Maximum resident set size (kbytes): 620356
	Average resident set size (kbytes): 0
	Major (requiring I/O) page faults: 0
	Minor (reclaiming a frame) page faults: 42981
	Voluntary context switches: 1730
	Involuntary context switches: 27
	Swaps: 0
	File system inputs: 0
	File system outputs: 40
	Socket messages sent: 0
	Socket messages received: 0
	Signals delivered: 0
	Page size (bytes): 4096
	Exit status: 0
      ╭───╮╭───╮                                                            »
 q0 : ┤ h ├┤ h ├────────────────────────────────────────────────────────────»
      ├───┤├───┤                                                            »
 q1 : ┤ h ├┤ h ├────────────────────────────────────────────────────────────»
      ├───┤╰───╯     ╭───╮                                                  »
 q2 : ┤ h ├───────●──┤ h ├──────────────────────────────────────────────────»
      ├───┤       │  ╰───╯╭───╮                                             »
 q3 : ┤ h ├───────┼────●──┤ h ├─────────────────────────────────────────────»
      ├───┤       │    │  ╰───╯╭───╮                                        »
 q4 : ┤ h ├───────┼────┼────●──┤ h ├────────────────────────────────────────»
      ├───┤       │    │    │  ╰───╯╭───╮                                   »
 q5 : ┤ h ├───────┼────┼────┼────●──┤ h ├───────────────────────────────────»
      ├───┤       │    │    │    │  ╰───╯╭───╮                              »
 q6 : ┤ h ├───────┼────┼────┼────┼────●──┤ h ├──────────────────────────────»
      ├───┤       │    │    │    │    │  ╰───╯╭───╮                         »
 q7 : ┤ h ├───────┼────┼────┼────┼────┼────●──┤ h ├─────────────────────────»
      ├───┤       │    │    │    │    │    │  ╰───╯╭───╮                    »
 q8 : ┤ h ├───────┼────┼────┼────┼────┼────┼────●──┤ h ├────────────────────»
      ├───┤       │    │    │    │    │    │    │  ╰───╯╭───╮               »
 q9 : ┤ h ├───────┼────┼────┼────┼────┼────┼────┼────●──┤ h ├───────────────»
      ├───┤       │    │    │    │    │    │    │    │  ├───┤               »
q10 : ┤ h ├───────┼────┼────┼────┼────┼────┼────┼────┼──┤ h ├───────────────»
      ├───┤       │    │    │    │    │    │    │    │  ├───┤               »
q11 : ┤ h ├───────┼────┼────┼────┼────┼────┼────┼────┼──┤ h ├───────────────»
      ├───┤       │    │    │    │    │    │    │    │  ├───┤               »
q12 : ┤ h ├───────┼────┼────┼────┼────┼────┼────┼────┼──┤ h ├───────────────»
      ├───┤       │    │    │    │    │    │    │    │  ├───┤               »
q13 : ┤ h ├───────┼────┼────┼────┼────┼────┼────┼────┼──┤ h ├───────────────»
      ├───┤       │    │    │    │    │    │    │    │  ╰───╯╭───╮          »
q14 : ┤ h ├───────┼────┼────┼────┼────┼────┼────┼────┼────●──┤ h ├──────────»
      ├───┤       │    │    │    │    │    │    │    │    │  ╰───╯╭───╮     »
q15 : ┤ h ├───────┼────┼────┼────┼────┼────┼────┼────┼────┼────●──┤ h ├─────»
      ├───┤       │    │    │    │    │    │    │    │    │    │  ╰───╯╭───╮»
q16 : ┤ h ├───────┼────┼────┼────┼────┼────┼────┼────┼────┼────┼────●──┤ h ├»
      ├───┤       │    │    │    │    │    │    │    │    │    │    │  ├───┤»
q17 : ┤ h ├───────┼────┼────┼────┼────┼────┼────┼────┼────┼────┼────┼──┤ h ├»
      ├───┤       │    │    │    │    │    │    │    │    │    │    │  ├───┤»
q18 : ┤ h ├───────┼────┼────┼────┼────┼────┼────┼────┼────┼────┼────┼──┤ h ├»
      ├───┤       │    │    │    │    │    │    │    │    │    │    │  ╰───╯»
q19 : ┤ h ├───────┼────┼────┼────┼────┼────┼────┼────┼────┼────┼────┼────●──»
      ├───┤       │    │    │    │    │    │    │    │    │    │    │    │  »
q20 : ┤ h ├───────┼────┼────┼────┼────┼────┼────┼────┼────┼────┼────┼────┼──»
      ├───┤       │    │    │    │    │    │    │    │    │    │    │    │  »
q21 : ┤ h ├───────┼────┼────┼────┼────┼────┼────┼────┼────┼────┼────┼────┼──»
      ├───┤       │    │    │    │    │    │    │    │    │    │    │    │  »
q22 : ┤ h ├───────┼────┼────┼────┼────┼────┼────┼────┼────┼────┼────┼────┼──»
      ├───┤       │    │    │    │    │    │    │    │    │    │    │    │  »
q23 : ┤ h ├───────┼────┼────┼────┼────┼────┼────┼────┼────┼────┼────┼────┼──»
      ├───┤       │    │    │    │    │    │    │    │    │    │    │    │  »
q24 : ┤ h ├───────┼────┼────┼────┼────┼────┼────┼────┼────┼────┼────┼────┼──»
      ├───┤╭───╮╭─┴─╮╭─┴─╮╭─┴─╮╭─┴─╮╭─┴─╮╭─┴─╮╭─┴─╮╭─┴─╮╭─┴─╮╭─┴─╮╭─┴─╮╭─┴─╮»
q25 : ┤ x ├┤ h ├┤ x ├┤ x ├┤ x ├┤ x ├┤ x ├┤ x ├┤ x ├┤ x ├┤ x ├┤ x ├┤ x ├┤ x ├»
      ╰───╯╰───╯╰───╯╰───╯╰───╯╰───╯╰───╯╰───╯╰───╯╰───╯╰───╯╰───╯╰───╯╰───╯»

################################################################################

                    
────────────────────
                    
────────────────────
                    
────────────────────
                    
────────────────────
                    
────────────────────
                    
────────────────────
                    
────────────────────
                    
────────────────────
                    
────────────────────
                    
────────────────────
                    
────────────────────
                    
────────────────────
                    
────────────────────
                    
────────────────────
                    
────────────────────
                    
────────────────────
                    
────────────────────
                    
────────────────────
                    
────────────────────
╭───╮               
┤ h ├───────────────
╰───╯╭───╮          
──●──┤ h ├──────────
  │  ├───┤          
──┼──┤ h ├──────────
  │  ╰───╯╭───╮     
──┼────●──┤ h ├─────
  │    │  ╰───╯╭───╮
──┼────┼────●──┤ h ├
  │    │    │  ├───┤
──┼────┼────┼──┤ h ├
╭─┴─╮╭─┴─╮╭─┴─╮╰───╯
┤ x ├┤ x ├┤ x ├─────
╰───╯╰───╯╰───╯     

secret bitstring = [0, 0, 1, 1, 1, 1, 1, 1, 1, 1, 0, 0, 0, 0, 1, 1, 1, 0, 0, 1, 1, 0, 1, 1, 0]
measured state = 0011111111000011100110110
Were we successful? True
	Command being timed: "python3 bernstein-vazirani.py 25"
	User time (seconds): 0.89
	System time (seconds): 0.52
	Percent of CPU this job got: 88%
	Elapsed (wall clock) time (h:mm:ss or m:ss): 0:01.59
	Average shared text size (kbytes): 0
	Average unshared data size (kbytes): 0
	Average stack size (kbytes): 0
	Average total size (kbytes): 0
	Maximum resident set size (kbytes): 619760
	Average resident set size (kbytes): 0
	Major (requiring I/O) page faults: 0
	Minor (reclaiming a frame) page faults: 43128
	Voluntary context switches: 1751
	Involuntary context switches: 32
	Swaps: 0
	File system inputs: 0
	File system outputs: 40
	Socket messages sent: 0
	Socket messages received: 0
	Signals delivered: 0
	Page size (bytes): 4096
	Exit status: 0
      ╭───╮╭───╮                                             
 q0 : ┤ h ├┤ h ├─────────────────────────────────────────────
      ├───┤├───┤                                             
 q1 : ┤ h ├┤ h ├─────────────────────────────────────────────
      ├───┤├───┤                                             
 q2 : ┤ h ├┤ h ├─────────────────────────────────────────────
      ├───┤╰───╯     ╭───╮                                   
 q3 : ┤ h ├───────●──┤ h ├───────────────────────────────────
      ├───┤       │  ├───┤                                   
 q4 : ┤ h ├───────┼──┤ h ├───────────────────────────────────
      ├───┤       │  ╰───╯╭───╮                              
 q5 : ┤ h ├───────┼────●──┤ h ├──────────────────────────────
      ├───┤       │    │  ├───┤                              
 q6 : ┤ h ├───────┼────┼──┤ h ├──────────────────────────────
      ├───┤       │    │  ╰───╯╭───╮                         
 q7 : ┤ h ├───────┼────┼────●──┤ h ├─────────────────────────
      ├───┤       │    │    │  ├───┤                         
 q8 : ┤ h ├───────┼────┼────┼──┤ h ├─────────────────────────
      ├───┤       │    │    │  ├───┤                         
 q9 : ┤ h ├───────┼────┼────┼──┤ h ├─────────────────────────
      ├───┤       │    │    │  ╰───╯╭───╮                    
q10 : ┤ h ├───────┼────┼────┼────●──┤ h ├────────────────────
      ├───┤       │    │    │    │  ├───┤                    
q11 : ┤ h ├───────┼────┼────┼────┼──┤ h ├────────────────────
      ├───┤       │    │    │    │  ├───┤                    
q12 : ┤ h ├───────┼────┼────┼────┼──┤ h ├────────────────────
      ├───┤       │    │    │    │  ├───┤                    
q13 : ┤ h ├───────┼────┼────┼────┼──┤ h ├────────────────────
      ├───┤       │    │    │    │  ├───┤                    
q14 : ┤ h ├───────┼────┼────┼────┼──┤ h ├────────────────────
      ├───┤       │    │    │    │  ╰───╯╭───╮               
q15 : ┤ h ├───────┼────┼────┼────┼────●──┤ h ├───────────────
      ├───┤       │    │    │    │    │  ╰───╯╭───╮          
q16 : ┤ h ├───────┼────┼────┼────┼────┼────●──┤ h ├──────────
      ├───┤       │    │    │    │    │    │  ├───┤          
q17 : ┤ h ├───────┼────┼────┼────┼────┼────┼──┤ h ├──────────
      ├───┤       │    │    │    │    │    │  ╰───╯╭───╮     
q18 : ┤ h ├───────┼────┼────┼────┼────┼────┼────●──┤ h ├─────
      ├───┤       │    │    │    │    │    │    │  ├───┤     
q19 : ┤ h ├───────┼────┼────┼────┼────┼────┼────┼──┤ h ├─────
      ├───┤       │    │    │    │    │    │    │  ├───┤     
q20 : ┤ h ├───────┼────┼────┼────┼────┼────┼────┼──┤ h ├─────
      ├───┤       │    │    │    │    │    │    │  ├───┤     
q21 : ┤ h ├───────┼────┼────┼────┼────┼────┼────┼──┤ h ├─────
      ├───┤       │    │    │    │    │    │    │  ╰───╯╭───╮
q22 : ┤ h ├───────┼────┼────┼────┼────┼────┼────┼────●──┤ h ├
      ├───┤       │    │    │    │    │    │    │    │  ├───┤
q23 : ┤ h ├───────┼────┼────┼────┼────┼────┼────┼────┼──┤ h ├
      ├───┤       │    │    │    │    │    │    │    │  ├───┤
q24 : ┤ h ├───────┼────┼────┼────┼────┼────┼────┼────┼──┤ h ├
      ├───┤╭───╮╭─┴─╮╭─┴─╮╭─┴─╮╭─┴─╮╭─┴─╮╭─┴─╮╭─┴─╮╭─┴─╮╰───╯
q25 : ┤ x ├┤ h ├┤ x ├┤ x ├┤ x ├┤ x ├┤ x ├┤ x ├┤ x ├┤ x ├─────
      ╰───╯╰───╯╰───╯╰───╯╰───╯╰───╯╰───╯╰───╯╰───╯╰───╯     

secret bitstring = [0, 0, 0, 1, 0, 1, 0, 1, 0, 0, 1, 0, 0, 0, 0, 1, 1, 0, 1, 0, 0, 0, 1, 0, 0]
measured state = 0001010100100001101000100
Were we successful? True
	Command being timed: "python3 bernstein-vazirani.py 25"
	User time (seconds): 0.91
	System time (seconds): 0.46
	Percent of CPU this job got: 86%
	Elapsed (wall clock) time (h:mm:ss or m:ss): 0:01.58
	Average shared text size (kbytes): 0
	Average unshared data size (kbytes): 0
	Average stack size (kbytes): 0
	Average total size (kbytes): 0
	Maximum resident set size (kbytes): 616648
	Average resident set size (kbytes): 0
	Major (requiring I/O) page faults: 0
	Minor (reclaiming a frame) page faults: 42486
	Voluntary context switches: 1735
	Involuntary context switches: 30
	Swaps: 0
	File system inputs: 0
	File system outputs: 24
	Socket messages sent: 0
	Socket messages received: 0
	Signals delivered: 0
	Page size (bytes): 4096
	Exit status: 0
      ╭───╮╭───╮                                                            »
 q0 : ┤ h ├┤ h ├────────────────────────────────────────────────────────────»
      ├───┤├───┤                                                            »
 q1 : ┤ h ├┤ h ├────────────────────────────────────────────────────────────»
      ├───┤├───┤                                                            »
 q2 : ┤ h ├┤ h ├────────────────────────────────────────────────────────────»
      ├───┤├───┤                                                            »
 q3 : ┤ h ├┤ h ├────────────────────────────────────────────────────────────»
      ├───┤╰───╯     ╭───╮                                                  »
 q4 : ┤ h ├───────●──┤ h ├──────────────────────────────────────────────────»
      ├───┤       │  ╰───╯╭───╮                                             »
 q5 : ┤ h ├───────┼────●──┤ h ├─────────────────────────────────────────────»
      ├───┤       │    │  ├───┤                                             »
 q6 : ┤ h ├───────┼────┼──┤ h ├─────────────────────────────────────────────»
      ├───┤       │    │  ╰───╯╭───╮                                        »
 q7 : ┤ h ├───────┼────┼────●──┤ h ├────────────────────────────────────────»
      ├───┤       │    │    │  ╰───╯╭───╮                                   »
 q8 : ┤ h ├───────┼────┼────┼────●──┤ h ├───────────────────────────────────»
      ├───┤       │    │    │    │  ├───┤                                   »
 q9 : ┤ h ├───────┼────┼────┼────┼──┤ h ├───────────────────────────────────»
      ├───┤       │    │    │    │  ╰───╯╭───╮                              »
q10 : ┤ h ├───────┼────┼────┼────┼────●──┤ h ├──────────────────────────────»
      ├───┤       │    │    │    │    │  ╰───╯╭───╮                         »
q11 : ┤ h ├───────┼────┼────┼────┼────┼────●──┤ h ├─────────────────────────»
      ├───┤       │    │    │    │    │    │  ╰───╯╭───╮                    »
q12 : ┤ h ├───────┼────┼────┼────┼────┼────┼────●──┤ h ├────────────────────»
      ├───┤       │    │    │    │    │    │    │  ╰───╯╭───╮               »
q13 : ┤ h ├───────┼────┼────┼────┼────┼────┼────┼────●──┤ h ├───────────────»
      ├───┤       │    │    │    │    │    │    │    │  ├───┤               »
q14 : ┤ h ├───────┼────┼────┼────┼────┼────┼────┼────┼──┤ h ├───────────────»
      ├───┤       │    │    │    │    │    │    │    │  ├───┤               »
q15 : ┤ h ├───────┼────┼────┼────┼────┼────┼────┼────┼──┤ h ├───────────────»
      ├───┤       │    │    │    │    │    │    │    │  ╰───╯╭───╮          »
q16 : ┤ h ├───────┼────┼────┼────┼────┼────┼────┼────┼────●──┤ h ├──────────»
      ├───┤       │    │    │    │    │    │    │    │    │  ├───┤          »
q17 : ┤ h ├───────┼────┼────┼────┼────┼────┼────┼────┼────┼──┤ h ├──────────»
      ├───┤       │    │    │    │    │    │    │    │    │  ╰───╯╭───╮     »
q18 : ┤ h ├───────┼────┼────┼────┼────┼────┼────┼────┼────┼────●──┤ h ├─────»
      ├───┤       │    │    │    │    │    │    │    │    │    │  ├───┤     »
q19 : ┤ h ├───────┼────┼────┼────┼────┼────┼────┼────┼────┼────┼──┤ h ├─────»
      ├───┤       │    │    │    │    │    │    │    │    │    │  ╰───╯╭───╮»
q20 : ┤ h ├───────┼────┼────┼────┼────┼────┼────┼────┼────┼────┼────●──┤ h ├»
      ├───┤       │    │    │    │    │    │    │    │    │    │    │  ├───┤»
q21 : ┤ h ├───────┼────┼────┼────┼────┼────┼────┼────┼────┼────┼────┼──┤ h ├»
      ├───┤       │    │    │    │    │    │    │    │    │    │    │  ├───┤»
q22 : ┤ h ├───────┼────┼────┼────┼────┼────┼────┼────┼────┼────┼────┼──┤ h ├»
      ├───┤       │    │    │    │    │    │    │    │    │    │    │  ╰───╯»
q23 : ┤ h ├───────┼────┼────┼────┼────┼────┼────┼────┼────┼────┼────┼────●──»
      ├───┤       │    │    │    │    │    │    │    │    │    │    │    │  »
q24 : ┤ h ├───────┼────┼────┼────┼────┼────┼────┼────┼────┼────┼────┼────┼──»
      ├───┤╭───╮╭─┴─╮╭─┴─╮╭─┴─╮╭─┴─╮╭─┴─╮╭─┴─╮╭─┴─╮╭─┴─╮╭─┴─╮╭─┴─╮╭─┴─╮╭─┴─╮»
q25 : ┤ x ├┤ h ├┤ x ├┤ x ├┤ x ├┤ x ├┤ x ├┤ x ├┤ x ├┤ x ├┤ x ├┤ x ├┤ x ├┤ x ├»
      ╰───╯╰───╯╰───╯╰───╯╰───╯╰───╯╰───╯╰───╯╰───╯╰───╯╰───╯╰───╯╰───╯╰───╯»

################################################################################

          
──────────
          
──────────
          
──────────
          
──────────
          
──────────
          
──────────
          
──────────
          
──────────
          
──────────
          
──────────
          
──────────
          
──────────
          
──────────
          
──────────
          
──────────
          
──────────
          
──────────
          
──────────
          
──────────
          
──────────
          
──────────
          
──────────
          
──────────
╭───╮     
┤ h ├─────
╰───╯╭───╮
──●──┤ h ├
╭─┴─╮╰───╯
┤ x ├─────
╰───╯     

secret bitstring = [0, 0, 0, 0, 1, 1, 0, 1, 1, 0, 1, 1, 1, 1, 0, 0, 1, 0, 1, 0, 1, 0, 0, 1, 1]
measured state = 0000110110111100101010011
Were we successful? True
	Command being timed: "python3 bernstein-vazirani.py 25"
	User time (seconds): 0.89
	System time (seconds): 0.46
	Percent of CPU this job got: 85%
	Elapsed (wall clock) time (h:mm:ss or m:ss): 0:01.59
	Average shared text size (kbytes): 0
	Average unshared data size (kbytes): 0
	Average stack size (kbytes): 0
	Average total size (kbytes): 0
	Maximum resident set size (kbytes): 618960
	Average resident set size (kbytes): 0
	Major (requiring I/O) page faults: 0
	Minor (reclaiming a frame) page faults: 43164
	Voluntary context switches: 1753
	Involuntary context switches: 28
	Swaps: 0
	File system inputs: 0
	File system outputs: 32
	Socket messages sent: 0
	Socket messages received: 0
	Signals delivered: 0
	Page size (bytes): 4096
	Exit status: 0
      ╭───╮          ╭───╮                                                  »
 q0 : ┤ h ├───────●──┤ h ├──────────────────────────────────────────────────»
      ├───┤       │  ╰───╯╭───╮                                             »
 q1 : ┤ h ├───────┼────●──┤ h ├─────────────────────────────────────────────»
      ├───┤       │    │  ├───┤                                             »
 q2 : ┤ h ├───────┼────┼──┤ h ├─────────────────────────────────────────────»
      ├───┤       │    │  ├───┤                                             »
 q3 : ┤ h ├───────┼────┼──┤ h ├─────────────────────────────────────────────»
      ├───┤       │    │  ╰───╯╭───╮                                        »
 q4 : ┤ h ├───────┼────┼────●──┤ h ├────────────────────────────────────────»
      ├───┤       │    │    │  ╰───╯╭───╮                                   »
 q5 : ┤ h ├───────┼────┼────┼────●──┤ h ├───────────────────────────────────»
      ├───┤       │    │    │    │  ╰───╯╭───╮                              »
 q6 : ┤ h ├───────┼────┼────┼────┼────●──┤ h ├──────────────────────────────»
      ├───┤       │    │    │    │    │  ╰───╯╭───╮                         »
 q7 : ┤ h ├───────┼────┼────┼────┼────┼────●──┤ h ├─────────────────────────»
      ├───┤       │    │    │    │    │    │  ╰───╯╭───╮                    »
 q8 : ┤ h ├───────┼────┼────┼────┼────┼────┼────●──┤ h ├────────────────────»
      ├───┤       │    │    │    │    │    │    │  ├───┤                    »
 q9 : ┤ h ├───────┼────┼────┼────┼────┼────┼────┼──┤ h ├────────────────────»
      ├───┤       │    │    │    │    │    │    │  ├───┤                    »
q10 : ┤ h ├───────┼────┼────┼────┼────┼────┼────┼──┤ h ├────────────────────»
      ├───┤       │    │    │    │    │    │    │  ├───┤                    »
q11 : ┤ h ├───────┼────┼────┼────┼────┼────┼────┼──┤ h ├────────────────────»
      ├───┤       │    │    │    │    │    │    │  ╰───╯╭───╮               »
q12 : ┤ h ├───────┼────┼────┼────┼────┼────┼────┼────●──┤ h ├───────────────»
      ├───┤       │    │    │    │    │    │    │    │  ├───┤               »
q13 : ┤ h ├───────┼────┼────┼────┼────┼────┼────┼────┼──┤ h ├───────────────»
      ├───┤       │    │    │    │    │    │    │    │  ├───┤               »
q14 : ┤ h ├───────┼────┼────┼────┼────┼────┼────┼────┼──┤ h ├───────────────»
      ├───┤       │    │    │    │    │    │    │    │  ├───┤               »
q15 : ┤ h ├───────┼────┼────┼────┼────┼────┼────┼────┼──┤ h ├───────────────»
      ├───┤       │    │    │    │    │    │    │    │  ╰───╯╭───╮          »
q16 : ┤ h ├───────┼────┼────┼────┼────┼────┼────┼────┼────●──┤ h ├──────────»
      ├───┤       │    │    │    │    │    │    │    │    │  ├───┤          »
q17 : ┤ h ├───────┼────┼────┼────┼────┼────┼────┼────┼────┼──┤ h ├──────────»
      ├───┤       │    │    │    │    │    │    │    │    │  ╰───╯╭───╮     »
q18 : ┤ h ├───────┼────┼────┼────┼────┼────┼────┼────┼────┼────●──┤ h ├─────»
      ├───┤       │    │    │    │    │    │    │    │    │    │  ├───┤     »
q19 : ┤ h ├───────┼────┼────┼────┼────┼────┼────┼────┼────┼────┼──┤ h ├─────»
      ├───┤       │    │    │    │    │    │    │    │    │    │  ├───┤     »
q20 : ┤ h ├───────┼────┼────┼────┼────┼────┼────┼────┼────┼────┼──┤ h ├─────»
      ├───┤       │    │    │    │    │    │    │    │    │    │  ╰───╯╭───╮»
q21 : ┤ h ├───────┼────┼────┼────┼────┼────┼────┼────┼────┼────┼────●──┤ h ├»
      ├───┤       │    │    │    │    │    │    │    │    │    │    │  ├───┤»
q22 : ┤ h ├───────┼────┼────┼────┼────┼────┼────┼────┼────┼────┼────┼──┤ h ├»
      ├───┤       │    │    │    │    │    │    │    │    │    │    │  ╰───╯»
q23 : ┤ h ├───────┼────┼────┼────┼────┼────┼────┼────┼────┼────┼────┼────●──»
      ├───┤       │    │    │    │    │    │    │    │    │    │    │    │  »
q24 : ┤ h ├───────┼────┼────┼────┼────┼────┼────┼────┼────┼────┼────┼────┼──»
      ├───┤╭───╮╭─┴─╮╭─┴─╮╭─┴─╮╭─┴─╮╭─┴─╮╭─┴─╮╭─┴─╮╭─┴─╮╭─┴─╮╭─┴─╮╭─┴─╮╭─┴─╮»
q25 : ┤ x ├┤ h ├┤ x ├┤ x ├┤ x ├┤ x ├┤ x ├┤ x ├┤ x ├┤ x ├┤ x ├┤ x ├┤ x ├┤ x ├»
      ╰───╯╰───╯╰───╯╰───╯╰───╯╰───╯╰───╯╰───╯╰───╯╰───╯╰───╯╰───╯╰───╯╰───╯»

################################################################################

          
──────────
          
──────────
          
──────────
          
──────────
          
──────────
          
──────────
          
──────────
          
──────────
          
──────────
          
──────────
          
──────────
          
──────────
          
──────────
          
──────────
          
──────────
          
──────────
          
──────────
          
──────────
          
──────────
          
──────────
          
──────────
          
──────────
          
──────────
╭───╮     
┤ h ├─────
╰───╯╭───╮
──●──┤ h ├
╭─┴─╮╰───╯
┤ x ├─────
╰───╯     

secret bitstring = [1, 1, 0, 0, 1, 1, 1, 1, 1, 0, 0, 0, 1, 0, 0, 0, 1, 0, 1, 0, 0, 1, 0, 1, 1]
measured state = 1100111110001000101001011
Were we successful? True
	Command being timed: "python3 bernstein-vazirani.py 25"
	User time (seconds): 0.87
	System time (seconds): 0.49
	Percent of CPU this job got: 86%
	Elapsed (wall clock) time (h:mm:ss or m:ss): 0:01.59
	Average shared text size (kbytes): 0
	Average unshared data size (kbytes): 0
	Average stack size (kbytes): 0
	Average total size (kbytes): 0
	Maximum resident set size (kbytes): 620396
	Average resident set size (kbytes): 0
	Major (requiring I/O) page faults: 0
	Minor (reclaiming a frame) page faults: 43407
	Voluntary context switches: 1715
	Involuntary context switches: 29
	Swaps: 0
	File system inputs: 0
	File system outputs: 40
	Socket messages sent: 0
	Socket messages received: 0
	Signals delivered: 0
	Page size (bytes): 4096
	Exit status: 0
      ╭───╮          ╭───╮                                        
 q0 : ┤ h ├───────●──┤ h ├────────────────────────────────────────
      ├───┤       │  ├───┤                                        
 q1 : ┤ h ├───────┼──┤ h ├────────────────────────────────────────
      ├───┤       │  ╰───╯╭───╮                                   
 q2 : ┤ h ├───────┼────●──┤ h ├───────────────────────────────────
      ├───┤       │    │  ├───┤                                   
 q3 : ┤ h ├───────┼────┼──┤ h ├───────────────────────────────────
      ├───┤       │    │  ├───┤                                   
 q4 : ┤ h ├───────┼────┼──┤ h ├───────────────────────────────────
      ├───┤       │    │  ├───┤                                   
 q5 : ┤ h ├───────┼────┼──┤ h ├───────────────────────────────────
      ├───┤       │    │  ╰───╯╭───╮                              
 q6 : ┤ h ├───────┼────┼────●──┤ h ├──────────────────────────────
      ├───┤       │    │    │  ╰───╯╭───╮                         
 q7 : ┤ h ├───────┼────┼────┼────●──┤ h ├─────────────────────────
      ├───┤       │    │    │    │  ╰───╯╭───╮                    
 q8 : ┤ h ├───────┼────┼────┼────┼────●──┤ h ├────────────────────
      ├───┤       │    │    │    │    │  ├───┤                    
 q9 : ┤ h ├───────┼────┼────┼────┼────┼──┤ h ├────────────────────
      ├───┤       │    │    │    │    │  ├───┤                    
q10 : ┤ h ├───────┼────┼────┼────┼────┼──┤ h ├────────────────────
      ├───┤       │    │    │    │    │  ├───┤                    
q11 : ┤ h ├───────┼────┼────┼────┼────┼──┤ h ├────────────────────
      ├───┤       │    │    │    │    │  ├───┤                    
q12 : ┤ h ├───────┼────┼────┼────┼────┼──┤ h ├────────────────────
      ├───┤       │    │    │    │    │  ├───┤                    
q13 : ┤ h ├───────┼────┼────┼────┼────┼──┤ h ├────────────────────
      ├───┤       │    │    │    │    │  ├───┤                    
q14 : ┤ h ├───────┼────┼────┼────┼────┼──┤ h ├────────────────────
      ├───┤       │    │    │    │    │  ├───┤                    
q15 : ┤ h ├───────┼────┼────┼────┼────┼──┤ h ├────────────────────
      ├───┤       │    │    │    │    │  ╰───╯╭───╮               
q16 : ┤ h ├───────┼────┼────┼────┼────┼────●──┤ h ├───────────────
      ├───┤       │    │    │    │    │    │  ├───┤               
q17 : ┤ h ├───────┼────┼────┼────┼────┼────┼──┤ h ├───────────────
      ├───┤       │    │    │    │    │    │  ╰───╯╭───╮          
q18 : ┤ h ├───────┼────┼────┼────┼────┼────┼────●──┤ h ├──────────
      ├───┤       │    │    │    │    │    │    │  ╰───╯╭───╮     
q19 : ┤ h ├───────┼────┼────┼────┼────┼────┼────┼────●──┤ h ├─────
      ├───┤       │    │    │    │    │    │    │    │  ├───┤     
q20 : ┤ h ├───────┼────┼────┼────┼────┼────┼────┼────┼──┤ h ├─────
      ├───┤       │    │    │    │    │    │    │    │  ├───┤     
q21 : ┤ h ├───────┼────┼────┼────┼────┼────┼────┼────┼──┤ h ├─────
      ├───┤       │    │    │    │    │    │    │    │  ├───┤     
q22 : ┤ h ├───────┼────┼────┼────┼────┼────┼────┼────┼──┤ h ├─────
      ├───┤       │    │    │    │    │    │    │    │  ├───┤     
q23 : ┤ h ├───────┼────┼────┼────┼────┼────┼────┼────┼──┤ h ├─────
      ├───┤       │    │    │    │    │    │    │    │  ╰───╯╭───╮
q24 : ┤ h ├───────┼────┼────┼────┼────┼────┼────┼────┼────●──┤ h ├
      ├───┤╭───╮╭─┴─╮╭─┴─╮╭─┴─╮╭─┴─╮╭─┴─╮╭─┴─╮╭─┴─╮╭─┴─╮╭─┴─╮╰───╯
q25 : ┤ x ├┤ h ├┤ x ├┤ x ├┤ x ├┤ x ├┤ x ├┤ x ├┤ x ├┤ x ├┤ x ├─────
      ╰───╯╰───╯╰───╯╰───╯╰───╯╰───╯╰───╯╰───╯╰───╯╰───╯╰───╯     

secret bitstring = [1, 0, 1, 0, 0, 0, 1, 1, 1, 0, 0, 0, 0, 0, 0, 0, 1, 0, 1, 1, 0, 0, 0, 0, 1]
measured state = 1010001110000000101100001
Were we successful? True
	Command being timed: "python3 bernstein-vazirani.py 25"
	User time (seconds): 0.90
	System time (seconds): 0.48
	Percent of CPU this job got: 86%
	Elapsed (wall clock) time (h:mm:ss or m:ss): 0:01.61
	Average shared text size (kbytes): 0
	Average unshared data size (kbytes): 0
	Average stack size (kbytes): 0
	Average total size (kbytes): 0
	Maximum resident set size (kbytes): 617896
	Average resident set size (kbytes): 0
	Major (requiring I/O) page faults: 0
	Minor (reclaiming a frame) page faults: 42838
	Voluntary context switches: 1738
	Involuntary context switches: 27
	Swaps: 0
	File system inputs: 0
	File system outputs: 32
	Socket messages sent: 0
	Socket messages received: 0
	Signals delivered: 0
	Page size (bytes): 4096
	Exit status: 0
      ╭───╮          ╭───╮                                                  »
 q0 : ┤ h ├───────●──┤ h ├──────────────────────────────────────────────────»
      ├───┤       │  ╰───╯╭───╮                                             »
 q1 : ┤ h ├───────┼────●──┤ h ├─────────────────────────────────────────────»
      ├───┤       │    │  ╰───╯╭───╮                                        »
 q2 : ┤ h ├───────┼────┼────●──┤ h ├────────────────────────────────────────»
      ├───┤       │    │    │  ├───┤                                        »
 q3 : ┤ h ├───────┼────┼────┼──┤ h ├────────────────────────────────────────»
      ├───┤       │    │    │  ├───┤                                        »
 q4 : ┤ h ├───────┼────┼────┼──┤ h ├────────────────────────────────────────»
      ├───┤       │    │    │  ╰───╯╭───╮                                   »
 q5 : ┤ h ├───────┼────┼────┼────●──┤ h ├───────────────────────────────────»
      ├───┤       │    │    │    │  ╰───╯╭───╮                              »
 q6 : ┤ h ├───────┼────┼────┼────┼────●──┤ h ├──────────────────────────────»
      ├───┤       │    │    │    │    │  ╰───╯╭───╮                         »
 q7 : ┤ h ├───────┼────┼────┼────┼────┼────●──┤ h ├─────────────────────────»
      ├───┤       │    │    │    │    │    │  ├───┤                         »
 q8 : ┤ h ├───────┼────┼────┼────┼────┼────┼──┤ h ├─────────────────────────»
      ├───┤       │    │    │    │    │    │  ╰───╯╭───╮                    »
 q9 : ┤ h ├───────┼────┼────┼────┼────┼────┼────●──┤ h ├────────────────────»
      ├───┤       │    │    │    │    │    │    │  ├───┤                    »
q10 : ┤ h ├───────┼────┼────┼────┼────┼────┼────┼──┤ h ├────────────────────»
      ├───┤       │    │    │    │    │    │    │  ╰───╯╭───╮               »
q11 : ┤ h ├───────┼────┼────┼────┼────┼────┼────┼────●──┤ h ├───────────────»
      ├───┤       │    │    │    │    │    │    │    │  ╰───╯╭───╮          »
q12 : ┤ h ├───────┼────┼────┼────┼────┼────┼────┼────┼────●──┤ h ├──────────»
      ├───┤       │    │    │    │    │    │    │    │    │  ╰───╯╭───╮     »
q13 : ┤ h ├───────┼────┼────┼────┼────┼────┼────┼────┼────┼────●──┤ h ├─────»
      ├───┤       │    │    │    │    │    │    │    │    │    │  ╰───╯╭───╮»
q14 : ┤ h ├───────┼────┼────┼────┼────┼────┼────┼────┼────┼────┼────●──┤ h ├»
      ├───┤       │    │    │    │    │    │    │    │    │    │    │  ├───┤»
q15 : ┤ h ├───────┼────┼────┼────┼────┼────┼────┼────┼────┼────┼────┼──┤ h ├»
      ├───┤       │    │    │    │    │    │    │    │    │    │    │  ╰───╯»
q16 : ┤ h ├───────┼────┼────┼────┼────┼────┼────┼────┼────┼────┼────┼────●──»
      ├───┤       │    │    │    │    │    │    │    │    │    │    │    │  »
q17 : ┤ h ├───────┼────┼────┼────┼────┼────┼────┼────┼────┼────┼────┼────┼──»
      ├───┤       │    │    │    │    │    │    │    │    │    │    │    │  »
q18 : ┤ h ├───────┼────┼────┼────┼────┼────┼────┼────┼────┼────┼────┼────┼──»
      ├───┤       │    │    │    │    │    │    │    │    │    │    │    │  »
q19 : ┤ h ├───────┼────┼────┼────┼────┼────┼────┼────┼────┼────┼────┼────┼──»
      ├───┤       │    │    │    │    │    │    │    │    │    │    │    │  »
q20 : ┤ h ├───────┼────┼────┼────┼────┼────┼────┼────┼────┼────┼────┼────┼──»
      ├───┤       │    │    │    │    │    │    │    │    │    │    │    │  »
q21 : ┤ h ├───────┼────┼────┼────┼────┼────┼────┼────┼────┼────┼────┼────┼──»
      ├───┤       │    │    │    │    │    │    │    │    │    │    │    │  »
q22 : ┤ h ├───────┼────┼────┼────┼────┼────┼────┼────┼────┼────┼────┼────┼──»
      ├───┤       │    │    │    │    │    │    │    │    │    │    │    │  »
q23 : ┤ h ├───────┼────┼────┼────┼────┼────┼────┼────┼────┼────┼────┼────┼──»
      ├───┤       │    │    │    │    │    │    │    │    │    │    │    │  »
q24 : ┤ h ├───────┼────┼────┼────┼────┼────┼────┼────┼────┼────┼────┼────┼──»
      ├───┤╭───╮╭─┴─╮╭─┴─╮╭─┴─╮╭─┴─╮╭─┴─╮╭─┴─╮╭─┴─╮╭─┴─╮╭─┴─╮╭─┴─╮╭─┴─╮╭─┴─╮»
q25 : ┤ x ├┤ h ├┤ x ├┤ x ├┤ x ├┤ x ├┤ x ├┤ x ├┤ x ├┤ x ├┤ x ├┤ x ├┤ x ├┤ x ├»
      ╰───╯╰───╯╰───╯╰───╯╰───╯╰───╯╰───╯╰───╯╰───╯╰───╯╰───╯╰───╯╰───╯╰───╯»

################################################################################

                              
──────────────────────────────
                              
──────────────────────────────
                              
──────────────────────────────
                              
──────────────────────────────
                              
──────────────────────────────
                              
──────────────────────────────
                              
──────────────────────────────
                              
──────────────────────────────
                              
──────────────────────────────
                              
──────────────────────────────
                              
──────────────────────────────
                              
──────────────────────────────
                              
──────────────────────────────
                              
──────────────────────────────
                              
──────────────────────────────
                              
──────────────────────────────
╭───╮                         
┤ h ├─────────────────────────
╰───╯╭───╮                    
──●──┤ h ├────────────────────
  │  ├───┤                    
──┼──┤ h ├────────────────────
  │  ╰───╯╭───╮               
──┼────●──┤ h ├───────────────
  │    │  ╰───╯╭───╮          
──┼────┼────●──┤ h ├──────────
  │    │    │  ╰───╯╭───╮     
──┼────┼────┼────●──┤ h ├─────
  │    │    │    │  ├───┤     
──┼────┼────┼────┼──┤ h ├─────
  │    │    │    │  ╰───╯╭───╮
──┼────┼────┼────┼────●──┤ h ├
  │    │    │    │    │  ├───┤
──┼────┼────┼────┼────┼──┤ h ├
╭─┴─╮╭─┴─╮╭─┴─╮╭─┴─╮╭─┴─╮╰───╯
┤ x ├┤ x ├┤ x ├┤ x ├┤ x ├─────
╰───╯╰───╯╰───╯╰───╯╰───╯     

secret bitstring = [1, 1, 1, 0, 0, 1, 1, 1, 0, 1, 0, 1, 1, 1, 1, 0, 1, 1, 0, 1, 1, 1, 0, 1, 0]
measured state = 1110011101011110110111010
Were we successful? True
	Command being timed: "python3 bernstein-vazirani.py 25"
	User time (seconds): 0.88
	System time (seconds): 0.48
	Percent of CPU this job got: 85%
	Elapsed (wall clock) time (h:mm:ss or m:ss): 0:01.59
	Average shared text size (kbytes): 0
	Average unshared data size (kbytes): 0
	Average stack size (kbytes): 0
	Average total size (kbytes): 0
	Maximum resident set size (kbytes): 623488
	Average resident set size (kbytes): 0
	Major (requiring I/O) page faults: 0
	Minor (reclaiming a frame) page faults: 42819
	Voluntary context switches: 1730
	Involuntary context switches: 30
	Swaps: 0
	File system inputs: 0
	File system outputs: 40
	Socket messages sent: 0
	Socket messages received: 0
	Signals delivered: 0
	Page size (bytes): 4096
	Exit status: 0
