WARNING: overwriting environment variables set in the machine
overwriting variable ['LD_LIBRARY_PATH']
     ╭───╮╭───╮                    
q0 : ┤ h ├┤ h ├────────────────────
     ├───┤├───┤                    
q1 : ┤ h ├┤ h ├────────────────────
     ├───┤├───┤                    
q2 : ┤ h ├┤ h ├────────────────────
     ├───┤├───┤                    
q3 : ┤ h ├┤ h ├────────────────────
     ├───┤├───┤                    
q4 : ┤ h ├┤ h ├────────────────────
     ├───┤╰───╯     ╭───╮          
q5 : ┤ h ├───────●──┤ h ├──────────
     ├───┤       │  ╰───╯╭───╮     
q6 : ┤ h ├───────┼────●──┤ h ├─────
     ├───┤       │    │  ╰───╯╭───╮
q7 : ┤ h ├───────┼────┼────●──┤ h ├
     ├───┤╭───╮╭─┴─╮╭─┴─╮╭─┴─╮╰───╯
q8 : ┤ x ├┤ h ├┤ x ├┤ x ├┤ x ├─────
     ╰───╯╰───╯╰───╯╰───╯╰───╯     

secret bitstring = [0, 0, 0, 0, 0, 1, 1, 1]
measured state = 00000111
Were we successful? True
	Command being timed: "python3 bernstein-vazirani.py 8"
	User time (seconds): 0.88
	System time (seconds): 0.47
	Percent of CPU this job got: 89%
	Elapsed (wall clock) time (h:mm:ss or m:ss): 0:01.52
	Average shared text size (kbytes): 0
	Average unshared data size (kbytes): 0
	Average stack size (kbytes): 0
	Average total size (kbytes): 0
	Maximum resident set size (kbytes): 621560
	Average resident set size (kbytes): 0
	Major (requiring I/O) page faults: 0
	Minor (reclaiming a frame) page faults: 42628
	Voluntary context switches: 3374
	Involuntary context switches: 27
	Swaps: 0
	File system inputs: 0
	File system outputs: 16
	Socket messages sent: 0
	Socket messages received: 0
	Signals delivered: 0
	Page size (bytes): 4096
	Exit status: 0
     ╭───╮          ╭───╮          
q0 : ┤ h ├───────●──┤ h ├──────────
     ├───┤       │  ╰───╯╭───╮     
q1 : ┤ h ├───────┼────●──┤ h ├─────
     ├───┤       │    │  ├───┤     
q2 : ┤ h ├───────┼────┼──┤ h ├─────
     ├───┤       │    │  ├───┤     
q3 : ┤ h ├───────┼────┼──┤ h ├─────
     ├───┤       │    │  ├───┤     
q4 : ┤ h ├───────┼────┼──┤ h ├─────
     ├───┤       │    │  ├───┤     
q5 : ┤ h ├───────┼────┼──┤ h ├─────
     ├───┤       │    │  ╰───╯╭───╮
q6 : ┤ h ├───────┼────┼────●──┤ h ├
     ├───┤       │    │    │  ├───┤
q7 : ┤ h ├───────┼────┼────┼──┤ h ├
     ├───┤╭───╮╭─┴─╮╭─┴─╮╭─┴─╮╰───╯
q8 : ┤ x ├┤ h ├┤ x ├┤ x ├┤ x ├─────
     ╰───╯╰───╯╰───╯╰───╯╰───╯     

secret bitstring = [1, 1, 0, 0, 0, 0, 1, 0]
measured state = 11000010
Were we successful? True
	Command being timed: "python3 bernstein-vazirani.py 8"
	User time (seconds): 0.88
	System time (seconds): 0.41
	Percent of CPU this job got: 92%
	Elapsed (wall clock) time (h:mm:ss or m:ss): 0:01.41
	Average shared text size (kbytes): 0
	Average unshared data size (kbytes): 0
	Average stack size (kbytes): 0
	Average total size (kbytes): 0
	Maximum resident set size (kbytes): 619644
	Average resident set size (kbytes): 0
	Major (requiring I/O) page faults: 0
	Minor (reclaiming a frame) page faults: 43376
	Voluntary context switches: 1615
	Involuntary context switches: 29
	Swaps: 0
	File system inputs: 0
	File system outputs: 16
	Socket messages sent: 0
	Socket messages received: 0
	Signals delivered: 0
	Page size (bytes): 4096
	Exit status: 0
     ╭───╮          ╭───╮               
q0 : ┤ h ├───────●──┤ h ├───────────────
     ├───┤       │  ├───┤               
q1 : ┤ h ├───────┼──┤ h ├───────────────
     ├───┤       │  ├───┤               
q2 : ┤ h ├───────┼──┤ h ├───────────────
     ├───┤       │  ╰───╯╭───╮          
q3 : ┤ h ├───────┼────●──┤ h ├──────────
     ├───┤       │    │  ├───┤          
q4 : ┤ h ├───────┼────┼──┤ h ├──────────
     ├───┤       │    │  ╰───╯╭───╮     
q5 : ┤ h ├───────┼────┼────●──┤ h ├─────
     ├───┤       │    │    │  ╰───╯╭───╮
q6 : ┤ h ├───────┼────┼────┼────●──┤ h ├
     ├───┤       │    │    │    │  ├───┤
q7 : ┤ h ├───────┼────┼────┼────┼──┤ h ├
     ├───┤╭───╮╭─┴─╮╭─┴─╮╭─┴─╮╭─┴─╮╰───╯
q8 : ┤ x ├┤ h ├┤ x ├┤ x ├┤ x ├┤ x ├─────
     ╰───╯╰───╯╰───╯╰───╯╰───╯╰───╯     

secret bitstring = [1, 0, 0, 1, 0, 1, 1, 0]
measured state = 10010110
Were we successful? True
	Command being timed: "python3 bernstein-vazirani.py 8"
	User time (seconds): 0.87
	System time (seconds): 0.43
	Percent of CPU this job got: 93%
	Elapsed (wall clock) time (h:mm:ss or m:ss): 0:01.39
	Average shared text size (kbytes): 0
	Average unshared data size (kbytes): 0
	Average stack size (kbytes): 0
	Average total size (kbytes): 0
	Maximum resident set size (kbytes): 619744
	Average resident set size (kbytes): 0
	Major (requiring I/O) page faults: 0
	Minor (reclaiming a frame) page faults: 43303
	Voluntary context switches: 1618
	Involuntary context switches: 33
	Swaps: 0
	File system inputs: 0
	File system outputs: 16
	Socket messages sent: 0
	Socket messages received: 0
	Signals delivered: 0
	Page size (bytes): 4096
	Exit status: 0
     ╭───╮╭───╮                         
q0 : ┤ h ├┤ h ├─────────────────────────
     ├───┤├───┤                         
q1 : ┤ h ├┤ h ├─────────────────────────
     ├───┤├───┤                         
q2 : ┤ h ├┤ h ├─────────────────────────
     ├───┤╰───╯     ╭───╮               
q3 : ┤ h ├───────●──┤ h ├───────────────
     ├───┤       │  ╰───╯╭───╮          
q4 : ┤ h ├───────┼────●──┤ h ├──────────
     ├───┤       │    │  ├───┤          
q5 : ┤ h ├───────┼────┼──┤ h ├──────────
     ├───┤       │    │  ╰───╯╭───╮     
q6 : ┤ h ├───────┼────┼────●──┤ h ├─────
     ├───┤       │    │    │  ╰───╯╭───╮
q7 : ┤ h ├───────┼────┼────┼────●──┤ h ├
     ├───┤╭───╮╭─┴─╮╭─┴─╮╭─┴─╮╭─┴─╮╰───╯
q8 : ┤ x ├┤ h ├┤ x ├┤ x ├┤ x ├┤ x ├─────
     ╰───╯╰───╯╰───╯╰───╯╰───╯╰───╯     

secret bitstring = [0, 0, 0, 1, 1, 0, 1, 1]
measured state = 00011011
Were we successful? True
	Command being timed: "python3 bernstein-vazirani.py 8"
	User time (seconds): 0.89
	System time (seconds): 0.40
	Percent of CPU this job got: 93%
	Elapsed (wall clock) time (h:mm:ss or m:ss): 0:01.39
	Average shared text size (kbytes): 0
	Average unshared data size (kbytes): 0
	Average stack size (kbytes): 0
	Average total size (kbytes): 0
	Maximum resident set size (kbytes): 622704
	Average resident set size (kbytes): 0
	Major (requiring I/O) page faults: 0
	Minor (reclaiming a frame) page faults: 43287
	Voluntary context switches: 1610
	Involuntary context switches: 29
	Swaps: 0
	File system inputs: 0
	File system outputs: 24
	Socket messages sent: 0
	Socket messages received: 0
	Signals delivered: 0
	Page size (bytes): 4096
	Exit status: 0
     ╭───╮          ╭───╮                         
q0 : ┤ h ├───────●──┤ h ├─────────────────────────
     ├───┤       │  ╰───╯╭───╮                    
q1 : ┤ h ├───────┼────●──┤ h ├────────────────────
     ├───┤       │    │  ╰───╯╭───╮               
q2 : ┤ h ├───────┼────┼────●──┤ h ├───────────────
     ├───┤       │    │    │  ╰───╯╭───╮          
q3 : ┤ h ├───────┼────┼────┼────●──┤ h ├──────────
     ├───┤       │    │    │    │  ╰───╯╭───╮     
q4 : ┤ h ├───────┼────┼────┼────┼────●──┤ h ├─────
     ├───┤       │    │    │    │    │  ├───┤     
q5 : ┤ h ├───────┼────┼────┼────┼────┼──┤ h ├─────
     ├───┤       │    │    │    │    │  ├───┤     
q6 : ┤ h ├───────┼────┼────┼────┼────┼──┤ h ├─────
     ├───┤       │    │    │    │    │  ╰───╯╭───╮
q7 : ┤ h ├───────┼────┼────┼────┼────┼────●──┤ h ├
     ├───┤╭───╮╭─┴─╮╭─┴─╮╭─┴─╮╭─┴─╮╭─┴─╮╭─┴─╮╰───╯
q8 : ┤ x ├┤ h ├┤ x ├┤ x ├┤ x ├┤ x ├┤ x ├┤ x ├─────
     ╰───╯╰───╯╰───╯╰───╯╰───╯╰───╯╰───╯╰───╯     

secret bitstring = [1, 1, 1, 1, 1, 0, 0, 1]
measured state = 11111001
Were we successful? True
	Command being timed: "python3 bernstein-vazirani.py 8"
	User time (seconds): 0.87
	System time (seconds): 0.44
	Percent of CPU this job got: 92%
	Elapsed (wall clock) time (h:mm:ss or m:ss): 0:01.42
	Average shared text size (kbytes): 0
	Average unshared data size (kbytes): 0
	Average stack size (kbytes): 0
	Average total size (kbytes): 0
	Maximum resident set size (kbytes): 619780
	Average resident set size (kbytes): 0
	Major (requiring I/O) page faults: 0
	Minor (reclaiming a frame) page faults: 42826
	Voluntary context switches: 1619
	Involuntary context switches: 27
	Swaps: 0
	File system inputs: 0
	File system outputs: 16
	Socket messages sent: 0
	Socket messages received: 0
	Signals delivered: 0
	Page size (bytes): 4096
	Exit status: 0
     ╭───╮╭───╮                         
q0 : ┤ h ├┤ h ├─────────────────────────
     ├───┤├───┤                         
q1 : ┤ h ├┤ h ├─────────────────────────
     ├───┤╰───╯     ╭───╮               
q2 : ┤ h ├───────●──┤ h ├───────────────
     ├───┤       │  ╰───╯╭───╮          
q3 : ┤ h ├───────┼────●──┤ h ├──────────
     ├───┤       │    │  ├───┤          
q4 : ┤ h ├───────┼────┼──┤ h ├──────────
     ├───┤       │    │  ╰───╯╭───╮     
q5 : ┤ h ├───────┼────┼────●──┤ h ├─────
     ├───┤       │    │    │  ╰───╯╭───╮
q6 : ┤ h ├───────┼────┼────┼────●──┤ h ├
     ├───┤       │    │    │    │  ├───┤
q7 : ┤ h ├───────┼────┼────┼────┼──┤ h ├
     ├───┤╭───╮╭─┴─╮╭─┴─╮╭─┴─╮╭─┴─╮╰───╯
q8 : ┤ x ├┤ h ├┤ x ├┤ x ├┤ x ├┤ x ├─────
     ╰───╯╰───╯╰───╯╰───╯╰───╯╰───╯     

secret bitstring = [0, 0, 1, 1, 0, 1, 1, 0]
measured state = 00110110
Were we successful? True
	Command being timed: "python3 bernstein-vazirani.py 8"
	User time (seconds): 0.87
	System time (seconds): 0.43
	Percent of CPU this job got: 92%
	Elapsed (wall clock) time (h:mm:ss or m:ss): 0:01.40
	Average shared text size (kbytes): 0
	Average unshared data size (kbytes): 0
	Average stack size (kbytes): 0
	Average total size (kbytes): 0
	Maximum resident set size (kbytes): 620844
	Average resident set size (kbytes): 0
	Major (requiring I/O) page faults: 0
	Minor (reclaiming a frame) page faults: 43082
	Voluntary context switches: 1626
	Involuntary context switches: 31
	Swaps: 0
	File system inputs: 0
	File system outputs: 16
	Socket messages sent: 0
	Socket messages received: 0
	Signals delivered: 0
	Page size (bytes): 4096
	Exit status: 0
     ╭───╮╭───╮                              
q0 : ┤ h ├┤ h ├──────────────────────────────
     ├───┤├───┤                              
q1 : ┤ h ├┤ h ├──────────────────────────────
     ├───┤╰───╯     ╭───╮                    
q2 : ┤ h ├───────●──┤ h ├────────────────────
     ├───┤       │  ╰───╯╭───╮               
q3 : ┤ h ├───────┼────●──┤ h ├───────────────
     ├───┤       │    │  ╰───╯╭───╮          
q4 : ┤ h ├───────┼────┼────●──┤ h ├──────────
     ├───┤       │    │    │  ╰───╯╭───╮     
q5 : ┤ h ├───────┼────┼────┼────●──┤ h ├─────
     ├───┤       │    │    │    │  ├───┤     
q6 : ┤ h ├───────┼────┼────┼────┼──┤ h ├─────
     ├───┤       │    │    │    │  ╰───╯╭───╮
q7 : ┤ h ├───────┼────┼────┼────┼────●──┤ h ├
     ├───┤╭───╮╭─┴─╮╭─┴─╮╭─┴─╮╭─┴─╮╭─┴─╮╰───╯
q8 : ┤ x ├┤ h ├┤ x ├┤ x ├┤ x ├┤ x ├┤ x ├─────
     ╰───╯╰───╯╰───╯╰───╯╰───╯╰───╯╰───╯     

secret bitstring = [0, 0, 1, 1, 1, 1, 0, 1]
measured state = 00111101
Were we successful? True
	Command being timed: "python3 bernstein-vazirani.py 8"
	User time (seconds): 0.87
	System time (seconds): 0.42
	Percent of CPU this job got: 92%
	Elapsed (wall clock) time (h:mm:ss or m:ss): 0:01.40
	Average shared text size (kbytes): 0
	Average unshared data size (kbytes): 0
	Average stack size (kbytes): 0
	Average total size (kbytes): 0
	Maximum resident set size (kbytes): 620412
	Average resident set size (kbytes): 0
	Major (requiring I/O) page faults: 0
	Minor (reclaiming a frame) page faults: 43371
	Voluntary context switches: 1632
	Involuntary context switches: 26
	Swaps: 0
	File system inputs: 0
	File system outputs: 24
	Socket messages sent: 0
	Socket messages received: 0
	Signals delivered: 0
	Page size (bytes): 4096
	Exit status: 0
     ╭───╮          ╭───╮               
q0 : ┤ h ├───────●──┤ h ├───────────────
     ├───┤       │  ├───┤               
q1 : ┤ h ├───────┼──┤ h ├───────────────
     ├───┤       │  ├───┤               
q2 : ┤ h ├───────┼──┤ h ├───────────────
     ├───┤       │  ╰───╯╭───╮          
q3 : ┤ h ├───────┼────●──┤ h ├──────────
     ├───┤       │    │  ├───┤          
q4 : ┤ h ├───────┼────┼──┤ h ├──────────
     ├───┤       │    │  ╰───╯╭───╮     
q5 : ┤ h ├───────┼────┼────●──┤ h ├─────
     ├───┤       │    │    │  ├───┤     
q6 : ┤ h ├───────┼────┼────┼──┤ h ├─────
     ├───┤       │    │    │  ╰───╯╭───╮
q7 : ┤ h ├───────┼────┼────┼────●──┤ h ├
     ├───┤╭───╮╭─┴─╮╭─┴─╮╭─┴─╮╭─┴─╮╰───╯
q8 : ┤ x ├┤ h ├┤ x ├┤ x ├┤ x ├┤ x ├─────
     ╰───╯╰───╯╰───╯╰───╯╰───╯╰───╯     

secret bitstring = [1, 0, 0, 1, 0, 1, 0, 1]
measured state = 10010101
Were we successful? True
	Command being timed: "python3 bernstein-vazirani.py 8"
	User time (seconds): 0.87
	System time (seconds): 0.43
	Percent of CPU this job got: 90%
	Elapsed (wall clock) time (h:mm:ss or m:ss): 0:01.43
	Average shared text size (kbytes): 0
	Average unshared data size (kbytes): 0
	Average stack size (kbytes): 0
	Average total size (kbytes): 0
	Maximum resident set size (kbytes): 620060
	Average resident set size (kbytes): 0
	Major (requiring I/O) page faults: 0
	Minor (reclaiming a frame) page faults: 42753
	Voluntary context switches: 1631
	Involuntary context switches: 29
	Swaps: 0
	File system inputs: 0
	File system outputs: 16
	Socket messages sent: 0
	Socket messages received: 0
	Signals delivered: 0
	Page size (bytes): 4096
	Exit status: 0
     ╭───╮          ╭───╮               
q0 : ┤ h ├───────●──┤ h ├───────────────
     ├───┤       │  ╰───╯╭───╮          
q1 : ┤ h ├───────┼────●──┤ h ├──────────
     ├───┤       │    │  ╰───╯╭───╮     
q2 : ┤ h ├───────┼────┼────●──┤ h ├─────
     ├───┤       │    │    │  ├───┤     
q3 : ┤ h ├───────┼────┼────┼──┤ h ├─────
     ├───┤       │    │    │  ╰───╯╭───╮
q4 : ┤ h ├───────┼────┼────┼────●──┤ h ├
     ├───┤       │    │    │    │  ├───┤
q5 : ┤ h ├───────┼────┼────┼────┼──┤ h ├
     ├───┤       │    │    │    │  ├───┤
q6 : ┤ h ├───────┼────┼────┼────┼──┤ h ├
     ├───┤       │    │    │    │  ├───┤
q7 : ┤ h ├───────┼────┼────┼────┼──┤ h ├
     ├───┤╭───╮╭─┴─╮╭─┴─╮╭─┴─╮╭─┴─╮╰───╯
q8 : ┤ x ├┤ h ├┤ x ├┤ x ├┤ x ├┤ x ├─────
     ╰───╯╰───╯╰───╯╰───╯╰───╯╰───╯     

secret bitstring = [1, 1, 1, 0, 1, 0, 0, 0]
measured state = 11101000
Were we successful? True
	Command being timed: "python3 bernstein-vazirani.py 8"
	User time (seconds): 0.87
	System time (seconds): 0.43
	Percent of CPU this job got: 92%
	Elapsed (wall clock) time (h:mm:ss or m:ss): 0:01.41
	Average shared text size (kbytes): 0
	Average unshared data size (kbytes): 0
	Average stack size (kbytes): 0
	Average total size (kbytes): 0
	Maximum resident set size (kbytes): 622000
	Average resident set size (kbytes): 0
	Major (requiring I/O) page faults: 0
	Minor (reclaiming a frame) page faults: 42251
	Voluntary context switches: 1629
	Involuntary context switches: 31
	Swaps: 0
	File system inputs: 0
	File system outputs: 24
	Socket messages sent: 0
	Socket messages received: 0
	Signals delivered: 0
	Page size (bytes): 4096
	Exit status: 0
     ╭───╮          ╭───╮                         
q0 : ┤ h ├───────●──┤ h ├─────────────────────────
     ├───┤       │  ╰───╯╭───╮                    
q1 : ┤ h ├───────┼────●──┤ h ├────────────────────
     ├───┤       │    │  ╰───╯╭───╮               
q2 : ┤ h ├───────┼────┼────●──┤ h ├───────────────
     ├───┤       │    │    │  ╰───╯╭───╮          
q3 : ┤ h ├───────┼────┼────┼────●──┤ h ├──────────
     ├───┤       │    │    │    │  ╰───╯╭───╮     
q4 : ┤ h ├───────┼────┼────┼────┼────●──┤ h ├─────
     ├───┤       │    │    │    │    │  ├───┤     
q5 : ┤ h ├───────┼────┼────┼────┼────┼──┤ h ├─────
     ├───┤       │    │    │    │    │  ╰───╯╭───╮
q6 : ┤ h ├───────┼────┼────┼────┼────┼────●──┤ h ├
     ├───┤       │    │    │    │    │    │  ├───┤
q7 : ┤ h ├───────┼────┼────┼────┼────┼────┼──┤ h ├
     ├───┤╭───╮╭─┴─╮╭─┴─╮╭─┴─╮╭─┴─╮╭─┴─╮╭─┴─╮╰───╯
q8 : ┤ x ├┤ h ├┤ x ├┤ x ├┤ x ├┤ x ├┤ x ├┤ x ├─────
     ╰───╯╰───╯╰───╯╰───╯╰───╯╰───╯╰───╯╰───╯     

secret bitstring = [1, 1, 1, 1, 1, 0, 1, 0]
measured state = 11111010
Were we successful? True
	Command being timed: "python3 bernstein-vazirani.py 8"
	User time (seconds): 0.87
	System time (seconds): 0.42
	Percent of CPU this job got: 93%
	Elapsed (wall clock) time (h:mm:ss or m:ss): 0:01.38
	Average shared text size (kbytes): 0
	Average unshared data size (kbytes): 0
	Average stack size (kbytes): 0
	Average total size (kbytes): 0
	Maximum resident set size (kbytes): 619608
	Average resident set size (kbytes): 0
	Major (requiring I/O) page faults: 0
	Minor (reclaiming a frame) page faults: 42300
	Voluntary context switches: 1615
	Involuntary context switches: 27
	Swaps: 0
	File system inputs: 0
	File system outputs: 24
	Socket messages sent: 0
	Socket messages received: 0
	Signals delivered: 0
	Page size (bytes): 4096
	Exit status: 0
