WARNING: overwriting environment variables set in the machine
overwriting variable ['LD_LIBRARY_PATH']
     ╭───╮          ╭───╮
q0 : ┤ h ├───────●──┤ h ├
     ├───┤       │  ├───┤
q1 : ┤ h ├───────┼──┤ h ├
     ├───┤       │  ├───┤
q2 : ┤ h ├───────┼──┤ h ├
     ├───┤╭───╮╭─┴─╮╰───╯
q3 : ┤ x ├┤ h ├┤ x ├─────
     ╰───╯╰───╯╰───╯     

secret bitstring = [1, 0, 0]
measured state = 100
Were we successful? True
	Command being timed: "python3 bernstein-vazirani.py 3"
	User time (seconds): 0.91
	System time (seconds): 0.48
	Percent of CPU this job got: 91%
	Elapsed (wall clock) time (h:mm:ss or m:ss): 0:01.53
	Average shared text size (kbytes): 0
	Average unshared data size (kbytes): 0
	Average stack size (kbytes): 0
	Average total size (kbytes): 0
	Maximum resident set size (kbytes): 618388
	Average resident set size (kbytes): 0
	Major (requiring I/O) page faults: 0
	Minor (reclaiming a frame) page faults: 42936
	Voluntary context switches: 3414
	Involuntary context switches: 26
	Swaps: 0
	File system inputs: 0
	File system outputs: 16
	Socket messages sent: 0
	Socket messages received: 0
	Signals delivered: 0
	Page size (bytes): 4096
	Exit status: 0
     ╭───╮          ╭───╮     
q0 : ┤ h ├───────●──┤ h ├─────
     ├───┤       │  ╰───╯╭───╮
q1 : ┤ h ├───────┼────●──┤ h ├
     ├───┤       │    │  ├───┤
q2 : ┤ h ├───────┼────┼──┤ h ├
     ├───┤╭───╮╭─┴─╮╭─┴─╮╰───╯
q3 : ┤ x ├┤ h ├┤ x ├┤ x ├─────
     ╰───╯╰───╯╰───╯╰───╯     

secret bitstring = [1, 1, 0]
measured state = 110
Were we successful? True
	Command being timed: "python3 bernstein-vazirani.py 3"
	User time (seconds): 0.92
	System time (seconds): 0.43
	Percent of CPU this job got: 94%
	Elapsed (wall clock) time (h:mm:ss or m:ss): 0:01.43
	Average shared text size (kbytes): 0
	Average unshared data size (kbytes): 0
	Average stack size (kbytes): 0
	Average total size (kbytes): 0
	Maximum resident set size (kbytes): 620792
	Average resident set size (kbytes): 0
	Major (requiring I/O) page faults: 0
	Minor (reclaiming a frame) page faults: 43625
	Voluntary context switches: 1633
	Involuntary context switches: 30
	Swaps: 0
	File system inputs: 0
	File system outputs: 16
	Socket messages sent: 0
	Socket messages received: 0
	Signals delivered: 0
	Page size (bytes): 4096
	Exit status: 0
     ╭───╮          ╭───╮     
q0 : ┤ h ├───────●──┤ h ├─────
     ├───┤       │  ╰───╯╭───╮
q1 : ┤ h ├───────┼────●──┤ h ├
     ├───┤       │    │  ├───┤
q2 : ┤ h ├───────┼────┼──┤ h ├
     ├───┤╭───╮╭─┴─╮╭─┴─╮╰───╯
q3 : ┤ x ├┤ h ├┤ x ├┤ x ├─────
     ╰───╯╰───╯╰───╯╰───╯     

secret bitstring = [1, 1, 0]
measured state = 110
Were we successful? True
	Command being timed: "python3 bernstein-vazirani.py 3"
	User time (seconds): 0.92
	System time (seconds): 0.43
	Percent of CPU this job got: 93%
	Elapsed (wall clock) time (h:mm:ss or m:ss): 0:01.45
	Average shared text size (kbytes): 0
	Average unshared data size (kbytes): 0
	Average stack size (kbytes): 0
	Average total size (kbytes): 0
	Maximum resident set size (kbytes): 618800
	Average resident set size (kbytes): 0
	Major (requiring I/O) page faults: 0
	Minor (reclaiming a frame) page faults: 42164
	Voluntary context switches: 1626
	Involuntary context switches: 32
	Swaps: 0
	File system inputs: 0
	File system outputs: 16
	Socket messages sent: 0
	Socket messages received: 0
	Signals delivered: 0
	Page size (bytes): 4096
	Exit status: 0
     ╭───╮          ╭───╮
q0 : ┤ h ├───────●──┤ h ├
     ├───┤       │  ├───┤
q1 : ┤ h ├───────┼──┤ h ├
     ├───┤       │  ├───┤
q2 : ┤ h ├───────┼──┤ h ├
     ├───┤╭───╮╭─┴─╮╰───╯
q3 : ┤ x ├┤ h ├┤ x ├─────
     ╰───╯╰───╯╰───╯     

secret bitstring = [1, 0, 0]
measured state = 100
Were we successful? True
	Command being timed: "python3 bernstein-vazirani.py 3"
	User time (seconds): 0.91
	System time (seconds): 0.42
	Percent of CPU this job got: 92%
	Elapsed (wall clock) time (h:mm:ss or m:ss): 0:01.44
	Average shared text size (kbytes): 0
	Average unshared data size (kbytes): 0
	Average stack size (kbytes): 0
	Average total size (kbytes): 0
	Maximum resident set size (kbytes): 619056
	Average resident set size (kbytes): 0
	Major (requiring I/O) page faults: 0
	Minor (reclaiming a frame) page faults: 42809
	Voluntary context switches: 1624
	Involuntary context switches: 26
	Swaps: 0
	File system inputs: 0
	File system outputs: 16
	Socket messages sent: 0
	Socket messages received: 0
	Signals delivered: 0
	Page size (bytes): 4096
	Exit status: 0
     ╭───╮╭───╮
q0 : ┤ h ├┤ h ├
     ├───┤├───┤
q1 : ┤ h ├┤ h ├
     ├───┤├───┤
q2 : ┤ h ├┤ h ├
     ├───┤├───┤
q3 : ┤ x ├┤ h ├
     ╰───╯╰───╯

secret bitstring = [0, 0, 0]
measured state = 000
Were we successful? True
	Command being timed: "python3 bernstein-vazirani.py 3"
	User time (seconds): 0.90
	System time (seconds): 0.44
	Percent of CPU this job got: 92%
	Elapsed (wall clock) time (h:mm:ss or m:ss): 0:01.46
	Average shared text size (kbytes): 0
	Average unshared data size (kbytes): 0
	Average stack size (kbytes): 0
	Average total size (kbytes): 0
	Maximum resident set size (kbytes): 622612
	Average resident set size (kbytes): 0
	Major (requiring I/O) page faults: 0
	Minor (reclaiming a frame) page faults: 42536
	Voluntary context switches: 1628
	Involuntary context switches: 27
	Swaps: 0
	File system inputs: 0
	File system outputs: 16
	Socket messages sent: 0
	Socket messages received: 0
	Signals delivered: 0
	Page size (bytes): 4096
	Exit status: 0
     ╭───╮╭───╮          
q0 : ┤ h ├┤ h ├──────────
     ├───┤╰───╯     ╭───╮
q1 : ┤ h ├───────●──┤ h ├
     ├───┤       │  ├───┤
q2 : ┤ h ├───────┼──┤ h ├
     ├───┤╭───╮╭─┴─╮╰───╯
q3 : ┤ x ├┤ h ├┤ x ├─────
     ╰───╯╰───╯╰───╯     

secret bitstring = [0, 1, 0]
measured state = 010
Were we successful? True
	Command being timed: "python3 bernstein-vazirani.py 3"
	User time (seconds): 0.89
	System time (seconds): 0.45
	Percent of CPU this job got: 91%
	Elapsed (wall clock) time (h:mm:ss or m:ss): 0:01.46
	Average shared text size (kbytes): 0
	Average unshared data size (kbytes): 0
	Average stack size (kbytes): 0
	Average total size (kbytes): 0
	Maximum resident set size (kbytes): 616804
	Average resident set size (kbytes): 0
	Major (requiring I/O) page faults: 0
	Minor (reclaiming a frame) page faults: 43190
	Voluntary context switches: 1634
	Involuntary context switches: 25
	Swaps: 0
	File system inputs: 0
	File system outputs: 16
	Socket messages sent: 0
	Socket messages received: 0
	Signals delivered: 0
	Page size (bytes): 4096
	Exit status: 0
     ╭───╮          ╭───╮     
q0 : ┤ h ├───────●──┤ h ├─────
     ├───┤       │  ╰───╯╭───╮
q1 : ┤ h ├───────┼────●──┤ h ├
     ├───┤       │    │  ├───┤
q2 : ┤ h ├───────┼────┼──┤ h ├
     ├───┤╭───╮╭─┴─╮╭─┴─╮╰───╯
q3 : ┤ x ├┤ h ├┤ x ├┤ x ├─────
     ╰───╯╰───╯╰───╯╰───╯     

secret bitstring = [1, 1, 0]
measured state = 110
Were we successful? True
	Command being timed: "python3 bernstein-vazirani.py 3"
	User time (seconds): 0.90
	System time (seconds): 0.43
	Percent of CPU this job got: 91%
	Elapsed (wall clock) time (h:mm:ss or m:ss): 0:01.46
	Average shared text size (kbytes): 0
	Average unshared data size (kbytes): 0
	Average stack size (kbytes): 0
	Average total size (kbytes): 0
	Maximum resident set size (kbytes): 620508
	Average resident set size (kbytes): 0
	Major (requiring I/O) page faults: 0
	Minor (reclaiming a frame) page faults: 42999
	Voluntary context switches: 1645
	Involuntary context switches: 25
	Swaps: 0
	File system inputs: 0
	File system outputs: 24
	Socket messages sent: 0
	Socket messages received: 0
	Signals delivered: 0
	Page size (bytes): 4096
	Exit status: 0
     ╭───╮          ╭───╮     
q0 : ┤ h ├───────●──┤ h ├─────
     ├───┤       │  ├───┤     
q1 : ┤ h ├───────┼──┤ h ├─────
     ├───┤       │  ╰───╯╭───╮
q2 : ┤ h ├───────┼────●──┤ h ├
     ├───┤╭───╮╭─┴─╮╭─┴─╮╰───╯
q3 : ┤ x ├┤ h ├┤ x ├┤ x ├─────
     ╰───╯╰───╯╰───╯╰───╯     

secret bitstring = [1, 0, 1]
measured state = 101
Were we successful? True
	Command being timed: "python3 bernstein-vazirani.py 3"
	User time (seconds): 0.90
	System time (seconds): 0.44
	Percent of CPU this job got: 92%
	Elapsed (wall clock) time (h:mm:ss or m:ss): 0:01.45
	Average shared text size (kbytes): 0
	Average unshared data size (kbytes): 0
	Average stack size (kbytes): 0
	Average total size (kbytes): 0
	Maximum resident set size (kbytes): 618336
	Average resident set size (kbytes): 0
	Major (requiring I/O) page faults: 0
	Minor (reclaiming a frame) page faults: 42488
	Voluntary context switches: 1628
	Involuntary context switches: 26
	Swaps: 0
	File system inputs: 0
	File system outputs: 16
	Socket messages sent: 0
	Socket messages received: 0
	Signals delivered: 0
	Page size (bytes): 4096
	Exit status: 0
     ╭───╮╭───╮
q0 : ┤ h ├┤ h ├
     ├───┤├───┤
q1 : ┤ h ├┤ h ├
     ├───┤├───┤
q2 : ┤ h ├┤ h ├
     ├───┤├───┤
q3 : ┤ x ├┤ h ├
     ╰───╯╰───╯

secret bitstring = [0, 0, 0]
measured state = 000
Were we successful? True
	Command being timed: "python3 bernstein-vazirani.py 3"
	User time (seconds): 0.92
	System time (seconds): 0.42
	Percent of CPU this job got: 91%
	Elapsed (wall clock) time (h:mm:ss or m:ss): 0:01.46
	Average shared text size (kbytes): 0
	Average unshared data size (kbytes): 0
	Average stack size (kbytes): 0
	Average total size (kbytes): 0
	Maximum resident set size (kbytes): 619044
	Average resident set size (kbytes): 0
	Major (requiring I/O) page faults: 0
	Minor (reclaiming a frame) page faults: 42755
	Voluntary context switches: 1625
	Involuntary context switches: 27
	Swaps: 0
	File system inputs: 0
	File system outputs: 16
	Socket messages sent: 0
	Socket messages received: 0
	Signals delivered: 0
	Page size (bytes): 4096
	Exit status: 0
     ╭───╮╭───╮
q0 : ┤ h ├┤ h ├
     ├───┤├───┤
q1 : ┤ h ├┤ h ├
     ├───┤├───┤
q2 : ┤ h ├┤ h ├
     ├───┤├───┤
q3 : ┤ x ├┤ h ├
     ╰───╯╰───╯

secret bitstring = [0, 0, 0]
measured state = 000
Were we successful? True
	Command being timed: "python3 bernstein-vazirani.py 3"
	User time (seconds): 0.89
	System time (seconds): 0.45
	Percent of CPU this job got: 92%
	Elapsed (wall clock) time (h:mm:ss or m:ss): 0:01.46
	Average shared text size (kbytes): 0
	Average unshared data size (kbytes): 0
	Average stack size (kbytes): 0
	Average total size (kbytes): 0
	Maximum resident set size (kbytes): 621428
	Average resident set size (kbytes): 0
	Major (requiring I/O) page faults: 0
	Minor (reclaiming a frame) page faults: 43128
	Voluntary context switches: 1622
	Involuntary context switches: 23
	Swaps: 0
	File system inputs: 0
	File system outputs: 16
	Socket messages sent: 0
	Socket messages received: 0
	Signals delivered: 0
	Page size (bytes): 4096
	Exit status: 0
