WARNING: overwriting environment variables set in the machine
overwriting variable ['LD_LIBRARY_PATH']
     ╭───╮╭───╮                         
q0 : ┤ h ├┤ h ├─────────────────────────
     ├───┤╰───╯     ╭───╮               
q1 : ┤ h ├───────●──┤ h ├───────────────
     ├───┤       │  ╰───╯╭───╮          
q2 : ┤ h ├───────┼────●──┤ h ├──────────
     ├───┤       │    │  ╰───╯╭───╮     
q3 : ┤ h ├───────┼────┼────●──┤ h ├─────
     ├───┤       │    │    │  ├───┤     
q4 : ┤ h ├───────┼────┼────┼──┤ h ├─────
     ├───┤       │    │    │  ├───┤     
q5 : ┤ h ├───────┼────┼────┼──┤ h ├─────
     ├───┤       │    │    │  ╰───╯╭───╮
q6 : ┤ h ├───────┼────┼────┼────●──┤ h ├
     ├───┤╭───╮╭─┴─╮╭─┴─╮╭─┴─╮╭─┴─╮╰───╯
q7 : ┤ x ├┤ h ├┤ x ├┤ x ├┤ x ├┤ x ├─────
     ╰───╯╰───╯╰───╯╰───╯╰───╯╰───╯     

secret bitstring = [0, 1, 1, 1, 0, 0, 1]
measured state = 0111001
Were we successful? True
	Command being timed: "python3 bernstein-vazirani.py 7"
	User time (seconds): 0.88
	System time (seconds): 0.46
	Percent of CPU this job got: 87%
	Elapsed (wall clock) time (h:mm:ss or m:ss): 0:01.54
	Average shared text size (kbytes): 0
	Average unshared data size (kbytes): 0
	Average stack size (kbytes): 0
	Average total size (kbytes): 0
	Maximum resident set size (kbytes): 619180
	Average resident set size (kbytes): 0
	Major (requiring I/O) page faults: 0
	Minor (reclaiming a frame) page faults: 42216
	Voluntary context switches: 3382
	Involuntary context switches: 27
	Swaps: 0
	File system inputs: 0
	File system outputs: 16
	Socket messages sent: 0
	Socket messages received: 0
	Signals delivered: 0
	Page size (bytes): 4096
	Exit status: 0
     ╭───╮          ╭───╮               
q0 : ┤ h ├───────●──┤ h ├───────────────
     ├───┤       │  ╰───╯╭───╮          
q1 : ┤ h ├───────┼────●──┤ h ├──────────
     ├───┤       │    │  ╰───╯╭───╮     
q2 : ┤ h ├───────┼────┼────●──┤ h ├─────
     ├───┤       │    │    │  ├───┤     
q3 : ┤ h ├───────┼────┼────┼──┤ h ├─────
     ├───┤       │    │    │  ├───┤     
q4 : ┤ h ├───────┼────┼────┼──┤ h ├─────
     ├───┤       │    │    │  ╰───╯╭───╮
q5 : ┤ h ├───────┼────┼────┼────●──┤ h ├
     ├───┤       │    │    │    │  ├───┤
q6 : ┤ h ├───────┼────┼────┼────┼──┤ h ├
     ├───┤╭───╮╭─┴─╮╭─┴─╮╭─┴─╮╭─┴─╮╰───╯
q7 : ┤ x ├┤ h ├┤ x ├┤ x ├┤ x ├┤ x ├─────
     ╰───╯╰───╯╰───╯╰───╯╰───╯╰───╯     

secret bitstring = [1, 1, 1, 0, 0, 1, 0]
measured state = 1110010
Were we successful? True
	Command being timed: "python3 bernstein-vazirani.py 7"
	User time (seconds): 0.87
	System time (seconds): 0.43
	Percent of CPU this job got: 92%
	Elapsed (wall clock) time (h:mm:ss or m:ss): 0:01.41
	Average shared text size (kbytes): 0
	Average unshared data size (kbytes): 0
	Average stack size (kbytes): 0
	Average total size (kbytes): 0
	Maximum resident set size (kbytes): 622164
	Average resident set size (kbytes): 0
	Major (requiring I/O) page faults: 0
	Minor (reclaiming a frame) page faults: 42937
	Voluntary context switches: 1622
	Involuntary context switches: 32
	Swaps: 0
	File system inputs: 0
	File system outputs: 16
	Socket messages sent: 0
	Socket messages received: 0
	Signals delivered: 0
	Page size (bytes): 4096
	Exit status: 0
     ╭───╮          ╭───╮               
q0 : ┤ h ├───────●──┤ h ├───────────────
     ├───┤       │  ╰───╯╭───╮          
q1 : ┤ h ├───────┼────●──┤ h ├──────────
     ├───┤       │    │  ├───┤          
q2 : ┤ h ├───────┼────┼──┤ h ├──────────
     ├───┤       │    │  ├───┤          
q3 : ┤ h ├───────┼────┼──┤ h ├──────────
     ├───┤       │    │  ├───┤          
q4 : ┤ h ├───────┼────┼──┤ h ├──────────
     ├───┤       │    │  ╰───╯╭───╮     
q5 : ┤ h ├───────┼────┼────●──┤ h ├─────
     ├───┤       │    │    │  ╰───╯╭───╮
q6 : ┤ h ├───────┼────┼────┼────●──┤ h ├
     ├───┤╭───╮╭─┴─╮╭─┴─╮╭─┴─╮╭─┴─╮╰───╯
q7 : ┤ x ├┤ h ├┤ x ├┤ x ├┤ x ├┤ x ├─────
     ╰───╯╰───╯╰───╯╰───╯╰───╯╰───╯     

secret bitstring = [1, 1, 0, 0, 0, 1, 1]
measured state = 1100011
Were we successful? True
	Command being timed: "python3 bernstein-vazirani.py 7"
	User time (seconds): 0.87
	System time (seconds): 0.42
	Percent of CPU this job got: 92%
	Elapsed (wall clock) time (h:mm:ss or m:ss): 0:01.40
	Average shared text size (kbytes): 0
	Average unshared data size (kbytes): 0
	Average stack size (kbytes): 0
	Average total size (kbytes): 0
	Maximum resident set size (kbytes): 620028
	Average resident set size (kbytes): 0
	Major (requiring I/O) page faults: 0
	Minor (reclaiming a frame) page faults: 43310
	Voluntary context switches: 1624
	Involuntary context switches: 26
	Swaps: 0
	File system inputs: 0
	File system outputs: 16
	Socket messages sent: 0
	Socket messages received: 0
	Signals delivered: 0
	Page size (bytes): 4096
	Exit status: 0
     ╭───╮          ╭───╮               
q0 : ┤ h ├───────●──┤ h ├───────────────
     ├───┤       │  ╰───╯╭───╮          
q1 : ┤ h ├───────┼────●──┤ h ├──────────
     ├───┤       │    │  ├───┤          
q2 : ┤ h ├───────┼────┼──┤ h ├──────────
     ├───┤       │    │  ├───┤          
q3 : ┤ h ├───────┼────┼──┤ h ├──────────
     ├───┤       │    │  ╰───╯╭───╮     
q4 : ┤ h ├───────┼────┼────●──┤ h ├─────
     ├───┤       │    │    │  ├───┤     
q5 : ┤ h ├───────┼────┼────┼──┤ h ├─────
     ├───┤       │    │    │  ╰───╯╭───╮
q6 : ┤ h ├───────┼────┼────┼────●──┤ h ├
     ├───┤╭───╮╭─┴─╮╭─┴─╮╭─┴─╮╭─┴─╮╰───╯
q7 : ┤ x ├┤ h ├┤ x ├┤ x ├┤ x ├┤ x ├─────
     ╰───╯╰───╯╰───╯╰───╯╰───╯╰───╯     

secret bitstring = [1, 1, 0, 0, 1, 0, 1]
measured state = 1100101
Were we successful? True
	Command being timed: "python3 bernstein-vazirani.py 7"
	User time (seconds): 0.85
	System time (seconds): 0.44
	Percent of CPU this job got: 92%
	Elapsed (wall clock) time (h:mm:ss or m:ss): 0:01.40
	Average shared text size (kbytes): 0
	Average unshared data size (kbytes): 0
	Average stack size (kbytes): 0
	Average total size (kbytes): 0
	Maximum resident set size (kbytes): 622100
	Average resident set size (kbytes): 0
	Major (requiring I/O) page faults: 0
	Minor (reclaiming a frame) page faults: 43353
	Voluntary context switches: 1625
	Involuntary context switches: 34
	Swaps: 0
	File system inputs: 0
	File system outputs: 24
	Socket messages sent: 0
	Socket messages received: 0
	Signals delivered: 0
	Page size (bytes): 4096
	Exit status: 0
     ╭───╮          ╭───╮               
q0 : ┤ h ├───────●──┤ h ├───────────────
     ├───┤       │  ├───┤               
q1 : ┤ h ├───────┼──┤ h ├───────────────
     ├───┤       │  ├───┤               
q2 : ┤ h ├───────┼──┤ h ├───────────────
     ├───┤       │  ╰───╯╭───╮          
q3 : ┤ h ├───────┼────●──┤ h ├──────────
     ├───┤       │    │  ├───┤          
q4 : ┤ h ├───────┼────┼──┤ h ├──────────
     ├───┤       │    │  ╰───╯╭───╮     
q5 : ┤ h ├───────┼────┼────●──┤ h ├─────
     ├───┤       │    │    │  ╰───╯╭───╮
q6 : ┤ h ├───────┼────┼────┼────●──┤ h ├
     ├───┤╭───╮╭─┴─╮╭─┴─╮╭─┴─╮╭─┴─╮╰───╯
q7 : ┤ x ├┤ h ├┤ x ├┤ x ├┤ x ├┤ x ├─────
     ╰───╯╰───╯╰───╯╰───╯╰───╯╰───╯     

secret bitstring = [1, 0, 0, 1, 0, 1, 1]
measured state = 1001011
Were we successful? True
	Command being timed: "python3 bernstein-vazirani.py 7"
	User time (seconds): 0.87
	System time (seconds): 0.44
	Percent of CPU this job got: 92%
	Elapsed (wall clock) time (h:mm:ss or m:ss): 0:01.41
	Average shared text size (kbytes): 0
	Average unshared data size (kbytes): 0
	Average stack size (kbytes): 0
	Average total size (kbytes): 0
	Maximum resident set size (kbytes): 621828
	Average resident set size (kbytes): 0
	Major (requiring I/O) page faults: 0
	Minor (reclaiming a frame) page faults: 43340
	Voluntary context switches: 1621
	Involuntary context switches: 26
	Swaps: 0
	File system inputs: 0
	File system outputs: 16
	Socket messages sent: 0
	Socket messages received: 0
	Signals delivered: 0
	Page size (bytes): 4096
	Exit status: 0
     ╭───╮          ╭───╮               
q0 : ┤ h ├───────●──┤ h ├───────────────
     ├───┤       │  ├───┤               
q1 : ┤ h ├───────┼──┤ h ├───────────────
     ├───┤       │  ╰───╯╭───╮          
q2 : ┤ h ├───────┼────●──┤ h ├──────────
     ├───┤       │    │  ├───┤          
q3 : ┤ h ├───────┼────┼──┤ h ├──────────
     ├───┤       │    │  ╰───╯╭───╮     
q4 : ┤ h ├───────┼────┼────●──┤ h ├─────
     ├───┤       │    │    │  ╰───╯╭───╮
q5 : ┤ h ├───────┼────┼────┼────●──┤ h ├
     ├───┤       │    │    │    │  ├───┤
q6 : ┤ h ├───────┼────┼────┼────┼──┤ h ├
     ├───┤╭───╮╭─┴─╮╭─┴─╮╭─┴─╮╭─┴─╮╰───╯
q7 : ┤ x ├┤ h ├┤ x ├┤ x ├┤ x ├┤ x ├─────
     ╰───╯╰───╯╰───╯╰───╯╰───╯╰───╯     

secret bitstring = [1, 0, 1, 0, 1, 1, 0]
measured state = 1010110
Were we successful? True
	Command being timed: "python3 bernstein-vazirani.py 7"
	User time (seconds): 0.87
	System time (seconds): 0.42
	Percent of CPU this job got: 92%
	Elapsed (wall clock) time (h:mm:ss or m:ss): 0:01.40
	Average shared text size (kbytes): 0
	Average unshared data size (kbytes): 0
	Average stack size (kbytes): 0
	Average total size (kbytes): 0
	Maximum resident set size (kbytes): 619436
	Average resident set size (kbytes): 0
	Major (requiring I/O) page faults: 0
	Minor (reclaiming a frame) page faults: 43116
	Voluntary context switches: 1614
	Involuntary context switches: 27
	Swaps: 0
	File system inputs: 0
	File system outputs: 24
	Socket messages sent: 0
	Socket messages received: 0
	Signals delivered: 0
	Page size (bytes): 4096
	Exit status: 0
     ╭───╮╭───╮          
q0 : ┤ h ├┤ h ├──────────
     ├───┤├───┤          
q1 : ┤ h ├┤ h ├──────────
     ├───┤├───┤          
q2 : ┤ h ├┤ h ├──────────
     ├───┤├───┤          
q3 : ┤ h ├┤ h ├──────────
     ├───┤├───┤          
q4 : ┤ h ├┤ h ├──────────
     ├───┤├───┤          
q5 : ┤ h ├┤ h ├──────────
     ├───┤╰───╯     ╭───╮
q6 : ┤ h ├───────●──┤ h ├
     ├───┤╭───╮╭─┴─╮╰───╯
q7 : ┤ x ├┤ h ├┤ x ├─────
     ╰───╯╰───╯╰───╯     

secret bitstring = [0, 0, 0, 0, 0, 0, 1]
measured state = 0000001
Were we successful? True
	Command being timed: "python3 bernstein-vazirani.py 7"
	User time (seconds): 0.87
	System time (seconds): 0.44
	Percent of CPU this job got: 90%
	Elapsed (wall clock) time (h:mm:ss or m:ss): 0:01.45
	Average shared text size (kbytes): 0
	Average unshared data size (kbytes): 0
	Average stack size (kbytes): 0
	Average total size (kbytes): 0
	Maximum resident set size (kbytes): 618184
	Average resident set size (kbytes): 0
	Major (requiring I/O) page faults: 0
	Minor (reclaiming a frame) page faults: 43284
	Voluntary context switches: 2531
	Involuntary context switches: 28
	Swaps: 0
	File system inputs: 0
	File system outputs: 16
	Socket messages sent: 0
	Socket messages received: 0
	Signals delivered: 0
	Page size (bytes): 4096
	Exit status: 0
     ╭───╮╭───╮                         
q0 : ┤ h ├┤ h ├─────────────────────────
     ├───┤├───┤                         
q1 : ┤ h ├┤ h ├─────────────────────────
     ├───┤╰───╯     ╭───╮               
q2 : ┤ h ├───────●──┤ h ├───────────────
     ├───┤       │  ╰───╯╭───╮          
q3 : ┤ h ├───────┼────●──┤ h ├──────────
     ├───┤       │    │  ├───┤          
q4 : ┤ h ├───────┼────┼──┤ h ├──────────
     ├───┤       │    │  ╰───╯╭───╮     
q5 : ┤ h ├───────┼────┼────●──┤ h ├─────
     ├───┤       │    │    │  ╰───╯╭───╮
q6 : ┤ h ├───────┼────┼────┼────●──┤ h ├
     ├───┤╭───╮╭─┴─╮╭─┴─╮╭─┴─╮╭─┴─╮╰───╯
q7 : ┤ x ├┤ h ├┤ x ├┤ x ├┤ x ├┤ x ├─────
     ╰───╯╰───╯╰───╯╰───╯╰───╯╰───╯     

secret bitstring = [0, 0, 1, 1, 0, 1, 1]
measured state = 0011011
Were we successful? True
	Command being timed: "python3 bernstein-vazirani.py 7"
	User time (seconds): 0.87
	System time (seconds): 0.42
	Percent of CPU this job got: 92%
	Elapsed (wall clock) time (h:mm:ss or m:ss): 0:01.40
	Average shared text size (kbytes): 0
	Average unshared data size (kbytes): 0
	Average stack size (kbytes): 0
	Average total size (kbytes): 0
	Maximum resident set size (kbytes): 619084
	Average resident set size (kbytes): 0
	Major (requiring I/O) page faults: 0
	Minor (reclaiming a frame) page faults: 43542
	Voluntary context switches: 1638
	Involuntary context switches: 26
	Swaps: 0
	File system inputs: 0
	File system outputs: 24
	Socket messages sent: 0
	Socket messages received: 0
	Signals delivered: 0
	Page size (bytes): 4096
	Exit status: 0
     ╭───╮╭───╮                    
q0 : ┤ h ├┤ h ├────────────────────
     ├───┤╰───╯     ╭───╮          
q1 : ┤ h ├───────●──┤ h ├──────────
     ├───┤       │  ├───┤          
q2 : ┤ h ├───────┼──┤ h ├──────────
     ├───┤       │  ├───┤          
q3 : ┤ h ├───────┼──┤ h ├──────────
     ├───┤       │  ├───┤          
q4 : ┤ h ├───────┼──┤ h ├──────────
     ├───┤       │  ╰───╯╭───╮     
q5 : ┤ h ├───────┼────●──┤ h ├─────
     ├───┤       │    │  ╰───╯╭───╮
q6 : ┤ h ├───────┼────┼────●──┤ h ├
     ├───┤╭───╮╭─┴─╮╭─┴─╮╭─┴─╮╰───╯
q7 : ┤ x ├┤ h ├┤ x ├┤ x ├┤ x ├─────
     ╰───╯╰───╯╰───╯╰───╯╰───╯     

secret bitstring = [0, 1, 0, 0, 0, 1, 1]
measured state = 0100011
Were we successful? True
	Command being timed: "python3 bernstein-vazirani.py 7"
	User time (seconds): 0.86
	System time (seconds): 0.43
	Percent of CPU this job got: 93%
	Elapsed (wall clock) time (h:mm:ss or m:ss): 0:01.39
	Average shared text size (kbytes): 0
	Average unshared data size (kbytes): 0
	Average stack size (kbytes): 0
	Average total size (kbytes): 0
	Maximum resident set size (kbytes): 619024
	Average resident set size (kbytes): 0
	Major (requiring I/O) page faults: 0
	Minor (reclaiming a frame) page faults: 42696
	Voluntary context switches: 1625
	Involuntary context switches: 27
	Swaps: 0
	File system inputs: 0
	File system outputs: 16
	Socket messages sent: 0
	Socket messages received: 0
	Signals delivered: 0
	Page size (bytes): 4096
	Exit status: 0
     ╭───╮╭───╮               
q0 : ┤ h ├┤ h ├───────────────
     ├───┤├───┤               
q1 : ┤ h ├┤ h ├───────────────
     ├───┤├───┤               
q2 : ┤ h ├┤ h ├───────────────
     ├───┤├───┤               
q3 : ┤ h ├┤ h ├───────────────
     ├───┤╰───╯     ╭───╮     
q4 : ┤ h ├───────●──┤ h ├─────
     ├───┤       │  ├───┤     
q5 : ┤ h ├───────┼──┤ h ├─────
     ├───┤       │  ╰───╯╭───╮
q6 : ┤ h ├───────┼────●──┤ h ├
     ├───┤╭───╮╭─┴─╮╭─┴─╮╰───╯
q7 : ┤ x ├┤ h ├┤ x ├┤ x ├─────
     ╰───╯╰───╯╰───╯╰───╯     

secret bitstring = [0, 0, 0, 0, 1, 0, 1]
measured state = 0000101
Were we successful? True
	Command being timed: "python3 bernstein-vazirani.py 7"
	User time (seconds): 0.88
	System time (seconds): 0.41
	Percent of CPU this job got: 93%
	Elapsed (wall clock) time (h:mm:ss or m:ss): 0:01.39
	Average shared text size (kbytes): 0
	Average unshared data size (kbytes): 0
	Average stack size (kbytes): 0
	Average total size (kbytes): 0
	Maximum resident set size (kbytes): 618528
	Average resident set size (kbytes): 0
	Major (requiring I/O) page faults: 0
	Minor (reclaiming a frame) page faults: 42508
	Voluntary context switches: 1619
	Involuntary context switches: 28
	Swaps: 0
	File system inputs: 0
	File system outputs: 24
	Socket messages sent: 0
	Socket messages received: 0
	Signals delivered: 0
	Page size (bytes): 4096
	Exit status: 0
