WARNING: overwriting environment variables set in the machine
overwriting variable ['LD_LIBRARY_PATH']
      ╭───╮╭───╮                                                            »
 q0 : ┤ h ├┤ h ├────────────────────────────────────────────────────────────»
      ├───┤├───┤                                                            »
 q1 : ┤ h ├┤ h ├────────────────────────────────────────────────────────────»
      ├───┤╰───╯     ╭───╮                                                  »
 q2 : ┤ h ├───────●──┤ h ├──────────────────────────────────────────────────»
      ├───┤       │  ├───┤                                                  »
 q3 : ┤ h ├───────┼──┤ h ├──────────────────────────────────────────────────»
      ├───┤       │  ╰───╯╭───╮                                             »
 q4 : ┤ h ├───────┼────●──┤ h ├─────────────────────────────────────────────»
      ├───┤       │    │  ╰───╯╭───╮                                        »
 q5 : ┤ h ├───────┼────┼────●──┤ h ├────────────────────────────────────────»
      ├───┤       │    │    │  ╰───╯╭───╮                                   »
 q6 : ┤ h ├───────┼────┼────┼────●──┤ h ├───────────────────────────────────»
      ├───┤       │    │    │    │  ╰───╯╭───╮                              »
 q7 : ┤ h ├───────┼────┼────┼────┼────●──┤ h ├──────────────────────────────»
      ├───┤       │    │    │    │    │  ╰───╯╭───╮                         »
 q8 : ┤ h ├───────┼────┼────┼────┼────┼────●──┤ h ├─────────────────────────»
      ├───┤       │    │    │    │    │    │  ╰───╯╭───╮                    »
 q9 : ┤ h ├───────┼────┼────┼────┼────┼────┼────●──┤ h ├────────────────────»
      ├───┤       │    │    │    │    │    │    │  ├───┤                    »
q10 : ┤ h ├───────┼────┼────┼────┼────┼────┼────┼──┤ h ├────────────────────»
      ├───┤       │    │    │    │    │    │    │  ├───┤                    »
q11 : ┤ h ├───────┼────┼────┼────┼────┼────┼────┼──┤ h ├────────────────────»
      ├───┤       │    │    │    │    │    │    │  ╰───╯╭───╮               »
q12 : ┤ h ├───────┼────┼────┼────┼────┼────┼────┼────●──┤ h ├───────────────»
      ├───┤       │    │    │    │    │    │    │    │  ├───┤               »
q13 : ┤ h ├───────┼────┼────┼────┼────┼────┼────┼────┼──┤ h ├───────────────»
      ├───┤       │    │    │    │    │    │    │    │  ╰───╯╭───╮          »
q14 : ┤ h ├───────┼────┼────┼────┼────┼────┼────┼────┼────●──┤ h ├──────────»
      ├───┤       │    │    │    │    │    │    │    │    │  ╰───╯╭───╮     »
q15 : ┤ h ├───────┼────┼────┼────┼────┼────┼────┼────┼────┼────●──┤ h ├─────»
      ├───┤       │    │    │    │    │    │    │    │    │    │  ╰───╯╭───╮»
q16 : ┤ h ├───────┼────┼────┼────┼────┼────┼────┼────┼────┼────┼────●──┤ h ├»
      ├───┤       │    │    │    │    │    │    │    │    │    │    │  ├───┤»
q17 : ┤ h ├───────┼────┼────┼────┼────┼────┼────┼────┼────┼────┼────┼──┤ h ├»
      ├───┤       │    │    │    │    │    │    │    │    │    │    │  ├───┤»
q18 : ┤ h ├───────┼────┼────┼────┼────┼────┼────┼────┼────┼────┼────┼──┤ h ├»
      ├───┤       │    │    │    │    │    │    │    │    │    │    │  ├───┤»
q19 : ┤ h ├───────┼────┼────┼────┼────┼────┼────┼────┼────┼────┼────┼──┤ h ├»
      ├───┤       │    │    │    │    │    │    │    │    │    │    │  ╰───╯»
q20 : ┤ h ├───────┼────┼────┼────┼────┼────┼────┼────┼────┼────┼────┼────●──»
      ├───┤       │    │    │    │    │    │    │    │    │    │    │    │  »
q21 : ┤ h ├───────┼────┼────┼────┼────┼────┼────┼────┼────┼────┼────┼────┼──»
      ├───┤       │    │    │    │    │    │    │    │    │    │    │    │  »
q22 : ┤ h ├───────┼────┼────┼────┼────┼────┼────┼────┼────┼────┼────┼────┼──»
      ├───┤       │    │    │    │    │    │    │    │    │    │    │    │  »
q23 : ┤ h ├───────┼────┼────┼────┼────┼────┼────┼────┼────┼────┼────┼────┼──»
      ├───┤       │    │    │    │    │    │    │    │    │    │    │    │  »
q24 : ┤ h ├───────┼────┼────┼────┼────┼────┼────┼────┼────┼────┼────┼────┼──»
      ├───┤       │    │    │    │    │    │    │    │    │    │    │    │  »
q25 : ┤ h ├───────┼────┼────┼────┼────┼────┼────┼────┼────┼────┼────┼────┼──»
      ├───┤       │    │    │    │    │    │    │    │    │    │    │    │  »
q26 : ┤ h ├───────┼────┼────┼────┼────┼────┼────┼────┼────┼────┼────┼────┼──»
      ├───┤       │    │    │    │    │    │    │    │    │    │    │    │  »
q27 : ┤ h ├───────┼────┼────┼────┼────┼────┼────┼────┼────┼────┼────┼────┼──»
      ├───┤       │    │    │    │    │    │    │    │    │    │    │    │  »
q28 : ┤ h ├───────┼────┼────┼────┼────┼────┼────┼────┼────┼────┼────┼────┼──»
      ├───┤╭───╮╭─┴─╮╭─┴─╮╭─┴─╮╭─┴─╮╭─┴─╮╭─┴─╮╭─┴─╮╭─┴─╮╭─┴─╮╭─┴─╮╭─┴─╮╭─┴─╮»
q29 : ┤ x ├┤ h ├┤ x ├┤ x ├┤ x ├┤ x ├┤ x ├┤ x ├┤ x ├┤ x ├┤ x ├┤ x ├┤ x ├┤ x ├»
      ╰───╯╰───╯╰───╯╰───╯╰───╯╰───╯╰───╯╰───╯╰───╯╰───╯╰───╯╰───╯╰───╯╰───╯»

################################################################################

                                   
───────────────────────────────────
                                   
───────────────────────────────────
                                   
───────────────────────────────────
                                   
───────────────────────────────────
                                   
───────────────────────────────────
                                   
───────────────────────────────────
                                   
───────────────────────────────────
                                   
───────────────────────────────────
                                   
───────────────────────────────────
                                   
───────────────────────────────────
                                   
───────────────────────────────────
                                   
───────────────────────────────────
                                   
───────────────────────────────────
                                   
───────────────────────────────────
                                   
───────────────────────────────────
                                   
───────────────────────────────────
                                   
───────────────────────────────────
                                   
───────────────────────────────────
                                   
───────────────────────────────────
                                   
───────────────────────────────────
╭───╮                              
┤ h ├──────────────────────────────
├───┤                              
┤ h ├──────────────────────────────
╰───╯╭───╮                         
──●──┤ h ├─────────────────────────
  │  ╰───╯╭───╮                    
──┼────●──┤ h ├────────────────────
  │    │  ╰───╯╭───╮               
──┼────┼────●──┤ h ├───────────────
  │    │    │  ╰───╯╭───╮          
──┼────┼────┼────●──┤ h ├──────────
  │    │    │    │  ╰───╯╭───╮     
──┼────┼────┼────┼────●──┤ h ├─────
  │    │    │    │    │  ╰───╯╭───╮
──┼────┼────┼────┼────┼────●──┤ h ├
  │    │    │    │    │    │  ├───┤
──┼────┼────┼────┼────┼────┼──┤ h ├
╭─┴─╮╭─┴─╮╭─┴─╮╭─┴─╮╭─┴─╮╭─┴─╮╰───╯
┤ x ├┤ x ├┤ x ├┤ x ├┤ x ├┤ x ├─────
╰───╯╰───╯╰───╯╰───╯╰───╯╰───╯     

secret bitstring = [0, 0, 1, 0, 1, 1, 1, 1, 1, 1, 0, 0, 1, 0, 1, 1, 1, 0, 0, 0, 1, 0, 1, 1, 1, 1, 1, 1, 0]
measured state = 00101111110010111000101111110
Were we successful? True
	Command being timed: "python3 bernstein-vazirani.py 29"
	User time (seconds): 1.12
	System time (seconds): 0.52
	Percent of CPU this job got: 85%
	Elapsed (wall clock) time (h:mm:ss or m:ss): 0:01.92
	Average shared text size (kbytes): 0
	Average unshared data size (kbytes): 0
	Average stack size (kbytes): 0
	Average total size (kbytes): 0
	Maximum resident set size (kbytes): 619980
	Average resident set size (kbytes): 0
	Major (requiring I/O) page faults: 2
	Minor (reclaiming a frame) page faults: 43847
	Voluntary context switches: 3921
	Involuntary context switches: 28
	Swaps: 0
	File system inputs: 0
	File system outputs: 40
	Socket messages sent: 0
	Socket messages received: 0
	Signals delivered: 0
	Page size (bytes): 4096
	Exit status: 0
      ╭───╮╭───╮                                                            »
 q0 : ┤ h ├┤ h ├────────────────────────────────────────────────────────────»
      ├───┤├───┤                                                            »
 q1 : ┤ h ├┤ h ├────────────────────────────────────────────────────────────»
      ├───┤╰───╯     ╭───╮                                                  »
 q2 : ┤ h ├───────●──┤ h ├──────────────────────────────────────────────────»
      ├───┤       │  ├───┤                                                  »
 q3 : ┤ h ├───────┼──┤ h ├──────────────────────────────────────────────────»
      ├───┤       │  ├───┤                                                  »
 q4 : ┤ h ├───────┼──┤ h ├──────────────────────────────────────────────────»
      ├───┤       │  ╰───╯╭───╮                                             »
 q5 : ┤ h ├───────┼────●──┤ h ├─────────────────────────────────────────────»
      ├───┤       │    │  ╰───╯╭───╮                                        »
 q6 : ┤ h ├───────┼────┼────●──┤ h ├────────────────────────────────────────»
      ├───┤       │    │    │  ╰───╯╭───╮                                   »
 q7 : ┤ h ├───────┼────┼────┼────●──┤ h ├───────────────────────────────────»
      ├───┤       │    │    │    │  ├───┤                                   »
 q8 : ┤ h ├───────┼────┼────┼────┼──┤ h ├───────────────────────────────────»
      ├───┤       │    │    │    │  ├───┤                                   »
 q9 : ┤ h ├───────┼────┼────┼────┼──┤ h ├───────────────────────────────────»
      ├───┤       │    │    │    │  ╰───╯╭───╮                              »
q10 : ┤ h ├───────┼────┼────┼────┼────●──┤ h ├──────────────────────────────»
      ├───┤       │    │    │    │    │  ├───┤                              »
q11 : ┤ h ├───────┼────┼────┼────┼────┼──┤ h ├──────────────────────────────»
      ├───┤       │    │    │    │    │  ╰───╯╭───╮                         »
q12 : ┤ h ├───────┼────┼────┼────┼────┼────●──┤ h ├─────────────────────────»
      ├───┤       │    │    │    │    │    │  ├───┤                         »
q13 : ┤ h ├───────┼────┼────┼────┼────┼────┼──┤ h ├─────────────────────────»
      ├───┤       │    │    │    │    │    │  ├───┤                         »
q14 : ┤ h ├───────┼────┼────┼────┼────┼────┼──┤ h ├─────────────────────────»
      ├───┤       │    │    │    │    │    │  ╰───╯╭───╮                    »
q15 : ┤ h ├───────┼────┼────┼────┼────┼────┼────●──┤ h ├────────────────────»
      ├───┤       │    │    │    │    │    │    │  ├───┤                    »
q16 : ┤ h ├───────┼────┼────┼────┼────┼────┼────┼──┤ h ├────────────────────»
      ├───┤       │    │    │    │    │    │    │  ╰───╯╭───╮               »
q17 : ┤ h ├───────┼────┼────┼────┼────┼────┼────┼────●──┤ h ├───────────────»
      ├───┤       │    │    │    │    │    │    │    │  ╰───╯╭───╮          »
q18 : ┤ h ├───────┼────┼────┼────┼────┼────┼────┼────┼────●──┤ h ├──────────»
      ├───┤       │    │    │    │    │    │    │    │    │  ╰───╯╭───╮     »
q19 : ┤ h ├───────┼────┼────┼────┼────┼────┼────┼────┼────┼────●──┤ h ├─────»
      ├───┤       │    │    │    │    │    │    │    │    │    │  ╰───╯╭───╮»
q20 : ┤ h ├───────┼────┼────┼────┼────┼────┼────┼────┼────┼────┼────●──┤ h ├»
      ├───┤       │    │    │    │    │    │    │    │    │    │    │  ╰───╯»
q21 : ┤ h ├───────┼────┼────┼────┼────┼────┼────┼────┼────┼────┼────┼────●──»
      ├───┤       │    │    │    │    │    │    │    │    │    │    │    │  »
q22 : ┤ h ├───────┼────┼────┼────┼────┼────┼────┼────┼────┼────┼────┼────┼──»
      ├───┤       │    │    │    │    │    │    │    │    │    │    │    │  »
q23 : ┤ h ├───────┼────┼────┼────┼────┼────┼────┼────┼────┼────┼────┼────┼──»
      ├───┤       │    │    │    │    │    │    │    │    │    │    │    │  »
q24 : ┤ h ├───────┼────┼────┼────┼────┼────┼────┼────┼────┼────┼────┼────┼──»
      ├───┤       │    │    │    │    │    │    │    │    │    │    │    │  »
q25 : ┤ h ├───────┼────┼────┼────┼────┼────┼────┼────┼────┼────┼────┼────┼──»
      ├───┤       │    │    │    │    │    │    │    │    │    │    │    │  »
q26 : ┤ h ├───────┼────┼────┼────┼────┼────┼────┼────┼────┼────┼────┼────┼──»
      ├───┤       │    │    │    │    │    │    │    │    │    │    │    │  »
q27 : ┤ h ├───────┼────┼────┼────┼────┼────┼────┼────┼────┼────┼────┼────┼──»
      ├───┤       │    │    │    │    │    │    │    │    │    │    │    │  »
q28 : ┤ h ├───────┼────┼────┼────┼────┼────┼────┼────┼────┼────┼────┼────┼──»
      ├───┤╭───╮╭─┴─╮╭─┴─╮╭─┴─╮╭─┴─╮╭─┴─╮╭─┴─╮╭─┴─╮╭─┴─╮╭─┴─╮╭─┴─╮╭─┴─╮╭─┴─╮»
q29 : ┤ x ├┤ h ├┤ x ├┤ x ├┤ x ├┤ x ├┤ x ├┤ x ├┤ x ├┤ x ├┤ x ├┤ x ├┤ x ├┤ x ├»
      ╰───╯╰───╯╰───╯╰───╯╰───╯╰───╯╰───╯╰───╯╰───╯╰───╯╰───╯╰───╯╰───╯╰───╯»

################################################################################

                              
──────────────────────────────
                              
──────────────────────────────
                              
──────────────────────────────
                              
──────────────────────────────
                              
──────────────────────────────
                              
──────────────────────────────
                              
──────────────────────────────
                              
──────────────────────────────
                              
──────────────────────────────
                              
──────────────────────────────
                              
──────────────────────────────
                              
──────────────────────────────
                              
──────────────────────────────
                              
──────────────────────────────
                              
──────────────────────────────
                              
──────────────────────────────
                              
──────────────────────────────
                              
──────────────────────────────
                              
──────────────────────────────
                              
──────────────────────────────
                              
──────────────────────────────
╭───╮                         
┤ h ├─────────────────────────
├───┤                         
┤ h ├─────────────────────────
╰───╯╭───╮                    
──●──┤ h ├────────────────────
  │  ╰───╯╭───╮               
──┼────●──┤ h ├───────────────
  │    │  ╰───╯╭───╮          
──┼────┼────●──┤ h ├──────────
  │    │    │  ╰───╯╭───╮     
──┼────┼────┼────●──┤ h ├─────
  │    │    │    │  ╰───╯╭───╮
──┼────┼────┼────┼────●──┤ h ├
  │    │    │    │    │  ├───┤
──┼────┼────┼────┼────┼──┤ h ├
╭─┴─╮╭─┴─╮╭─┴─╮╭─┴─╮╭─┴─╮╰───╯
┤ x ├┤ x ├┤ x ├┤ x ├┤ x ├─────
╰───╯╰───╯╰───╯╰───╯╰───╯     

secret bitstring = [0, 0, 1, 0, 0, 1, 1, 1, 0, 0, 1, 0, 1, 0, 0, 1, 0, 1, 1, 1, 1, 1, 0, 1, 1, 1, 1, 1, 0]
measured state = 00100111001010010111110111110
Were we successful? True
	Command being timed: "python3 bernstein-vazirani.py 29"
	User time (seconds): 1.13
	System time (seconds): 0.46
	Percent of CPU this job got: 92%
	Elapsed (wall clock) time (h:mm:ss or m:ss): 0:01.73
	Average shared text size (kbytes): 0
	Average unshared data size (kbytes): 0
	Average stack size (kbytes): 0
	Average total size (kbytes): 0
	Maximum resident set size (kbytes): 622624
	Average resident set size (kbytes): 0
	Major (requiring I/O) page faults: 0
	Minor (reclaiming a frame) page faults: 43910
	Voluntary context switches: 1728
	Involuntary context switches: 33
	Swaps: 0
	File system inputs: 0
	File system outputs: 48
	Socket messages sent: 0
	Socket messages received: 0
	Signals delivered: 0
	Page size (bytes): 4096
	Exit status: 0
      ╭───╮╭───╮                                                            »
 q0 : ┤ h ├┤ h ├────────────────────────────────────────────────────────────»
      ├───┤├───┤                                                            »
 q1 : ┤ h ├┤ h ├────────────────────────────────────────────────────────────»
      ├───┤╰───╯     ╭───╮                                                  »
 q2 : ┤ h ├───────●──┤ h ├──────────────────────────────────────────────────»
      ├───┤       │  ├───┤                                                  »
 q3 : ┤ h ├───────┼──┤ h ├──────────────────────────────────────────────────»
      ├───┤       │  ╰───╯╭───╮                                             »
 q4 : ┤ h ├───────┼────●──┤ h ├─────────────────────────────────────────────»
      ├───┤       │    │  ╰───╯╭───╮                                        »
 q5 : ┤ h ├───────┼────┼────●──┤ h ├────────────────────────────────────────»
      ├───┤       │    │    │  ├───┤                                        »
 q6 : ┤ h ├───────┼────┼────┼──┤ h ├────────────────────────────────────────»
      ├───┤       │    │    │  ├───┤                                        »
 q7 : ┤ h ├───────┼────┼────┼──┤ h ├────────────────────────────────────────»
      ├───┤       │    │    │  ├───┤                                        »
 q8 : ┤ h ├───────┼────┼────┼──┤ h ├────────────────────────────────────────»
      ├───┤       │    │    │  ╰───╯╭───╮                                   »
 q9 : ┤ h ├───────┼────┼────┼────●──┤ h ├───────────────────────────────────»
      ├───┤       │    │    │    │  ╰───╯╭───╮                              »
q10 : ┤ h ├───────┼────┼────┼────┼────●──┤ h ├──────────────────────────────»
      ├───┤       │    │    │    │    │  ╰───╯╭───╮                         »
q11 : ┤ h ├───────┼────┼────┼────┼────┼────●──┤ h ├─────────────────────────»
      ├───┤       │    │    │    │    │    │  ╰───╯╭───╮                    »
q12 : ┤ h ├───────┼────┼────┼────┼────┼────┼────●──┤ h ├────────────────────»
      ├───┤       │    │    │    │    │    │    │  ╰───╯╭───╮               »
q13 : ┤ h ├───────┼────┼────┼────┼────┼────┼────┼────●──┤ h ├───────────────»
      ├───┤       │    │    │    │    │    │    │    │  ├───┤               »
q14 : ┤ h ├───────┼────┼────┼────┼────┼────┼────┼────┼──┤ h ├───────────────»
      ├───┤       │    │    │    │    │    │    │    │  ╰───╯╭───╮          »
q15 : ┤ h ├───────┼────┼────┼────┼────┼────┼────┼────┼────●──┤ h ├──────────»
      ├───┤       │    │    │    │    │    │    │    │    │  ├───┤          »
q16 : ┤ h ├───────┼────┼────┼────┼────┼────┼────┼────┼────┼──┤ h ├──────────»
      ├───┤       │    │    │    │    │    │    │    │    │  ╰───╯╭───╮     »
q17 : ┤ h ├───────┼────┼────┼────┼────┼────┼────┼────┼────┼────●──┤ h ├─────»
      ├───┤       │    │    │    │    │    │    │    │    │    │  ├───┤     »
q18 : ┤ h ├───────┼────┼────┼────┼────┼────┼────┼────┼────┼────┼──┤ h ├─────»
      ├───┤       │    │    │    │    │    │    │    │    │    │  ├───┤     »
q19 : ┤ h ├───────┼────┼────┼────┼────┼────┼────┼────┼────┼────┼──┤ h ├─────»
      ├───┤       │    │    │    │    │    │    │    │    │    │  ╰───╯╭───╮»
q20 : ┤ h ├───────┼────┼────┼────┼────┼────┼────┼────┼────┼────┼────●──┤ h ├»
      ├───┤       │    │    │    │    │    │    │    │    │    │    │  ╰───╯»
q21 : ┤ h ├───────┼────┼────┼────┼────┼────┼────┼────┼────┼────┼────┼────●──»
      ├───┤       │    │    │    │    │    │    │    │    │    │    │    │  »
q22 : ┤ h ├───────┼────┼────┼────┼────┼────┼────┼────┼────┼────┼────┼────┼──»
      ├───┤       │    │    │    │    │    │    │    │    │    │    │    │  »
q23 : ┤ h ├───────┼────┼────┼────┼────┼────┼────┼────┼────┼────┼────┼────┼──»
      ├───┤       │    │    │    │    │    │    │    │    │    │    │    │  »
q24 : ┤ h ├───────┼────┼────┼────┼────┼────┼────┼────┼────┼────┼────┼────┼──»
      ├───┤       │    │    │    │    │    │    │    │    │    │    │    │  »
q25 : ┤ h ├───────┼────┼────┼────┼────┼────┼────┼────┼────┼────┼────┼────┼──»
      ├───┤       │    │    │    │    │    │    │    │    │    │    │    │  »
q26 : ┤ h ├───────┼────┼────┼────┼────┼────┼────┼────┼────┼────┼────┼────┼──»
      ├───┤       │    │    │    │    │    │    │    │    │    │    │    │  »
q27 : ┤ h ├───────┼────┼────┼────┼────┼────┼────┼────┼────┼────┼────┼────┼──»
      ├───┤       │    │    │    │    │    │    │    │    │    │    │    │  »
q28 : ┤ h ├───────┼────┼────┼────┼────┼────┼────┼────┼────┼────┼────┼────┼──»
      ├───┤╭───╮╭─┴─╮╭─┴─╮╭─┴─╮╭─┴─╮╭─┴─╮╭─┴─╮╭─┴─╮╭─┴─╮╭─┴─╮╭─┴─╮╭─┴─╮╭─┴─╮»
q29 : ┤ x ├┤ h ├┤ x ├┤ x ├┤ x ├┤ x ├┤ x ├┤ x ├┤ x ├┤ x ├┤ x ├┤ x ├┤ x ├┤ x ├»
      ╰───╯╰───╯╰───╯╰───╯╰───╯╰───╯╰───╯╰───╯╰───╯╰───╯╰───╯╰───╯╰───╯╰───╯»

################################################################################

               
───────────────
               
───────────────
               
───────────────
               
───────────────
               
───────────────
               
───────────────
               
───────────────
               
───────────────
               
───────────────
               
───────────────
               
───────────────
               
───────────────
               
───────────────
               
───────────────
               
───────────────
               
───────────────
               
───────────────
               
───────────────
               
───────────────
               
───────────────
               
───────────────
╭───╮          
┤ h ├──────────
├───┤          
┤ h ├──────────
├───┤          
┤ h ├──────────
├───┤          
┤ h ├──────────
╰───╯╭───╮     
──●──┤ h ├─────
  │  ╰───╯╭───╮
──┼────●──┤ h ├
  │    │  ├───┤
──┼────┼──┤ h ├
  │    │  ├───┤
──┼────┼──┤ h ├
╭─┴─╮╭─┴─╮╰───╯
┤ x ├┤ x ├─────
╰───╯╰───╯     

secret bitstring = [0, 0, 1, 0, 1, 1, 0, 0, 0, 1, 1, 1, 1, 1, 0, 1, 0, 1, 0, 0, 1, 1, 0, 0, 0, 1, 1, 0, 0]
measured state = 00101100011111010100110001100
Were we successful? True
	Command being timed: "python3 bernstein-vazirani.py 29"
	User time (seconds): 1.11
	System time (seconds): 0.47
	Percent of CPU this job got: 93%
	Elapsed (wall clock) time (h:mm:ss or m:ss): 0:01.69
	Average shared text size (kbytes): 0
	Average unshared data size (kbytes): 0
	Average stack size (kbytes): 0
	Average total size (kbytes): 0
	Maximum resident set size (kbytes): 621784
	Average resident set size (kbytes): 0
	Major (requiring I/O) page faults: 0
	Minor (reclaiming a frame) page faults: 42285
	Voluntary context switches: 1734
	Involuntary context switches: 32
	Swaps: 0
	File system inputs: 0
	File system outputs: 40
	Socket messages sent: 0
	Socket messages received: 0
	Signals delivered: 0
	Page size (bytes): 4096
	Exit status: 0
      ╭───╮╭───╮                                                            »
 q0 : ┤ h ├┤ h ├────────────────────────────────────────────────────────────»
      ├───┤╰───╯     ╭───╮                                                  »
 q1 : ┤ h ├───────●──┤ h ├──────────────────────────────────────────────────»
      ├───┤       │  ├───┤                                                  »
 q2 : ┤ h ├───────┼──┤ h ├──────────────────────────────────────────────────»
      ├───┤       │  ├───┤                                                  »
 q3 : ┤ h ├───────┼──┤ h ├──────────────────────────────────────────────────»
      ├───┤       │  ╰───╯╭───╮                                             »
 q4 : ┤ h ├───────┼────●──┤ h ├─────────────────────────────────────────────»
      ├───┤       │    │  ╰───╯╭───╮                                        »
 q5 : ┤ h ├───────┼────┼────●──┤ h ├────────────────────────────────────────»
      ├───┤       │    │    │  ├───┤                                        »
 q6 : ┤ h ├───────┼────┼────┼──┤ h ├────────────────────────────────────────»
      ├───┤       │    │    │  ╰───╯╭───╮                                   »
 q7 : ┤ h ├───────┼────┼────┼────●──┤ h ├───────────────────────────────────»
      ├───┤       │    │    │    │  ├───┤                                   »
 q8 : ┤ h ├───────┼────┼────┼────┼──┤ h ├───────────────────────────────────»
      ├───┤       │    │    │    │  ├───┤                                   »
 q9 : ┤ h ├───────┼────┼────┼────┼──┤ h ├───────────────────────────────────»
      ├───┤       │    │    │    │  ╰───╯╭───╮                              »
q10 : ┤ h ├───────┼────┼────┼────┼────●──┤ h ├──────────────────────────────»
      ├───┤       │    │    │    │    │  ├───┤                              »
q11 : ┤ h ├───────┼────┼────┼────┼────┼──┤ h ├──────────────────────────────»
      ├───┤       │    │    │    │    │  ├───┤                              »
q12 : ┤ h ├───────┼────┼────┼────┼────┼──┤ h ├──────────────────────────────»
      ├───┤       │    │    │    │    │  ├───┤                              »
q13 : ┤ h ├───────┼────┼────┼────┼────┼──┤ h ├──────────────────────────────»
      ├───┤       │    │    │    │    │  ╰───╯╭───╮                         »
q14 : ┤ h ├───────┼────┼────┼────┼────┼────●──┤ h ├─────────────────────────»
      ├───┤       │    │    │    │    │    │  ╰───╯╭───╮                    »
q15 : ┤ h ├───────┼────┼────┼────┼────┼────┼────●──┤ h ├────────────────────»
      ├───┤       │    │    │    │    │    │    │  ╰───╯╭───╮               »
q16 : ┤ h ├───────┼────┼────┼────┼────┼────┼────┼────●──┤ h ├───────────────»
      ├───┤       │    │    │    │    │    │    │    │  ╰───╯╭───╮          »
q17 : ┤ h ├───────┼────┼────┼────┼────┼────┼────┼────┼────●──┤ h ├──────────»
      ├───┤       │    │    │    │    │    │    │    │    │  ├───┤          »
q18 : ┤ h ├───────┼────┼────┼────┼────┼────┼────┼────┼────┼──┤ h ├──────────»
      ├───┤       │    │    │    │    │    │    │    │    │  ├───┤          »
q19 : ┤ h ├───────┼────┼────┼────┼────┼────┼────┼────┼────┼──┤ h ├──────────»
      ├───┤       │    │    │    │    │    │    │    │    │  ├───┤          »
q20 : ┤ h ├───────┼────┼────┼────┼────┼────┼────┼────┼────┼──┤ h ├──────────»
      ├───┤       │    │    │    │    │    │    │    │    │  ╰───╯╭───╮     »
q21 : ┤ h ├───────┼────┼────┼────┼────┼────┼────┼────┼────┼────●──┤ h ├─────»
      ├───┤       │    │    │    │    │    │    │    │    │    │  ╰───╯╭───╮»
q22 : ┤ h ├───────┼────┼────┼────┼────┼────┼────┼────┼────┼────┼────●──┤ h ├»
      ├───┤       │    │    │    │    │    │    │    │    │    │    │  ╰───╯»
q23 : ┤ h ├───────┼────┼────┼────┼────┼────┼────┼────┼────┼────┼────┼────●──»
      ├───┤       │    │    │    │    │    │    │    │    │    │    │    │  »
q24 : ┤ h ├───────┼────┼────┼────┼────┼────┼────┼────┼────┼────┼────┼────┼──»
      ├───┤       │    │    │    │    │    │    │    │    │    │    │    │  »
q25 : ┤ h ├───────┼────┼────┼────┼────┼────┼────┼────┼────┼────┼────┼────┼──»
      ├───┤       │    │    │    │    │    │    │    │    │    │    │    │  »
q26 : ┤ h ├───────┼────┼────┼────┼────┼────┼────┼────┼────┼────┼────┼────┼──»
      ├───┤       │    │    │    │    │    │    │    │    │    │    │    │  »
q27 : ┤ h ├───────┼────┼────┼────┼────┼────┼────┼────┼────┼────┼────┼────┼──»
      ├───┤       │    │    │    │    │    │    │    │    │    │    │    │  »
q28 : ┤ h ├───────┼────┼────┼────┼────┼────┼────┼────┼────┼────┼────┼────┼──»
      ├───┤╭───╮╭─┴─╮╭─┴─╮╭─┴─╮╭─┴─╮╭─┴─╮╭─┴─╮╭─┴─╮╭─┴─╮╭─┴─╮╭─┴─╮╭─┴─╮╭─┴─╮»
q29 : ┤ x ├┤ h ├┤ x ├┤ x ├┤ x ├┤ x ├┤ x ├┤ x ├┤ x ├┤ x ├┤ x ├┤ x ├┤ x ├┤ x ├»
      ╰───╯╰───╯╰───╯╰───╯╰───╯╰───╯╰───╯╰───╯╰───╯╰───╯╰───╯╰───╯╰───╯╰───╯»

################################################################################

                         
─────────────────────────
                         
─────────────────────────
                         
─────────────────────────
                         
─────────────────────────
                         
─────────────────────────
                         
─────────────────────────
                         
─────────────────────────
                         
─────────────────────────
                         
─────────────────────────
                         
─────────────────────────
                         
─────────────────────────
                         
─────────────────────────
                         
─────────────────────────
                         
─────────────────────────
                         
─────────────────────────
                         
─────────────────────────
                         
─────────────────────────
                         
─────────────────────────
                         
─────────────────────────
                         
─────────────────────────
                         
─────────────────────────
                         
─────────────────────────
                         
─────────────────────────
╭───╮                    
┤ h ├────────────────────
╰───╯╭───╮               
──●──┤ h ├───────────────
  │  ╰───╯╭───╮          
──┼────●──┤ h ├──────────
  │    │  ╰───╯╭───╮     
──┼────┼────●──┤ h ├─────
  │    │    │  ├───┤     
──┼────┼────┼──┤ h ├─────
  │    │    │  ╰───╯╭───╮
──┼────┼────┼────●──┤ h ├
╭─┴─╮╭─┴─╮╭─┴─╮╭─┴─╮╰───╯
┤ x ├┤ x ├┤ x ├┤ x ├─────
╰───╯╰───╯╰───╯╰───╯     

secret bitstring = [0, 1, 0, 0, 1, 1, 0, 1, 0, 0, 1, 0, 0, 0, 1, 1, 1, 1, 0, 0, 0, 1, 1, 1, 1, 1, 1, 0, 1]
measured state = 01001101001000111100011111101
Were we successful? True
	Command being timed: "python3 bernstein-vazirani.py 29"
	User time (seconds): 1.11
	System time (seconds): 0.47
	Percent of CPU this job got: 94%
	Elapsed (wall clock) time (h:mm:ss or m:ss): 0:01.68
	Average shared text size (kbytes): 0
	Average unshared data size (kbytes): 0
	Average stack size (kbytes): 0
	Average total size (kbytes): 0
	Maximum resident set size (kbytes): 621392
	Average resident set size (kbytes): 0
	Major (requiring I/O) page faults: 0
	Minor (reclaiming a frame) page faults: 43106
	Voluntary context switches: 1713
	Involuntary context switches: 30
	Swaps: 0
	File system inputs: 0
	File system outputs: 40
	Socket messages sent: 0
	Socket messages received: 0
	Signals delivered: 0
	Page size (bytes): 4096
	Exit status: 0
      ╭───╮          ╭───╮                                                  »
 q0 : ┤ h ├───────●──┤ h ├──────────────────────────────────────────────────»
      ├───┤       │  ├───┤                                                  »
 q1 : ┤ h ├───────┼──┤ h ├──────────────────────────────────────────────────»
      ├───┤       │  ╰───╯╭───╮                                             »
 q2 : ┤ h ├───────┼────●──┤ h ├─────────────────────────────────────────────»
      ├───┤       │    │  ╰───╯╭───╮                                        »
 q3 : ┤ h ├───────┼────┼────●──┤ h ├────────────────────────────────────────»
      ├───┤       │    │    │  ╰───╯╭───╮                                   »
 q4 : ┤ h ├───────┼────┼────┼────●──┤ h ├───────────────────────────────────»
      ├───┤       │    │    │    │  ╰───╯╭───╮                              »
 q5 : ┤ h ├───────┼────┼────┼────┼────●──┤ h ├──────────────────────────────»
      ├───┤       │    │    │    │    │  ├───┤                              »
 q6 : ┤ h ├───────┼────┼────┼────┼────┼──┤ h ├──────────────────────────────»
      ├───┤       │    │    │    │    │  ╰───╯╭───╮                         »
 q7 : ┤ h ├───────┼────┼────┼────┼────┼────●──┤ h ├─────────────────────────»
      ├───┤       │    │    │    │    │    │  ├───┤                         »
 q8 : ┤ h ├───────┼────┼────┼────┼────┼────┼──┤ h ├─────────────────────────»
      ├───┤       │    │    │    │    │    │  ╰───╯╭───╮                    »
 q9 : ┤ h ├───────┼────┼────┼────┼────┼────┼────●──┤ h ├────────────────────»
      ├───┤       │    │    │    │    │    │    │  ╰───╯╭───╮               »
q10 : ┤ h ├───────┼────┼────┼────┼────┼────┼────┼────●──┤ h ├───────────────»
      ├───┤       │    │    │    │    │    │    │    │  ├───┤               »
q11 : ┤ h ├───────┼────┼────┼────┼────┼────┼────┼────┼──┤ h ├───────────────»
      ├───┤       │    │    │    │    │    │    │    │  ├───┤               »
q12 : ┤ h ├───────┼────┼────┼────┼────┼────┼────┼────┼──┤ h ├───────────────»
      ├───┤       │    │    │    │    │    │    │    │  ├───┤               »
q13 : ┤ h ├───────┼────┼────┼────┼────┼────┼────┼────┼──┤ h ├───────────────»
      ├───┤       │    │    │    │    │    │    │    │  ╰───╯╭───╮          »
q14 : ┤ h ├───────┼────┼────┼────┼────┼────┼────┼────┼────●──┤ h ├──────────»
      ├───┤       │    │    │    │    │    │    │    │    │  ├───┤          »
q15 : ┤ h ├───────┼────┼────┼────┼────┼────┼────┼────┼────┼──┤ h ├──────────»
      ├───┤       │    │    │    │    │    │    │    │    │  ├───┤          »
q16 : ┤ h ├───────┼────┼────┼────┼────┼────┼────┼────┼────┼──┤ h ├──────────»
      ├───┤       │    │    │    │    │    │    │    │    │  ╰───╯╭───╮     »
q17 : ┤ h ├───────┼────┼────┼────┼────┼────┼────┼────┼────┼────●──┤ h ├─────»
      ├───┤       │    │    │    │    │    │    │    │    │    │  ├───┤     »
q18 : ┤ h ├───────┼────┼────┼────┼────┼────┼────┼────┼────┼────┼──┤ h ├─────»
      ├───┤       │    │    │    │    │    │    │    │    │    │  ├───┤     »
q19 : ┤ h ├───────┼────┼────┼────┼────┼────┼────┼────┼────┼────┼──┤ h ├─────»
      ├───┤       │    │    │    │    │    │    │    │    │    │  ├───┤     »
q20 : ┤ h ├───────┼────┼────┼────┼────┼────┼────┼────┼────┼────┼──┤ h ├─────»
      ├───┤       │    │    │    │    │    │    │    │    │    │  ╰───╯╭───╮»
q21 : ┤ h ├───────┼────┼────┼────┼────┼────┼────┼────┼────┼────┼────●──┤ h ├»
      ├───┤       │    │    │    │    │    │    │    │    │    │    │  ╰───╯»
q22 : ┤ h ├───────┼────┼────┼────┼────┼────┼────┼────┼────┼────┼────┼────●──»
      ├───┤       │    │    │    │    │    │    │    │    │    │    │    │  »
q23 : ┤ h ├───────┼────┼────┼────┼────┼────┼────┼────┼────┼────┼────┼────┼──»
      ├───┤       │    │    │    │    │    │    │    │    │    │    │    │  »
q24 : ┤ h ├───────┼────┼────┼────┼────┼────┼────┼────┼────┼────┼────┼────┼──»
      ├───┤       │    │    │    │    │    │    │    │    │    │    │    │  »
q25 : ┤ h ├───────┼────┼────┼────┼────┼────┼────┼────┼────┼────┼────┼────┼──»
      ├───┤       │    │    │    │    │    │    │    │    │    │    │    │  »
q26 : ┤ h ├───────┼────┼────┼────┼────┼────┼────┼────┼────┼────┼────┼────┼──»
      ├───┤       │    │    │    │    │    │    │    │    │    │    │    │  »
q27 : ┤ h ├───────┼────┼────┼────┼────┼────┼────┼────┼────┼────┼────┼────┼──»
      ├───┤       │    │    │    │    │    │    │    │    │    │    │    │  »
q28 : ┤ h ├───────┼────┼────┼────┼────┼────┼────┼────┼────┼────┼────┼────┼──»
      ├───┤╭───╮╭─┴─╮╭─┴─╮╭─┴─╮╭─┴─╮╭─┴─╮╭─┴─╮╭─┴─╮╭─┴─╮╭─┴─╮╭─┴─╮╭─┴─╮╭─┴─╮»
q29 : ┤ x ├┤ h ├┤ x ├┤ x ├┤ x ├┤ x ├┤ x ├┤ x ├┤ x ├┤ x ├┤ x ├┤ x ├┤ x ├┤ x ├»
      ╰───╯╰───╯╰───╯╰───╯╰───╯╰───╯╰───╯╰───╯╰───╯╰───╯╰───╯╰───╯╰───╯╰───╯»

################################################################################

               
───────────────
               
───────────────
               
───────────────
               
───────────────
               
───────────────
               
───────────────
               
───────────────
               
───────────────
               
───────────────
               
───────────────
               
───────────────
               
───────────────
               
───────────────
               
───────────────
               
───────────────
               
───────────────
               
───────────────
               
───────────────
               
───────────────
               
───────────────
               
───────────────
               
───────────────
╭───╮          
┤ h ├──────────
╰───╯╭───╮     
──●──┤ h ├─────
  │  ├───┤     
──┼──┤ h ├─────
  │  ├───┤     
──┼──┤ h ├─────
  │  ╰───╯╭───╮
──┼────●──┤ h ├
  │    │  ├───┤
──┼────┼──┤ h ├
  │    │  ├───┤
──┼────┼──┤ h ├
╭─┴─╮╭─┴─╮╰───╯
┤ x ├┤ x ├─────
╰───╯╰───╯     

secret bitstring = [1, 0, 1, 1, 1, 1, 0, 1, 0, 1, 1, 0, 0, 0, 1, 0, 0, 1, 0, 0, 0, 1, 1, 1, 0, 0, 1, 0, 0]
measured state = 10111101011000100100011100100
Were we successful? True
	Command being timed: "python3 bernstein-vazirani.py 29"
	User time (seconds): 1.11
	System time (seconds): 0.44
	Percent of CPU this job got: 94%
	Elapsed (wall clock) time (h:mm:ss or m:ss): 0:01.65
	Average shared text size (kbytes): 0
	Average unshared data size (kbytes): 0
	Average stack size (kbytes): 0
	Average total size (kbytes): 0
	Maximum resident set size (kbytes): 619324
	Average resident set size (kbytes): 0
	Major (requiring I/O) page faults: 0
	Minor (reclaiming a frame) page faults: 43255
	Voluntary context switches: 1631
	Involuntary context switches: 32
	Swaps: 0
	File system inputs: 0
	File system outputs: 40
	Socket messages sent: 0
	Socket messages received: 0
	Signals delivered: 0
	Page size (bytes): 4096
	Exit status: 0
      ╭───╮╭───╮                                                            »
 q0 : ┤ h ├┤ h ├────────────────────────────────────────────────────────────»
      ├───┤╰───╯     ╭───╮                                                  »
 q1 : ┤ h ├───────●──┤ h ├──────────────────────────────────────────────────»
      ├───┤       │  ╰───╯╭───╮                                             »
 q2 : ┤ h ├───────┼────●──┤ h ├─────────────────────────────────────────────»
      ├───┤       │    │  ├───┤                                             »
 q3 : ┤ h ├───────┼────┼──┤ h ├─────────────────────────────────────────────»
      ├───┤       │    │  ├───┤                                             »
 q4 : ┤ h ├───────┼────┼──┤ h ├─────────────────────────────────────────────»
      ├───┤       │    │  ╰───╯╭───╮                                        »
 q5 : ┤ h ├───────┼────┼────●──┤ h ├────────────────────────────────────────»
      ├───┤       │    │    │  ├───┤                                        »
 q6 : ┤ h ├───────┼────┼────┼──┤ h ├────────────────────────────────────────»
      ├───┤       │    │    │  ├───┤                                        »
 q7 : ┤ h ├───────┼────┼────┼──┤ h ├────────────────────────────────────────»
      ├───┤       │    │    │  ╰───╯╭───╮                                   »
 q8 : ┤ h ├───────┼────┼────┼────●──┤ h ├───────────────────────────────────»
      ├───┤       │    │    │    │  ├───┤                                   »
 q9 : ┤ h ├───────┼────┼────┼────┼──┤ h ├───────────────────────────────────»
      ├───┤       │    │    │    │  ├───┤                                   »
q10 : ┤ h ├───────┼────┼────┼────┼──┤ h ├───────────────────────────────────»
      ├───┤       │    │    │    │  ╰───╯╭───╮                              »
q11 : ┤ h ├───────┼────┼────┼────┼────●──┤ h ├──────────────────────────────»
      ├───┤       │    │    │    │    │  ╰───╯╭───╮                         »
q12 : ┤ h ├───────┼────┼────┼────┼────┼────●──┤ h ├─────────────────────────»
      ├───┤       │    │    │    │    │    │  ╰───╯╭───╮                    »
q13 : ┤ h ├───────┼────┼────┼────┼────┼────┼────●──┤ h ├────────────────────»
      ├───┤       │    │    │    │    │    │    │  ╰───╯╭───╮               »
q14 : ┤ h ├───────┼────┼────┼────┼────┼────┼────┼────●──┤ h ├───────────────»
      ├───┤       │    │    │    │    │    │    │    │  ╰───╯╭───╮          »
q15 : ┤ h ├───────┼────┼────┼────┼────┼────┼────┼────┼────●──┤ h ├──────────»
      ├───┤       │    │    │    │    │    │    │    │    │  ├───┤          »
q16 : ┤ h ├───────┼────┼────┼────┼────┼────┼────┼────┼────┼──┤ h ├──────────»
      ├───┤       │    │    │    │    │    │    │    │    │  ╰───╯╭───╮     »
q17 : ┤ h ├───────┼────┼────┼────┼────┼────┼────┼────┼────┼────●──┤ h ├─────»
      ├───┤       │    │    │    │    │    │    │    │    │    │  ├───┤     »
q18 : ┤ h ├───────┼────┼────┼────┼────┼────┼────┼────┼────┼────┼──┤ h ├─────»
      ├───┤       │    │    │    │    │    │    │    │    │    │  ╰───╯╭───╮»
q19 : ┤ h ├───────┼────┼────┼────┼────┼────┼────┼────┼────┼────┼────●──┤ h ├»
      ├───┤       │    │    │    │    │    │    │    │    │    │    │  ├───┤»
q20 : ┤ h ├───────┼────┼────┼────┼────┼────┼────┼────┼────┼────┼────┼──┤ h ├»
      ├───┤       │    │    │    │    │    │    │    │    │    │    │  ├───┤»
q21 : ┤ h ├───────┼────┼────┼────┼────┼────┼────┼────┼────┼────┼────┼──┤ h ├»
      ├───┤       │    │    │    │    │    │    │    │    │    │    │  ├───┤»
q22 : ┤ h ├───────┼────┼────┼────┼────┼────┼────┼────┼────┼────┼────┼──┤ h ├»
      ├───┤       │    │    │    │    │    │    │    │    │    │    │  ├───┤»
q23 : ┤ h ├───────┼────┼────┼────┼────┼────┼────┼────┼────┼────┼────┼──┤ h ├»
      ├───┤       │    │    │    │    │    │    │    │    │    │    │  ├───┤»
q24 : ┤ h ├───────┼────┼────┼────┼────┼────┼────┼────┼────┼────┼────┼──┤ h ├»
      ├───┤       │    │    │    │    │    │    │    │    │    │    │  ╰───╯»
q25 : ┤ h ├───────┼────┼────┼────┼────┼────┼────┼────┼────┼────┼────┼────●──»
      ├───┤       │    │    │    │    │    │    │    │    │    │    │    │  »
q26 : ┤ h ├───────┼────┼────┼────┼────┼────┼────┼────┼────┼────┼────┼────┼──»
      ├───┤       │    │    │    │    │    │    │    │    │    │    │    │  »
q27 : ┤ h ├───────┼────┼────┼────┼────┼────┼────┼────┼────┼────┼────┼────┼──»
      ├───┤       │    │    │    │    │    │    │    │    │    │    │    │  »
q28 : ┤ h ├───────┼────┼────┼────┼────┼────┼────┼────┼────┼────┼────┼────┼──»
      ├───┤╭───╮╭─┴─╮╭─┴─╮╭─┴─╮╭─┴─╮╭─┴─╮╭─┴─╮╭─┴─╮╭─┴─╮╭─┴─╮╭─┴─╮╭─┴─╮╭─┴─╮»
q29 : ┤ x ├┤ h ├┤ x ├┤ x ├┤ x ├┤ x ├┤ x ├┤ x ├┤ x ├┤ x ├┤ x ├┤ x ├┤ x ├┤ x ├»
      ╰───╯╰───╯╰───╯╰───╯╰───╯╰───╯╰───╯╰───╯╰───╯╰───╯╰───╯╰───╯╰───╯╰───╯»

################################################################################

               
───────────────
               
───────────────
               
───────────────
               
───────────────
               
───────────────
               
───────────────
               
───────────────
               
───────────────
               
───────────────
               
───────────────
               
───────────────
               
───────────────
               
───────────────
               
───────────────
               
───────────────
               
───────────────
               
───────────────
               
───────────────
               
───────────────
               
───────────────
               
───────────────
               
───────────────
               
───────────────
               
───────────────
               
───────────────
╭───╮          
┤ h ├──────────
├───┤          
┤ h ├──────────
╰───╯╭───╮     
──●──┤ h ├─────
  │  ╰───╯╭───╮
──┼────●──┤ h ├
╭─┴─╮╭─┴─╮╰───╯
┤ x ├┤ x ├─────
╰───╯╰───╯     

secret bitstring = [0, 1, 1, 0, 0, 1, 0, 0, 1, 0, 0, 1, 1, 1, 1, 1, 0, 1, 0, 1, 0, 0, 0, 0, 0, 1, 0, 1, 1]
measured state = 01100100100111110101000001011
Were we successful? True
	Command being timed: "python3 bernstein-vazirani.py 29"
	User time (seconds): 1.11
	System time (seconds): 0.43
	Percent of CPU this job got: 94%
	Elapsed (wall clock) time (h:mm:ss or m:ss): 0:01.64
	Average shared text size (kbytes): 0
	Average unshared data size (kbytes): 0
	Average stack size (kbytes): 0
	Average total size (kbytes): 0
	Maximum resident set size (kbytes): 621092
	Average resident set size (kbytes): 0
	Major (requiring I/O) page faults: 0
	Minor (reclaiming a frame) page faults: 43334
	Voluntary context switches: 1633
	Involuntary context switches: 33
	Swaps: 0
	File system inputs: 0
	File system outputs: 40
	Socket messages sent: 0
	Socket messages received: 0
	Signals delivered: 0
	Page size (bytes): 4096
	Exit status: 0
      ╭───╮          ╭───╮                                                  »
 q0 : ┤ h ├───────●──┤ h ├──────────────────────────────────────────────────»
      ├───┤       │  ╰───╯╭───╮                                             »
 q1 : ┤ h ├───────┼────●──┤ h ├─────────────────────────────────────────────»
      ├───┤       │    │  ╰───╯╭───╮                                        »
 q2 : ┤ h ├───────┼────┼────●──┤ h ├────────────────────────────────────────»
      ├───┤       │    │    │  ├───┤                                        »
 q3 : ┤ h ├───────┼────┼────┼──┤ h ├────────────────────────────────────────»
      ├───┤       │    │    │  ╰───╯╭───╮                                   »
 q4 : ┤ h ├───────┼────┼────┼────●──┤ h ├───────────────────────────────────»
      ├───┤       │    │    │    │  ├───┤                                   »
 q5 : ┤ h ├───────┼────┼────┼────┼──┤ h ├───────────────────────────────────»
      ├───┤       │    │    │    │  ├───┤                                   »
 q6 : ┤ h ├───────┼────┼────┼────┼──┤ h ├───────────────────────────────────»
      ├───┤       │    │    │    │  ├───┤                                   »
 q7 : ┤ h ├───────┼────┼────┼────┼──┤ h ├───────────────────────────────────»
      ├───┤       │    │    │    │  ├───┤                                   »
 q8 : ┤ h ├───────┼────┼────┼────┼──┤ h ├───────────────────────────────────»
      ├───┤       │    │    │    │  ├───┤                                   »
 q9 : ┤ h ├───────┼────┼────┼────┼──┤ h ├───────────────────────────────────»
      ├───┤       │    │    │    │  ╰───╯╭───╮                              »
q10 : ┤ h ├───────┼────┼────┼────┼────●──┤ h ├──────────────────────────────»
      ├───┤       │    │    │    │    │  ╰───╯╭───╮                         »
q11 : ┤ h ├───────┼────┼────┼────┼────┼────●──┤ h ├─────────────────────────»
      ├───┤       │    │    │    │    │    │  ├───┤                         »
q12 : ┤ h ├───────┼────┼────┼────┼────┼────┼──┤ h ├─────────────────────────»
      ├───┤       │    │    │    │    │    │  ╰───╯╭───╮                    »
q13 : ┤ h ├───────┼────┼────┼────┼────┼────┼────●──┤ h ├────────────────────»
      ├───┤       │    │    │    │    │    │    │  ╰───╯╭───╮               »
q14 : ┤ h ├───────┼────┼────┼────┼────┼────┼────┼────●──┤ h ├───────────────»
      ├───┤       │    │    │    │    │    │    │    │  ╰───╯╭───╮          »
q15 : ┤ h ├───────┼────┼────┼────┼────┼────┼────┼────┼────●──┤ h ├──────────»
      ├───┤       │    │    │    │    │    │    │    │    │  ╰───╯╭───╮     »
q16 : ┤ h ├───────┼────┼────┼────┼────┼────┼────┼────┼────┼────●──┤ h ├─────»
      ├───┤       │    │    │    │    │    │    │    │    │    │  ╰───╯╭───╮»
q17 : ┤ h ├───────┼────┼────┼────┼────┼────┼────┼────┼────┼────┼────●──┤ h ├»
      ├───┤       │    │    │    │    │    │    │    │    │    │    │  ├───┤»
q18 : ┤ h ├───────┼────┼────┼────┼────┼────┼────┼────┼────┼────┼────┼──┤ h ├»
      ├───┤       │    │    │    │    │    │    │    │    │    │    │  ╰───╯»
q19 : ┤ h ├───────┼────┼────┼────┼────┼────┼────┼────┼────┼────┼────┼────●──»
      ├───┤       │    │    │    │    │    │    │    │    │    │    │    │  »
q20 : ┤ h ├───────┼────┼────┼────┼────┼────┼────┼────┼────┼────┼────┼────┼──»
      ├───┤       │    │    │    │    │    │    │    │    │    │    │    │  »
q21 : ┤ h ├───────┼────┼────┼────┼────┼────┼────┼────┼────┼────┼────┼────┼──»
      ├───┤       │    │    │    │    │    │    │    │    │    │    │    │  »
q22 : ┤ h ├───────┼────┼────┼────┼────┼────┼────┼────┼────┼────┼────┼────┼──»
      ├───┤       │    │    │    │    │    │    │    │    │    │    │    │  »
q23 : ┤ h ├───────┼────┼────┼────┼────┼────┼────┼────┼────┼────┼────┼────┼──»
      ├───┤       │    │    │    │    │    │    │    │    │    │    │    │  »
q24 : ┤ h ├───────┼────┼────┼────┼────┼────┼────┼────┼────┼────┼────┼────┼──»
      ├───┤       │    │    │    │    │    │    │    │    │    │    │    │  »
q25 : ┤ h ├───────┼────┼────┼────┼────┼────┼────┼────┼────┼────┼────┼────┼──»
      ├───┤       │    │    │    │    │    │    │    │    │    │    │    │  »
q26 : ┤ h ├───────┼────┼────┼────┼────┼────┼────┼────┼────┼────┼────┼────┼──»
      ├───┤       │    │    │    │    │    │    │    │    │    │    │    │  »
q27 : ┤ h ├───────┼────┼────┼────┼────┼────┼────┼────┼────┼────┼────┼────┼──»
      ├───┤       │    │    │    │    │    │    │    │    │    │    │    │  »
q28 : ┤ h ├───────┼────┼────┼────┼────┼────┼────┼────┼────┼────┼────┼────┼──»
      ├───┤╭───╮╭─┴─╮╭─┴─╮╭─┴─╮╭─┴─╮╭─┴─╮╭─┴─╮╭─┴─╮╭─┴─╮╭─┴─╮╭─┴─╮╭─┴─╮╭─┴─╮»
q29 : ┤ x ├┤ h ├┤ x ├┤ x ├┤ x ├┤ x ├┤ x ├┤ x ├┤ x ├┤ x ├┤ x ├┤ x ├┤ x ├┤ x ├»
      ╰───╯╰───╯╰───╯╰───╯╰───╯╰───╯╰───╯╰───╯╰───╯╰───╯╰───╯╰───╯╰───╯╰───╯»

################################################################################

                    
────────────────────
                    
────────────────────
                    
────────────────────
                    
────────────────────
                    
────────────────────
                    
────────────────────
                    
────────────────────
                    
────────────────────
                    
────────────────────
                    
────────────────────
                    
────────────────────
                    
────────────────────
                    
────────────────────
                    
────────────────────
                    
────────────────────
                    
────────────────────
                    
────────────────────
                    
────────────────────
                    
────────────────────
╭───╮               
┤ h ├───────────────
├───┤               
┤ h ├───────────────
╰───╯╭───╮          
──●──┤ h ├──────────
  │  ├───┤          
──┼──┤ h ├──────────
  │  ╰───╯╭───╮     
──┼────●──┤ h ├─────
  │    │  ├───┤     
──┼────┼──┤ h ├─────
  │    │  ├───┤     
──┼────┼──┤ h ├─────
  │    │  ├───┤     
──┼────┼──┤ h ├─────
  │    │  ├───┤     
──┼────┼──┤ h ├─────
  │    │  ╰───╯╭───╮
──┼────┼────●──┤ h ├
╭─┴─╮╭─┴─╮╭─┴─╮╰───╯
┤ x ├┤ x ├┤ x ├─────
╰───╯╰───╯╰───╯     

secret bitstring = [1, 1, 1, 0, 1, 0, 0, 0, 0, 0, 1, 1, 0, 1, 1, 1, 1, 1, 0, 1, 0, 1, 0, 1, 0, 0, 0, 0, 1]
measured state = 11101000001101111101010100001
Were we successful? True
	Command being timed: "python3 bernstein-vazirani.py 29"
	User time (seconds): 1.11
	System time (seconds): 0.44
	Percent of CPU this job got: 95%
	Elapsed (wall clock) time (h:mm:ss or m:ss): 0:01.63
	Average shared text size (kbytes): 0
	Average unshared data size (kbytes): 0
	Average stack size (kbytes): 0
	Average total size (kbytes): 0
	Maximum resident set size (kbytes): 620136
	Average resident set size (kbytes): 0
	Major (requiring I/O) page faults: 0
	Minor (reclaiming a frame) page faults: 43390
	Voluntary context switches: 1624
	Involuntary context switches: 35
	Swaps: 0
	File system inputs: 0
	File system outputs: 40
	Socket messages sent: 0
	Socket messages received: 0
	Signals delivered: 0
	Page size (bytes): 4096
	Exit status: 0
      ╭───╮          ╭───╮                                        
 q0 : ┤ h ├───────●──┤ h ├────────────────────────────────────────
      ├───┤       │  ├───┤                                        
 q1 : ┤ h ├───────┼──┤ h ├────────────────────────────────────────
      ├───┤       │  ╰───╯╭───╮                                   
 q2 : ┤ h ├───────┼────●──┤ h ├───────────────────────────────────
      ├───┤       │    │  ├───┤                                   
 q3 : ┤ h ├───────┼────┼──┤ h ├───────────────────────────────────
      ├───┤       │    │  ╰───╯╭───╮                              
 q4 : ┤ h ├───────┼────┼────●──┤ h ├──────────────────────────────
      ├───┤       │    │    │  ├───┤                              
 q5 : ┤ h ├───────┼────┼────┼──┤ h ├──────────────────────────────
      ├───┤       │    │    │  ├───┤                              
 q6 : ┤ h ├───────┼────┼────┼──┤ h ├──────────────────────────────
      ├───┤       │    │    │  ╰───╯╭───╮                         
 q7 : ┤ h ├───────┼────┼────┼────●──┤ h ├─────────────────────────
      ├───┤       │    │    │    │  ├───┤                         
 q8 : ┤ h ├───────┼────┼────┼────┼──┤ h ├─────────────────────────
      ├───┤       │    │    │    │  ├───┤                         
 q9 : ┤ h ├───────┼────┼────┼────┼──┤ h ├─────────────────────────
      ├───┤       │    │    │    │  ╰───╯╭───╮                    
q10 : ┤ h ├───────┼────┼────┼────┼────●──┤ h ├────────────────────
      ├───┤       │    │    │    │    │  ├───┤                    
q11 : ┤ h ├───────┼────┼────┼────┼────┼──┤ h ├────────────────────
      ├───┤       │    │    │    │    │  ├───┤                    
q12 : ┤ h ├───────┼────┼────┼────┼────┼──┤ h ├────────────────────
      ├───┤       │    │    │    │    │  ├───┤                    
q13 : ┤ h ├───────┼────┼────┼────┼────┼──┤ h ├────────────────────
      ├───┤       │    │    │    │    │  ├───┤                    
q14 : ┤ h ├───────┼────┼────┼────┼────┼──┤ h ├────────────────────
      ├───┤       │    │    │    │    │  ├───┤                    
q15 : ┤ h ├───────┼────┼────┼────┼────┼──┤ h ├────────────────────
      ├───┤       │    │    │    │    │  ├───┤                    
q16 : ┤ h ├───────┼────┼────┼────┼────┼──┤ h ├────────────────────
      ├───┤       │    │    │    │    │  ├───┤                    
q17 : ┤ h ├───────┼────┼────┼────┼────┼──┤ h ├────────────────────
      ├───┤       │    │    │    │    │  ├───┤                    
q18 : ┤ h ├───────┼────┼────┼────┼────┼──┤ h ├────────────────────
      ├───┤       │    │    │    │    │  ╰───╯╭───╮               
q19 : ┤ h ├───────┼────┼────┼────┼────┼────●──┤ h ├───────────────
      ├───┤       │    │    │    │    │    │  ╰───╯╭───╮          
q20 : ┤ h ├───────┼────┼────┼────┼────┼────┼────●──┤ h ├──────────
      ├───┤       │    │    │    │    │    │    │  ├───┤          
q21 : ┤ h ├───────┼────┼────┼────┼────┼────┼────┼──┤ h ├──────────
      ├───┤       │    │    │    │    │    │    │  ├───┤          
q22 : ┤ h ├───────┼────┼────┼────┼────┼────┼────┼──┤ h ├──────────
      ├───┤       │    │    │    │    │    │    │  ├───┤          
q23 : ┤ h ├───────┼────┼────┼────┼────┼────┼────┼──┤ h ├──────────
      ├───┤       │    │    │    │    │    │    │  ├───┤          
q24 : ┤ h ├───────┼────┼────┼────┼────┼────┼────┼──┤ h ├──────────
      ├───┤       │    │    │    │    │    │    │  ├───┤          
q25 : ┤ h ├───────┼────┼────┼────┼────┼────┼────┼──┤ h ├──────────
      ├───┤       │    │    │    │    │    │    │  ╰───╯╭───╮     
q26 : ┤ h ├───────┼────┼────┼────┼────┼────┼────┼────●──┤ h ├─────
      ├───┤       │    │    │    │    │    │    │    │  ├───┤     
q27 : ┤ h ├───────┼────┼────┼────┼────┼────┼────┼────┼──┤ h ├─────
      ├───┤       │    │    │    │    │    │    │    │  ╰───╯╭───╮
q28 : ┤ h ├───────┼────┼────┼────┼────┼────┼────┼────┼────●──┤ h ├
      ├───┤╭───╮╭─┴─╮╭─┴─╮╭─┴─╮╭─┴─╮╭─┴─╮╭─┴─╮╭─┴─╮╭─┴─╮╭─┴─╮╰───╯
q29 : ┤ x ├┤ h ├┤ x ├┤ x ├┤ x ├┤ x ├┤ x ├┤ x ├┤ x ├┤ x ├┤ x ├─────
      ╰───╯╰───╯╰───╯╰───╯╰───╯╰───╯╰───╯╰───╯╰───╯╰───╯╰───╯     

secret bitstring = [1, 0, 1, 0, 1, 0, 0, 1, 0, 0, 1, 0, 0, 0, 0, 0, 0, 0, 0, 1, 1, 0, 0, 0, 0, 0, 1, 0, 1]
measured state = 10101001001000000001100000101
Were we successful? True
	Command being timed: "python3 bernstein-vazirani.py 29"
	User time (seconds): 1.08
	System time (seconds): 0.46
	Percent of CPU this job got: 92%
	Elapsed (wall clock) time (h:mm:ss or m:ss): 0:01.67
	Average shared text size (kbytes): 0
	Average unshared data size (kbytes): 0
	Average stack size (kbytes): 0
	Average total size (kbytes): 0
	Maximum resident set size (kbytes): 618460
	Average resident set size (kbytes): 0
	Major (requiring I/O) page faults: 0
	Minor (reclaiming a frame) page faults: 42580
	Voluntary context switches: 1751
	Involuntary context switches: 31
	Swaps: 0
	File system inputs: 0
	File system outputs: 32
	Socket messages sent: 0
	Socket messages received: 0
	Signals delivered: 0
	Page size (bytes): 4096
	Exit status: 0
      ╭───╮          ╭───╮                                                  »
 q0 : ┤ h ├───────●──┤ h ├──────────────────────────────────────────────────»
      ├───┤       │  ╰───╯╭───╮                                             »
 q1 : ┤ h ├───────┼────●──┤ h ├─────────────────────────────────────────────»
      ├───┤       │    │  ╰───╯╭───╮                                        »
 q2 : ┤ h ├───────┼────┼────●──┤ h ├────────────────────────────────────────»
      ├───┤       │    │    │  ╰───╯╭───╮                                   »
 q3 : ┤ h ├───────┼────┼────┼────●──┤ h ├───────────────────────────────────»
      ├───┤       │    │    │    │  ╰───╯╭───╮                              »
 q4 : ┤ h ├───────┼────┼────┼────┼────●──┤ h ├──────────────────────────────»
      ├───┤       │    │    │    │    │  ╰───╯╭───╮                         »
 q5 : ┤ h ├───────┼────┼────┼────┼────┼────●──┤ h ├─────────────────────────»
      ├───┤       │    │    │    │    │    │  ├───┤                         »
 q6 : ┤ h ├───────┼────┼────┼────┼────┼────┼──┤ h ├─────────────────────────»
      ├───┤       │    │    │    │    │    │  ├───┤                         »
 q7 : ┤ h ├───────┼────┼────┼────┼────┼────┼──┤ h ├─────────────────────────»
      ├───┤       │    │    │    │    │    │  ├───┤                         »
 q8 : ┤ h ├───────┼────┼────┼────┼────┼────┼──┤ h ├─────────────────────────»
      ├───┤       │    │    │    │    │    │  ╰───╯╭───╮                    »
 q9 : ┤ h ├───────┼────┼────┼────┼────┼────┼────●──┤ h ├────────────────────»
      ├───┤       │    │    │    │    │    │    │  ├───┤                    »
q10 : ┤ h ├───────┼────┼────┼────┼────┼────┼────┼──┤ h ├────────────────────»
      ├───┤       │    │    │    │    │    │    │  ╰───╯╭───╮               »
q11 : ┤ h ├───────┼────┼────┼────┼────┼────┼────┼────●──┤ h ├───────────────»
      ├───┤       │    │    │    │    │    │    │    │  ├───┤               »
q12 : ┤ h ├───────┼────┼────┼────┼────┼────┼────┼────┼──┤ h ├───────────────»
      ├───┤       │    │    │    │    │    │    │    │  ╰───╯╭───╮          »
q13 : ┤ h ├───────┼────┼────┼────┼────┼────┼────┼────┼────●──┤ h ├──────────»
      ├───┤       │    │    │    │    │    │    │    │    │  ├───┤          »
q14 : ┤ h ├───────┼────┼────┼────┼────┼────┼────┼────┼────┼──┤ h ├──────────»
      ├───┤       │    │    │    │    │    │    │    │    │  ╰───╯╭───╮     »
q15 : ┤ h ├───────┼────┼────┼────┼────┼────┼────┼────┼────┼────●──┤ h ├─────»
      ├───┤       │    │    │    │    │    │    │    │    │    │  ├───┤     »
q16 : ┤ h ├───────┼────┼────┼────┼────┼────┼────┼────┼────┼────┼──┤ h ├─────»
      ├───┤       │    │    │    │    │    │    │    │    │    │  ╰───╯╭───╮»
q17 : ┤ h ├───────┼────┼────┼────┼────┼────┼────┼────┼────┼────┼────●──┤ h ├»
      ├───┤       │    │    │    │    │    │    │    │    │    │    │  ├───┤»
q18 : ┤ h ├───────┼────┼────┼────┼────┼────┼────┼────┼────┼────┼────┼──┤ h ├»
      ├───┤       │    │    │    │    │    │    │    │    │    │    │  ╰───╯»
q19 : ┤ h ├───────┼────┼────┼────┼────┼────┼────┼────┼────┼────┼────┼────●──»
      ├───┤       │    │    │    │    │    │    │    │    │    │    │    │  »
q20 : ┤ h ├───────┼────┼────┼────┼────┼────┼────┼────┼────┼────┼────┼────┼──»
      ├───┤       │    │    │    │    │    │    │    │    │    │    │    │  »
q21 : ┤ h ├───────┼────┼────┼────┼────┼────┼────┼────┼────┼────┼────┼────┼──»
      ├───┤       │    │    │    │    │    │    │    │    │    │    │    │  »
q22 : ┤ h ├───────┼────┼────┼────┼────┼────┼────┼────┼────┼────┼────┼────┼──»
      ├───┤       │    │    │    │    │    │    │    │    │    │    │    │  »
q23 : ┤ h ├───────┼────┼────┼────┼────┼────┼────┼────┼────┼────┼────┼────┼──»
      ├───┤       │    │    │    │    │    │    │    │    │    │    │    │  »
q24 : ┤ h ├───────┼────┼────┼────┼────┼────┼────┼────┼────┼────┼────┼────┼──»
      ├───┤       │    │    │    │    │    │    │    │    │    │    │    │  »
q25 : ┤ h ├───────┼────┼────┼────┼────┼────┼────┼────┼────┼────┼────┼────┼──»
      ├───┤       │    │    │    │    │    │    │    │    │    │    │    │  »
q26 : ┤ h ├───────┼────┼────┼────┼────┼────┼────┼────┼────┼────┼────┼────┼──»
      ├───┤       │    │    │    │    │    │    │    │    │    │    │    │  »
q27 : ┤ h ├───────┼────┼────┼────┼────┼────┼────┼────┼────┼────┼────┼────┼──»
      ├───┤       │    │    │    │    │    │    │    │    │    │    │    │  »
q28 : ┤ h ├───────┼────┼────┼────┼────┼────┼────┼────┼────┼────┼────┼────┼──»
      ├───┤╭───╮╭─┴─╮╭─┴─╮╭─┴─╮╭─┴─╮╭─┴─╮╭─┴─╮╭─┴─╮╭─┴─╮╭─┴─╮╭─┴─╮╭─┴─╮╭─┴─╮»
q29 : ┤ x ├┤ h ├┤ x ├┤ x ├┤ x ├┤ x ├┤ x ├┤ x ├┤ x ├┤ x ├┤ x ├┤ x ├┤ x ├┤ x ├»
      ╰───╯╰───╯╰───╯╰───╯╰───╯╰───╯╰───╯╰───╯╰───╯╰───╯╰───╯╰───╯╰───╯╰───╯»

################################################################################

                    
────────────────────
                    
────────────────────
                    
────────────────────
                    
────────────────────
                    
────────────────────
                    
────────────────────
                    
────────────────────
                    
────────────────────
                    
────────────────────
                    
────────────────────
                    
────────────────────
                    
────────────────────
                    
────────────────────
                    
────────────────────
                    
────────────────────
                    
────────────────────
                    
────────────────────
                    
────────────────────
                    
────────────────────
╭───╮               
┤ h ├───────────────
├───┤               
┤ h ├───────────────
├───┤               
┤ h ├───────────────
├───┤               
┤ h ├───────────────
╰───╯╭───╮          
──●──┤ h ├──────────
  │  ╰───╯╭───╮     
──┼────●──┤ h ├─────
  │    │  ├───┤     
──┼────┼──┤ h ├─────
  │    │  ╰───╯╭───╮
──┼────┼────●──┤ h ├
  │    │    │  ├───┤
──┼────┼────┼──┤ h ├
  │    │    │  ├───┤
──┼────┼────┼──┤ h ├
╭─┴─╮╭─┴─╮╭─┴─╮╰───╯
┤ x ├┤ x ├┤ x ├─────
╰───╯╰───╯╰───╯     

secret bitstring = [1, 1, 1, 1, 1, 1, 0, 0, 0, 1, 0, 1, 0, 1, 0, 1, 0, 1, 0, 1, 0, 0, 0, 1, 1, 0, 1, 0, 0]
measured state = 11111100010101010101000110100
Were we successful? True
	Command being timed: "python3 bernstein-vazirani.py 29"
	User time (seconds): 1.11
	System time (seconds): 0.47
	Percent of CPU this job got: 89%
	Elapsed (wall clock) time (h:mm:ss or m:ss): 0:01.77
	Average shared text size (kbytes): 0
	Average unshared data size (kbytes): 0
	Average stack size (kbytes): 0
	Average total size (kbytes): 0
	Maximum resident set size (kbytes): 625440
	Average resident set size (kbytes): 0
	Major (requiring I/O) page faults: 0
	Minor (reclaiming a frame) page faults: 43012
	Voluntary context switches: 1674
	Involuntary context switches: 33
	Swaps: 0
	File system inputs: 0
	File system outputs: 48
	Socket messages sent: 0
	Socket messages received: 0
	Signals delivered: 0
	Page size (bytes): 4096
	Exit status: 0
      ╭───╮╭───╮                                                            »
 q0 : ┤ h ├┤ h ├────────────────────────────────────────────────────────────»
      ├───┤╰───╯     ╭───╮                                                  »
 q1 : ┤ h ├───────●──┤ h ├──────────────────────────────────────────────────»
      ├───┤       │  ├───┤                                                  »
 q2 : ┤ h ├───────┼──┤ h ├──────────────────────────────────────────────────»
      ├───┤       │  ├───┤                                                  »
 q3 : ┤ h ├───────┼──┤ h ├──────────────────────────────────────────────────»
      ├───┤       │  ╰───╯╭───╮                                             »
 q4 : ┤ h ├───────┼────●──┤ h ├─────────────────────────────────────────────»
      ├───┤       │    │  ├───┤                                             »
 q5 : ┤ h ├───────┼────┼──┤ h ├─────────────────────────────────────────────»
      ├───┤       │    │  ├───┤                                             »
 q6 : ┤ h ├───────┼────┼──┤ h ├─────────────────────────────────────────────»
      ├───┤       │    │  ╰───╯╭───╮                                        »
 q7 : ┤ h ├───────┼────┼────●──┤ h ├────────────────────────────────────────»
      ├───┤       │    │    │  ╰───╯╭───╮                                   »
 q8 : ┤ h ├───────┼────┼────┼────●──┤ h ├───────────────────────────────────»
      ├───┤       │    │    │    │  ├───┤                                   »
 q9 : ┤ h ├───────┼────┼────┼────┼──┤ h ├───────────────────────────────────»
      ├───┤       │    │    │    │  ╰───╯╭───╮                              »
q10 : ┤ h ├───────┼────┼────┼────┼────●──┤ h ├──────────────────────────────»
      ├───┤       │    │    │    │    │  ├───┤                              »
q11 : ┤ h ├───────┼────┼────┼────┼────┼──┤ h ├──────────────────────────────»
      ├───┤       │    │    │    │    │  ╰───╯╭───╮                         »
q12 : ┤ h ├───────┼────┼────┼────┼────┼────●──┤ h ├─────────────────────────»
      ├───┤       │    │    │    │    │    │  ╰───╯╭───╮                    »
q13 : ┤ h ├───────┼────┼────┼────┼────┼────┼────●──┤ h ├────────────────────»
      ├───┤       │    │    │    │    │    │    │  ╰───╯╭───╮               »
q14 : ┤ h ├───────┼────┼────┼────┼────┼────┼────┼────●──┤ h ├───────────────»
      ├───┤       │    │    │    │    │    │    │    │  ╰───╯╭───╮          »
q15 : ┤ h ├───────┼────┼────┼────┼────┼────┼────┼────┼────●──┤ h ├──────────»
      ├───┤       │    │    │    │    │    │    │    │    │  ╰───╯╭───╮     »
q16 : ┤ h ├───────┼────┼────┼────┼────┼────┼────┼────┼────┼────●──┤ h ├─────»
      ├───┤       │    │    │    │    │    │    │    │    │    │  ├───┤     »
q17 : ┤ h ├───────┼────┼────┼────┼────┼────┼────┼────┼────┼────┼──┤ h ├─────»
      ├───┤       │    │    │    │    │    │    │    │    │    │  ╰───╯╭───╮»
q18 : ┤ h ├───────┼────┼────┼────┼────┼────┼────┼────┼────┼────┼────●──┤ h ├»
      ├───┤       │    │    │    │    │    │    │    │    │    │    │  ╰───╯»
q19 : ┤ h ├───────┼────┼────┼────┼────┼────┼────┼────┼────┼────┼────┼────●──»
      ├───┤       │    │    │    │    │    │    │    │    │    │    │    │  »
q20 : ┤ h ├───────┼────┼────┼────┼────┼────┼────┼────┼────┼────┼────┼────┼──»
      ├───┤       │    │    │    │    │    │    │    │    │    │    │    │  »
q21 : ┤ h ├───────┼────┼────┼────┼────┼────┼────┼────┼────┼────┼────┼────┼──»
      ├───┤       │    │    │    │    │    │    │    │    │    │    │    │  »
q22 : ┤ h ├───────┼────┼────┼────┼────┼────┼────┼────┼────┼────┼────┼────┼──»
      ├───┤       │    │    │    │    │    │    │    │    │    │    │    │  »
q23 : ┤ h ├───────┼────┼────┼────┼────┼────┼────┼────┼────┼────┼────┼────┼──»
      ├───┤       │    │    │    │    │    │    │    │    │    │    │    │  »
q24 : ┤ h ├───────┼────┼────┼────┼────┼────┼────┼────┼────┼────┼────┼────┼──»
      ├───┤       │    │    │    │    │    │    │    │    │    │    │    │  »
q25 : ┤ h ├───────┼────┼────┼────┼────┼────┼────┼────┼────┼────┼────┼────┼──»
      ├───┤       │    │    │    │    │    │    │    │    │    │    │    │  »
q26 : ┤ h ├───────┼────┼────┼────┼────┼────┼────┼────┼────┼────┼────┼────┼──»
      ├───┤       │    │    │    │    │    │    │    │    │    │    │    │  »
q27 : ┤ h ├───────┼────┼────┼────┼────┼────┼────┼────┼────┼────┼────┼────┼──»
      ├───┤       │    │    │    │    │    │    │    │    │    │    │    │  »
q28 : ┤ h ├───────┼────┼────┼────┼────┼────┼────┼────┼────┼────┼────┼────┼──»
      ├───┤╭───╮╭─┴─╮╭─┴─╮╭─┴─╮╭─┴─╮╭─┴─╮╭─┴─╮╭─┴─╮╭─┴─╮╭─┴─╮╭─┴─╮╭─┴─╮╭─┴─╮»
q29 : ┤ x ├┤ h ├┤ x ├┤ x ├┤ x ├┤ x ├┤ x ├┤ x ├┤ x ├┤ x ├┤ x ├┤ x ├┤ x ├┤ x ├»
      ╰───╯╰───╯╰───╯╰───╯╰───╯╰───╯╰───╯╰───╯╰───╯╰───╯╰───╯╰───╯╰───╯╰───╯»

################################################################################

                                   
───────────────────────────────────
                                   
───────────────────────────────────
                                   
───────────────────────────────────
                                   
───────────────────────────────────
                                   
───────────────────────────────────
                                   
───────────────────────────────────
                                   
───────────────────────────────────
                                   
───────────────────────────────────
                                   
───────────────────────────────────
                                   
───────────────────────────────────
                                   
───────────────────────────────────
                                   
───────────────────────────────────
                                   
───────────────────────────────────
                                   
───────────────────────────────────
                                   
───────────────────────────────────
                                   
───────────────────────────────────
                                   
───────────────────────────────────
                                   
───────────────────────────────────
                                   
───────────────────────────────────
╭───╮                              
┤ h ├──────────────────────────────
╰───╯╭───╮                         
──●──┤ h ├─────────────────────────
  │  ╰───╯╭───╮                    
──┼────●──┤ h ├────────────────────
  │    │  ╰───╯╭───╮               
──┼────┼────●──┤ h ├───────────────
  │    │    │  ╰───╯╭───╮          
──┼────┼────┼────●──┤ h ├──────────
  │    │    │    │  ├───┤          
──┼────┼────┼────┼──┤ h ├──────────
  │    │    │    │  ├───┤          
──┼────┼────┼────┼──┤ h ├──────────
  │    │    │    │  ╰───╯╭───╮     
──┼────┼────┼────┼────●──┤ h ├─────
  │    │    │    │    │  ├───┤     
──┼────┼────┼────┼────┼──┤ h ├─────
  │    │    │    │    │  ╰───╯╭───╮
──┼────┼────┼────┼────┼────●──┤ h ├
╭─┴─╮╭─┴─╮╭─┴─╮╭─┴─╮╭─┴─╮╭─┴─╮╰───╯
┤ x ├┤ x ├┤ x ├┤ x ├┤ x ├┤ x ├─────
╰───╯╰───╯╰───╯╰───╯╰───╯╰───╯     

secret bitstring = [0, 1, 0, 0, 1, 0, 0, 1, 1, 0, 1, 0, 1, 1, 1, 1, 1, 0, 1, 1, 1, 1, 1, 1, 0, 0, 1, 0, 1]
measured state = 01001001101011111011111100101
Were we successful? True
	Command being timed: "python3 bernstein-vazirani.py 29"
	User time (seconds): 1.13
	System time (seconds): 0.42
	Percent of CPU this job got: 94%
	Elapsed (wall clock) time (h:mm:ss or m:ss): 0:01.65
	Average shared text size (kbytes): 0
	Average unshared data size (kbytes): 0
	Average stack size (kbytes): 0
	Average total size (kbytes): 0
	Maximum resident set size (kbytes): 621420
	Average resident set size (kbytes): 0
	Major (requiring I/O) page faults: 0
	Minor (reclaiming a frame) page faults: 43046
	Voluntary context switches: 1648
	Involuntary context switches: 36
	Swaps: 0
	File system inputs: 0
	File system outputs: 40
	Socket messages sent: 0
	Socket messages received: 0
	Signals delivered: 0
	Page size (bytes): 4096
	Exit status: 0
