WARNING: overwriting environment variables set in the machine
overwriting variable ['LD_LIBRARY_PATH']
      ╭───╮          ╭───╮                                             
 q0 : ┤ h ├───────●──┤ h ├─────────────────────────────────────────────
      ├───┤       │  ╰───╯╭───╮                                        
 q1 : ┤ h ├───────┼────●──┤ h ├────────────────────────────────────────
      ├───┤       │    │  ├───┤                                        
 q2 : ┤ h ├───────┼────┼──┤ h ├────────────────────────────────────────
      ├───┤       │    │  ├───┤                                        
 q3 : ┤ h ├───────┼────┼──┤ h ├────────────────────────────────────────
      ├───┤       │    │  ╰───╯╭───╮                                   
 q4 : ┤ h ├───────┼────┼────●──┤ h ├───────────────────────────────────
      ├───┤       │    │    │  ╰───╯╭───╮                              
 q5 : ┤ h ├───────┼────┼────┼────●──┤ h ├──────────────────────────────
      ├───┤       │    │    │    │  ╰───╯╭───╮                         
 q6 : ┤ h ├───────┼────┼────┼────┼────●──┤ h ├─────────────────────────
      ├───┤       │    │    │    │    │  ├───┤                         
 q7 : ┤ h ├───────┼────┼────┼────┼────┼──┤ h ├─────────────────────────
      ├───┤       │    │    │    │    │  ╰───╯╭───╮                    
 q8 : ┤ h ├───────┼────┼────┼────┼────┼────●──┤ h ├────────────────────
      ├───┤       │    │    │    │    │    │  ╰───╯╭───╮               
 q9 : ┤ h ├───────┼────┼────┼────┼────┼────┼────●──┤ h ├───────────────
      ├───┤       │    │    │    │    │    │    │  ╰───╯╭───╮          
q10 : ┤ h ├───────┼────┼────┼────┼────┼────┼────┼────●──┤ h ├──────────
      ├───┤       │    │    │    │    │    │    │    │  ├───┤          
q11 : ┤ h ├───────┼────┼────┼────┼────┼────┼────┼────┼──┤ h ├──────────
      ├───┤       │    │    │    │    │    │    │    │  ├───┤          
q12 : ┤ h ├───────┼────┼────┼────┼────┼────┼────┼────┼──┤ h ├──────────
      ├───┤       │    │    │    │    │    │    │    │  ├───┤          
q13 : ┤ h ├───────┼────┼────┼────┼────┼────┼────┼────┼──┤ h ├──────────
      ├───┤       │    │    │    │    │    │    │    │  ╰───╯╭───╮     
q14 : ┤ h ├───────┼────┼────┼────┼────┼────┼────┼────┼────●──┤ h ├─────
      ├───┤       │    │    │    │    │    │    │    │    │  ╰───╯╭───╮
q15 : ┤ h ├───────┼────┼────┼────┼────┼────┼────┼────┼────┼────●──┤ h ├
      ├───┤╭───╮╭─┴─╮╭─┴─╮╭─┴─╮╭─┴─╮╭─┴─╮╭─┴─╮╭─┴─╮╭─┴─╮╭─┴─╮╭─┴─╮╰───╯
q16 : ┤ x ├┤ h ├┤ x ├┤ x ├┤ x ├┤ x ├┤ x ├┤ x ├┤ x ├┤ x ├┤ x ├┤ x ├─────
      ╰───╯╰───╯╰───╯╰───╯╰───╯╰───╯╰───╯╰───╯╰───╯╰───╯╰───╯╰───╯     

secret bitstring = [1, 1, 0, 0, 1, 1, 1, 0, 1, 1, 1, 0, 0, 0, 1, 1]
measured state = 1100111011100011
Were we successful? True
	Command being timed: "python3 bernstein-vazirani.py 16"
	User time (seconds): 0.91
	System time (seconds): 0.54
	Percent of CPU this job got: 82%
	Elapsed (wall clock) time (h:mm:ss or m:ss): 0:01.76
	Average shared text size (kbytes): 0
	Average unshared data size (kbytes): 0
	Average stack size (kbytes): 0
	Average total size (kbytes): 0
	Maximum resident set size (kbytes): 620356
	Average resident set size (kbytes): 0
	Major (requiring I/O) page faults: 2
	Minor (reclaiming a frame) page faults: 43083
	Voluntary context switches: 3579
	Involuntary context switches: 24
	Swaps: 0
	File system inputs: 0
	File system outputs: 24
	Socket messages sent: 0
	Socket messages received: 0
	Signals delivered: 0
	Page size (bytes): 4096
	Exit status: 0
      ╭───╮          ╭───╮                                        
 q0 : ┤ h ├───────●──┤ h ├────────────────────────────────────────
      ├───┤       │  ├───┤                                        
 q1 : ┤ h ├───────┼──┤ h ├────────────────────────────────────────
      ├───┤       │  ╰───╯╭───╮                                   
 q2 : ┤ h ├───────┼────●──┤ h ├───────────────────────────────────
      ├───┤       │    │  ╰───╯╭───╮                              
 q3 : ┤ h ├───────┼────┼────●──┤ h ├──────────────────────────────
      ├───┤       │    │    │  ╰───╯╭───╮                         
 q4 : ┤ h ├───────┼────┼────┼────●──┤ h ├─────────────────────────
      ├───┤       │    │    │    │  ├───┤                         
 q5 : ┤ h ├───────┼────┼────┼────┼──┤ h ├─────────────────────────
      ├───┤       │    │    │    │  ╰───╯╭───╮                    
 q6 : ┤ h ├───────┼────┼────┼────┼────●──┤ h ├────────────────────
      ├───┤       │    │    │    │    │  ├───┤                    
 q7 : ┤ h ├───────┼────┼────┼────┼────┼──┤ h ├────────────────────
      ├───┤       │    │    │    │    │  ╰───╯╭───╮               
 q8 : ┤ h ├───────┼────┼────┼────┼────┼────●──┤ h ├───────────────
      ├───┤       │    │    │    │    │    │  ├───┤               
 q9 : ┤ h ├───────┼────┼────┼────┼────┼────┼──┤ h ├───────────────
      ├───┤       │    │    │    │    │    │  ╰───╯╭───╮          
q10 : ┤ h ├───────┼────┼────┼────┼────┼────┼────●──┤ h ├──────────
      ├───┤       │    │    │    │    │    │    │  ├───┤          
q11 : ┤ h ├───────┼────┼────┼────┼────┼────┼────┼──┤ h ├──────────
      ├───┤       │    │    │    │    │    │    │  ╰───╯╭───╮     
q12 : ┤ h ├───────┼────┼────┼────┼────┼────┼────┼────●──┤ h ├─────
      ├───┤       │    │    │    │    │    │    │    │  ├───┤     
q13 : ┤ h ├───────┼────┼────┼────┼────┼────┼────┼────┼──┤ h ├─────
      ├───┤       │    │    │    │    │    │    │    │  ├───┤     
q14 : ┤ h ├───────┼────┼────┼────┼────┼────┼────┼────┼──┤ h ├─────
      ├───┤       │    │    │    │    │    │    │    │  ╰───╯╭───╮
q15 : ┤ h ├───────┼────┼────┼────┼────┼────┼────┼────┼────●──┤ h ├
      ├───┤╭───╮╭─┴─╮╭─┴─╮╭─┴─╮╭─┴─╮╭─┴─╮╭─┴─╮╭─┴─╮╭─┴─╮╭─┴─╮╰───╯
q16 : ┤ x ├┤ h ├┤ x ├┤ x ├┤ x ├┤ x ├┤ x ├┤ x ├┤ x ├┤ x ├┤ x ├─────
      ╰───╯╰───╯╰───╯╰───╯╰───╯╰───╯╰───╯╰───╯╰───╯╰───╯╰───╯     

secret bitstring = [1, 0, 1, 1, 1, 0, 1, 0, 1, 0, 1, 0, 1, 0, 0, 1]
measured state = 1011101010101001
Were we successful? True
	Command being timed: "python3 bernstein-vazirani.py 16"
	User time (seconds): 0.88
	System time (seconds): 0.48
	Percent of CPU this job got: 91%
	Elapsed (wall clock) time (h:mm:ss or m:ss): 0:01.50
	Average shared text size (kbytes): 0
	Average unshared data size (kbytes): 0
	Average stack size (kbytes): 0
	Average total size (kbytes): 0
	Maximum resident set size (kbytes): 621496
	Average resident set size (kbytes): 0
	Major (requiring I/O) page faults: 0
	Minor (reclaiming a frame) page faults: 42772
	Voluntary context switches: 1710
	Involuntary context switches: 21
	Swaps: 0
	File system inputs: 0
	File system outputs: 24
	Socket messages sent: 0
	Socket messages received: 0
	Signals delivered: 0
	Page size (bytes): 4096
	Exit status: 0
      ╭───╮╭───╮                                                       
 q0 : ┤ h ├┤ h ├───────────────────────────────────────────────────────
      ├───┤╰───╯     ╭───╮                                             
 q1 : ┤ h ├───────●──┤ h ├─────────────────────────────────────────────
      ├───┤       │  ├───┤                                             
 q2 : ┤ h ├───────┼──┤ h ├─────────────────────────────────────────────
      ├───┤       │  ├───┤                                             
 q3 : ┤ h ├───────┼──┤ h ├─────────────────────────────────────────────
      ├───┤       │  ├───┤                                             
 q4 : ┤ h ├───────┼──┤ h ├─────────────────────────────────────────────
      ├───┤       │  ╰───╯╭───╮                                        
 q5 : ┤ h ├───────┼────●──┤ h ├────────────────────────────────────────
      ├───┤       │    │  ╰───╯╭───╮                                   
 q6 : ┤ h ├───────┼────┼────●──┤ h ├───────────────────────────────────
      ├───┤       │    │    │  ├───┤                                   
 q7 : ┤ h ├───────┼────┼────┼──┤ h ├───────────────────────────────────
      ├───┤       │    │    │  ╰───╯╭───╮                              
 q8 : ┤ h ├───────┼────┼────┼────●──┤ h ├──────────────────────────────
      ├───┤       │    │    │    │  ╰───╯╭───╮                         
 q9 : ┤ h ├───────┼────┼────┼────┼────●──┤ h ├─────────────────────────
      ├───┤       │    │    │    │    │  ╰───╯╭───╮                    
q10 : ┤ h ├───────┼────┼────┼────┼────┼────●──┤ h ├────────────────────
      ├───┤       │    │    │    │    │    │  ╰───╯╭───╮               
q11 : ┤ h ├───────┼────┼────┼────┼────┼────┼────●──┤ h ├───────────────
      ├───┤       │    │    │    │    │    │    │  ├───┤               
q12 : ┤ h ├───────┼────┼────┼────┼────┼────┼────┼──┤ h ├───────────────
      ├───┤       │    │    │    │    │    │    │  ╰───╯╭───╮          
q13 : ┤ h ├───────┼────┼────┼────┼────┼────┼────┼────●──┤ h ├──────────
      ├───┤       │    │    │    │    │    │    │    │  ╰───╯╭───╮     
q14 : ┤ h ├───────┼────┼────┼────┼────┼────┼────┼────┼────●──┤ h ├─────
      ├───┤       │    │    │    │    │    │    │    │    │  ╰───╯╭───╮
q15 : ┤ h ├───────┼────┼────┼────┼────┼────┼────┼────┼────┼────●──┤ h ├
      ├───┤╭───╮╭─┴─╮╭─┴─╮╭─┴─╮╭─┴─╮╭─┴─╮╭─┴─╮╭─┴─╮╭─┴─╮╭─┴─╮╭─┴─╮╰───╯
q16 : ┤ x ├┤ h ├┤ x ├┤ x ├┤ x ├┤ x ├┤ x ├┤ x ├┤ x ├┤ x ├┤ x ├┤ x ├─────
      ╰───╯╰───╯╰───╯╰───╯╰───╯╰───╯╰───╯╰───╯╰───╯╰───╯╰───╯╰───╯     

secret bitstring = [0, 1, 0, 0, 0, 1, 1, 0, 1, 1, 1, 1, 0, 1, 1, 1]
measured state = 0100011011110111
Were we successful? True
	Command being timed: "python3 bernstein-vazirani.py 16"
	User time (seconds): 0.91
	System time (seconds): 0.46
	Percent of CPU this job got: 90%
	Elapsed (wall clock) time (h:mm:ss or m:ss): 0:01.52
	Average shared text size (kbytes): 0
	Average unshared data size (kbytes): 0
	Average stack size (kbytes): 0
	Average total size (kbytes): 0
	Maximum resident set size (kbytes): 619332
	Average resident set size (kbytes): 0
	Major (requiring I/O) page faults: 0
	Minor (reclaiming a frame) page faults: 43048
	Voluntary context switches: 1741
	Involuntary context switches: 27
	Swaps: 0
	File system inputs: 0
	File system outputs: 32
	Socket messages sent: 0
	Socket messages received: 0
	Signals delivered: 0
	Page size (bytes): 4096
	Exit status: 0
      ╭───╮╭───╮                                        
 q0 : ┤ h ├┤ h ├────────────────────────────────────────
      ├───┤╰───╯     ╭───╮                              
 q1 : ┤ h ├───────●──┤ h ├──────────────────────────────
      ├───┤       │  ╰───╯╭───╮                         
 q2 : ┤ h ├───────┼────●──┤ h ├─────────────────────────
      ├───┤       │    │  ├───┤                         
 q3 : ┤ h ├───────┼────┼──┤ h ├─────────────────────────
      ├───┤       │    │  ├───┤                         
 q4 : ┤ h ├───────┼────┼──┤ h ├─────────────────────────
      ├───┤       │    │  ├───┤                         
 q5 : ┤ h ├───────┼────┼──┤ h ├─────────────────────────
      ├───┤       │    │  ╰───╯╭───╮                    
 q6 : ┤ h ├───────┼────┼────●──┤ h ├────────────────────
      ├───┤       │    │    │  ├───┤                    
 q7 : ┤ h ├───────┼────┼────┼──┤ h ├────────────────────
      ├───┤       │    │    │  ╰───╯╭───╮               
 q8 : ┤ h ├───────┼────┼────┼────●──┤ h ├───────────────
      ├───┤       │    │    │    │  ╰───╯╭───╮          
 q9 : ┤ h ├───────┼────┼────┼────┼────●──┤ h ├──────────
      ├───┤       │    │    │    │    │  ├───┤          
q10 : ┤ h ├───────┼────┼────┼────┼────┼──┤ h ├──────────
      ├───┤       │    │    │    │    │  ├───┤          
q11 : ┤ h ├───────┼────┼────┼────┼────┼──┤ h ├──────────
      ├───┤       │    │    │    │    │  ╰───╯╭───╮     
q12 : ┤ h ├───────┼────┼────┼────┼────┼────●──┤ h ├─────
      ├───┤       │    │    │    │    │    │  ├───┤     
q13 : ┤ h ├───────┼────┼────┼────┼────┼────┼──┤ h ├─────
      ├───┤       │    │    │    │    │    │  ╰───╯╭───╮
q14 : ┤ h ├───────┼────┼────┼────┼────┼────┼────●──┤ h ├
      ├───┤       │    │    │    │    │    │    │  ├───┤
q15 : ┤ h ├───────┼────┼────┼────┼────┼────┼────┼──┤ h ├
      ├───┤╭───╮╭─┴─╮╭─┴─╮╭─┴─╮╭─┴─╮╭─┴─╮╭─┴─╮╭─┴─╮╰───╯
q16 : ┤ x ├┤ h ├┤ x ├┤ x ├┤ x ├┤ x ├┤ x ├┤ x ├┤ x ├─────
      ╰───╯╰───╯╰───╯╰───╯╰───╯╰───╯╰───╯╰───╯╰───╯     

secret bitstring = [0, 1, 1, 0, 0, 0, 1, 0, 1, 1, 0, 0, 1, 0, 1, 0]
measured state = 0110001011001010
Were we successful? True
	Command being timed: "python3 bernstein-vazirani.py 16"
	User time (seconds): 0.90
	System time (seconds): 0.48
	Percent of CPU this job got: 90%
	Elapsed (wall clock) time (h:mm:ss or m:ss): 0:01.53
	Average shared text size (kbytes): 0
	Average unshared data size (kbytes): 0
	Average stack size (kbytes): 0
	Average total size (kbytes): 0
	Maximum resident set size (kbytes): 621392
	Average resident set size (kbytes): 0
	Major (requiring I/O) page faults: 0
	Minor (reclaiming a frame) page faults: 43453
	Voluntary context switches: 1739
	Involuntary context switches: 26
	Swaps: 0
	File system inputs: 0
	File system outputs: 24
	Socket messages sent: 0
	Socket messages received: 0
	Signals delivered: 0
	Page size (bytes): 4096
	Exit status: 0
      ╭───╮╭───╮                              
 q0 : ┤ h ├┤ h ├──────────────────────────────
      ├───┤├───┤                              
 q1 : ┤ h ├┤ h ├──────────────────────────────
      ├───┤╰───╯     ╭───╮                    
 q2 : ┤ h ├───────●──┤ h ├────────────────────
      ├───┤       │  ╰───╯╭───╮               
 q3 : ┤ h ├───────┼────●──┤ h ├───────────────
      ├───┤       │    │  ├───┤               
 q4 : ┤ h ├───────┼────┼──┤ h ├───────────────
      ├───┤       │    │  ├───┤               
 q5 : ┤ h ├───────┼────┼──┤ h ├───────────────
      ├───┤       │    │  ├───┤               
 q6 : ┤ h ├───────┼────┼──┤ h ├───────────────
      ├───┤       │    │  ╰───╯╭───╮          
 q7 : ┤ h ├───────┼────┼────●──┤ h ├──────────
      ├───┤       │    │    │  ├───┤          
 q8 : ┤ h ├───────┼────┼────┼──┤ h ├──────────
      ├───┤       │    │    │  ├───┤          
 q9 : ┤ h ├───────┼────┼────┼──┤ h ├──────────
      ├───┤       │    │    │  ╰───╯╭───╮     
q10 : ┤ h ├───────┼────┼────┼────●──┤ h ├─────
      ├───┤       │    │    │    │  ├───┤     
q11 : ┤ h ├───────┼────┼────┼────┼──┤ h ├─────
      ├───┤       │    │    │    │  ├───┤     
q12 : ┤ h ├───────┼────┼────┼────┼──┤ h ├─────
      ├───┤       │    │    │    │  ├───┤     
q13 : ┤ h ├───────┼────┼────┼────┼──┤ h ├─────
      ├───┤       │    │    │    │  ╰───╯╭───╮
q14 : ┤ h ├───────┼────┼────┼────┼────●──┤ h ├
      ├───┤       │    │    │    │    │  ├───┤
q15 : ┤ h ├───────┼────┼────┼────┼────┼──┤ h ├
      ├───┤╭───╮╭─┴─╮╭─┴─╮╭─┴─╮╭─┴─╮╭─┴─╮╰───╯
q16 : ┤ x ├┤ h ├┤ x ├┤ x ├┤ x ├┤ x ├┤ x ├─────
      ╰───╯╰───╯╰───╯╰───╯╰───╯╰───╯╰───╯     

secret bitstring = [0, 0, 1, 1, 0, 0, 0, 1, 0, 0, 1, 0, 0, 0, 1, 0]
measured state = 0011000100100010
Were we successful? True
	Command being timed: "python3 bernstein-vazirani.py 16"
	User time (seconds): 0.89
	System time (seconds): 0.49
	Percent of CPU this job got: 89%
	Elapsed (wall clock) time (h:mm:ss or m:ss): 0:01.53
	Average shared text size (kbytes): 0
	Average unshared data size (kbytes): 0
	Average stack size (kbytes): 0
	Average total size (kbytes): 0
	Maximum resident set size (kbytes): 621892
	Average resident set size (kbytes): 0
	Major (requiring I/O) page faults: 0
	Minor (reclaiming a frame) page faults: 43333
	Voluntary context switches: 1733
	Involuntary context switches: 25
	Swaps: 0
	File system inputs: 0
	File system outputs: 24
	Socket messages sent: 0
	Socket messages received: 0
	Signals delivered: 0
	Page size (bytes): 4096
	Exit status: 0
      ╭───╮╭───╮                                                       
 q0 : ┤ h ├┤ h ├───────────────────────────────────────────────────────
      ├───┤├───┤                                                       
 q1 : ┤ h ├┤ h ├───────────────────────────────────────────────────────
      ├───┤├───┤                                                       
 q2 : ┤ h ├┤ h ├───────────────────────────────────────────────────────
      ├───┤╰───╯     ╭───╮                                             
 q3 : ┤ h ├───────●──┤ h ├─────────────────────────────────────────────
      ├───┤       │  ╰───╯╭───╮                                        
 q4 : ┤ h ├───────┼────●──┤ h ├────────────────────────────────────────
      ├───┤       │    │  ╰───╯╭───╮                                   
 q5 : ┤ h ├───────┼────┼────●──┤ h ├───────────────────────────────────
      ├───┤       │    │    │  ╰───╯╭───╮                              
 q6 : ┤ h ├───────┼────┼────┼────●──┤ h ├──────────────────────────────
      ├───┤       │    │    │    │  ╰───╯╭───╮                         
 q7 : ┤ h ├───────┼────┼────┼────┼────●──┤ h ├─────────────────────────
      ├───┤       │    │    │    │    │  ├───┤                         
 q8 : ┤ h ├───────┼────┼────┼────┼────┼──┤ h ├─────────────────────────
      ├───┤       │    │    │    │    │  ╰───╯╭───╮                    
 q9 : ┤ h ├───────┼────┼────┼────┼────┼────●──┤ h ├────────────────────
      ├───┤       │    │    │    │    │    │  ╰───╯╭───╮               
q10 : ┤ h ├───────┼────┼────┼────┼────┼────┼────●──┤ h ├───────────────
      ├───┤       │    │    │    │    │    │    │  ├───┤               
q11 : ┤ h ├───────┼────┼────┼────┼────┼────┼────┼──┤ h ├───────────────
      ├───┤       │    │    │    │    │    │    │  ╰───╯╭───╮          
q12 : ┤ h ├───────┼────┼────┼────┼────┼────┼────┼────●──┤ h ├──────────
      ├───┤       │    │    │    │    │    │    │    │  ├───┤          
q13 : ┤ h ├───────┼────┼────┼────┼────┼────┼────┼────┼──┤ h ├──────────
      ├───┤       │    │    │    │    │    │    │    │  ╰───╯╭───╮     
q14 : ┤ h ├───────┼────┼────┼────┼────┼────┼────┼────┼────●──┤ h ├─────
      ├───┤       │    │    │    │    │    │    │    │    │  ╰───╯╭───╮
q15 : ┤ h ├───────┼────┼────┼────┼────┼────┼────┼────┼────┼────●──┤ h ├
      ├───┤╭───╮╭─┴─╮╭─┴─╮╭─┴─╮╭─┴─╮╭─┴─╮╭─┴─╮╭─┴─╮╭─┴─╮╭─┴─╮╭─┴─╮╰───╯
q16 : ┤ x ├┤ h ├┤ x ├┤ x ├┤ x ├┤ x ├┤ x ├┤ x ├┤ x ├┤ x ├┤ x ├┤ x ├─────
      ╰───╯╰───╯╰───╯╰───╯╰───╯╰───╯╰───╯╰───╯╰───╯╰───╯╰───╯╰───╯     

secret bitstring = [0, 0, 0, 1, 1, 1, 1, 1, 0, 1, 1, 0, 1, 0, 1, 1]
measured state = 0001111101101011
Were we successful? True
	Command being timed: "python3 bernstein-vazirani.py 16"
	User time (seconds): 0.92
	System time (seconds): 0.44
	Percent of CPU this job got: 92%
	Elapsed (wall clock) time (h:mm:ss or m:ss): 0:01.47
	Average shared text size (kbytes): 0
	Average unshared data size (kbytes): 0
	Average stack size (kbytes): 0
	Average total size (kbytes): 0
	Maximum resident set size (kbytes): 617520
	Average resident set size (kbytes): 0
	Major (requiring I/O) page faults: 0
	Minor (reclaiming a frame) page faults: 42784
	Voluntary context switches: 1756
	Involuntary context switches: 26
	Swaps: 0
	File system inputs: 0
	File system outputs: 32
	Socket messages sent: 0
	Socket messages received: 0
	Signals delivered: 0
	Page size (bytes): 4096
	Exit status: 0
      ╭───╮          ╭───╮                                             
 q0 : ┤ h ├───────●──┤ h ├─────────────────────────────────────────────
      ├───┤       │  ╰───╯╭───╮                                        
 q1 : ┤ h ├───────┼────●──┤ h ├────────────────────────────────────────
      ├───┤       │    │  ├───┤                                        
 q2 : ┤ h ├───────┼────┼──┤ h ├────────────────────────────────────────
      ├───┤       │    │  ╰───╯╭───╮                                   
 q3 : ┤ h ├───────┼────┼────●──┤ h ├───────────────────────────────────
      ├───┤       │    │    │  ╰───╯╭───╮                              
 q4 : ┤ h ├───────┼────┼────┼────●──┤ h ├──────────────────────────────
      ├───┤       │    │    │    │  ├───┤                              
 q5 : ┤ h ├───────┼────┼────┼────┼──┤ h ├──────────────────────────────
      ├───┤       │    │    │    │  ╰───╯╭───╮                         
 q6 : ┤ h ├───────┼────┼────┼────┼────●──┤ h ├─────────────────────────
      ├───┤       │    │    │    │    │  ├───┤                         
 q7 : ┤ h ├───────┼────┼────┼────┼────┼──┤ h ├─────────────────────────
      ├───┤       │    │    │    │    │  ├───┤                         
 q8 : ┤ h ├───────┼────┼────┼────┼────┼──┤ h ├─────────────────────────
      ├───┤       │    │    │    │    │  ╰───╯╭───╮                    
 q9 : ┤ h ├───────┼────┼────┼────┼────┼────●──┤ h ├────────────────────
      ├───┤       │    │    │    │    │    │  ╰───╯╭───╮               
q10 : ┤ h ├───────┼────┼────┼────┼────┼────┼────●──┤ h ├───────────────
      ├───┤       │    │    │    │    │    │    │  ├───┤               
q11 : ┤ h ├───────┼────┼────┼────┼────┼────┼────┼──┤ h ├───────────────
      ├───┤       │    │    │    │    │    │    │  ╰───╯╭───╮          
q12 : ┤ h ├───────┼────┼────┼────┼────┼────┼────┼────●──┤ h ├──────────
      ├───┤       │    │    │    │    │    │    │    │  ╰───╯╭───╮     
q13 : ┤ h ├───────┼────┼────┼────┼────┼────┼────┼────┼────●──┤ h ├─────
      ├───┤       │    │    │    │    │    │    │    │    │  ╰───╯╭───╮
q14 : ┤ h ├───────┼────┼────┼────┼────┼────┼────┼────┼────┼────●──┤ h ├
      ├───┤       │    │    │    │    │    │    │    │    │    │  ├───┤
q15 : ┤ h ├───────┼────┼────┼────┼────┼────┼────┼────┼────┼────┼──┤ h ├
      ├───┤╭───╮╭─┴─╮╭─┴─╮╭─┴─╮╭─┴─╮╭─┴─╮╭─┴─╮╭─┴─╮╭─┴─╮╭─┴─╮╭─┴─╮╰───╯
q16 : ┤ x ├┤ h ├┤ x ├┤ x ├┤ x ├┤ x ├┤ x ├┤ x ├┤ x ├┤ x ├┤ x ├┤ x ├─────
      ╰───╯╰───╯╰───╯╰───╯╰───╯╰───╯╰───╯╰───╯╰───╯╰───╯╰───╯╰───╯     

secret bitstring = [1, 1, 0, 1, 1, 0, 1, 0, 0, 1, 1, 0, 1, 1, 1, 0]
measured state = 1101101001101110
Were we successful? True
	Command being timed: "python3 bernstein-vazirani.py 16"
	User time (seconds): 0.91
	System time (seconds): 0.52
	Percent of CPU this job got: 91%
	Elapsed (wall clock) time (h:mm:ss or m:ss): 0:01.56
	Average shared text size (kbytes): 0
	Average unshared data size (kbytes): 0
	Average stack size (kbytes): 0
	Average total size (kbytes): 0
	Maximum resident set size (kbytes): 620104
	Average resident set size (kbytes): 0
	Major (requiring I/O) page faults: 0
	Minor (reclaiming a frame) page faults: 42498
	Voluntary context switches: 1729
	Involuntary context switches: 29
	Swaps: 0
	File system inputs: 0
	File system outputs: 24
	Socket messages sent: 0
	Socket messages received: 0
	Signals delivered: 0
	Page size (bytes): 4096
	Exit status: 0
      ╭───╮╭───╮                              
 q0 : ┤ h ├┤ h ├──────────────────────────────
      ├───┤╰───╯     ╭───╮                    
 q1 : ┤ h ├───────●──┤ h ├────────────────────
      ├───┤       │  ├───┤                    
 q2 : ┤ h ├───────┼──┤ h ├────────────────────
      ├───┤       │  ├───┤                    
 q3 : ┤ h ├───────┼──┤ h ├────────────────────
      ├───┤       │  ├───┤                    
 q4 : ┤ h ├───────┼──┤ h ├────────────────────
      ├───┤       │  ├───┤                    
 q5 : ┤ h ├───────┼──┤ h ├────────────────────
      ├───┤       │  ├───┤                    
 q6 : ┤ h ├───────┼──┤ h ├────────────────────
      ├───┤       │  ╰───╯╭───╮               
 q7 : ┤ h ├───────┼────●──┤ h ├───────────────
      ├───┤       │    │  ├───┤               
 q8 : ┤ h ├───────┼────┼──┤ h ├───────────────
      ├───┤       │    │  ├───┤               
 q9 : ┤ h ├───────┼────┼──┤ h ├───────────────
      ├───┤       │    │  ╰───╯╭───╮          
q10 : ┤ h ├───────┼────┼────●──┤ h ├──────────
      ├───┤       │    │    │  ├───┤          
q11 : ┤ h ├───────┼────┼────┼──┤ h ├──────────
      ├───┤       │    │    │  ╰───╯╭───╮     
q12 : ┤ h ├───────┼────┼────┼────●──┤ h ├─────
      ├───┤       │    │    │    │  ╰───╯╭───╮
q13 : ┤ h ├───────┼────┼────┼────┼────●──┤ h ├
      ├───┤       │    │    │    │    │  ├───┤
q14 : ┤ h ├───────┼────┼────┼────┼────┼──┤ h ├
      ├───┤       │    │    │    │    │  ├───┤
q15 : ┤ h ├───────┼────┼────┼────┼────┼──┤ h ├
      ├───┤╭───╮╭─┴─╮╭─┴─╮╭─┴─╮╭─┴─╮╭─┴─╮╰───╯
q16 : ┤ x ├┤ h ├┤ x ├┤ x ├┤ x ├┤ x ├┤ x ├─────
      ╰───╯╰───╯╰───╯╰───╯╰───╯╰───╯╰───╯     

secret bitstring = [0, 1, 0, 0, 0, 0, 0, 1, 0, 0, 1, 0, 1, 1, 0, 0]
measured state = 0100000100101100
Were we successful? True
	Command being timed: "python3 bernstein-vazirani.py 16"
	User time (seconds): 0.91
	System time (seconds): 0.50
	Percent of CPU this job got: 90%
	Elapsed (wall clock) time (h:mm:ss or m:ss): 0:01.57
	Average shared text size (kbytes): 0
	Average unshared data size (kbytes): 0
	Average stack size (kbytes): 0
	Average total size (kbytes): 0
	Maximum resident set size (kbytes): 619532
	Average resident set size (kbytes): 0
	Major (requiring I/O) page faults: 0
	Minor (reclaiming a frame) page faults: 42780
	Voluntary context switches: 1759
	Involuntary context switches: 28
	Swaps: 0
	File system inputs: 0
	File system outputs: 24
	Socket messages sent: 0
	Socket messages received: 0
	Signals delivered: 0
	Page size (bytes): 4096
	Exit status: 0
      ╭───╮          ╭───╮                                             
 q0 : ┤ h ├───────●──┤ h ├─────────────────────────────────────────────
      ├───┤       │  ├───┤                                             
 q1 : ┤ h ├───────┼──┤ h ├─────────────────────────────────────────────
      ├───┤       │  ╰───╯╭───╮                                        
 q2 : ┤ h ├───────┼────●──┤ h ├────────────────────────────────────────
      ├───┤       │    │  ├───┤                                        
 q3 : ┤ h ├───────┼────┼──┤ h ├────────────────────────────────────────
      ├───┤       │    │  ├───┤                                        
 q4 : ┤ h ├───────┼────┼──┤ h ├────────────────────────────────────────
      ├───┤       │    │  ╰───╯╭───╮                                   
 q5 : ┤ h ├───────┼────┼────●──┤ h ├───────────────────────────────────
      ├───┤       │    │    │  ╰───╯╭───╮                              
 q6 : ┤ h ├───────┼────┼────┼────●──┤ h ├──────────────────────────────
      ├───┤       │    │    │    │  ├───┤                              
 q7 : ┤ h ├───────┼────┼────┼────┼──┤ h ├──────────────────────────────
      ├───┤       │    │    │    │  ╰───╯╭───╮                         
 q8 : ┤ h ├───────┼────┼────┼────┼────●──┤ h ├─────────────────────────
      ├───┤       │    │    │    │    │  ╰───╯╭───╮                    
 q9 : ┤ h ├───────┼────┼────┼────┼────┼────●──┤ h ├────────────────────
      ├───┤       │    │    │    │    │    │  ╰───╯╭───╮               
q10 : ┤ h ├───────┼────┼────┼────┼────┼────┼────●──┤ h ├───────────────
      ├───┤       │    │    │    │    │    │    │  ╰───╯╭───╮          
q11 : ┤ h ├───────┼────┼────┼────┼────┼────┼────┼────●──┤ h ├──────────
      ├───┤       │    │    │    │    │    │    │    │  ├───┤          
q12 : ┤ h ├───────┼────┼────┼────┼────┼────┼────┼────┼──┤ h ├──────────
      ├───┤       │    │    │    │    │    │    │    │  ╰───╯╭───╮     
q13 : ┤ h ├───────┼────┼────┼────┼────┼────┼────┼────┼────●──┤ h ├─────
      ├───┤       │    │    │    │    │    │    │    │    │  ├───┤     
q14 : ┤ h ├───────┼────┼────┼────┼────┼────┼────┼────┼────┼──┤ h ├─────
      ├───┤       │    │    │    │    │    │    │    │    │  ╰───╯╭───╮
q15 : ┤ h ├───────┼────┼────┼────┼────┼────┼────┼────┼────┼────●──┤ h ├
      ├───┤╭───╮╭─┴─╮╭─┴─╮╭─┴─╮╭─┴─╮╭─┴─╮╭─┴─╮╭─┴─╮╭─┴─╮╭─┴─╮╭─┴─╮╰───╯
q16 : ┤ x ├┤ h ├┤ x ├┤ x ├┤ x ├┤ x ├┤ x ├┤ x ├┤ x ├┤ x ├┤ x ├┤ x ├─────
      ╰───╯╰───╯╰───╯╰───╯╰───╯╰───╯╰───╯╰───╯╰───╯╰───╯╰───╯╰───╯     

secret bitstring = [1, 0, 1, 0, 0, 1, 1, 0, 1, 1, 1, 1, 0, 1, 0, 1]
measured state = 1010011011110101
Were we successful? True
	Command being timed: "python3 bernstein-vazirani.py 16"
	User time (seconds): 0.89
	System time (seconds): 0.54
	Percent of CPU this job got: 90%
	Elapsed (wall clock) time (h:mm:ss or m:ss): 0:01.59
	Average shared text size (kbytes): 0
	Average unshared data size (kbytes): 0
	Average stack size (kbytes): 0
	Average total size (kbytes): 0
	Maximum resident set size (kbytes): 617780
	Average resident set size (kbytes): 0
	Major (requiring I/O) page faults: 0
	Minor (reclaiming a frame) page faults: 42922
	Voluntary context switches: 1747
	Involuntary context switches: 28
	Swaps: 0
	File system inputs: 0
	File system outputs: 32
	Socket messages sent: 0
	Socket messages received: 0
	Signals delivered: 0
	Page size (bytes): 4096
	Exit status: 0
      ╭───╮╭───╮                                                            
 q0 : ┤ h ├┤ h ├────────────────────────────────────────────────────────────
      ├───┤╰───╯     ╭───╮                                                  
 q1 : ┤ h ├───────●──┤ h ├──────────────────────────────────────────────────
      ├───┤       │  ╰───╯╭───╮                                             
 q2 : ┤ h ├───────┼────●──┤ h ├─────────────────────────────────────────────
      ├───┤       │    │  ╰───╯╭───╮                                        
 q3 : ┤ h ├───────┼────┼────●──┤ h ├────────────────────────────────────────
      ├───┤       │    │    │  ├───┤                                        
 q4 : ┤ h ├───────┼────┼────┼──┤ h ├────────────────────────────────────────
      ├───┤       │    │    │  ╰───╯╭───╮                                   
 q5 : ┤ h ├───────┼────┼────┼────●──┤ h ├───────────────────────────────────
      ├───┤       │    │    │    │  ╰───╯╭───╮                              
 q6 : ┤ h ├───────┼────┼────┼────┼────●──┤ h ├──────────────────────────────
      ├───┤       │    │    │    │    │  ╰───╯╭───╮                         
 q7 : ┤ h ├───────┼────┼────┼────┼────┼────●──┤ h ├─────────────────────────
      ├───┤       │    │    │    │    │    │  ╰───╯╭───╮                    
 q8 : ┤ h ├───────┼────┼────┼────┼────┼────┼────●──┤ h ├────────────────────
      ├───┤       │    │    │    │    │    │    │  ├───┤                    
 q9 : ┤ h ├───────┼────┼────┼────┼────┼────┼────┼──┤ h ├────────────────────
      ├───┤       │    │    │    │    │    │    │  ╰───╯╭───╮               
q10 : ┤ h ├───────┼────┼────┼────┼────┼────┼────┼────●──┤ h ├───────────────
      ├───┤       │    │    │    │    │    │    │    │  ├───┤               
q11 : ┤ h ├───────┼────┼────┼────┼────┼────┼────┼────┼──┤ h ├───────────────
      ├───┤       │    │    │    │    │    │    │    │  ├───┤               
q12 : ┤ h ├───────┼────┼────┼────┼────┼────┼────┼────┼──┤ h ├───────────────
      ├───┤       │    │    │    │    │    │    │    │  ╰───╯╭───╮          
q13 : ┤ h ├───────┼────┼────┼────┼────┼────┼────┼────┼────●──┤ h ├──────────
      ├───┤       │    │    │    │    │    │    │    │    │  ╰───╯╭───╮     
q14 : ┤ h ├───────┼────┼────┼────┼────┼────┼────┼────┼────┼────●──┤ h ├─────
      ├───┤       │    │    │    │    │    │    │    │    │    │  ╰───╯╭───╮
q15 : ┤ h ├───────┼────┼────┼────┼────┼────┼────┼────┼────┼────┼────●──┤ h ├
      ├───┤╭───╮╭─┴─╮╭─┴─╮╭─┴─╮╭─┴─╮╭─┴─╮╭─┴─╮╭─┴─╮╭─┴─╮╭─┴─╮╭─┴─╮╭─┴─╮╰───╯
q16 : ┤ x ├┤ h ├┤ x ├┤ x ├┤ x ├┤ x ├┤ x ├┤ x ├┤ x ├┤ x ├┤ x ├┤ x ├┤ x ├─────
      ╰───╯╰───╯╰───╯╰───╯╰───╯╰───╯╰───╯╰───╯╰───╯╰───╯╰───╯╰───╯╰───╯     

secret bitstring = [0, 1, 1, 1, 0, 1, 1, 1, 1, 0, 1, 0, 0, 1, 1, 1]
measured state = 0111011110100111
Were we successful? True
	Command being timed: "python3 bernstein-vazirani.py 16"
	User time (seconds): 0.88
	System time (seconds): 0.53
	Percent of CPU this job got: 90%
	Elapsed (wall clock) time (h:mm:ss or m:ss): 0:01.56
	Average shared text size (kbytes): 0
	Average unshared data size (kbytes): 0
	Average stack size (kbytes): 0
	Average total size (kbytes): 0
	Maximum resident set size (kbytes): 623880
	Average resident set size (kbytes): 0
	Major (requiring I/O) page faults: 0
	Minor (reclaiming a frame) page faults: 42837
	Voluntary context switches: 1845
	Involuntary context switches: 28
	Swaps: 0
	File system inputs: 0
	File system outputs: 24
	Socket messages sent: 0
	Socket messages received: 0
	Signals delivered: 0
	Page size (bytes): 4096
	Exit status: 0
