WARNING: overwriting environment variables set in the machine
overwriting variable ['LD_LIBRARY_PATH']
Measurement results for a=5 and N=21 with 8 qubits in the control register 
{ 00000000:2490 00000001:1 00000011:1 00000100:1 00000110:1 00001000:1 00001001:1 00010001:1 00010010:1 00010100:1 00010101:1 00010110:1 00010111:3 00011000:3 00011010:1 00011100:1 00011101:1 00011111:1 00100000:2 00100001:6 00100010:7 00100011:2 00100100:6 00100101:5 00100110:8 00100111:16 00101000:36 00101001:69 00101010:411 00101011:1655 00101100:102 00101101:42 00101110:26 00101111:13 00110000:10 00110001:5 00110010:7 00110011:4 00110101:3 00110110:2 00110111:2 00111001:1 00111010:1 00111011:2 00111101:1 00111110:1 01000000:2 01000001:1 01000101:1 01000110:3 01000111:6 01001001:2 01001010:4 01001011:3 01001100:1 01001110:6 01001111:2 01010000:5 01010001:6 01010010:22 01010011:30 01010100:115 01010101:1706 01010110:439 01010111:60 01011000:24 01011001:22 01011010:8 01011011:8 01011100:3 01011101:2 01011110:5 01100000:2 01100001:1 01100011:2 01100100:5 01100110:2 01101001:1 01101010:1 01101100:1 01101111:1 01110001:1 01111001:1 01111011:1 01111100:2 01111111:2 10000000:2462 10000001:1 10000101:1 10000111:1 10001001:1 10001010:1 10001011:1 10001101:1 10010000:1 10010001:1 10010010:1 10010101:1 10010111:1 10011000:2 10011001:1 10011010:1 10011011:1 10011101:1 10011110:2 10011111:2 10100000:5 10100001:6 10100010:3 10100011:2 10100100:3 10100101:2 10100110:7 10100111:17 10101000:19 10101001:70 10101010:425 10101011:1784 10101100:87 10101101:36 10101110:20 10101111:15 10110000:6 10110001:4 10110010:4 10110011:3 10110100:1 10110101:1 10110110:1 10110111:2 10111000:2 10111010:2 10111011:1 10111101:2 10111111:1 11000001:2 11000010:2 11000101:1 11000110:1 11000111:2 11001000:2 11001001:1 11001010:1 11001011:1 11001100:2 11001101:6 11001110:2 11001111:5 11010000:6 11010001:13 11010010:15 11010011:31 11010100:125 11010101:1743 11010110:405 11010111:64 11011000:25 11011001:15 11011010:5 11011011:5 11011100:4 11011101:5 11011110:4 11011111:2 11100000:2 11100001:3 11100010:3 11100011:2 11100101:1 11100110:1 11101000:1 11101010:2 11101011:3 11101111:2 11110000:1 11110001:1 11111001:1 11111110:2 }

V100
	Command being timed: "python3 shor.py 8"
	User time (seconds): 2.25
	System time (seconds): 0.80
	Percent of CPU this job got: 86%
	Elapsed (wall clock) time (h:mm:ss or m:ss): 0:03.53
	Average shared text size (kbytes): 0
	Average unshared data size (kbytes): 0
	Average stack size (kbytes): 0
	Average total size (kbytes): 0
	Maximum resident set size (kbytes): 743704
	Average resident set size (kbytes): 0
	Major (requiring I/O) page faults: 0
	Minor (reclaiming a frame) page faults: 110830
	Voluntary context switches: 10034
	Involuntary context switches: 48
	Swaps: 0
	File system inputs: 0
	File system outputs: 16
	Socket messages sent: 0
	Socket messages received: 0
	Signals delivered: 0
	Page size (bytes): 4096
	Exit status: 0
Measurement results for a=5 and N=21 with 8 qubits in the control register 
{ 00000000:2483 00000010:1 00000011:1 00001011:1 00001101:1 00010101:1 00010111:2 00011000:1 00011010:1 00011011:1 00011100:1 00011101:3 00011110:1 00011111:5 00100000:2 00100001:1 00100010:4 00100011:4 00100100:5 00100101:4 00100110:10 00100111:16 00101000:30 00101001:67 00101010:423 00101011:1704 00101100:102 00101101:32 00101110:9 00101111:8 00110000:10 00110001:3 00110010:2 00110011:4 00110100:4 00110101:3 00110110:1 00111000:4 00111010:3 00111100:2 01000000:1 01000001:2 01000011:1 01000100:3 01000101:3 01000110:1 01001000:1 01001001:2 01001010:1 01001011:3 01001101:4 01001110:3 01001111:7 01010000:8 01010001:5 01010010:13 01010011:33 01010100:104 01010101:1712 01010110:456 01010111:80 01011000:33 01011001:9 01011010:11 01011011:7 01011100:3 01011101:3 01011110:4 01011111:5 01100000:2 01100001:3 01100010:1 01100011:2 01100100:1 01100111:1 01101000:1 01101001:1 01101100:1 01101101:1 01101110:1 01101111:1 01110011:1 01111101:1 10000000:2458 10001000:1 10001001:1 10001101:2 10001111:1 10010001:1 10010110:1 10011000:2 10011001:2 10011010:2 10011011:1 10011100:1 10011101:1 10011110:2 10100000:3 10100001:5 10100010:2 10100100:2 10100101:5 10100110:10 10100111:9 10101000:27 10101001:72 10101010:425 10101011:1834 10101100:106 10101101:40 10101110:12 10101111:8 10110000:10 10110001:8 10110010:2 10110011:3 10110100:1 10110101:1 10110110:1 10110111:2 10111000:1 10111001:2 10111010:1 10111011:1 10111101:2 10111110:2 10111111:2 11000000:2 11000001:1 11000010:1 11000011:1 11000100:1 11000110:6 11000111:1 11001000:1 11001010:4 11001011:1 11001100:1 11001101:2 11001110:1 11001111:7 11010000:6 11010001:14 11010010:24 11010011:29 11010100:102 11010101:1652 11010110:435 11010111:58 11011000:26 11011001:14 11011010:12 11011011:3 11011100:2 11011101:2 11011110:4 11011111:2 11100000:1 11100001:2 11100011:2 11100100:1 11100111:3 11101101:1 11101110:1 11101111:1 11110000:1 11111110:1 }

V100
	Command being timed: "python3 shor.py 8"
	User time (seconds): 2.23
	System time (seconds): 0.68
	Percent of CPU this job got: 93%
	Elapsed (wall clock) time (h:mm:ss or m:ss): 0:03.12
	Average shared text size (kbytes): 0
	Average unshared data size (kbytes): 0
	Average stack size (kbytes): 0
	Average total size (kbytes): 0
	Maximum resident set size (kbytes): 741668
	Average resident set size (kbytes): 0
	Major (requiring I/O) page faults: 0
	Minor (reclaiming a frame) page faults: 112501
	Voluntary context switches: 3858
	Involuntary context switches: 55
	Swaps: 0
	File system inputs: 0
	File system outputs: 24
	Socket messages sent: 0
	Socket messages received: 0
	Signals delivered: 0
	Page size (bytes): 4096
	Exit status: 0
Measurement results for a=5 and N=21 with 8 qubits in the control register 
{ 00000000:2478 00000101:1 00000110:1 00000111:1 00001001:1 00001011:1 00001111:1 00010001:2 00010100:2 00010110:2 00011000:2 00011010:1 00011101:3 00011110:1 00011111:2 00100000:2 00100001:1 00100011:2 00100100:3 00100101:6 00100110:11 00100111:13 00101000:23 00101001:73 00101010:403 00101011:1688 00101100:101 00101101:47 00101110:18 00101111:14 00110000:6 00110001:5 00110010:5 00110100:4 00110101:2 00110111:4 00111001:1 00111110:1 01000000:2 01000011:2 01000100:2 01000101:2 01000111:1 01001000:2 01001010:1 01001011:2 01001101:2 01001110:8 01001111:6 01010000:5 01010001:15 01010010:16 01010011:40 01010100:104 01010101:1760 01010110:394 01010111:101 01011000:23 01011001:17 01011010:10 01011011:7 01011100:10 01011101:4 01011110:3 01011111:1 01100001:1 01100010:2 01100011:1 01100100:1 01100110:2 01101001:1 01101100:1 01110001:5 01110100:1 01110101:1 01111001:2 01111011:1 10000000:2535 10000100:1 10010100:1 10010110:1 10010111:1 10011010:3 10011110:2 10011111:1 10100001:3 10100010:4 10100011:1 10100100:5 10100101:8 10100110:8 10100111:11 10101000:27 10101001:69 10101010:450 10101011:1673 10101100:102 10101101:35 10101110:18 10101111:15 10110000:6 10110001:5 10110010:3 10110011:6 10110100:4 10110101:3 10110110:2 10110111:1 10111000:1 10111001:1 10111010:3 10111011:1 10111100:2 10111110:2 10111111:2 11000000:1 11000010:2 11000100:2 11000111:2 11001000:3 11001010:7 11001011:2 11001100:2 11001101:5 11001110:4 11001111:8 11010000:2 11010001:11 11010010:17 11010011:42 11010100:109 11010101:1658 11010110:445 11010111:81 11011000:19 11011001:19 11011010:14 11011011:8 11011100:3 11011101:2 11011110:1 11011111:5 11100000:1 11100001:2 11100010:1 11100011:1 11100100:1 11100101:1 11100110:2 11100111:2 11101010:1 11101011:2 11101101:1 11110001:1 11110100:2 11111111:1 }

V100
	Command being timed: "python3 shor.py 8"
	User time (seconds): 2.24
	System time (seconds): 0.67
	Percent of CPU this job got: 92%
	Elapsed (wall clock) time (h:mm:ss or m:ss): 0:03.14
	Average shared text size (kbytes): 0
	Average unshared data size (kbytes): 0
	Average stack size (kbytes): 0
	Average total size (kbytes): 0
	Maximum resident set size (kbytes): 744900
	Average resident set size (kbytes): 0
	Major (requiring I/O) page faults: 0
	Minor (reclaiming a frame) page faults: 111708
	Voluntary context switches: 3890
	Involuntary context switches: 47
	Swaps: 0
	File system inputs: 0
	File system outputs: 16
	Socket messages sent: 0
	Socket messages received: 0
	Signals delivered: 0
	Page size (bytes): 4096
	Exit status: 0
Measurement results for a=5 and N=21 with 8 qubits in the control register 
{ 00000000:2518 00000101:1 00001001:2 00001100:1 00001111:1 00010001:1 00010010:1 00010011:1 00011010:1 00011011:3 00011110:1 00011111:3 00100000:1 00100001:2 00100010:6 00100011:3 00100100:9 00100101:7 00100110:10 00100111:12 00101000:29 00101001:71 00101010:406 00101011:1675 00101100:112 00101101:34 00101110:20 00101111:9 00110000:8 00110001:4 00110010:2 00110011:7 00110100:3 00110101:2 00110110:1 00110111:1 00111001:2 00111010:1 00111011:2 00111100:6 00111101:1 00111110:3 01000001:1 01000011:1 01000100:1 01000110:4 01001000:5 01001001:2 01001100:1 01001101:3 01001110:3 01001111:5 01010000:8 01010001:7 01010010:22 01010011:39 01010100:113 01010101:1686 01010110:456 01010111:76 01011000:26 01011001:16 01011010:13 01011011:4 01011100:8 01011101:5 01011110:3 01011111:2 01100000:3 01100001:2 01100010:2 01100011:4 01100100:3 01100110:1 01100111:1 01101010:3 01101101:1 01101111:1 01110101:2 01110110:2 01111010:1 10000000:2536 10000001:1 10000011:2 10000101:1 10001010:1 10001110:1 10010000:1 10010100:1 10010110:1 10010111:1 10011010:2 10011011:2 10011100:1 10011101:2 10011110:2 10100000:2 10100001:5 10100010:3 10100011:5 10100100:7 10100101:3 10100110:7 10100111:14 10101000:23 10101001:64 10101010:430 10101011:1755 10101100:112 10101101:38 10101110:19 10101111:13 10110000:8 10110001:4 10110010:5 10110011:1 10110100:1 10110101:1 10110110:1 10111000:2 10111001:3 10111010:2 10111011:2 10111100:2 10111110:1 11000000:1 11000010:1 11000101:1 11000110:2 11000111:2 11001000:1 11001001:3 11001010:1 11001011:5 11001100:2 11001101:1 11001110:3 11001111:10 11010000:5 11010001:22 11010010:19 11010011:38 11010100:92 11010101:1650 11010110:381 11010111:53 11011000:32 11011001:16 11011010:10 11011011:3 11011100:4 11011101:5 11011110:2 11011111:2 11100000:2 11100001:4 11100010:1 11100011:2 11100100:3 11100101:1 11100110:1 11100111:1 11101000:1 11101001:1 11101110:1 11110010:1 11110111:2 11111001:1 11111011:1 11111101:2 11111110:1 }

V100
	Command being timed: "python3 shor.py 8"
	User time (seconds): 2.22
	System time (seconds): 0.68
	Percent of CPU this job got: 93%
	Elapsed (wall clock) time (h:mm:ss or m:ss): 0:03.10
	Average shared text size (kbytes): 0
	Average unshared data size (kbytes): 0
	Average stack size (kbytes): 0
	Average total size (kbytes): 0
	Maximum resident set size (kbytes): 745048
	Average resident set size (kbytes): 0
	Major (requiring I/O) page faults: 0
	Minor (reclaiming a frame) page faults: 111888
	Voluntary context switches: 3609
	Involuntary context switches: 54
	Swaps: 0
	File system inputs: 0
	File system outputs: 16
	Socket messages sent: 0
	Socket messages received: 0
	Signals delivered: 0
	Page size (bytes): 4096
	Exit status: 0
Measurement results for a=5 and N=21 with 8 qubits in the control register 
{ 00000000:2498 00000111:1 00001000:1 00001010:1 00001111:1 00010001:2 00010011:2 00010100:1 00010110:1 00010111:2 00011000:2 00011001:2 00011010:1 00011011:1 00011100:1 00011110:2 00011111:1 00100000:3 00100001:2 00100010:2 00100011:4 00100100:3 00100101:6 00100110:15 00100111:13 00101000:26 00101001:77 00101010:399 00101011:1722 00101100:110 00101101:32 00101110:20 00101111:8 00110000:3 00110001:9 00110010:2 00110011:3 00110101:1 00110110:1 00110111:3 00111000:4 00111001:1 00111010:1 00111100:1 00111111:2 01000001:1 01000101:1 01000110:1 01000111:1 01001000:1 01001010:2 01001011:2 01001100:6 01001101:6 01001110:5 01001111:4 01010000:7 01010001:17 01010010:25 01010011:31 01010100:122 01010101:1715 01010110:419 01010111:84 01011000:20 01011001:18 01011010:7 01011011:6 01011100:6 01011101:6 01011110:2 01011111:2 01100000:3 01100001:2 01100010:1 01100011:2 01100100:1 01100101:1 01100110:1 01101001:1 01101011:2 01101100:1 01101101:1 01110000:1 01110100:1 01110101:1 01110110:1 01111010:1 01111111:1 10000000:2486 10001000:1 10001100:2 10001101:1 10010010:1 10010011:1 10010110:2 10011000:1 10011001:2 10011010:4 10011011:1 10011100:2 10011101:1 10011110:2 10011111:1 10100001:4 10100010:3 10100011:5 10100100:3 10100101:3 10100110:8 10100111:22 10101000:41 10101001:74 10101010:407 10101011:1672 10101100:122 10101101:39 10101110:14 10101111:21 10110000:5 10110001:6 10110010:5 10110011:2 10110100:2 10110101:3 10110110:2 10110111:3 10111001:1 10111010:1 10111100:3 10111101:2 10111110:2 10111111:1 11000000:2 11000011:1 11000101:1 11000110:1 11001001:4 11001010:2 11001011:3 11001100:1 11001101:4 11001110:6 11001111:11 11010000:8 11010001:13 11010010:17 11010011:30 11010100:108 11010101:1717 11010110:408 11010111:72 11011000:21 11011001:10 11011010:10 11011011:7 11011100:5 11011101:3 11011110:3 11100100:2 11100101:1 11100110:4 11101000:1 11101011:1 11101100:1 11101101:1 11101110:1 11110000:1 11110001:1 11111010:1 11111111:1 }

V100
	Command being timed: "python3 shor.py 8"
	User time (seconds): 2.21
	System time (seconds): 0.69
	Percent of CPU this job got: 93%
	Elapsed (wall clock) time (h:mm:ss or m:ss): 0:03.11
	Average shared text size (kbytes): 0
	Average unshared data size (kbytes): 0
	Average stack size (kbytes): 0
	Average total size (kbytes): 0
	Maximum resident set size (kbytes): 741000
	Average resident set size (kbytes): 0
	Major (requiring I/O) page faults: 0
	Minor (reclaiming a frame) page faults: 112200
	Voluntary context switches: 3606
	Involuntary context switches: 52
	Swaps: 0
	File system inputs: 0
	File system outputs: 24
	Socket messages sent: 0
	Socket messages received: 0
	Signals delivered: 0
	Page size (bytes): 4096
	Exit status: 0
Measurement results for a=5 and N=21 with 8 qubits in the control register 
{ 00000000:2601 00000100:1 00000111:1 00001001:1 00001111:1 00010101:2 00010110:1 00010111:1 00011101:1 00011110:1 00011111:2 00100000:1 00100001:4 00100010:2 00100011:4 00100100:3 00100101:11 00100110:6 00100111:19 00101000:25 00101001:57 00101010:456 00101011:1667 00101100:98 00101101:31 00101110:14 00101111:14 00110000:10 00110001:2 00110010:3 00110011:5 00110100:5 00110101:3 00110110:2 00110111:1 00111000:1 00111001:2 00111101:2 00111110:2 00111111:3 01000000:1 01000001:1 01000010:2 01000011:1 01000100:1 01000101:2 01000111:2 01001000:1 01001001:1 01001010:2 01001011:3 01001100:4 01001101:4 01001110:5 01001111:4 01010000:9 01010001:11 01010010:20 01010011:27 01010100:114 01010101:1748 01010110:387 01010111:70 01011000:23 01011001:17 01011010:7 01011011:11 01011100:4 01011101:3 01011110:2 01011111:5 01100000:3 01100001:2 01100110:2 01100111:1 01110000:1 01111000:2 01111001:2 01111011:1 01111100:1 10000000:2439 10000001:1 10000100:1 10000110:1 10001001:1 10001100:1 10001111:1 10010100:1 10010110:1 10010111:1 10011000:1 10100000:3 10100001:3 10100010:3 10100011:4 10100100:5 10100101:11 10100110:10 10100111:18 10101000:25 10101001:85 10101010:410 10101011:1696 10101100:103 10101101:38 10101110:19 10101111:17 10110000:5 10110001:7 10110010:4 10110011:3 10110100:1 10110101:2 10110110:3 10110111:1 10111001:3 10111010:2 10111011:2 10111100:3 10111101:1 10111110:2 10111111:1 11000000:2 11000010:2 11000011:2 11000100:2 11000101:3 11000110:1 11000111:1 11001000:2 11001001:2 11001010:1 11001011:2 11001100:2 11001101:1 11001110:2 11001111:5 11010000:7 11010001:9 11010010:18 11010011:43 11010100:110 11010101:1690 11010110:412 11010111:75 11011000:25 11011001:19 11011010:12 11011011:6 11011100:3 11011101:5 11011110:2 11011111:4 11100000:3 11100001:1 11100010:3 11100011:3 11100101:1 11101001:1 11101100:1 11101111:1 11110011:1 11110101:1 11111000:1 11111010:1 }

V100
	Command being timed: "python3 shor.py 8"
	User time (seconds): 2.23
	System time (seconds): 0.67
	Percent of CPU this job got: 93%
	Elapsed (wall clock) time (h:mm:ss or m:ss): 0:03.10
	Average shared text size (kbytes): 0
	Average unshared data size (kbytes): 0
	Average stack size (kbytes): 0
	Average total size (kbytes): 0
	Maximum resident set size (kbytes): 744344
	Average resident set size (kbytes): 0
	Major (requiring I/O) page faults: 0
	Minor (reclaiming a frame) page faults: 111199
	Voluntary context switches: 3606
	Involuntary context switches: 48
	Swaps: 0
	File system inputs: 0
	File system outputs: 16
	Socket messages sent: 0
	Socket messages received: 0
	Signals delivered: 0
	Page size (bytes): 4096
	Exit status: 0
Measurement results for a=5 and N=21 with 8 qubits in the control register 
{ 00000000:2426 00000001:1 00000011:1 00001010:1 00001110:1 00001111:1 00010001:2 00010100:1 00010101:3 00010111:1 00011010:2 00011011:1 00011100:1 00011110:1 00011111:3 00100000:1 00100001:1 00100010:5 00100011:2 00100100:2 00100101:7 00100110:12 00100111:18 00101000:28 00101001:73 00101010:446 00101011:1700 00101100:110 00101101:34 00101110:20 00101111:7 00110000:8 00110001:2 00110010:3 00110011:4 00110100:2 00110101:2 00110110:3 00110111:3 00111000:1 00111011:2 00111100:1 00111101:3 00111110:1 00111111:1 01000001:1 01000010:1 01000111:2 01001000:1 01001001:2 01001010:3 01001011:2 01001100:1 01001101:4 01001110:7 01001111:2 01010000:7 01010001:7 01010010:17 01010011:36 01010100:116 01010101:1716 01010110:418 01010111:61 01011000:32 01011001:7 01011010:13 01011011:7 01011100:4 01011101:6 01011110:2 01011111:1 01100001:4 01100010:1 01100011:1 01100100:4 01100101:1 01100110:1 01100111:3 01101000:1 01101010:1 01101011:1 01101101:2 01101110:1 01101111:1 01110000:1 01110100:2 01110111:1 01111010:1 01111101:1 01111111:1 10000000:2573 10000001:2 10000100:1 10001101:1 10001111:1 10010000:1 10010011:2 10011000:2 10011010:1 10011011:3 10011100:2 10011101:1 10011110:5 10100000:1 10100001:1 10100010:2 10100011:12 10100100:7 10100101:7 10100110:12 10100111:11 10101000:19 10101001:82 10101010:415 10101011:1678 10101100:102 10101101:31 10101110:13 10101111:3 10110000:7 10110001:4 10110010:5 10110011:2 10110101:2 10110110:1 10110111:2 10111000:2 10111001:1 10111010:2 10111011:1 10111100:3 10111110:1 11000000:3 11000010:2 11000011:3 11000101:1 11000110:1 11001000:3 11001001:3 11001010:1 11001011:1 11001100:4 11001101:3 11001110:3 11001111:5 11010000:8 11010001:9 11010010:13 11010011:35 11010100:102 11010101:1729 11010110:432 11010111:77 11011000:31 11011001:16 11011010:6 11011011:8 11011100:2 11011101:3 11011110:3 11011111:3 11100000:2 11100001:2 11100011:1 11100100:1 11101011:1 11101100:1 11101111:1 11110001:1 11110010:1 11110011:1 11110100:1 }

V100
	Command being timed: "python3 shor.py 8"
	User time (seconds): 2.21
	System time (seconds): 0.70
	Percent of CPU this job got: 94%
	Elapsed (wall clock) time (h:mm:ss or m:ss): 0:03.08
	Average shared text size (kbytes): 0
	Average unshared data size (kbytes): 0
	Average stack size (kbytes): 0
	Average total size (kbytes): 0
	Maximum resident set size (kbytes): 741448
	Average resident set size (kbytes): 0
	Major (requiring I/O) page faults: 0
	Minor (reclaiming a frame) page faults: 111522
	Voluntary context switches: 3605
	Involuntary context switches: 56
	Swaps: 0
	File system inputs: 0
	File system outputs: 16
	Socket messages sent: 0
	Socket messages received: 0
	Signals delivered: 0
	Page size (bytes): 4096
	Exit status: 0
Measurement results for a=5 and N=21 with 8 qubits in the control register 
{ 00000000:2584 00000011:1 00000101:1 00001000:1 00001001:1 00001101:1 00001111:1 00010001:1 00010101:1 00010110:2 00011010:2 00011100:1 00011101:1 00011110:2 00011111:4 00100000:1 00100001:3 00100010:4 00100011:5 00100100:8 00100101:9 00100110:10 00100111:14 00101000:34 00101001:56 00101010:411 00101011:1683 00101100:101 00101101:39 00101110:25 00101111:15 00110000:11 00110001:3 00110010:5 00110011:2 00110100:4 00110101:3 00110110:1 00110111:2 00111000:3 00111001:2 00111011:1 00111100:1 00111101:2 00111110:1 00111111:1 01000000:1 01000001:1 01000010:1 01000011:1 01001000:1 01001001:2 01001010:2 01001011:2 01001100:4 01001101:3 01001110:6 01001111:4 01010000:7 01010001:8 01010010:14 01010011:34 01010100:116 01010101:1724 01010110:425 01010111:65 01011000:26 01011001:11 01011010:8 01011011:10 01011100:6 01011101:3 01011110:3 01011111:3 01100011:2 01100100:1 01100101:2 01100110:1 01101000:1 01101001:2 01101010:1 01101111:1 01110100:1 01110101:2 01111000:1 01111001:1 01111111:2 10000000:2583 10001010:3 10001100:1 10001101:1 10010000:1 10010110:1 10010111:1 10011101:1 10011110:2 10011111:2 10100000:1 10100001:2 10100010:3 10100011:2 10100100:5 10100101:7 10100110:7 10100111:15 10101000:31 10101001:70 10101010:381 10101011:1642 10101100:96 10101101:41 10101110:15 10101111:9 10110000:7 10110001:8 10110010:4 10110011:3 10110100:1 10110101:2 10111001:3 10111010:2 10111100:1 10111101:4 10111110:1 11000000:2 11000010:1 11000011:2 11000101:1 11000110:2 11000111:1 11001000:1 11001001:2 11001011:4 11001100:3 11001101:5 11001110:1 11001111:7 11010000:4 11010001:8 11010010:10 11010011:43 11010100:106 11010101:1681 11010110:417 11010111:65 11011000:37 11011001:16 11011010:17 11011011:6 11011100:1 11011101:2 11011110:3 11011111:3 11100000:3 11100001:3 11100010:2 11100011:1 11101010:1 11101011:1 11101100:1 11101110:1 11110010:1 11110110:1 11111000:1 11111110:1 }

V100
	Command being timed: "python3 shor.py 8"
	User time (seconds): 2.24
	System time (seconds): 0.67
	Percent of CPU this job got: 93%
	Elapsed (wall clock) time (h:mm:ss or m:ss): 0:03.11
	Average shared text size (kbytes): 0
	Average unshared data size (kbytes): 0
	Average stack size (kbytes): 0
	Average total size (kbytes): 0
	Maximum resident set size (kbytes): 740580
	Average resident set size (kbytes): 0
	Major (requiring I/O) page faults: 0
	Minor (reclaiming a frame) page faults: 112238
	Voluntary context switches: 3609
	Involuntary context switches: 49
	Swaps: 0
	File system inputs: 0
	File system outputs: 24
	Socket messages sent: 0
	Socket messages received: 0
	Signals delivered: 0
	Page size (bytes): 4096
	Exit status: 0
Measurement results for a=5 and N=21 with 8 qubits in the control register 
{ 00000000:2559 00000001:1 00000111:1 00001010:1 00001100:1 00010000:1 00010001:1 00010011:2 00010100:1 00010101:1 00010110:1 00010111:1 00011011:1 00011100:2 00011101:1 00011110:3 00011111:1 00100000:4 00100001:2 00100010:3 00100011:5 00100101:6 00100110:5 00100111:21 00101000:32 00101001:73 00101010:452 00101011:1740 00101100:105 00101101:28 00101110:11 00101111:11 00110000:7 00110001:2 00110010:5 00110011:2 00110100:4 00110101:2 00110110:2 00110111:3 00111010:3 00111101:1 00111110:1 00111111:1 01000011:2 01000101:1 01000110:2 01001011:2 01001100:2 01001101:2 01001110:4 01001111:5 01010000:8 01010001:5 01010010:12 01010011:36 01010100:101 01010101:1699 01010110:407 01010111:79 01011000:29 01011001:11 01011010:7 01011011:3 01011100:3 01011101:4 01011110:2 01011111:1 01100000:2 01100001:1 01100010:1 01100011:2 01100111:2 01101110:1 01101111:1 01110011:1 01110100:1 01111010:1 01111110:1 10000000:2443 10000100:1 10000111:1 10001100:1 10001101:1 10001110:2 10001111:1 10010100:1 10010111:1 10011000:1 10011001:2 10011011:1 10011100:1 10011101:1 10011111:2 10100000:2 10100001:5 10100010:3 10100011:1 10100100:3 10100101:5 10100110:9 10100111:23 10101000:24 10101001:70 10101010:410 10101011:1694 10101100:85 10101101:32 10101110:15 10101111:13 10110000:11 10110001:4 10110010:1 10110011:2 10110100:3 10110101:1 10110110:1 10111000:2 10111001:2 10111011:3 10111101:1 11000010:1 11000011:1 11000100:2 11000111:1 11001001:3 11001010:3 11001011:5 11001100:4 11001101:3 11001110:8 11001111:6 11010000:7 11010001:8 11010010:19 11010011:37 11010100:143 11010101:1738 11010110:434 11010111:67 11011000:15 11011001:15 11011010:10 11011011:7 11011100:4 11011101:4 11011110:4 11100000:2 11100010:2 11100101:1 11101000:1 11101001:2 11101011:2 11110001:1 11110011:2 11110100:1 11111111:1 }

V100
	Command being timed: "python3 shor.py 8"
	User time (seconds): 2.22
	System time (seconds): 0.69
	Percent of CPU this job got: 93%
	Elapsed (wall clock) time (h:mm:ss or m:ss): 0:03.12
	Average shared text size (kbytes): 0
	Average unshared data size (kbytes): 0
	Average stack size (kbytes): 0
	Average total size (kbytes): 0
	Maximum resident set size (kbytes): 744524
	Average resident set size (kbytes): 0
	Major (requiring I/O) page faults: 0
	Minor (reclaiming a frame) page faults: 112590
	Voluntary context switches: 3607
	Involuntary context switches: 50
	Swaps: 0
	File system inputs: 0
	File system outputs: 16
	Socket messages sent: 0
	Socket messages received: 0
	Signals delivered: 0
	Page size (bytes): 4096
	Exit status: 0
Measurement results for a=5 and N=21 with 8 qubits in the control register 
{ 00000000:2495 00000010:1 00000011:1 00000100:1 00000110:1 00001001:1 00001110:2 00010000:1 00010010:1 00010100:2 00010110:1 00010111:1 00011010:1 00011100:1 00011101:1 00011111:1 00100000:3 00100001:2 00100010:1 00100011:2 00100100:7 00100101:8 00100110:14 00100111:17 00101000:36 00101001:67 00101010:445 00101011:1680 00101100:101 00101101:31 00101110:13 00101111:8 00110000:5 00110001:5 00110010:1 00110011:3 00110100:3 00110101:4 00110110:2 00110111:1 00111001:2 00111110:1 01000100:2 01000101:2 01000110:2 01000111:1 01001000:2 01001001:1 01001010:3 01001011:2 01001100:1 01001101:2 01001110:4 01001111:5 01010000:6 01010001:12 01010010:12 01010011:36 01010100:124 01010101:1703 01010110:427 01010111:75 01011000:22 01011001:18 01011010:6 01011011:7 01011100:3 01011101:5 01011110:6 01011111:5 01100001:1 01100010:2 01100011:1 01100100:2 01100101:1 01101000:4 01101100:1 01101101:1 01101110:2 01101111:1 01110001:1 01110100:1 01111000:1 10000000:2534 10000101:1 10000111:2 10001000:1 10001010:1 10001101:1 10010000:1 10010101:1 10010110:1 10010111:1 10011010:1 10011100:2 10011101:2 10011110:1 10011111:2 10100000:5 10100001:3 10100010:3 10100011:2 10100100:7 10100101:3 10100110:9 10100111:17 10101000:25 10101001:60 10101010:456 10101011:1685 10101100:103 10101101:28 10101110:16 10101111:9 10110000:7 10110001:3 10110010:1 10110011:5 10110100:2 10110101:3 10110111:3 10111000:1 10111001:2 10111010:1 10111011:3 10111101:2 10111110:3 10111111:2 11000000:2 11000001:1 11000010:1 11000011:1 11000100:1 11000101:1 11000110:2 11001000:3 11001001:3 11001010:2 11001011:1 11001100:3 11001101:1 11001110:4 11001111:7 11010000:6 11010001:14 11010010:20 11010011:30 11010100:91 11010101:1710 11010110:439 11010111:59 11011000:30 11011001:14 11011010:8 11011011:5 11011100:5 11011101:5 11011110:2 11011111:3 11100000:4 11100001:2 11100100:1 11100101:1 11101110:1 11110001:1 11110011:2 11110101:1 11111000:2 11111010:1 11111011:1 11111101:1 }

V100
	Command being timed: "python3 shor.py 8"
	User time (seconds): 2.24
	System time (seconds): 0.66
	Percent of CPU this job got: 92%
	Elapsed (wall clock) time (h:mm:ss or m:ss): 0:03.14
	Average shared text size (kbytes): 0
	Average unshared data size (kbytes): 0
	Average stack size (kbytes): 0
	Average total size (kbytes): 0
	Maximum resident set size (kbytes): 742612
	Average resident set size (kbytes): 0
	Major (requiring I/O) page faults: 0
	Minor (reclaiming a frame) page faults: 111670
	Voluntary context switches: 3607
	Involuntary context switches: 50
	Swaps: 0
	File system inputs: 0
	File system outputs: 16
	Socket messages sent: 0
	Socket messages received: 0
	Signals delivered: 0
	Page size (bytes): 4096
	Exit status: 0
