WARNING: overwriting environment variables set in the machine
overwriting variable ['LD_LIBRARY_PATH']
Measurement results for a=5 and N=21 with 14 qubits in the control register 
{ 00000000000000:2508 00100100010100:1 00101001001001:1 00101001011011:1 00101010000101:1 00101010001110:1 00101010010011:1 00101010010100:1 00101010010110:1 00101010010111:1 00101010011011:1 00101010011110:2 00101010011111:1 00101010100000:2 00101010100001:1 00101010100010:5 00101010100011:3 00101010100100:8 00101010100101:9 00101010100110:5 00101010100111:11 00101010101000:30 00101010101001:68 00101010101010:425 00101010101011:1726 00101010101100:99 00101010101101:35 00101010101110:20 00101010101111:9 00101010110000:5 00101010110001:5 00101010110010:3 00101010110011:2 00101010110100:1 00101010110101:3 00101010110110:1 00101010110111:1 00101010111000:2 00101010111001:1 00101010111010:1 00101010111101:1 00101010111111:1 00101011000001:1 00101011000010:1 00101011000101:1 00101011001000:1 00101011010011:1 00101011100100:1 00101100001100:1 01010010111111:1 01010011011010:1 01010100000111:2 01010100011000:1 01010100101010:1 01010100101011:1 01010100110000:1 01010100110010:1 01010100110101:1 01010100111110:1 01010100111111:1 01010101000011:1 01010101000101:2 01010101000110:2 01010101001000:2 01010101001001:2 01010101001010:2 01010101001011:2 01010101001100:4 01010101001101:3 01010101001110:3 01010101001111:5 01010101010000:3 01010101010001:17 01010101010010:15 01010101010011:32 01010101010100:113 01010101010101:1698 01010101010110:420 01010101010111:76 01010101011000:28 01010101011001:19 01010101011010:7 01010101011011:3 01010101011100:10 01010101011101:4 01010101011111:6 01010101100001:3 01010101100011:2 01010101100101:1 01010101100110:2 01010101100111:1 01010101101000:1 01010101101110:1 01010101101111:1 01010101110110:1 01010101111100:1 01010101111111:1 01010110000001:1 01010110010010:1 01010111100001:1 01011000110011:1 01011001100000:1 01011110100110:1 10000000000000:2475 10100011101110:1 10100101010000:1 10100111000111:1 10101010001110:1 10101010010001:1 10101010010101:1 10101010010111:1 10101010011001:1 10101010011010:1 10101010011101:1 10101010011110:1 10101010011111:3 10101010100001:2 10101010100010:1 10101010100011:5 10101010100100:5 10101010100101:10 10101010100110:10 10101010100111:7 10101010101000:22 10101010101001:60 10101010101010:434 10101010101011:1648 10101010101100:114 10101010101101:34 10101010101110:18 10101010101111:7 10101010110000:10 10101010110001:7 10101010110010:4 10101010110011:3 10101010110100:5 10101010110101:1 10101010110110:3 10101010110111:1 10101010111000:2 10101010111001:1 10101010111010:1 10101010111110:1 10101010111111:1 10101011000000:1 10101011000010:1 10101011000101:1 10101011001001:1 10101011001010:1 10101011001100:1 10101011001101:1 10101011010010:2 10101011011011:1 10101011100111:1 10101101100101:1 10101101111011:1 10110001111111:1 11010100101010:1 11010100110000:1 11010100110001:1 11010101000010:1 11010101000100:1 11010101000111:2 11010101001000:4 11010101001011:2 11010101001100:5 11010101001101:3 11010101001110:5 11010101001111:3 11010101010000:4 11010101010001:8 11010101010010:16 11010101010011:38 11010101010100:95 11010101010101:1729 11010101010110:458 11010101010111:89 11010101011000:26 11010101011001:13 11010101011010:9 11010101011011:8 11010101011100:5 11010101011101:2 11010101011110:2 11010101011111:4 11010101100001:2 11010101100010:3 11010101100011:3 11010101100100:1 11010101100110:1 11010101100111:1 11010101101001:1 11010101101011:1 11010101101111:1 11010101110111:1 11010101111100:1 11010101111111:1 11010110000111:1 11010110010111:1 11010110011100:1 11011000010000:1 11100101000110:1 }

V100
	Command being timed: "python3 shor.py 14"
	User time (seconds): 5.35
	System time (seconds): 0.96
	Percent of CPU this job got: 93%
	Elapsed (wall clock) time (h:mm:ss or m:ss): 0:06.73
	Average shared text size (kbytes): 0
	Average unshared data size (kbytes): 0
	Average stack size (kbytes): 0
	Average total size (kbytes): 0
	Maximum resident set size (kbytes): 980848
	Average resident set size (kbytes): 0
	Major (requiring I/O) page faults: 0
	Minor (reclaiming a frame) page faults: 242349
	Voluntary context switches: 8081
	Involuntary context switches: 107
	Swaps: 0
	File system inputs: 0
	File system outputs: 16
	Socket messages sent: 0
	Socket messages received: 0
	Signals delivered: 0
	Page size (bytes): 4096
	Exit status: 0
Measurement results for a=5 and N=21 with 14 qubits in the control register 
{ 00000000000000:2502 00100111011001:1 00101000000101:1 00101001100011:1 00101001101100:1 00101010001011:1 00101010001101:1 00101010010010:1 00101010010101:1 00101010011001:1 00101010011011:2 00101010011100:2 00101010011111:1 00101010100001:1 00101010100010:4 00101010100011:4 00101010100100:7 00101010100101:5 00101010100110:3 00101010100111:16 00101010101000:29 00101010101001:78 00101010101010:429 00101010101011:1759 00101010101100:101 00101010101101:26 00101010101110:13 00101010101111:11 00101010110000:9 00101010110001:1 00101010110010:4 00101010110011:5 00101010110100:2 00101010110101:4 00101010110110:3 00101010110111:2 00101010111000:2 00101010111001:1 00101010111010:1 00101010111100:2 00101011000000:1 00101011011010:1 00101011111110:1 00101100001110:1 00101101000110:1 00101101110001:1 01000010110001:1 01010011111011:1 01010100001010:1 01010100100010:1 01010100101100:1 01010100101111:1 01010100110110:1 01010100111101:1 01010100111111:1 01010101000010:1 01010101000100:2 01010101000111:1 01010101001000:1 01010101001011:2 01010101001100:2 01010101001101:4 01010101001110:4 01010101001111:2 01010101010000:8 01010101010001:9 01010101010010:22 01010101010011:46 01010101010100:98 01010101010101:1750 01010101010110:410 01010101010111:53 01010101011000:23 01010101011001:13 01010101011010:6 01010101011011:5 01010101011100:2 01010101011101:2 01010101011110:6 01010101011111:2 01010101100000:5 01010101100001:1 01010101100010:1 01010101100011:1 01010101100100:1 01010101100101:2 01010101100111:1 01010101101001:1 01010101101010:1 01010101101011:1 01010101101101:1 01010101101111:1 01010101110001:1 01010101110011:1 01010101110100:1 01010110001010:1 01010110001011:1 01010111100110:1 10000000000000:2491 10100111010011:1 10101001001110:1 10101001110010:1 10101010000010:2 10101010001000:1 10101010010000:1 10101010010001:1 10101010010011:1 10101010010101:2 10101010011000:1 10101010011001:1 10101010011011:2 10101010011100:1 10101010011111:4 10101010100000:5 10101010100001:1 10101010100010:4 10101010100011:6 10101010100100:6 10101010100101:3 10101010100110:6 10101010100111:13 10101010101000:38 10101010101001:62 10101010101010:404 10101010101011:1689 10101010101100:96 10101010101101:35 10101010101110:27 10101010101111:14 10101010110000:7 10101010110001:6 10101010110010:3 10101010110011:2 10101010110100:1 10101010110101:1 10101010110110:1 10101010111000:2 10101010111001:2 10101010111010:1 10101010111110:1 10101011000000:1 10101011010000:1 10101011010101:1 10110001011000:1 11010011110111:1 11010100010001:1 11010100100100:1 11010100101011:1 11010100101101:1 11010100101111:1 11010100110001:1 11010100110010:1 11010100110100:1 11010100111001:1 11010101000001:1 11010101000011:1 11010101000100:2 11010101000110:4 11010101001000:2 11010101001010:4 11010101001011:3 11010101001100:1 11010101001101:3 11010101001110:4 11010101001111:4 11010101010000:5 11010101010001:10 11010101010010:12 11010101010011:34 11010101010100:118 11010101010101:1690 11010101010110:444 11010101010111:65 11010101011000:26 11010101011001:20 11010101011010:8 11010101011011:3 11010101011100:3 11010101011101:4 11010101011110:1 11010101011111:1 11010101100000:2 11010101100001:3 11010101100101:2 11010101100111:2 11010101101000:1 11010101101001:1 11010101101011:1 11010101110011:1 11010101110111:1 11010110000001:1 11010110101000:1 }

V100
	Command being timed: "python3 shor.py 14"
	User time (seconds): 5.34
	System time (seconds): 0.93
	Percent of CPU this job got: 95%
	Elapsed (wall clock) time (h:mm:ss or m:ss): 0:06.58
	Average shared text size (kbytes): 0
	Average unshared data size (kbytes): 0
	Average stack size (kbytes): 0
	Average total size (kbytes): 0
	Maximum resident set size (kbytes): 978820
	Average resident set size (kbytes): 0
	Major (requiring I/O) page faults: 0
	Minor (reclaiming a frame) page faults: 239405
	Voluntary context switches: 6162
	Involuntary context switches: 107
	Swaps: 0
	File system inputs: 0
	File system outputs: 16
	Socket messages sent: 0
	Socket messages received: 0
	Signals delivered: 0
	Page size (bytes): 4096
	Exit status: 0
Measurement results for a=5 and N=21 with 14 qubits in the control register 
{ 00000000000000:2556 00101000111001:1 00101001010011:1 00101001101000:1 00101001101100:1 00101001101111:1 00101001111111:1 00101010001101:1 00101010011011:3 00101010011100:1 00101010011111:2 00101010100000:1 00101010100001:1 00101010100010:2 00101010100011:5 00101010100100:4 00101010100101:4 00101010100110:6 00101010100111:21 00101010101000:34 00101010101001:57 00101010101010:423 00101010101011:1758 00101010101100:107 00101010101101:25 00101010101110:16 00101010101111:11 00101010110000:9 00101010110001:5 00101010110010:2 00101010110011:3 00101010110100:6 00101010110101:2 00101010110111:2 00101010111110:1 00101010111111:1 00101011000001:2 00101011001000:1 00101011001011:1 00101011001100:2 01000110000111:1 01001000111100:1 01010001001111:1 01010011010110:1 01010011110100:1 01010100101101:1 01010100101110:1 01010101000011:1 01010101000100:2 01010101001000:4 01010101001001:1 01010101001010:2 01010101001011:3 01010101001100:2 01010101001101:5 01010101001110:2 01010101001111:2 01010101010000:3 01010101010001:18 01010101010010:14 01010101010011:37 01010101010100:107 01010101010101:1682 01010101010110:432 01010101010111:78 01010101011000:35 01010101011001:13 01010101011010:3 01010101011011:11 01010101011100:2 01010101011101:2 01010101011110:2 01010101011111:3 01010101100000:2 01010101100001:2 01010101100010:3 01010101100100:1 01010101100111:1 01010101101000:1 01010101101100:1 01010101101110:1 01010101110000:1 01010111001001:1 01010111001100:1 10000000000000:2473 10101001100000:1 10101001111101:1 10101010000001:1 10101010000010:1 10101010000111:1 10101010001101:1 10101010001110:1 10101010001111:1 10101010010001:1 10101010011011:1 10101010011101:1 10101010011111:1 10101010100000:1 10101010100001:1 10101010100010:4 10101010100011:2 10101010100100:3 10101010100101:11 10101010100110:10 10101010100111:13 10101010101000:26 10101010101001:61 10101010101010:450 10101010101011:1682 10101010101100:105 10101010101101:40 10101010101110:15 10101010101111:5 10101010110000:9 10101010110001:4 10101010110010:1 10101010110011:5 10101010110100:5 10101010110101:4 10101010110111:3 10101010111000:1 10101010111011:1 10101010111100:2 10101010111101:1 10101011000001:2 10101011000111:1 10101011001100:1 10101100011101:1 10101100100100:1 10101101000100:1 11010100011100:1 11010100100001:1 11010100110011:1 11010100110100:1 11010100111100:2 11010101000001:1 11010101000010:2 11010101000011:1 11010101000100:1 11010101000111:1 11010101001001:1 11010101001010:3 11010101001011:2 11010101001100:1 11010101001101:5 11010101001110:3 11010101001111:4 11010101010000:6 11010101010001:6 11010101010010:15 11010101010011:31 11010101010100:101 11010101010101:1717 11010101010110:413 11010101010111:65 11010101011000:27 11010101011001:17 11010101011010:12 11010101011011:5 11010101011100:4 11010101011101:2 11010101011110:1 11010101011111:3 11010101100000:2 11010101100011:2 11010101100100:1 11010101100101:1 11010101100111:1 11010101101000:1 11010101101111:1 11010101110111:2 11010101111100:1 11010101111101:1 11010101111110:1 11010110011000:1 11010111100011:1 11010111110100:1 11011011010001:1 }

V100
	Command being timed: "python3 shor.py 14"
	User time (seconds): 5.37
	System time (seconds): 0.86
	Percent of CPU this job got: 96%
	Elapsed (wall clock) time (h:mm:ss or m:ss): 0:06.47
	Average shared text size (kbytes): 0
	Average unshared data size (kbytes): 0
	Average stack size (kbytes): 0
	Average total size (kbytes): 0
	Maximum resident set size (kbytes): 979452
	Average resident set size (kbytes): 0
	Major (requiring I/O) page faults: 0
	Minor (reclaiming a frame) page faults: 239880
	Voluntary context switches: 3638
	Involuntary context switches: 114
	Swaps: 0
	File system inputs: 0
	File system outputs: 16
	Socket messages sent: 0
	Socket messages received: 0
	Signals delivered: 0
	Page size (bytes): 4096
	Exit status: 0
Measurement results for a=5 and N=21 with 14 qubits in the control register 
{ 00000000000000:2543 00100001011010:1 00101001101000:1 00101001101110:1 00101001111111:1 00101010000001:1 00101010000100:2 00101010000110:1 00101010010001:1 00101010010110:2 00101010010111:1 00101010011010:1 00101010011100:1 00101010011101:1 00101010011110:1 00101010011111:3 00101010100000:2 00101010100001:4 00101010100010:4 00101010100011:4 00101010100100:5 00101010100101:3 00101010100110:5 00101010100111:19 00101010101000:30 00101010101001:70 00101010101010:381 00101010101011:1702 00101010101100:92 00101010101101:36 00101010101110:13 00101010101111:8 00101010110000:10 00101010110001:4 00101010110010:2 00101010110011:2 00101010110100:5 00101010110101:1 00101010110110:2 00101010111000:2 00101010111001:1 00101010111100:1 00101010111111:1 00101011000000:1 00101011000001:1 00101011000111:1 00101011001001:1 00101011001011:1 00101011010101:2 00101011111110:1 00110100010110:1 01010010000111:1 01010011111000:2 01010100001011:1 01010100010101:1 01010100111011:1 01010100111111:1 01010101000000:1 01010101000110:1 01010101001001:1 01010101001010:5 01010101001011:3 01010101001101:5 01010101001110:2 01010101001111:4 01010101010000:6 01010101010001:12 01010101010010:18 01010101010011:37 01010101010100:100 01010101010101:1646 01010101010110:450 01010101010111:64 01010101011000:31 01010101011001:17 01010101011010:6 01010101011011:7 01010101011100:5 01010101011110:2 01010101011111:1 01010101100000:1 01010101100010:3 01010101100011:3 01010101100101:2 01010101101000:1 01010101101011:1 01010101101110:2 01010101101111:1 01010101110001:1 01010101111110:1 01010110000101:1 01010110010000:1 01010110010001:1 10000000000000:2534 10100010011010:1 10101001100011:1 10101010010101:2 10101010011000:2 10101010011011:1 10101010011110:2 10101010100000:3 10101010100001:4 10101010100010:3 10101010100011:1 10101010100100:4 10101010100101:4 10101010100110:12 10101010100111:17 10101010101000:28 10101010101001:70 10101010101010:444 10101010101011:1743 10101010101100:106 10101010101101:40 10101010101110:27 10101010101111:14 10101010110000:9 10101010110001:2 10101010110010:3 10101010110011:2 10101010110100:2 10101010110101:1 10101010110111:2 10101010111000:2 10101010111001:2 10101010111100:1 10101010111110:1 10101011000011:1 10101011000101:1 10101011010010:1 10101100110010:1 10101110010000:1 10101110101110:1 11010011010001:1 11010100100110:1 11010100100111:1 11010100110101:1 11010100110111:1 11010100111000:1 11010100111010:1 11010101000001:2 11010101000010:1 11010101000100:1 11010101000101:1 11010101001001:1 11010101001010:1 11010101001011:1 11010101001110:4 11010101001111:8 11010101010000:7 11010101010001:4 11010101010010:14 11010101010011:38 11010101010100:99 11010101010101:1710 11010101010110:416 11010101010111:69 11010101011000:32 11010101011001:13 11010101011010:7 11010101011011:8 11010101011100:3 11010101011101:4 11010101011110:1 11010101011111:2 11010101100000:1 11010101100010:3 11010101100011:2 11010101100101:1 11010101101100:2 11010101101110:1 11010101110001:1 11010101110010:1 11010101110100:1 11010101111000:2 11010101111001:1 11010101111010:1 11010110000000:1 11010110010110:1 11011010110010:1 }

V100
	Command being timed: "python3 shor.py 14"
	User time (seconds): 5.35
	System time (seconds): 0.86
	Percent of CPU this job got: 96%
	Elapsed (wall clock) time (h:mm:ss or m:ss): 0:06.43
	Average shared text size (kbytes): 0
	Average unshared data size (kbytes): 0
	Average stack size (kbytes): 0
	Average total size (kbytes): 0
	Maximum resident set size (kbytes): 982944
	Average resident set size (kbytes): 0
	Major (requiring I/O) page faults: 0
	Minor (reclaiming a frame) page faults: 240162
	Voluntary context switches: 3639
	Involuntary context switches: 110
	Swaps: 0
	File system inputs: 0
	File system outputs: 16
	Socket messages sent: 0
	Socket messages received: 0
	Signals delivered: 0
	Page size (bytes): 4096
	Exit status: 0
Measurement results for a=5 and N=21 with 14 qubits in the control register 
{ 00000000000000:2598 00100111100011:1 00101000100010:1 00101001101100:1 00101010001011:2 00101010010011:1 00101010010110:1 00101010010111:1 00101010011000:1 00101010011011:1 00101010011110:3 00101010100000:3 00101010100001:2 00101010100010:3 00101010100011:2 00101010100100:6 00101010100101:9 00101010100110:7 00101010100111:17 00101010101000:20 00101010101001:71 00101010101010:468 00101010101011:1713 00101010101100:93 00101010101101:34 00101010101110:18 00101010101111:8 00101010110000:4 00101010110001:3 00101010110010:3 00101010110011:4 00101010110100:2 00101010110101:1 00101010110110:1 00101010110111:1 00101010111001:3 00101010111010:1 00101010111011:1 00101010111100:1 00101010111111:1 00101011000010:1 00101011000110:1 00101011000111:1 00101011011100:1 00101011011101:1 00101011011110:1 00101011100010:1 00101011100111:1 00101011101011:1 00111001010000:1 01010011110000:1 01010100000011:1 01010100000110:1 01010100010100:1 01010100011110:1 01010100100001:1 01010100110101:1 01010101000001:1 01010101000010:1 01010101000100:1 01010101000101:1 01010101000110:1 01010101000111:2 01010101001000:2 01010101001010:3 01010101001011:1 01010101001100:5 01010101001101:1 01010101001110:1 01010101001111:5 01010101010000:11 01010101010001:6 01010101010010:15 01010101010011:39 01010101010100:99 01010101010101:1672 01010101010110:433 01010101010111:77 01010101011000:18 01010101011001:10 01010101011010:11 01010101011011:7 01010101011100:3 01010101011101:2 01010101011111:1 01010101100000:2 01010101100001:4 01010101100010:4 01010101100011:1 01010101100100:3 01010101100101:2 01010101100110:1 01010101101101:1 01010101101110:1 01010101111011:1 01010101111110:1 01010110001010:1 01010110010001:1 10000000000000:2468 10011110100100:1 10100001001001:1 10101001110001:2 10101001110100:1 10101001111010:1 10101010001000:1 10101010001100:1 10101010001110:1 10101010010000:1 10101010010010:2 10101010011000:1 10101010011100:1 10101010011101:1 10101010011110:1 10101010011111:2 10101010100000:1 10101010100010:2 10101010100011:7 10101010100100:11 10101010100101:5 10101010100110:10 10101010100111:12 10101010101000:22 10101010101001:64 10101010101010:408 10101010101011:1631 10101010101100:105 10101010101101:30 10101010101110:14 10101010101111:10 10101010110000:3 10101010110001:4 10101010110011:2 10101010110100:1 10101010110101:1 10101010110111:3 10101010111000:5 10101010111001:1 10101010111010:1 10101010111011:1 10101010111100:3 10101010111101:1 10101011000000:1 10101011000010:1 10101011000111:1 10101011001111:1 10101011010010:2 10101011010100:1 10101011011100:1 10101011011101:1 10101011100011:1 10101100110110:1 10101101001100:1 11010011100000:1 11010011100111:1 11010100000000:1 11010100000001:1 11010100011011:1 11010100100111:1 11010100111000:1 11010100111010:1 11010100111111:1 11010101000001:1 11010101000100:2 11010101001000:1 11010101001001:3 11010101001010:3 11010101001011:1 11010101001101:4 11010101001111:6 11010101010000:5 11010101010001:7 11010101010010:17 11010101010011:38 11010101010100:110 11010101010101:1762 11010101010110:436 11010101010111:71 11010101011000:31 11010101011001:13 11010101011010:6 11010101011011:6 11010101011100:3 11010101011101:3 11010101011111:3 11010101100000:2 11010101100001:2 11010101100011:2 11010101100100:3 11010101100101:2 11010101100110:1 11010101101011:2 11010101101110:1 11010101110111:1 11010101111000:1 11010101111100:1 11010110000111:1 11010110110010:1 11010111101011:1 11010111110111:1 11100001011000:1 }

V100
	Command being timed: "python3 shor.py 14"
	User time (seconds): 5.35
	System time (seconds): 0.86
	Percent of CPU this job got: 97%
	Elapsed (wall clock) time (h:mm:ss or m:ss): 0:06.41
	Average shared text size (kbytes): 0
	Average unshared data size (kbytes): 0
	Average stack size (kbytes): 0
	Average total size (kbytes): 0
	Maximum resident set size (kbytes): 980560
	Average resident set size (kbytes): 0
	Major (requiring I/O) page faults: 0
	Minor (reclaiming a frame) page faults: 239823
	Voluntary context switches: 3645
	Involuntary context switches: 116
	Swaps: 0
	File system inputs: 0
	File system outputs: 16
	Socket messages sent: 0
	Socket messages received: 0
	Signals delivered: 0
	Page size (bytes): 4096
	Exit status: 0
Measurement results for a=5 and N=21 with 14 qubits in the control register 
{ 00000000000000:2488 00100111011011:1 00101001110111:1 00101010001000:1 00101010010000:1 00101010010110:1 00101010010111:1 00101010011011:1 00101010011101:1 00101010011110:1 00101010011111:2 00101010100000:5 00101010100001:2 00101010100010:4 00101010100011:5 00101010100100:3 00101010100101:9 00101010100110:10 00101010100111:17 00101010101000:19 00101010101001:74 00101010101010:400 00101010101011:1727 00101010101100:110 00101010101101:37 00101010101110:21 00101010101111:12 00101010110000:5 00101010110001:6 00101010110010:4 00101010110011:3 00101010110100:2 00101010110101:2 00101010110110:1 00101010110111:1 00101010111001:2 00101010111100:2 00101011000100:1 00101011001000:1 00101011101010:1 00101011101011:1 00101100001001:1 00101100010111:1 00110000011000:1 01000110110100:1 01010011111101:1 01010100011010:1 01010100011100:1 01010100101010:1 01010100101111:1 01010100110101:1 01010100111000:2 01010101000100:1 01010101000110:1 01010101001000:1 01010101001001:2 01010101001010:3 01010101001011:2 01010101001100:1 01010101001101:2 01010101001110:2 01010101001111:5 01010101010000:3 01010101010001:13 01010101010010:19 01010101010011:32 01010101010100:92 01010101010101:1771 01010101010110:447 01010101010111:57 01010101011000:25 01010101011001:15 01010101011010:10 01010101011011:4 01010101011100:3 01010101011101:2 01010101011110:2 01010101011111:1 01010101100000:3 01010101100001:2 01010101100011:2 01010101100101:1 01010101101001:1 01010101101010:1 01010101101100:2 01010101101110:1 01010101110001:1 01010101110010:1 01010101110101:1 01010111010100:1 10000000000000:2536 10100111011001:1 10101001110111:1 10101001111011:1 10101010001000:1 10101010010011:2 10101010010110:3 10101010011000:1 10101010011011:1 10101010011100:1 10101010011101:2 10101010011110:2 10101010011111:1 10101010100000:3 10101010100001:2 10101010100010:1 10101010100011:7 10101010100100:2 10101010100101:8 10101010100110:10 10101010100111:15 10101010101000:29 10101010101001:63 10101010101010:457 10101010101011:1638 10101010101100:105 10101010101101:33 10101010101110:13 10101010101111:12 10101010110000:5 10101010110001:4 10101010110010:9 10101010110011:4 10101010110100:3 10101010110101:3 10101010110110:2 10101010110111:1 10101010111000:1 10101010111100:2 10101010111101:1 10101011000000:1 10101011000010:1 10101011000011:1 10101011001001:1 10101011001011:1 10101011001101:1 10101011001111:1 10101011010011:1 10101011010101:1 10101101111000:1 11010010011010:1 11010100101000:1 11010100101010:1 11010100110100:1 11010100110101:1 11010100111011:1 11010100111100:1 11010101000001:1 11010101000101:1 11010101000110:1 11010101000111:2 11010101001001:1 11010101001010:1 11010101001011:1 11010101001100:2 11010101001101:3 11010101001110:2 11010101001111:1 11010101010000:5 11010101010001:10 11010101010010:15 11010101010011:28 11010101010100:113 11010101010101:1729 11010101010110:401 11010101010111:63 11010101011000:20 11010101011001:16 11010101011010:11 11010101011011:2 11010101011100:2 11010101011101:4 11010101011110:1 11010101011111:2 11010101100000:3 11010101100001:1 11010101100010:2 11010101100011:1 11010101100100:2 11010101100101:1 11010101100110:2 11010101100111:2 11010101101000:1 11010101101001:1 11010101101010:1 11010101101011:2 11010101101111:2 11010101110010:1 11010101111110:1 11010110000101:1 11010110100100:1 11010110100101:1 11011000001101:1 11011101100010:1 }

V100
	Command being timed: "python3 shor.py 14"
	User time (seconds): 5.34
	System time (seconds): 0.87
	Percent of CPU this job got: 96%
	Elapsed (wall clock) time (h:mm:ss or m:ss): 0:06.43
	Average shared text size (kbytes): 0
	Average unshared data size (kbytes): 0
	Average stack size (kbytes): 0
	Average total size (kbytes): 0
	Maximum resident set size (kbytes): 982640
	Average resident set size (kbytes): 0
	Major (requiring I/O) page faults: 0
	Minor (reclaiming a frame) page faults: 240619
	Voluntary context switches: 3638
	Involuntary context switches: 112
	Swaps: 0
	File system inputs: 0
	File system outputs: 16
	Socket messages sent: 0
	Socket messages received: 0
	Signals delivered: 0
	Page size (bytes): 4096
	Exit status: 0
Measurement results for a=5 and N=21 with 14 qubits in the control register 
{ 00000000000000:2437 00100110000110:1 00100111100110:1 00101000111110:1 00101001101101:1 00101001111001:1 00101001111100:1 00101010010011:1 00101010010100:1 00101010011000:1 00101010011001:1 00101010011010:2 00101010011011:1 00101010011100:1 00101010100000:1 00101010100001:2 00101010100010:2 00101010100011:2 00101010100100:5 00101010100101:10 00101010100110:7 00101010100111:17 00101010101000:22 00101010101001:66 00101010101010:416 00101010101011:1726 00101010101100:109 00101010101101:37 00101010101110:15 00101010101111:8 00101010110000:5 00101010110001:2 00101010110010:5 00101010110011:1 00101010110100:1 00101010110101:1 00101010110110:1 00101010111000:2 00101010111100:1 00101010111101:1 00101011000001:1 00101011000100:1 00101011000101:1 00101011000110:1 00101011001000:1 00101011001001:1 00101011010010:1 00101100000001:1 00101100011111:1 00101101000011:1 00111000100011:1 00111100010010:1 01000011110111:1 01010011100010:1 01010100000110:1 01010100010001:1 01010100011111:1 01010100100001:1 01010100110000:1 01010100111101:1 01010101000000:2 01010101000010:1 01010101000101:1 01010101000110:2 01010101001000:1 01010101001001:1 01010101001010:1 01010101001011:1 01010101001100:2 01010101001110:2 01010101001111:7 01010101010000:4 01010101010001:7 01010101010010:13 01010101010011:33 01010101010100:105 01010101010101:1761 01010101010110:444 01010101010111:70 01010101011000:31 01010101011001:23 01010101011010:10 01010101011011:10 01010101011100:6 01010101011101:5 01010101011110:2 01010101100000:3 01010101100001:1 01010101100010:3 01010101100011:2 01010101100100:1 01010101100111:2 01010101101001:1 01010101110010:1 01010110000011:2 01010110010000:1 01010110100010:1 10000000000000:2470 10101000010010:1 10101001111101:2 10101001111111:1 10101010000001:1 10101010000100:1 10101010001101:1 10101010010000:1 10101010010101:2 10101010011001:1 10101010011100:2 10101010011101:1 10101010011110:1 10101010100000:1 10101010100001:5 10101010100010:2 10101010100011:3 10101010100100:7 10101010100101:8 10101010100110:7 10101010100111:17 10101010101000:29 10101010101001:76 10101010101010:422 10101010101011:1683 10101010101100:112 10101010101101:39 10101010101110:19 10101010101111:10 10101010110000:8 10101010110001:8 10101010110010:6 10101010110011:7 10101010110100:2 10101010110101:2 10101010110111:2 10101010111000:1 10101010111001:2 10101010111111:1 10101011000010:1 10101011000101:1 10101011001000:1 10101011100010:1 10101011100100:1 10101100110100:1 10101101100011:1 11010010010001:1 11010100000111:1 11010100010100:1 11010100101100:1 11010100110101:1 11010100111011:1 11010100111111:2 11010101000001:1 11010101000010:1 11010101000101:2 11010101000111:1 11010101001000:1 11010101001001:1 11010101001010:4 11010101001011:2 11010101001100:1 11010101001101:2 11010101001110:4 11010101001111:1 11010101010000:4 11010101010001:10 11010101010010:21 11010101010011:39 11010101010100:97 11010101010101:1705 11010101010110:463 11010101010111:70 11010101011000:29 11010101011001:14 11010101011010:14 11010101011011:8 11010101011100:2 11010101011101:3 11010101011110:3 11010101100000:2 11010101100001:1 11010101100010:1 11010101100011:2 11010101100110:3 11010101100111:1 11010101101001:1 11010101101110:1 11010101110100:1 11010101110110:1 11010101111100:1 11010101111101:1 11010110101001:1 11010110111110:1 11011010100110:1 }

V100
	Command being timed: "python3 shor.py 14"
	User time (seconds): 5.34
	System time (seconds): 0.88
	Percent of CPU this job got: 96%
	Elapsed (wall clock) time (h:mm:ss or m:ss): 0:06.43
	Average shared text size (kbytes): 0
	Average unshared data size (kbytes): 0
	Average stack size (kbytes): 0
	Average total size (kbytes): 0
	Maximum resident set size (kbytes): 979740
	Average resident set size (kbytes): 0
	Major (requiring I/O) page faults: 0
	Minor (reclaiming a frame) page faults: 239169
	Voluntary context switches: 3636
	Involuntary context switches: 112
	Swaps: 0
	File system inputs: 0
	File system outputs: 16
	Socket messages sent: 0
	Socket messages received: 0
	Signals delivered: 0
	Page size (bytes): 4096
	Exit status: 0
Measurement results for a=5 and N=21 with 14 qubits in the control register 
{ 00000000000000:2473 00011100000000:1 00100101101111:1 00101001000010:1 00101001011000:1 00101001100100:1 00101001100111:1 00101001101101:1 00101001111000:1 00101010001100:1 00101010001101:2 00101010010101:2 00101010011000:1 00101010011001:2 00101010011011:1 00101010011100:1 00101010011101:1 00101010011110:4 00101010011111:2 00101010100010:3 00101010100011:1 00101010100100:6 00101010100101:8 00101010100110:10 00101010100111:10 00101010101000:21 00101010101001:91 00101010101010:439 00101010101011:1726 00101010101100:101 00101010101101:30 00101010101110:11 00101010101111:5 00101010110000:9 00101010110001:6 00101010110010:6 00101010110011:4 00101010110100:3 00101010110101:2 00101010110110:2 00101010110111:1 00101010111000:1 00101010111001:1 00101010111100:2 00101010111101:3 00101010111110:1 00101010111111:1 00101011000000:2 00101011000101:1 00101011001101:1 00101011001111:1 00101011010011:1 00101011010101:1 00101011110100:1 00101100010110:1 00101110110101:1 00101111101110:1 01010010111100:1 01010011010001:1 01010100011010:1 01010100100101:1 01010100110101:1 01010100110110:1 01010100111010:1 01010100111100:1 01010101000100:1 01010101000101:1 01010101000110:2 01010101000111:1 01010101001001:1 01010101001010:3 01010101001011:4 01010101001100:5 01010101001101:2 01010101001110:3 01010101001111:5 01010101010000:7 01010101010001:9 01010101010010:18 01010101010011:40 01010101010100:108 01010101010101:1749 01010101010110:428 01010101010111:69 01010101011000:28 01010101011001:20 01010101011010:11 01010101011011:6 01010101011100:1 01010101011101:3 01010101011110:5 01010101011111:3 01010101100000:1 01010101100001:1 01010101100010:1 01010101100011:3 01010101100100:1 01010101100101:1 01010101100110:1 01010101100111:1 01010101101010:1 01010101101011:2 01010101101110:1 01010101110001:1 01010101111100:1 01010110000000:1 01010110000100:1 01010110000110:1 01010110001100:1 01010110010001:1 01010110010010:1 01010111011011:1 01100000111001:1 10000000000000:2492 10101000101000:1 10101001011100:1 10101010000000:1 10101010000111:1 10101010001110:1 10101010010101:1 10101010010110:2 10101010011000:1 10101010011001:1 10101010011010:2 10101010011011:2 10101010011100:3 10101010011101:2 10101010100000:3 10101010100010:1 10101010100011:1 10101010100100:2 10101010100101:4 10101010100110:2 10101010100111:11 10101010101000:27 10101010101001:73 10101010101010:430 10101010101011:1694 10101010101100:96 10101010101101:35 10101010101110:17 10101010101111:4 10101010110000:5 10101010110001:3 10101010110010:3 10101010110011:3 10101010110100:2 10101010110101:3 10101010110110:1 10101010110111:2 10101010111000:1 10101010111001:1 10101010111010:2 10101010111011:1 10101010111110:1 10101011000010:1 10101011000110:1 10101011000111:1 10101011001000:1 10101011001010:1 10101011001011:1 10101011001100:1 10101011001110:1 10101011010101:1 10101011100010:1 10101011100111:1 10101111010101:1 10110010001101:1 11010000111000:1 11010011000000:1 11010011010111:1 11010011110111:1 11010100011111:1 11010100110000:2 11010100110100:1 11010100111100:1 11010101000001:1 11010101000110:2 11010101001000:1 11010101001001:2 11010101001011:2 11010101001100:1 11010101001110:3 11010101001111:4 11010101010000:6 11010101010001:14 11010101010010:11 11010101010011:36 11010101010100:102 11010101010101:1707 11010101010110:414 11010101010111:75 11010101011000:24 11010101011001:16 11010101011010:3 11010101011011:5 11010101011100:4 11010101011101:3 11010101011110:3 11010101011111:2 11010101100000:1 11010101100001:1 11010101100010:2 11010101100011:2 11010101100100:1 11010101100101:1 11010101100111:2 11010101101001:2 11010101101011:2 11010101110001:1 11010101110010:1 11010101111010:1 11010101111100:1 11010111101101:1 11011011111011:1 }

V100
	Command being timed: "python3 shor.py 14"
	User time (seconds): 5.33
	System time (seconds): 0.88
	Percent of CPU this job got: 96%
	Elapsed (wall clock) time (h:mm:ss or m:ss): 0:06.46
	Average shared text size (kbytes): 0
	Average unshared data size (kbytes): 0
	Average stack size (kbytes): 0
	Average total size (kbytes): 0
	Maximum resident set size (kbytes): 979140
	Average resident set size (kbytes): 0
	Major (requiring I/O) page faults: 0
	Minor (reclaiming a frame) page faults: 240331
	Voluntary context switches: 3643
	Involuntary context switches: 111
	Swaps: 0
	File system inputs: 0
	File system outputs: 24
	Socket messages sent: 0
	Socket messages received: 0
	Signals delivered: 0
	Page size (bytes): 4096
	Exit status: 0
Measurement results for a=5 and N=21 with 14 qubits in the control register 
{ 00000000000000:2465 00100001000001:1 00100111111111:1 00101001100001:1 00101001101110:2 00101001110111:1 00101010000001:1 00101010000100:2 00101010000110:1 00101010001001:1 00101010010010:2 00101010010011:1 00101010011010:1 00101010011011:1 00101010011101:1 00101010011110:1 00101010011111:2 00101010100000:2 00101010100001:3 00101010100010:3 00101010100011:5 00101010100100:4 00101010100101:9 00101010100110:4 00101010100111:5 00101010101000:17 00101010101001:75 00101010101010:449 00101010101011:1689 00101010101100:114 00101010101101:38 00101010101110:17 00101010101111:11 00101010110000:5 00101010110001:4 00101010110010:3 00101010110011:8 00101010110100:1 00101010110101:1 00101010110110:1 00101010110111:1 00101010111010:1 00101010111100:1 00101011000010:1 00101011000101:1 00101011001011:2 00101011011000:1 00101011101011:1 00101011110100:1 01010001001111:1 01010010100111:1 01010100000101:1 01010100101011:1 01010100111101:1 01010101000001:1 01010101000011:1 01010101000101:4 01010101001000:1 01010101001001:1 01010101001010:3 01010101001011:4 01010101001100:2 01010101001101:3 01010101001110:3 01010101001111:3 01010101010000:5 01010101010001:11 01010101010010:21 01010101010011:30 01010101010100:89 01010101010101:1733 01010101010110:441 01010101010111:74 01010101011000:23 01010101011001:10 01010101011010:6 01010101011011:5 01010101011100:5 01010101011101:5 01010101011110:3 01010101011111:5 01010101100001:3 01010101100010:2 01010101100100:1 01010101100101:1 01010101101101:2 01010101110101:1 01010101111110:1 01010101111111:1 01010110001001:1 01010110010110:1 01010110011011:1 01010110101100:1 01010110110001:1 01010111001010:1 01011000000111:1 01011000110010:1 01011000111110:1 10000000000000:2504 10101001110001:1 10101001111000:1 10101001111001:1 10101010000001:1 10101010000010:1 10101010000011:2 10101010010101:1 10101010011010:1 10101010011011:1 10101010011101:1 10101010011110:1 10101010011111:3 10101010100000:3 10101010100001:1 10101010100010:4 10101010100011:1 10101010100100:3 10101010100101:7 10101010100110:10 10101010100111:16 10101010101000:25 10101010101001:70 10101010101010:413 10101010101011:1763 10101010101100:103 10101010101101:35 10101010101110:23 10101010101111:11 10101010110000:11 10101010110001:5 10101010110010:2 10101010110011:4 10101010110100:1 10101010110101:1 10101010110110:5 10101010110111:3 10101010111000:1 10101010111011:2 10101010111100:2 10101010111101:1 10101011010000:1 10101011010001:1 10101011100110:1 10101100100111:1 10101111000111:1 11000011000000:1 11001101001101:1 11010010011111:1 11010100101010:1 11010100101111:1 11010100110010:1 11010100111100:1 11010100111110:1 11010101000001:1 11010101000010:1 11010101000011:1 11010101000111:3 11010101001000:1 11010101001001:2 11010101001010:1 11010101001011:2 11010101001100:2 11010101001110:2 11010101001111:7 11010101010000:11 11010101010001:11 11010101010010:19 11010101010011:41 11010101010100:117 11010101010101:1696 11010101010110:400 11010101010111:67 11010101011000:25 11010101011001:11 11010101011010:8 11010101011011:4 11010101011100:2 11010101011101:1 11010101011110:1 11010101011111:1 11010101100000:1 11010101100001:7 11010101100010:2 11010101100011:1 11010101100101:1 11010101100110:1 11010101100111:1 11010101101011:1 11010101101100:2 11010101101110:1 11010101101111:1 11010101111010:1 11010110100010:1 11010110100111:1 11011001011001:1 }

V100
	Command being timed: "python3 shor.py 14"
	User time (seconds): 5.36
	System time (seconds): 0.85
	Percent of CPU this job got: 96%
	Elapsed (wall clock) time (h:mm:ss or m:ss): 0:06.45
	Average shared text size (kbytes): 0
	Average unshared data size (kbytes): 0
	Average stack size (kbytes): 0
	Average total size (kbytes): 0
	Maximum resident set size (kbytes): 980220
	Average resident set size (kbytes): 0
	Major (requiring I/O) page faults: 0
	Minor (reclaiming a frame) page faults: 238604
	Voluntary context switches: 3644
	Involuntary context switches: 112
	Swaps: 0
	File system inputs: 0
	File system outputs: 24
	Socket messages sent: 0
	Socket messages received: 0
	Signals delivered: 0
	Page size (bytes): 4096
	Exit status: 0
Measurement results for a=5 and N=21 with 14 qubits in the control register 
{ 00000000000000:2541 00100111011010:1 00101001011001:1 00101001100011:1 00101001101110:1 00101010000111:1 00101010001111:1 00101010010000:1 00101010010011:1 00101010011110:1 00101010011111:4 00101010100000:1 00101010100001:2 00101010100010:2 00101010100011:6 00101010100100:5 00101010100101:10 00101010100110:6 00101010100111:15 00101010101000:31 00101010101001:80 00101010101010:426 00101010101011:1720 00101010101100:96 00101010101101:29 00101010101110:18 00101010101111:14 00101010110000:6 00101010110001:5 00101010110010:7 00101010110100:2 00101010110101:3 00101010110110:3 00101010110111:3 00101010111001:3 00101010111011:1 00101010111100:1 00101011000000:2 00101011000010:1 00101011000011:1 00101011000100:1 00101011000101:1 00101011001010:1 00101011010101:1 00101011101110:1 00101100010000:1 00101101001010:1 00101101010011:1 01010011110110:1 01010011111101:1 01010100100001:1 01010100110101:1 01010100110110:2 01010100111010:1 01010100111100:2 01010101000010:1 01010101000011:3 01010101001010:1 01010101001011:2 01010101001100:3 01010101001101:2 01010101001110:2 01010101001111:8 01010101010000:10 01010101010001:10 01010101010010:19 01010101010011:35 01010101010100:121 01010101010101:1674 01010101010110:402 01010101010111:53 01010101011000:26 01010101011001:15 01010101011010:8 01010101011011:9 01010101011100:5 01010101011101:4 01010101011110:1 01010101100000:1 01010101100001:1 01010101100010:4 01010101100100:2 01010101100101:1 01010101100111:1 01010101101000:1 01010101101111:1 01010101110111:1 01010101111000:1 01010101111011:1 01010110100000:1 01010110111010:1 01011000111110:1 01011110111001:1 10000000000000:2467 10011110000011:1 10100010001111:1 10101001100010:1 10101001111001:1 10101001111010:1 10101010001110:1 10101010010001:1 10101010010010:1 10101010010101:1 10101010011000:1 10101010011010:1 10101010011011:1 10101010011100:1 10101010011101:1 10101010100000:5 10101010100001:2 10101010100010:4 10101010100011:2 10101010100100:6 10101010100101:6 10101010100110:10 10101010100111:17 10101010101000:26 10101010101001:69 10101010101010:471 10101010101011:1710 10101010101100:115 10101010101101:36 10101010101110:17 10101010101111:12 10101010110000:5 10101010110001:3 10101010110010:6 10101010110101:1 10101010110110:1 10101010111000:1 10101010111001:3 10101010111111:1 10101011000000:2 10101011000010:1 10101011001110:1 10101011010000:1 10101011010101:1 10101011011110:1 10101011101001:1 10101011101011:1 11010010111111:1 11010100010100:1 11010100111000:1 11010100111101:1 11010100111111:1 11010101000001:2 11010101000011:1 11010101000100:2 11010101000101:1 11010101000110:1 11010101001000:2 11010101001011:2 11010101001100:2 11010101001101:1 11010101001110:4 11010101001111:3 11010101010000:12 11010101010001:12 11010101010010:23 11010101010011:35 11010101010100:96 11010101010101:1725 11010101010110:376 11010101010111:75 11010101011000:31 11010101011001:11 11010101011010:12 11010101011011:4 11010101011100:2 11010101011101:3 11010101011110:3 11010101011111:7 11010101100000:4 11010101100010:1 11010101100011:2 11010101100100:1 11010101101000:1 11010101101010:3 11010101101110:1 11010101110000:1 11010101110011:1 11010101111001:1 11010110000010:1 11010110011000:1 11010111001001:1 11010111010101:1 11010111101111:1 11011000111100:1 11011011011100:1 11011110000100:1 11110110010010:1 }

V100
	Command being timed: "python3 shor.py 14"
	User time (seconds): 5.31
	System time (seconds): 0.90
	Percent of CPU this job got: 96%
	Elapsed (wall clock) time (h:mm:ss or m:ss): 0:06.42
	Average shared text size (kbytes): 0
	Average unshared data size (kbytes): 0
	Average stack size (kbytes): 0
	Average total size (kbytes): 0
	Maximum resident set size (kbytes): 978248
	Average resident set size (kbytes): 0
	Major (requiring I/O) page faults: 0
	Minor (reclaiming a frame) page faults: 239842
	Voluntary context switches: 3655
	Involuntary context switches: 112
	Swaps: 0
	File system inputs: 0
	File system outputs: 24
	Socket messages sent: 0
	Socket messages received: 0
	Signals delivered: 0
	Page size (bytes): 4096
	Exit status: 0
