WARNING: overwriting environment variables set in the machine
overwriting variable ['LD_LIBRARY_PATH']
Measurement results for a=5 and N=21 with 12 qubits in the control register 
{ 000000000000:2528 000111110101:1 001001011000:1 001001011100:1 001001011101:1 001001111111:1 001010000111:1 001010001010:1 001010010111:1 001010011001:1 001010011010:1 001010011100:1 001010011101:1 001010100000:4 001010100001:1 001010100010:3 001010100011:3 001010100100:3 001010100101:4 001010100110:11 001010100111:7 001010101000:28 001010101001:66 001010101010:429 001010101011:1761 001010101100:95 001010101101:36 001010101110:11 001010101111:17 001010110000:2 001010110001:2 001010110011:8 001010110100:1 001010110101:1 001010110110:4 001010110111:1 001010111000:1 001010111011:2 001010111101:1 001010111111:1 001011000000:2 001011000011:1 001011001101:1 001011001111:1 001011010100:1 001011011010:1 001011101011:1 001011110111:1 001100000111:1 001100010010:1 010011111111:1 010100100101:1 010100100110:1 010100101000:1 010100111000:1 010101000000:1 010101000011:1 010101001001:1 010101001011:1 010101001100:1 010101001101:1 010101001110:3 010101001111:9 010101010000:6 010101010001:14 010101010010:11 010101010011:41 010101010100:125 010101010101:1682 010101010110:432 010101010111:60 010101011000:31 010101011001:17 010101011010:7 010101011011:1 010101011100:7 010101011101:1 010101011111:3 010101100000:1 010101100001:1 010101100010:1 010101100011:1 010101100100:2 010101100101:1 010101101001:1 010101101100:2 010101101111:1 010101110000:1 010101110010:1 010101110101:1 010101111001:1 010101111011:1 010101111100:1 010111010001:1 010111011111:1 010111101110:1 011001010110:1 100000000000:2441 101001101011:1 101001110010:1 101001110100:1 101001111011:1 101001111111:1 101010000010:1 101010001000:1 101010010000:2 101010010001:1 101010010010:1 101010010011:1 101010010100:1 101010010110:1 101010011001:1 101010011010:2 101010011011:1 101010011111:1 101010100000:1 101010100001:3 101010100010:3 101010100011:2 101010100100:1 101010100101:2 101010100110:11 101010100111:11 101010101000:28 101010101001:93 101010101010:430 101010101011:1765 101010101100:113 101010101101:29 101010101110:15 101010101111:6 101010110000:6 101010110001:6 101010110011:6 101010110100:1 101010110111:2 101010111010:1 101010111011:1 101010111100:1 101010111101:2 101010111110:1 101011000010:1 101011000100:1 101011000110:1 101011001101:1 101011010111:1 101011011011:1 101011011110:1 101011101001:1 101100011101:1 101101000101:1 110000001010:1 110010010100:1 110011110111:1 110100101010:1 110100110001:1 110100110011:1 110100110101:1 110100111001:1 110100111110:1 110100111111:1 110101000001:2 110101000010:1 110101000101:3 110101000110:1 110101000111:2 110101001001:2 110101001010:5 110101001011:1 110101001100:5 110101001101:5 110101001110:1 110101001111:6 110101010000:5 110101010001:8 110101010010:16 110101010011:34 110101010100:103 110101010101:1707 110101010110:402 110101010111:65 110101011000:27 110101011001:11 110101011010:7 110101011011:3 110101011100:4 110101011101:5 110101011111:2 110101100011:1 110101100101:1 110101101001:1 110101101010:2 110101110001:1 110101111001:1 110110000001:1 110110100011:1 110111101101:1 111000100111:1 }

V100
	Command being timed: "python3 shor.py 12"
	User time (seconds): 2.66
	System time (seconds): 0.77
	Percent of CPU this job got: 90%
	Elapsed (wall clock) time (h:mm:ss or m:ss): 0:03.80
	Average shared text size (kbytes): 0
	Average unshared data size (kbytes): 0
	Average stack size (kbytes): 0
	Average total size (kbytes): 0
	Maximum resident set size (kbytes): 778156
	Average resident set size (kbytes): 0
	Major (requiring I/O) page faults: 0
	Minor (reclaiming a frame) page faults: 122225
	Voluntary context switches: 7517
	Involuntary context switches: 61
	Swaps: 0
	File system inputs: 0
	File system outputs: 16
	Socket messages sent: 0
	Socket messages received: 0
	Signals delivered: 0
	Page size (bytes): 4096
	Exit status: 0
Measurement results for a=5 and N=21 with 12 qubits in the control register 
{ 000000000000:2590 001001011010:2 001001110100:1 001010001011:1 001010010110:1 001010011001:1 001010011100:2 001010011111:2 001010100000:1 001010100001:1 001010100010:4 001010100011:3 001010100100:6 001010100101:7 001010100110:6 001010100111:22 001010101000:33 001010101001:62 001010101010:436 001010101011:1720 001010101100:94 001010101101:31 001010101110:11 001010101111:5 001010110000:8 001010110001:10 001010110010:3 001010110011:2 001010110100:2 001010110101:1 001010110110:1 001010110111:3 001010111000:1 001010111001:1 001010111010:1 001010111100:1 001010111110:3 001011000000:1 001011000010:1 001011100010:1 001011101010:1 001011110110:1 001011111100:1 001100100001:1 010011100011:1 010011111111:1 010100100111:2 010100110011:1 010100110101:1 010100110110:1 010100111010:1 010100111100:1 010100111101:1 010100111110:2 010101000000:1 010101000010:1 010101000101:2 010101000111:1 010101001000:2 010101001001:2 010101001011:3 010101001100:1 010101001101:1 010101001110:10 010101001111:2 010101010000:4 010101010001:20 010101010010:14 010101010011:27 010101010100:103 010101010101:1660 010101010110:445 010101010111:75 010101011000:35 010101011001:15 010101011010:6 010101011011:6 010101011100:2 010101011101:1 010101011110:6 010101011111:4 010101100000:2 010101100010:1 010101100011:1 010101100100:1 010101100101:1 010101100110:1 010101101000:1 010101101100:1 010101101101:1 010101110101:1 010110011101:1 011001011111:1 100000000000:2484 100110000000:1 101000110001:1 101001101100:1 101010000100:1 101010000110:1 101010010011:1 101010010100:1 101010010101:1 101010011001:1 101010011010:2 101010011011:2 101010011101:1 101010011110:1 101010011111:2 101010100000:2 101010100001:2 101010100010:1 101010100011:5 101010100100:4 101010100101:3 101010100110:9 101010100111:12 101010101000:29 101010101001:77 101010101010:454 101010101011:1684 101010101100:120 101010101101:34 101010101110:26 101010101111:4 101010110000:8 101010110001:6 101010110010:4 101010110011:5 101010110100:3 101010110111:4 101010111000:2 101010111010:2 101010111101:1 101010111111:1 101011000000:1 101011000001:1 101011001001:1 101011001010:1 101011111000:1 101101101001:1 101101101110:1 101101110100:1 101110110101:1 110011001110:1 110011110110:1 110100001111:1 110100100101:1 110100111110:2 110101000001:1 110101000100:1 110101000101:2 110101000111:2 110101001000:1 110101001001:1 110101001010:1 110101001011:2 110101001100:3 110101001101:5 110101001110:4 110101001111:5 110101010000:5 110101010001:6 110101010010:22 110101010011:46 110101010100:102 110101010101:1647 110101010110:406 110101010111:67 110101011000:29 110101011001:16 110101011010:11 110101011011:8 110101011100:3 110101011101:5 110101011110:2 110101011111:2 110101100011:1 110101100101:1 110101100110:3 110101101000:1 110101101010:1 110101101100:2 110101101101:1 110101101111:1 110101110001:1 110101111111:1 110110000010:1 110110001001:1 110110001011:1 111000001110:1 }

V100
	Command being timed: "python3 shor.py 12"
	User time (seconds): 2.62
	System time (seconds): 0.77
	Percent of CPU this job got: 92%
	Elapsed (wall clock) time (h:mm:ss or m:ss): 0:03.68
	Average shared text size (kbytes): 0
	Average unshared data size (kbytes): 0
	Average stack size (kbytes): 0
	Average total size (kbytes): 0
	Maximum resident set size (kbytes): 780460
	Average resident set size (kbytes): 0
	Major (requiring I/O) page faults: 0
	Minor (reclaiming a frame) page faults: 124286
	Voluntary context switches: 6135
	Involuntary context switches: 61
	Swaps: 0
	File system inputs: 0
	File system outputs: 24
	Socket messages sent: 0
	Socket messages received: 0
	Signals delivered: 0
	Page size (bytes): 4096
	Exit status: 0
Measurement results for a=5 and N=21 with 12 qubits in the control register 
{ 000000000000:2626 001001010101:1 001001100010:2 001001101111:1 001001111000:1 001001111011:1 001010000000:1 001010000101:1 001010000111:1 001010001100:1 001010011000:1 001010011001:5 001010011010:2 001010011011:1 001010011100:1 001010011101:2 001010011110:1 001010100000:2 001010100001:1 001010100010:2 001010100011:1 001010100100:5 001010100101:7 001010100110:6 001010100111:14 001010101000:15 001010101001:52 001010101010:436 001010101011:1735 001010101100:126 001010101101:32 001010101110:15 001010101111:10 001010110000:9 001010110001:11 001010110010:2 001010110100:3 001010110101:2 001010110110:1 001010110111:1 001010111000:2 001010111001:1 001010111100:1 001010111111:1 001011000001:1 001011000101:1 001011001111:1 001011011111:1 001011101010:1 001011111001:1 001011111111:1 001101101011:1 010000111100:1 010001000010:1 010001111111:1 010010110010:1 010011111100:1 010100001100:1 010100011110:1 010100100001:1 010100101011:1 010100101111:1 010100111001:1 010100111110:1 010101000010:1 010101000110:2 010101000111:2 010101001000:1 010101001001:1 010101001010:1 010101001011:2 010101001100:1 010101001101:3 010101001110:5 010101001111:3 010101010000:9 010101010001:9 010101010010:15 010101010011:39 010101010100:97 010101010101:1674 010101010110:420 010101010111:79 010101011000:36 010101011001:7 010101011010:12 010101011011:3 010101011100:4 010101011101:1 010101011110:1 010101100001:1 010101100010:3 010101100011:1 010101100100:2 010101100101:1 010101100110:2 010101100111:1 010101101000:1 010101111001:1 010101111110:1 010110000001:1 010110000010:1 010111010011:1 011010011011:1 100000000000:2459 101000010001:1 101010010010:1 101010010011:1 101010010101:1 101010011001:1 101010011011:1 101010011100:3 101010011101:1 101010011110:2 101010011111:3 101010100000:3 101010100001:3 101010100010:5 101010100011:3 101010100100:5 101010100101:8 101010100110:7 101010100111:13 101010101000:29 101010101001:63 101010101010:425 101010101011:1716 101010101100:87 101010101101:34 101010101110:20 101010101111:5 101010110000:2 101010110001:3 101010110010:5 101010110011:5 101010110100:3 101010110101:1 101010110111:2 101010111000:1 101010111010:1 101010111100:1 101010111101:1 101010111111:1 101011011011:1 101100011011:1 101110101000:1 110001011100:1 110001101010:1 110011000111:1 110011110001:1 110100100100:1 110100100111:1 110100110100:1 110100110110:1 110100111000:1 110101000000:1 110101000100:1 110101001000:2 110101001001:2 110101001010:2 110101001011:3 110101001100:3 110101001101:6 110101001110:3 110101001111:3 110101010000:8 110101010001:14 110101010010:10 110101010011:34 110101010100:120 110101010101:1673 110101010110:420 110101010111:59 110101011000:25 110101011001:13 110101011010:7 110101011011:10 110101011100:4 110101011101:5 110101011110:2 110101011111:4 110101100000:2 110101100001:3 110101100010:3 110101100011:2 110101100100:1 110101100101:3 110101100110:1 110101110001:1 110101111001:1 110110000101:1 110110110100:1 110111000011:1 }

V100
	Command being timed: "python3 shor.py 12"
	User time (seconds): 2.63
	System time (seconds): 0.70
	Percent of CPU this job got: 94%
	Elapsed (wall clock) time (h:mm:ss or m:ss): 0:03.54
	Average shared text size (kbytes): 0
	Average unshared data size (kbytes): 0
	Average stack size (kbytes): 0
	Average total size (kbytes): 0
	Maximum resident set size (kbytes): 774480
	Average resident set size (kbytes): 0
	Major (requiring I/O) page faults: 0
	Minor (reclaiming a frame) page faults: 124109
	Voluntary context switches: 3614
	Involuntary context switches: 57
	Swaps: 0
	File system inputs: 0
	File system outputs: 24
	Socket messages sent: 0
	Socket messages received: 0
	Signals delivered: 0
	Page size (bytes): 4096
	Exit status: 0
Measurement results for a=5 and N=21 with 12 qubits in the control register 
{ 000000000000:2598 001000100010:1 001001000111:1 001001100110:1 001001111100:1 001010010100:1 001010011010:1 001010011011:1 001010011101:1 001010011111:4 001010100000:3 001010100001:1 001010100010:2 001010100011:2 001010100100:4 001010100101:6 001010100110:8 001010100111:23 001010101000:31 001010101001:81 001010101010:427 001010101011:1741 001010101100:113 001010101101:27 001010101110:16 001010101111:7 001010110000:7 001010110001:7 001010110010:4 001010110011:5 001010110100:3 001010110101:1 001010110110:1 001010110111:1 001010111000:1 001010111001:2 001010111010:1 001010111011:1 001011000010:2 001011000100:2 001011000110:2 001011001000:1 001011001010:1 001011001011:1 001011001100:1 001011001110:1 001011101111:1 001110101001:1 001110101100:1 010011000100:1 010100001000:1 010100010100:1 010100011100:1 010100011110:1 010100101101:1 010100110011:1 010100110111:1 010100111010:1 010101000010:1 010101000110:1 010101000111:1 010101001001:1 010101001011:2 010101001100:2 010101001101:2 010101001110:4 010101001111:5 010101010000:5 010101010001:9 010101010010:19 010101010011:29 010101010100:102 010101010101:1643 010101010110:401 010101010111:62 010101011000:29 010101011001:15 010101011010:9 010101011011:6 010101011100:6 010101011101:3 010101100000:1 010101100001:2 010101100011:1 010101100100:1 010101100101:1 010101100110:1 010101101101:1 010101101110:1 010101101111:1 010101110010:1 010101111110:1 010110000100:1 010110111110:1 010111001100:1 011010101110:1 011111111011:1 100000000000:2515 100100010001:1 101001000000:1 101001111101:1 101010000100:1 101010000110:1 101010010011:1 101010010100:1 101010011000:1 101010011001:2 101010011010:1 101010011011:2 101010011100:2 101010011101:1 101010011111:1 101010100000:4 101010100001:3 101010100010:1 101010100100:4 101010100101:5 101010100110:12 101010100111:16 101010101000:27 101010101001:72 101010101010:461 101010101011:1729 101010101100:107 101010101101:39 101010101110:15 101010101111:11 101010110000:3 101010110001:5 101010110010:3 101010110011:1 101010110100:3 101010110110:2 101010111000:1 101010111100:2 101010111111:1 101011000000:1 101011000001:1 101011000100:1 101011000101:1 101011001001:2 101011001111:1 101011010100:1 101011011001:1 101011011010:1 101011101110:1 101100010110:1 101100011000:1 110010111111:1 110011010101:1 110011100011:1 110011111100:1 110100100100:2 110100110110:1 110100111011:1 110100111110:1 110100111111:1 110101000001:1 110101000011:2 110101000110:2 110101001000:3 110101001001:1 110101001011:2 110101001100:1 110101001101:5 110101001110:3 110101001111:2 110101010000:4 110101010001:10 110101010010:12 110101010011:30 110101010100:80 110101010101:1695 110101010110:393 110101010111:54 110101011000:25 110101011001:15 110101011010:7 110101011011:2 110101011100:7 110101011101:1 110101011110:3 110101011111:2 110101100000:2 110101100001:4 110101100010:1 110101100011:1 110101100110:1 110101100111:2 110101101001:1 110101101010:2 110101101011:1 110101101100:1 110101110010:1 110101111100:1 110110000011:1 110110000111:1 110110010101:1 110110011100:1 110110111001:1 }

V100
	Command being timed: "python3 shor.py 12"
	User time (seconds): 2.62
	System time (seconds): 0.72
	Percent of CPU this job got: 94%
	Elapsed (wall clock) time (h:mm:ss or m:ss): 0:03.54
	Average shared text size (kbytes): 0
	Average unshared data size (kbytes): 0
	Average stack size (kbytes): 0
	Average total size (kbytes): 0
	Maximum resident set size (kbytes): 777912
	Average resident set size (kbytes): 0
	Major (requiring I/O) page faults: 0
	Minor (reclaiming a frame) page faults: 123938
	Voluntary context switches: 3613
	Involuntary context switches: 62
	Swaps: 0
	File system inputs: 0
	File system outputs: 24
	Socket messages sent: 0
	Socket messages received: 0
	Signals delivered: 0
	Page size (bytes): 4096
	Exit status: 0
Measurement results for a=5 and N=21 with 12 qubits in the control register 
{ 000000000000:2488 000011111110:1 000101111000:1 001000011111:1 001001110111:1 001001111110:1 001010010011:1 001010010101:1 001010011000:1 001010011001:2 001010011010:1 001010011100:1 001010011110:1 001010011111:1 001010100000:2 001010100001:3 001010100010:1 001010100011:2 001010100100:5 001010100101:9 001010100110:8 001010100111:14 001010101000:24 001010101001:75 001010101010:428 001010101011:1621 001010101100:104 001010101101:38 001010101110:15 001010101111:9 001010110000:5 001010110001:8 001010110010:8 001010110011:3 001010110100:5 001010110101:4 001010110110:3 001010110111:1 001010111000:2 001010111011:1 001010111101:1 001011000000:1 001011000010:2 001011000011:1 001011001010:1 001011010111:1 001011011111:1 010100001001:1 010100101100:1 010100101111:1 010100110000:2 010100110010:1 010100110100:1 010100110111:1 010100111000:1 010101000001:2 010101000110:1 010101000111:1 010101001000:2 010101001001:1 010101001010:1 010101001101:3 010101001110:3 010101001111:5 010101010000:10 010101010001:6 010101010010:16 010101010011:33 010101010100:124 010101010101:1759 010101010110:424 010101010111:73 010101011000:16 010101011001:14 010101011010:6 010101011011:4 010101011100:4 010101011101:5 010101011110:1 010101011111:3 010101100001:1 010101100011:1 010101100100:1 010101100101:1 010101100110:1 010101101000:1 010101101101:1 010101101110:1 010101101111:1 010101110100:2 010101111000:1 010101111110:1 010110110010:1 010111100010:1 011010111110:1 011011110010:1 100000000000:2512 101000011000:1 101001100001:1 101001111001:1 101010000000:1 101010001000:1 101010001011:1 101010010011:1 101010011000:1 101010011001:1 101010011011:4 101010011101:1 101010011110:2 101010100000:2 101010100001:1 101010100010:4 101010100011:1 101010100100:7 101010100101:6 101010100110:10 101010100111:16 101010101000:28 101010101001:70 101010101010:432 101010101011:1728 101010101100:109 101010101101:37 101010101110:20 101010101111:13 101010110000:4 101010110001:9 101010110010:3 101010110011:1 101010110100:1 101010110101:2 101010110111:1 101010111000:1 101010111010:2 101010111011:1 101010111100:1 101010111101:2 101010111111:2 101011000000:1 101011000011:1 101011000100:1 101011000101:1 101011000111:1 101011001010:1 101011010111:1 101011011110:1 101011101100:1 101100001110:1 101111100100:1 110000010111:1 110001100010:1 110001110001:1 110001111100:1 110100000011:1 110100011011:1 110100100011:1 110100110000:1 110100111000:1 110100111001:1 110100111101:1 110101000010:1 110101000011:2 110101000101:1 110101000110:1 110101001001:1 110101001010:2 110101001011:1 110101001100:2 110101001101:5 110101001110:8 110101001111:6 110101010000:6 110101010001:10 110101010010:14 110101010011:31 110101010100:112 110101010101:1691 110101010110:433 110101010111:72 110101011000:28 110101011001:16 110101011010:3 110101011011:10 110101011100:5 110101011101:7 110101011110:3 110101011111:1 110101100000:2 110101100001:1 110101100100:1 110101100101:1 110101101000:1 110101101110:1 110101110010:1 110101110100:1 110101111110:1 110110011100:1 110110100110:1 110110101110:1 }

V100
	Command being timed: "python3 shor.py 12"
	User time (seconds): 2.64
	System time (seconds): 0.71
	Percent of CPU this job got: 94%
	Elapsed (wall clock) time (h:mm:ss or m:ss): 0:03.56
	Average shared text size (kbytes): 0
	Average unshared data size (kbytes): 0
	Average stack size (kbytes): 0
	Average total size (kbytes): 0
	Maximum resident set size (kbytes): 776856
	Average resident set size (kbytes): 0
	Major (requiring I/O) page faults: 0
	Minor (reclaiming a frame) page faults: 124452
	Voluntary context switches: 3613
	Involuntary context switches: 62
	Swaps: 0
	File system inputs: 0
	File system outputs: 24
	Socket messages sent: 0
	Socket messages received: 0
	Signals delivered: 0
	Page size (bytes): 4096
	Exit status: 0
Measurement results for a=5 and N=21 with 12 qubits in the control register 
{ 000000000000:2490 000111101011:1 001001001110:1 001001001111:1 001001010011:1 001001110010:1 001001111000:1 001001111010:1 001010000110:1 001010000111:1 001010001010:1 001010001100:2 001010001110:1 001010001111:1 001010010001:1 001010010101:1 001010011000:3 001010011100:4 001010011101:1 001010011111:1 001010100000:4 001010100001:2 001010100010:2 001010100100:3 001010100101:5 001010100110:8 001010100111:12 001010101000:31 001010101001:70 001010101010:454 001010101011:1692 001010101100:103 001010101101:44 001010101110:16 001010101111:9 001010110000:8 001010110001:6 001010110010:6 001010110011:3 001010110100:3 001010110101:5 001010110110:1 001010110111:1 001010111000:1 001010111010:1 001010111011:1 001011000100:1 001011000101:1 001011001010:1 001011010110:1 001011011001:1 001011111100:1 001100001001:1 001101010111:1 010010001111:1 010011010111:1 010011111100:1 010100101010:1 010100101111:1 010100110010:1 010100110101:1 010100111001:1 010100111011:1 010101000001:1 010101000010:1 010101000100:2 010101000111:2 010101001000:2 010101001001:2 010101001010:3 010101001011:1 010101001100:5 010101001101:4 010101001110:3 010101001111:3 010101010000:9 010101010001:11 010101010010:17 010101010011:37 010101010100:123 010101010101:1731 010101010110:438 010101010111:66 010101011000:22 010101011001:14 010101011010:6 010101011011:8 010101011100:2 010101011101:3 010101011111:1 010101100000:1 010101100001:3 010101100010:1 010101100100:2 010101100101:1 010101100110:1 010101100111:2 010101101000:1 010101101101:1 010101110000:1 010101110100:1 010110001100:1 010110010100:1 010110101101:1 010111011011:1 010111101101:1 100000000000:2405 101001110101:1 101010001001:1 101010001011:2 101010001111:1 101010010001:1 101010010011:2 101010010110:1 101010011001:2 101010011100:2 101010011101:1 101010011110:4 101010011111:1 101010100001:2 101010100010:1 101010100011:2 101010100100:2 101010100101:8 101010100110:10 101010100111:15 101010101000:24 101010101001:75 101010101010:429 101010101011:1685 101010101100:114 101010101101:45 101010101110:16 101010101111:12 101010110000:5 101010110001:9 101010110010:6 101010110011:1 101010110100:2 101010110101:2 101010110110:1 101010110111:1 101010111001:1 101010111100:1 101010111110:1 101010111111:1 101011000110:1 101011000111:1 101011001011:1 101011010001:1 101011011001:1 101011111110:1 110010010110:1 110011101110:1 110011110101:1 110100100011:1 110100110000:1 110100110100:2 110100110111:1 110101000001:2 110101000010:1 110101000100:1 110101000111:2 110101001000:1 110101001001:2 110101001011:4 110101001100:1 110101001101:4 110101001110:4 110101001111:5 110101010000:5 110101010001:11 110101010010:12 110101010011:30 110101010100:96 110101010101:1750 110101010110:431 110101010111:84 110101011000:23 110101011001:16 110101011010:5 110101011011:9 110101011100:7 110101011101:1 110101011110:3 110101011111:2 110101100000:2 110101100001:2 110101100010:1 110101100011:1 110101100101:1 110101100110:3 110101100111:1 110101101011:1 110101101101:1 110101110000:1 110101110110:1 110101111011:1 110101111100:1 110110000111:1 110110010110:1 }

V100
	Command being timed: "python3 shor.py 12"
	User time (seconds): 2.62
	System time (seconds): 0.70
	Percent of CPU this job got: 94%
	Elapsed (wall clock) time (h:mm:ss or m:ss): 0:03.52
	Average shared text size (kbytes): 0
	Average unshared data size (kbytes): 0
	Average stack size (kbytes): 0
	Average total size (kbytes): 0
	Maximum resident set size (kbytes): 778152
	Average resident set size (kbytes): 0
	Major (requiring I/O) page faults: 0
	Minor (reclaiming a frame) page faults: 123940
	Voluntary context switches: 3611
	Involuntary context switches: 63
	Swaps: 0
	File system inputs: 0
	File system outputs: 24
	Socket messages sent: 0
	Socket messages received: 0
	Signals delivered: 0
	Page size (bytes): 4096
	Exit status: 0
Measurement results for a=5 and N=21 with 12 qubits in the control register 
{ 000000000000:2559 000101011101:1 000111101111:1 001001010001:1 001001110100:1 001001111101:1 001010000011:1 001010000100:1 001010001010:1 001010010010:1 001010010101:2 001010010110:1 001010010111:1 001010011001:3 001010011101:1 001010011110:1 001010011111:2 001010100000:1 001010100001:3 001010100010:2 001010100011:5 001010100100:8 001010100101:6 001010100110:9 001010100111:10 001010101000:24 001010101001:70 001010101010:444 001010101011:1770 001010101100:120 001010101101:30 001010101110:15 001010101111:6 001010110000:8 001010110001:3 001010110010:4 001010110100:2 001010110101:3 001010110110:4 001010110111:1 001010111000:1 001010111001:2 001010111010:1 001010111101:1 001010111110:1 001011000001:1 001011000101:1 001011000111:1 001011110101:1 001100100010:1 001100101101:1 001101101110:1 001111100101:1 010000011011:1 010010010111:1 010011000011:1 010011111010:1 010100011101:1 010100100001:1 010100100011:1 010100110101:1 010100111000:1 010100111001:1 010100111100:1 010100111110:1 010101000000:2 010101000001:2 010101000010:1 010101001001:2 010101001010:1 010101001011:1 010101001100:2 010101001101:7 010101001111:2 010101010000:3 010101010001:18 010101010010:18 010101010011:39 010101010100:109 010101010101:1657 010101010110:410 010101010111:59 010101011000:23 010101011001:16 010101011010:7 010101011011:10 010101011100:7 010101011101:6 010101011111:1 010101100110:1 010101101010:2 010101110000:1 010101111100:1 010110000010:1 010110001001:1 010110010000:1 010110011111:1 100000000000:2469 100000010010:1 100101101000:1 101001000110:1 101001010101:1 101001101101:1 101001111110:1 101010000010:1 101010001010:1 101010010110:1 101010011000:1 101010011011:2 101010011101:4 101010011110:1 101010011111:3 101010100001:3 101010100010:1 101010100011:6 101010100100:1 101010100101:4 101010100110:13 101010100111:8 101010101000:32 101010101001:66 101010101010:430 101010101011:1740 101010101100:99 101010101101:31 101010101110:13 101010101111:6 101010110000:9 101010110001:2 101010110010:2 101010110011:1 101010110100:1 101010110101:3 101010110110:3 101010111001:1 101010111010:2 101010111011:1 101010111100:1 101011000011:1 101011000100:1 101011001000:1 101011001110:1 101011100111:1 101101111000:1 101101111011:1 110010110011:1 110100100110:1 110100110101:1 110100111001:1 110100111011:2 110100111101:1 110100111110:1 110100111111:1 110101000010:1 110101000100:1 110101000110:1 110101000111:1 110101001000:1 110101001001:1 110101001011:4 110101001100:2 110101001101:4 110101001110:4 110101001111:8 110101010000:9 110101010001:5 110101010010:11 110101010011:32 110101010100:109 110101010101:1661 110101010110:436 110101010111:63 110101011000:34 110101011001:17 110101011010:13 110101011011:5 110101011100:4 110101011101:2 110101011110:2 110101011111:1 110101100001:4 110101100010:1 110101100011:1 110101100111:3 110101101010:1 110101101101:1 110101101111:1 110101110011:1 110101111110:1 110110001111:1 110110010011:1 110110011101:1 110110100100:1 110111110111:1 }

V100
	Command being timed: "python3 shor.py 12"
	User time (seconds): 2.64
	System time (seconds): 0.70
	Percent of CPU this job got: 94%
	Elapsed (wall clock) time (h:mm:ss or m:ss): 0:03.54
	Average shared text size (kbytes): 0
	Average unshared data size (kbytes): 0
	Average stack size (kbytes): 0
	Average total size (kbytes): 0
	Maximum resident set size (kbytes): 777620
	Average resident set size (kbytes): 0
	Major (requiring I/O) page faults: 0
	Minor (reclaiming a frame) page faults: 122947
	Voluntary context switches: 3608
	Involuntary context switches: 58
	Swaps: 0
	File system inputs: 0
	File system outputs: 24
	Socket messages sent: 0
	Socket messages received: 0
	Signals delivered: 0
	Page size (bytes): 4096
	Exit status: 0
Measurement results for a=5 and N=21 with 12 qubits in the control register 
{ 000000000000:2555 001000111110:1 001001011111:1 001001101111:1 001010000100:1 001010010000:2 001010010111:1 001010011000:1 001010011010:1 001010011101:1 001010011110:2 001010011111:3 001010100010:5 001010100011:4 001010100100:2 001010100101:6 001010100110:7 001010100111:14 001010101000:30 001010101001:68 001010101010:402 001010101011:1705 001010101100:109 001010101101:33 001010101110:17 001010101111:5 001010110000:11 001010110001:6 001010110010:5 001010110011:3 001010110100:2 001010110101:3 001010110110:3 001010110111:1 001010111000:1 001010111100:1 001010111101:1 001011000010:1 001011001011:1 001011001100:1 001011001110:1 001011010000:1 001011010011:1 001011011101:1 001011100000:1 001011110101:1 001011110110:1 001100111001:1 001101010001:1 010001000101:1 010011001011:1 010100110110:1 010100110111:1 010100111011:1 010101000000:2 010101000001:1 010101000010:2 010101000110:3 010101000111:3 010101001001:2 010101001010:1 010101001011:2 010101001100:1 010101001101:3 010101001110:2 010101001111:5 010101010000:8 010101010001:13 010101010010:13 010101010011:45 010101010100:96 010101010101:1650 010101010110:452 010101010111:76 010101011000:30 010101011001:14 010101011010:9 010101011011:8 010101011100:4 010101011101:2 010101011110:2 010101011111:1 010101100001:2 010101100010:2 010101100011:1 010101100100:1 010101100110:1 010101100111:1 010101101000:1 010101101100:3 010101101101:1 010101101111:1 010101110001:2 010101110010:1 010110001010:1 010110001101:1 010110100001:1 010110111001:1 010110111101:1 011000001010:1 011000001110:1 100000000000:2558 100111111111:1 101001001000:1 101001100100:1 101001100101:1 101001111011:1 101010000010:1 101010001101:1 101010010000:1 101010010100:1 101010010110:1 101010011001:1 101010011011:1 101010011100:2 101010011101:1 101010100001:1 101010100010:4 101010100011:4 101010100100:1 101010100101:7 101010100110:17 101010100111:12 101010101000:30 101010101001:78 101010101010:423 101010101011:1726 101010101100:103 101010101101:27 101010101110:17 101010101111:8 101010110000:4 101010110001:9 101010110010:5 101010110011:2 101010110100:2 101010110101:5 101010110110:2 101010111100:1 101011000001:2 101011000100:1 101011000111:1 101011001010:1 101011010000:1 101011010100:1 101101001110:1 101101101110:1 110000001011:1 110010001000:1 110010001100:1 110011011010:1 110011110001:1 110100010011:1 110100010110:1 110100100001:1 110100101001:1 110100110111:1 110100111111:1 110101000001:1 110101000100:1 110101000101:2 110101000111:1 110101001001:1 110101001010:2 110101001100:4 110101001101:2 110101001110:6 110101001111:3 110101010000:2 110101010001:12 110101010010:16 110101010011:43 110101010100:103 110101010101:1652 110101010110:434 110101010111:55 110101011000:20 110101011001:15 110101011010:6 110101011011:5 110101011100:2 110101011101:5 110101011111:2 110101100000:3 110101100001:1 110101100010:4 110101100100:2 110101100111:1 110101101101:1 110101101110:1 110110000000:1 110110000111:1 110110001010:1 110110010101:1 110110011100:1 110111011010:1 }

V100
	Command being timed: "python3 shor.py 12"
	User time (seconds): 2.65
	System time (seconds): 0.69
	Percent of CPU this job got: 94%
	Elapsed (wall clock) time (h:mm:ss or m:ss): 0:03.53
	Average shared text size (kbytes): 0
	Average unshared data size (kbytes): 0
	Average stack size (kbytes): 0
	Average total size (kbytes): 0
	Maximum resident set size (kbytes): 778788
	Average resident set size (kbytes): 0
	Major (requiring I/O) page faults: 0
	Minor (reclaiming a frame) page faults: 124213
	Voluntary context switches: 3610
	Involuntary context switches: 60
	Swaps: 0
	File system inputs: 0
	File system outputs: 24
	Socket messages sent: 0
	Socket messages received: 0
	Signals delivered: 0
	Page size (bytes): 4096
	Exit status: 0
Measurement results for a=5 and N=21 with 12 qubits in the control register 
{ 000000000000:2481 001010001000:1 001010011001:1 001010011011:1 001010011100:2 001010100000:5 001010100001:2 001010100010:1 001010100011:3 001010100100:1 001010100101:6 001010100110:12 001010100111:12 001010101000:28 001010101001:77 001010101010:462 001010101011:1739 001010101100:98 001010101101:34 001010101110:13 001010101111:16 001010110000:6 001010110001:5 001010110010:1 001010110011:5 001010110100:2 001010110101:4 001010110111:1 001010111000:2 001010111001:2 001010111010:1 001010111011:1 001010111100:1 001010111110:1 001010111111:1 001011001100:1 001011010110:1 001011011110:1 001011101010:1 001011101101:1 001011101111:1 001100000000:1 001100111101:1 001101001000:1 001110010110:1 010001000111:1 010001001111:1 010010100101:1 010100000110:1 010100010000:1 010100111001:1 010100111111:1 010101000001:1 010101000101:1 010101000110:1 010101001000:2 010101001001:1 010101001010:2 010101001100:3 010101001101:3 010101001110:5 010101001111:7 010101010000:7 010101010001:12 010101010010:16 010101010011:39 010101010100:121 010101010101:1777 010101010110:459 010101010111:81 010101011000:24 010101011001:9 010101011010:6 010101011011:4 010101011100:1 010101011101:9 010101011110:1 010101011111:4 010101100000:1 010101100001:1 010101100111:1 010101101001:2 010101101010:1 010101101011:1 010101101100:1 010101101101:1 010101110100:1 010101110111:1 010101111000:1 010101111001:1 010101111111:1 010110000001:1 010110111011:1 010111000011:1 011010001101:1 011100010011:1 100000000000:2469 100111110001:1 101000011001:1 101001001100:1 101001011011:1 101001011101:1 101001110111:1 101001111010:1 101001111101:1 101010001001:1 101010001101:1 101010001110:1 101010010000:1 101010010110:1 101010010111:1 101010011001:1 101010011011:4 101010011101:3 101010011111:1 101010100010:4 101010100011:2 101010100100:4 101010100101:6 101010100110:6 101010100111:14 101010101000:22 101010101001:75 101010101010:426 101010101011:1668 101010101100:96 101010101101:32 101010101110:20 101010101111:9 101010110000:4 101010110001:5 101010110010:6 101010110011:1 101010110100:3 101010110101:3 101010110110:1 101010111001:1 101010111011:2 101010111100:1 101010111101:1 101011000000:1 101011001100:1 101011010001:1 101011010010:1 101011100110:1 101011110001:1 110001101110:1 110100011110:1 110100100100:1 110100101000:1 110100111001:1 110100111100:2 110100111101:2 110100111111:1 110101000010:1 110101000101:1 110101000111:2 110101001000:3 110101001011:2 110101001101:2 110101001110:2 110101001111:4 110101010000:5 110101010001:9 110101010010:13 110101010011:35 110101010100:103 110101010101:1661 110101010110:431 110101010111:62 110101011000:25 110101011001:15 110101011010:15 110101011011:2 110101011100:1 110101011101:2 110101011110:1 110101011111:1 110101100000:3 110101100001:3 110101100010:1 110101100011:1 110101100100:1 110101100101:1 110101100110:1 110101100111:1 110101101001:1 110101101010:1 110101101110:1 110101110001:1 110101110100:1 110101110101:1 110101111101:1 110110100000:1 110111000000:1 111000011100:1 }

V100
	Command being timed: "python3 shor.py 12"
	User time (seconds): 2.61
	System time (seconds): 0.73
	Percent of CPU this job got: 94%
	Elapsed (wall clock) time (h:mm:ss or m:ss): 0:03.53
	Average shared text size (kbytes): 0
	Average unshared data size (kbytes): 0
	Average stack size (kbytes): 0
	Average total size (kbytes): 0
	Maximum resident set size (kbytes): 776892
	Average resident set size (kbytes): 0
	Major (requiring I/O) page faults: 0
	Minor (reclaiming a frame) page faults: 124629
	Voluntary context switches: 3607
	Involuntary context switches: 58
	Swaps: 0
	File system inputs: 0
	File system outputs: 24
	Socket messages sent: 0
	Socket messages received: 0
	Signals delivered: 0
	Page size (bytes): 4096
	Exit status: 0
Measurement results for a=5 and N=21 with 12 qubits in the control register 
{ 000000000000:2530 000010011101:1 000111011010:1 001000000000:1 001001101101:1 001001111100:1 001010000001:1 001010000010:1 001010000100:1 001010001000:1 001010001110:1 001010001111:1 001010010000:1 001010010100:1 001010011000:1 001010011100:1 001010011101:2 001010011110:1 001010011111:1 001010100000:3 001010100001:3 001010100010:3 001010100011:4 001010100100:4 001010100101:6 001010100110:9 001010100111:12 001010101000:23 001010101001:60 001010101010:431 001010101011:1679 001010101100:101 001010101101:38 001010101110:15 001010101111:9 001010110000:7 001010110001:7 001010110010:3 001010110011:1 001010110100:2 001010110110:1 001010110111:1 001010111000:2 001010111001:1 001010111010:2 001010111011:1 001010111101:1 001010111110:1 001010111111:2 001011000001:2 001011000011:2 001011000110:1 001011000111:1 001011001001:1 001011001011:1 001011100011:1 001011100101:1 001100000000:1 001100001110:1 001100101000:1 001101100110:1 001110000010:1 010010110000:1 010010110001:1 010011100000:1 010100000010:1 010100001000:1 010100010011:1 010100011110:2 010100100101:1 010100101110:1 010100110110:2 010100111100:1 010100111101:1 010101000000:1 010101000001:2 010101000100:1 010101000101:2 010101000110:1 010101000111:2 010101001001:1 010101001010:1 010101001011:1 010101001101:2 010101001110:5 010101001111:2 010101010000:1 010101010001:10 010101010010:18 010101010011:30 010101010100:104 010101010101:1729 010101010110:400 010101010111:78 010101011000:23 010101011001:10 010101011010:7 010101011011:4 010101011100:3 010101011101:1 010101011110:3 010101011111:2 010101100000:2 010101100010:1 010101100011:1 010101100110:3 010101100111:1 010101101101:1 010101101110:1 010101101111:1 010101110000:1 010101110001:1 010101110010:1 010101111001:1 010110001110:1 010110010101:1 010110010110:1 011001101001:1 100000000000:2502 101000000100:1 101000110100:1 101001001111:1 101001110010:1 101001111001:2 101010000110:1 101010001010:1 101010010010:1 101010010011:1 101010011000:1 101010011001:2 101010011011:2 101010011100:1 101010011101:1 101010100000:2 101010100001:1 101010100010:2 101010100011:3 101010100100:3 101010100101:7 101010100110:8 101010100111:15 101010101000:27 101010101001:71 101010101010:429 101010101011:1715 101010101100:104 101010101101:48 101010101110:15 101010101111:9 101010110000:12 101010110001:6 101010110010:4 101010110011:4 101010110101:2 101010110110:1 101010111000:2 101010111101:2 101011000000:1 101011001000:1 101011010110:1 101011011001:1 101100000100:1 101100110101:1 101101011010:1 110010011101:1 110011110001:1 110011110111:1 110100010011:1 110100101111:1 110100110001:1 110100110011:1 110100111001:1 110100111110:1 110100111111:1 110101000011:1 110101000100:1 110101000101:1 110101000110:2 110101000111:1 110101001000:2 110101001001:3 110101001010:1 110101001011:1 110101001100:4 110101001101:2 110101001110:5 110101001111:7 110101010000:9 110101010001:14 110101010010:13 110101010011:32 110101010100:102 110101010101:1693 110101010110:433 110101010111:75 110101011000:28 110101011001:13 110101011010:13 110101011011:9 110101011100:4 110101011101:5 110101011110:3 110101011111:1 110101100010:2 110101100011:2 110101100101:1 110101100111:1 110101101000:2 110101101100:1 110101101101:1 110101110000:1 110101110001:1 110101110011:1 110101110101:1 110110011010:1 110110100010:1 110110110101:1 110110111000:1 110110111110:1 110111100001:1 110111100010:1 }

V100
	Command being timed: "python3 shor.py 12"
	User time (seconds): 2.62
	System time (seconds): 0.71
	Percent of CPU this job got: 94%
	Elapsed (wall clock) time (h:mm:ss or m:ss): 0:03.54
	Average shared text size (kbytes): 0
	Average unshared data size (kbytes): 0
	Average stack size (kbytes): 0
	Average total size (kbytes): 0
	Maximum resident set size (kbytes): 778296
	Average resident set size (kbytes): 0
	Major (requiring I/O) page faults: 0
	Minor (reclaiming a frame) page faults: 123611
	Voluntary context switches: 3611
	Involuntary context switches: 60
	Swaps: 0
	File system inputs: 0
	File system outputs: 24
	Socket messages sent: 0
	Socket messages received: 0
	Signals delivered: 0
	Page size (bytes): 4096
	Exit status: 0
