WARNING: overwriting environment variables set in the machine
overwriting variable ['LD_LIBRARY_PATH']
Measurement results for a=5 and N=21 with 6 qubits in the control register 
{ 000000:2516 000001:7 000010:7 000011:10 000100:9 000101:12 000110:12 000111:13 001000:28 001001:52 001010:435 001011:1717 001100:108 001101:32 001110:27 001111:20 010000:13 010001:13 010010:25 010011:28 010100:123 010101:1739 010110:437 010111:70 011000:26 011001:17 011010:13 011011:9 011100:10 011101:1 011110:2 011111:4 100000:2511 100001:6 100010:4 100011:5 100100:6 100101:8 100110:19 100111:21 101000:41 101001:69 101010:421 101011:1711 101100:109 101101:37 101110:22 101111:19 110000:18 110001:17 110010:29 110011:40 110100:94 110101:1643 110110:459 110111:62 111000:35 111001:20 111010:10 111011:6 111100:6 111101:10 111110:5 111111:2 }

V100
	Command being timed: "python3 shor.py 6"
	User time (seconds): 2.23
	System time (seconds): 0.80
	Percent of CPU this job got: 86%
	Elapsed (wall clock) time (h:mm:ss or m:ss): 0:03.50
	Average shared text size (kbytes): 0
	Average unshared data size (kbytes): 0
	Average stack size (kbytes): 0
	Average total size (kbytes): 0
	Maximum resident set size (kbytes): 744112
	Average resident set size (kbytes): 0
	Major (requiring I/O) page faults: 0
	Minor (reclaiming a frame) page faults: 111852
	Voluntary context switches: 10034
	Involuntary context switches: 52
	Swaps: 0
	File system inputs: 0
	File system outputs: 16
	Socket messages sent: 0
	Socket messages received: 0
	Signals delivered: 0
	Page size (bytes): 4096
	Exit status: 0
Measurement results for a=5 and N=21 with 6 qubits in the control register 
{ 000000:2441 000001:6 000010:5 000011:6 000100:8 000101:3 000110:8 000111:28 001000:29 001001:71 001010:424 001011:1719 001100:87 001101:40 001110:26 001111:19 010000:14 010001:12 010010:22 010011:35 010100:129 010101:1687 010110:462 010111:65 011000:25 011001:22 011010:14 011011:6 011100:5 011101:3 011110:4 011111:8 100000:2516 100001:10 100010:5 100011:4 100100:6 100101:12 100110:13 100111:19 101000:30 101001:86 101010:445 101011:1673 101100:122 101101:43 101110:27 101111:22 110000:20 110001:10 110010:18 110011:34 110100:108 110101:1761 110110:435 110111:70 111000:28 111001:11 111010:13 111011:6 111100:7 111101:7 111110:2 111111:4 }

V100
	Command being timed: "python3 shor.py 6"
	User time (seconds): 2.21
	System time (seconds): 0.67
	Percent of CPU this job got: 93%
	Elapsed (wall clock) time (h:mm:ss or m:ss): 0:03.09
	Average shared text size (kbytes): 0
	Average unshared data size (kbytes): 0
	Average stack size (kbytes): 0
	Average total size (kbytes): 0
	Maximum resident set size (kbytes): 744596
	Average resident set size (kbytes): 0
	Major (requiring I/O) page faults: 0
	Minor (reclaiming a frame) page faults: 112006
	Voluntary context switches: 3857
	Involuntary context switches: 52
	Swaps: 0
	File system inputs: 0
	File system outputs: 16
	Socket messages sent: 0
	Socket messages received: 0
	Signals delivered: 0
	Page size (bytes): 4096
	Exit status: 0
Measurement results for a=5 and N=21 with 6 qubits in the control register 
{ 000000:2562 000001:2 000010:8 000011:5 000100:3 000101:5 000110:19 000111:15 001000:30 001001:66 001010:428 001011:1707 001100:116 001101:37 001110:18 001111:16 010000:16 010001:16 010010:21 010011:52 010100:109 010101:1689 010110:441 010111:82 011000:40 011001:17 011010:8 011011:12 011100:4 011101:6 011110:7 011111:3 100000:2481 100001:3 100010:6 100011:9 100100:4 100101:10 100110:17 100111:21 101000:37 101001:71 101010:396 101011:1710 101100:113 101101:40 101110:30 101111:14 110000:14 110001:18 110010:23 110011:37 110100:112 110101:1698 110110:427 110111:78 111000:29 111001:10 111010:6 111011:10 111100:2 111101:4 111110:5 111111:5 }

V100
	Command being timed: "python3 shor.py 6"
	User time (seconds): 2.25
	System time (seconds): 0.69
	Percent of CPU this job got: 93%
	Elapsed (wall clock) time (h:mm:ss or m:ss): 0:03.16
	Average shared text size (kbytes): 0
	Average unshared data size (kbytes): 0
	Average stack size (kbytes): 0
	Average total size (kbytes): 0
	Maximum resident set size (kbytes): 743320
	Average resident set size (kbytes): 0
	Major (requiring I/O) page faults: 0
	Minor (reclaiming a frame) page faults: 112321
	Voluntary context switches: 3892
	Involuntary context switches: 50
	Swaps: 0
	File system inputs: 0
	File system outputs: 16
	Socket messages sent: 0
	Socket messages received: 0
	Signals delivered: 0
	Page size (bytes): 4096
	Exit status: 0
Measurement results for a=5 and N=21 with 6 qubits in the control register 
{ 000000:2449 000001:4 000010:4 000011:7 000100:5 000101:9 000110:13 000111:19 001000:26 001001:75 001010:433 001011:1720 001100:114 001101:42 001110:24 001111:8 010000:13 010001:13 010010:27 010011:44 010100:117 010101:1731 010110:445 010111:75 011000:28 011001:16 011010:12 011011:12 011100:5 011101:5 011110:5 011111:6 100000:2534 100001:6 100010:2 100011:6 100100:6 100101:10 100110:14 100111:18 101000:26 101001:70 101010:404 101011:1745 101100:94 101101:30 101110:19 101111:17 110000:15 110001:17 110010:25 110011:41 110100:103 110101:1690 110110:434 110111:64 111000:31 111001:23 111010:16 111011:10 111100:10 111101:6 111110:6 111111:2 }

V100
	Command being timed: "python3 shor.py 6"
	User time (seconds): 2.18
	System time (seconds): 0.70
	Percent of CPU this job got: 93%
	Elapsed (wall clock) time (h:mm:ss or m:ss): 0:03.09
	Average shared text size (kbytes): 0
	Average unshared data size (kbytes): 0
	Average stack size (kbytes): 0
	Average total size (kbytes): 0
	Maximum resident set size (kbytes): 742428
	Average resident set size (kbytes): 0
	Major (requiring I/O) page faults: 0
	Minor (reclaiming a frame) page faults: 112212
	Voluntary context switches: 3609
	Involuntary context switches: 52
	Swaps: 0
	File system inputs: 0
	File system outputs: 16
	Socket messages sent: 0
	Socket messages received: 0
	Signals delivered: 0
	Page size (bytes): 4096
	Exit status: 0
Measurement results for a=5 and N=21 with 6 qubits in the control register 
{ 000000:2456 000001:6 000010:3 000011:7 000100:11 000101:10 000110:13 000111:14 001000:42 001001:78 001010:440 001011:1695 001100:101 001101:31 001110:25 001111:9 010000:14 010001:16 010010:28 010011:27 010100:106 010101:1704 010110:442 010111:74 011000:17 011001:17 011010:8 011011:5 011100:4 011101:5 011110:7 011111:5 100000:2585 100001:2 100010:3 100011:8 100100:6 100101:5 100110:9 100111:21 101000:26 101001:79 101010:458 101011:1694 101100:124 101101:43 101110:22 101111:18 110000:18 110001:14 110010:13 110011:40 110100:107 110101:1706 110110:418 110111:74 111000:34 111001:13 111010:10 111011:8 111100:6 111101:7 111110:5 111111:4 }

V100
	Command being timed: "python3 shor.py 6"
	User time (seconds): 2.23
	System time (seconds): 0.67
	Percent of CPU this job got: 93%
	Elapsed (wall clock) time (h:mm:ss or m:ss): 0:03.10
	Average shared text size (kbytes): 0
	Average unshared data size (kbytes): 0
	Average stack size (kbytes): 0
	Average total size (kbytes): 0
	Maximum resident set size (kbytes): 742708
	Average resident set size (kbytes): 0
	Major (requiring I/O) page faults: 0
	Minor (reclaiming a frame) page faults: 112396
	Voluntary context switches: 3604
	Involuntary context switches: 55
	Swaps: 0
	File system inputs: 0
	File system outputs: 16
	Socket messages sent: 0
	Socket messages received: 0
	Signals delivered: 0
	Page size (bytes): 4096
	Exit status: 0
Measurement results for a=5 and N=21 with 6 qubits in the control register 
{ 000000:2536 000001:3 000010:5 000011:2 000100:8 000101:9 000110:11 000111:11 001000:41 001001:76 001010:413 001011:1694 001100:107 001101:42 001110:22 001111:20 010000:15 010001:15 010010:26 010011:29 010100:97 010101:1737 010110:474 010111:85 011000:29 011001:20 011010:11 011011:6 011100:10 011101:8 011110:4 011111:6 100000:2469 100001:9 100010:4 100011:6 100100:4 100101:7 100110:15 100111:17 101000:28 101001:83 101010:438 101011:1677 101100:99 101101:39 101110:25 101111:16 110000:11 110001:11 110010:28 110011:35 110100:110 110101:1730 110110:413 110111:82 111000:28 111001:17 111010:7 111011:6 111100:3 111101:5 111110:5 111111:1 }

V100
	Command being timed: "python3 shor.py 6"
	User time (seconds): 2.23
	System time (seconds): 0.66
	Percent of CPU this job got: 93%
	Elapsed (wall clock) time (h:mm:ss or m:ss): 0:03.09
	Average shared text size (kbytes): 0
	Average unshared data size (kbytes): 0
	Average stack size (kbytes): 0
	Average total size (kbytes): 0
	Maximum resident set size (kbytes): 743528
	Average resident set size (kbytes): 0
	Major (requiring I/O) page faults: 0
	Minor (reclaiming a frame) page faults: 112266
	Voluntary context switches: 3607
	Involuntary context switches: 54
	Swaps: 0
	File system inputs: 0
	File system outputs: 16
	Socket messages sent: 0
	Socket messages received: 0
	Signals delivered: 0
	Page size (bytes): 4096
	Exit status: 0
Measurement results for a=5 and N=21 with 6 qubits in the control register 
{ 000000:2444 000001:3 000010:3 000011:7 000100:7 000101:11 000110:10 000111:11 001000:43 001001:75 001010:426 001011:1777 001100:112 001101:34 001110:29 001111:18 010000:16 010001:18 010010:23 010011:37 010100:114 010101:1776 010110:451 010111:68 011000:26 011001:14 011010:13 011011:11 011100:9 011101:4 011110:3 011111:4 100000:2506 100001:3 100010:5 100011:3 100100:5 100101:7 100110:10 100111:13 101000:34 101001:67 101010:427 101011:1694 101100:115 101101:40 101110:28 101111:9 110000:15 110001:18 110010:26 110011:46 110100:110 110101:1603 110110:461 110111:68 111000:36 111001:16 111010:11 111011:7 111100:4 111101:6 111110:8 111111:2 }

V100
	Command being timed: "python3 shor.py 6"
	User time (seconds): 2.20
	System time (seconds): 0.70
	Percent of CPU this job got: 93%
	Elapsed (wall clock) time (h:mm:ss or m:ss): 0:03.11
	Average shared text size (kbytes): 0
	Average unshared data size (kbytes): 0
	Average stack size (kbytes): 0
	Average total size (kbytes): 0
	Maximum resident set size (kbytes): 744144
	Average resident set size (kbytes): 0
	Major (requiring I/O) page faults: 0
	Minor (reclaiming a frame) page faults: 112958
	Voluntary context switches: 3607
	Involuntary context switches: 50
	Swaps: 0
	File system inputs: 0
	File system outputs: 16
	Socket messages sent: 0
	Socket messages received: 0
	Signals delivered: 0
	Page size (bytes): 4096
	Exit status: 0
Measurement results for a=5 and N=21 with 6 qubits in the control register 
{ 000000:2553 000001:2 000010:5 000011:9 000100:14 000101:8 000110:11 000111:18 001000:26 001001:74 001010:439 001011:1744 001100:91 001101:32 001110:29 001111:16 010000:13 010001:20 010010:22 010011:46 010100:109 010101:1710 010110:420 010111:74 011000:35 011001:20 011010:6 011011:6 011100:6 011101:4 011110:9 011111:3 100000:2499 100001:4 100010:9 100011:6 100100:10 100101:7 100110:12 100111:12 101000:30 101001:61 101010:390 101011:1696 101100:102 101101:36 101110:26 101111:17 110000:22 110001:21 110010:25 110011:47 110100:107 110101:1677 110110:446 110111:72 111000:22 111001:32 111010:14 111011:6 111100:7 111101:4 111110:4 111111:3 }

V100
	Command being timed: "python3 shor.py 6"
	User time (seconds): 2.21
	System time (seconds): 0.68
	Percent of CPU this job got: 93%
	Elapsed (wall clock) time (h:mm:ss or m:ss): 0:03.10
	Average shared text size (kbytes): 0
	Average unshared data size (kbytes): 0
	Average stack size (kbytes): 0
	Average total size (kbytes): 0
	Maximum resident set size (kbytes): 743620
	Average resident set size (kbytes): 0
	Major (requiring I/O) page faults: 0
	Minor (reclaiming a frame) page faults: 112378
	Voluntary context switches: 3605
	Involuntary context switches: 54
	Swaps: 0
	File system inputs: 0
	File system outputs: 16
	Socket messages sent: 0
	Socket messages received: 0
	Signals delivered: 0
	Page size (bytes): 4096
	Exit status: 0
Measurement results for a=5 and N=21 with 6 qubits in the control register 
{ 000000:2613 000001:2 000010:7 000011:7 000100:5 000101:7 000110:8 000111:12 001000:22 001001:77 001010:416 001011:1683 001100:101 001101:39 001110:26 001111:16 010000:27 010001:18 010010:26 010011:37 010100:94 010101:1729 010110:432 010111:79 011000:27 011001:20 011010:10 011011:12 011100:7 011101:6 011110:5 011111:5 100000:2501 100001:5 100010:10 100011:8 100100:7 100101:13 100110:12 100111:22 101000:32 101001:78 101010:419 101011:1698 101100:95 101101:32 101110:23 101111:19 110000:22 110001:16 110010:29 110011:34 110100:105 110101:1683 110110:412 110111:64 111000:23 111001:19 111010:13 111011:12 111100:6 111101:4 111110:4 111111:5 }

V100
	Command being timed: "python3 shor.py 6"
	User time (seconds): 2.21
	System time (seconds): 0.68
	Percent of CPU this job got: 93%
	Elapsed (wall clock) time (h:mm:ss or m:ss): 0:03.10
	Average shared text size (kbytes): 0
	Average unshared data size (kbytes): 0
	Average stack size (kbytes): 0
	Average total size (kbytes): 0
	Maximum resident set size (kbytes): 744528
	Average resident set size (kbytes): 0
	Major (requiring I/O) page faults: 0
	Minor (reclaiming a frame) page faults: 111655
	Voluntary context switches: 3604
	Involuntary context switches: 51
	Swaps: 0
	File system inputs: 0
	File system outputs: 24
	Socket messages sent: 0
	Socket messages received: 0
	Signals delivered: 0
	Page size (bytes): 4096
	Exit status: 0
Measurement results for a=5 and N=21 with 6 qubits in the control register 
{ 000000:2386 000001:2 000010:5 000011:4 000100:5 000101:1 000110:17 000111:15 001000:24 001001:74 001010:418 001011:1737 001100:124 001101:36 001110:31 001111:16 010000:11 010001:7 010010:21 010011:46 010100:95 010101:1763 010110:458 010111:74 011000:30 011001:20 011010:10 011011:5 011100:8 011101:11 011110:3 011111:5 100000:2538 100001:11 100010:5 100011:4 100100:6 100101:9 100110:18 100111:16 101000:27 101001:64 101010:394 101011:1728 101100:122 101101:30 101110:34 101111:16 110000:19 110001:19 110010:21 110011:48 110100:107 110101:1727 110110:420 110111:73 111000:23 111001:26 111010:3 111011:9 111100:8 111101:6 111110:4 111111:3 }

V100
	Command being timed: "python3 shor.py 6"
	User time (seconds): 2.21
	System time (seconds): 0.69
	Percent of CPU this job got: 93%
	Elapsed (wall clock) time (h:mm:ss or m:ss): 0:03.13
	Average shared text size (kbytes): 0
	Average unshared data size (kbytes): 0
	Average stack size (kbytes): 0
	Average total size (kbytes): 0
	Maximum resident set size (kbytes): 745080
	Average resident set size (kbytes): 0
	Major (requiring I/O) page faults: 0
	Minor (reclaiming a frame) page faults: 112258
	Voluntary context switches: 3608
	Involuntary context switches: 53
	Swaps: 0
	File system inputs: 0
	File system outputs: 16
	Socket messages sent: 0
	Socket messages received: 0
	Signals delivered: 0
	Page size (bytes): 4096
	Exit status: 0
