WARNING: overwriting environment variables set in the machine
overwriting variable ['LD_LIBRARY_PATH']
Measurement results for a=5 and N=21 with 18 qubits in the control register 
{ 000000000000000000:2552 001010101000110100:1 001010101001000001:1 001010101001100101:1 001010101001111101:1 001010101010000100:1 001010101010011010:1 001010101010011011:1 001010101010011110:1 001010101010011111:2 001010101010100000:1 001010101010100001:3 001010101010100010:3 001010101010100011:4 001010101010100100:5 001010101010100101:7 001010101010100110:10 001010101010100111:15 001010101010101000:26 001010101010101001:52 001010101010101010:426 001010101010101011:1666 001010101010101100:109 001010101010101101:35 001010101010101110:14 001010101010101111:11 001010101010110000:5 001010101010110001:5 001010101010110010:4 001010101010110011:3 001010101010110100:3 001010101010110101:5 001010101010111000:2 001010101010111001:1 001010101010111011:1 001010101010111100:1 001010101010111110:1 001010101010111111:1 001010101011000010:1 001010101011000100:1 001010101011000111:1 001010101011001000:1 001010101011001101:1 001010101011100101:1 001010101011110100:1 001010101100001000:1 001010101100010011:1 001010101100011001:1 001010101100011110:1 001010101100111001:1 001010101101001110:1 001010110000101010:1 010101001011001000:1 010101010010010010:1 010101010100001100:1 010101010100010001:1 010101010100011111:1 010101010100100110:1 010101010100101010:1 010101010100101011:1 010101010100110110:1 010101010100111000:1 010101010100111100:1 010101010101000011:1 010101010101000100:1 010101010101000101:1 010101010101000111:1 010101010101001000:1 010101010101001001:1 010101010101001010:2 010101010101001011:1 010101010101001100:3 010101010101001101:2 010101010101001110:5 010101010101001111:3 010101010101010000:3 010101010101010001:8 010101010101010010:17 010101010101010011:40 010101010101010100:99 010101010101010101:1679 010101010101010110:411 010101010101010111:63 010101010101011000:32 010101010101011001:12 010101010101011010:11 010101010101011011:7 010101010101011100:4 010101010101011101:1 010101010101011111:5 010101010101100000:2 010101010101100010:3 010101010101100100:1 010101010101100111:2 010101010101101000:2 010101010101110000:1 010101010101110101:1 010101010101111100:1 010101010110000100:1 010101010110101000:1 010101010110111100:1 100000000000000000:2516 101010100110100010:1 101010100110111000:1 101010101001000010:1 101010101001110010:1 101010101010001100:2 101010101010001101:1 101010101010001111:1 101010101010010001:1 101010101010010011:1 101010101010010111:1 101010101010011001:1 101010101010011010:3 101010101010011011:2 101010101010011101:3 101010101010011111:1 101010101010100001:4 101010101010100011:3 101010101010100100:6 101010101010100101:8 101010101010100110:5 101010101010100111:11 101010101010101000:29 101010101010101001:73 101010101010101010:421 101010101010101011:1710 101010101010101100:130 101010101010101101:25 101010101010101110:10 101010101010101111:12 101010101010110000:8 101010101010110001:6 101010101010110010:3 101010101010110011:2 101010101010110100:4 101010101010110101:2 101010101010110110:4 101010101010111000:1 101010101010111010:1 101010101010111101:1 101010101011010110:1 101010101011011000:1 101010101011100010:1 101010101011100011:1 101010101011101000:1 101010101011111001:1 101010101100011000:1 101010101100101000:1 101010101101000011:1 101010101110101011:1 101010110010011101:1 101010110010100100:1 110101010000110111:1 110101010100101000:1 110101010100110011:1 110101010100111000:1 110101010101000000:1 110101010101000010:1 110101010101000011:2 110101010101000100:1 110101010101000101:2 110101010101000111:2 110101010101001000:1 110101010101001010:1 110101010101001011:3 110101010101001100:2 110101010101001101:2 110101010101001110:5 110101010101001111:6 110101010101010000:7 110101010101010001:5 110101010101010010:10 110101010101010011:33 110101010101010100:116 110101010101010101:1722 110101010101010110:445 110101010101010111:82 110101010101011000:26 110101010101011001:12 110101010101011010:7 110101010101011011:3 110101010101011100:2 110101010101011101:2 110101010101011110:1 110101010101011111:2 110101010101100000:1 110101010101100001:4 110101010101100010:3 110101010101100100:1 110101010101100101:1 110101010101100110:1 110101010101101001:2 110101010101101100:1 110101010101101110:1 110101010101101111:1 110101010101110010:1 110101010101110101:1 110101010101111000:1 110101010101111010:2 110101010110000100:1 110101010110011000:1 110101010110101000:1 110101010110101111:1 110101010111111100:1 110101011000101111:1 110111000100010111:1 }

V100
	Command being timed: "python3 shor.py 18"
	User time (seconds): 846.51
	System time (seconds): 9.96
	Percent of CPU this job got: 99%
	Elapsed (wall clock) time (h:mm:ss or m:ss): 14:20.23
	Average shared text size (kbytes): 0
	Average unshared data size (kbytes): 0
	Average stack size (kbytes): 0
	Average total size (kbytes): 0
	Maximum resident set size (kbytes): 5415628
	Average resident set size (kbytes): 0
	Major (requiring I/O) page faults: 0
	Minor (reclaiming a frame) page faults: 9000897
	Voluntary context switches: 19678
	Involuntary context switches: 11417
	Swaps: 0
	File system inputs: 0
	File system outputs: 24
	Socket messages sent: 0
	Socket messages received: 0
	Signals delivered: 0
	Page size (bytes): 4096
	Exit status: 0
Measurement results for a=5 and N=21 with 18 qubits in the control register 
{ 000000000000000000:2490 001010101001000101:1 001010101001101111:1 001010101010001001:1 001010101010001010:1 001010101010010011:1 001010101010011001:1 001010101010011010:1 001010101010011011:1 001010101010011101:1 001010101010011110:1 001010101010011111:1 001010101010100000:1 001010101010100001:4 001010101010100010:3 001010101010100011:2 001010101010100100:5 001010101010100101:2 001010101010100110:6 001010101010100111:10 001010101010101000:32 001010101010101001:76 001010101010101010:397 001010101010101011:1686 001010101010101100:105 001010101010101101:29 001010101010101110:17 001010101010101111:10 001010101010110000:3 001010101010110001:9 001010101010110010:3 001010101010110011:4 001010101010110100:3 001010101010110110:2 001010101010110111:1 001010101010111001:1 001010101010111011:1 001010101011001100:1 001010101011011011:1 001010101011100001:1 001010101011100111:1 001010101011110011:1 001010101100011101:1 010101010010001100:1 010101010011011111:1 010101010011110111:1 010101010011111000:1 010101010100100011:1 010101010100100100:1 010101010100110111:1 010101010100111110:1 010101010101000001:1 010101010101000010:1 010101010101000011:3 010101010101000100:2 010101010101000101:1 010101010101000111:1 010101010101001000:3 010101010101001001:1 010101010101001011:3 010101010101001100:1 010101010101001101:2 010101010101001110:2 010101010101001111:7 010101010101010000:7 010101010101010001:11 010101010101010010:21 010101010101010011:24 010101010101010100:80 010101010101010101:1763 010101010101010110:398 010101010101010111:52 010101010101011000:29 010101010101011001:18 010101010101011010:10 010101010101011011:7 010101010101011100:9 010101010101011101:4 010101010101011110:3 010101010101011111:4 010101010101100000:1 010101010101100001:4 010101010101100010:1 010101010101100011:1 010101010101100100:1 010101010101100101:1 010101010101100110:2 010101010101101011:1 010101010101101100:1 010101010101110010:1 010101010101110011:1 010101010101110101:1 010101010101111011:1 010101010110000100:1 010101010110001100:1 010101010110001111:1 010101010110100111:1 010101010110101010:1 010101010110110110:1 010101010110111110:1 100000000000000000:2529 101010101001011000:1 101010101010010101:1 101010101010010110:1 101010101010010111:1 101010101010011001:5 101010101010011010:1 101010101010011011:2 101010101010011100:2 101010101010011101:1 101010101010011110:1 101010101010011111:2 101010101010100000:3 101010101010100010:6 101010101010100011:3 101010101010100100:5 101010101010100101:2 101010101010100110:7 101010101010100111:11 101010101010101000:37 101010101010101001:76 101010101010101010:413 101010101010101011:1725 101010101010101100:102 101010101010101101:28 101010101010101110:19 101010101010101111:8 101010101010110000:7 101010101010110001:8 101010101010110010:8 101010101010110011:4 101010101010110100:2 101010101010110101:1 101010101010110110:2 101010101010111010:1 101010101010111011:1 101010101010111110:2 101010101010111111:2 101010101011000110:1 101010101011001001:1 101010101011001101:1 101010101011100010:1 101010101100000110:1 101011000111000100:1 110101000111100000:1 110101010000001010:1 110101010011101000:1 110101010011111001:1 110101010100000000:1 110101010100010011:1 110101010100101011:1 110101010100101101:1 110101010100110101:2 110101010100110111:1 110101010100111001:2 110101010100111011:1 110101010100111110:1 110101010100111111:1 110101010101000011:3 110101010101000100:1 110101010101000101:1 110101010101000110:2 110101010101001001:1 110101010101001010:3 110101010101001011:5 110101010101001100:2 110101010101001101:3 110101010101001111:2 110101010101010000:6 110101010101010001:12 110101010101010010:17 110101010101010011:33 110101010101010100:113 110101010101010101:1653 110101010101010110:486 110101010101010111:89 110101010101011000:23 110101010101011001:17 110101010101011010:11 110101010101011011:6 110101010101011100:2 110101010101011101:5 110101010101011110:8 110101010101011111:3 110101010101100000:1 110101010101100001:1 110101010101100011:1 110101010101100100:2 110101010101100110:1 110101010101101001:1 110101010101101100:1 110101010101101110:1 110101010101101111:1 110101010101110000:1 110101010101110010:1 110101010101110101:1 110101010101110110:1 110101010110000010:1 110101010110001001:1 110101010110100001:1 110101010110101110:1 110101010110110001:1 110101010110111010:1 110101011000001000:1 110101011011000101:1 }

V100
	Command being timed: "python3 shor.py 18"
	User time (seconds): 847.90
	System time (seconds): 10.04
	Percent of CPU this job got: 99%
	Elapsed (wall clock) time (h:mm:ss or m:ss): 14:21.55
	Average shared text size (kbytes): 0
	Average unshared data size (kbytes): 0
	Average stack size (kbytes): 0
	Average total size (kbytes): 0
	Maximum resident set size (kbytes): 5413836
	Average resident set size (kbytes): 0
	Major (requiring I/O) page faults: 0
	Minor (reclaiming a frame) page faults: 9317459
	Voluntary context switches: 15805
	Involuntary context switches: 11433
	Swaps: 0
	File system inputs: 0
	File system outputs: 24
	Socket messages sent: 0
	Socket messages received: 0
	Signals delivered: 0
	Page size (bytes): 4096
	Exit status: 0
Measurement results for a=5 and N=21 with 18 qubits in the control register 
{ 000000000000000000:2573 001010100111100110:1 001010100111111011:1 001010101000101001:1 001010101000110000:1 001010101001010110:1 001010101001100110:1 001010101010000001:1 001010101010001101:1 001010101010010010:1 001010101010010100:1 001010101010010111:1 001010101010011010:2 001010101010011100:1 001010101010011101:1 001010101010011110:1 001010101010100000:4 001010101010100001:6 001010101010100010:4 001010101010100011:7 001010101010100100:5 001010101010100101:8 001010101010100110:8 001010101010100111:10 001010101010101000:25 001010101010101001:50 001010101010101010:413 001010101010101011:1690 001010101010101100:109 001010101010101101:33 001010101010101110:16 001010101010101111:9 001010101010110000:9 001010101010110001:5 001010101010110010:4 001010101010110011:4 001010101010110100:6 001010101010110101:2 001010101010110110:2 001010101010111000:1 001010101010111100:1 001010101010111101:3 001010101010111110:1 001010101010111111:1 001010101011000000:2 001010101011000101:1 001010101011000111:1 001010101011001000:1 001010101011001100:1 001010101011010011:2 001010101011101100:1 001010101011110100:1 001010101100000110:1 001010101100011011:1 001100111111101000:1 010101010011110001:1 010101010100010000:1 010101010100010110:1 010101010100100010:1 010101010100101011:1 010101010100110000:1 010101010100110111:1 010101010101000101:1 010101010101000111:2 010101010101001000:1 010101010101001001:2 010101010101001010:1 010101010101001011:2 010101010101001100:3 010101010101001110:3 010101010101001111:5 010101010101010000:9 010101010101010001:10 010101010101010010:17 010101010101010011:34 010101010101010100:99 010101010101010101:1708 010101010101010110:406 010101010101010111:70 010101010101011000:29 010101010101011001:12 010101010101011010:9 010101010101011011:6 010101010101011100:6 010101010101011101:3 010101010101011110:2 010101010101011111:1 010101010101100001:1 010101010101100010:1 010101010101100101:1 010101010101100110:1 010101010101100111:3 010101010101101011:1 010101010101101100:1 010101010101101111:1 010101010101110011:1 010101010101110110:1 010101010110000100:1 010101010110000110:1 010101010110011111:1 010101010110101000:1 010101011101100111:1 100000000000000000:2481 101010101001111000:1 101010101010000001:1 101010101010000100:1 101010101010001100:1 101010101010001111:1 101010101010010000:1 101010101010010010:1 101010101010010011:1 101010101010010111:1 101010101010011000:1 101010101010011001:1 101010101010011010:2 101010101010011100:2 101010101010011101:1 101010101010011110:1 101010101010011111:3 101010101010100000:1 101010101010100010:2 101010101010100011:3 101010101010100100:1 101010101010100101:10 101010101010100110:12 101010101010100111:16 101010101010101000:27 101010101010101001:64 101010101010101010:453 101010101010101011:1728 101010101010101100:127 101010101010101101:36 101010101010101110:14 101010101010101111:4 101010101010110000:4 101010101010110001:5 101010101010110010:2 101010101010110011:1 101010101010110100:2 101010101010110101:1 101010101010110110:2 101010101010111000:1 101010101010111001:3 101010101010111010:1 101010101010111011:1 101010101010111110:1 101010101011000110:1 101010101011001011:1 101010101011001100:1 101010101011001101:1 101010101011010010:1 101010101011100101:1 101010110010000101:1 110101010000100100:1 110101010011010100:1 110101010100010111:1 110101010100100001:1 110101010100100011:1 110101010100101000:1 110101010100101110:1 110101010100101111:1 110101010100110010:1 110101010100110110:1 110101010100111000:1 110101010100111010:1 110101010100111011:2 110101010101000000:1 110101010101000010:1 110101010101000011:1 110101010101000110:1 110101010101000111:1 110101010101001000:2 110101010101001001:2 110101010101001010:2 110101010101001011:1 110101010101001100:2 110101010101001101:3 110101010101001110:5 110101010101001111:6 110101010101010000:9 110101010101010001:8 110101010101010010:24 110101010101010011:33 110101010101010100:101 110101010101010101:1710 110101010101010110:391 110101010101010111:60 110101010101011000:22 110101010101011001:22 110101010101011010:8 110101010101011011:5 110101010101011100:3 110101010101011101:2 110101010101011110:2 110101010101011111:1 110101010101100000:1 110101010101100010:1 110101010101100011:1 110101010101100111:2 110101010101101000:1 110101010101101010:1 110101010101101100:3 110101010101110000:1 110101010101110001:1 110101010101111000:2 110101010110000001:1 110101010110000111:1 110101010110001111:1 110101010110011011:1 110101010110011101:1 110101010110011111:1 110101010110110000:1 110101010111011100:1 110101010111100110:1 110101011001100000:1 }

V100
	Command being timed: "python3 shor.py 18"
	User time (seconds): 846.37
	System time (seconds): 9.78
	Percent of CPU this job got: 99%
	Elapsed (wall clock) time (h:mm:ss or m:ss): 14:19.78
	Average shared text size (kbytes): 0
	Average unshared data size (kbytes): 0
	Average stack size (kbytes): 0
	Average total size (kbytes): 0
	Maximum resident set size (kbytes): 5413844
	Average resident set size (kbytes): 0
	Major (requiring I/O) page faults: 0
	Minor (reclaiming a frame) page faults: 9149676
	Voluntary context switches: 15800
	Involuntary context switches: 11422
	Swaps: 0
	File system inputs: 0
	File system outputs: 24
	Socket messages sent: 0
	Socket messages received: 0
	Signals delivered: 0
	Page size (bytes): 4096
	Exit status: 0
Measurement results for a=5 and N=21 with 18 qubits in the control register 
{ 000000000000000000:2505 001010100010001000:1 001010101001101000:1 001010101010000000:1 001010101010000101:1 001010101010001010:1 001010101010010000:1 001010101010010110:1 001010101010011001:1 001010101010011011:1 001010101010011101:2 001010101010011110:4 001010101010100000:1 001010101010100001:2 001010101010100010:3 001010101010100011:7 001010101010100100:4 001010101010100101:7 001010101010100110:7 001010101010100111:14 001010101010101000:25 001010101010101001:58 001010101010101010:439 001010101010101011:1683 001010101010101100:96 001010101010101101:42 001010101010101110:14 001010101010101111:12 001010101010110000:10 001010101010110001:8 001010101010110010:3 001010101010110011:2 001010101010110100:6 001010101010110101:2 001010101010110110:3 001010101010110111:2 001010101010111000:1 001010101010111001:1 001010101010111010:1 001010101010111011:1 001010101010111100:1 001010101010111110:1 001010101010111111:1 001010101011000000:1 001010101011000101:1 001010101011000110:1 001010101011001001:1 001010101011001011:1 001010101011101101:1 001010101011110000:1 001010110011001010:1 010101010010111001:1 010101010100010000:1 010101010100010010:1 010101010100010101:1 010101010100100001:1 010101010100100110:1 010101010100101110:1 010101010100110100:1 010101010100111100:1 010101010100111110:1 010101010101000001:2 010101010101000011:2 010101010101000100:1 010101010101000101:1 010101010101000111:1 010101010101001000:1 010101010101001001:1 010101010101001011:1 010101010101001100:4 010101010101001101:3 010101010101001110:3 010101010101001111:5 010101010101010000:8 010101010101010001:12 010101010101010010:15 010101010101010011:34 010101010101010100:97 010101010101010101:1655 010101010101010110:431 010101010101010111:81 010101010101011000:35 010101010101011001:11 010101010101011010:11 010101010101011011:8 010101010101011100:3 010101010101011101:1 010101010101011110:3 010101010101011111:1 010101010101100000:3 010101010101100010:2 010101010101100011:2 010101010101100111:1 010101010101101001:1 010101010101110010:1 010101010101110011:1 010101010101111000:1 010101010110010101:1 010101010110010110:1 010101010111000001:1 100000000000000000:2485 101010100011001111:1 101010101001100001:1 101010101001100100:1 101010101001101100:1 101010101001111110:1 101010101010001000:1 101010101010001001:1 101010101010010011:1 101010101010010100:1 101010101010011100:1 101010101010011101:3 101010101010011111:1 101010101010100001:1 101010101010100010:3 101010101010100011:1 101010101010100100:7 101010101010100101:8 101010101010100110:11 101010101010100111:18 101010101010101000:29 101010101010101001:61 101010101010101010:438 101010101010101011:1753 101010101010101100:114 101010101010101101:32 101010101010101110:18 101010101010101111:9 101010101010110000:8 101010101010110001:1 101010101010110010:4 101010101010110011:5 101010101010110100:2 101010101010110101:1 101010101010111000:1 101010101010111010:1 101010101010111011:2 101010101010111101:1 101010101011000000:1 101010101011000101:1 101010101011001011:1 101010101011001100:1 101010101011010010:1 101010101011010011:1 101010101011110000:1 101010101100101000:1 101100000100010100:1 110101010001011010:1 110101010001111110:1 110101010011001101:1 110101010100000111:1 110101010100001010:1 110101010100100001:2 110101010100111100:1 110101010101000000:3 110101010101000001:1 110101010101000010:1 110101010101000101:3 110101010101001001:2 110101010101001010:4 110101010101001011:2 110101010101001100:2 110101010101001101:3 110101010101001110:2 110101010101001111:1 110101010101010000:6 110101010101010001:9 110101010101010010:22 110101010101010011:36 110101010101010100:94 110101010101010101:1692 110101010101010110:457 110101010101010111:71 110101010101011000:29 110101010101011001:21 110101010101011010:9 110101010101011011:3 110101010101011100:10 110101010101011101:5 110101010101011110:3 110101010101011111:3 110101010101100000:3 110101010101100001:2 110101010101100010:1 110101010101100011:1 110101010101100100:1 110101010101100101:1 110101010101101001:2 110101010101101100:1 110101010101101101:1 110101010101110100:1 110101010101111001:2 110101010101111011:2 110101010110110101:1 110101100001001110:1 }

V100
	Command being timed: "python3 shor.py 18"
	User time (seconds): 846.38
	System time (seconds): 10.03
	Percent of CPU this job got: 99%
	Elapsed (wall clock) time (h:mm:ss or m:ss): 14:20.09
	Average shared text size (kbytes): 0
	Average unshared data size (kbytes): 0
	Average stack size (kbytes): 0
	Average total size (kbytes): 0
	Maximum resident set size (kbytes): 5415592
	Average resident set size (kbytes): 0
	Major (requiring I/O) page faults: 0
	Minor (reclaiming a frame) page faults: 9209794
	Voluntary context switches: 15804
	Involuntary context switches: 11425
	Swaps: 0
	File system inputs: 0
	File system outputs: 24
	Socket messages sent: 0
	Socket messages received: 0
	Signals delivered: 0
	Page size (bytes): 4096
	Exit status: 0
Measurement results for a=5 and N=21 with 18 qubits in the control register 
{ 000000000000000000:2483 001010101000111001:1 001010101001001001:1 001010101001001011:1 001010101001011101:1 001010101001100011:1 001010101001111011:1 001010101010000101:1 001010101010000110:1 001010101010001101:1 001010101010010110:1 001010101010011010:1 001010101010011100:2 001010101010011110:2 001010101010011111:2 001010101010100001:3 001010101010100010:4 001010101010100011:2 001010101010100100:7 001010101010100101:8 001010101010100110:7 001010101010100111:12 001010101010101000:35 001010101010101001:69 001010101010101010:450 001010101010101011:1687 001010101010101100:108 001010101010101101:37 001010101010101110:17 001010101010101111:12 001010101010110000:5 001010101010110001:3 001010101010110010:5 001010101010110011:3 001010101010110101:1 001010101010110110:2 001010101010111001:1 001010101010111010:2 001010101010111100:1 001010101010111101:2 001010101011000011:1 001010101011000110:1 001010101011001001:1 001010101011101011:1 001010101011110101:1 001010101100110010:1 001010101101100110:1 001010110101111000:1 001010111101110010:1 001011001000100001:1 010101000001100001:1 010101010011101011:1 010101010100010100:1 010101010100100000:1 010101010100101001:1 010101010100101011:1 010101010100110001:1 010101010100111111:1 010101010101000010:1 010101010101000011:1 010101010101000111:3 010101010101001000:1 010101010101001001:1 010101010101001011:1 010101010101001100:1 010101010101001101:2 010101010101001110:2 010101010101001111:4 010101010101010000:4 010101010101010001:8 010101010101010010:15 010101010101010011:31 010101010101010100:98 010101010101010101:1708 010101010101010110:433 010101010101010111:62 010101010101011000:19 010101010101011001:18 010101010101011010:10 010101010101011011:5 010101010101011100:3 010101010101011101:3 010101010101011110:5 010101010101011111:4 010101010101100000:2 010101010101100100:1 010101010101100101:4 010101010101101100:1 010101010101101101:2 010101010101101111:1 010101010101110101:1 010101010101111001:1 010101010110000000:1 010101010110000101:1 010101010110001011:1 010101010110010110:1 010101010110011001:1 010101010110101001:1 100000000000000000:2529 101010100101100111:1 101010100101111100:1 101010100110000001:1 101010101000100100:1 101010101001011011:1 101010101001110111:1 101010101001111000:1 101010101010000001:1 101010101010000110:1 101010101010001000:1 101010101010001110:1 101010101010010000:1 101010101010010100:1 101010101010010111:1 101010101010011001:1 101010101010011011:1 101010101010011101:5 101010101010011111:1 101010101010100000:3 101010101010100010:1 101010101010100011:1 101010101010100100:4 101010101010100101:2 101010101010100110:4 101010101010100111:14 101010101010101000:27 101010101010101001:59 101010101010101010:472 101010101010101011:1731 101010101010101100:107 101010101010101101:29 101010101010101110:11 101010101010101111:9 101010101010110000:7 101010101010110001:1 101010101010110010:4 101010101010110011:3 101010101010110111:1 101010101010111001:1 101010101010111100:2 101010101010111101:2 101010101010111111:1 101010101011000011:1 101010101011000100:1 101010101011001001:1 101010101011100001:2 101010101011100011:1 101010101100010101:1 101010101101011001:1 110101001110110000:1 110101010010011111:1 110101010100001011:1 110101010100101011:1 110101010100110100:1 110101010100110110:1 110101010100111100:1 110101010100111110:1 110101010100111111:1 110101010101000001:1 110101010101000011:1 110101010101000100:1 110101010101000101:1 110101010101000110:3 110101010101001000:1 110101010101001001:1 110101010101001010:3 110101010101001011:1 110101010101001101:4 110101010101001110:3 110101010101001111:5 110101010101010000:8 110101010101010001:10 110101010101010010:9 110101010101010011:37 110101010101010100:110 110101010101010101:1700 110101010101010110:414 110101010101010111:73 110101010101011000:24 110101010101011001:14 110101010101011010:11 110101010101011011:5 110101010101011100:2 110101010101011101:2 110101010101011110:3 110101010101011111:3 110101010101100000:2 110101010101100001:2 110101010101100100:1 110101010101100101:1 110101010101100110:1 110101010101100111:1 110101010101101010:1 110101010101110000:1 110101010101110001:1 110101010101110101:1 110101010101111010:1 110101010101111011:1 110101010110001001:1 110101010110001010:1 110101010110010000:1 110101010110011101:1 110101010110100000:1 110101010110110011:1 110101010111010000:1 110101011000101101:1 110101110000011010:1 }

V100
	Command being timed: "python3 shor.py 18"
	User time (seconds): 844.55
	System time (seconds): 9.33
	Percent of CPU this job got: 99%
	Elapsed (wall clock) time (h:mm:ss or m:ss): 14:17.55
	Average shared text size (kbytes): 0
	Average unshared data size (kbytes): 0
	Average stack size (kbytes): 0
	Average total size (kbytes): 0
	Maximum resident set size (kbytes): 5417088
	Average resident set size (kbytes): 0
	Major (requiring I/O) page faults: 0
	Minor (reclaiming a frame) page faults: 8414613
	Voluntary context switches: 15787
	Involuntary context switches: 11390
	Swaps: 0
	File system inputs: 0
	File system outputs: 24
	Socket messages sent: 0
	Socket messages received: 0
	Signals delivered: 0
	Page size (bytes): 4096
	Exit status: 0
Measurement results for a=5 and N=21 with 18 qubits in the control register 
{ 000000000000000000:2466 001010011101011110:1 001010100101100011:1 001010101000011010:1 001010101000110101:1 001010101001001110:1 001010101001110010:1 001010101010001101:1 001010101010001110:1 001010101010010001:1 001010101010010111:1 001010101010011010:1 001010101010011100:3 001010101010011101:1 001010101010011110:1 001010101010011111:2 001010101010100000:1 001010101010100001:4 001010101010100010:2 001010101010100100:2 001010101010100101:10 001010101010100110:4 001010101010100111:17 001010101010101000:23 001010101010101001:84 001010101010101010:405 001010101010101011:1728 001010101010101100:109 001010101010101101:31 001010101010101110:21 001010101010101111:11 001010101010110000:6 001010101010110001:3 001010101010110010:3 001010101010110011:2 001010101010110100:2 001010101010110110:1 001010101010110111:1 001010101010111000:4 001010101010111101:1 001010101011000000:1 001010101011000001:2 001010101011000100:1 001010101011000110:1 001010101011000111:1 001010101011001001:1 001010101011010101:1 001010101011011101:1 001010101011011110:1 001010101101100010:1 001010101110110001:1 001010110001111111:1 001010110111001010:1 010101000110100001:1 010101001011011001:1 010101001101011001:1 010101001111100100:1 010101010011000000:1 010101010100000110:1 010101010100110000:1 010101010100110101:2 010101010100110110:1 010101010100111010:1 010101010100111100:1 010101010100111101:1 010101010101000001:1 010101010101000010:1 010101010101000011:1 010101010101000100:1 010101010101000101:2 010101010101000111:2 010101010101001001:3 010101010101001010:1 010101010101001100:2 010101010101001101:3 010101010101001111:3 010101010101010000:6 010101010101010001:15 010101010101010010:11 010101010101010011:33 010101010101010100:102 010101010101010101:1764 010101010101010110:431 010101010101010111:75 010101010101011000:27 010101010101011001:12 010101010101011010:9 010101010101011011:6 010101010101011100:4 010101010101011101:4 010101010101011110:3 010101010101011111:2 010101010101100001:2 010101010101100010:1 010101010101100011:1 010101010101100101:1 010101010101101010:2 010101010101101101:1 010101010101110000:1 010101010110000001:1 100000000000000000:2463 101010100111110001:1 101010101000110101:1 101010101001100011:1 101010101001101011:1 101010101001111010:1 101010101001111110:1 101010101010001001:1 101010101010001111:1 101010101010010000:1 101010101010011010:1 101010101010011100:1 101010101010011110:2 101010101010011111:3 101010101010100001:4 101010101010100010:5 101010101010100011:3 101010101010100100:4 101010101010100101:4 101010101010100110:16 101010101010100111:20 101010101010101000:31 101010101010101001:64 101010101010101010:418 101010101010101011:1733 101010101010101100:133 101010101010101101:31 101010101010101110:17 101010101010101111:9 101010101010110000:9 101010101010110001:4 101010101010110010:6 101010101010110011:3 101010101010110100:4 101010101010110101:2 101010101010110110:2 101010101010110111:3 101010101010111000:2 101010101010111101:1 101010101010111110:1 101010101010111111:3 101010101011000000:1 101010101011001000:1 101010101011010101:1 101010101011101001:1 101010101011101101:1 101010101011111101:1 101010101100001100:1 101010111100111101:1 110101010001110110:1 110101010010001101:1 110101010100011100:1 110101010100101001:1 110101010100110001:1 110101010100110011:3 110101010100110110:1 110101010100111100:1 110101010100111101:1 110101010101000001:1 110101010101000010:2 110101010101000011:2 110101010101000110:1 110101010101000111:1 110101010101001000:1 110101010101001001:3 110101010101001010:1 110101010101001011:2 110101010101001100:2 110101010101001101:1 110101010101001110:4 110101010101001111:1 110101010101010000:7 110101010101010001:9 110101010101010010:16 110101010101010011:33 110101010101010100:90 110101010101010101:1696 110101010101010110:428 110101010101010111:60 110101010101011000:25 110101010101011001:19 110101010101011010:5 110101010101011011:6 110101010101011100:1 110101010101011101:3 110101010101011110:5 110101010101011111:2 110101010101100000:1 110101010101100001:5 110101010101100010:1 110101010101100100:2 110101010101100101:3 110101010101100110:2 110101010101101000:3 110101010101101111:1 110101010101110000:1 110101010101110010:2 110101010101111001:1 110101010110100000:1 }

V100
	Command being timed: "python3 shor.py 18"
	User time (seconds): 846.49
	System time (seconds): 9.78
	Percent of CPU this job got: 99%
	Elapsed (wall clock) time (h:mm:ss or m:ss): 14:19.91
	Average shared text size (kbytes): 0
	Average unshared data size (kbytes): 0
	Average stack size (kbytes): 0
	Average total size (kbytes): 0
	Maximum resident set size (kbytes): 5413520
	Average resident set size (kbytes): 0
	Major (requiring I/O) page faults: 0
	Minor (reclaiming a frame) page faults: 8945949
	Voluntary context switches: 15773
	Involuntary context switches: 11417
	Swaps: 0
	File system inputs: 0
	File system outputs: 24
	Socket messages sent: 0
	Socket messages received: 0
	Signals delivered: 0
	Page size (bytes): 4096
	Exit status: 0
Measurement results for a=5 and N=21 with 18 qubits in the control register 
{ 000000000000000000:2468 001010101000111000:1 001010101001001101:1 001010101001011011:1 001010101001111001:1 001010101010000011:1 001010101010000111:1 001010101010001111:1 001010101010010011:1 001010101010011001:1 001010101010011010:2 001010101010011100:1 001010101010011111:1 001010101010100000:2 001010101010100001:1 001010101010100011:7 001010101010100100:6 001010101010100101:6 001010101010100110:5 001010101010100111:14 001010101010101000:24 001010101010101001:69 001010101010101010:420 001010101010101011:1713 001010101010101100:95 001010101010101101:39 001010101010101110:21 001010101010101111:10 001010101010110000:11 001010101010110001:9 001010101010110010:4 001010101010110011:3 001010101010110100:5 001010101010110101:1 001010101010110110:2 001010101010110111:1 001010101010111010:1 001010101010111011:2 001010101010111100:1 001010101010111110:1 001010101010111111:1 001010101011000010:1 001010101011000101:1 001010101011010000:1 001010101011010011:1 001010110100110110:1 010101001110110100:1 010101010100101000:1 010101010100101101:1 010101010100110000:1 010101010100110010:1 010101010100110111:2 010101010101000010:1 010101010101000100:1 010101010101000110:3 010101010101001000:1 010101010101001011:4 010101010101001100:4 010101010101001101:4 010101010101001110:3 010101010101001111:4 010101010101010000:6 010101010101010001:21 010101010101010010:19 010101010101010011:46 010101010101010100:108 010101010101010101:1741 010101010101010110:447 010101010101010111:61 010101010101011000:19 010101010101011001:7 010101010101011010:9 010101010101011011:3 010101010101011100:4 010101010101011101:1 010101010101011110:2 010101010101011111:2 010101010101100000:1 010101010101100001:3 010101010101101001:3 010101010101110000:1 010101010101110010:1 010101010101110011:1 010101010101111110:1 010101010101111111:1 010101010110000011:1 010101011000110110:1 100000000000000000:2491 101010100111011111:1 101010101000000110:1 101010101001000110:2 101010101001011101:1 101010101001100100:1 101010101010001110:1 101010101010010010:1 101010101010010101:1 101010101010010111:2 101010101010011010:1 101010101010011100:2 101010101010011101:1 101010101010011110:1 101010101010011111:1 101010101010100000:4 101010101010100001:3 101010101010100010:2 101010101010100011:2 101010101010100100:4 101010101010100101:7 101010101010100110:11 101010101010100111:18 101010101010101000:25 101010101010101001:68 101010101010101010:450 101010101010101011:1662 101010101010101100:96 101010101010101101:46 101010101010101110:15 101010101010101111:10 101010101010110000:6 101010101010110001:4 101010101010110010:5 101010101010110011:5 101010101010110100:3 101010101010110110:1 101010101010110111:1 101010101010111010:2 101010101010111011:1 101010101010111101:1 101010101010111110:1 101010101011000001:2 101010101011000111:2 101010101011001000:2 101010101011001011:1 101010101011001100:1 101010101011010110:1 101010101110001110:1 110101010001010000:1 110101010100000011:1 110101010100011100:1 110101010100100111:1 110101010100110000:1 110101010100111011:1 110101010100111111:1 110101010101000010:1 110101010101000100:1 110101010101000101:2 110101010101000110:1 110101010101001000:2 110101010101001001:2 110101010101001010:2 110101010101001011:2 110101010101001100:2 110101010101001101:3 110101010101001110:7 110101010101001111:3 110101010101010000:9 110101010101010001:10 110101010101010010:14 110101010101010011:43 110101010101010100:102 110101010101010101:1672 110101010101010110:487 110101010101010111:75 110101010101011000:27 110101010101011001:12 110101010101011010:8 110101010101011011:4 110101010101011100:7 110101010101011101:2 110101010101011110:1 110101010101011111:2 110101010101100000:2 110101010101100010:2 110101010101100011:1 110101010101100101:1 110101010101101011:1 110101010101101101:1 110101010101110001:1 110101010101110010:1 110101010101110011:1 110101010101110110:1 110101010101111011:1 110101010110000111:1 110101010110001010:1 110101010110010011:1 110101010110111011:1 }

V100
	Command being timed: "python3 shor.py 18"
	User time (seconds): 846.03
	System time (seconds): 10.71
	Percent of CPU this job got: 99%
	Elapsed (wall clock) time (h:mm:ss or m:ss): 14:20.33
	Average shared text size (kbytes): 0
	Average unshared data size (kbytes): 0
	Average stack size (kbytes): 0
	Average total size (kbytes): 0
	Maximum resident set size (kbytes): 5412420
	Average resident set size (kbytes): 0
	Major (requiring I/O) page faults: 0
	Minor (reclaiming a frame) page faults: 10061044
	Voluntary context switches: 15739
	Involuntary context switches: 11428
	Swaps: 0
	File system inputs: 0
	File system outputs: 24
	Socket messages sent: 0
	Socket messages received: 0
	Signals delivered: 0
	Page size (bytes): 4096
	Exit status: 0
Measurement results for a=5 and N=21 with 18 qubits in the control register 
{ 000000000000000000:2478 001010101001011101:1 001010101001100011:1 001010101001101001:1 001010101001111000:1 001010101001111011:1 001010101001111110:1 001010101001111111:1 001010101010001001:1 001010101010001011:1 001010101010001100:1 001010101010001101:1 001010101010010101:2 001010101010011000:2 001010101010011011:3 001010101010011100:2 001010101010011101:1 001010101010011111:2 001010101010100000:2 001010101010100001:1 001010101010100010:1 001010101010100011:4 001010101010100101:5 001010101010100110:9 001010101010100111:14 001010101010101000:26 001010101010101001:71 001010101010101010:432 001010101010101011:1702 001010101010101100:109 001010101010101101:33 001010101010101110:15 001010101010101111:4 001010101010110000:3 001010101010110001:4 001010101010110010:3 001010101010110011:5 001010101010110100:2 001010101010110110:2 001010101010110111:3 001010101010111010:1 001010101010111100:1 001010101010111110:1 001010101011000001:1 001010101011000100:1 001010101011001010:1 001010101011010110:1 001010101011011010:1 001010101011011011:2 001010101011101000:1 001010101100000111:1 001010101100010000:1 001010101100011101:1 001010101101101001:1 010101000000001001:1 010101010001010111:1 010101010010101001:1 010101010100000000:1 010101010100000111:1 010101010100100000:1 010101010100110110:1 010101010100111010:1 010101010101000001:1 010101010101000100:1 010101010101000110:2 010101010101001000:3 010101010101001010:2 010101010101001011:1 010101010101001100:1 010101010101001101:1 010101010101001110:6 010101010101001111:5 010101010101010000:14 010101010101010001:11 010101010101010010:12 010101010101010011:44 010101010101010100:114 010101010101010101:1623 010101010101010110:441 010101010101010111:70 010101010101011000:29 010101010101011001:21 010101010101011010:13 010101010101011011:7 010101010101011100:3 010101010101011101:3 010101010101011110:3 010101010101011111:2 010101010101100000:3 010101010101100001:3 010101010101100010:1 010101010101100100:3 010101010101100110:1 010101010101101000:2 010101010101101010:1 010101010101101100:2 010101010101101110:1 010101010101101111:1 010101010101110000:1 010101010101111001:1 010101010110000001:2 010101010110000010:1 010101010110011010:1 010101010110100001:1 010101010110100110:1 010110010001011011:1 100000000000000000:2618 101010101001110010:1 101010101001111010:1 101010101010000000:1 101010101010001000:1 101010101010001010:1 101010101010010010:1 101010101010010101:2 101010101010010110:1 101010101010011010:1 101010101010011011:1 101010101010011100:1 101010101010011101:3 101010101010011110:1 101010101010011111:2 101010101010100000:3 101010101010100001:2 101010101010100010:3 101010101010100011:4 101010101010100100:4 101010101010100101:5 101010101010100110:7 101010101010100111:16 101010101010101000:23 101010101010101001:63 101010101010101010:415 101010101010101011:1682 101010101010101100:107 101010101010101101:38 101010101010101110:16 101010101010101111:15 101010101010110000:7 101010101010110001:6 101010101010110010:3 101010101010110011:2 101010101010110100:1 101010101010110101:1 101010101010110110:2 101010101010110111:3 101010101010111000:1 101010101010111001:3 101010101010111010:1 101010101010111011:1 101010101010111100:2 101010101010111111:1 101010101011000011:1 101010101011000101:2 101010101011000111:1 101010101011001000:1 101010101011001001:1 101010101011010010:1 101010101011110000:1 101010101011111101:1 101010101111010110:1 101010110100000100:1 110100110010100011:1 110101010011110010:1 110101010100101011:1 110101010100101111:1 110101010100110010:1 110101010100110101:1 110101010100111101:1 110101010101000000:1 110101010101000011:1 110101010101000100:1 110101010101000101:2 110101010101000110:3 110101010101000111:1 110101010101001001:2 110101010101001011:1 110101010101001100:1 110101010101001110:1 110101010101001111:4 110101010101010000:7 110101010101010001:11 110101010101010010:12 110101010101010011:28 110101010101010100:103 110101010101010101:1721 110101010101010110:429 110101010101010111:55 110101010101011000:27 110101010101011001:11 110101010101011010:15 110101010101011011:8 110101010101011100:7 110101010101011101:2 110101010101011110:5 110101010101011111:1 110101010101100001:3 110101010101100011:1 110101010101100100:1 110101010101100101:2 110101010101101010:1 110101010101101011:1 110101010101101101:1 110101010101110000:1 110101010101110100:1 110101010101111001:1 110101010101111110:1 110101100110110001:1 }

V100
	Command being timed: "python3 shor.py 18"
	User time (seconds): 847.06
	System time (seconds): 10.65
	Percent of CPU this job got: 99%
	Elapsed (wall clock) time (h:mm:ss or m:ss): 14:21.29
	Average shared text size (kbytes): 0
	Average unshared data size (kbytes): 0
	Average stack size (kbytes): 0
	Average total size (kbytes): 0
	Maximum resident set size (kbytes): 5418532
	Average resident set size (kbytes): 0
	Major (requiring I/O) page faults: 0
	Minor (reclaiming a frame) page faults: 9972714
	Voluntary context switches: 15763
	Involuntary context switches: 11437
	Swaps: 0
	File system inputs: 0
	File system outputs: 24
	Socket messages sent: 0
	Socket messages received: 0
	Signals delivered: 0
	Page size (bytes): 4096
	Exit status: 0
Measurement results for a=5 and N=21 with 18 qubits in the control register 
{ 000000000000000000:2572 001010100111001100:1 001010101001010001:1 001010101001010011:1 001010101001011111:1 001010101001110010:1 001010101001111101:1 001010101010000001:1 001010101010000110:1 001010101010001110:1 001010101010001111:1 001010101010010010:1 001010101010010110:2 001010101010011000:1 001010101010011010:1 001010101010011100:1 001010101010011101:1 001010101010011111:1 001010101010100000:2 001010101010100001:2 001010101010100011:5 001010101010100100:7 001010101010100101:5 001010101010100110:5 001010101010100111:10 001010101010101000:29 001010101010101001:71 001010101010101010:409 001010101010101011:1699 001010101010101100:102 001010101010101101:37 001010101010101110:16 001010101010101111:14 001010101010110000:3 001010101010110001:4 001010101010110010:6 001010101010110011:1 001010101010110100:1 001010101010110101:2 001010101010110110:1 001010101010110111:1 001010101010111000:3 001010101010111001:3 001010101010111010:2 001010101010111011:2 001010101010111101:3 001010101010111111:1 001010101011000000:2 001010101011000010:1 001010101011000111:1 001010101011001011:1 001010101011001111:1 001010101011100111:1 001010101011101111:1 001010101011111100:1 001010101100000001:1 001010101100000111:1 001010101100001111:1 001010101100101010:1 001011000110011101:1 010101010100101101:1 010101010100111010:1 010101010100111011:1 010101010101000000:1 010101010101000011:2 010101010101000100:3 010101010101000111:3 010101010101001001:1 010101010101001010:2 010101010101001011:1 010101010101001100:1 010101010101001101:3 010101010101001110:5 010101010101001111:3 010101010101010000:5 010101010101010001:9 010101010101010010:12 010101010101010011:33 010101010101010100:106 010101010101010101:1678 010101010101010110:384 010101010101010111:68 010101010101011000:27 010101010101011001:22 010101010101011010:10 010101010101011011:4 010101010101011100:3 010101010101011111:1 010101010101100000:2 010101010101100001:1 010101010101100010:4 010101010101100011:2 010101010101100100:1 010101010101100110:1 010101010101101000:1 010101010101101001:3 010101010101101010:2 010101010101101011:1 010101010101110001:1 010101010101111010:1 010101010110000000:1 010101010110000110:1 010101010110001100:1 010101010110111010:1 010101011001000010:1 100000000000000000:2484 101010011110110010:1 101010100011000111:1 101010100110010001:1 101010101001011000:1 101010101001110010:1 101010101010000011:1 101010101010000110:1 101010101010001001:1 101010101010001011:1 101010101010001110:1 101010101010010000:1 101010101010010010:2 101010101010011000:1 101010101010011001:1 101010101010011010:2 101010101010011011:1 101010101010011100:2 101010101010011110:2 101010101010100000:1 101010101010100001:2 101010101010100010:1 101010101010100011:4 101010101010100100:7 101010101010100101:4 101010101010100110:10 101010101010100111:12 101010101010101000:39 101010101010101001:68 101010101010101010:405 101010101010101011:1770 101010101010101100:120 101010101010101101:37 101010101010101110:19 101010101010101111:10 101010101010110000:4 101010101010110001:7 101010101010110010:8 101010101010110011:2 101010101010110100:1 101010101010110110:2 101010101010110111:1 101010101010111001:1 101010101010111010:1 101010101010111101:1 101010101010111110:1 101010101011001101:1 101010101011001111:1 101010101011010011:1 101010101011101100:1 101010101100000111:1 101010101100001110:1 101010101111000110:1 110101010100010101:1 110101010100011100:1 110101010100101000:1 110101010100101100:1 110101010100110000:1 110101010100110011:1 110101010100111101:1 110101010100111111:1 110101010101000010:1 110101010101000011:1 110101010101000100:1 110101010101000110:1 110101010101000111:1 110101010101001001:1 110101010101001011:1 110101010101001100:4 110101010101001101:3 110101010101001110:4 110101010101001111:4 110101010101010000:7 110101010101010001:12 110101010101010010:24 110101010101010011:32 110101010101010100:106 110101010101010101:1670 110101010101010110:443 110101010101010111:73 110101010101011000:35 110101010101011001:14 110101010101011010:10 110101010101011011:3 110101010101011100:5 110101010101011101:3 110101010101011110:1 110101010101011111:1 110101010101100000:1 110101010101100001:1 110101010101100100:1 110101010101101000:2 110101010101101011:1 110101010101101110:2 110101010101110010:1 110101010110000000:1 110101010110000011:1 110101010110011101:2 110101010110100101:1 110101011001110010:1 }

V100
	Command being timed: "python3 shor.py 18"
	User time (seconds): 845.90
	System time (seconds): 10.56
	Percent of CPU this job got: 99%
	Elapsed (wall clock) time (h:mm:ss or m:ss): 14:20.03
	Average shared text size (kbytes): 0
	Average unshared data size (kbytes): 0
	Average stack size (kbytes): 0
	Average total size (kbytes): 0
	Maximum resident set size (kbytes): 5416488
	Average resident set size (kbytes): 0
	Major (requiring I/O) page faults: 0
	Minor (reclaiming a frame) page faults: 9965125
	Voluntary context switches: 15723
	Involuntary context switches: 11426
	Swaps: 0
	File system inputs: 0
	File system outputs: 24
	Socket messages sent: 0
	Socket messages received: 0
	Signals delivered: 0
	Page size (bytes): 4096
	Exit status: 0
Measurement results for a=5 and N=21 with 18 qubits in the control register 
{ 000000000000000000:2548 001010010011111000:1 001010100101011100:1 001010100111110111:1 001010101000100011:1 001010101001000000:1 001010101001100111:1 001010101001101000:1 001010101001101101:1 001010101001111000:1 001010101001111100:1 001010101010000111:1 001010101010001000:1 001010101010001100:1 001010101010001110:1 001010101010010010:1 001010101010010100:1 001010101010011100:3 001010101010011101:2 001010101010011111:2 001010101010100000:2 001010101010100001:1 001010101010100010:1 001010101010100011:7 001010101010100100:8 001010101010100101:6 001010101010100110:10 001010101010100111:16 001010101010101000:26 001010101010101001:65 001010101010101010:412 001010101010101011:1698 001010101010101100:102 001010101010101101:32 001010101010101110:23 001010101010101111:8 001010101010110000:8 001010101010110001:3 001010101010110010:3 001010101010110011:3 001010101010110100:2 001010101010110110:2 001010101010111010:2 001010101010111011:1 001010101010111110:3 001010101010111111:1 001010101011000111:1 001010101011001000:1 001010101011001101:1 001010101011100111:1 001010101011101110:1 001010101011110001:1 001010101100001101:1 001010101100111001:1 001010101101010011:1 010101010001110110:1 010101010011010111:1 010101010100010000:1 010101010100101111:1 010101010100110011:2 010101010100111001:1 010101010100111100:1 010101010101000001:1 010101010101000010:1 010101010101000111:2 010101010101001000:2 010101010101001010:2 010101010101001100:6 010101010101001101:2 010101010101001110:2 010101010101001111:6 010101010101010000:9 010101010101010001:14 010101010101010010:16 010101010101010011:31 010101010101010100:102 010101010101010101:1710 010101010101010110:452 010101010101010111:79 010101010101011000:22 010101010101011001:16 010101010101011010:7 010101010101011011:3 010101010101011100:8 010101010101011101:4 010101010101011110:4 010101010101011111:3 010101010101100000:4 010101010101100010:1 010101010101100011:1 010101010101100110:3 010101010101101000:1 010101010101101001:1 010101010101101010:1 010101010101110101:1 010101010101111001:1 010101010101111011:1 010101010110000100:1 010101010110100011:1 010101010111010111:1 100000000000000000:2478 101010011101110111:1 101010100110110101:1 101010101000101110:1 101010101001011111:1 101010101001100111:1 101010101001101010:1 101010101001111110:1 101010101010010011:1 101010101010011000:2 101010101010011010:1 101010101010011011:3 101010101010011100:1 101010101010011101:1 101010101010011110:1 101010101010011111:1 101010101010100000:1 101010101010100001:1 101010101010100010:2 101010101010100011:2 101010101010100100:10 101010101010100101:6 101010101010100110:11 101010101010100111:10 101010101010101000:20 101010101010101001:77 101010101010101010:415 101010101010101011:1698 101010101010101100:123 101010101010101101:34 101010101010101110:29 101010101010101111:10 101010101010110000:6 101010101010110001:7 101010101010110011:2 101010101010110110:3 101010101010110111:2 101010101010111001:3 101010101010111100:1 101010101010111110:1 101010101010111111:1 101010101011000011:1 101010101011001000:1 101010101011001011:1 101010101011011011:1 101010101011110000:1 110101001111010011:1 110101010011111110:1 110101010100010011:1 110101010100100110:1 110101010100101000:1 110101010100101100:1 110101010100110011:1 110101010100110101:1 110101010100111001:1 110101010100111100:2 110101010100111101:1 110101010101000010:1 110101010101000100:1 110101010101000101:1 110101010101000110:1 110101010101000111:2 110101010101001001:2 110101010101001010:1 110101010101001011:1 110101010101001100:2 110101010101001101:5 110101010101001110:2 110101010101001111:2 110101010101010000:6 110101010101010001:7 110101010101010010:15 110101010101010011:24 110101010101010100:88 110101010101010101:1731 110101010101010110:415 110101010101010111:64 110101010101011000:28 110101010101011001:13 110101010101011010:6 110101010101011011:9 110101010101011100:2 110101010101011101:1 110101010101011110:5 110101010101011111:1 110101010101100000:1 110101010101100001:2 110101010101100011:1 110101010101100100:1 110101010101100101:2 110101010101100110:1 110101010101100111:2 110101010101101000:1 110101010101101001:1 110101010101101100:1 110101010101101101:1 110101010101101111:1 110101010101110100:1 110101010101111100:1 110101010110001111:1 110101010110110101:1 110101010111011111:1 110101100010100011:1 }

V100
	Command being timed: "python3 shor.py 18"
	User time (seconds): 847.31
	System time (seconds): 9.94
	Percent of CPU this job got: 99%
	Elapsed (wall clock) time (h:mm:ss or m:ss): 14:20.89
	Average shared text size (kbytes): 0
	Average unshared data size (kbytes): 0
	Average stack size (kbytes): 0
	Average total size (kbytes): 0
	Maximum resident set size (kbytes): 5412424
	Average resident set size (kbytes): 0
	Major (requiring I/O) page faults: 0
	Minor (reclaiming a frame) page faults: 9243869
	Voluntary context switches: 15763
	Involuntary context switches: 11437
	Swaps: 0
	File system inputs: 0
	File system outputs: 24
	Socket messages sent: 0
	Socket messages received: 0
	Signals delivered: 0
	Page size (bytes): 4096
	Exit status: 0
