WARNING: overwriting environment variables set in the machine
overwriting variable ['LD_LIBRARY_PATH']
Measurement results for a=5 and N=21 with 7 qubits in the control register 
{ 0000000:2496 0000001:3 0000010:1 0000011:2 0000100:1 0000101:2 0000110:1 0000111:1 0001000:3 0001001:2 0001010:1 0001011:3 0001100:4 0001101:6 0001110:4 0001111:5 0010000:11 0010001:15 0010010:21 0010011:43 0010100:96 0010101:1678 0010110:425 0010111:67 0011000:29 0011001:16 0011010:10 0011011:10 0011100:4 0011101:8 0011110:1 0011111:3 0100000:5 0100001:3 0100010:3 0100011:6 0100100:7 0100101:7 0100110:4 0100111:14 0101000:32 0101001:87 0101010:443 0101011:1700 0101100:98 0101101:33 0101110:23 0101111:8 0110000:3 0110001:4 0110010:3 0110011:7 0110100:3 0110110:1 0110111:2 0111000:3 0111001:2 0111010:1 0111011:2 0111101:1 0111110:1 0111111:2 1000000:2519 1000011:2 1000100:1 1000101:2 1000110:1 1000111:4 1001000:2 1001001:3 1001010:3 1001011:4 1001100:1 1001101:4 1001110:3 1001111:6 1010000:11 1010001:10 1010010:19 1010011:43 1010100:127 1010101:1691 1010110:440 1010111:57 1011000:29 1011001:11 1011010:13 1011011:5 1011100:7 1011101:1 1011110:7 1011111:2 1100000:2 1100001:7 1100010:3 1100011:7 1100100:6 1100101:4 1100110:13 1100111:13 1101000:19 1101001:76 1101010:438 1101011:1698 1101100:99 1101101:36 1101110:19 1101111:11 1110000:7 1110001:3 1110010:4 1110011:1 1110100:2 1110101:4 1110110:4 1110111:2 1111000:5 1111001:3 1111010:2 1111011:1 1111101:2 1111110:1 }

V100
	Command being timed: "python3 shor.py 7"
	User time (seconds): 2.25
	System time (seconds): 0.77
	Percent of CPU this job got: 86%
	Elapsed (wall clock) time (h:mm:ss or m:ss): 0:03.49
	Average shared text size (kbytes): 0
	Average unshared data size (kbytes): 0
	Average stack size (kbytes): 0
	Average total size (kbytes): 0
	Maximum resident set size (kbytes): 744612
	Average resident set size (kbytes): 0
	Major (requiring I/O) page faults: 0
	Minor (reclaiming a frame) page faults: 111525
	Voluntary context switches: 10041
	Involuntary context switches: 50
	Swaps: 0
	File system inputs: 0
	File system outputs: 16
	Socket messages sent: 0
	Socket messages received: 0
	Signals delivered: 0
	Page size (bytes): 4096
	Exit status: 0
Measurement results for a=5 and N=21 with 7 qubits in the control register 
{ 0000000:2507 0000001:1 0000010:1 0000100:2 0000110:2 0001000:3 0001001:2 0001010:1 0001011:1 0001100:3 0001101:4 0001110:3 0001111:6 0010000:10 0010001:5 0010010:19 0010011:37 0010100:115 0010101:1703 0010110:385 0010111:69 0011000:21 0011001:21 0011010:11 0011011:12 0011100:4 0011101:9 0011110:2 0011111:4 0100000:7 0100001:4 0100010:5 0100011:7 0100100:8 0100101:10 0100110:10 0100111:13 0101000:34 0101001:59 0101010:405 0101011:1678 0101100:101 0101101:39 0101110:15 0101111:7 0110000:3 0110001:7 0110010:4 0110011:3 0110100:1 0110101:2 0110111:3 0111000:1 0111010:2 0111011:2 0111100:1 0111101:1 0111110:3 0111111:1 1000000:2546 1000001:2 1000011:3 1000101:1 1000110:1 1000111:2 1001000:1 1001010:3 1001011:5 1001100:2 1001101:4 1001110:5 1001111:14 1010000:4 1010001:8 1010010:20 1010011:26 1010100:91 1010101:1728 1010110:455 1010111:86 1011000:27 1011001:16 1011010:5 1011011:4 1011100:7 1011101:9 1011110:1 1011111:4 1100000:3 1100001:4 1100010:5 1100011:2 1100100:5 1100101:4 1100110:16 1100111:11 1101000:22 1101001:75 1101010:423 1101011:1731 1101100:116 1101101:34 1101110:27 1101111:9 1110000:4 1110001:6 1110010:5 1110011:2 1110100:1 1110101:2 1110110:1 1110111:2 1111000:2 1111001:1 1111010:2 1111011:1 1111100:1 1111101:2 1111111:2 }

V100
	Command being timed: "python3 shor.py 7"
	User time (seconds): 2.20
	System time (seconds): 0.70
	Percent of CPU this job got: 93%
	Elapsed (wall clock) time (h:mm:ss or m:ss): 0:03.12
	Average shared text size (kbytes): 0
	Average unshared data size (kbytes): 0
	Average stack size (kbytes): 0
	Average total size (kbytes): 0
	Maximum resident set size (kbytes): 741856
	Average resident set size (kbytes): 0
	Major (requiring I/O) page faults: 0
	Minor (reclaiming a frame) page faults: 111949
	Voluntary context switches: 3860
	Involuntary context switches: 52
	Swaps: 0
	File system inputs: 0
	File system outputs: 16
	Socket messages sent: 0
	Socket messages received: 0
	Signals delivered: 0
	Page size (bytes): 4096
	Exit status: 0
Measurement results for a=5 and N=21 with 7 qubits in the control register 
{ 0000000:2380 0000001:1 0000100:1 0000110:3 0001000:3 0001001:2 0001010:3 0001011:3 0001100:5 0001101:4 0001111:3 0010000:7 0010001:18 0010010:18 0010011:36 0010100:124 0010101:1714 0010110:424 0010111:81 0011000:35 0011001:16 0011010:14 0011011:4 0011100:6 0011101:8 0011110:3 0011111:5 0100000:3 0100001:4 0100010:2 0100011:4 0100100:4 0100101:5 0100110:8 0100111:16 0101000:31 0101001:64 0101010:431 0101011:1665 0101100:110 0101101:35 0101110:24 0101111:10 0110000:8 0110001:5 0110010:4 0110011:3 0110100:4 0110101:1 0110110:3 0110111:2 0111000:1 0111010:1 0111011:1 0111100:2 0111110:3 1000000:2472 1000011:1 1000100:3 1000101:1 1000110:1 1000111:3 1001000:2 1001001:1 1001010:3 1001011:2 1001100:6 1001101:4 1001110:2 1001111:3 1010000:9 1010001:13 1010010:15 1010011:39 1010100:134 1010101:1773 1010110:463 1010111:68 1011000:36 1011001:24 1011010:10 1011011:4 1011100:4 1011101:5 1011110:7 1011111:1 1100000:3 1100001:2 1100010:4 1100011:1 1100100:3 1100101:11 1100110:11 1100111:13 1101000:30 1101001:74 1101010:465 1101011:1706 1101100:91 1101101:25 1101110:18 1101111:12 1110000:7 1110001:4 1110010:5 1110011:8 1110100:3 1110110:3 1110111:1 1111001:4 1111010:3 1111100:3 1111101:1 1111110:3 1111111:2 }

V100
	Command being timed: "python3 shor.py 7"
	User time (seconds): 2.20
	System time (seconds): 0.70
	Percent of CPU this job got: 93%
	Elapsed (wall clock) time (h:mm:ss or m:ss): 0:03.12
	Average shared text size (kbytes): 0
	Average unshared data size (kbytes): 0
	Average stack size (kbytes): 0
	Average total size (kbytes): 0
	Maximum resident set size (kbytes): 744344
	Average resident set size (kbytes): 0
	Major (requiring I/O) page faults: 0
	Minor (reclaiming a frame) page faults: 112095
	Voluntary context switches: 3890
	Involuntary context switches: 49
	Swaps: 0
	File system inputs: 0
	File system outputs: 16
	Socket messages sent: 0
	Socket messages received: 0
	Signals delivered: 0
	Page size (bytes): 4096
	Exit status: 0
Measurement results for a=5 and N=21 with 7 qubits in the control register 
{ 0000000:2465 0000001:3 0000010:1 0000100:1 0000101:1 0000110:2 0000111:5 0001000:2 0001001:2 0001010:3 0001011:3 0001100:6 0001101:3 0001110:9 0001111:5 0010000:5 0010001:8 0010010:20 0010011:41 0010100:116 0010101:1668 0010110:411 0010111:79 0011000:36 0011001:22 0011010:13 0011011:7 0011100:5 0011101:7 0011110:1 0011111:3 0100000:3 0100001:5 0100010:4 0100011:4 0100100:2 0100101:9 0100110:22 0100111:18 0101000:34 0101001:75 0101010:409 0101011:1690 0101100:106 0101101:29 0101110:16 0101111:9 0110000:5 0110001:9 0110010:6 0110100:1 0110101:3 0110110:4 0110111:2 0111000:1 0111001:2 0111011:2 0111101:3 0111110:2 0111111:2 1000000:2581 1000010:1 1000011:2 1000100:2 1000101:2 1000111:3 1001000:2 1001001:5 1001010:1 1001011:3 1001100:4 1001101:4 1001110:4 1001111:4 1010000:6 1010001:19 1010010:18 1010011:25 1010100:108 1010101:1694 1010110:423 1010111:83 1011000:19 1011001:16 1011010:3 1011011:7 1011100:7 1011101:7 1011110:4 1011111:3 1100000:1 1100001:3 1100010:2 1100011:5 1100100:2 1100101:4 1100110:8 1100111:21 1101000:38 1101001:78 1101010:452 1101011:1698 1101100:102 1101101:42 1101110:12 1101111:9 1110000:5 1110001:6 1110010:2 1110011:2 1110100:1 1110101:2 1110111:3 1111000:3 1111001:2 1111010:2 1111011:1 1111101:1 1111110:2 1111111:1 }

V100
	Command being timed: "python3 shor.py 7"
	User time (seconds): 2.19
	System time (seconds): 0.70
	Percent of CPU this job got: 93%
	Elapsed (wall clock) time (h:mm:ss or m:ss): 0:03.10
	Average shared text size (kbytes): 0
	Average unshared data size (kbytes): 0
	Average stack size (kbytes): 0
	Average total size (kbytes): 0
	Maximum resident set size (kbytes): 742052
	Average resident set size (kbytes): 0
	Major (requiring I/O) page faults: 0
	Minor (reclaiming a frame) page faults: 112097
	Voluntary context switches: 3607
	Involuntary context switches: 49
	Swaps: 0
	File system inputs: 0
	File system outputs: 16
	Socket messages sent: 0
	Socket messages received: 0
	Signals delivered: 0
	Page size (bytes): 4096
	Exit status: 0
Measurement results for a=5 and N=21 with 7 qubits in the control register 
{ 0000000:2523 0000011:3 0000100:1 0000101:1 0000111:6 0001000:5 0001001:1 0001010:1 0001011:2 0001100:2 0001101:4 0001110:6 0001111:4 0010000:12 0010001:11 0010010:15 0010011:35 0010100:104 0010101:1709 0010110:443 0010111:62 0011000:22 0011001:16 0011010:7 0011011:8 0011100:8 0011101:3 0011110:4 0011111:3 0100000:7 0100001:5 0100010:5 0100011:5 0100100:10 0100101:10 0100110:11 0100111:19 0101000:25 0101001:72 0101010:442 0101011:1656 0101100:100 0101101:43 0101110:13 0101111:14 0110000:7 0110001:7 0110010:3 0110011:5 0110100:1 0110101:3 0110110:3 0110111:1 0111000:3 0111011:2 0111101:1 0111111:2 1000000:2527 1000001:1 1000010:3 1000101:2 1000110:2 1001001:3 1001010:2 1001011:1 1001100:1 1001101:2 1001110:1 1001111:2 1010000:1 1010001:9 1010010:16 1010011:47 1010100:104 1010101:1723 1010110:427 1010111:79 1011000:29 1011001:18 1011010:6 1011011:9 1011100:3 1011101:11 1011110:2 1011111:2 1100000:2 1100001:3 1100010:3 1100011:1 1100100:9 1100101:3 1100110:11 1100111:15 1101000:31 1101001:61 1101010:392 1101011:1722 1101100:117 1101101:30 1101110:10 1101111:10 1110000:8 1110001:7 1110010:4 1110011:6 1110100:5 1110101:1 1110111:3 1111000:2 1111001:4 1111010:3 1111011:1 1111100:1 1111101:2 1111110:3 1111111:1 }

V100
	Command being timed: "python3 shor.py 7"
	User time (seconds): 2.23
	System time (seconds): 0.66
	Percent of CPU this job got: 93%
	Elapsed (wall clock) time (h:mm:ss or m:ss): 0:03.10
	Average shared text size (kbytes): 0
	Average unshared data size (kbytes): 0
	Average stack size (kbytes): 0
	Average total size (kbytes): 0
	Maximum resident set size (kbytes): 740732
	Average resident set size (kbytes): 0
	Major (requiring I/O) page faults: 0
	Minor (reclaiming a frame) page faults: 111188
	Voluntary context switches: 3607
	Involuntary context switches: 55
	Swaps: 0
	File system inputs: 0
	File system outputs: 16
	Socket messages sent: 0
	Socket messages received: 0
	Signals delivered: 0
	Page size (bytes): 4096
	Exit status: 0
Measurement results for a=5 and N=21 with 7 qubits in the control register 
{ 0000000:2478 0000001:1 0000101:1 0000111:2 0001000:1 0001001:6 0001010:5 0001011:1 0001100:4 0001101:2 0001110:4 0001111:4 0010000:7 0010001:7 0010010:21 0010011:42 0010100:102 0010101:1708 0010110:449 0010111:78 0011000:26 0011001:20 0011010:5 0011011:8 0011100:6 0011101:6 0011110:5 0011111:3 0100000:5 0100001:5 0100010:3 0100011:5 0100100:4 0100101:7 0100110:7 0100111:22 0101000:29 0101001:60 0101010:425 0101011:1765 0101100:120 0101101:31 0101110:16 0101111:10 0110000:7 0110001:2 0110010:2 0110011:5 0110100:3 0110101:2 0111000:1 0111001:1 0111010:2 0111011:3 0111110:2 0111111:2 1000000:2486 1000001:1 1000010:2 1000011:1 1000101:1 1000111:4 1001000:1 1001001:2 1001011:3 1001100:1 1001101:5 1001110:1 1001111:6 1010000:6 1010001:9 1010010:26 1010011:31 1010100:97 1010101:1697 1010110:487 1010111:72 1011000:23 1011001:19 1011010:13 1011011:3 1011100:5 1011101:3 1011110:3 1011111:5 1100000:4 1100001:1 1100010:4 1100011:2 1100100:5 1100101:9 1100110:9 1100111:11 1101000:21 1101001:72 1101010:388 1101011:1720 1101100:113 1101101:32 1101110:10 1101111:9 1110000:5 1110001:2 1110010:3 1110011:2 1110101:1 1110110:4 1110111:2 1111000:2 1111001:1 1111010:1 1111100:1 1111101:1 1111110:3 1111111:1 }

V100
	Command being timed: "python3 shor.py 7"
	User time (seconds): 2.23
	System time (seconds): 0.66
	Percent of CPU this job got: 93%
	Elapsed (wall clock) time (h:mm:ss or m:ss): 0:03.09
	Average shared text size (kbytes): 0
	Average unshared data size (kbytes): 0
	Average stack size (kbytes): 0
	Average total size (kbytes): 0
	Maximum resident set size (kbytes): 742540
	Average resident set size (kbytes): 0
	Major (requiring I/O) page faults: 0
	Minor (reclaiming a frame) page faults: 112125
	Voluntary context switches: 3616
	Involuntary context switches: 54
	Swaps: 0
	File system inputs: 0
	File system outputs: 16
	Socket messages sent: 0
	Socket messages received: 0
	Signals delivered: 0
	Page size (bytes): 4096
	Exit status: 0
Measurement results for a=5 and N=21 with 7 qubits in the control register 
{ 0000000:2503 0000001:1 0000010:2 0000011:2 0000101:3 0000110:1 0000111:1 0001001:4 0001010:3 0001011:2 0001100:5 0001101:2 0001110:2 0001111:7 0010000:7 0010001:11 0010010:15 0010011:30 0010100:102 0010101:1674 0010110:424 0010111:68 0011000:29 0011001:19 0011010:11 0011011:7 0011100:8 0011101:9 0011110:3 0011111:5 0100000:2 0100001:3 0100010:7 0100011:4 0100100:7 0100101:9 0100110:9 0100111:11 0101000:19 0101001:69 0101010:432 0101011:1677 0101100:133 0101101:32 0101110:16 0101111:11 0110000:6 0110001:5 0110010:6 0110011:2 0110100:3 0110101:3 0110110:3 0110111:2 0111000:1 0111001:1 0111010:1 0111011:3 0111111:1 1000000:2460 1000011:2 1000100:1 1000101:1 1000111:3 1001000:4 1001010:2 1001011:2 1001100:5 1001101:1 1001110:3 1001111:6 1010000:6 1010001:13 1010010:14 1010011:35 1010100:101 1010101:1739 1010110:443 1010111:53 1011000:34 1011001:16 1011010:9 1011011:5 1011100:7 1011101:4 1011110:5 1011111:6 1100000:2 1100001:5 1100010:6 1100011:1 1100100:7 1100101:9 1100110:14 1100111:17 1101000:18 1101001:78 1101010:467 1101011:1745 1101100:111 1101101:41 1101110:14 1101111:10 1110000:8 1110001:3 1110010:8 1110011:2 1110100:2 1110101:4 1110111:1 1111000:1 1111001:4 1111011:1 1111100:2 1111101:1 }

V100
	Command being timed: "python3 shor.py 7"
	User time (seconds): 2.19
	System time (seconds): 0.70
	Percent of CPU this job got: 93%
	Elapsed (wall clock) time (h:mm:ss or m:ss): 0:03.11
	Average shared text size (kbytes): 0
	Average unshared data size (kbytes): 0
	Average stack size (kbytes): 0
	Average total size (kbytes): 0
	Maximum resident set size (kbytes): 742372
	Average resident set size (kbytes): 0
	Major (requiring I/O) page faults: 0
	Minor (reclaiming a frame) page faults: 111519
	Voluntary context switches: 3608
	Involuntary context switches: 49
	Swaps: 0
	File system inputs: 0
	File system outputs: 16
	Socket messages sent: 0
	Socket messages received: 0
	Signals delivered: 0
	Page size (bytes): 4096
	Exit status: 0
Measurement results for a=5 and N=21 with 7 qubits in the control register 
{ 0000000:2471 0000001:1 0000010:3 0000101:1 0000110:1 0000111:1 0001000:1 0001001:1 0001010:3 0001011:1 0001100:1 0001101:2 0001110:5 0001111:2 0010000:5 0010001:10 0010010:14 0010011:29 0010100:96 0010101:1697 0010110:454 0010111:51 0011000:27 0011001:9 0011010:7 0011011:5 0011100:7 0011101:9 0011110:1 0011111:2 0100000:4 0100001:4 0100010:3 0100011:1 0100100:6 0100101:12 0100110:9 0100111:12 0101000:34 0101001:58 0101010:444 0101011:1751 0101100:99 0101101:37 0101110:20 0101111:21 0110000:6 0110001:4 0110010:5 0110011:6 0110100:4 0110101:2 0110110:4 0110111:2 0111000:1 0111001:1 0111010:2 0111011:1 0111100:2 0111101:1 0111110:2 0111111:3 1000000:2409 1000011:2 1000111:3 1001000:3 1001001:2 1001011:2 1001100:3 1001101:3 1001110:9 1001111:6 1010000:8 1010001:5 1010010:23 1010011:35 1010100:120 1010101:1772 1010110:444 1010111:62 1011000:28 1011001:11 1011010:16 1011011:8 1011100:4 1011101:3 1011110:3 1011111:5 1100000:4 1100001:4 1100010:1 1100011:7 1100100:5 1100101:8 1100110:6 1100111:14 1101000:23 1101001:83 1101010:409 1101011:1751 1101100:120 1101101:25 1101110:16 1101111:17 1110000:9 1110001:7 1110010:3 1110011:2 1110100:2 1110101:2 1110110:2 1110111:3 1111000:2 1111001:1 1111010:2 1111011:2 1111101:2 1111110:1 }

V100
	Command being timed: "python3 shor.py 7"
	User time (seconds): 2.23
	System time (seconds): 0.67
	Percent of CPU this job got: 93%
	Elapsed (wall clock) time (h:mm:ss or m:ss): 0:03.10
	Average shared text size (kbytes): 0
	Average unshared data size (kbytes): 0
	Average stack size (kbytes): 0
	Average total size (kbytes): 0
	Maximum resident set size (kbytes): 741576
	Average resident set size (kbytes): 0
	Major (requiring I/O) page faults: 0
	Minor (reclaiming a frame) page faults: 111520
	Voluntary context switches: 3608
	Involuntary context switches: 52
	Swaps: 0
	File system inputs: 0
	File system outputs: 16
	Socket messages sent: 0
	Socket messages received: 0
	Signals delivered: 0
	Page size (bytes): 4096
	Exit status: 0
Measurement results for a=5 and N=21 with 7 qubits in the control register 
{ 0000000:2538 0000001:1 0000010:7 0000011:2 0000100:2 0001000:3 0001001:1 0001010:2 0001011:4 0001100:1 0001101:5 0001110:3 0001111:7 0010000:7 0010001:17 0010010:12 0010011:33 0010100:111 0010101:1661 0010110:392 0010111:74 0011000:30 0011001:17 0011010:10 0011011:3 0011100:7 0011101:2 0011110:3 0011111:4 0100000:3 0100001:4 0100010:4 0100011:5 0100100:6 0100101:5 0100110:17 0100111:15 0101000:24 0101001:75 0101010:457 0101011:1658 0101100:91 0101101:36 0101110:11 0101111:9 0110000:8 0110001:5 0110010:4 0110011:1 0110100:7 0110101:3 0110110:3 0110111:1 0111000:1 0111001:1 0111010:2 0111011:2 0111100:1 0111101:2 0111110:1 1000000:2520 1000001:1 1000010:1 1000011:2 1000100:1 1000101:3 1000110:3 1000111:1 1001000:6 1001010:7 1001011:5 1001100:3 1001101:3 1001110:8 1001111:4 1010000:4 1010001:11 1010010:17 1010011:35 1010100:117 1010101:1721 1010110:416 1010111:75 1011000:25 1011001:21 1011010:11 1011011:6 1011100:5 1011101:6 1011110:6 1011111:6 1100000:2 1100001:9 1100010:3 1100011:6 1100100:7 1100101:11 1100110:10 1100111:14 1101000:37 1101001:64 1101010:453 1101011:1703 1101100:105 1101101:35 1101110:17 1101111:11 1110000:7 1110001:10 1110010:2 1110011:1 1110100:2 1110101:4 1110110:3 1110111:1 1111000:1 1111001:3 1111010:2 1111101:1 1111110:2 1111111:3 }

V100
	Command being timed: "python3 shor.py 7"
	User time (seconds): 2.22
	System time (seconds): 0.68
	Percent of CPU this job got: 93%
	Elapsed (wall clock) time (h:mm:ss or m:ss): 0:03.11
	Average shared text size (kbytes): 0
	Average unshared data size (kbytes): 0
	Average stack size (kbytes): 0
	Average total size (kbytes): 0
	Maximum resident set size (kbytes): 741740
	Average resident set size (kbytes): 0
	Major (requiring I/O) page faults: 0
	Minor (reclaiming a frame) page faults: 111499
	Voluntary context switches: 3607
	Involuntary context switches: 57
	Swaps: 0
	File system inputs: 0
	File system outputs: 16
	Socket messages sent: 0
	Socket messages received: 0
	Signals delivered: 0
	Page size (bytes): 4096
	Exit status: 0
Measurement results for a=5 and N=21 with 7 qubits in the control register 
{ 0000000:2530 0000001:4 0000010:2 0000011:1 0000100:4 0000101:1 0000111:1 0001001:2 0001010:1 0001011:2 0001101:7 0001110:3 0001111:4 0010000:9 0010001:12 0010010:8 0010011:50 0010100:103 0010101:1730 0010110:438 0010111:62 0011000:32 0011001:17 0011010:6 0011011:9 0011100:5 0011101:4 0011110:2 0011111:5 0100000:4 0100001:3 0100010:7 0100011:2 0100100:7 0100101:8 0100110:8 0100111:18 0101000:45 0101001:67 0101010:421 0101011:1702 0101100:111 0101101:35 0101110:17 0101111:11 0110000:11 0110001:5 0110010:8 0110011:2 0110100:3 0110110:1 0110111:3 0111000:2 0111001:2 0111011:1 0111100:2 0111101:2 0111110:1 1000000:2542 1000001:1 1000101:2 1000111:2 1001001:1 1001010:1 1001011:1 1001100:3 1001101:5 1001110:1 1001111:5 1010000:4 1010001:10 1010010:17 1010011:31 1010100:115 1010101:1678 1010110:428 1010111:65 1011000:28 1011001:22 1011010:11 1011011:3 1011100:1 1011101:2 1011110:8 1011111:6 1100000:4 1100001:3 1100010:3 1100011:5 1100100:3 1100101:10 1100110:7 1100111:18 1101000:29 1101001:66 1101010:446 1101011:1658 1101100:96 1101101:32 1101110:10 1101111:12 1110000:10 1110001:5 1110010:7 1110011:3 1110100:4 1110101:3 1110110:3 1110111:2 1111000:1 1111010:1 1111011:1 1111101:2 }

V100
	Command being timed: "python3 shor.py 7"
	User time (seconds): 2.22
	System time (seconds): 0.68
	Percent of CPU this job got: 94%
	Elapsed (wall clock) time (h:mm:ss or m:ss): 0:03.09
	Average shared text size (kbytes): 0
	Average unshared data size (kbytes): 0
	Average stack size (kbytes): 0
	Average total size (kbytes): 0
	Maximum resident set size (kbytes): 743380
	Average resident set size (kbytes): 0
	Major (requiring I/O) page faults: 0
	Minor (reclaiming a frame) page faults: 111586
	Voluntary context switches: 3607
	Involuntary context switches: 54
	Swaps: 0
	File system inputs: 0
	File system outputs: 16
	Socket messages sent: 0
	Socket messages received: 0
	Signals delivered: 0
	Page size (bytes): 4096
	Exit status: 0
