WARNING: overwriting environment variables set in the machine
overwriting variable ['LD_LIBRARY_PATH']
Measurement results for a=5 and N=21 with 13 qubits in the control register 
{ 0000000000000:2571 0001110011100:1 0010100000010:1 0010100000101:1 0010100001001:1 0010100001011:1 0010100100010:1 0010100111101:1 0010100111110:1 0010101000001:1 0010101000010:3 0010101000100:2 0010101000101:1 0010101001011:1 0010101001100:2 0010101001101:4 0010101001110:4 0010101001111:5 0010101010000:9 0010101010001:10 0010101010010:20 0010101010011:36 0010101010100:98 0010101010101:1679 0010101010110:424 0010101010111:72 0010101011000:22 0010101011001:16 0010101011010:9 0010101011011:2 0010101011100:4 0010101011101:4 0010101011111:1 0010101100000:1 0010101100001:2 0010101100010:1 0010101100111:2 0010101101000:1 0010101101011:1 0010101101101:1 0010101110010:1 0010101110100:1 0010101111000:1 0010101111111:1 0010110110000:1 0010111101101:1 0101000110011:1 0101001110111:1 0101001111110:1 0101010001001:1 0101010010100:1 0101010011000:1 0101010011011:1 0101010011100:1 0101010011101:2 0101010011110:1 0101010011111:1 0101010100000:1 0101010100001:5 0101010100010:3 0101010100011:3 0101010100100:3 0101010100101:7 0101010100110:8 0101010100111:7 0101010101000:22 0101010101001:71 0101010101010:431 0101010101011:1682 0101010101100:93 0101010101101:37 0101010101110:13 0101010101111:8 0101010110000:7 0101010110001:5 0101010110010:3 0101010110011:2 0101010110101:1 0101010110110:1 0101010110111:1 0101010111000:3 0101010111100:2 0101010111101:1 0101010111110:1 0101010111111:1 0101011000110:1 0101011001001:1 0101011010011:1 0101011010101:1 0101011011111:1 0101011101010:1 0101011110100:1 0101011110101:1 0101100001001:1 0101101101111:1 0101111100011:1 1000000000000:2500 1010011111000:2 1010100110011:1 1010100110110:1 1010100111100:1 1010101000001:1 1010101000010:1 1010101000011:1 1010101000100:1 1010101000101:1 1010101000110:1 1010101001000:1 1010101001010:1 1010101001100:3 1010101001101:4 1010101001110:5 1010101001111:3 1010101010000:7 1010101010001:13 1010101010010:16 1010101010011:43 1010101010100:113 1010101010101:1686 1010101010110:448 1010101010111:67 1010101011000:31 1010101011001:10 1010101011010:7 1010101011011:9 1010101011100:6 1010101011101:7 1010101011110:5 1010101100000:3 1010101100010:1 1010101100011:2 1010101100100:1 1010101100101:2 1010101100110:1 1010101100111:1 1010101101011:1 1010101110110:1 1010101111101:1 1010101111111:1 1010110000001:1 1010110000100:1 1010110001010:1 1011110111111:1 1100001111100:1 1101000101101:1 1101001011000:1 1101001011001:1 1101010000111:3 1101010001111:1 1101010010100:1 1101010010110:1 1101010010111:1 1101010011000:1 1101010011001:1 1101010011010:1 1101010011101:2 1101010011111:1 1101010100010:3 1101010100011:7 1101010100100:4 1101010100101:2 1101010100110:4 1101010100111:19 1101010101000:25 1101010101001:69 1101010101010:406 1101010101011:1741 1101010101100:105 1101010101101:35 1101010101110:22 1101010101111:11 1101010110000:4 1101010110001:7 1101010110010:3 1101010110011:6 1101010110100:1 1101010110101:4 1101010110110:2 1101010110111:3 1101010111000:1 1101010111001:1 1101010111010:3 1101010111011:1 1101010111101:1 1101010111110:1 1101010111111:1 1101011001011:1 1101011001111:1 1101011010011:1 1101011011011:1 1101011100011:1 1101011110100:1 1101011110110:1 1101100101010:1 }

V100
	Command being timed: "python3 shor.py 13"
	User time (seconds): 3.28
	System time (seconds): 0.85
	Percent of CPU this job got: 91%
	Elapsed (wall clock) time (h:mm:ss or m:ss): 0:04.52
	Average shared text size (kbytes): 0
	Average unshared data size (kbytes): 0
	Average stack size (kbytes): 0
	Average total size (kbytes): 0
	Maximum resident set size (kbytes): 834172
	Average resident set size (kbytes): 0
	Major (requiring I/O) page faults: 0
	Minor (reclaiming a frame) page faults: 137256
	Voluntary context switches: 7525
	Involuntary context switches: 69
	Swaps: 0
	File system inputs: 0
	File system outputs: 16
	Socket messages sent: 0
	Socket messages received: 0
	Signals delivered: 0
	Page size (bytes): 4096
	Exit status: 0
Measurement results for a=5 and N=21 with 13 qubits in the control register 
{ 0000000000000:2536 0010010111010:1 0010011100111:1 0010011101101:1 0010011111110:1 0010100000110:1 0010100100111:1 0010100101101:1 0010100111011:1 0010100111110:1 0010100111111:3 0010101000010:1 0010101000100:1 0010101000111:2 0010101001011:3 0010101001100:3 0010101001101:5 0010101001110:1 0010101001111:3 0010101010000:13 0010101010001:11 0010101010010:21 0010101010011:32 0010101010100:102 0010101010101:1756 0010101010110:451 0010101010111:72 0010101011000:20 0010101011001:11 0010101011010:9 0010101011011:3 0010101011100:2 0010101011110:2 0010101011111:2 0010101100000:2 0010101100001:1 0010101100100:1 0010101100101:1 0010101100110:1 0010101101000:3 0010101101101:1 0010101101110:1 0010101110010:1 0010101111111:1 0010110000000:1 0010110011001:1 0010110100011:1 0010110110011:1 0101001111100:1 0101010001111:2 0101010011000:1 0101010011001:1 0101010011100:1 0101010011110:3 0101010011111:2 0101010100000:2 0101010100001:2 0101010100010:1 0101010100011:3 0101010100100:5 0101010100101:6 0101010100110:11 0101010100111:16 0101010101000:28 0101010101001:69 0101010101010:393 0101010101011:1711 0101010101100:90 0101010101101:27 0101010101110:14 0101010101111:5 0101010110000:9 0101010110001:5 0101010110010:3 0101010110011:1 0101010110100:3 0101010110101:5 0101010110110:2 0101010110111:4 0101010111001:1 0101010111010:1 0101010111110:2 0101010111111:1 0101011000100:1 0101011001000:2 0101011001001:1 0101011010001:1 0101011010101:1 0110010100100:1 1000000000000:2505 1010001110011:1 1010011001010:1 1010011100000:1 1010100010011:1 1010100010101:1 1010100100111:1 1010100101011:1 1010100101110:1 1010100110001:1 1010100111001:1 1010100111011:2 1010100111101:1 1010100111111:1 1010101000001:1 1010101000010:1 1010101000011:1 1010101000100:1 1010101000101:1 1010101000110:2 1010101000111:2 1010101001000:2 1010101001001:2 1010101001010:1 1010101001011:2 1010101001100:4 1010101001101:2 1010101001110:3 1010101001111:4 1010101010000:8 1010101010001:7 1010101010010:15 1010101010011:31 1010101010100:93 1010101010101:1729 1010101010110:417 1010101010111:66 1010101011000:24 1010101011001:13 1010101011010:12 1010101011011:8 1010101011100:3 1010101011101:3 1010101011110:2 1010101011111:1 1010101100001:2 1010101100010:2 1010101100100:1 1010101101011:1 1010101101100:1 1010101101101:1 1010101101110:1 1010101101111:1 1010110001011:1 1010110001111:1 1010110111011:1 1011000000110:1 1100101111001:1 1101001000001:1 1101001010010:1 1101001011111:1 1101001100011:1 1101001110001:1 1101001111010:1 1101001111100:1 1101010000000:1 1101010010001:1 1101010010011:1 1101010010111:1 1101010011011:1 1101010100000:2 1101010100001:4 1101010100010:1 1101010100011:2 1101010100100:3 1101010100101:5 1101010100110:11 1101010100111:13 1101010101000:34 1101010101001:70 1101010101010:430 1101010101011:1706 1101010101100:104 1101010101101:25 1101010101110:13 1101010101111:11 1101010110000:4 1101010110001:5 1101010110010:4 1101010110100:2 1101010110110:2 1101010110111:2 1101010111001:1 1101010111010:1 1101010111100:1 1101011000100:2 1101011000101:1 1101011000110:1 1101011001101:1 1101011100001:1 1101110010011:1 1110000110101:1 }

V100
	Command being timed: "python3 shor.py 13"
	User time (seconds): 3.31
	System time (seconds): 0.79
	Percent of CPU this job got: 92%
	Elapsed (wall clock) time (h:mm:ss or m:ss): 0:04.42
	Average shared text size (kbytes): 0
	Average unshared data size (kbytes): 0
	Average stack size (kbytes): 0
	Average total size (kbytes): 0
	Maximum resident set size (kbytes): 836160
	Average resident set size (kbytes): 0
	Major (requiring I/O) page faults: 0
	Minor (reclaiming a frame) page faults: 137787
	Voluntary context switches: 6142
	Involuntary context switches: 72
	Swaps: 0
	File system inputs: 0
	File system outputs: 24
	Socket messages sent: 0
	Socket messages received: 0
	Signals delivered: 0
	Page size (bytes): 4096
	Exit status: 0
Measurement results for a=5 and N=21 with 13 qubits in the control register 
{ 0000000000000:2502 0010000110110:1 0010001000111:1 0010001100001:1 0010001101000:1 0010100001000:1 0010100101110:1 0010100110111:1 0010101000000:1 0010101000001:1 0010101000010:1 0010101000101:1 0010101000111:2 0010101001001:3 0010101001010:2 0010101001100:2 0010101001101:3 0010101001110:1 0010101001111:1 0010101010000:7 0010101010001:11 0010101010010:14 0010101010011:32 0010101010100:115 0010101010101:1730 0010101010110:378 0010101010111:74 0010101011000:29 0010101011001:21 0010101011010:12 0010101011011:8 0010101011100:6 0010101011101:2 0010101011110:1 0010101100000:2 0010101100010:1 0010101100100:2 0010101100111:2 0010101101000:1 0010101101001:1 0010101101011:1 0010101111010:1 0010101111110:1 0010110000101:1 0010110001111:1 0011001000111:1 0011001011111:1 0100010000110:1 0101001101100:1 0101010000011:1 0101010001001:1 0101010010001:1 0101010010011:1 0101010010101:1 0101010011011:2 0101010011110:2 0101010011111:1 0101010100000:1 0101010100001:3 0101010100011:4 0101010100100:5 0101010100101:3 0101010100110:12 0101010100111:14 0101010101000:15 0101010101001:83 0101010101010:443 0101010101011:1680 0101010101100:107 0101010101101:33 0101010101110:20 0101010101111:5 0101010110000:5 0101010110001:5 0101010110010:2 0101010110011:3 0101010110100:3 0101010110101:2 0101010110110:4 0101010110111:2 0101010111000:1 0101010111010:1 0101010111011:1 0101010111100:1 0101011000000:1 0101011000001:1 0101011000010:1 0101011001010:1 0101011001101:1 0101011001110:1 0101011001111:1 0101011010000:1 0101011010110:1 0101011011000:1 0101011011100:1 0101011101110:1 0101011111001:1 0101100011110:1 0101101000110:1 0110100100110:1 0110110110001:1 1000000000000:2436 1010100000100:1 1010100010010:1 1010100010101:1 1010100100000:1 1010100101011:1 1010100110011:1 1010100111101:1 1010100111111:1 1010101000010:1 1010101000011:1 1010101000100:2 1010101000101:2 1010101001000:1 1010101001010:3 1010101001011:2 1010101001100:2 1010101001101:2 1010101001110:3 1010101001111:7 1010101010000:9 1010101010001:11 1010101010010:15 1010101010011:40 1010101010100:104 1010101010101:1783 1010101010110:422 1010101010111:76 1010101011000:28 1010101011001:11 1010101011010:8 1010101011011:2 1010101011100:2 1010101011101:5 1010101011110:3 1010101100000:3 1010101100001:3 1010101100010:2 1010101100011:2 1010101100111:1 1010101101001:1 1010101101010:1 1010101101110:1 1010101110101:1 1010101111011:1 1010101111100:2 1010110100101:1 1011101000100:1 1011110000010:1 1011111101101:1 1100010011110:1 1100110100101:1 1101001100000:1 1101001101101:1 1101001111001:1 1101010001001:1 1101010010001:1 1101010010010:1 1101010010100:1 1101010010111:2 1101010011000:2 1101010011001:2 1101010011011:1 1101010011101:1 1101010011110:3 1101010011111:1 1101010100000:3 1101010100001:4 1101010100010:4 1101010100011:8 1101010100100:4 1101010100101:4 1101010100110:9 1101010100111:16 1101010101000:26 1101010101001:56 1101010101010:412 1101010101011:1747 1101010101100:91 1101010101101:47 1101010101110:9 1101010101111:12 1101010110000:11 1101010110001:2 1101010110010:4 1101010110011:4 1101010110100:5 1101010110101:2 1101010110110:3 1101010110111:1 1101010111000:1 1101010111010:1 1101010111101:1 1101010111111:1 1101011000000:1 1101011000100:1 1101011000110:1 1101011001010:1 1101011010001:1 1101011010011:1 1101011010110:1 1101100101111:1 1101111000111:1 1111000001100:1 }

V100
	Command being timed: "python3 shor.py 13"
	User time (seconds): 3.27
	System time (seconds): 0.74
	Percent of CPU this job got: 95%
	Elapsed (wall clock) time (h:mm:ss or m:ss): 0:04.22
	Average shared text size (kbytes): 0
	Average unshared data size (kbytes): 0
	Average stack size (kbytes): 0
	Average total size (kbytes): 0
	Maximum resident set size (kbytes): 833640
	Average resident set size (kbytes): 0
	Major (requiring I/O) page faults: 0
	Minor (reclaiming a frame) page faults: 137696
	Voluntary context switches: 3619
	Involuntary context switches: 74
	Swaps: 0
	File system inputs: 0
	File system outputs: 24
	Socket messages sent: 0
	Socket messages received: 0
	Signals delivered: 0
	Page size (bytes): 4096
	Exit status: 0
Measurement results for a=5 and N=21 with 13 qubits in the control register 
{ 0000000000000:2499 0001111101111:1 0010001010100:1 0010100000011:1 0010100000111:1 0010100011110:1 0010100100111:1 0010100110000:1 0010100110100:1 0010100111010:1 0010101000001:1 0010101000010:1 0010101000011:1 0010101000100:1 0010101000101:2 0010101000110:1 0010101001000:2 0010101001011:3 0010101001101:5 0010101001110:4 0010101001111:4 0010101010000:3 0010101010001:14 0010101010010:24 0010101010011:36 0010101010100:103 0010101010101:1717 0010101010110:430 0010101010111:72 0010101011000:17 0010101011001:8 0010101011010:5 0010101011011:7 0010101011100:7 0010101011101:2 0010101011110:1 0010101011111:2 0010101100100:3 0010101100110:2 0010101101001:1 0010101101010:1 0010101101101:2 0010101110010:1 0010101110100:1 0010101111100:1 0010110010000:1 0100010001010:1 0100010110101:1 0101001101110:1 0101010000110:1 0101010001101:1 0101010011000:1 0101010011001:2 0101010011010:3 0101010011110:1 0101010100000:2 0101010100001:2 0101010100010:3 0101010100011:1 0101010100100:4 0101010100101:3 0101010100110:12 0101010100111:7 0101010101000:25 0101010101001:72 0101010101010:444 0101010101011:1740 0101010101100:103 0101010101101:33 0101010101110:14 0101010101111:10 0101010110000:7 0101010110001:2 0101010110010:2 0101010110011:2 0101010110100:2 0101010110101:2 0101010110110:1 0101010110111:1 0101010111000:1 0101010111001:1 0101010111011:1 0101010111100:1 0101011000000:1 0101011000001:1 0101011001100:1 0101011011001:1 0101011011011:1 0101011101100:1 0101011110011:1 1000000000000:2486 1010010100110:1 1010100010001:1 1010100101000:1 1010100101011:1 1010100111010:1 1010101000111:3 1010101001010:3 1010101001100:1 1010101001101:3 1010101001110:2 1010101001111:7 1010101010000:9 1010101010001:12 1010101010010:19 1010101010011:27 1010101010100:108 1010101010101:1683 1010101010110:460 1010101010111:63 1010101011000:35 1010101011001:11 1010101011010:11 1010101011011:5 1010101011100:5 1010101011101:5 1010101011110:4 1010101011111:2 1010101100000:1 1010101100001:1 1010101100011:1 1010101100100:1 1010101100110:1 1010101101000:1 1010101101010:1 1010101101100:1 1010101110100:1 1010110000001:1 1010110000100:1 1010110110110:1 1101001110000:1 1101001111100:1 1101010000010:1 1101010000100:1 1101010011011:2 1101010011101:1 1101010011110:1 1101010011111:2 1101010100000:5 1101010100001:1 1101010100010:3 1101010100011:6 1101010100100:3 1101010100101:6 1101010100110:4 1101010100111:12 1101010101000:20 1101010101001:57 1101010101010:436 1101010101011:1740 1101010101100:116 1101010101101:26 1101010101110:16 1101010101111:8 1101010110000:8 1101010110001:4 1101010110010:5 1101010110011:3 1101010110100:1 1101010110101:1 1101010110110:1 1101010111000:2 1101010111001:1 1101010111110:1 1101010111111:1 1101011000001:2 1101011000011:1 1101011000100:1 1101011001000:2 1101011001111:1 1101011100101:1 1101011101001:1 1101100000110:1 1110111011000:1 }

V100
	Command being timed: "python3 shor.py 13"
	User time (seconds): 3.28
	System time (seconds): 0.75
	Percent of CPU this job got: 95%
	Elapsed (wall clock) time (h:mm:ss or m:ss): 0:04.25
	Average shared text size (kbytes): 0
	Average unshared data size (kbytes): 0
	Average stack size (kbytes): 0
	Average total size (kbytes): 0
	Maximum resident set size (kbytes): 834300
	Average resident set size (kbytes): 0
	Major (requiring I/O) page faults: 0
	Minor (reclaiming a frame) page faults: 138248
	Voluntary context switches: 3620
	Involuntary context switches: 79
	Swaps: 0
	File system inputs: 0
	File system outputs: 24
	Socket messages sent: 0
	Socket messages received: 0
	Signals delivered: 0
	Page size (bytes): 4096
	Exit status: 0
Measurement results for a=5 and N=21 with 13 qubits in the control register 
{ 0000000000000:2484 0010001110111:1 0010100011000:1 0010100110110:1 0010100111010:1 0010100111100:1 0010101000010:1 0010101000011:1 0010101000100:2 0010101000111:1 0010101001000:1 0010101001100:1 0010101001101:3 0010101001110:2 0010101001111:4 0010101010000:11 0010101010001:13 0010101010010:11 0010101010011:26 0010101010100:112 0010101010101:1684 0010101010110:453 0010101010111:61 0010101011000:28 0010101011001:16 0010101011010:5 0010101011011:5 0010101011100:8 0010101011101:4 0010101011111:1 0010101100010:2 0010101101000:1 0010101101010:2 0010101101011:1 0010101101100:2 0010101101110:1 0010101101111:1 0010101110101:2 0010101111011:1 0010110000100:1 0010110001000:1 0010110001110:1 0010110111000:1 0010110111110:1 0011001000101:1 0011010100011:1 0011010110011:1 0100111000101:1 0101000110001:1 0101001001000:1 0101001011000:1 0101001011101:1 0101001011111:1 0101001111000:1 0101010000010:1 0101010000100:1 0101010001101:2 0101010001110:1 0101010010011:1 0101010010111:1 0101010011000:3 0101010011001:2 0101010011010:2 0101010011011:1 0101010011100:1 0101010011101:1 0101010011110:2 0101010011111:1 0101010100000:1 0101010100001:1 0101010100011:1 0101010100100:7 0101010100101:7 0101010100110:12 0101010100111:17 0101010101000:20 0101010101001:70 0101010101010:444 0101010101011:1747 0101010101100:97 0101010101101:33 0101010101110:16 0101010101111:10 0101010110000:9 0101010110001:3 0101010110010:3 0101010110011:2 0101010110100:3 0101010110110:2 0101010110111:1 0101010111001:1 0101010111010:1 0101010111011:1 0101010111100:1 0101010111110:1 0101010111111:1 0101011000001:1 0101011001000:1 0101011001101:1 0101011001111:1 0101011110000:1 0101111000011:1 1000000000000:2525 1010011011111:1 1010100011000:1 1010100101101:1 1010100110101:1 1010100111011:1 1010100111110:2 1010101000010:4 1010101000011:3 1010101000100:1 1010101000110:2 1010101000111:1 1010101001001:1 1010101001010:3 1010101001011:2 1010101001100:1 1010101001101:3 1010101001110:3 1010101001111:6 1010101010000:4 1010101010001:7 1010101010010:13 1010101010011:41 1010101010100:115 1010101010101:1709 1010101010110:419 1010101010111:50 1010101011000:19 1010101011001:18 1010101011010:6 1010101011011:5 1010101011100:4 1010101011101:3 1010101011110:2 1010101011111:1 1010101100000:1 1010101100001:2 1010101100010:1 1010101100011:1 1010101100100:1 1010101100111:1 1010101101000:1 1010101101011:1 1010110001000:1 1010110001001:1 1010110010011:1 1010110010111:1 1010110011111:1 1010110110001:1 1010111000100:1 1010111100001:1 1011100111111:1 1100111110101:1 1101001101000:1 1101010001011:1 1101010010010:2 1101010010011:1 1101010010110:1 1101010010111:2 1101010011001:1 1101010011011:1 1101010011101:1 1101010011110:1 1101010011111:3 1101010100000:1 1101010100001:2 1101010100010:2 1101010100011:2 1101010100100:4 1101010100101:7 1101010100110:11 1101010100111:13 1101010101000:21 1101010101001:87 1101010101010:449 1101010101011:1682 1101010101100:103 1101010101101:25 1101010101110:17 1101010101111:11 1101010110000:6 1101010110001:6 1101010110010:6 1101010110011:3 1101010110100:3 1101010110101:3 1101010110110:2 1101010110111:1 1101010111000:1 1101010111001:2 1101010111010:1 1101010111100:1 1101011000001:1 1101011000111:1 1101011010001:1 1101011010100:1 1101011011100:1 1101100010010:1 1101111100110:1 }

V100
	Command being timed: "python3 shor.py 13"
	User time (seconds): 3.30
	System time (seconds): 0.74
	Percent of CPU this job got: 94%
	Elapsed (wall clock) time (h:mm:ss or m:ss): 0:04.26
	Average shared text size (kbytes): 0
	Average unshared data size (kbytes): 0
	Average stack size (kbytes): 0
	Average total size (kbytes): 0
	Maximum resident set size (kbytes): 833680
	Average resident set size (kbytes): 0
	Major (requiring I/O) page faults: 0
	Minor (reclaiming a frame) page faults: 137602
	Voluntary context switches: 3622
	Involuntary context switches: 73
	Swaps: 0
	File system inputs: 0
	File system outputs: 24
	Socket messages sent: 0
	Socket messages received: 0
	Signals delivered: 0
	Page size (bytes): 4096
	Exit status: 0
Measurement results for a=5 and N=21 with 13 qubits in the control register 
{ 0000000000000:2544 0010001001000:1 0010100001110:1 0010100100001:1 0010100101101:1 0010100101111:2 0010100111101:2 0010100111110:1 0010100111111:1 0010101000010:1 0010101000100:3 0010101000101:1 0010101000110:1 0010101000111:1 0010101001000:2 0010101001001:1 0010101001010:3 0010101001011:1 0010101001100:1 0010101001101:3 0010101001110:4 0010101001111:3 0010101010000:3 0010101010001:13 0010101010010:14 0010101010011:35 0010101010100:133 0010101010101:1693 0010101010110:453 0010101010111:49 0010101011000:20 0010101011001:15 0010101011010:11 0010101011011:5 0010101011100:1 0010101011101:1 0010101011110:1 0010101100000:1 0010101100001:3 0010101100010:4 0010101100011:1 0010101100100:1 0010101100101:1 0010101100110:1 0010101101000:2 0010101101100:1 0010110001101:1 0010110010010:2 0010111100110:1 0011000000001:1 0011000101001:1 0011110011111:1 0100101110100:1 0100110000011:1 0100110110000:1 0101001010100:1 0101001011010:1 0101001101001:1 0101001110010:1 0101001110100:1 0101001110110:1 0101010000010:1 0101010000101:1 0101010001111:1 0101010010101:1 0101010010110:1 0101010011000:1 0101010011010:1 0101010011100:1 0101010011101:2 0101010011110:6 0101010011111:1 0101010100000:1 0101010100010:2 0101010100011:4 0101010100100:2 0101010100101:5 0101010100110:8 0101010100111:11 0101010101000:35 0101010101001:70 0101010101010:434 0101010101011:1738 0101010101100:98 0101010101101:29 0101010101110:11 0101010101111:9 0101010110000:11 0101010110001:4 0101010110010:2 0101010110011:3 0101010110100:1 0101010110101:2 0101010110110:2 0101010110111:3 0101010111000:1 0101010111001:3 0101010111010:1 0101010111011:2 0101010111111:1 0101011000001:1 0101011000010:2 0101011010110:1 0101011011010:1 0101011111000:1 0101100000101:1 0101100001011:1 1000000000000:2501 1001000111000:1 1001011010011:1 1010011101110:1 1010011110110:1 1010100001101:1 1010100100010:1 1010100100100:1 1010100110110:1 1010100111111:1 1010101000000:1 1010101000001:2 1010101000010:1 1010101000011:1 1010101000101:1 1010101000110:1 1010101000111:1 1010101001000:1 1010101001001:1 1010101001010:4 1010101001011:2 1010101001100:2 1010101001101:1 1010101001110:2 1010101001111:4 1010101010000:3 1010101010001:5 1010101010010:21 1010101010011:32 1010101010100:108 1010101010101:1661 1010101010110:419 1010101010111:67 1010101011000:25 1010101011001:12 1010101011010:7 1010101011011:4 1010101011100:2 1010101011101:3 1010101011110:3 1010101011111:3 1010101100001:1 1010101100010:4 1010101100011:1 1010101100101:1 1010101100110:1 1010101101111:1 1010101110000:1 1010101111011:1 1010101111100:1 1010101111101:1 1010110000001:1 1010110011111:1 1010110100000:1 1010110110101:1 1010111010111:1 1011111011000:1 1100100010000:1 1100101111110:1 1100111110011:1 1101000001011:1 1101001110111:1 1101001111001:1 1101010001001:1 1101010001010:1 1101010001110:2 1101010010010:1 1101010010011:1 1101010010100:1 1101010010101:2 1101010010110:1 1101010010111:1 1101010011010:3 1101010011100:3 1101010011101:1 1101010011110:3 1101010100000:2 1101010100010:2 1101010100011:4 1101010100100:6 1101010100101:9 1101010100110:6 1101010100111:15 1101010101000:22 1101010101001:76 1101010101010:435 1101010101011:1678 1101010101100:117 1101010101101:30 1101010101110:14 1101010101111:13 1101010110000:4 1101010110001:4 1101010110010:5 1101010110011:2 1101010110100:1 1101010110101:2 1101010110110:1 1101010111000:2 1101010111001:1 1101010111010:2 1101010111100:3 1101011000000:1 1101011000010:1 1101011000110:1 1101011001001:1 1101011001010:1 1101011001100:1 1101011001111:1 1101011100101:1 1101011101010:1 1101100010000:1 1101100011101:1 1101100101101:1 1111100111100:1 }

V100
	Command being timed: "python3 shor.py 13"
	User time (seconds): 3.32
	System time (seconds): 0.71
	Percent of CPU this job got: 95%
	Elapsed (wall clock) time (h:mm:ss or m:ss): 0:04.21
	Average shared text size (kbytes): 0
	Average unshared data size (kbytes): 0
	Average stack size (kbytes): 0
	Average total size (kbytes): 0
	Maximum resident set size (kbytes): 834012
	Average resident set size (kbytes): 0
	Major (requiring I/O) page faults: 0
	Minor (reclaiming a frame) page faults: 138134
	Voluntary context switches: 3621
	Involuntary context switches: 70
	Swaps: 0
	File system inputs: 0
	File system outputs: 24
	Socket messages sent: 0
	Socket messages received: 0
	Signals delivered: 0
	Page size (bytes): 4096
	Exit status: 0
Measurement results for a=5 and N=21 with 13 qubits in the control register 
{ 0000000000000:2483 0010001100100:1 0010011000001:1 0010100010010:1 0010100110001:1 0010100110111:1 0010100111110:1 0010101000011:3 0010101000100:1 0010101000101:1 0010101000110:1 0010101001001:2 0010101001010:2 0010101001011:1 0010101001100:2 0010101001101:1 0010101001110:7 0010101001111:4 0010101010000:8 0010101010001:16 0010101010010:12 0010101010011:23 0010101010100:89 0010101010101:1685 0010101010110:445 0010101010111:67 0010101011000:28 0010101011001:15 0010101011010:9 0010101011011:5 0010101011100:4 0010101011101:3 0010101011110:3 0010101011111:4 0010101100000:1 0010101100010:1 0010101100011:2 0010101100101:2 0010101100110:2 0010101100111:2 0010101101000:1 0010101101001:1 0010101101010:2 0010101101011:1 0010101101101:1 0010101110001:1 0010101111111:1 0010110001010:1 0010110010000:1 0011000001000:1 0100011010111:1 0101001010101:1 0101001100111:1 0101001111101:1 0101010000011:1 0101010000100:1 0101010000110:1 0101010001101:1 0101010010000:1 0101010010100:1 0101010010110:1 0101010010111:1 0101010011000:2 0101010011001:1 0101010011010:1 0101010011100:1 0101010011101:2 0101010011111:4 0101010100000:1 0101010100001:1 0101010100010:3 0101010100011:1 0101010100100:3 0101010100101:7 0101010100110:11 0101010100111:15 0101010101000:28 0101010101001:64 0101010101010:437 0101010101011:1693 0101010101100:96 0101010101101:48 0101010101110:16 0101010101111:4 0101010110000:4 0101010110001:5 0101010110010:5 0101010110011:4 0101010110100:2 0101010110101:1 0101010111001:1 0101010111011:2 0101010111100:1 0101010111101:1 0101011000011:2 0101011000110:1 0101011010000:1 0101011010110:1 0101100110101:1 0101101100011:1 1000000000000:2432 1010010100010:1 1010011100110:1 1010011100111:1 1010100001100:2 1010100100101:1 1010100100111:1 1010100101010:1 1010100110010:1 1010100111010:1 1010101000001:1 1010101000101:1 1010101000110:2 1010101001000:1 1010101001001:2 1010101001010:1 1010101001011:3 1010101001100:3 1010101001101:2 1010101001110:2 1010101001111:1 1010101010000:7 1010101010001:9 1010101010010:6 1010101010011:38 1010101010100:103 1010101010101:1766 1010101010110:424 1010101010111:79 1010101011000:23 1010101011001:15 1010101011010:8 1010101011011:6 1010101011100:5 1010101011101:2 1010101011110:5 1010101011111:2 1010101100000:2 1010101100001:1 1010101100010:2 1010101100011:2 1010101100100:2 1010101100110:1 1010101100111:1 1010101101000:1 1010101101110:1 1010101110001:1 1010101111001:1 1010110000111:1 1010110001000:1 1010110101100:1 1011100101101:1 1100111000010:1 1100111110100:1 1101000101110:1 1101000111010:2 1101001011010:1 1101001101110:1 1101001110001:1 1101001111000:1 1101010001011:1 1101010010000:2 1101010010010:1 1101010010011:1 1101010010110:1 1101010011010:1 1101010011101:1 1101010011110:2 1101010011111:1 1101010100000:4 1101010100001:2 1101010100010:3 1101010100011:4 1101010100100:5 1101010100101:8 1101010100110:15 1101010100111:10 1101010101000:23 1101010101001:75 1101010101010:428 1101010101011:1771 1101010101100:103 1101010101101:34 1101010101110:27 1101010101111:16 1101010110000:8 1101010110001:7 1101010110010:5 1101010110100:1 1101010110110:2 1101010111000:2 1101010111001:1 1101010111010:1 1101010111100:1 1101010111101:1 1101011000000:1 1101011000001:1 1101011000100:1 1101011001011:1 1101011010110:1 1101011011010:1 1101011011110:1 1101011111010:1 1101101100100:1 1101110110100:1 }

V100
	Command being timed: "python3 shor.py 13"
	User time (seconds): 3.28
	System time (seconds): 0.76
	Percent of CPU this job got: 95%
	Elapsed (wall clock) time (h:mm:ss or m:ss): 0:04.25
	Average shared text size (kbytes): 0
	Average unshared data size (kbytes): 0
	Average stack size (kbytes): 0
	Average total size (kbytes): 0
	Maximum resident set size (kbytes): 831384
	Average resident set size (kbytes): 0
	Major (requiring I/O) page faults: 0
	Minor (reclaiming a frame) page faults: 138194
	Voluntary context switches: 3612
	Involuntary context switches: 75
	Swaps: 0
	File system inputs: 0
	File system outputs: 24
	Socket messages sent: 0
	Socket messages received: 0
	Signals delivered: 0
	Page size (bytes): 4096
	Exit status: 0
Measurement results for a=5 and N=21 with 13 qubits in the control register 
{ 0000000000000:2455 0010100100011:1 0010100100110:1 0010100110000:1 0010100110001:1 0010100110100:1 0010100111011:1 0010100111100:1 0010100111101:1 0010100111110:1 0010101000110:1 0010101000111:1 0010101001000:1 0010101001001:3 0010101001010:2 0010101001011:3 0010101001100:3 0010101001101:1 0010101001110:3 0010101001111:6 0010101010000:5 0010101010001:5 0010101010010:12 0010101010011:38 0010101010100:93 0010101010101:1704 0010101010110:441 0010101010111:69 0010101011000:29 0010101011001:13 0010101011010:6 0010101011011:8 0010101011100:3 0010101011101:5 0010101011110:1 0010101011111:1 0010101100001:1 0010101100010:2 0010101100011:1 0010101100101:1 0010101101000:1 0010101101111:2 0010101110110:1 0010101111100:1 0010110000110:1 0010110001010:1 0010110010111:1 0010110100100:1 0010110111011:1 0010111110101:1 0101000101110:1 0101001000101:1 0101001101000:1 0101001110000:1 0101010000010:1 0101010001111:1 0101010010010:1 0101010011010:1 0101010011011:1 0101010011100:2 0101010011111:1 0101010100000:3 0101010100001:4 0101010100010:1 0101010100011:3 0101010100100:3 0101010100101:5 0101010100110:7 0101010100111:10 0101010101000:28 0101010101001:82 0101010101010:442 0101010101011:1680 0101010101100:97 0101010101101:39 0101010101110:16 0101010101111:12 0101010110000:10 0101010110001:6 0101010110010:5 0101010110100:3 0101010110101:1 0101010110110:2 0101010111000:1 0101010111001:2 0101010111011:1 0101011000001:2 0101011000010:1 0101011000011:1 0101011000100:1 0101011001100:1 0101011010001:1 0101011011111:1 0101011100110:1 0101011101110:1 0101100010000:1 0101110111010:1 1000000000000:2537 1010011011100:1 1010100010111:1 1010100101110:1 1010100110011:1 1010100110100:1 1010100110101:1 1010100111101:1 1010101000000:1 1010101000011:1 1010101000100:1 1010101000110:3 1010101000111:1 1010101001000:3 1010101001001:2 1010101001010:5 1010101001011:1 1010101001101:1 1010101001110:4 1010101001111:5 1010101010000:7 1010101010001:11 1010101010010:12 1010101010011:30 1010101010100:109 1010101010101:1724 1010101010110:432 1010101010111:72 1010101011000:32 1010101011001:13 1010101011010:8 1010101011011:5 1010101011100:5 1010101011101:7 1010101011110:1 1010101011111:1 1010101100000:4 1010101100001:1 1010101100010:3 1010101100100:1 1010101100110:1 1010101100111:1 1010101101011:3 1010101101100:1 1010101101101:1 1010101101111:1 1010101110001:2 1010101110011:1 1010110000100:1 1010110001100:1 1010110010110:1 1010111101001:1 1010111101111:1 1011000110110:1 1100110001110:1 1100111101000:1 1101001000011:1 1101001010101:1 1101001101001:1 1101001110101:1 1101001111001:1 1101010010011:1 1101010010101:1 1101010011001:1 1101010011010:1 1101010011011:1 1101010011111:1 1101010100000:2 1101010100001:2 1101010100010:4 1101010100011:4 1101010100100:6 1101010100101:5 1101010100110:8 1101010100111:12 1101010101000:31 1101010101001:64 1101010101010:444 1101010101011:1715 1101010101100:119 1101010101101:31 1101010101110:8 1101010101111:14 1101010110000:7 1101010110001:2 1101010110010:5 1101010110011:1 1101010110100:2 1101010110101:1 1101010110110:2 1101010110111:1 1101010111001:1 1101010111011:1 1101010111101:1 1101011010000:1 1101011010001:1 1101011110101:1 }

V100
	Command being timed: "python3 shor.py 13"
	User time (seconds): 3.28
	System time (seconds): 0.77
	Percent of CPU this job got: 95%
	Elapsed (wall clock) time (h:mm:ss or m:ss): 0:04.24
	Average shared text size (kbytes): 0
	Average unshared data size (kbytes): 0
	Average stack size (kbytes): 0
	Average total size (kbytes): 0
	Maximum resident set size (kbytes): 835268
	Average resident set size (kbytes): 0
	Major (requiring I/O) page faults: 0
	Minor (reclaiming a frame) page faults: 137494
	Voluntary context switches: 3616
	Involuntary context switches: 70
	Swaps: 0
	File system inputs: 0
	File system outputs: 24
	Socket messages sent: 0
	Socket messages received: 0
	Signals delivered: 0
	Page size (bytes): 4096
	Exit status: 0
Measurement results for a=5 and N=21 with 13 qubits in the control register 
{ 0000000000000:2465 0010010000010:1 0010010010010:1 0010010111101:1 0010011110101:1 0010011111000:1 0010100000110:1 0010100010100:1 0010100011000:1 0010100101001:1 0010100110001:1 0010100111000:2 0010100111010:1 0010100111011:1 0010100111110:2 0010100111111:2 0010101000101:1 0010101000110:1 0010101000111:1 0010101001001:1 0010101001100:2 0010101001101:4 0010101001110:3 0010101001111:5 0010101010000:10 0010101010001:10 0010101010010:15 0010101010011:35 0010101010100:104 0010101010101:1744 0010101010110:412 0010101010111:59 0010101011000:37 0010101011001:16 0010101011010:6 0010101011011:2 0010101011100:2 0010101011101:1 0010101011110:3 0010101011111:6 0010101100000:1 0010101100001:1 0010101100010:3 0010101100011:2 0010101100100:1 0010101100110:1 0010101101001:1 0010101110010:1 0010110000110:1 0010110101011:1 0010110110000:1 0010110110110:1 0011001001101:1 0101001010011:1 0101001010110:1 0101010001000:1 0101010001101:1 0101010001111:1 0101010010001:1 0101010010010:2 0101010010100:1 0101010010110:2 0101010011000:1 0101010011100:1 0101010011110:1 0101010011111:2 0101010100000:3 0101010100010:4 0101010100011:5 0101010100100:2 0101010100101:5 0101010100110:11 0101010100111:14 0101010101000:25 0101010101001:55 0101010101010:426 0101010101011:1706 0101010101100:112 0101010101101:32 0101010101110:25 0101010101111:8 0101010110000:6 0101010110001:7 0101010110010:2 0101010110011:2 0101010110100:4 0101010110110:2 0101010111000:1 0101010111010:1 0101010111100:2 0101010111111:1 0101011000000:1 0101011000001:1 0101011000011:1 0101011001000:2 0101011111000:1 0101100011001:1 1000000000000:2532 1001110111001:1 1010001101110:1 1010010111101:1 1010100001010:1 1010100001101:1 1010100100010:1 1010100101101:1 1010100110011:1 1010100111001:1 1010100111110:1 1010100111111:1 1010101000101:1 1010101000110:2 1010101001000:1 1010101001100:3 1010101001101:1 1010101001110:1 1010101001111:6 1010101010000:2 1010101010001:10 1010101010010:22 1010101010011:44 1010101010100:123 1010101010101:1706 1010101010110:402 1010101010111:57 1010101011000:21 1010101011001:12 1010101011010:8 1010101011011:2 1010101011100:1 1010101011101:6 1010101011110:9 1010101100001:3 1010101100010:2 1010101100101:1 1010101100111:1 1010101101011:1 1010101101101:2 1010101101111:1 1010101111000:1 1010101111010:1 1010110000001:2 1010110000010:1 1010110011100:1 1010110011110:1 1010110100100:1 1010110100110:1 1010110101101:1 1011011111110:1 1101000101010:1 1101000111101:1 1101001010001:1 1101001111000:1 1101010001100:2 1101010010011:2 1101010010110:3 1101010010111:1 1101010011000:3 1101010011001:1 1101010011100:3 1101010011110:1 1101010011111:1 1101010100001:2 1101010100010:1 1101010100011:2 1101010100100:5 1101010100101:4 1101010100110:10 1101010100111:23 1101010101000:26 1101010101001:84 1101010101010:449 1101010101011:1690 1101010101100:111 1101010101101:35 1101010101110:19 1101010101111:8 1101010110000:2 1101010110001:8 1101010110010:8 1101010110011:2 1101010110100:2 1101010110101:2 1101010110110:1 1101010110111:1 1101010111000:4 1101010111001:1 1101010111010:1 1101010111011:3 1101010111110:1 1101011000001:1 1101011000010:1 1101011101000:1 1101011101011:1 1101011101111:1 1101110001000:1 }

V100
	Command being timed: "python3 shor.py 13"
	User time (seconds): 3.30
	System time (seconds): 0.73
	Percent of CPU this job got: 95%
	Elapsed (wall clock) time (h:mm:ss or m:ss): 0:04.24
	Average shared text size (kbytes): 0
	Average unshared data size (kbytes): 0
	Average stack size (kbytes): 0
	Average total size (kbytes): 0
	Maximum resident set size (kbytes): 835020
	Average resident set size (kbytes): 0
	Major (requiring I/O) page faults: 0
	Minor (reclaiming a frame) page faults: 138011
	Voluntary context switches: 3615
	Involuntary context switches: 76
	Swaps: 0
	File system inputs: 0
	File system outputs: 24
	Socket messages sent: 0
	Socket messages received: 0
	Signals delivered: 0
	Page size (bytes): 4096
	Exit status: 0
Measurement results for a=5 and N=21 with 13 qubits in the control register 
{ 0000000000000:2532 0000000110000:1 0000001010000:1 0001101000011:1 0010011101010:1 0010011101101:1 0010100011101:1 0010100110101:1 0010100111010:1 0010100111101:1 0010100111111:1 0010101000101:2 0010101000110:1 0010101001000:2 0010101001010:1 0010101001011:1 0010101001101:5 0010101001110:2 0010101001111:4 0010101010000:4 0010101010001:9 0010101010010:22 0010101010011:35 0010101010100:109 0010101010101:1722 0010101010110:441 0010101010111:75 0010101011000:22 0010101011001:20 0010101011010:4 0010101011011:8 0010101011100:3 0010101011110:4 0010101011111:3 0010101100000:2 0010101100001:3 0010101100011:1 0010101100101:2 0010101100110:1 0010101101000:1 0010101101100:1 0010101101110:1 0010110000000:1 0010110000111:1 0011000110101:1 0011001011111:1 0011110101101:1 0100101101111:1 0100111010100:1 0101000010110:1 0101000111110:1 0101001111111:1 0101010000001:1 0101010000011:1 0101010000101:1 0101010001101:1 0101010010001:2 0101010010011:1 0101010010100:1 0101010010111:1 0101010011001:1 0101010011010:2 0101010011011:1 0101010011111:4 0101010100000:2 0101010100001:3 0101010100010:5 0101010100011:4 0101010100100:6 0101010100101:8 0101010100110:5 0101010100111:20 0101010101000:22 0101010101001:65 0101010101010:429 0101010101011:1699 0101010101100:98 0101010101101:37 0101010101110:10 0101010101111:9 0101010110000:7 0101010110001:3 0101010110010:2 0101010110011:2 0101010110100:5 0101010110101:2 0101010110110:3 0101010110111:4 0101010111001:1 0101010111011:1 0101010111100:1 0101010111111:1 0101011000110:1 0101011001001:1 0101011001011:1 0101011010010:1 0101011011000:1 0101011011001:1 0101011101001:1 0101100000101:1 0101100010100:1 0101100100111:1 0101101001001:1 1000000000000:2514 1010010011101:1 1010010111100:1 1010100101100:1 1010100111101:1 1010101000100:1 1010101000101:1 1010101000110:1 1010101001001:1 1010101001010:1 1010101001011:4 1010101001100:3 1010101001101:3 1010101001110:6 1010101001111:3 1010101010000:7 1010101010001:12 1010101010010:13 1010101010011:38 1010101010100:111 1010101010101:1741 1010101010110:427 1010101010111:74 1010101011000:27 1010101011001:13 1010101011010:9 1010101011011:2 1010101011100:4 1010101011101:4 1010101011110:2 1010101011111:3 1010101100000:2 1010101100001:1 1010101100010:1 1010101100011:1 1010101100100:1 1010101100110:1 1010101101000:1 1010101101101:1 1010101101110:1 1010101110001:1 1010101110101:1 1010110000101:1 1010111100001:1 1010111101100:1 1011001011110:1 1011011111000:1 1101001100111:1 1101001101011:1 1101010001011:1 1101010001110:1 1101010010011:1 1101010011000:1 1101010011001:1 1101010011010:1 1101010011101:1 1101010011111:1 1101010100000:3 1101010100001:3 1101010100010:1 1101010100011:3 1101010100100:3 1101010100101:3 1101010100110:10 1101010100111:11 1101010101000:24 1101010101001:65 1101010101010:427 1101010101011:1658 1101010101100:106 1101010101101:30 1101010101110:18 1101010101111:3 1101010110000:6 1101010110001:2 1101010110010:1 1101010110011:1 1101010110100:2 1101010110101:1 1101010110111:4 1101010111000:2 1101010111001:1 1101010111010:1 1101010111101:1 1101010111111:1 1101011000100:1 1101011000110:1 1101011010011:1 1101011110100:1 1101011111101:1 1101100001101:1 1101101011111:1 1111101110001:1 }

V100
	Command being timed: "python3 shor.py 13"
	User time (seconds): 3.28
	System time (seconds): 0.76
	Percent of CPU this job got: 95%
	Elapsed (wall clock) time (h:mm:ss or m:ss): 0:04.25
	Average shared text size (kbytes): 0
	Average unshared data size (kbytes): 0
	Average stack size (kbytes): 0
	Average total size (kbytes): 0
	Maximum resident set size (kbytes): 831848
	Average resident set size (kbytes): 0
	Major (requiring I/O) page faults: 0
	Minor (reclaiming a frame) page faults: 138303
	Voluntary context switches: 3620
	Involuntary context switches: 76
	Swaps: 0
	File system inputs: 0
	File system outputs: 24
	Socket messages sent: 0
	Socket messages received: 0
	Signals delivered: 0
	Page size (bytes): 4096
	Exit status: 0
