WARNING: overwriting environment variables set in the machine
overwriting variable ['LD_LIBRARY_PATH']
Measurement results for a=5 and N=21 with 11 qubits in the control register 
{ 00000000000:2449 00011011110:1 00100100101:1 00100110011:1 00100111101:2 00101000001:1 00101000111:1 00101001001:1 00101001010:1 00101001011:3 00101001100:2 00101001101:3 00101001110:4 00101001111:2 00101010000:6 00101010001:10 00101010010:17 00101010011:45 00101010100:131 00101010101:1682 00101010110:377 00101010111:47 00101011000:26 00101011001:14 00101011010:10 00101011011:9 00101011100:5 00101011101:4 00101011110:6 00101011111:3 00101100000:2 00101100001:1 00101100010:2 00101100110:2 00101101000:1 00101101001:1 00101101010:1 00101110100:1 00101110110:1 00101111001:1 00101111011:1 00110000011:1 00110010110:1 00110010111:1 00110101100:1 00110110001:1 00111111100:1 01000000011:1 01000010111:1 01001001010:1 01001101111:1 01001110000:1 01010000001:1 01010000010:1 01010001100:1 01010001110:2 01010001111:1 01010010010:1 01010011001:1 01010011011:1 01010011100:1 01010011101:1 01010011110:1 01010011111:1 01010100000:4 01010100010:1 01010100011:4 01010100100:3 01010100101:4 01010100110:6 01010100111:10 01010101000:29 01010101001:67 01010101010:455 01010101011:1715 01010101100:108 01010101101:41 01010101110:19 01010101111:10 01010110000:3 01010110001:2 01010110010:2 01010110011:2 01010110100:1 01010110110:2 01010110111:3 01010111011:1 01010111100:2 01010111101:2 01010111111:1 01011000110:3 01011001000:1 01011001001:1 01011011011:1 01011111000:1 01100000110:1 01110000100:1 10000000000:2432 10011111010:1 10100001001:1 10100010001:1 10100011100:1 10100110010:2 10100110011:2 10100111000:1 10100111101:3 10101000001:1 10101000010:2 10101000110:1 10101000111:1 10101001001:4 10101001010:1 10101001101:6 10101001110:5 10101001111:4 10101010000:5 10101010001:7 10101010010:20 10101010011:36 10101010100:114 10101010101:1795 10101010110:437 10101010111:73 10101011000:21 10101011001:15 10101011010:10 10101011011:9 10101011100:4 10101011101:3 10101011110:3 10101011111:2 10101100000:1 10101100001:1 10101100010:1 10101100011:3 10101100101:1 10101100111:1 10101101110:1 10101110010:1 10101110011:1 10101110101:1 10101111000:1 10110010000:1 10110110110:1 11000011000:1 11000101101:1 11000110100:1 11001110010:1 11010000111:1 11010001011:1 11010001101:1 11010001110:1 11010001111:2 11010010000:1 11010010101:2 11010010110:1 11010011001:1 11010011010:1 11010011011:3 11010011110:2 11010011111:3 11010100000:4 11010100001:2 11010100010:2 11010100011:3 11010100100:2 11010100101:5 11010100110:7 11010100111:10 11010101000:27 11010101001:72 11010101010:447 11010101011:1706 11010101100:120 11010101101:42 11010101110:16 11010101111:13 11010110000:8 11010110001:9 11010110010:1 11010110011:2 11010110100:4 11010110101:2 11010110110:2 11010110111:1 11010111000:3 11010111001:3 11010111010:1 11010111101:1 11011000001:1 11011000100:1 11011000111:2 11011001000:1 11011001001:1 11011001010:1 11011010011:1 11011011100:1 11011011111:1 11011100011:1 11011101100:1 11100011101:1 11100110110:1 11110001001:1 }

V100
	Command being timed: "python3 shor.py 11"
	User time (seconds): 2.42
	System time (seconds): 0.80
	Percent of CPU this job got: 86%
	Elapsed (wall clock) time (h:mm:ss or m:ss): 0:03.71
	Average shared text size (kbytes): 0
	Average unshared data size (kbytes): 0
	Average stack size (kbytes): 0
	Average total size (kbytes): 0
	Maximum resident set size (kbytes): 755172
	Average resident set size (kbytes): 0
	Major (requiring I/O) page faults: 0
	Minor (reclaiming a frame) page faults: 116537
	Voluntary context switches: 10468
	Involuntary context switches: 53
	Swaps: 0
	File system inputs: 0
	File system outputs: 16
	Socket messages sent: 0
	Socket messages received: 0
	Signals delivered: 0
	Page size (bytes): 4096
	Exit status: 0
Measurement results for a=5 and N=21 with 11 qubits in the control register 
{ 00000000000:2452 00011010001:1 00011111010:1 00011111110:1 00100100011:1 00100100110:1 00100111010:1 00100111011:1 00100111101:1 00101000011:2 00101000101:2 00101000111:1 00101001001:2 00101001010:3 00101001100:1 00101001101:1 00101001110:1 00101001111:4 00101010000:3 00101010001:6 00101010010:20 00101010011:38 00101010100:112 00101010101:1727 00101010110:437 00101010111:67 00101011000:28 00101011001:15 00101011010:5 00101011011:4 00101011100:5 00101011101:5 00101011110:5 00101011111:2 00101100000:1 00101100001:3 00101100010:1 00101100100:2 00101101101:1 00101101111:1 00110000000:1 00110001100:1 00111110001:1 00111111011:1 01000110001:1 01001000001:1 01001100101:1 01001111011:1 01010001010:1 01010001110:1 01010010001:1 01010011001:3 01010011100:1 01010011101:1 01010011110:2 01010100000:2 01010100001:1 01010100010:5 01010100100:5 01010100101:1 01010100110:9 01010100111:9 01010101000:23 01010101001:71 01010101010:429 01010101011:1671 01010101100:131 01010101101:40 01010101110:17 01010101111:10 01010110000:9 01010110001:4 01010110010:3 01010110011:4 01010110100:2 01010110101:3 01010110110:1 01010111000:4 01010111001:2 01010111010:1 01010111101:2 01011000000:1 01011000011:2 01011001010:1 01011010000:1 01011100010:1 01011100100:1 01100010000:1 01101100010:1 01110101111:1 10000000000:2485 10001110110:1 10011011100:1 10100011010:2 10100100100:1 10100110101:1 10100111000:1 10100111011:1 10101000000:1 10101000001:1 10101001010:3 10101001011:1 10101001100:1 10101001101:5 10101001110:4 10101001111:3 10101010000:10 10101010001:11 10101010010:18 10101010011:39 10101010100:100 10101010101:1736 10101010110:431 10101010111:63 10101011000:22 10101011001:25 10101011010:9 10101011011:6 10101011100:6 10101011101:2 10101011110:1 10101011111:1 10101100000:3 10101100001:2 10101100010:1 10101100011:1 10101100100:1 10101100101:1 10101101000:1 10101101001:1 10101101010:1 10101110001:1 10101110111:1 10101111011:1 10101111111:1 10110001000:1 10110011001:1 10110101010:1 11000100100:1 11001001110:1 11001101011:1 11001101111:1 11001110101:1 11010000110:1 11010001010:1 11010001100:1 11010001101:3 11010001111:1 11010010001:1 11010010100:1 11010010101:1 11010011001:1 11010011010:3 11010011011:2 11010011101:3 11010011111:1 11010100000:1 11010100001:2 11010100010:1 11010100100:4 11010100101:3 11010100110:9 11010100111:15 11010101000:20 11010101001:67 11010101010:446 11010101011:1741 11010101100:110 11010101101:31 11010101110:19 11010101111:9 11010110000:7 11010110001:2 11010110010:6 11010110100:1 11010110101:4 11010110110:2 11010110111:2 11010111010:1 11010111101:1 11011000010:1 11011000011:1 11011000101:1 11011000110:1 11011010000:1 11011111111:1 11110011000:1 11110111110:1 }

V100
	Command being timed: "python3 shor.py 11"
	User time (seconds): 2.36
	System time (seconds): 0.70
	Percent of CPU this job got: 93%
	Elapsed (wall clock) time (h:mm:ss or m:ss): 0:03.27
	Average shared text size (kbytes): 0
	Average unshared data size (kbytes): 0
	Average stack size (kbytes): 0
	Average total size (kbytes): 0
	Maximum resident set size (kbytes): 755228
	Average resident set size (kbytes): 0
	Major (requiring I/O) page faults: 0
	Minor (reclaiming a frame) page faults: 116433
	Voluntary context switches: 3711
	Involuntary context switches: 54
	Swaps: 0
	File system inputs: 0
	File system outputs: 24
	Socket messages sent: 0
	Socket messages received: 0
	Signals delivered: 0
	Page size (bytes): 4096
	Exit status: 0
Measurement results for a=5 and N=21 with 11 qubits in the control register 
{ 00000000000:2484 00011000111:1 00100000101:1 00100011001:1 00100011110:2 00100101100:1 00100110011:1 00100110111:1 00101000010:1 00101000011:1 00101000100:1 00101000111:1 00101001000:3 00101001001:2 00101001100:1 00101001101:3 00101001110:4 00101001111:6 00101010000:3 00101010001:10 00101010010:29 00101010011:34 00101010100:107 00101010101:1728 00101010110:413 00101010111:67 00101011000:30 00101011001:14 00101011010:11 00101011011:2 00101011100:4 00101011101:5 00101011111:2 00101100000:2 00101100110:1 00101100111:1 00101101001:2 00101101100:1 00101111110:1 00110000000:1 00110000110:1 00110001001:1 00110001011:1 00110010111:1 00110101110:1 00110110000:1 01000011101:1 01001000100:1 01001000111:1 01001001101:1 01001100111:1 01001101110:1 01001110110:1 01001111111:1 01010000001:1 01010001001:1 01010001111:1 01010010001:1 01010010101:1 01010011010:1 01010011100:2 01010011101:1 01010011110:1 01010011111:1 01010100000:1 01010100001:3 01010100010:3 01010100011:10 01010100100:4 01010100101:1 01010100110:7 01010100111:11 01010101000:18 01010101001:80 01010101010:406 01010101011:1683 01010101100:98 01010101101:39 01010101110:22 01010101111:7 01010110000:9 01010110001:7 01010110010:5 01010110011:2 01010110100:1 01010110101:1 01010110110:2 01010111000:1 01010111001:1 01010111110:1 01010111111:1 01011000000:2 01011000010:1 01011001000:2 01011100100:1 01100000101:1 01100000111:1 01111000000:1 01111001001:1 10000000000:2568 10100001110:1 10100010101:1 10100010110:1 10100100100:1 10100101010:1 10100101111:1 10100110000:1 10100111000:1 10100111110:1 10100111111:1 10101000000:1 10101000101:1 10101000110:2 10101000111:1 10101001001:1 10101001010:1 10101001100:4 10101001101:2 10101001110:4 10101001111:7 10101010000:8 10101010001:10 10101010010:20 10101010011:33 10101010100:103 10101010101:1710 10101010110:423 10101010111:65 10101011000:26 10101011001:9 10101011010:12 10101011011:2 10101011100:3 10101011101:2 10101011110:1 10101011111:1 10101100000:2 10101100001:2 10101100010:2 10101100100:1 10101100101:2 10101100110:1 10101100111:1 10101101001:2 10101101100:1 10101101101:1 10101110000:1 10101110001:1 10101110010:1 10101111100:1 10101111110:1 10110011000:1 10110101111:1 11000001011:1 11001101001:1 11001101101:1 11001110001:1 11001110101:1 11010000000:1 11010001000:1 11010010001:1 11010010010:1 11010011010:1 11010011011:1 11010011101:2 11010100000:1 11010100001:1 11010100010:5 11010100011:8 11010100100:5 11010100101:4 11010100110:6 11010100111:11 11010101000:18 11010101001:73 11010101010:438 11010101011:1709 11010101100:117 11010101101:26 11010101110:21 11010101111:11 11010110000:5 11010110001:2 11010110010:5 11010110011:3 11010110100:2 11010110101:1 11010110110:3 11010110111:3 11010111000:2 11010111001:1 11010111010:1 11010111100:1 11010111111:1 11011000000:2 11011000001:2 11011001000:1 11011010101:1 11011011010:1 11011101100:1 11110000101:1 }

V100
	Command being timed: "python3 shor.py 11"
	User time (seconds): 2.40
	System time (seconds): 0.67
	Percent of CPU this job got: 93%
	Elapsed (wall clock) time (h:mm:ss or m:ss): 0:03.30
	Average shared text size (kbytes): 0
	Average unshared data size (kbytes): 0
	Average stack size (kbytes): 0
	Average total size (kbytes): 0
	Maximum resident set size (kbytes): 754560
	Average resident set size (kbytes): 0
	Major (requiring I/O) page faults: 0
	Minor (reclaiming a frame) page faults: 117615
	Voluntary context switches: 3608
	Involuntary context switches: 55
	Swaps: 0
	File system inputs: 0
	File system outputs: 24
	Socket messages sent: 0
	Socket messages received: 0
	Signals delivered: 0
	Page size (bytes): 4096
	Exit status: 0
Measurement results for a=5 and N=21 with 11 qubits in the control register 
{ 00000000000:2509 00011011000:1 00011100001:1 00011101110:1 00100010010:1 00100100010:2 00100101110:1 00100101111:1 00100111100:1 00101000000:1 00101000010:1 00101000101:1 00101000110:2 00101000111:1 00101001000:1 00101001010:1 00101001011:1 00101001100:4 00101001101:4 00101001110:4 00101001111:4 00101010000:8 00101010001:12 00101010010:22 00101010011:40 00101010100:118 00101010101:1652 00101010110:425 00101010111:83 00101011000:33 00101011001:14 00101011010:12 00101011011:8 00101011100:6 00101011101:2 00101011110:3 00101011111:4 00101100001:3 00101100010:1 00101100100:2 00101100110:3 00101100111:1 00101101010:1 00101101101:1 00101101110:1 00101110010:2 00101111111:1 00110011011:1 00110100010:1 00110101110:1 00111110010:1 01000001000:1 01001000010:1 01001101110:1 01001101111:1 01001111110:1 01010000000:1 01010000100:1 01010000111:1 01010001011:1 01010010010:1 01010010011:1 01010011001:1 01010011011:2 01010011100:1 01010011101:4 01010011110:1 01010100001:3 01010100010:1 01010100011:1 01010100100:1 01010100101:5 01010100110:12 01010100111:6 01010101000:22 01010101001:54 01010101010:430 01010101011:1699 01010101100:104 01010101101:39 01010101110:17 01010101111:12 01010110000:5 01010110001:6 01010110010:5 01010110011:4 01010110100:1 01010110101:1 01010110111:1 01010111000:1 01010111100:1 01010111111:1 01011000001:1 01011000011:1 01011000111:2 01011001011:1 01011001110:1 01011011000:2 01011100011:1 01011100110:1 01100010010:1 01100011111:1 01101011111:1 01110011010:1 01111111001:1 10000000000:2539 10100101001:1 10100101110:1 10100111011:1 10100111110:1 10101000000:1 10101000001:1 10101000011:2 10101000100:1 10101000111:1 10101001000:2 10101001001:1 10101001011:1 10101001100:5 10101001101:3 10101001110:2 10101001111:4 10101010000:8 10101010001:7 10101010010:18 10101010011:44 10101010100:134 10101010101:1636 10101010110:445 10101010111:73 10101011000:32 10101011001:20 10101011010:4 10101011011:1 10101011100:2 10101011101:5 10101011110:1 10101011111:3 10101100000:1 10101100001:1 10101100010:4 10101100100:2 10101100101:1 10101101011:2 10101101100:1 10101101110:1 10101110000:2 10101110100:1 10101110101:1 10101111000:2 10110001110:1 10110011101:1 10111010110:1 10111100110:1 11000001000:1 11001000111:1 11001100111:1 11010000010:1 11010000100:1 11010000101:1 11010000110:1 11010000111:1 11010001001:1 11010001110:1 11010011000:1 11010011001:2 11010011100:3 11010011101:1 11010011110:1 11010100001:2 11010100010:1 11010100100:6 11010100101:6 11010100110:9 11010100111:22 11010101000:36 11010101001:73 11010101010:449 11010101011:1657 11010101100:126 11010101101:30 11010101110:20 11010101111:10 11010110000:3 11010110001:6 11010110010:6 11010110011:4 11010110101:2 11010110110:3 11010110111:2 11010111011:1 11010111100:1 11010111110:1 11011000010:1 11011000110:1 11011000111:2 11011001000:1 11011001101:1 11011011100:1 11011011111:1 11011100100:1 11011110111:1 11101010000:1 }

V100
	Command being timed: "python3 shor.py 11"
	User time (seconds): 2.37
	System time (seconds): 0.69
	Percent of CPU this job got: 93%
	Elapsed (wall clock) time (h:mm:ss or m:ss): 0:03.29
	Average shared text size (kbytes): 0
	Average unshared data size (kbytes): 0
	Average stack size (kbytes): 0
	Average total size (kbytes): 0
	Maximum resident set size (kbytes): 753508
	Average resident set size (kbytes): 0
	Major (requiring I/O) page faults: 0
	Minor (reclaiming a frame) page faults: 117134
	Voluntary context switches: 3616
	Involuntary context switches: 55
	Swaps: 0
	File system inputs: 0
	File system outputs: 24
	Socket messages sent: 0
	Socket messages received: 0
	Signals delivered: 0
	Page size (bytes): 4096
	Exit status: 0
Measurement results for a=5 and N=21 with 11 qubits in the control register 
{ 00000000000:2424 00011000011:1 00011100110:1 00011111010:1 00100101100:1 00101000011:2 00101000100:2 00101000101:2 00101000110:1 00101001000:2 00101001010:1 00101001011:1 00101001100:2 00101001101:1 00101001110:3 00101001111:4 00101010000:9 00101010001:1 00101010010:19 00101010011:26 00101010100:131 00101010101:1732 00101010110:411 00101010111:71 00101011000:21 00101011001:12 00101011010:8 00101011011:3 00101011100:5 00101011101:4 00101011110:3 00101011111:2 00101100000:3 00101100001:2 00101100010:1 00101100100:2 00101101110:1 00101110000:2 00101110110:1 00101111101:2 00110000111:1 00110100101:1 00111101001:1 01000000111:1 01001010011:1 01001010110:1 01001011111:1 01001100110:1 01001110100:1 01001111011:2 01001111101:1 01010001111:1 01010010000:1 01010010001:1 01010010010:1 01010010110:3 01010011001:1 01010011101:2 01010100000:1 01010100001:2 01010100011:3 01010100100:4 01010100101:5 01010100110:12 01010100111:19 01010101000:26 01010101001:72 01010101010:427 01010101011:1742 01010101100:94 01010101101:46 01010101110:15 01010101111:10 01010110000:7 01010110001:8 01010110010:1 01010110011:3 01010110100:4 01010110111:1 01010111000:2 01010111010:1 01010111111:1 01011000011:1 01011000100:1 01011001101:1 01011010011:1 01011010101:1 01011010111:1 01011011111:1 01011100010:1 01011111000:1 01100010000:1 01101001000:1 01111001011:1 10000000000:2494 10011100011:1 10011111000:1 10011111111:1 10100100110:1 10100110001:1 10101000010:2 10101000100:1 10101000101:1 10101000110:2 10101000111:1 10101001001:2 10101001011:4 10101001101:1 10101001110:2 10101001111:4 10101010000:8 10101010001:9 10101010010:16 10101010011:38 10101010100:103 10101010101:1683 10101010110:436 10101010111:70 10101011000:22 10101011001:15 10101011010:13 10101011011:7 10101011100:5 10101011101:6 10101011110:6 10101011111:2 10101100000:3 10101100010:2 10101100011:1 10101100101:2 10101100110:3 10101100111:2 10101101100:2 10101110000:2 10101110011:1 10101110110:1 10110001000:1 10110001111:1 10110010011:1 10110100101:1 11000001110:1 11000010000:1 11001000011:1 11001001101:1 11001101110:1 11001110111:1 11001111111:1 11010001010:1 11010001110:1 11010010000:1 11010010011:2 11010010101:1 11010011000:1 11010011010:1 11010011011:1 11010011100:2 11010011111:4 11010100000:1 11010100001:1 11010100010:3 11010100011:3 11010100100:6 11010100101:5 11010100110:14 11010100111:16 11010101000:26 11010101001:80 11010101010:425 11010101011:1727 11010101100:115 11010101101:51 11010101110:17 11010101111:12 11010110000:6 11010110001:4 11010110010:1 11010110011:1 11010110101:3 11010110110:1 11010111000:3 11010111010:2 11010111011:1 11010111100:2 11010111101:1 11010111110:1 11011000001:1 11011000110:1 11011001000:2 11011100000:1 11011101100:1 11011110000:1 11100000000:1 }

V100
	Command being timed: "python3 shor.py 11"
	User time (seconds): 2.35
	System time (seconds): 0.72
	Percent of CPU this job got: 93%
	Elapsed (wall clock) time (h:mm:ss or m:ss): 0:03.28
	Average shared text size (kbytes): 0
	Average unshared data size (kbytes): 0
	Average stack size (kbytes): 0
	Average total size (kbytes): 0
	Maximum resident set size (kbytes): 756200
	Average resident set size (kbytes): 0
	Major (requiring I/O) page faults: 0
	Minor (reclaiming a frame) page faults: 118400
	Voluntary context switches: 3607
	Involuntary context switches: 56
	Swaps: 0
	File system inputs: 0
	File system outputs: 24
	Socket messages sent: 0
	Socket messages received: 0
	Signals delivered: 0
	Page size (bytes): 4096
	Exit status: 0
Measurement results for a=5 and N=21 with 11 qubits in the control register 
{ 00000000000:2482 00010001001:1 00011111111:1 00100000101:1 00100011110:1 00100100000:1 00100100101:1 00100101011:1 00100111100:1 00101000100:1 00101000101:2 00101000111:1 00101001000:1 00101001001:2 00101001010:2 00101001011:1 00101001101:1 00101001110:7 00101001111:5 00101010000:4 00101010001:8 00101010010:21 00101010011:33 00101010100:112 00101010101:1748 00101010110:421 00101010111:56 00101011000:30 00101011001:17 00101011010:6 00101011011:8 00101011100:4 00101011101:8 00101011110:6 00101011111:3 00101100000:2 00101100010:1 00101100101:2 00101100111:1 00101101010:1 00101101101:1 00101110011:1 00101111110:1 00101111111:1 00110000001:1 00110001111:1 00110100000:1 01001001011:1 01001100001:1 01001111010:1 01010001001:1 01010001011:1 01010010001:1 01010010110:1 01010010111:1 01010011101:3 01010011110:3 01010011111:2 01010100000:3 01010100001:3 01010100011:3 01010100100:2 01010100101:4 01010100110:13 01010100111:11 01010101000:20 01010101001:69 01010101010:415 01010101011:1732 01010101100:116 01010101101:31 01010101110:11 01010101111:9 01010110000:12 01010110001:6 01010110010:1 01010110011:4 01010110100:2 01010110101:3 01010111000:2 01011000000:1 01011000100:1 01011000110:1 01011001111:1 01011011111:1 01011101100:1 01100010110:1 01111110000:1 10000000000:2474 10011110011:1 10100010101:1 10100100110:1 10100110101:1 10100110111:1 10100111000:1 10100111100:1 10101000101:1 10101000111:2 10101001001:1 10101001010:3 10101001011:1 10101001100:3 10101001101:4 10101001110:6 10101001111:4 10101010000:7 10101010001:9 10101010010:19 10101010011:34 10101010100:104 10101010101:1657 10101010110:446 10101010111:64 10101011000:28 10101011001:18 10101011010:5 10101011011:6 10101011100:5 10101011101:5 10101011110:3 10101011111:2 10101100000:3 10101100001:1 10101100010:1 10101100100:2 10101100101:2 10101100110:1 10101101000:2 10101110000:1 10101111101:1 10110011000:1 10110110010:1 10111100001:1 11000011000:1 11010000010:1 11010001101:1 11010010011:1 11010010110:1 11010010111:1 11010011001:1 11010011010:1 11010011011:1 11010011100:1 11010011111:1 11010100001:1 11010100010:1 11010100011:4 11010100100:1 11010100101:2 11010100110:6 11010100111:13 11010101000:22 11010101001:67 11010101010:472 11010101011:1741 11010101100:114 11010101101:34 11010101110:22 11010101111:9 11010110000:6 11010110001:6 11010110010:4 11010110011:3 11010110101:2 11010110110:3 11010110111:1 11010111011:1 11011000000:1 11011000010:1 11011000110:2 11011001000:1 11011001011:1 11011001111:1 11011010000:1 11011011010:1 11011111111:1 11111111101:1 }

V100
	Command being timed: "python3 shor.py 11"
	User time (seconds): 2.39
	System time (seconds): 0.69
	Percent of CPU this job got: 93%
	Elapsed (wall clock) time (h:mm:ss or m:ss): 0:03.30
	Average shared text size (kbytes): 0
	Average unshared data size (kbytes): 0
	Average stack size (kbytes): 0
	Average total size (kbytes): 0
	Maximum resident set size (kbytes): 753196
	Average resident set size (kbytes): 0
	Major (requiring I/O) page faults: 0
	Minor (reclaiming a frame) page faults: 117402
	Voluntary context switches: 3609
	Involuntary context switches: 60
	Swaps: 0
	File system inputs: 0
	File system outputs: 24
	Socket messages sent: 0
	Socket messages received: 0
	Signals delivered: 0
	Page size (bytes): 4096
	Exit status: 0
Measurement results for a=5 and N=21 with 11 qubits in the control register 
{ 00000000000:2500 00011100100:1 00100011000:1 00100100011:1 00100110101:1 00100111000:1 00101000000:1 00101000001:1 00101000010:1 00101000110:1 00101000111:1 00101001000:1 00101001010:3 00101001011:1 00101001100:2 00101001101:3 00101001110:5 00101001111:6 00101010000:11 00101010001:7 00101010010:29 00101010011:31 00101010100:112 00101010101:1670 00101010110:406 00101010111:81 00101011000:20 00101011001:20 00101011010:5 00101011011:3 00101011100:3 00101011101:4 00101011111:1 00101100000:1 00101100001:2 00101100010:1 00101100011:1 00101101001:1 00101101011:1 00101101100:1 00101101110:1 00101110001:1 00101110010:1 00101110011:1 00101110100:1 00101111000:1 00110000110:1 01000101001:1 01001001001:1 01001010100:1 01001011001:1 01001101000:1 01001101111:1 01001111010:1 01010001001:1 01010001111:2 01010010000:1 01010010001:1 01010010100:1 01010010101:1 01010011100:2 01010011101:2 01010011110:1 01010100000:1 01010100010:4 01010100011:6 01010100100:3 01010100101:11 01010100110:14 01010100111:6 01010101000:28 01010101001:67 01010101010:420 01010101011:1655 01010101100:125 01010101101:42 01010101110:17 01010101111:8 01010110000:8 01010110001:8 01010110010:2 01010110011:2 01010110100:2 01010110101:1 01010110111:1 01010111001:1 01010111010:1 01010111011:2 01011000010:1 01011001110:1 01011010000:1 01011100011:1 01100001010:1 01100001111:1 01100010101:1 01100011001:1 01100111111:1 01110000111:1 10000000000:2511 10000011010:1 10011000011:1 10100000111:1 10100011100:1 10100100010:1 10100100100:1 10100110101:1 10100110110:1 10100111010:1 10100111100:1 10101000001:1 10101000010:1 10101000011:1 10101000100:1 10101000110:1 10101001001:2 10101001010:1 10101001011:3 10101001100:1 10101001110:4 10101001111:8 10101010000:4 10101010001:5 10101010010:13 10101010011:37 10101010100:75 10101010101:1773 10101010110:437 10101010111:71 10101011000:36 10101011001:12 10101011010:4 10101011011:7 10101011100:5 10101011101:5 10101011110:3 10101011111:5 10101100000:1 10101100010:1 10101100011:1 10101100100:1 10101100101:1 10101100111:3 10101101000:2 10101101010:1 10101101100:3 10101110111:1 10110000111:1 10110001110:1 10110010011:1 10110011101:1 10110110011:1 11000010110:1 11000111110:1 11001111010:1 11001111100:1 11010000000:1 11010010011:1 11010010100:1 11010011010:1 11010011011:1 11010011111:3 11010100000:5 11010100001:1 11010100011:4 11010100100:3 11010100101:7 11010100110:7 11010100111:25 11010101000:32 11010101001:63 11010101010:441 11010101011:1724 11010101100:108 11010101101:30 11010101110:11 11010101111:10 11010110000:6 11010110001:7 11010110010:5 11010110011:4 11010110100:1 11010110110:1 11010110111:1 11010111000:1 11010111011:3 11010111101:1 11010111110:1 11010111111:1 11011000011:1 11011000100:1 11011001011:1 11011010010:1 11011010110:2 11011011011:1 11011011111:2 11011100110:1 11011101101:1 11011110101:1 11100101001:1 11101010100:1 11111001110:1 }

V100
	Command being timed: "python3 shor.py 11"
	User time (seconds): 2.39
	System time (seconds): 0.68
	Percent of CPU this job got: 94%
	Elapsed (wall clock) time (h:mm:ss or m:ss): 0:03.26
	Average shared text size (kbytes): 0
	Average unshared data size (kbytes): 0
	Average stack size (kbytes): 0
	Average total size (kbytes): 0
	Maximum resident set size (kbytes): 753000
	Average resident set size (kbytes): 0
	Major (requiring I/O) page faults: 0
	Minor (reclaiming a frame) page faults: 117351
	Voluntary context switches: 3607
	Involuntary context switches: 58
	Swaps: 0
	File system inputs: 0
	File system outputs: 24
	Socket messages sent: 0
	Socket messages received: 0
	Signals delivered: 0
	Page size (bytes): 4096
	Exit status: 0
Measurement results for a=5 and N=21 with 11 qubits in the control register 
{ 00000000000:2542 00000100101:1 00010010000:1 00100010010:1 00100111001:1 00100111010:2 00100111100:1 00100111101:2 00100111110:1 00101000000:1 00101000001:1 00101000100:2 00101001000:1 00101001011:2 00101001100:3 00101001101:1 00101001110:4 00101001111:8 00101010000:11 00101010001:7 00101010010:20 00101010011:36 00101010100:114 00101010101:1725 00101010110:429 00101010111:76 00101011000:26 00101011001:15 00101011010:7 00101011011:5 00101011100:4 00101011101:2 00101011110:1 00101011111:1 00101100011:1 00101100100:1 00101100101:1 00101100110:2 00101100111:3 00101101001:1 00101101011:1 00101101100:1 00101101110:1 00101110011:1 00101110111:1 00101111011:1 00101111100:1 00110000000:1 00110010011:1 00110010101:1 00110011100:1 00110100011:1 00111010100:1 01000111000:1 01001010100:1 01001110011:1 01001111101:1 01010000110:1 01010001011:1 01010001110:1 01010010010:1 01010010011:1 01010010111:1 01010011000:1 01010011001:1 01010011100:2 01010011101:2 01010100000:1 01010100001:2 01010100010:2 01010100011:5 01010100100:8 01010100101:8 01010100110:8 01010100111:17 01010101000:26 01010101001:76 01010101010:413 01010101011:1728 01010101100:100 01010101101:27 01010101110:14 01010101111:11 01010110000:8 01010110001:5 01010110010:2 01010110011:1 01010110100:1 01010110110:2 01010110111:1 01010111000:1 01010111001:1 01010111011:2 01011000001:1 01011000011:1 01011000100:1 01011000101:1 01011000110:1 01011000111:1 01011001010:1 01011011100:1 10000000000:2471 10001111101:1 10100001101:1 10100010111:1 10100100001:1 10100100110:1 10100110110:1 10100111110:1 10101000010:1 10101000110:1 10101001000:1 10101001001:4 10101001010:2 10101001011:6 10101001100:1 10101001101:2 10101001110:2 10101001111:9 10101010000:7 10101010001:16 10101010010:18 10101010011:38 10101010100:105 10101010101:1717 10101010110:425 10101010111:72 10101011000:20 10101011001:17 10101011010:8 10101011011:7 10101011100:4 10101011101:3 10101011110:2 10101011111:2 10101100000:2 10101100001:2 10101100010:3 10101100011:1 10101100100:1 10101100101:1 10101101011:1 10101110101:1 10101111010:1 10101111011:2 10101111110:1 10110001011:1 10110010011:1 10110100001:2 11001010111:1 11001100110:1 11010000010:1 11010000011:1 11010001110:1 11010010011:2 11010010101:1 11010010110:1 11010011011:1 11010011101:3 11010100000:1 11010100001:4 11010100011:1 11010100100:4 11010100101:7 11010100110:12 11010100111:18 11010101000:30 11010101001:64 11010101010:417 11010101011:1688 11010101100:96 11010101101:26 11010101110:17 11010101111:10 11010110000:6 11010110001:4 11010110010:4 11010110011:4 11010110100:1 11010110101:1 11010110110:1 11010110111:4 11010111001:1 11010111010:1 11010111101:1 11011000100:1 11011000110:2 11011001001:1 11011011100:1 11111100100:1 }

V100
	Command being timed: "python3 shor.py 11"
	User time (seconds): 2.38
	System time (seconds): 0.69
	Percent of CPU this job got: 93%
	Elapsed (wall clock) time (h:mm:ss or m:ss): 0:03.29
	Average shared text size (kbytes): 0
	Average unshared data size (kbytes): 0
	Average stack size (kbytes): 0
	Average total size (kbytes): 0
	Maximum resident set size (kbytes): 756472
	Average resident set size (kbytes): 0
	Major (requiring I/O) page faults: 0
	Minor (reclaiming a frame) page faults: 116575
	Voluntary context switches: 3614
	Involuntary context switches: 56
	Swaps: 0
	File system inputs: 0
	File system outputs: 16
	Socket messages sent: 0
	Socket messages received: 0
	Signals delivered: 0
	Page size (bytes): 4096
	Exit status: 0
Measurement results for a=5 and N=21 with 11 qubits in the control register 
{ 00000000000:2415 00010100111:1 00011010001:1 00011110111:1 00100000010:1 00100000101:1 00100100000:1 00100101100:1 00100101111:1 00100110010:1 00100111001:1 00100111101:1 00101000111:1 00101001000:1 00101001010:2 00101001011:2 00101001101:1 00101001110:6 00101001111:8 00101010000:5 00101010001:10 00101010010:15 00101010011:44 00101010100:128 00101010101:1734 00101010110:438 00101010111:74 00101011000:32 00101011001:21 00101011010:9 00101011011:3 00101011100:9 00101011101:3 00101011110:1 00101011111:2 00101100001:2 00101100100:2 00101100101:1 00101100110:2 00101100111:1 00101101110:2 00101110111:1 00101111010:1 00110001010:1 00110010111:1 00110011010:1 00110011110:1 00110111001:1 01001001001:1 01001001101:1 01001011011:1 01001101101:1 01001111110:1 01010001011:1 01010001110:1 01010010010:1 01010011000:1 01010011011:1 01010011100:1 01010011101:1 01010100001:2 01010100010:4 01010100011:3 01010100100:6 01010100101:6 01010100110:8 01010100111:14 01010101000:31 01010101001:55 01010101010:439 01010101011:1689 01010101100:119 01010101101:26 01010101110:15 01010101111:14 01010110000:6 01010110001:3 01010110010:4 01010110011:7 01010110100:4 01010110101:3 01010110111:2 01010111010:1 01010111011:1 01010111100:1 01010111101:1 01010111110:1 01011000001:1 01011000110:1 01011011011:2 01011101101:1 01011101110:1 01011101111:1 01011110000:1 01011110100:1 01100001101:1 01101100001:1 01111010011:1 01111100101:1 01111110110:1 10000000000:2505 10001110001:1 10011011011:1 10100010101:1 10100110000:1 10100111000:1 10101000001:1 10101000010:1 10101000101:1 10101000110:1 10101000111:1 10101001000:1 10101001001:1 10101001010:1 10101001100:3 10101001101:2 10101001110:5 10101001111:9 10101010000:4 10101010001:9 10101010010:18 10101010011:35 10101010100:114 10101010101:1723 10101010110:405 10101010111:58 10101011000:23 10101011001:11 10101011010:7 10101011011:7 10101011100:3 10101011101:4 10101011110:1 10101011111:2 10101100000:2 10101100001:1 10101100010:3 10101100011:3 10101100100:2 10101100101:1 10101101011:1 10101110000:2 11000111111:1 11001001110:1 11001011010:1 11001101101:1 11001110010:1 11010000000:1 11010010010:1 11010010101:1 11010011000:2 11010011001:1 11010011010:2 11010011011:2 11010011101:1 11010011110:1 11010011111:1 11010100001:1 11010100010:4 11010100011:3 11010100100:3 11010100101:5 11010100110:9 11010100111:24 11010101000:29 11010101001:62 11010101010:423 11010101011:1729 11010101100:118 11010101101:44 11010101110:13 11010101111:9 11010110000:7 11010110001:7 11010110010:3 11010110100:3 11010110101:4 11010110110:1 11010110111:2 11010111000:4 11010111001:2 11010111010:1 11010111011:3 11010111100:1 11011000001:2 11011000010:1 11011000100:1 11011001000:1 11011010000:1 11011010101:1 11011010110:1 11101111100:1 }

V100
	Command being timed: "python3 shor.py 11"
	User time (seconds): 2.40
	System time (seconds): 0.67
	Percent of CPU this job got: 93%
	Elapsed (wall clock) time (h:mm:ss or m:ss): 0:03.28
	Average shared text size (kbytes): 0
	Average unshared data size (kbytes): 0
	Average stack size (kbytes): 0
	Average total size (kbytes): 0
	Maximum resident set size (kbytes): 755572
	Average resident set size (kbytes): 0
	Major (requiring I/O) page faults: 0
	Minor (reclaiming a frame) page faults: 117387
	Voluntary context switches: 3610
	Involuntary context switches: 56
	Swaps: 0
	File system inputs: 0
	File system outputs: 16
	Socket messages sent: 0
	Socket messages received: 0
	Signals delivered: 0
	Page size (bytes): 4096
	Exit status: 0
Measurement results for a=5 and N=21 with 11 qubits in the control register 
{ 00000000000:2450 00000111111:1 00010010111:1 00010111100:1 00011111010:1 00100110011:1 00100111110:1 00100111111:1 00101000000:1 00101000010:1 00101000011:1 00101000100:3 00101000111:1 00101001000:1 00101001001:1 00101001010:4 00101001100:4 00101001101:1 00101001110:4 00101001111:2 00101010000:7 00101010001:8 00101010010:11 00101010011:35 00101010100:114 00101010101:1660 00101010110:433 00101010111:62 00101011000:36 00101011001:12 00101011010:8 00101011011:5 00101011100:4 00101011101:1 00101011110:5 00101011111:3 00101100001:1 00101100010:1 00101100011:3 00101100101:1 00101101011:2 00101101100:1 00101101110:2 00101110000:1 00101110100:1 00101111110:1 00110101110:1 00111001010:1 00111001110:1 00111110101:1 00111110110:1 01000110010:1 01000110111:1 01001000110:1 01001001010:1 01001001100:1 01001010011:1 01001011111:1 01001110000:1 01001110011:1 01001111111:1 01010000110:2 01010001011:1 01010001100:2 01010010100:1 01010011001:1 01010011011:1 01010011101:2 01010011110:4 01010011111:3 01010100000:1 01010100001:2 01010100010:1 01010100011:3 01010100100:5 01010100101:4 01010100110:9 01010100111:8 01010101000:25 01010101001:84 01010101010:434 01010101011:1763 01010101100:104 01010101101:41 01010101110:18 01010101111:23 01010110000:8 01010110001:5 01010110010:5 01010110100:5 01010110101:4 01010110110:2 01010110111:1 01010111001:1 01010111010:2 01010111111:1 01011000010:1 01011000100:1 01011000101:1 01100000001:1 01100101000:1 10000000000:2519 10001111001:1 10010000011:1 10011001010:1 10011111110:1 10100001000:1 10100111101:1 10100111110:1 10101000001:1 10101000010:1 10101000100:3 10101000101:1 10101000111:1 10101001000:2 10101001001:2 10101001010:1 10101001100:3 10101001101:3 10101001110:4 10101001111:5 10101010000:6 10101010001:16 10101010010:19 10101010011:45 10101010100:92 10101010101:1684 10101010110:475 10101010111:64 10101011000:24 10101011001:17 10101011010:4 10101011011:3 10101011100:3 10101011101:8 10101011110:3 10101011111:1 10101100000:2 10101100001:1 10101100010:1 10101100011:2 10101100101:1 10101100110:1 10101101001:1 10101101111:1 10101110001:1 10101110110:1 10101110111:1 10101111110:1 10110001100:1 10110011100:1 10110101101:1 10111111100:1 11000101110:1 11000110111:1 11001010001:1 11001110011:1 11010001110:1 11010010010:1 11010010101:1 11010010110:1 11010011000:1 11010011001:2 11010011010:3 11010011101:1 11010011110:1 11010011111:2 11010100000:2 11010100001:2 11010100010:5 11010100011:1 11010100100:8 11010100101:5 11010100110:11 11010100111:7 11010101000:24 11010101001:76 11010101010:422 11010101011:1668 11010101100:108 11010101101:42 11010101110:23 11010101111:14 11010110000:7 11010110001:5 11010110010:5 11010110011:1 11010110100:2 11010110101:1 11010110110:1 11010110111:2 11010111010:1 11010111110:1 11010111111:1 11011000001:1 11011000010:1 11011000111:1 11011001010:1 11011100101:1 11011101000:1 11011101111:1 }

V100
	Command being timed: "python3 shor.py 11"
	User time (seconds): 2.38
	System time (seconds): 0.69
	Percent of CPU this job got: 93%
	Elapsed (wall clock) time (h:mm:ss or m:ss): 0:03.28
	Average shared text size (kbytes): 0
	Average unshared data size (kbytes): 0
	Average stack size (kbytes): 0
	Average total size (kbytes): 0
	Maximum resident set size (kbytes): 753632
	Average resident set size (kbytes): 0
	Major (requiring I/O) page faults: 0
	Minor (reclaiming a frame) page faults: 116900
	Voluntary context switches: 3610
	Involuntary context switches: 55
	Swaps: 0
	File system inputs: 0
	File system outputs: 24
	Socket messages sent: 0
	Socket messages received: 0
	Signals delivered: 0
	Page size (bytes): 4096
	Exit status: 0
