WARNING: overwriting environment variables set in the machine
overwriting variable ['LD_LIBRARY_PATH']
Measurement results for a=5 and N=21 with 2 qubits in the control register 
{ 00:3853 01:3677 10:3777 11:3693 }

V100
	Command being timed: "python3 shor.py 2"
	User time (seconds): 2.23
	System time (seconds): 0.80
	Percent of CPU this job got: 86%
	Elapsed (wall clock) time (h:mm:ss or m:ss): 0:03.51
	Average shared text size (kbytes): 0
	Average unshared data size (kbytes): 0
	Average stack size (kbytes): 0
	Average total size (kbytes): 0
	Maximum resident set size (kbytes): 740036
	Average resident set size (kbytes): 0
	Major (requiring I/O) page faults: 0
	Minor (reclaiming a frame) page faults: 109251
	Voluntary context switches: 10360
	Involuntary context switches: 55
	Swaps: 0
	File system inputs: 0
	File system outputs: 16
	Socket messages sent: 0
	Socket messages received: 0
	Signals delivered: 0
	Page size (bytes): 4096
	Exit status: 0
Measurement results for a=5 and N=21 with 2 qubits in the control register 
{ 00:3741 01:3662 10:3781 11:3816 }

V100
	Command being timed: "python3 shor.py 2"
	User time (seconds): 2.23
	System time (seconds): 0.67
	Percent of CPU this job got: 92%
	Elapsed (wall clock) time (h:mm:ss or m:ss): 0:03.13
	Average shared text size (kbytes): 0
	Average unshared data size (kbytes): 0
	Average stack size (kbytes): 0
	Average total size (kbytes): 0
	Maximum resident set size (kbytes): 738636
	Average resident set size (kbytes): 0
	Major (requiring I/O) page faults: 0
	Minor (reclaiming a frame) page faults: 110258
	Voluntary context switches: 3892
	Involuntary context switches: 53
	Swaps: 0
	File system inputs: 0
	File system outputs: 16
	Socket messages sent: 0
	Socket messages received: 0
	Signals delivered: 0
	Page size (bytes): 4096
	Exit status: 0
Measurement results for a=5 and N=21 with 2 qubits in the control register 
{ 00:3653 01:3809 10:3759 11:3779 }

V100
	Command being timed: "python3 shor.py 2"
	User time (seconds): 2.18
	System time (seconds): 0.71
	Percent of CPU this job got: 93%
	Elapsed (wall clock) time (h:mm:ss or m:ss): 0:03.10
	Average shared text size (kbytes): 0
	Average unshared data size (kbytes): 0
	Average stack size (kbytes): 0
	Average total size (kbytes): 0
	Maximum resident set size (kbytes): 739604
	Average resident set size (kbytes): 0
	Major (requiring I/O) page faults: 0
	Minor (reclaiming a frame) page faults: 111162
	Voluntary context switches: 3607
	Involuntary context switches: 53
	Swaps: 0
	File system inputs: 0
	File system outputs: 16
	Socket messages sent: 0
	Socket messages received: 0
	Signals delivered: 0
	Page size (bytes): 4096
	Exit status: 0
Measurement results for a=5 and N=21 with 2 qubits in the control register 
{ 00:3712 01:3711 10:3770 11:3807 }

V100
	Command being timed: "python3 shor.py 2"
	User time (seconds): 2.23
	System time (seconds): 0.68
	Percent of CPU this job got: 93%
	Elapsed (wall clock) time (h:mm:ss or m:ss): 0:03.11
	Average shared text size (kbytes): 0
	Average unshared data size (kbytes): 0
	Average stack size (kbytes): 0
	Average total size (kbytes): 0
	Maximum resident set size (kbytes): 739724
	Average resident set size (kbytes): 0
	Major (requiring I/O) page faults: 0
	Minor (reclaiming a frame) page faults: 111486
	Voluntary context switches: 3606
	Involuntary context switches: 53
	Swaps: 0
	File system inputs: 0
	File system outputs: 16
	Socket messages sent: 0
	Socket messages received: 0
	Signals delivered: 0
	Page size (bytes): 4096
	Exit status: 0
Measurement results for a=5 and N=21 with 2 qubits in the control register 
{ 00:3796 01:3713 10:3715 11:3776 }

V100
	Command being timed: "python3 shor.py 2"
	User time (seconds): 2.21
	System time (seconds): 0.69
	Percent of CPU this job got: 93%
	Elapsed (wall clock) time (h:mm:ss or m:ss): 0:03.10
	Average shared text size (kbytes): 0
	Average unshared data size (kbytes): 0
	Average stack size (kbytes): 0
	Average total size (kbytes): 0
	Maximum resident set size (kbytes): 739072
	Average resident set size (kbytes): 0
	Major (requiring I/O) page faults: 0
	Minor (reclaiming a frame) page faults: 111526
	Voluntary context switches: 3607
	Involuntary context switches: 54
	Swaps: 0
	File system inputs: 0
	File system outputs: 16
	Socket messages sent: 0
	Socket messages received: 0
	Signals delivered: 0
	Page size (bytes): 4096
	Exit status: 0
Measurement results for a=5 and N=21 with 2 qubits in the control register 
{ 00:3809 01:3636 10:3819 11:3736 }

V100
	Command being timed: "python3 shor.py 2"
	User time (seconds): 2.23
	System time (seconds): 0.66
	Percent of CPU this job got: 93%
	Elapsed (wall clock) time (h:mm:ss or m:ss): 0:03.11
	Average shared text size (kbytes): 0
	Average unshared data size (kbytes): 0
	Average stack size (kbytes): 0
	Average total size (kbytes): 0
	Maximum resident set size (kbytes): 737196
	Average resident set size (kbytes): 0
	Major (requiring I/O) page faults: 0
	Minor (reclaiming a frame) page faults: 111061
	Voluntary context switches: 3606
	Involuntary context switches: 53
	Swaps: 0
	File system inputs: 0
	File system outputs: 16
	Socket messages sent: 0
	Socket messages received: 0
	Signals delivered: 0
	Page size (bytes): 4096
	Exit status: 0
Measurement results for a=5 and N=21 with 2 qubits in the control register 
{ 00:3770 01:3753 10:3742 11:3735 }

V100
	Command being timed: "python3 shor.py 2"
	User time (seconds): 2.22
	System time (seconds): 0.67
	Percent of CPU this job got: 94%
	Elapsed (wall clock) time (h:mm:ss or m:ss): 0:03.07
	Average shared text size (kbytes): 0
	Average unshared data size (kbytes): 0
	Average stack size (kbytes): 0
	Average total size (kbytes): 0
	Maximum resident set size (kbytes): 737772
	Average resident set size (kbytes): 0
	Major (requiring I/O) page faults: 0
	Minor (reclaiming a frame) page faults: 111057
	Voluntary context switches: 3602
	Involuntary context switches: 53
	Swaps: 0
	File system inputs: 0
	File system outputs: 16
	Socket messages sent: 0
	Socket messages received: 0
	Signals delivered: 0
	Page size (bytes): 4096
	Exit status: 0
Measurement results for a=5 and N=21 with 2 qubits in the control register 
{ 00:3784 01:3677 10:3730 11:3809 }

V100
	Command being timed: "python3 shor.py 2"
	User time (seconds): 2.21
	System time (seconds): 0.68
	Percent of CPU this job got: 93%
	Elapsed (wall clock) time (h:mm:ss or m:ss): 0:03.10
	Average shared text size (kbytes): 0
	Average unshared data size (kbytes): 0
	Average stack size (kbytes): 0
	Average total size (kbytes): 0
	Maximum resident set size (kbytes): 738652
	Average resident set size (kbytes): 0
	Major (requiring I/O) page faults: 0
	Minor (reclaiming a frame) page faults: 110834
	Voluntary context switches: 3607
	Involuntary context switches: 51
	Swaps: 0
	File system inputs: 0
	File system outputs: 16
	Socket messages sent: 0
	Socket messages received: 0
	Signals delivered: 0
	Page size (bytes): 4096
	Exit status: 0
Measurement results for a=5 and N=21 with 2 qubits in the control register 
{ 00:3726 01:3781 10:3738 11:3755 }

V100
	Command being timed: "python3 shor.py 2"
	User time (seconds): 2.22
	System time (seconds): 0.68
	Percent of CPU this job got: 93%
	Elapsed (wall clock) time (h:mm:ss or m:ss): 0:03.13
	Average shared text size (kbytes): 0
	Average unshared data size (kbytes): 0
	Average stack size (kbytes): 0
	Average total size (kbytes): 0
	Maximum resident set size (kbytes): 740564
	Average resident set size (kbytes): 0
	Major (requiring I/O) page faults: 0
	Minor (reclaiming a frame) page faults: 111549
	Voluntary context switches: 3604
	Involuntary context switches: 51
	Swaps: 0
	File system inputs: 0
	File system outputs: 16
	Socket messages sent: 0
	Socket messages received: 0
	Signals delivered: 0
	Page size (bytes): 4096
	Exit status: 0
Measurement results for a=5 and N=21 with 2 qubits in the control register 
{ 00:3750 01:3746 10:3684 11:3820 }

V100
	Command being timed: "python3 shor.py 2"
	User time (seconds): 2.25
	System time (seconds): 0.66
	Percent of CPU this job got: 93%
	Elapsed (wall clock) time (h:mm:ss or m:ss): 0:03.12
	Average shared text size (kbytes): 0
	Average unshared data size (kbytes): 0
	Average stack size (kbytes): 0
	Average total size (kbytes): 0
	Maximum resident set size (kbytes): 738168
	Average resident set size (kbytes): 0
	Major (requiring I/O) page faults: 0
	Minor (reclaiming a frame) page faults: 111120
	Voluntary context switches: 3608
	Involuntary context switches: 47
	Swaps: 0
	File system inputs: 0
	File system outputs: 16
	Socket messages sent: 0
	Socket messages received: 0
	Signals delivered: 0
	Page size (bytes): 4096
	Exit status: 0
