WARNING: overwriting environment variables set in the machine
overwriting variable ['LD_LIBRARY_PATH']
Measurement results for a=5 and N=21 with 20 qubits in the control register 
{ 00000000000000000000:2376 00101010000011001001:1 00101010101000100011:1 00101010101001101111:1 00101010101010001010:1 00101010101010010000:1 00101010101010010100:1 00101010101010011000:1 00101010101010011010:1 00101010101010011100:3 00101010101010011110:2 00101010101010100000:1 00101010101010100001:1 00101010101010100010:4 00101010101010100011:3 00101010101010100100:3 00101010101010100101:8 00101010101010100110:6 00101010101010100111:16 00101010101010101000:23 00101010101010101001:74 00101010101010101010:460 00101010101010101011:1666 00101010101010101100:111 00101010101010101101:31 00101010101010101110:14 00101010101010101111:12 00101010101010110000:4 00101010101010110001:1 00101010101010110010:4 00101010101010110011:1 00101010101010110100:1 00101010101010110101:2 00101010101010110110:2 00101010101010111010:1 00101010101010111100:1 00101010101010111101:2 00101010101010111110:1 00101010101010111111:1 00101010101011000011:1 00101010101011000101:1 00101010101011001000:2 00101010101011001010:1 00101010101011011001:3 00101010101011011100:1 00101010101011100101:1 00101010101100100000:1 00101010101111110100:1 01010101010011101000:1 01010101010011110000:1 01010101010100101100:1 01010101010100110011:1 01010101010100111001:1 01010101010100111011:1 01010101010101000001:1 01010101010101000010:1 01010101010101000011:1 01010101010101000111:2 01010101010101001001:4 01010101010101001010:3 01010101010101001011:1 01010101010101001100:2 01010101010101001110:3 01010101010101001111:4 01010101010101010000:9 01010101010101010001:8 01010101010101010010:20 01010101010101010011:27 01010101010101010100:124 01010101010101010101:1838 01010101010101010110:444 01010101010101010111:60 01010101010101011000:28 01010101010101011001:14 01010101010101011010:9 01010101010101011011:12 01010101010101011100:6 01010101010101011101:5 01010101010101011110:3 01010101010101011111:3 01010101010101100000:5 01010101010101100011:1 01010101010101100100:3 01010101010101101000:1 01010101010101101100:1 01010101010101110011:1 01010101010110000001:1 01010101010110001011:1 01010101010110111110:1 10000000000000000000:2552 10101010011100100100:1 10101010101001000101:1 10101010101001001011:1 10101010101001010110:1 10101010101001011001:1 10101010101010000111:1 10101010101010001110:2 10101010101010001111:1 10101010101010010000:1 10101010101010010010:2 10101010101010010111:1 10101010101010011000:1 10101010101010011010:3 10101010101010011100:2 10101010101010011110:2 10101010101010011111:1 10101010101010100000:1 10101010101010100001:3 10101010101010100010:4 10101010101010100011:2 10101010101010100100:6 10101010101010100101:5 10101010101010100110:8 10101010101010100111:11 10101010101010101000:28 10101010101010101001:60 10101010101010101010:439 10101010101010101011:1625 10101010101010101100:109 10101010101010101101:36 10101010101010101110:16 10101010101010101111:14 10101010101010110000:6 10101010101010110001:5 10101010101010110010:2 10101010101010110011:3 10101010101010110101:3 10101010101010110110:2 10101010101010110111:1 10101010101010111000:2 10101010101010111001:1 10101010101010111011:1 10101010101010111101:1 10101010101011000001:1 10101010101011000110:1 10101010101011000111:1 10101010101011001000:2 10101010101011010011:1 10101010101011100010:1 10101010110001000001:1 10101010110011101100:1 11010101010100000110:1 11010101010100001001:1 11010101010100010100:1 11010101010100101000:1 11010101010100101001:1 11010101010100101100:1 11010101010100101110:1 11010101010100111011:1 11010101010100111101:1 11010101010100111111:1 11010101010101000010:1 11010101010101000011:1 11010101010101000100:1 11010101010101001000:2 11010101010101001001:1 11010101010101001010:5 11010101010101001011:3 11010101010101001100:2 11010101010101001101:6 11010101010101001110:3 11010101010101001111:1 11010101010101010000:7 11010101010101010001:15 11010101010101010010:23 11010101010101010011:31 11010101010101010100:127 11010101010101010101:1657 11010101010101010110:460 11010101010101010111:78 11010101010101011000:29 11010101010101011001:16 11010101010101011010:7 11010101010101011011:7 11010101010101011100:3 11010101010101011101:3 11010101010101011110:1 11010101010101011111:2 11010101010101100000:1 11010101010101100001:2 11010101010101100011:1 11010101010101100100:1 11010101010101100110:1 11010101010101101000:1 11010101010101101010:1 11010101010101101011:1 11010101010101110110:1 11010101010110001110:1 11010101011000000101:1 11010101011001010110:1 }

V100
	Command being timed: "python3 shor.py 20"
	User time (seconds): 8638.54
	System time (seconds): 107.86
	Percent of CPU this job got: 99%
	Elapsed (wall clock) time (h:mm:ss or m:ss): 2:26:26
	Average shared text size (kbytes): 0
	Average unshared data size (kbytes): 0
	Average stack size (kbytes): 0
	Average total size (kbytes): 0
	Maximum resident set size (kbytes): 19640036
	Average resident set size (kbytes): 0
	Major (requiring I/O) page faults: 0
	Minor (reclaiming a frame) page faults: 132644613
	Voluntary context switches: 99834
	Involuntary context switches: 116259
	Swaps: 0
	File system inputs: 0
	File system outputs: 24
	Socket messages sent: 0
	Socket messages received: 0
	Signals delivered: 0
	Page size (bytes): 4096
	Exit status: 0
Measurement results for a=5 and N=21 with 20 qubits in the control register 
{ 00000000000000000000:2506 00101010100111111010:1 00101010101001101011:1 00101010101010000101:1 00101010101010001111:1 00101010101010010000:1 00101010101010010011:1 00101010101010010101:1 00101010101010011000:1 00101010101010011011:2 00101010101010011110:2 00101010101010011111:1 00101010101010100000:1 00101010101010100001:2 00101010101010100010:3 00101010101010100011:6 00101010101010100100:4 00101010101010100101:6 00101010101010100110:12 00101010101010100111:16 00101010101010101000:33 00101010101010101001:72 00101010101010101010:446 00101010101010101011:1715 00101010101010101100:86 00101010101010101101:40 00101010101010101110:21 00101010101010101111:12 00101010101010110000:10 00101010101010110001:1 00101010101010110010:4 00101010101010110011:3 00101010101010110100:1 00101010101010110101:2 00101010101010110110:1 00101010101010111001:1 00101010101010111010:1 00101010101010111101:1 00101010101010111111:1 00101010101011001000:1 00101010101011010110:1 00101010101011011110:1 00101010101011100000:1 01010101010100011010:1 01010101010100100101:1 01010101010100101001:1 01010101010100110110:1 01010101010100110111:1 01010101010100111000:1 01010101010101000001:1 01010101010101000100:1 01010101010101000101:1 01010101010101000110:1 01010101010101000111:4 01010101010101001001:2 01010101010101001011:1 01010101010101001100:1 01010101010101001101:2 01010101010101001110:4 01010101010101001111:5 01010101010101010000:6 01010101010101010001:12 01010101010101010010:13 01010101010101010011:46 01010101010101010100:110 01010101010101010101:1699 01010101010101010110:460 01010101010101010111:73 01010101010101011000:25 01010101010101011001:16 01010101010101011010:10 01010101010101011011:11 01010101010101011100:4 01010101010101011101:4 01010101010101011110:2 01010101010101011111:2 01010101010101100001:3 01010101010101100010:2 01010101010101100011:1 01010101010101100101:1 01010101010101100110:1 01010101010101101000:1 01010101010101101010:1 01010101010101101011:1 01010101010101101100:1 01010101010101101101:2 01010101010101111010:1 01010101010110011000:1 01010101010110011110:1 01010101010111011111:1 01010101010111111101:1 01010101010111111111:1 01010101011000101110:1 10000000000000000000:2476 10101010100110110100:1 10101010100111101010:1 10101010101001011100:1 10101010101001011101:1 10101010101001110010:1 10101010101010000111:1 10101010101010001000:1 10101010101010001100:1 10101010101010001111:1 10101010101010010001:2 10101010101010010011:1 10101010101010010110:1 10101010101010010111:1 10101010101010011010:2 10101010101010011100:1 10101010101010011101:2 10101010101010011110:2 10101010101010011111:4 10101010101010100000:1 10101010101010100001:2 10101010101010100011:1 10101010101010100100:5 10101010101010100101:4 10101010101010100110:10 10101010101010100111:14 10101010101010101000:32 10101010101010101001:71 10101010101010101010:457 10101010101010101011:1678 10101010101010101100:92 10101010101010101101:36 10101010101010101110:21 10101010101010101111:11 10101010101010110000:6 10101010101010110001:7 10101010101010110010:2 10101010101010110011:2 10101010101010110100:2 10101010101010110101:4 10101010101010110111:1 10101010101010111001:2 10101010101010111010:3 10101010101010111011:1 10101010101010111100:1 10101010101010111110:2 10101010101011000101:2 10101010101011000110:1 10101010101011011001:1 10101010101011011011:1 10101010110000011110:1 10101011000111011100:1 11010101010011000111:1 11010101010100001010:1 11010101010100100000:1 11010101010100101000:1 11010101010100110001:1 11010101010100110101:1 11010101010100111001:1 11010101010100111010:1 11010101010100111011:1 11010101010100111110:2 11010101010101000000:2 11010101010101000011:1 11010101010101000101:1 11010101010101000111:3 11010101010101001001:2 11010101010101001010:3 11010101010101001011:6 11010101010101001110:3 11010101010101001111:14 11010101010101010000:5 11010101010101010001:9 11010101010101010010:13 11010101010101010011:31 11010101010101010100:114 11010101010101010101:1692 11010101010101010110:409 11010101010101010111:63 11010101010101011000:25 11010101010101011001:8 11010101010101011010:9 11010101010101011011:6 11010101010101011100:4 11010101010101011110:1 11010101010101011111:3 11010101010101100000:2 11010101010101100001:3 11010101010101100010:1 11010101010101100011:1 11010101010101100100:1 11010101010101100101:1 11010101010101100111:1 11010101010101101000:2 11010101010101101011:1 11010101010101101100:1 11010101010101110011:1 11010101010101110100:1 11010101010101110110:1 11010101010110001110:1 11010101011000010000:1 }

V100
	Command being timed: "python3 shor.py 20"
	User time (seconds): 8618.85
	System time (seconds): 83.05
	Percent of CPU this job got: 99%
	Elapsed (wall clock) time (h:mm:ss or m:ss): 2:25:39
	Average shared text size (kbytes): 0
	Average unshared data size (kbytes): 0
	Average stack size (kbytes): 0
	Average total size (kbytes): 0
	Maximum resident set size (kbytes): 19645220
	Average resident set size (kbytes): 0
	Major (requiring I/O) page faults: 0
	Minor (reclaiming a frame) page faults: 105284709
	Voluntary context switches: 93899
	Involuntary context switches: 115657
	Swaps: 0
	File system inputs: 0
	File system outputs: 24
	Socket messages sent: 0
	Socket messages received: 0
	Signals delivered: 0
	Page size (bytes): 4096
	Exit status: 0
Measurement results for a=5 and N=21 with 20 qubits in the control register 
{ 00000000000000000000:2483 00101010101001001111:1 00101010101001011001:1 00101010101001100110:1 00101010101001111001:1 00101010101001111011:1 00101010101001111111:1 00101010101010001010:1 00101010101010001100:1 00101010101010010001:1 00101010101010010100:2 00101010101010010110:1 00101010101010010111:1 00101010101010011011:3 00101010101010011101:2 00101010101010011110:1 00101010101010011111:1 00101010101010100000:2 00101010101010100001:4 00101010101010100010:6 00101010101010100011:3 00101010101010100100:4 00101010101010100101:3 00101010101010100110:3 00101010101010100111:19 00101010101010101000:24 00101010101010101001:69 00101010101010101010:452 00101010101010101011:1701 00101010101010101100:106 00101010101010101101:35 00101010101010101110:17 00101010101010101111:6 00101010101010110000:3 00101010101010110001:2 00101010101010110010:1 00101010101010110011:2 00101010101010110100:2 00101010101010110101:1 00101010101010110110:1 00101010101010110111:3 00101010101010111001:1 00101010101010111010:2 00101010101010111011:1 00101010101010111101:1 00101010101011000110:1 00101010101011001101:1 00101010101011010101:1 00101010101011100110:1 00101010101011110000:1 00101010111000010110:1 01010101010010000011:1 01010101010011010011:1 01010101010100000110:1 01010101010100001100:1 01010101010100100101:1 01010101010100100111:1 01010101010100101001:1 01010101010100111101:1 01010101010100111110:1 01010101010101000110:2 01010101010101001000:3 01010101010101001010:2 01010101010101001011:4 01010101010101001100:3 01010101010101001101:7 01010101010101001110:2 01010101010101001111:3 01010101010101010000:8 01010101010101010001:7 01010101010101010010:14 01010101010101010011:43 01010101010101010100:116 01010101010101010101:1679 01010101010101010110:428 01010101010101010111:72 01010101010101011000:26 01010101010101011001:15 01010101010101011010:13 01010101010101011011:9 01010101010101011100:9 01010101010101011101:6 01010101010101011110:3 01010101010101011111:2 01010101010101100000:2 01010101010101100001:3 01010101010101100010:1 01010101010101100100:3 01010101010101100101:2 01010101010101100111:1 01010101010101101010:2 01010101010101101100:1 01010101010101101101:4 01010101010101110000:1 01010101010101110011:1 01010101010101110101:1 01010101010101110110:1 01010101010101110111:1 01010101010101111100:1 01010101010110000010:1 01010101010110010100:1 01010101010111000011:1 01010101010111101111:1 01010101011000110001:1 01010101110111001000:1 10000000000000000000:2526 10101010101000010101:1 10101010101001110011:1 10101010101001110100:1 10101010101010000001:1 10101010101010001000:1 10101010101010010001:1 10101010101010010101:1 10101010101010011001:1 10101010101010011011:1 10101010101010011100:2 10101010101010011101:1 10101010101010011110:2 10101010101010100000:3 10101010101010100001:2 10101010101010100010:5 10101010101010100011:2 10101010101010100100:8 10101010101010100101:8 10101010101010100110:7 10101010101010100111:16 10101010101010101000:17 10101010101010101001:66 10101010101010101010:422 10101010101010101011:1709 10101010101010101100:122 10101010101010101101:42 10101010101010101110:13 10101010101010101111:10 10101010101010110000:9 10101010101010110001:2 10101010101010110010:5 10101010101010110011:3 10101010101010110100:4 10101010101010110101:2 10101010101010111010:1 10101010101010111100:1 10101010101010111110:2 10101010101011000001:1 10101010101011001000:1 10101010101011010001:2 10101010101011011110:1 10101010101011100001:1 10101010101011100111:1 10101010101101011001:1 10101010101101110111:1 11010101010100101000:1 11010101010100101011:1 11010101010100101110:1 11010101010100110001:1 11010101010100110010:1 11010101010100110011:1 11010101010100111010:1 11010101010101000000:2 11010101010101000010:1 11010101010101000011:1 11010101010101000100:3 11010101010101000101:1 11010101010101000111:1 11010101010101001000:1 11010101010101001001:1 11010101010101001010:2 11010101010101001011:2 11010101010101001101:3 11010101010101001110:2 11010101010101001111:4 11010101010101010000:7 11010101010101010001:15 11010101010101010010:15 11010101010101010011:44 11010101010101010100:110 11010101010101010101:1689 11010101010101010110:418 11010101010101010111:74 11010101010101011000:22 11010101010101011001:10 11010101010101011010:9 11010101010101011011:4 11010101010101011100:4 11010101010101011101:5 11010101010101011110:2 11010101010101011111:2 11010101010101100000:1 11010101010101100010:1 11010101010101100101:2 11010101010101101000:1 11010101010101101010:3 11010101010101101100:1 11010101010110001111:1 }

V100
	Command being timed: "python3 shor.py 20"
	User time (seconds): 8740.88
	System time (seconds): 87.11
	Percent of CPU this job got: 99%
	Elapsed (wall clock) time (h:mm:ss or m:ss): 2:27:46
	Average shared text size (kbytes): 0
	Average unshared data size (kbytes): 0
	Average stack size (kbytes): 0
	Average total size (kbytes): 0
	Maximum resident set size (kbytes): 19642936
	Average resident set size (kbytes): 0
	Major (requiring I/O) page faults: 0
	Minor (reclaiming a frame) page faults: 111049431
	Voluntary context switches: 95260
	Involuntary context switches: 117346
	Swaps: 0
	File system inputs: 0
	File system outputs: 24
	Socket messages sent: 0
	Socket messages received: 0
	Signals delivered: 0
	Page size (bytes): 4096
	Exit status: 0
Measurement results for a=5 and N=21 with 20 qubits in the control register 
{ 00000000000000000000:2496 00101010100011101111:1 00101010100110011011:1 00101010100111101000:1 00101010101001011000:1 00101010101001100100:1 00101010101010000111:1 00101010101010010001:1 00101010101010010010:1 00101010101010010101:1 00101010101010010110:1 00101010101010010111:2 00101010101010011000:1 00101010101010011001:2 00101010101010011010:1 00101010101010011100:1 00101010101010011101:3 00101010101010011110:1 00101010101010011111:1 00101010101010100001:1 00101010101010100010:3 00101010101010100011:4 00101010101010100100:8 00101010101010100101:8 00101010101010100110:12 00101010101010100111:10 00101010101010101000:31 00101010101010101001:61 00101010101010101010:412 00101010101010101011:1649 00101010101010101100:129 00101010101010101101:42 00101010101010101110:13 00101010101010101111:13 00101010101010110000:8 00101010101010110001:4 00101010101010110010:2 00101010101010110011:6 00101010101010110100:4 00101010101010110101:3 00101010101010111000:1 00101010101010111100:1 00101010101010111111:1 00101010101011000001:1 00101010101011010101:1 00101010101011010110:1 00101010101011010111:1 00101010101011101100:1 00101010101011111101:1 00101010111001101111:1 01010100010000011011:1 01010101010010111110:1 01010101010100000110:1 01010101010100101001:1 01010101010100101010:1 01010101010100110010:1 01010101010100111000:1 01010101010101000000:1 01010101010101000011:1 01010101010101000100:1 01010101010101000101:2 01010101010101000111:1 01010101010101001000:1 01010101010101001010:1 01010101010101001011:3 01010101010101001100:2 01010101010101001101:4 01010101010101001110:2 01010101010101001111:4 01010101010101010000:3 01010101010101010001:9 01010101010101010010:18 01010101010101010011:37 01010101010101010100:93 01010101010101010101:1763 01010101010101010110:421 01010101010101010111:79 01010101010101011000:19 01010101010101011001:15 01010101010101011010:9 01010101010101011011:8 01010101010101011100:4 01010101010101011101:5 01010101010101011110:1 01010101010101100101:1 01010101010101100110:2 01010101010101100111:1 01010101010101101000:1 01010101010101110001:2 01010101010101110011:1 01010101010101110111:1 01010101010101111011:2 01010101010110001010:1 01010101010111111101:1 01010101011100111011:1 10000000000000000000:2470 10101010100111100000:1 10101010101000010001:1 10101010101001010000:1 10101010101001011110:1 10101010101001101110:1 10101010101010000111:1 10101010101010001110:2 10101010101010010011:1 10101010101010011101:1 10101010101010011110:1 10101010101010011111:1 10101010101010100001:5 10101010101010100010:4 10101010101010100011:1 10101010101010100100:2 10101010101010100101:2 10101010101010100110:5 10101010101010100111:15 10101010101010101000:25 10101010101010101001:68 10101010101010101010:445 10101010101010101011:1785 10101010101010101100:110 10101010101010101101:32 10101010101010101110:17 10101010101010101111:9 10101010101010110000:8 10101010101010110001:5 10101010101010110010:1 10101010101010110011:5 10101010101010110100:1 10101010101010110101:1 10101010101010110110:2 10101010101010110111:3 10101010101010111000:2 10101010101010111001:1 10101010101010111010:1 10101010101010111101:1 10101010101010111111:1 10101010101011000000:1 10101010101011000001:1 10101010101011000011:1 10101010101011000100:1 10101010101011000101:1 10101010101011000110:1 10101010101011010110:2 10101010101011011110:1 10101010101100000110:1 10101010101100110100:1 11010101000111001010:1 11010101010000010011:1 11010101010011100010:1 11010101010011101111:2 11010101010011111100:1 11010101010100010110:1 11010101010100100100:1 11010101010100110011:1 11010101010100110111:1 11010101010100111001:1 11010101010100111011:1 11010101010100111110:1 11010101010101000001:1 11010101010101000010:1 11010101010101000101:1 11010101010101000110:1 11010101010101000111:1 11010101010101001001:1 11010101010101001011:2 11010101010101001100:2 11010101010101001101:3 11010101010101001110:2 11010101010101001111:5 11010101010101010000:4 11010101010101010001:8 11010101010101010010:12 11010101010101010011:37 11010101010101010100:106 11010101010101010101:1667 11010101010101010110:445 11010101010101010111:62 11010101010101011000:27 11010101010101011001:15 11010101010101011010:9 11010101010101011011:7 11010101010101011100:6 11010101010101011101:1 11010101010101011110:4 11010101010101011111:4 11010101010101100000:1 11010101010101100011:2 11010101010101100100:5 11010101010101100110:1 11010101010101100111:2 11010101010101101000:1 11010101010101101001:1 11010101010101101010:1 11010101010101101100:2 11010101010101110001:1 11010101010101110011:1 11010101010101110110:1 11010101010101110111:1 11010101010110001000:1 11010101010110111111:1 11010101010111000000:1 11010101011100010011:1 }

V100
	Command being timed: "python3 shor.py 20"
	User time (seconds): 8665.66
	System time (seconds): 88.63
	Percent of CPU this job got: 99%
	Elapsed (wall clock) time (h:mm:ss or m:ss): 2:26:32
	Average shared text size (kbytes): 0
	Average unshared data size (kbytes): 0
	Average stack size (kbytes): 0
	Average total size (kbytes): 0
	Maximum resident set size (kbytes): 19646760
	Average resident set size (kbytes): 0
	Major (requiring I/O) page faults: 0
	Minor (reclaiming a frame) page faults: 112398289
	Voluntary context switches: 95266
	Involuntary context switches: 116297
	Swaps: 0
	File system inputs: 0
	File system outputs: 32
	Socket messages sent: 0
	Socket messages received: 0
	Signals delivered: 0
	Page size (bytes): 4096
	Exit status: 0
Measurement results for a=5 and N=21 with 20 qubits in the control register 
{ 00000000000000000000:2426 00101010101001000010:1 00101010101001010001:1 00101010101001100100:1 00101010101001110010:1 00101010101001110011:1 00101010101001111001:1 00101010101010000101:1 00101010101010001011:1 00101010101010001111:1 00101010101010010000:1 00101010101010010001:2 00101010101010010010:1 00101010101010010110:1 00101010101010010111:1 00101010101010011000:1 00101010101010011011:1 00101010101010011110:2 00101010101010011111:1 00101010101010100000:3 00101010101010100001:2 00101010101010100010:1 00101010101010100011:1 00101010101010100100:6 00101010101010100101:11 00101010101010100110:14 00101010101010100111:7 00101010101010101000:26 00101010101010101001:67 00101010101010101010:473 00101010101010101011:1764 00101010101010101100:100 00101010101010101101:39 00101010101010101110:13 00101010101010101111:13 00101010101010110000:6 00101010101010110001:5 00101010101010110010:6 00101010101010110011:3 00101010101010110100:3 00101010101010110101:1 00101010101010110110:1 00101010101010110111:1 00101010101010111011:2 00101010101010111100:1 00101010101010111101:3 00101010101010111110:2 00101010101010111111:1 00101010101011000001:2 00101010101011001000:1 00101010101011001100:1 00101010101011011011:1 00101010101011101100:1 00101010101101011000:1 00101010110000010001:1 01010101010011001001:1 01010101010100011001:1 01010101010100101001:1 01010101010100110101:1 01010101010100110110:1 01010101010100110111:1 01010101010101000001:1 01010101010101000010:1 01010101010101000111:1 01010101010101001000:2 01010101010101001001:1 01010101010101001010:1 01010101010101001100:1 01010101010101001101:4 01010101010101001110:4 01010101010101001111:4 01010101010101010000:7 01010101010101010001:4 01010101010101010010:20 01010101010101010011:44 01010101010101010100:100 01010101010101010101:1739 01010101010101010110:404 01010101010101010111:63 01010101010101011000:30 01010101010101011001:14 01010101010101011010:5 01010101010101011011:3 01010101010101011100:9 01010101010101011101:3 01010101010101011110:6 01010101010101011111:3 01010101010101100000:1 01010101010101100001:2 01010101010101100010:1 01010101010101100101:1 01010101010101100110:1 01010101010101101101:1 01010101010101110110:1 01010101010101111000:2 01010101010110001000:1 01010101010110100101:1 01010101010111111011:1 01010101011001100101:1 01010101011100010100:1 10000000000000000000:2527 10101010100011110011:1 10101010101000000111:1 10101010101000001101:1 10101010101000111110:1 10101010101001010011:1 10101010101001101110:1 10101010101001111001:1 10101010101010000001:1 10101010101010001011:1 10101010101010010001:1 10101010101010010100:1 10101010101010011001:1 10101010101010011010:1 10101010101010011011:2 10101010101010011100:1 10101010101010011101:1 10101010101010011110:1 10101010101010011111:2 10101010101010100000:3 10101010101010100001:4 10101010101010100010:2 10101010101010100011:2 10101010101010100100:5 10101010101010100101:6 10101010101010100110:12 10101010101010100111:11 10101010101010101000:33 10101010101010101001:68 10101010101010101010:414 10101010101010101011:1723 10101010101010101100:109 10101010101010101101:26 10101010101010101110:27 10101010101010101111:16 10101010101010110000:7 10101010101010110001:10 10101010101010110011:3 10101010101010110101:6 10101010101010110110:3 10101010101010110111:5 10101010101010111001:1 10101010101010111101:1 10101010101011000000:1 10101010101011000110:1 10101010101011001011:1 10101010101011010100:1 10101010101011011111:1 10101010101011110000:1 10101010101100110000:1 10101010101101010010:1 11010101010010000000:1 11010101010010010111:1 11010101010011101000:1 11010101010100010101:1 11010101010100010111:1 11010101010100100001:1 11010101010100100111:1 11010101010100110111:1 11010101010100111100:2 11010101010100111101:1 11010101010100111110:1 11010101010100111111:1 11010101010101000011:1 11010101010101001001:1 11010101010101001100:4 11010101010101001101:2 11010101010101001110:6 11010101010101001111:4 11010101010101010000:7 11010101010101010001:7 11010101010101010010:14 11010101010101010011:31 11010101010101010100:107 11010101010101010101:1649 11010101010101010110:415 11010101010101010111:70 11010101010101011000:28 11010101010101011001:18 11010101010101011010:7 11010101010101011011:3 11010101010101011100:7 11010101010101011101:6 11010101010101011110:3 11010101010101100000:3 11010101010101100001:4 11010101010101100010:2 11010101010101100100:2 11010101010101100101:2 11010101010101100110:1 11010101010101100111:1 11010101010101110011:1 11010101010101111001:1 11010101010110001001:1 11010101010110010110:1 11010101010110101110:1 11010101010111111100:1 }

V100
	Command being timed: "python3 shor.py 20"
	User time (seconds): 8659.48
	System time (seconds): 102.24
	Percent of CPU this job got: 99%
	Elapsed (wall clock) time (h:mm:ss or m:ss): 2:26:39
	Average shared text size (kbytes): 0
	Average unshared data size (kbytes): 0
	Average stack size (kbytes): 0
	Average total size (kbytes): 0
	Maximum resident set size (kbytes): 19641604
	Average resident set size (kbytes): 0
	Major (requiring I/O) page faults: 0
	Minor (reclaiming a frame) page faults: 127375102
	Voluntary context switches: 95669
	Involuntary context switches: 116598
	Swaps: 0
	File system inputs: 0
	File system outputs: 24
	Socket messages sent: 0
	Socket messages received: 0
	Signals delivered: 0
	Page size (bytes): 4096
	Exit status: 0
Measurement results for a=5 and N=21 with 20 qubits in the control register 
{ 00000000000000000000:2559 00101001001001101000:1 00101010011111000011:1 00101010101001111001:1 00101010101001111011:1 00101010101010000101:1 00101010101010001001:2 00101010101010010000:1 00101010101010010010:1 00101010101010010011:1 00101010101010011010:1 00101010101010011101:2 00101010101010011110:1 00101010101010100001:3 00101010101010100010:6 00101010101010100011:6 00101010101010100100:2 00101010101010100101:8 00101010101010100110:11 00101010101010100111:11 00101010101010101000:31 00101010101010101001:58 00101010101010101010:428 00101010101010101011:1728 00101010101010101100:108 00101010101010101101:34 00101010101010101110:14 00101010101010101111:11 00101010101010110000:7 00101010101010110001:8 00101010101010110010:2 00101010101010110011:2 00101010101010110100:2 00101010101010110101:1 00101010101010110110:1 00101010101010110111:1 00101010101010111000:4 00101010101010111011:1 00101010101010111100:1 00101010101010111111:1 00101010101011000000:1 00101010101011000001:1 00101010101011000011:2 00101010101011001100:1 00101010101011001110:1 00101010101011001111:1 00101010101011010000:1 00101010101011010011:1 00101010101011010100:1 00101010101011010111:1 00101010101011011111:1 00101010101011110000:1 00101010101100011110:1 00101010101110001100:1 01010101001110010111:1 01010101010001101000:1 01010101010100000101:1 01010101010100000111:1 01010101010100001001:1 01010101010100100100:1 01010101010100110001:2 01010101010100110100:1 01010101010100111000:1 01010101010100111001:1 01010101010100111010:1 01010101010100111111:1 01010101010101000001:1 01010101010101000011:2 01010101010101000100:1 01010101010101000110:1 01010101010101000111:1 01010101010101001001:2 01010101010101001010:2 01010101010101001011:2 01010101010101001100:1 01010101010101001101:1 01010101010101001110:2 01010101010101001111:4 01010101010101010000:5 01010101010101010001:16 01010101010101010010:15 01010101010101010011:29 01010101010101010100:102 01010101010101010101:1701 01010101010101010110:426 01010101010101010111:80 01010101010101011000:20 01010101010101011001:8 01010101010101011010:5 01010101010101011011:7 01010101010101011100:6 01010101010101011101:3 01010101010101011110:5 01010101010101011111:7 01010101010101100000:2 01010101010101100001:1 01010101010101100100:2 01010101010101100101:1 01010101010101101001:1 01010101010101110100:2 01010101010101111001:2 01010101010101111100:1 01010101010110010111:1 01010101010110011101:1 01010101010111000000:1 10000000000000000000:2502 10101010101001011000:1 10101010101010001001:1 10101010101010001110:2 10101010101010010010:1 10101010101010010111:1 10101010101010011000:1 10101010101010011001:1 10101010101010011010:1 10101010101010011101:3 10101010101010011110:4 10101010101010100010:3 10101010101010100011:4 10101010101010100100:2 10101010101010100101:2 10101010101010100110:5 10101010101010100111:16 10101010101010101000:21 10101010101010101001:73 10101010101010101010:445 10101010101010101011:1616 10101010101010101100:120 10101010101010101101:31 10101010101010101110:19 10101010101010101111:20 10101010101010110000:2 10101010101010110001:6 10101010101010110010:1 10101010101010110011:1 10101010101010110100:3 10101010101010110101:2 10101010101010110110:1 10101010101010111000:1 10101010101010111010:2 10101010101010111011:2 10101010101010111101:2 10101010101010111110:1 10101010101011000101:1 10101010101011011111:1 10101010101011100010:1 10101010101011111010:1 10101010101011111110:1 10101010101100001010:1 10101010101111011101:1 11010101010000101010:1 11010101010001110111:1 11010101010010011000:1 11010101010010110110:1 11010101010011000111:1 11010101010011010001:1 11010101010100101101:1 11010101010100110010:1 11010101010100111010:1 11010101010100111100:2 11010101010100111110:1 11010101010101000000:1 11010101010101000010:2 11010101010101000100:1 11010101010101000101:1 11010101010101000111:2 11010101010101001000:1 11010101010101001001:5 11010101010101001100:2 11010101010101001101:6 11010101010101001110:5 11010101010101001111:3 11010101010101010000:16 11010101010101010001:10 11010101010101010010:23 11010101010101010011:29 11010101010101010100:104 11010101010101010101:1703 11010101010101010110:435 11010101010101010111:72 11010101010101011000:29 11010101010101011001:11 11010101010101011010:7 11010101010101011011:6 11010101010101011100:1 11010101010101011101:5 11010101010101011110:1 11010101010101100001:1 11010101010101100010:1 11010101010101100011:2 11010101010101100100:1 11010101010101100111:1 11010101010101101000:1 11010101010101101001:1 11010101010101101110:1 11010101010101101111:1 11010101010101110001:2 11010101010101110011:1 11010101010101111110:1 11010101010110000011:1 11010101010110001100:2 11010101010110010001:1 11010101010111000100:1 11010101011000110000:1 }

V100
	Command being timed: "python3 shor.py 20"
	User time (seconds): 8641.51
	System time (seconds): 102.00
	Percent of CPU this job got: 99%
	Elapsed (wall clock) time (h:mm:ss or m:ss): 2:26:20
	Average shared text size (kbytes): 0
	Average unshared data size (kbytes): 0
	Average stack size (kbytes): 0
	Average total size (kbytes): 0
	Maximum resident set size (kbytes): 19640260
	Average resident set size (kbytes): 0
	Major (requiring I/O) page faults: 0
	Minor (reclaiming a frame) page faults: 126325532
	Voluntary context switches: 94099
	Involuntary context switches: 115443
	Swaps: 0
	File system inputs: 0
	File system outputs: 24
	Socket messages sent: 0
	Socket messages received: 0
	Signals delivered: 0
	Page size (bytes): 4096
	Exit status: 0
Measurement results for a=5 and N=21 with 20 qubits in the control register 
{ 00000000000000000000:2495 00101010101000100001:1 00101010101000111000:1 00101010101001001111:1 00101010101001010110:2 00101010101001110101:1 00101010101010001101:1 00101010101010010001:1 00101010101010010101:2 00101010101010010111:2 00101010101010011011:1 00101010101010011110:2 00101010101010011111:2 00101010101010100000:1 00101010101010100001:2 00101010101010100010:2 00101010101010100011:7 00101010101010100100:7 00101010101010100101:7 00101010101010100110:9 00101010101010100111:20 00101010101010101000:28 00101010101010101001:62 00101010101010101010:415 00101010101010101011:1724 00101010101010101100:107 00101010101010101101:33 00101010101010101110:18 00101010101010101111:8 00101010101010110000:4 00101010101010110001:2 00101010101010110010:2 00101010101010110100:1 00101010101010110101:3 00101010101010110110:1 00101010101010110111:5 00101010101010111010:1 00101010101010111011:1 00101010101010111100:1 00101010101010111110:1 00101010101011000000:1 00101010101011000010:1 00101010101011000100:1 00101010101011000110:1 00101010101011001100:1 00101010101011001111:2 00101010101011010111:1 00101010101011100010:1 00101010101011100011:1 00101010101011110111:1 00101010110011001011:1 01010101010001010001:1 01010101010010100000:1 01010101010011000110:1 01010101010011101101:1 01010101010100010000:1 01010101010100010010:1 01010101010100010110:1 01010101010100100100:1 01010101010100110100:1 01010101010100111010:1 01010101010100111111:2 01010101010101000001:1 01010101010101000100:1 01010101010101000110:1 01010101010101001010:1 01010101010101001011:1 01010101010101001100:1 01010101010101001101:1 01010101010101001110:5 01010101010101001111:5 01010101010101010000:12 01010101010101010001:11 01010101010101010010:20 01010101010101010011:26 01010101010101010100:118 01010101010101010101:1725 01010101010101010110:423 01010101010101010111:80 01010101010101011000:24 01010101010101011001:11 01010101010101011010:6 01010101010101011011:6 01010101010101011100:2 01010101010101011101:3 01010101010101011110:4 01010101010101011111:3 01010101010101100000:2 01010101010101100001:1 01010101010101100011:3 01010101010101100100:1 01010101010101100101:1 01010101010101100110:2 01010101010101101001:1 01010101010101101101:1 01010101010101101111:1 01010101010110000011:1 01010101010110001010:1 01010101010110010110:1 01010101010111000011:1 01010101010111000110:1 01010101100100011011:1 10000000000000000000:2481 10101010101000011011:1 10101010101000100100:1 10101010101001100101:1 10101010101001110001:1 10101010101001110010:1 10101010101001111001:1 10101010101001111100:1 10101010101010000100:1 10101010101010000110:1 10101010101010001100:1 10101010101010001101:1 10101010101010010100:2 10101010101010011000:1 10101010101010011010:1 10101010101010011011:1 10101010101010011101:3 10101010101010011111:3 10101010101010100001:1 10101010101010100010:1 10101010101010100011:4 10101010101010100100:4 10101010101010100101:4 10101010101010100110:12 10101010101010100111:15 10101010101010101000:24 10101010101010101001:66 10101010101010101010:396 10101010101010101011:1670 10101010101010101100:120 10101010101010101101:50 10101010101010101110:17 10101010101010101111:7 10101010101010110000:8 10101010101010110001:5 10101010101010110010:2 10101010101010110011:4 10101010101010110100:1 10101010101010110101:1 10101010101010110110:1 10101010101010110111:1 10101010101010111010:1 10101010101010111011:1 10101010101010111101:1 10101010101011000010:1 10101010101011001000:1 10101010101011001011:1 10101010101011010010:1 10101010101011010101:1 10101010101011011001:1 10101010101011011010:1 10101010101011011101:1 10101010101011100010:1 11010101001110010110:1 11010101010000011000:1 11010101010100110010:1 11010101010100110110:1 11010101010100111011:1 11010101010100111100:1 11010101010101000000:1 11010101010101000001:2 11010101010101000011:1 11010101010101000101:2 11010101010101000110:1 11010101010101001000:1 11010101010101001001:1 11010101010101001010:1 11010101010101001011:2 11010101010101001100:2 11010101010101001101:3 11010101010101001110:1 11010101010101001111:6 11010101010101010000:6 11010101010101010001:8 11010101010101010010:19 11010101010101010011:30 11010101010101010100:116 11010101010101010101:1751 11010101010101010110:420 11010101010101010111:72 11010101010101011000:37 11010101010101011001:13 11010101010101011010:9 11010101010101011011:7 11010101010101011100:7 11010101010101011101:2 11010101010101011110:5 11010101010101011111:4 11010101010101100000:1 11010101010101100001:2 11010101010101100010:4 11010101010101100101:1 11010101010101101000:1 11010101010101101010:2 11010101010101101100:1 11010101010101110100:1 11010101010101111001:1 11010101010110000010:1 11010101010110000011:1 11010101010110010001:1 }

V100
	Command being timed: "python3 shor.py 20"
	User time (seconds): 8636.16
	System time (seconds): 111.86
	Percent of CPU this job got: 99%
	Elapsed (wall clock) time (h:mm:ss or m:ss): 2:26:27
	Average shared text size (kbytes): 0
	Average unshared data size (kbytes): 0
	Average stack size (kbytes): 0
	Average total size (kbytes): 0
	Maximum resident set size (kbytes): 19644260
	Average resident set size (kbytes): 0
	Major (requiring I/O) page faults: 0
	Minor (reclaiming a frame) page faults: 137236713
	Voluntary context switches: 95898
	Involuntary context switches: 115863
	Swaps: 0
	File system inputs: 0
	File system outputs: 32
	Socket messages sent: 0
	Socket messages received: 0
	Signals delivered: 0
	Page size (bytes): 4096
	Exit status: 0
Measurement results for a=5 and N=21 with 20 qubits in the control register 
{ 00000000000000000000:2528 00101010100110001111:1 00101010101000111101:1 00101010101001011111:1 00101010101001111110:1 00101010101001111111:1 00101010101010000110:1 00101010101010001101:1 00101010101010010010:1 00101010101010011011:1 00101010101010011100:1 00101010101010011101:2 00101010101010011111:2 00101010101010100000:3 00101010101010100001:3 00101010101010100010:1 00101010101010100011:1 00101010101010100100:3 00101010101010100101:6 00101010101010100110:8 00101010101010100111:12 00101010101010101000:23 00101010101010101001:66 00101010101010101010:400 00101010101010101011:1732 00101010101010101100:113 00101010101010101101:29 00101010101010101110:11 00101010101010101111:9 00101010101010110000:5 00101010101010110001:3 00101010101010110010:2 00101010101010110011:1 00101010101010110100:5 00101010101010110110:1 00101010101010111000:2 00101010101010111001:1 00101010101010111010:1 00101010101010111011:1 00101010101010111111:1 00101010101011000000:1 00101010101011000001:1 00101010101011000101:1 00101010101011000110:1 00101010101011001010:1 00101010101011001110:1 00101010101011010001:1 01010101010001111010:1 01010101010010101100:1 01010101010100010100:1 01010101010100101000:1 01010101010100101011:2 01010101010100110101:1 01010101010101000000:1 01010101010101000001:2 01010101010101000010:1 01010101010101000100:1 01010101010101000101:2 01010101010101000110:2 01010101010101000111:2 01010101010101001000:2 01010101010101001011:2 01010101010101001100:1 01010101010101001101:3 01010101010101001110:8 01010101010101001111:6 01010101010101010000:7 01010101010101010001:6 01010101010101010010:25 01010101010101010011:40 01010101010101010100:86 01010101010101010101:1718 01010101010101010110:445 01010101010101010111:77 01010101010101011000:23 01010101010101011001:9 01010101010101011010:10 01010101010101011011:8 01010101010101011100:2 01010101010101011101:2 01010101010101011110:4 01010101010101100000:3 01010101010101100001:6 01010101010101101000:1 01010101010101101010:2 01010101010101101011:2 01010101010101110000:1 01010101010101111100:1 01010101010101111110:1 01010101010111110000:1 01010101011000010110:1 10000000000000000000:2515 10101010100100100100:1 10101010100101010101:1 10101010100111110111:1 10101010101000111100:1 10101010101001110111:1 10101010101001111111:1 10101010101010001011:1 10101010101010010000:1 10101010101010010001:2 10101010101010010011:1 10101010101010010100:1 10101010101010010101:2 10101010101010010111:1 10101010101010011000:1 10101010101010011001:1 10101010101010011011:1 10101010101010011100:1 10101010101010011111:1 10101010101010100000:1 10101010101010100001:1 10101010101010100010:2 10101010101010100100:6 10101010101010100101:3 10101010101010100110:3 10101010101010100111:15 10101010101010101000:27 10101010101010101001:62 10101010101010101010:422 10101010101010101011:1689 10101010101010101100:119 10101010101010101101:41 10101010101010101110:17 10101010101010101111:9 10101010101010110000:10 10101010101010110001:5 10101010101010110010:7 10101010101010110011:3 10101010101010110100:1 10101010101010110101:1 10101010101010110110:2 10101010101010110111:1 10101010101010111000:1 10101010101010111001:2 10101010101010111010:1 10101010101010111011:1 10101010101010111100:1 10101010101010111101:1 10101010101011000001:1 10101010101011001000:1 10101010101011010010:1 10101010101011010100:1 10101010101011011010:1 10101010101100010010:1 11010101001110010101:1 11010101010000110001:1 11010101010011100111:1 11010101010100010101:1 11010101010100101001:1 11010101010100101101:2 11010101010100111100:1 11010101010100111101:1 11010101010101000001:3 11010101010101000110:2 11010101010101000111:1 11010101010101001001:1 11010101010101001011:3 11010101010101001100:2 11010101010101001101:3 11010101010101001110:7 11010101010101001111:3 11010101010101010000:7 11010101010101010001:8 11010101010101010010:17 11010101010101010011:35 11010101010101010100:107 11010101010101010101:1729 11010101010101010110:409 11010101010101010111:70 11010101010101011000:25 11010101010101011001:16 11010101010101011010:7 11010101010101011011:4 11010101010101011100:2 11010101010101011101:2 11010101010101011110:3 11010101010101011111:3 11010101010101100000:3 11010101010101100010:3 11010101010101100011:2 11010101010101100101:1 11010101010101101000:1 11010101010101101101:1 11010101010101111000:1 11010101010110000111:2 }

V100
	Command being timed: "python3 shor.py 20"
	User time (seconds): 8636.15
	System time (seconds): 102.84
	Percent of CPU this job got: 99%
	Elapsed (wall clock) time (h:mm:ss or m:ss): 2:26:19
	Average shared text size (kbytes): 0
	Average unshared data size (kbytes): 0
	Average stack size (kbytes): 0
	Average total size (kbytes): 0
	Maximum resident set size (kbytes): 19640336
	Average resident set size (kbytes): 0
	Major (requiring I/O) page faults: 108
	Minor (reclaiming a frame) page faults: 128008325
	Voluntary context switches: 96198
	Involuntary context switches: 116311
	Swaps: 0
	File system inputs: 27384
	File system outputs: 24
	Socket messages sent: 0
	Socket messages received: 0
	Signals delivered: 0
	Page size (bytes): 4096
	Exit status: 0
Measurement results for a=5 and N=21 with 20 qubits in the control register 
{ 00000000000000000000:2513 00101010100001111101:1 00101010101001001000:1 00101010101001101011:1 00101010101001110000:1 00101010101001110010:1 00101010101010001001:1 00101010101010001101:1 00101010101010011001:1 00101010101010011010:2 00101010101010011011:1 00101010101010011100:1 00101010101010011101:1 00101010101010011110:2 00101010101010011111:3 00101010101010100000:2 00101010101010100010:1 00101010101010100011:1 00101010101010100100:3 00101010101010100101:3 00101010101010100110:10 00101010101010100111:14 00101010101010101000:26 00101010101010101001:60 00101010101010101010:465 00101010101010101011:1695 00101010101010101100:91 00101010101010101101:32 00101010101010101110:14 00101010101010101111:9 00101010101010110000:4 00101010101010110001:6 00101010101010110010:5 00101010101010110011:3 00101010101010110100:4 00101010101010110110:2 00101010101010110111:3 00101010101010111000:3 00101010101010111101:1 00101010101011000000:1 00101010101011000110:1 00101010101011001011:1 00101010101011010001:1 00101010101011010100:1 00101010101011100000:1 00101010101011100001:1 00101010101011101001:1 00101010101101000011:1 01010101001111111110:1 01010101010010100101:1 01010101010100100001:1 01010101010100100111:1 01010101010100101110:1 01010101010100110100:1 01010101010100110101:1 01010101010100110110:1 01010101010100111110:1 01010101010101000101:1 01010101010101000111:1 01010101010101001011:2 01010101010101001100:1 01010101010101001101:1 01010101010101001110:7 01010101010101001111:2 01010101010101010000:3 01010101010101010001:7 01010101010101010010:21 01010101010101010011:27 01010101010101010100:126 01010101010101010101:1712 01010101010101010110:395 01010101010101010111:74 01010101010101011000:24 01010101010101011001:10 01010101010101011010:5 01010101010101011011:7 01010101010101011100:4 01010101010101011101:5 01010101010101011110:3 01010101010101011111:3 01010101010101100000:1 01010101010101100001:2 01010101010101100010:1 01010101010101100011:2 01010101010101100101:2 01010101010101100110:1 01010101010101100111:1 01010101010101101010:1 01010101010101101101:1 01010101010101110000:1 01010101010101110111:1 01010101010110111110:1 01010101010111010001:1 10000000000000000000:2492 10101010100000000000:1 10101010101001010101:1 10101010101001110010:1 10101010101001111000:1 10101010101010000011:1 10101010101010001010:1 10101010101010010000:1 10101010101010011000:1 10101010101010011100:1 10101010101010011110:2 10101010101010011111:2 10101010101010100001:5 10101010101010100010:1 10101010101010100011:4 10101010101010100100:6 10101010101010100101:6 10101010101010100110:9 10101010101010100111:10 10101010101010101000:28 10101010101010101001:62 10101010101010101010:407 10101010101010101011:1724 10101010101010101100:111 10101010101010101101:35 10101010101010101110:16 10101010101010101111:8 10101010101010110000:6 10101010101010110001:3 10101010101010110010:4 10101010101010110011:2 10101010101010110100:1 10101010101010110101:1 10101010101010110110:1 10101010101010111000:1 10101010101010111001:2 10101010101010111011:1 10101010101010111100:1 10101010101010111110:3 10101010101010111111:1 10101010101011000010:1 10101010101011000110:1 10101010101011001100:1 10101010101011010101:1 10101010101011110000:1 10101010101011110101:1 10101010101011111011:1 10101010101100001101:1 10101010101101100010:1 10101010111100100011:1 11010101010011000100:1 11010101010011101101:2 11010101010100000001:1 11010101010100010110:1 11010101010100011100:1 11010101010100011111:1 11010101010100101100:1 11010101010100101101:1 11010101010100101110:1 11010101010100110011:1 11010101010100111001:1 11010101010100111010:1 11010101010101000010:2 11010101010101000011:1 11010101010101000101:1 11010101010101000110:1 11010101010101000111:3 11010101010101001000:2 11010101010101001010:3 11010101010101001011:2 11010101010101001100:1 11010101010101001101:5 11010101010101001110:5 11010101010101001111:3 11010101010101010000:10 11010101010101010001:9 11010101010101010010:22 11010101010101010011:28 11010101010101010100:109 11010101010101010101:1764 11010101010101010110:405 11010101010101010111:66 11010101010101011000:37 11010101010101011001:14 11010101010101011010:11 11010101010101011011:6 11010101010101011100:2 11010101010101011101:4 11010101010101011110:5 11010101010101100000:1 11010101010101100011:2 11010101010101100110:3 11010101010101100111:3 11010101010101101000:1 11010101010101101001:1 11010101010101101010:1 11010101010101101100:1 11010101010101101101:1 11010101010101110000:1 11010101010101110001:1 11010101010101110101:1 11010101010101111001:1 11010101010101111010:1 11010101010101111011:1 11010101010101111101:1 11010101010110001000:2 11010101010110001110:1 11010101010110010011:1 11010101010110011000:1 11010101010110100101:1 11010101010110101110:1 11010101010111011001:1 }

V100
	Command being timed: "python3 shor.py 20"
	User time (seconds): 8640.49
	System time (seconds): 90.00
	Percent of CPU this job got: 99%
	Elapsed (wall clock) time (h:mm:ss or m:ss): 2:26:04
	Average shared text size (kbytes): 0
	Average unshared data size (kbytes): 0
	Average stack size (kbytes): 0
	Average total size (kbytes): 0
	Maximum resident set size (kbytes): 19644380
	Average resident set size (kbytes): 0
	Major (requiring I/O) page faults: 0
	Minor (reclaiming a frame) page faults: 114083701
	Voluntary context switches: 94649
	Involuntary context switches: 116109
	Swaps: 0
	File system inputs: 0
	File system outputs: 24
	Socket messages sent: 0
	Socket messages received: 0
	Signals delivered: 0
	Page size (bytes): 4096
	Exit status: 0
Measurement results for a=5 and N=21 with 20 qubits in the control register 
{ 00000000000000000000:2542 00101010100100000101:1 00101010100111001110:1 00101010101000110110:1 00101010101001101000:1 00101010101010001010:1 00101010101010001100:1 00101010101010010101:1 00101010101010010110:2 00101010101010011010:1 00101010101010011100:1 00101010101010011110:1 00101010101010100000:1 00101010101010100001:4 00101010101010100010:2 00101010101010100011:2 00101010101010100100:8 00101010101010100101:2 00101010101010100110:9 00101010101010100111:9 00101010101010101000:27 00101010101010101001:69 00101010101010101010:413 00101010101010101011:1793 00101010101010101100:103 00101010101010101101:24 00101010101010101110:18 00101010101010101111:12 00101010101010110000:2 00101010101010110001:10 00101010101010110010:5 00101010101010110101:1 00101010101010110110:2 00101010101010110111:2 00101010101010111001:2 00101010101010111100:2 00101010101010111101:1 00101010101011000000:1 00101010101011000001:1 00101010101011000100:1 00101010101011010110:1 00101010101011101010:1 00101010101011101011:1 00101010101011101100:1 00101010101100100100:1 00101010101110101111:1 01010101010001101001:1 01010101010011111000:1 01010101010100110010:1 01010101010100110011:1 01010101010100111011:2 01010101010101000001:2 01010101010101000011:1 01010101010101000101:1 01010101010101000110:1 01010101010101001001:2 01010101010101001010:2 01010101010101001011:4 01010101010101001101:4 01010101010101001110:6 01010101010101001111:8 01010101010101010000:11 01010101010101010001:13 01010101010101010010:17 01010101010101010011:30 01010101010101010100:106 01010101010101010101:1750 01010101010101010110:433 01010101010101010111:59 01010101010101011000:28 01010101010101011001:15 01010101010101011010:6 01010101010101011011:9 01010101010101011100:2 01010101010101011101:7 01010101010101011110:2 01010101010101011111:3 01010101010101100000:3 01010101010101100001:2 01010101010101100010:2 01010101010101100011:3 01010101010101100100:3 01010101010101100101:3 01010101010101101000:1 01010101010101101011:1 01010101010101110010:1 01010101010101110110:1 01010101010110000001:1 01010101010110001011:1 01010101010110100100:1 01010101010111001110:1 01010101011110010110:1 10000000000000000000:2520 10101010101000100011:1 10101010101001011111:1 10101010101001110100:1 10101010101001111110:1 10101010101010000111:1 10101010101010010011:1 10101010101010010100:1 10101010101010011000:1 10101010101010011011:1 10101010101010011100:1 10101010101010011101:2 10101010101010011110:2 10101010101010011111:1 10101010101010100000:2 10101010101010100001:2 10101010101010100010:2 10101010101010100011:1 10101010101010100100:2 10101010101010100101:7 10101010101010100110:9 10101010101010100111:16 10101010101010101000:22 10101010101010101001:65 10101010101010101010:405 10101010101010101011:1651 10101010101010101100:110 10101010101010101101:39 10101010101010101110:29 10101010101010101111:15 10101010101010110000:5 10101010101010110001:2 10101010101010110010:3 10101010101010110011:2 10101010101010110100:1 10101010101010110101:1 10101010101010110110:2 10101010101010110111:1 10101010101010111000:1 10101010101010111100:1 10101010101010111110:1 10101010101010111111:1 10101010101011000011:1 10101010101011000100:1 10101010101011001000:1 10101010101011001010:2 10101010101011010001:1 10101010101011010011:2 10101010101011011101:1 10101010101100000110:1 11010101010001010000:1 11010101010011010111:1 11010101010100000100:1 11010101010100011110:1 11010101010100101000:1 11010101010101000010:2 11010101010101000011:2 11010101010101000110:1 11010101010101000111:3 11010101010101001000:2 11010101010101001001:1 11010101010101001011:4 11010101010101001100:2 11010101010101001101:4 11010101010101001110:5 11010101010101001111:4 11010101010101010000:7 11010101010101010001:11 11010101010101010010:17 11010101010101010011:29 11010101010101010100:93 11010101010101010101:1691 11010101010101010110:399 11010101010101010111:54 11010101010101011000:23 11010101010101011001:13 11010101010101011010:7 11010101010101011011:3 11010101010101011100:3 11010101010101011101:6 11010101010101011110:2 11010101010101011111:1 11010101010101100000:2 11010101010101100010:4 11010101010101100011:5 11010101010101100100:1 11010101010101100101:1 11010101010101100110:1 11010101010101100111:2 11010101010101101000:1 11010101010101101010:1 11010101010101101100:1 11010101010101110001:1 11010101010101110100:1 11010101010110000011:1 11010101010110001010:1 11010101011001000110:1 }

V100
	Command being timed: "python3 shor.py 20"
	User time (seconds): 8625.86
	System time (seconds): 78.98
	Percent of CPU this job got: 99%
	Elapsed (wall clock) time (h:mm:ss or m:ss): 2:25:31
	Average shared text size (kbytes): 0
	Average unshared data size (kbytes): 0
	Average stack size (kbytes): 0
	Average total size (kbytes): 0
	Maximum resident set size (kbytes): 19640652
	Average resident set size (kbytes): 0
	Major (requiring I/O) page faults: 0
	Minor (reclaiming a frame) page faults: 100382619
	Voluntary context switches: 93931
	Involuntary context switches: 115793
	Swaps: 0
	File system inputs: 0
	File system outputs: 32
	Socket messages sent: 0
	Socket messages received: 0
	Signals delivered: 0
	Page size (bytes): 4096
	Exit status: 0
