WARNING: overwriting environment variables set in the machine
overwriting variable ['LD_LIBRARY_PATH']
Measurement results for a=5 and N=21 with 10 qubits in the control register 
{ 0000000000:2505 0001000111:1 0001010110:1 0001011111:1 0001101011:1 0001110011:1 0001111000:1 0001111010:2 0010000011:2 0010000100:2 0010001101:1 0010010011:1 0010010100:1 0010010101:1 0010011001:1 0010011011:1 0010011100:1 0010011101:3 0010011110:1 0010011111:2 0010100000:2 0010100001:1 0010100010:1 0010100011:5 0010100100:2 0010100101:7 0010100110:5 0010100111:18 0010101000:20 0010101001:73 0010101010:446 0010101011:1677 0010101100:123 0010101101:37 0010101110:17 0010101111:7 0010110000:7 0010110001:3 0010110010:2 0010110011:4 0010110100:6 0010110101:3 0010110110:1 0010110111:1 0010111000:1 0010111010:1 0010111101:4 0010111110:1 0010111111:1 0011000100:1 0011001100:1 0011011011:1 0011100011:1 0011100101:1 0011110000:1 0011111111:1 0100000011:1 0100000101:1 0100001000:1 0100110100:1 0100110101:1 0100111100:1 0100111101:1 0101000011:2 0101000110:1 0101000111:1 0101001000:1 0101001010:1 0101001011:2 0101001100:4 0101001101:3 0101001110:3 0101001111:3 0101010000:5 0101010001:3 0101010010:19 0101010011:35 0101010100:125 0101010101:1663 0101010110:445 0101010111:56 0101011000:34 0101011001:18 0101011010:6 0101011011:6 0101011100:7 0101011101:1 0101100000:6 0101100100:3 0101101100:1 0101101101:1 0101101111:2 0101110101:2 0110000100:1 0110000101:2 0110100101:2 0110111010:1 0110111011:1 0111110000:1 0111110001:1 1000000000:2594 1000000111:1 1000001100:1 1001100001:1 1001101101:1 1001110111:1 1001111011:1 1010000100:1 1010000111:1 1010001000:1 1010001010:1 1010010010:1 1010011001:1 1010011010:1 1010011011:1 1010011100:1 1010011101:1 1010011111:2 1010100001:1 1010100010:5 1010100011:2 1010100100:4 1010100101:7 1010100110:5 1010100111:13 1010101000:19 1010101001:72 1010101010:415 1010101011:1704 1010101100:98 1010101101:32 1010101110:8 1010101111:8 1010110000:7 1010110001:7 1010110010:8 1010110011:4 1010110100:5 1010110110:2 1010110111:2 1010111001:1 1010111011:1 1010111101:1 1010111111:1 1011000001:1 1011001000:1 1011010011:1 1011101100:1 1100011001:1 1100100011:1 1100101000:1 1100110001:1 1100110010:1 1100111000:1 1100111110:1 1101000000:1 1101000011:1 1101000111:1 1101001001:3 1101001010:4 1101001011:2 1101001100:1 1101001110:6 1101001111:3 1101010000:6 1101010001:10 1101010010:17 1101010011:36 1101010100:109 1101010101:1662 1101010110:426 1101010111:71 1101011000:31 1101011001:13 1101011010:6 1101011011:5 1101011100:7 1101011101:2 1101011110:5 1101011111:1 1101100001:2 1101100010:1 1101100011:3 1101100100:1 1101100101:1 1101100111:1 1101101000:2 1101101001:1 1101101011:1 1101101100:2 1101101101:1 1101101111:2 1101110011:1 1101111001:1 1101111010:2 1110000000:1 1110000100:1 1110001010:1 1110100100:1 1110100110:1 1110100111:1 }

V100
	Command being timed: "python3 shor.py 10"
	User time (seconds): 2.29
	System time (seconds): 0.81
	Percent of CPU this job got: 87%
	Elapsed (wall clock) time (h:mm:ss or m:ss): 0:03.56
	Average shared text size (kbytes): 0
	Average unshared data size (kbytes): 0
	Average stack size (kbytes): 0
	Average total size (kbytes): 0
	Maximum resident set size (kbytes): 750348
	Average resident set size (kbytes): 0
	Major (requiring I/O) page faults: 0
	Minor (reclaiming a frame) page faults: 113693
	Voluntary context switches: 9935
	Involuntary context switches: 56
	Swaps: 0
	File system inputs: 0
	File system outputs: 16
	Socket messages sent: 0
	Socket messages received: 0
	Signals delivered: 0
	Page size (bytes): 4096
	Exit status: 0
Measurement results for a=5 and N=21 with 10 qubits in the control register 
{ 0000000000:2578 0000111000:1 0001110000:1 0001110100:1 0010000101:1 0010001000:1 0010001001:1 0010001111:1 0010010101:1 0010010110:3 0010011001:1 0010011010:2 0010011011:2 0010011100:2 0010011101:1 0010011110:1 0010011111:2 0010100000:1 0010100001:2 0010100010:1 0010100011:4 0010100100:7 0010100101:7 0010100110:10 0010100111:13 0010101000:31 0010101001:69 0010101010:416 0010101011:1754 0010101100:111 0010101101:30 0010101110:14 0010101111:10 0010110000:4 0010110001:5 0010110010:2 0010110011:3 0010110100:1 0010110110:2 0010110111:1 0010111000:2 0010111011:2 0010111110:2 0010111111:1 0011000010:1 0011000111:1 0011001001:1 0011010001:1 0011010101:1 0011010111:1 0011011010:1 0100000110:1 0100001111:1 0100011010:1 0100011011:1 0100100011:1 0100110100:1 0100111000:2 0100111100:1 0101000000:1 0101000001:2 0101000100:1 0101000101:2 0101000111:3 0101001000:1 0101001001:2 0101001010:1 0101001011:2 0101001100:2 0101001101:2 0101001110:1 0101001111:3 0101010000:6 0101010001:13 0101010010:17 0101010011:36 0101010100:106 0101010101:1737 0101010110:434 0101010111:68 0101011000:25 0101011001:8 0101011010:5 0101011011:8 0101011100:3 0101011101:1 0101011111:8 0101100000:1 0101100001:1 0101100010:1 0101100011:2 0101100100:1 0101100101:2 0101101010:1 0101101011:2 0101101101:1 0101110000:1 0101110010:1 0101110111:1 0101111000:1 0101111011:1 0110000010:1 0110010110:1 0110011111:1 0111001011:1 0111010100:1 0111110001:1 1000000000:2458 1001010111:1 1001101100:1 1010000111:1 1010010001:1 1010010010:3 1010011101:1 1010011110:1 1010011111:1 1010100000:4 1010100010:2 1010100011:3 1010100100:3 1010100101:9 1010100110:9 1010100111:13 1010101000:21 1010101001:71 1010101010:412 1010101011:1724 1010101100:114 1010101101:29 1010101110:13 1010101111:13 1010110000:7 1010110001:4 1010110010:5 1010110011:2 1010110100:3 1010110101:2 1010110110:2 1010110111:2 1010111111:1 1011000000:1 1011000011:1 1011000101:1 1011001000:1 1011001001:1 1011001110:1 1011010011:1 1011010111:1 1011110000:1 1011111000:1 1011111010:1 1100010100:1 1100011111:1 1100100010:1 1100101001:1 1100101011:2 1100101101:1 1100101111:1 1100110010:1 1100110011:1 1100110100:1 1100110110:1 1100111000:1 1100111001:2 1100111110:1 1100111111:1 1101000000:2 1101000101:1 1101000110:2 1101000111:1 1101001001:2 1101001010:2 1101001011:1 1101001100:2 1101001101:3 1101001110:2 1101001111:4 1101010000:6 1101010001:9 1101010010:18 1101010011:33 1101010100:100 1101010101:1679 1101010110:394 1101010111:68 1101011000:15 1101011001:8 1101011010:6 1101011011:9 1101011100:2 1101011101:5 1101011110:4 1101011111:3 1101100000:1 1101100010:2 1101100011:1 1101100110:1 1101100111:1 1101101011:1 1101101101:1 1101110001:1 1101110011:1 1101111000:1 1110101101:1 1111000100:1 }

V100
	Command being timed: "python3 shor.py 10"
	User time (seconds): 2.28
	System time (seconds): 0.69
	Percent of CPU this job got: 93%
	Elapsed (wall clock) time (h:mm:ss or m:ss): 0:03.17
	Average shared text size (kbytes): 0
	Average unshared data size (kbytes): 0
	Average stack size (kbytes): 0
	Average total size (kbytes): 0
	Maximum resident set size (kbytes): 752012
	Average resident set size (kbytes): 0
	Major (requiring I/O) page faults: 0
	Minor (reclaiming a frame) page faults: 113217
	Voluntary context switches: 3714
	Involuntary context switches: 50
	Swaps: 0
	File system inputs: 0
	File system outputs: 24
	Socket messages sent: 0
	Socket messages received: 0
	Signals delivered: 0
	Page size (bytes): 4096
	Exit status: 0
Measurement results for a=5 and N=21 with 10 qubits in the control register 
{ 0000000000:2577 0000111000:1 0001101110:1 0001110010:1 0001110110:1 0010001000:1 0010001101:1 0010001110:1 0010010110:1 0010011010:2 0010011011:1 0010011100:3 0010011101:1 0010011110:3 0010011111:1 0010100000:4 0010100001:2 0010100010:2 0010100011:5 0010100100:3 0010100101:9 0010100110:12 0010100111:15 0010101000:25 0010101001:78 0010101010:421 0010101011:1730 0010101100:98 0010101101:37 0010101110:15 0010101111:11 0010110000:7 0010110001:4 0010110010:3 0010110011:2 0010110100:3 0010110101:4 0010110110:3 0010111010:3 0010111011:1 0010111100:1 0010111101:2 0010111110:1 0010111111:4 0011000000:1 0011000011:1 0011000111:1 0011001010:1 0011001111:1 0011011001:1 0011111000:1 0100010101:1 0100010111:1 0100100001:1 0100110001:1 0100110011:1 0100110110:2 0100111101:1 0100111111:1 0101000000:1 0101000101:1 0101000110:1 0101000111:1 0101001000:1 0101001001:3 0101001011:2 0101001100:2 0101001101:4 0101001110:4 0101001111:4 0101010000:9 0101010001:6 0101010010:19 0101010011:34 0101010100:97 0101010101:1650 0101010110:431 0101010111:60 0101011000:31 0101011001:8 0101011010:12 0101011011:4 0101011101:2 0101011110:1 0101011111:1 0101100000:1 0101100001:2 0101100010:1 0101100100:1 0101101000:1 0101101001:1 0101101100:1 0101101101:1 0101101111:1 0101110010:1 0101111111:1 0110000111:1 0111000111:1 1000000000:2429 1000011100:1 1001011000:1 1001110001:1 1001110110:1 1001110111:1 1001111010:1 1001111101:1 1010000101:1 1010001001:1 1010001100:1 1010010100:1 1010010101:1 1010010110:2 1010011100:4 1010011101:1 1010100001:3 1010100010:2 1010100011:4 1010100100:4 1010100101:3 1010100110:11 1010100111:13 1010101000:20 1010101001:82 1010101010:453 1010101011:1771 1010101100:89 1010101101:33 1010101110:21 1010101111:11 1010110000:6 1010110001:3 1010110010:2 1010110011:4 1010110100:3 1010110101:5 1010110111:1 1010111000:2 1010111001:1 1010111011:1 1011000001:1 1011000010:1 1011000110:1 1011001011:1 1011001110:1 1011010001:1 1011110001:1 1011110101:1 1100010110:1 1100011111:2 1100100110:1 1100101010:1 1100110111:1 1100111000:1 1100111010:1 1101000000:1 1101000001:1 1101000010:2 1101000100:2 1101000101:1 1101000111:1 1101001001:1 1101001010:3 1101001011:3 1101001101:8 1101001110:5 1101001111:6 1101010000:5 1101010001:8 1101010010:15 1101010011:29 1101010100:101 1101010101:1671 1101010110:430 1101010111:74 1101011000:33 1101011001:20 1101011010:8 1101011011:7 1101011100:4 1101011101:3 1101011110:1 1101011111:2 1101100000:1 1101100010:1 1101100011:4 1101100101:3 1101100110:1 1101100111:4 1101101100:1 1101110010:2 1101111010:1 1101111100:1 1110001010:1 1110111110:1 1111000011:1 1111001001:1 }

V100
	Command being timed: "python3 shor.py 10"
	User time (seconds): 2.28
	System time (seconds): 0.69
	Percent of CPU this job got: 94%
	Elapsed (wall clock) time (h:mm:ss or m:ss): 0:03.15
	Average shared text size (kbytes): 0
	Average unshared data size (kbytes): 0
	Average stack size (kbytes): 0
	Average total size (kbytes): 0
	Maximum resident set size (kbytes): 750888
	Average resident set size (kbytes): 0
	Major (requiring I/O) page faults: 0
	Minor (reclaiming a frame) page faults: 113369
	Voluntary context switches: 3607
	Involuntary context switches: 52
	Swaps: 0
	File system inputs: 0
	File system outputs: 24
	Socket messages sent: 0
	Socket messages received: 0
	Signals delivered: 0
	Page size (bytes): 4096
	Exit status: 0
Measurement results for a=5 and N=21 with 10 qubits in the control register 
{ 0000000000:2472 0001100011:1 0001110101:1 0010001111:1 0010010000:1 0010010111:1 0010011000:1 0010011011:1 0010011100:3 0010011101:3 0010011111:1 0010100000:3 0010100011:2 0010100100:4 0010100101:2 0010100110:8 0010100111:17 0010101000:37 0010101001:67 0010101010:414 0010101011:1728 0010101100:99 0010101101:36 0010101110:15 0010101111:9 0010110000:6 0010110001:4 0010110010:3 0010110011:1 0010110100:3 0010110101:1 0010110110:3 0010111001:1 0010111101:1 0010111110:2 0010111111:1 0011000001:1 0011000100:2 0011000110:1 0011001011:2 0011010000:1 0011010111:1 0100000110:1 0100100001:1 0100100011:1 0100100110:1 0100101011:3 0100111010:1 0100111100:1 0100111111:1 0101000001:1 0101000010:2 0101000011:1 0101000100:1 0101001001:2 0101001011:4 0101001100:2 0101001101:2 0101001110:3 0101001111:3 0101010000:8 0101010001:10 0101010010:18 0101010011:43 0101010100:89 0101010101:1715 0101010110:441 0101010111:69 0101011000:25 0101011001:17 0101011010:13 0101011011:4 0101011100:4 0101011101:2 0101011110:6 0101011111:5 0101100000:1 0101100001:3 0101100010:1 0101100011:1 0101100101:1 0101101000:1 0101101001:1 0101101111:1 0101110000:1 0101110110:1 0101111011:1 0110000011:1 0110000101:1 0110011011:1 0110110001:1 0111000101:1 0111100111:1 1000000000:2518 1000000110:1 1000100011:1 1000111110:1 1000111111:1 1001011100:1 1010001100:1 1010001111:1 1010010010:2 1010010100:1 1010010110:1 1010011101:1 1010011110:1 1010011111:2 1010100000:1 1010100001:1 1010100010:1 1010100011:1 1010100100:1 1010100101:4 1010100110:6 1010100111:9 1010101000:26 1010101001:68 1010101010:467 1010101011:1702 1010101100:110 1010101101:33 1010101110:21 1010101111:10 1010110000:6 1010110001:1 1010110010:4 1010110011:1 1010110100:2 1010110101:2 1010110110:1 1010111000:3 1010111011:1 1010111101:2 1010111111:1 1011000001:1 1011000111:1 1011001100:1 1011011000:1 1100100000:1 1100100110:1 1100100111:1 1100110010:1 1101000001:1 1101000010:1 1101000011:2 1101000100:2 1101000101:1 1101000110:1 1101000111:2 1101001000:2 1101001001:1 1101001010:1 1101001011:2 1101001101:1 1101001110:4 1101001111:5 1101010000:7 1101010001:16 1101010010:18 1101010011:41 1101010100:105 1101010101:1726 1101010110:405 1101010111:65 1101011000:26 1101011001:14 1101011010:7 1101011011:7 1101011100:5 1101011101:3 1101011110:3 1101011111:1 1101100000:2 1101100011:1 1101100110:1 1101100111:1 1101101000:1 1101101011:1 1101101100:1 1101101101:1 1101110001:1 1101110011:2 1101110111:1 1110000010:1 1110000111:1 1110010100:1 1110011001:1 1110111111:1 1111110011:1 }

V100
	Command being timed: "python3 shor.py 10"
	User time (seconds): 2.28
	System time (seconds): 0.68
	Percent of CPU this job got: 93%
	Elapsed (wall clock) time (h:mm:ss or m:ss): 0:03.18
	Average shared text size (kbytes): 0
	Average unshared data size (kbytes): 0
	Average stack size (kbytes): 0
	Average total size (kbytes): 0
	Maximum resident set size (kbytes): 753788
	Average resident set size (kbytes): 0
	Major (requiring I/O) page faults: 0
	Minor (reclaiming a frame) page faults: 114728
	Voluntary context switches: 3609
	Involuntary context switches: 52
	Swaps: 0
	File system inputs: 0
	File system outputs: 24
	Socket messages sent: 0
	Socket messages received: 0
	Signals delivered: 0
	Page size (bytes): 4096
	Exit status: 0
Measurement results for a=5 and N=21 with 10 qubits in the control register 
{ 0000000000:2506 0001101101:1 0001111101:1 0001111110:1 0010010011:1 0010011001:1 0010011011:1 0010011100:1 0010011101:1 0010011110:1 0010011111:1 0010100000:4 0010100001:2 0010100010:3 0010100011:3 0010100101:4 0010100110:6 0010100111:10 0010101000:28 0010101001:61 0010101010:441 0010101011:1794 0010101100:103 0010101101:27 0010101110:15 0010101111:10 0010110000:7 0010110001:5 0010110010:4 0010110011:4 0010110100:1 0010110101:1 0010110110:2 0010110111:1 0010111000:3 0010111100:1 0011000010:1 0011000011:1 0011000100:1 0011000101:1 0011000110:1 0011000111:1 0011001010:1 0011001100:1 0011001110:1 0011011110:1 0011100100:1 0011101110:1 0100000100:1 0100100011:1 0100111101:1 0100111110:1 0101000010:1 0101000011:1 0101000111:1 0101001000:3 0101001001:2 0101001010:2 0101001011:2 0101001100:2 0101001101:2 0101001110:5 0101001111:5 0101010000:12 0101010001:6 0101010010:13 0101010011:33 0101010100:105 0101010101:1744 0101010110:429 0101010111:74 0101011000:28 0101011001:14 0101011010:8 0101011011:6 0101011100:4 0101011101:2 0101011110:3 0101011111:3 0101100000:4 0101100100:1 0101100110:1 0101100111:1 0101101000:1 0101101010:2 0101101100:1 0101110000:1 0101110001:1 0101111100:1 0101111101:1 0110000000:1 0110011011:1 0111001001:1 1000000000:2483 1001000000:1 1001100000:1 1001110110:1 1010010010:1 1010011000:1 1010011011:2 1010011101:2 1010011110:3 1010011111:2 1010100000:1 1010100001:2 1010100010:3 1010100011:4 1010100100:3 1010100101:5 1010100110:11 1010100111:18 1010101000:21 1010101001:81 1010101010:403 1010101011:1703 1010101100:119 1010101101:31 1010101110:18 1010101111:13 1010110000:4 1010110001:4 1010110010:4 1010110011:3 1010110100:2 1010110101:1 1010110110:2 1010110111:1 1010111000:2 1010111001:1 1010111010:1 1010111100:1 1011000000:1 1011000001:2 1011000010:1 1011000011:1 1011000111:1 1011001100:2 1011010001:1 1011010010:1 1011011110:1 1011100110:1 1011110101:1 1011111010:1 1100000110:1 1100001001:1 1100100000:1 1100100111:1 1100101100:1 1100110000:1 1100110001:1 1100110110:1 1100110111:1 1100111000:1 1100111001:2 1100111101:2 1100111110:1 1101000011:1 1101001000:1 1101001001:3 1101001010:3 1101001011:2 1101001100:1 1101001101:3 1101001110:7 1101001111:2 1101010000:9 1101010001:11 1101010010:24 1101010011:34 1101010100:99 1101010101:1636 1101010110:422 1101010111:70 1101011000:19 1101011001:7 1101011010:7 1101011011:9 1101011100:10 1101011101:6 1101011110:2 1101011111:2 1101100000:2 1101100001:1 1101100010:2 1101100011:1 1101100100:2 1101100110:2 1101100111:1 1101101000:1 1101101111:2 1101110010:1 1101110011:1 1101111010:1 1101111011:1 1110001101:1 1110010011:1 1111010110:1 1111011111:1 }

V100
	Command being timed: "python3 shor.py 10"
	User time (seconds): 2.26
	System time (seconds): 0.70
	Percent of CPU this job got: 93%
	Elapsed (wall clock) time (h:mm:ss or m:ss): 0:03.18
	Average shared text size (kbytes): 0
	Average unshared data size (kbytes): 0
	Average stack size (kbytes): 0
	Average total size (kbytes): 0
	Maximum resident set size (kbytes): 752792
	Average resident set size (kbytes): 0
	Major (requiring I/O) page faults: 0
	Minor (reclaiming a frame) page faults: 113233
	Voluntary context switches: 3622
	Involuntary context switches: 61
	Swaps: 0
	File system inputs: 0
	File system outputs: 24
	Socket messages sent: 0
	Socket messages received: 0
	Signals delivered: 0
	Page size (bytes): 4096
	Exit status: 0
Measurement results for a=5 and N=21 with 10 qubits in the control register 
{ 0000000000:2519 0000010001:1 0001010100:1 0001111100:1 0010000000:1 0010010001:1 0010010100:1 0010011001:1 0010011010:1 0010011011:1 0010100000:2 0010100010:2 0010100011:4 0010100100:2 0010100101:8 0010100110:11 0010100111:15 0010101000:34 0010101001:78 0010101010:413 0010101011:1665 0010101100:97 0010101101:42 0010101110:14 0010101111:11 0010110000:10 0010110001:2 0010110010:3 0010110011:2 0010110100:3 0010110101:1 0010111000:1 0010111001:1 0010111010:2 0010111011:1 0010111100:1 0010111110:1 0011000001:1 0011000010:1 0011000011:1 0011000110:2 0011001001:1 0011001010:1 0011010011:2 0011011101:1 0011110001:1 0011110010:1 0011110100:1 0011111101:1 0100000100:1 0100101000:1 0100110000:1 0100111010:1 0100111110:2 0101000000:3 0101000001:1 0101000100:1 0101000110:1 0101000111:1 0101001000:1 0101001001:3 0101001011:3 0101001100:2 0101001101:1 0101001110:5 0101001111:7 0101010000:13 0101010001:7 0101010010:11 0101010011:38 0101010100:109 0101010101:1700 0101010110:418 0101010111:72 0101011000:24 0101011001:18 0101011010:6 0101011011:6 0101011100:4 0101011101:2 0101011110:3 0101011111:2 0101100000:3 0101100001:3 0101100010:1 0101100011:1 0101100100:1 0101101000:2 0101101011:1 0101110100:1 0101111110:1 0110001001:1 0110010000:1 0110010001:1 0111001001:1 1000000000:2549 1000101001:1 1001001110:1 1001101100:1 1001111001:1 1010001010:1 1010001011:1 1010001100:1 1010001110:1 1010001111:1 1010010001:1 1010010100:1 1010011011:1 1010011100:1 1010011101:1 1010011110:3 1010011111:2 1010100000:3 1010100001:1 1010100010:3 1010100011:1 1010100100:2 1010100101:3 1010100110:6 1010100111:16 1010101000:24 1010101001:70 1010101010:413 1010101011:1730 1010101100:100 1010101101:35 1010101110:21 1010101111:10 1010110000:8 1010110001:4 1010110010:9 1010110011:1 1010110100:1 1010110110:2 1010110111:3 1010111000:1 1010111001:1 1010111100:1 1010111110:1 1010111111:1 1011000010:1 1011000101:1 1011000110:1 1011010011:1 1011010101:1 1011111100:1 1100101000:1 1100101001:1 1100101100:1 1100111011:1 1100111110:1 1101000000:1 1101000010:1 1101000011:3 1101000101:1 1101000110:1 1101000111:1 1101001000:3 1101001010:1 1101001011:3 1101001100:2 1101001101:3 1101001110:1 1101001111:3 1101010000:7 1101010001:14 1101010010:21 1101010011:39 1101010100:112 1101010101:1656 1101010110:452 1101010111:83 1101011000:31 1101011001:13 1101011010:12 1101011011:10 1101011100:1 1101011101:1 1101011110:2 1101011111:2 1101100001:1 1101100011:2 1101100101:1 1101100111:1 1101101000:2 1101101100:1 1101101101:1 1101101110:1 1101101111:1 1101111010:1 1101111111:1 1110001101:1 1110101010:1 1111100101:1 }

V100
	Command being timed: "python3 shor.py 10"
	User time (seconds): 2.27
	System time (seconds): 0.70
	Percent of CPU this job got: 94%
	Elapsed (wall clock) time (h:mm:ss or m:ss): 0:03.15
	Average shared text size (kbytes): 0
	Average unshared data size (kbytes): 0
	Average stack size (kbytes): 0
	Average total size (kbytes): 0
	Maximum resident set size (kbytes): 749128
	Average resident set size (kbytes): 0
	Major (requiring I/O) page faults: 0
	Minor (reclaiming a frame) page faults: 113764
	Voluntary context switches: 3610
	Involuntary context switches: 54
	Swaps: 0
	File system inputs: 0
	File system outputs: 16
	Socket messages sent: 0
	Socket messages received: 0
	Signals delivered: 0
	Page size (bytes): 4096
	Exit status: 0
Measurement results for a=5 and N=21 with 10 qubits in the control register 
{ 0000000000:2455 0010001001:1 0010001101:1 0010010010:1 0010010101:1 0010011000:1 0010011010:1 0010011100:1 0010011110:2 0010100001:2 0010100010:1 0010100011:3 0010100100:2 0010100101:3 0010100110:12 0010100111:12 0010101000:33 0010101001:66 0010101010:432 0010101011:1714 0010101100:117 0010101101:43 0010101110:19 0010101111:10 0010110000:8 0010110001:5 0010110010:5 0010110011:3 0010110100:2 0010110101:1 0010110110:4 0010110111:1 0010111000:1 0010111001:1 0010111010:1 0010111100:1 0010111101:1 0011000001:1 0011000010:1 0011000100:2 0011010011:1 0011100000:1 0011100111:1 0011111001:1 0011111010:1 0100011101:1 0100100001:1 0100111000:1 0100111001:2 0100111011:1 0100111100:1 0100111110:1 0101000100:1 0101000101:1 0101000111:1 0101001000:1 0101001010:5 0101001011:2 0101001100:2 0101001110:4 0101001111:5 0101010000:5 0101010001:12 0101010010:19 0101010011:43 0101010100:116 0101010101:1723 0101010110:390 0101010111:73 0101011000:24 0101011001:22 0101011010:13 0101011011:8 0101011100:8 0101011101:5 0101011110:2 0101011111:4 0101100001:2 0101100010:3 0101100011:2 0101100100:2 0101100101:1 0101101010:1 0101101110:1 0101110001:1 0101111011:1 0101111101:1 0110000111:1 0110001000:1 0110011001:1 0110011111:1 1000000000:2409 1000001011:1 1000110100:1 1001110111:1 1001111001:1 1010000010:1 1010000110:1 1010001000:1 1010001001:1 1010001010:1 1010011001:3 1010011010:1 1010011101:1 1010011111:1 1010100000:1 1010100001:5 1010100010:2 1010100011:2 1010100100:4 1010100101:5 1010100110:12 1010100111:10 1010101000:23 1010101001:73 1010101010:416 1010101011:1745 1010101100:121 1010101101:45 1010101110:27 1010101111:7 1010110000:12 1010110001:5 1010110010:6 1010110011:3 1010110110:1 1010111000:2 1010111001:2 1010111101:1 1011000111:1 1011001010:1 1011010100:1 1011011010:1 1011100010:1 1011100011:1 1011101010:1 1011110101:1 1011111001:1 1100001011:1 1100101001:1 1100110010:2 1100110011:2 1100110111:1 1100111001:2 1100111011:1 1101000100:1 1101000101:3 1101001001:3 1101001010:4 1101001011:2 1101001100:1 1101001101:3 1101001110:2 1101001111:6 1101010000:6 1101010001:9 1101010010:20 1101010011:30 1101010100:98 1101010101:1784 1101010110:384 1101010111:83 1101011000:25 1101011001:17 1101011010:10 1101011011:9 1101011100:3 1101011110:4 1101011111:4 1101100000:5 1101100001:1 1101100010:1 1101100011:1 1101100100:1 1101100111:1 1101101010:1 1101101011:1 1101101101:2 1101101110:1 1101101111:1 1101110001:1 1101111000:1 1101111110:1 1110010011:1 1110010111:1 1110100101:1 1110110000:1 1111001101:1 }

V100
	Command being timed: "python3 shor.py 10"
	User time (seconds): 2.29
	System time (seconds): 0.67
	Percent of CPU this job got: 92%
	Elapsed (wall clock) time (h:mm:ss or m:ss): 0:03.20
	Average shared text size (kbytes): 0
	Average unshared data size (kbytes): 0
	Average stack size (kbytes): 0
	Average total size (kbytes): 0
	Maximum resident set size (kbytes): 753340
	Average resident set size (kbytes): 0
	Major (requiring I/O) page faults: 0
	Minor (reclaiming a frame) page faults: 113639
	Voluntary context switches: 3612
	Involuntary context switches: 53
	Swaps: 0
	File system inputs: 0
	File system outputs: 16
	Socket messages sent: 0
	Socket messages received: 0
	Signals delivered: 0
	Page size (bytes): 4096
	Exit status: 0
Measurement results for a=5 and N=21 with 10 qubits in the control register 
{ 0000000000:2467 0000011111:1 0000100101:1 0000111000:1 0001101010:1 0001111111:1 0010000111:1 0010001101:1 0010001111:1 0010010101:1 0010010111:1 0010011000:1 0010011001:1 0010011010:2 0010011100:1 0010011101:4 0010011110:1 0010011111:1 0010100000:2 0010100001:3 0010100010:1 0010100011:2 0010100100:3 0010100101:5 0010100110:9 0010100111:22 0010101000:23 0010101001:66 0010101010:414 0010101011:1705 0010101100:113 0010101101:28 0010101110:19 0010101111:10 0010110000:7 0010110001:3 0010110010:1 0010110011:3 0010110100:4 0010110101:1 0010110110:3 0010110111:1 0010111000:1 0010111011:1 0010111110:2 0011000000:1 0011000001:1 0011000010:2 0011000101:1 0011000111:1 0011001000:2 0011010000:1 0011010100:1 0011011000:1 0011100000:1 0100010000:1 0100010011:1 0100011011:1 0100101110:1 0100111010:2 0100111011:1 0100111111:1 0101000011:1 0101000101:1 0101000110:1 0101000111:1 0101001010:1 0101001011:1 0101001100:4 0101001101:2 0101001110:3 0101001111:3 0101010000:3 0101010001:10 0101010010:18 0101010011:46 0101010100:99 0101010101:1723 0101010110:457 0101010111:62 0101011000:26 0101011001:14 0101011010:7 0101011011:7 0101011100:1 0101011101:2 0101011110:2 0101011111:2 0101100000:2 0101100001:2 0101100010:2 0101100011:2 0101100100:1 0101100101:2 0101100111:1 0101101000:1 0101101011:1 0101111010:1 0110000111:1 0110001011:1 0110010001:1 0110111000:1 0111000111:1 0111010110:1 0111010111:1 0111111010:1 0111111110:1 1000000000:2460 1000000011:1 1000011100:1 1000100000:1 1000111100:1 1001010000:1 1001101000:1 1001111100:1 1010000100:1 1010000111:1 1010001010:1 1010010000:1 1010010010:2 1010010110:1 1010010111:1 1010011000:1 1010011001:1 1010011010:1 1010011100:1 1010011110:1 1010011111:1 1010100000:1 1010100001:2 1010100011:4 1010100100:11 1010100101:7 1010100110:8 1010100111:14 1010101000:24 1010101001:71 1010101010:426 1010101011:1749 1010101100:109 1010101101:33 1010101110:21 1010101111:11 1010110000:10 1010110001:4 1010110010:6 1010110011:4 1010110101:3 1010110110:2 1010110111:1 1010111000:1 1010111010:2 1010111011:1 1010111100:1 1010111101:1 1010111110:1 1011000000:1 1011000010:1 1011001001:1 1011010001:1 1011010011:1 1011011010:1 1011100110:1 1011101101:1 1100000010:1 1100010000:1 1100011001:1 1100100111:2 1100101111:1 1100110100:1 1100111110:1 1100111111:2 1101000000:1 1101000001:2 1101000010:2 1101000011:1 1101000101:1 1101000110:2 1101001000:1 1101001001:2 1101001011:2 1101001100:3 1101001101:2 1101001110:4 1101001111:3 1101010000:11 1101010001:9 1101010010:16 1101010011:40 1101010100:121 1101010101:1675 1101010110:442 1101010111:57 1101011000:27 1101011001:18 1101011010:14 1101011011:9 1101011100:4 1101011101:2 1101011110:2 1101011111:1 1101100000:2 1101100001:2 1101100011:2 1101100110:3 1101101110:2 1101111010:1 1110000010:1 1110010101:1 1110011000:1 1111101100:1 1111110001:1 1111111101:1 }

V100
	Command being timed: "python3 shor.py 10"
	User time (seconds): 2.30
	System time (seconds): 0.67
	Percent of CPU this job got: 93%
	Elapsed (wall clock) time (h:mm:ss or m:ss): 0:03.18
	Average shared text size (kbytes): 0
	Average unshared data size (kbytes): 0
	Average stack size (kbytes): 0
	Average total size (kbytes): 0
	Maximum resident set size (kbytes): 750980
	Average resident set size (kbytes): 0
	Major (requiring I/O) page faults: 0
	Minor (reclaiming a frame) page faults: 114168
	Voluntary context switches: 3607
	Involuntary context switches: 54
	Swaps: 0
	File system inputs: 0
	File system outputs: 24
	Socket messages sent: 0
	Socket messages received: 0
	Signals delivered: 0
	Page size (bytes): 4096
	Exit status: 0
Measurement results for a=5 and N=21 with 10 qubits in the control register 
{ 0000000000:2514 0000011111:1 0001011100:1 0001011111:1 0001110001:1 0001111000:1 0010000111:1 0010001000:1 0010001110:1 0010001111:1 0010010001:1 0010010100:1 0010010110:1 0010011010:3 0010011110:2 0010011111:2 0010100000:2 0010100001:5 0010100010:1 0010100011:2 0010100100:6 0010100101:5 0010100110:11 0010100111:22 0010101000:21 0010101001:79 0010101010:412 0010101011:1662 0010101100:97 0010101101:37 0010101110:16 0010101111:8 0010110000:4 0010110001:4 0010110010:4 0010110011:3 0010110100:5 0010110101:1 0010110110:2 0010110111:1 0010111000:2 0010111011:2 0010111100:1 0011000000:1 0011000011:1 0011000101:2 0011001000:2 0011001001:1 0011001110:1 0011010000:2 0011010110:1 0011111000:1 0011111111:1 0100010001:1 0100010111:1 0100011000:1 0100011001:1 0100011111:1 0100101110:1 0100111001:1 0101000001:1 0101000010:1 0101000011:1 0101000111:1 0101001000:1 0101001010:3 0101001011:1 0101001100:1 0101001101:3 0101001110:3 0101001111:2 0101010000:6 0101010001:11 0101010010:23 0101010011:33 0101010100:105 0101010101:1707 0101010110:411 0101010111:64 0101011000:28 0101011001:19 0101011010:9 0101011011:7 0101011100:2 0101011101:3 0101011110:1 0101011111:6 0101100000:1 0101100001:2 0101100100:3 0101100110:1 0101100111:1 0101101001:1 0101101010:1 0101101011:1 0101101101:1 0101110100:1 0110000100:1 0110001001:1 0110001100:1 0110001110:1 0110100011:1 0111000000:1 0111010001:1 0111010110:1 0111101011:1 1000000000:2589 1001011111:1 1010001010:1 1010001011:1 1010010000:1 1010010001:1 1010010011:1 1010010100:1 1010010101:1 1010010111:1 1010011000:1 1010011011:2 1010011100:1 1010011101:2 1010011110:1 1010100000:2 1010100010:5 1010100011:5 1010100100:4 1010100101:6 1010100110:6 1010100111:11 1010101000:34 1010101001:70 1010101010:420 1010101011:1722 1010101100:106 1010101101:41 1010101110:22 1010101111:9 1010110000:7 1010110001:3 1010110010:8 1010110011:2 1010110100:2 1010110101:5 1010110110:1 1010110111:1 1010111001:2 1010111010:2 1010111100:1 1010111101:1 1010111111:1 1011001001:2 1011001100:1 1011010001:1 1011011000:1 1011011011:1 1011100101:1 1011110011:1 1100001110:1 1100101001:1 1100101011:1 1100110011:1 1100110100:1 1100111100:1 1101000001:1 1101000010:1 1101000110:1 1101000111:3 1101001000:2 1101001001:1 1101001010:3 1101001011:1 1101001100:2 1101001101:2 1101001110:3 1101001111:5 1101010000:11 1101010001:10 1101010010:21 1101010011:23 1101010100:110 1101010101:1685 1101010110:407 1101010111:70 1101011000:25 1101011001:10 1101011010:2 1101011011:7 1101011100:9 1101011110:3 1101011111:1 1101100000:3 1101100010:2 1101100101:3 1101100110:2 1101100111:1 1101101100:1 1101101110:1 1101110101:1 1101111011:1 1101111101:1 1110000011:1 1110101101:1 1110110000:1 1111001100:1 }

V100
	Command being timed: "python3 shor.py 10"
	User time (seconds): 2.29
	System time (seconds): 0.68
	Percent of CPU this job got: 93%
	Elapsed (wall clock) time (h:mm:ss or m:ss): 0:03.19
	Average shared text size (kbytes): 0
	Average unshared data size (kbytes): 0
	Average stack size (kbytes): 0
	Average total size (kbytes): 0
	Maximum resident set size (kbytes): 750140
	Average resident set size (kbytes): 0
	Major (requiring I/O) page faults: 0
	Minor (reclaiming a frame) page faults: 114295
	Voluntary context switches: 3607
	Involuntary context switches: 49
	Swaps: 0
	File system inputs: 0
	File system outputs: 24
	Socket messages sent: 0
	Socket messages received: 0
	Signals delivered: 0
	Page size (bytes): 4096
	Exit status: 0
Measurement results for a=5 and N=21 with 10 qubits in the control register 
{ 0000000000:2515 0000000111:1 0000011000:1 0001100101:1 0001111010:1 0001111111:1 0010001100:1 0010001110:1 0010010000:2 0010011000:1 0010011010:1 0010011100:3 0010011101:1 0010011110:2 0010011111:1 0010100000:3 0010100010:1 0010100011:2 0010100100:4 0010100101:10 0010100110:10 0010100111:18 0010101000:36 0010101001:58 0010101010:417 0010101011:1732 0010101100:113 0010101101:43 0010101110:18 0010101111:13 0010110000:8 0010110001:8 0010110010:2 0010110011:2 0010110100:1 0010110110:2 0010111011:2 0010111100:1 0010111110:1 0010111111:1 0011000000:1 0011001001:1 0011001100:1 0011001101:1 0011100110:1 0011101111:1 0011110111:1 0011111001:1 0011111010:2 0100010101:1 0100011101:1 0100100000:1 0100100010:1 0100100111:1 0100110011:1 0100111001:2 0100111010:1 0100111111:2 0101000000:1 0101000001:1 0101000011:2 0101000100:1 0101000101:2 0101000110:2 0101001000:3 0101001001:3 0101001010:2 0101001011:4 0101001100:3 0101001101:3 0101001110:5 0101001111:1 0101010000:6 0101010001:9 0101010010:23 0101010011:35 0101010100:124 0101010101:1687 0101010110:417 0101010111:69 0101011000:31 0101011001:13 0101011010:9 0101011011:2 0101011100:5 0101011101:6 0101011110:5 0101011111:1 0101100000:3 0101100100:3 0101100101:1 0101100111:1 0101101000:2 0101101001:1 0101110001:1 0101110100:1 0101111000:1 0101111101:1 0110000100:1 0110010101:1 0110100101:2 0111111110:1 1000000000:2498 1000000100:1 1000100101:1 1001011101:1 1001111011:1 1010001101:2 1010001110:1 1010010001:1 1010010101:1 1010011010:3 1010011011:1 1010011100:3 1010011101:1 1010011110:1 1010011111:1 1010100000:1 1010100001:1 1010100010:4 1010100011:1 1010100100:6 1010100101:7 1010100110:6 1010100111:19 1010101000:25 1010101001:61 1010101010:405 1010101011:1728 1010101100:89 1010101101:45 1010101110:20 1010101111:10 1010110000:9 1010110001:4 1010110011:1 1010110100:2 1010110101:2 1010110110:2 1010111000:1 1010111001:1 1010111010:1 1010111101:3 1010111110:2 1010111111:1 1011000000:1 1011000111:1 1011001001:1 1011001101:1 1011011100:1 1011100110:1 1011101011:1 1011101100:1 1011101111:1 1011111011:1 1100000111:1 1100001110:1 1100011100:1 1100100010:1 1100101000:1 1100110000:1 1100111111:1 1101000010:1 1101000101:1 1101000110:2 1101000111:1 1101001000:1 1101001001:1 1101001010:4 1101001011:2 1101001100:1 1101001101:4 1101001110:2 1101001111:5 1101010000:8 1101010001:14 1101010010:18 1101010011:46 1101010100:97 1101010101:1673 1101010110:408 1101010111:63 1101011000:37 1101011001:16 1101011010:7 1101011011:6 1101011100:3 1101011101:3 1101011110:6 1101100001:5 1101100010:1 1101100011:1 1101100101:1 1101100110:1 1101100111:2 1101101000:1 1101101010:1 1101101011:1 1101101100:1 1110001001:1 1110010100:1 1110110010:1 1111001100:1 1111010101:1 1111011100:1 1111110000:1 1111110001:1 1111110111:1 }

V100
	Command being timed: "python3 shor.py 10"
	User time (seconds): 2.27
	System time (seconds): 0.69
	Percent of CPU this job got: 94%
	Elapsed (wall clock) time (h:mm:ss or m:ss): 0:03.14
	Average shared text size (kbytes): 0
	Average unshared data size (kbytes): 0
	Average stack size (kbytes): 0
	Average total size (kbytes): 0
	Maximum resident set size (kbytes): 753260
	Average resident set size (kbytes): 0
	Major (requiring I/O) page faults: 0
	Minor (reclaiming a frame) page faults: 113688
	Voluntary context switches: 3607
	Involuntary context switches: 57
	Swaps: 0
	File system inputs: 0
	File system outputs: 24
	Socket messages sent: 0
	Socket messages received: 0
	Signals delivered: 0
	Page size (bytes): 4096
	Exit status: 0
