WARNING: overwriting environment variables set in the machine
overwriting variable ['LD_LIBRARY_PATH']
Measurement results for a=5 and N=21 with 16 qubits in the control register 
{ 0000000000000000:2469 0010101000111001:1 0010101001100110:1 0010101001111110:1 0010101010001010:1 0010101010001011:1 0010101010010001:1 0010101010010010:1 0010101010011100:2 0010101010011101:5 0010101010011111:1 0010101010100000:1 0010101010100001:2 0010101010100010:1 0010101010100011:2 0010101010100100:3 0010101010100101:11 0010101010100110:14 0010101010100111:10 0010101010101000:26 0010101010101001:62 0010101010101010:404 0010101010101011:1628 0010101010101100:111 0010101010101101:31 0010101010101110:17 0010101010101111:13 0010101010110000:8 0010101010110001:3 0010101010110010:3 0010101010110011:2 0010101010110110:1 0010101010110111:1 0010101010111000:2 0010101010111100:1 0010101010111110:1 0010101011001001:1 0010101011001010:1 0010101011001101:1 0010101011010111:1 0010101011100010:1 0101000011000101:1 0101010100100010:1 0101010100101101:1 0101010100111001:1 0101010101000000:2 0101010101000001:1 0101010101000011:1 0101010101000100:2 0101010101000101:3 0101010101000111:1 0101010101001001:2 0101010101001010:2 0101010101001011:1 0101010101001100:2 0101010101001101:2 0101010101001110:2 0101010101001111:1 0101010101010000:9 0101010101010001:6 0101010101010010:22 0101010101010011:33 0101010101010100:127 0101010101010101:1684 0101010101010110:415 0101010101010111:76 0101010101011000:30 0101010101011001:10 0101010101011010:15 0101010101011011:6 0101010101011100:5 0101010101011101:4 0101010101011110:2 0101010101011111:3 0101010101100010:1 0101010101100011:1 0101010101100100:4 0101010101100101:2 0101010101101000:1 0101010101101001:1 0101010101101010:1 0101010101101011:1 0101010101101110:2 0101010101110010:1 0101010110010101:1 0101011001010110:1 1000000000000000:2482 1010010101011111:1 1010100110110000:1 1010101000110100:1 1010101001001111:1 1010101001110011:1 1010101010000000:1 1010101010000110:2 1010101010001001:1 1010101010001110:1 1010101010001111:1 1010101010010001:1 1010101010010010:1 1010101010011000:1 1010101010011001:1 1010101010011011:2 1010101010011100:1 1010101010011101:2 1010101010011110:2 1010101010011111:2 1010101010100000:1 1010101010100001:3 1010101010100010:2 1010101010100011:3 1010101010100100:7 1010101010100101:9 1010101010100110:8 1010101010100111:17 1010101010101000:27 1010101010101001:67 1010101010101010:455 1010101010101011:1729 1010101010101100:115 1010101010101101:40 1010101010101110:17 1010101010101111:11 1010101010110000:7 1010101010110001:2 1010101010110010:5 1010101010110011:4 1010101010110100:2 1010101010110101:2 1010101010110111:3 1010101010111000:1 1010101010111010:1 1010101010111011:2 1010101010111100:1 1010101011000001:1 1010101011000101:1 1010101011010000:1 1010101011010101:1 1010101100000101:1 1010101100011101:1 1010101110010011:1 1100111000101110:1 1101001011010011:1 1101010000111100:1 1101010100010001:1 1101010100011111:1 1101010100111111:1 1101010101000000:1 1101010101000010:1 1101010101000101:1 1101010101000111:1 1101010101001000:3 1101010101001001:3 1101010101001010:3 1101010101001011:2 1101010101001100:4 1101010101001101:1 1101010101001110:9 1101010101001111:8 1101010101010000:10 1101010101010001:14 1101010101010010:17 1101010101010011:26 1101010101010100:119 1101010101010101:1774 1101010101010110:449 1101010101010111:65 1101010101011000:31 1101010101011001:16 1101010101011010:14 1101010101011011:4 1101010101011100:5 1101010101011101:3 1101010101011110:2 1101010101011111:1 1101010101100100:1 1101010101100101:1 1101010101100110:1 1101010101100111:2 1101010101101100:2 1101010101101101:1 1101010101101110:1 1101010101110100:1 1101010101110111:1 1101010101111011:1 1101010101111110:1 1101010110001001:1 1101010110001100:1 1101010110010001:1 }

V100
	Command being timed: "python3 shor.py 16"
	User time (seconds): 34.82
	System time (seconds): 1.93
	Percent of CPU this job got: 98%
	Elapsed (wall clock) time (h:mm:ss or m:ss): 0:37.34
	Average shared text size (kbytes): 0
	Average unshared data size (kbytes): 0
	Average stack size (kbytes): 0
	Average total size (kbytes): 0
	Maximum resident set size (kbytes): 1869304
	Average resident set size (kbytes): 0
	Major (requiring I/O) page faults: 0
	Minor (reclaiming a frame) page faults: 1087812
	Voluntary context switches: 10895
	Involuntary context switches: 654
	Swaps: 0
	File system inputs: 0
	File system outputs: 16
	Socket messages sent: 0
	Socket messages received: 0
	Signals delivered: 0
	Page size (bytes): 4096
	Exit status: 0
Measurement results for a=5 and N=21 with 16 qubits in the control register 
{ 0000000000000000:2449 0010001110110110:1 0010101001000001:1 0010101001010110:1 0010101001011010:1 0010101010000001:1 0010101010001010:1 0010101010001100:2 0010101010010001:1 0010101010010100:1 0010101010010110:1 0010101010011000:1 0010101010011010:1 0010101010011111:2 0010101010100000:1 0010101010100001:2 0010101010100010:2 0010101010100011:2 0010101010100100:5 0010101010100101:8 0010101010100110:5 0010101010100111:16 0010101010101000:32 0010101010101001:71 0010101010101010:420 0010101010101011:1679 0010101010101100:117 0010101010101101:33 0010101010101110:12 0010101010101111:9 0010101010110000:5 0010101010110001:7 0010101010110010:2 0010101010110100:3 0010101010110101:2 0010101010110110:1 0010101010110111:1 0010101010111001:1 0010101010111010:2 0010101010111011:1 0010101010111101:1 0010101010111111:2 0010101011000010:1 0010101011001011:1 0010101011001101:1 0010101011001110:1 0010101011011000:1 0010101011011101:1 0010101011011111:1 0010101011101000:1 0010101011101011:1 0010101011111000:1 0010101100000000:1 0010101100001110:1 0010101100111111:1 0100101100000010:1 0101010010010100:1 0101010010011001:1 0101010100100111:2 0101010100110000:1 0101010100111000:1 0101010100111101:1 0101010101000001:1 0101010101000010:1 0101010101000101:1 0101010101000111:2 0101010101001001:3 0101010101001010:2 0101010101001011:4 0101010101001100:3 0101010101001101:2 0101010101001110:5 0101010101001111:8 0101010101010000:14 0101010101010001:6 0101010101010010:17 0101010101010011:30 0101010101010100:109 0101010101010101:1753 0101010101010110:403 0101010101010111:75 0101010101011000:27 0101010101011001:20 0101010101011010:8 0101010101011011:5 0101010101011100:4 0101010101011101:3 0101010101011110:1 0101010101011111:3 0101010101100001:4 0101010101100010:3 0101010101100100:1 0101010101100110:2 0101010101101011:2 0101010101101111:1 0101010101110000:1 0101010101110001:1 0101010110001010:2 0101010111011111:1 0101010111111110:1 0101100011100001:1 0101110000011000:1 1000000000000000:2496 1010100101111101:1 1010101001001010:1 1010101001101111:1 1010101001110100:1 1010101001111110:1 1010101010001111:1 1010101010010000:1 1010101010010010:1 1010101010010101:1 1010101010011010:1 1010101010011100:2 1010101010011111:1 1010101010100001:3 1010101010100010:2 1010101010100011:5 1010101010100100:6 1010101010100101:5 1010101010100110:12 1010101010100111:15 1010101010101000:27 1010101010101001:62 1010101010101010:461 1010101010101011:1668 1010101010101100:82 1010101010101101:28 1010101010101110:19 1010101010101111:10 1010101010110000:12 1010101010110001:3 1010101010110010:5 1010101010110011:1 1010101010110101:2 1010101010110110:3 1010101010110111:3 1010101010111000:4 1010101010111001:1 1010101010111011:1 1010101010111111:3 1010101011000000:1 1010101011000001:2 1010101011000011:1 1010101011000100:1 1010101011001011:1 1010101011001101:1 1010101011010000:1 1010101011010011:2 1010101011100010:1 1010101011101010:1 1010101100010101:1 1010101100010111:1 1010101100100001:1 1010101110001100:1 1010110101001010:1 1101010011010010:1 1101010011011100:1 1101010100000010:1 1101010100000100:1 1101010100110010:1 1101010100111011:1 1101010100111101:1 1101010100111110:2 1101010101000001:2 1101010101000011:1 1101010101000101:2 1101010101000111:2 1101010101001000:2 1101010101001001:1 1101010101001010:2 1101010101001011:1 1101010101001100:5 1101010101001101:2 1101010101001110:2 1101010101001111:4 1101010101010000:4 1101010101010001:11 1101010101010010:21 1101010101010011:33 1101010101010100:92 1101010101010101:1784 1101010101010110:424 1101010101010111:74 1101010101011000:34 1101010101011001:16 1101010101011010:8 1101010101011011:6 1101010101011100:6 1101010101011101:2 1101010101011110:1 1101010101011111:3 1101010101100000:2 1101010101100010:2 1101010101100100:1 1101010101100101:2 1101010101100110:2 1101010101101100:1 1101010101110000:1 1101010101110011:1 1101010110000100:1 1101010110000101:1 1101010110001111:1 1101010110110010:1 1101011000001110:1 1101011110010111:1 1101011110011011:1 }

V100
	Command being timed: "python3 shor.py 16"
	User time (seconds): 34.84
	System time (seconds): 1.86
	Percent of CPU this job got: 98%
	Elapsed (wall clock) time (h:mm:ss or m:ss): 0:37.09
	Average shared text size (kbytes): 0
	Average unshared data size (kbytes): 0
	Average stack size (kbytes): 0
	Average total size (kbytes): 0
	Maximum resident set size (kbytes): 1871880
	Average resident set size (kbytes): 0
	Major (requiring I/O) page faults: 0
	Minor (reclaiming a frame) page faults: 1091105
	Voluntary context switches: 3939
	Involuntary context switches: 658
	Swaps: 0
	File system inputs: 0
	File system outputs: 24
	Socket messages sent: 0
	Socket messages received: 0
	Signals delivered: 0
	Page size (bytes): 4096
	Exit status: 0
Measurement results for a=5 and N=21 with 16 qubits in the control register 
{ 0000000000000000:2514 0010011110000101:1 0010100110010000:1 0010101001110101:1 0010101001110111:1 0010101010001110:1 0010101010010000:1 0010101010010001:1 0010101010010011:1 0010101010010100:1 0010101010010110:1 0010101010010111:1 0010101010011000:1 0010101010011010:1 0010101010011100:1 0010101010011110:1 0010101010011111:1 0010101010100000:1 0010101010100001:1 0010101010100010:4 0010101010100011:2 0010101010100100:5 0010101010100101:3 0010101010100110:8 0010101010100111:15 0010101010101000:22 0010101010101001:74 0010101010101010:424 0010101010101011:1720 0010101010101100:110 0010101010101101:33 0010101010101110:17 0010101010101111:11 0010101010110000:3 0010101010110001:10 0010101010110011:1 0010101010110100:4 0010101010110101:1 0010101010110110:1 0010101010111000:1 0010101010111001:2 0010101010111011:3 0010101010111110:2 0010101010111111:2 0010101011000001:2 0010101011000110:1 0010101011010000:1 0010101011011000:1 0010101011100001:1 0010101011110100:1 0010101011111000:1 0010101100001001:1 0011100101111001:1 0101010010011010:1 0101010011001000:1 0101010011011010:1 0101010011110001:1 0101010100000000:1 0101010100001000:1 0101010100010101:1 0101010100101111:1 0101010100110010:1 0101010100110110:1 0101010100111000:1 0101010100111001:1 0101010100111101:1 0101010100111111:1 0101010101000101:1 0101010101000110:2 0101010101000111:1 0101010101001010:1 0101010101001100:2 0101010101001101:3 0101010101001110:2 0101010101001111:6 0101010101010000:4 0101010101010001:12 0101010101010010:20 0101010101010011:46 0101010101010100:113 0101010101010101:1673 0101010101010110:442 0101010101010111:57 0101010101011000:27 0101010101011001:16 0101010101011010:7 0101010101011011:3 0101010101011100:2 0101010101011101:8 0101010101011110:1 0101010101011111:1 0101010101100000:2 0101010101100001:1 0101010101100111:1 0101010101101001:2 0101010101101010:1 0101010101101011:1 0101010101101100:1 0101010101111000:1 0101010101111010:1 0101010101111011:1 0101010110001001:1 0101010110010101:1 0101010111000010:1 0101010111100110:1 0101011000010111:1 0101011010001101:1 1000000000000000:2446 1001110110110001:1 1010100111011101:1 1010101001101001:1 1010101010001011:1 1010101010001111:2 1010101010010111:2 1010101010011011:1 1010101010011100:1 1010101010011110:2 1010101010011111:1 1010101010100000:2 1010101010100010:8 1010101010100011:3 1010101010100100:3 1010101010100101:6 1010101010100110:7 1010101010100111:19 1010101010101000:25 1010101010101001:83 1010101010101010:463 1010101010101011:1722 1010101010101100:86 1010101010101101:32 1010101010101110:14 1010101010101111:12 1010101010110000:2 1010101010110001:2 1010101010110010:2 1010101010110011:3 1010101010110100:3 1010101010110101:3 1010101010110110:2 1010101010110111:1 1010101010111000:1 1010101010111010:1 1010101010111111:1 1010101011000110:1 1010101011010000:1 1010101011010010:1 1010101100100000:1 1010101100110101:1 1101010010011001:1 1101010011100110:1 1101010100100111:1 1101010100101001:1 1101010100110101:1 1101010100110110:1 1101010100111011:1 1101010100111100:1 1101010100111111:1 1101010101000000:1 1101010101000010:1 1101010101000111:1 1101010101001000:1 1101010101001001:1 1101010101001010:3 1101010101001100:1 1101010101001101:4 1101010101001110:3 1101010101001111:8 1101010101010000:7 1101010101010001:7 1101010101010010:19 1101010101010011:44 1101010101010100:119 1101010101010101:1732 1101010101010110:423 1101010101010111:69 1101010101011000:14 1101010101011001:12 1101010101011010:10 1101010101011011:7 1101010101011100:5 1101010101011101:3 1101010101011110:3 1101010101011111:3 1101010101100000:3 1101010101100001:3 1101010101100010:2 1101010101100011:1 1101010101100100:2 1101010101101000:1 1101010101101001:1 1101010101101011:1 1101010101111110:1 1101010110001101:1 1101010110001110:1 1101011000100000:1 }

V100
	Command being timed: "python3 shor.py 16"
	User time (seconds): 35.22
	System time (seconds): 1.85
	Percent of CPU this job got: 98%
	Elapsed (wall clock) time (h:mm:ss or m:ss): 0:37.51
	Average shared text size (kbytes): 0
	Average unshared data size (kbytes): 0
	Average stack size (kbytes): 0
	Average total size (kbytes): 0
	Maximum resident set size (kbytes): 1870976
	Average resident set size (kbytes): 0
	Major (requiring I/O) page faults: 0
	Minor (reclaiming a frame) page faults: 1053971
	Voluntary context switches: 7005
	Involuntary context switches: 659
	Swaps: 0
	File system inputs: 0
	File system outputs: 24
	Socket messages sent: 0
	Socket messages received: 0
	Signals delivered: 0
	Page size (bytes): 4096
	Exit status: 0
Measurement results for a=5 and N=21 with 16 qubits in the control register 
{ 0000000000000000:2526 0010011001000011:1 0010101000010001:1 0010101001000010:1 0010101001011010:1 0010101001100001:1 0010101010000110:1 0010101010001001:1 0010101010010011:1 0010101010010110:2 0010101010010111:1 0010101010011001:1 0010101010011010:1 0010101010011011:3 0010101010011100:2 0010101010011101:2 0010101010011110:1 0010101010011111:1 0010101010100001:3 0010101010100011:5 0010101010100100:1 0010101010100101:6 0010101010100110:7 0010101010100111:17 0010101010101000:32 0010101010101001:72 0010101010101010:422 0010101010101011:1713 0010101010101100:90 0010101010101101:30 0010101010101110:20 0010101010101111:8 0010101010110000:2 0010101010110001:4 0010101010110010:1 0010101010110011:3 0010101010110100:1 0010101010110101:1 0010101010110110:1 0010101010110111:1 0010101010111001:1 0010101010111011:2 0010101010111100:1 0010101011000101:1 0010101011001111:2 0010101011011101:1 0010101011101000:1 0010101011101011:1 0010101100001100:1 0010101111101101:1 0010110000110111:1 0101010010100111:1 0101010011110101:1 0101010011111100:1 0101010100011001:1 0101010100110000:1 0101010100111001:1 0101010100111100:1 0101010100111101:2 0101010101000010:1 0101010101000011:1 0101010101000100:1 0101010101000111:2 0101010101001000:1 0101010101001001:2 0101010101001011:1 0101010101001100:2 0101010101001101:1 0101010101001110:1 0101010101001111:4 0101010101010000:6 0101010101010001:13 0101010101010010:12 0101010101010011:37 0101010101010100:99 0101010101010101:1744 0101010101010110:412 0101010101010111:70 0101010101011000:19 0101010101011001:13 0101010101011010:5 0101010101011011:7 0101010101011100:2 0101010101011101:4 0101010101011110:1 0101010101011111:5 0101010101100000:1 0101010101100001:2 0101010101100010:1 0101010101100011:2 0101010101100100:2 0101010101100101:1 0101010101101001:1 0101010101101100:1 0101010110101100:1 0101010111001100:1 0101010111010010:1 1000000000000000:2514 1010101001111111:1 1010101010000001:1 1010101010000010:1 1010101010000110:1 1010101010001100:1 1010101010010101:1 1010101010011001:1 1010101010011101:4 1010101010011111:1 1010101010100000:1 1010101010100010:1 1010101010100011:1 1010101010100100:5 1010101010100101:4 1010101010100110:10 1010101010100111:20 1010101010101000:27 1010101010101001:70 1010101010101010:437 1010101010101011:1776 1010101010101100:105 1010101010101101:25 1010101010101110:17 1010101010101111:18 1010101010110000:7 1010101010110001:4 1010101010110010:2 1010101010110011:5 1010101010110100:1 1010101010110101:1 1010101010110110:2 1010101010110111:2 1010101010111000:1 1010101010111100:1 1010101010111101:1 1010101010111110:1 1010101011000001:1 1010101011000100:1 1010101011000110:1 1010101011001001:1 1010101011001010:1 1010101011001110:1 1010101011010000:1 1010101011010101:1 1010101011011000:1 1010101100001010:1 1010101100001110:1 1010101100010010:1 1010101100110011:1 1010101100111110:1 1011111000100011:1 1101010011101110:1 1101010100000011:1 1101010100100110:1 1101010100110001:1 1101010100111010:1 1101010100111011:1 1101010100111111:1 1101010101000100:1 1101010101000101:1 1101010101000110:2 1101010101000111:2 1101010101001000:2 1101010101001010:1 1101010101001011:3 1101010101001100:3 1101010101001101:2 1101010101001110:4 1101010101001111:4 1101010101010000:8 1101010101010001:9 1101010101010010:12 1101010101010011:28 1101010101010100:121 1101010101010101:1669 1101010101010110:400 1101010101010111:66 1101010101011000:27 1101010101011001:13 1101010101011010:7 1101010101011011:9 1101010101011100:3 1101010101011101:2 1101010101011110:5 1101010101100000:2 1101010101100001:2 1101010101100011:1 1101010101100111:1 1101010101101000:1 1101010101110110:1 1101010110000000:1 1101010110000101:1 1101010110111011:1 1101011001001011:1 1101011110110011:1 }

V100
	Command being timed: "python3 shor.py 16"
	User time (seconds): 34.81
	System time (seconds): 1.82
	Percent of CPU this job got: 98%
	Elapsed (wall clock) time (h:mm:ss or m:ss): 0:37.02
	Average shared text size (kbytes): 0
	Average unshared data size (kbytes): 0
	Average stack size (kbytes): 0
	Average total size (kbytes): 0
	Maximum resident set size (kbytes): 1872648
	Average resident set size (kbytes): 0
	Major (requiring I/O) page faults: 0
	Minor (reclaiming a frame) page faults: 1089044
	Voluntary context switches: 3939
	Involuntary context switches: 651
	Swaps: 0
	File system inputs: 0
	File system outputs: 24
	Socket messages sent: 0
	Socket messages received: 0
	Signals delivered: 0
	Page size (bytes): 4096
	Exit status: 0
Measurement results for a=5 and N=21 with 16 qubits in the control register 
{ 0000000000000000:2571 0010100110001110:1 0010101001000010:1 0010101010001010:1 0010101010010101:1 0010101010010110:2 0010101010011010:2 0010101010011101:1 0010101010011110:1 0010101010100000:2 0010101010100001:3 0010101010100010:3 0010101010100011:2 0010101010100100:3 0010101010100101:11 0010101010100110:7 0010101010100111:24 0010101010101000:20 0010101010101001:60 0010101010101010:443 0010101010101011:1711 0010101010101100:106 0010101010101101:27 0010101010101110:18 0010101010101111:11 0010101010110000:7 0010101010110001:4 0010101010110010:4 0010101010110011:1 0010101010110100:2 0010101010110101:1 0010101010111000:1 0010101010111110:1 0010101010111111:2 0010101011000011:1 0010101011000111:1 0010101011100100:1 0010101011101001:1 0010101100001111:1 0010101111001111:1 0010110001110010:1 0101010011101001:1 0101010100110101:1 0101010101000000:3 0101010101000010:1 0101010101000011:1 0101010101000100:1 0101010101000101:1 0101010101000110:1 0101010101001001:3 0101010101001100:1 0101010101001110:2 0101010101001111:6 0101010101010000:9 0101010101010001:8 0101010101010010:19 0101010101010011:31 0101010101010100:102 0101010101010101:1656 0101010101010110:428 0101010101010111:60 0101010101011000:30 0101010101011001:18 0101010101011010:8 0101010101011011:3 0101010101011100:5 0101010101011101:4 0101010101011110:1 0101010101011111:1 0101010101100001:1 0101010101100010:5 0101010101100100:3 0101010101100110:1 0101010101101001:1 0101010101101010:1 0101010101101011:1 0101010101101100:1 0101010101101110:2 0101010101110000:1 0101010110011001:1 0101010110101001:1 0101010110101100:1 1000000000000000:2467 1000000010001000:1 1010101000101010:1 1010101001001000:1 1010101001100110:1 1010101001111100:1 1010101001111111:1 1010101010000011:1 1010101010000110:2 1010101010000111:1 1010101010001101:1 1010101010010011:1 1010101010010110:2 1010101010010111:1 1010101010011000:2 1010101010011011:1 1010101010011100:1 1010101010011101:2 1010101010011110:1 1010101010100000:2 1010101010100001:2 1010101010100010:3 1010101010100011:2 1010101010100100:4 1010101010100101:6 1010101010100110:7 1010101010100111:11 1010101010101000:26 1010101010101001:63 1010101010101010:425 1010101010101011:1737 1010101010101100:106 1010101010101101:36 1010101010101110:18 1010101010101111:13 1010101010110000:8 1010101010110001:3 1010101010110010:2 1010101010110011:2 1010101010110100:2 1010101010110110:2 1010101010111000:1 1010101010111001:1 1010101010111101:2 1010101010111110:1 1010101011000000:1 1010101011000001:1 1010101011000010:3 1010101011001000:1 1010101011001001:1 1010101011001011:1 1010101011010011:1 1010101011010110:1 1010101011011100:1 1010101011111110:1 1010101101000110:1 1010101101001110:1 1010111010111110:1 1010111011101010:1 1100010001001001:1 1101010001111011:1 1101010011001100:1 1101010100010111:1 1101010100011001:1 1101010100101010:1 1101010101000000:1 1101010101000001:1 1101010101000111:2 1101010101001000:2 1101010101001001:1 1101010101001010:1 1101010101001011:4 1101010101001100:1 1101010101001101:4 1101010101001110:4 1101010101001111:7 1101010101010000:6 1101010101010001:8 1101010101010010:20 1101010101010011:42 1101010101010100:79 1101010101010101:1751 1101010101010110:431 1101010101010111:68 1101010101011000:25 1101010101011001:14 1101010101011010:5 1101010101011011:5 1101010101011100:4 1101010101011101:5 1101010101011110:4 1101010101011111:1 1101010101100000:1 1101010101100001:3 1101010101100010:1 1101010101100011:1 1101010101100100:2 1101010101101011:2 1101010101101100:1 1101010101110010:1 1101010101110100:1 1101010101111100:1 1101010110000001:1 1101010110010111:1 1101010110011101:1 1101010110101111:1 1101010111100010:1 1101011000100111:1 1101011111110100:1 }

V100
	Command being timed: "python3 shor.py 16"
	User time (seconds): 34.73
	System time (seconds): 1.90
	Percent of CPU this job got: 98%
	Elapsed (wall clock) time (h:mm:ss or m:ss): 0:37.13
	Average shared text size (kbytes): 0
	Average unshared data size (kbytes): 0
	Average stack size (kbytes): 0
	Average total size (kbytes): 0
	Maximum resident set size (kbytes): 1869612
	Average resident set size (kbytes): 0
	Major (requiring I/O) page faults: 0
	Minor (reclaiming a frame) page faults: 1082112
	Voluntary context switches: 7004
	Involuntary context switches: 651
	Swaps: 0
	File system inputs: 0
	File system outputs: 24
	Socket messages sent: 0
	Socket messages received: 0
	Signals delivered: 0
	Page size (bytes): 4096
	Exit status: 0
Measurement results for a=5 and N=21 with 16 qubits in the control register 
{ 0000000000000000:2491 0010101001001010:1 0010101001111011:1 0010101010000000:1 0010101010010001:1 0010101010010100:1 0010101010010101:1 0010101010010110:1 0010101010010111:1 0010101010011011:1 0010101010011110:2 0010101010011111:2 0010101010100000:1 0010101010100001:3 0010101010100010:4 0010101010100011:4 0010101010100100:2 0010101010100101:7 0010101010100110:15 0010101010100111:16 0010101010101000:25 0010101010101001:61 0010101010101010:427 0010101010101011:1757 0010101010101100:127 0010101010101101:27 0010101010101110:18 0010101010101111:12 0010101010110000:10 0010101010110001:3 0010101010110010:4 0010101010110011:2 0010101010110100:2 0010101010110101:3 0010101010110110:2 0010101010110111:2 0010101010111000:2 0010101010111010:1 0010101010111111:1 0010101011000000:1 0010101011100001:1 0010101100100011:1 0010101100101001:1 0010101100110111:1 0101010000111001:1 0101010100000011:1 0101010100001111:1 0101010100110010:1 0101010100110111:1 0101010100111001:1 0101010101000000:1 0101010101000001:2 0101010101000011:1 0101010101000100:1 0101010101000111:2 0101010101001000:2 0101010101001001:4 0101010101001010:2 0101010101001011:3 0101010101001100:6 0101010101001101:5 0101010101001110:2 0101010101001111:4 0101010101010000:3 0101010101010001:14 0101010101010010:12 0101010101010011:26 0101010101010100:114 0101010101010101:1650 0101010101010110:463 0101010101010111:43 0101010101011000:19 0101010101011001:19 0101010101011010:6 0101010101011011:7 0101010101011100:7 0101010101011101:4 0101010101011111:2 0101010101100000:4 0101010101100001:1 0101010101100010:2 0101010101100011:1 0101010101100100:1 0101010101100101:2 0101010101100110:1 0101010101101000:1 0101010101101001:1 0101010101110001:1 0101010101110011:1 0101010101110100:1 0101010101110101:1 0101010101111001:1 0101010111000101:1 0101010111110001:1 1000000000000000:2495 1010101000010101:1 1010101001001111:1 1010101001010111:1 1010101001101101:1 1010101010000100:1 1010101010010001:1 1010101010010110:2 1010101010011000:1 1010101010011011:2 1010101010011101:4 1010101010100000:2 1010101010100001:2 1010101010100011:4 1010101010100100:3 1010101010100101:9 1010101010100110:8 1010101010100111:11 1010101010101000:21 1010101010101001:62 1010101010101010:450 1010101010101011:1656 1010101010101100:105 1010101010101101:33 1010101010101110:23 1010101010101111:8 1010101010110000:5 1010101010110001:3 1010101010110010:4 1010101010110011:1 1010101010110101:3 1010101010110110:3 1010101010111000:1 1010101010111100:1 1010101010111101:1 1010101011000011:1 1010101011000100:1 1010101011001001:1 1010101011011001:1 1010101011011100:1 1010101011100110:1 1010101011101000:1 1010101100000011:1 1010101100110100:1 1010101100110111:1 1010101100111101:1 1011110100110110:1 1100111011000101:1 1101001101011100:1 1101010011111110:1 1101010100011101:1 1101010100101011:1 1101010100110000:1 1101010100110001:1 1101010100110011:1 1101010100110101:1 1101010100111110:1 1101010101000000:1 1101010101000010:1 1101010101000110:1 1101010101001000:2 1101010101001001:1 1101010101001010:1 1101010101001011:1 1101010101001100:1 1101010101001101:3 1101010101001110:1 1101010101001111:6 1101010101010000:8 1101010101010001:11 1101010101010010:21 1101010101010011:34 1101010101010100:107 1101010101010101:1727 1101010101010110:444 1101010101010111:77 1101010101011000:31 1101010101011001:18 1101010101011010:10 1101010101011011:9 1101010101011100:5 1101010101011101:5 1101010101011110:2 1101010101011111:2 1101010101100000:4 1101010101100010:1 1101010101100101:1 1101010101100111:1 1101010101101010:1 1101010101101011:1 1101010101101111:4 1101010101110011:1 1101010101110100:1 1101010101110101:1 1101010101110110:1 1101010101111110:1 1101010110001011:1 1101010110001101:1 1101010110111001:1 }

V100
	Command being timed: "python3 shor.py 16"
	User time (seconds): 34.75
	System time (seconds): 1.87
	Percent of CPU this job got: 99%
	Elapsed (wall clock) time (h:mm:ss or m:ss): 0:36.99
	Average shared text size (kbytes): 0
	Average unshared data size (kbytes): 0
	Average stack size (kbytes): 0
	Average total size (kbytes): 0
	Maximum resident set size (kbytes): 1871456
	Average resident set size (kbytes): 0
	Major (requiring I/O) page faults: 0
	Minor (reclaiming a frame) page faults: 1087102
	Voluntary context switches: 3936
	Involuntary context switches: 645
	Swaps: 0
	File system inputs: 0
	File system outputs: 24
	Socket messages sent: 0
	Socket messages received: 0
	Signals delivered: 0
	Page size (bytes): 4096
	Exit status: 0
Measurement results for a=5 and N=21 with 16 qubits in the control register 
{ 0000000000000000:2463 0010101000101010:1 0010101000101100:1 0010101001001100:1 0010101001010011:1 0010101001011110:1 0010101001100110:1 0010101010000001:1 0010101010001100:1 0010101010010001:2 0010101010010100:1 0010101010010110:2 0010101010011000:1 0010101010011011:1 0010101010011101:1 0010101010011110:1 0010101010100001:2 0010101010100010:3 0010101010100011:5 0010101010100100:4 0010101010100101:9 0010101010100110:8 0010101010100111:15 0010101010101000:33 0010101010101001:85 0010101010101010:434 0010101010101011:1818 0010101010101100:110 0010101010101101:34 0010101010101110:12 0010101010101111:11 0010101010110000:4 0010101010110001:7 0010101010110010:4 0010101010110011:2 0010101010110100:3 0010101010110101:1 0010101010110111:2 0010101010111000:2 0010101010111011:2 0010101010111100:1 0010101010111111:2 0010101011000000:1 0010101011010001:1 0010101011010111:1 0010101110111011:1 0010101111101011:1 0010101111111011:1 0010110000110010:1 0101010011001011:1 0101010011011100:1 0101010011111110:1 0101010100001111:1 0101010100010001:1 0101010100111010:1 0101010100111101:1 0101010101000000:1 0101010101001000:2 0101010101001010:1 0101010101001011:2 0101010101001100:1 0101010101001101:5 0101010101001110:3 0101010101001111:6 0101010101010000:6 0101010101010001:7 0101010101010010:13 0101010101010011:46 0101010101010100:137 0101010101010101:1723 0101010101010110:405 0101010101010111:68 0101010101011000:27 0101010101011001:8 0101010101011010:6 0101010101011011:3 0101010101011100:7 0101010101011101:1 0101010101011110:3 0101010101011111:1 0101010101100001:3 0101010101100100:2 0101010101100101:2 0101010101100110:2 0101010101101111:1 0101010101110110:1 0101010110011111:1 0101010111111100:1 0110101011100011:1 1000000000000000:2469 1010101000011000:1 1010101000110101:1 1010101001000100:1 1010101001010001:1 1010101010001001:1 1010101010001110:1 1010101010010011:1 1010101010010100:1 1010101010010101:1 1010101010010111:1 1010101010011110:2 1010101010100000:2 1010101010100001:2 1010101010100010:2 1010101010100011:1 1010101010100100:4 1010101010100101:2 1010101010100110:10 1010101010100111:14 1010101010101000:35 1010101010101001:61 1010101010101010:443 1010101010101011:1710 1010101010101100:101 1010101010101101:32 1010101010101110:20 1010101010101111:10 1010101010110000:7 1010101010110001:6 1010101010110010:3 1010101010110011:1 1010101010110100:1 1010101010110101:4 1010101010110111:2 1010101010111010:2 1010101010111110:1 1010101011000011:1 1010101011000100:1 1010101011010001:1 1010101011010100:1 1010101100101011:1 1010101101111010:1 1101010001111011:1 1101010010110011:1 1101010011100010:1 1101010100011100:1 1101010100100100:1 1101010100100111:1 1101010100101111:1 1101010100110001:1 1101010100110011:1 1101010100110101:1 1101010100110110:1 1101010100111000:1 1101010100111010:1 1101010100111011:1 1101010100111101:1 1101010100111110:1 1101010100111111:1 1101010101000000:1 1101010101000011:2 1101010101000100:1 1101010101000101:2 1101010101001000:1 1101010101001010:1 1101010101001011:4 1101010101001100:2 1101010101001101:6 1101010101001110:5 1101010101001111:3 1101010101010000:6 1101010101010001:13 1101010101010010:14 1101010101010011:36 1101010101010100:96 1101010101010101:1635 1101010101010110:462 1101010101010111:54 1101010101011000:30 1101010101011001:13 1101010101011010:10 1101010101011011:2 1101010101011101:1 1101010101011111:1 1101010101100000:1 1101010101100001:1 1101010101100100:3 1101010101100101:1 1101010101100110:1 1101010101100111:2 1101010101101011:1 1101010110001011:1 1101010110100000:1 1101010110100100:1 1101011000111110:1 1101011111101100:1 1101100110000000:1 }

V100
	Command being timed: "python3 shor.py 16"
	User time (seconds): 34.74
	System time (seconds): 1.90
	Percent of CPU this job got: 98%
	Elapsed (wall clock) time (h:mm:ss or m:ss): 0:37.11
	Average shared text size (kbytes): 0
	Average unshared data size (kbytes): 0
	Average stack size (kbytes): 0
	Average total size (kbytes): 0
	Maximum resident set size (kbytes): 1870664
	Average resident set size (kbytes): 0
	Major (requiring I/O) page faults: 0
	Minor (reclaiming a frame) page faults: 1088200
	Voluntary context switches: 6998
	Involuntary context switches: 652
	Swaps: 0
	File system inputs: 0
	File system outputs: 24
	Socket messages sent: 0
	Socket messages received: 0
	Signals delivered: 0
	Page size (bytes): 4096
	Exit status: 0
Measurement results for a=5 and N=21 with 16 qubits in the control register 
{ 0000000000000000:2513 0001111111010110:1 0010101001100010:1 0010101001110000:1 0010101010000101:1 0010101010001001:1 0010101010010001:2 0010101010010110:1 0010101010011000:1 0010101010011001:1 0010101010011110:3 0010101010011111:1 0010101010100000:5 0010101010100001:1 0010101010100010:4 0010101010100011:1 0010101010100100:4 0010101010100101:8 0010101010100110:11 0010101010100111:10 0010101010101000:33 0010101010101001:59 0010101010101010:397 0010101010101011:1726 0010101010101100:101 0010101010101101:37 0010101010101110:7 0010101010101111:4 0010101010110000:8 0010101010110001:4 0010101010110010:6 0010101010110011:3 0010101010110100:2 0010101010110101:2 0010101010110111:1 0010101010111001:2 0010101010111010:1 0010101010111101:1 0010101011001011:1 0010101011001110:1 0010101011011001:1 0010101011011100:1 0010101011100011:1 0010101011111000:1 0010101100001010:1 0011001110001010:1 0101010010001110:1 0101010011111101:1 0101010100011001:1 0101010100101101:1 0101010100110000:1 0101010100110110:1 0101010100110111:1 0101010101000000:1 0101010101000010:1 0101010101000011:2 0101010101000100:1 0101010101000101:2 0101010101000110:2 0101010101001001:2 0101010101001010:1 0101010101001011:2 0101010101001100:4 0101010101001101:3 0101010101001110:4 0101010101001111:7 0101010101010000:7 0101010101010001:8 0101010101010010:10 0101010101010011:37 0101010101010100:111 0101010101010101:1718 0101010101010110:398 0101010101010111:69 0101010101011000:35 0101010101011001:13 0101010101011010:6 0101010101011011:8 0101010101011100:3 0101010101011101:3 0101010101011110:4 0101010101011111:2 0101010101100000:3 0101010101100001:2 0101010101100010:2 0101010101100111:1 0101010101101100:1 0101010101101101:1 0101010101110010:2 0101010101110100:1 0101010101111000:1 0101010110001011:1 0101010110011011:1 0101010110100110:1 1000000000000000:2538 1010101001110111:1 1010101001111010:1 1010101001111110:1 1010101010000001:1 1010101010000100:1 1010101010001011:1 1010101010011000:3 1010101010011010:1 1010101010011100:2 1010101010011101:1 1010101010011110:3 1010101010011111:2 1010101010100000:3 1010101010100010:2 1010101010100011:3 1010101010100100:4 1010101010100101:10 1010101010100110:7 1010101010100111:14 1010101010101000:29 1010101010101001:53 1010101010101010:433 1010101010101011:1788 1010101010101100:116 1010101010101101:31 1010101010101110:16 1010101010101111:10 1010101010110000:8 1010101010110001:3 1010101010110010:7 1010101010110011:1 1010101010110100:2 1010101010110101:2 1010101010110110:1 1010101010111000:1 1010101010111001:1 1010101010111101:1 1010101011000001:1 1010101011000010:2 1010101011000101:1 1010101011001001:1 1010101011011000:1 1101010011000100:1 1101010100000011:1 1101010100001011:1 1101010100011001:1 1101010100100111:1 1101010100101111:1 1101010100110101:1 1101010100111001:1 1101010100111010:1 1101010100111110:1 1101010100111111:1 1101010101000001:1 1101010101000011:1 1101010101001000:1 1101010101001001:1 1101010101001010:2 1101010101001011:1 1101010101001100:2 1101010101001101:1 1101010101001110:3 1101010101001111:5 1101010101010000:4 1101010101010001:13 1101010101010010:28 1101010101010011:40 1101010101010100:97 1101010101010101:1613 1101010101010110:455 1101010101010111:62 1101010101011000:25 1101010101011001:14 1101010101011010:7 1101010101011011:5 1101010101011100:5 1101010101011101:2 1101010101011110:4 1101010101011111:2 1101010101100000:5 1101010101100001:1 1101010101100010:1 1101010101100100:1 1101010101100110:2 1101010101100111:2 1101010101101000:1 1101010101101001:1 1101010101101010:1 1101010101101101:1 1101010101101110:2 1101010101111010:1 1101010101111111:1 1101010110010000:1 1101010110101110:1 1101010111001111:1 1101011100110101:1 1101011110010111:1 1101100010100011:1 }

V100
	Command being timed: "python3 shor.py 16"
	User time (seconds): 34.88
	System time (seconds): 1.81
	Percent of CPU this job got: 98%
	Elapsed (wall clock) time (h:mm:ss or m:ss): 0:37.08
	Average shared text size (kbytes): 0
	Average unshared data size (kbytes): 0
	Average stack size (kbytes): 0
	Average total size (kbytes): 0
	Maximum resident set size (kbytes): 1868044
	Average resident set size (kbytes): 0
	Major (requiring I/O) page faults: 0
	Minor (reclaiming a frame) page faults: 1081261
	Voluntary context switches: 3943
	Involuntary context switches: 698
	Swaps: 0
	File system inputs: 0
	File system outputs: 24
	Socket messages sent: 0
	Socket messages received: 0
	Signals delivered: 0
	Page size (bytes): 4096
	Exit status: 0
Measurement results for a=5 and N=21 with 16 qubits in the control register 
{ 0000000000000000:2553 0010101001011010:1 0010101001011100:1 0010101001111000:1 0010101001111101:1 0010101010001000:1 0010101010001111:1 0010101010010000:1 0010101010010100:1 0010101010010111:1 0010101010011001:2 0010101010011011:1 0010101010011101:1 0010101010100000:2 0010101010100001:1 0010101010100010:3 0010101010100011:1 0010101010100100:6 0010101010100101:4 0010101010100110:10 0010101010100111:12 0010101010101000:27 0010101010101001:62 0010101010101010:459 0010101010101011:1702 0010101010101100:89 0010101010101101:29 0010101010101110:19 0010101010101111:8 0010101010110000:3 0010101010110001:3 0010101010110010:7 0010101010110011:4 0010101010110100:1 0010101010110101:1 0010101010110110:2 0010101010110111:1 0010101010111000:2 0010101010111010:4 0010101010111110:1 0010101011000000:1 0010101011000010:1 0010101011000100:1 0010101011011001:1 0010101011011011:1 0010101011100101:1 0010101101100110:1 0101010100010111:1 0101010100011000:1 0101010100100011:1 0101010100101011:1 0101010100111011:2 0101010100111101:2 0101010100111110:1 0101010101000001:1 0101010101000010:1 0101010101000110:1 0101010101000111:1 0101010101001000:1 0101010101001001:1 0101010101001010:3 0101010101001011:1 0101010101001100:5 0101010101001110:7 0101010101001111:8 0101010101010000:5 0101010101010001:10 0101010101010010:20 0101010101010011:24 0101010101010100:93 0101010101010101:1703 0101010101010110:435 0101010101010111:62 0101010101011000:34 0101010101011001:18 0101010101011010:9 0101010101011011:1 0101010101011100:5 0101010101011101:2 0101010101011110:2 0101010101011111:4 0101010101100000:3 0101010101100001:1 0101010101100010:3 0101010101100101:2 0101010101101000:1 0101010101101011:1 0101010101101101:1 0101010101101110:1 0101010101110100:1 0101010101110110:1 0101010110010111:1 1000000000000000:2486 1010101000100101:1 1010101001110001:1 1010101001110010:1 1010101001111111:1 1010101010000001:1 1010101010001010:1 1010101010001101:1 1010101010010100:1 1010101010010110:1 1010101010010111:1 1010101010011001:1 1010101010011100:3 1010101010011110:2 1010101010100000:2 1010101010100010:3 1010101010100011:2 1010101010100100:6 1010101010100101:6 1010101010100110:11 1010101010100111:12 1010101010101000:29 1010101010101001:68 1010101010101010:426 1010101010101011:1758 1010101010101100:127 1010101010101101:43 1010101010101110:10 1010101010101111:4 1010101010110000:5 1010101010110001:6 1010101010110010:2 1010101010110011:2 1010101010110100:1 1010101010110110:5 1010101010110111:1 1010101010111000:1 1010101010111001:2 1010101010111010:1 1010101011000110:1 1010101011001001:1 1010101011111001:1 1101010011010000:1 1101010011101001:1 1101010100001101:1 1101010100101111:2 1101010100110100:1 1101010100110110:1 1101010100111011:1 1101010101000011:1 1101010101000101:1 1101010101000111:1 1101010101001000:1 1101010101001001:1 1101010101001010:3 1101010101001011:6 1101010101001100:5 1101010101001101:4 1101010101001110:4 1101010101001111:5 1101010101010000:8 1101010101010001:8 1101010101010010:18 1101010101010011:34 1101010101010100:116 1101010101010101:1675 1101010101010110:391 1101010101010111:86 1101010101011000:22 1101010101011001:14 1101010101011010:7 1101010101011011:4 1101010101011100:1 1101010101011101:2 1101010101011110:2 1101010101100000:1 1101010101100001:1 1101010101100010:2 1101010101100100:1 1101010101100111:1 1101010101101000:1 1101010101101001:2 1101010101101100:1 1101010101101110:1 1101010101110110:1 1101010101111100:1 1101010110001010:1 1101011000000011:1 1101011000001010:1 }

V100
	Command being timed: "python3 shor.py 16"
	User time (seconds): 34.94
	System time (seconds): 1.86
	Percent of CPU this job got: 98%
	Elapsed (wall clock) time (h:mm:ss or m:ss): 0:37.26
	Average shared text size (kbytes): 0
	Average unshared data size (kbytes): 0
	Average stack size (kbytes): 0
	Average total size (kbytes): 0
	Maximum resident set size (kbytes): 1871324
	Average resident set size (kbytes): 0
	Major (requiring I/O) page faults: 0
	Minor (reclaiming a frame) page faults: 1087950
	Voluntary context switches: 7006
	Involuntary context switches: 657
	Swaps: 0
	File system inputs: 0
	File system outputs: 24
	Socket messages sent: 0
	Socket messages received: 0
	Signals delivered: 0
	Page size (bytes): 4096
	Exit status: 0
Measurement results for a=5 and N=21 with 16 qubits in the control register 
{ 0000000000000000:2514 0001110010110111:1 0010101000010100:1 0010101000011001:1 0010101001111101:1 0010101010001000:2 0010101010010001:1 0010101010010101:1 0010101010010111:1 0010101010011000:1 0010101010011001:2 0010101010011010:1 0010101010011100:1 0010101010011101:2 0010101010011110:2 0010101010100000:4 0010101010100001:3 0010101010100011:4 0010101010100100:6 0010101010100101:4 0010101010100110:11 0010101010100111:10 0010101010101000:31 0010101010101001:81 0010101010101010:421 0010101010101011:1727 0010101010101100:96 0010101010101101:35 0010101010101110:9 0010101010101111:13 0010101010110000:10 0010101010110001:4 0010101010110010:5 0010101010110011:6 0010101010110100:2 0010101010110101:1 0010101010111010:1 0010101010111011:1 0010101010111101:1 0010101010111111:2 0010101011000001:1 0010101011000010:1 0010101011000011:1 0010101011000101:1 0010101011000111:1 0010101011001001:1 0010101011001111:1 0010101011010100:1 0010101011110110:1 0010101100001011:1 0010101100011011:1 0010101100101100:1 0010101100110101:1 0101001000110010:1 0101010100011010:1 0101010100100011:1 0101010100100111:1 0101010100110011:1 0101010100110111:1 0101010101000010:3 0101010101000110:1 0101010101000111:2 0101010101001000:1 0101010101001010:2 0101010101001011:1 0101010101001100:5 0101010101001101:4 0101010101001110:3 0101010101001111:5 0101010101010000:14 0101010101010001:12 0101010101010010:15 0101010101010011:31 0101010101010100:95 0101010101010101:1668 0101010101010110:458 0101010101010111:72 0101010101011000:24 0101010101011001:13 0101010101011010:12 0101010101011011:6 0101010101011100:1 0101010101011101:5 0101010101011110:2 0101010101011111:2 0101010101100000:1 0101010101100001:2 0101010101100010:1 0101010101100011:1 0101010101100100:1 0101010101100101:1 0101010101100111:1 0101010101101000:1 0101010101101011:1 0101010101101101:1 0101010101101111:1 0101010101110010:1 0101010101110011:1 0101010101110101:1 0101010101111011:1 0101010110001111:1 0101010110101111:1 0101110101011001:1 1000000000000000:2455 1010101010000100:1 1010101010001001:1 1010101010001011:2 1010101010001111:1 1010101010010000:2 1010101010010001:1 1010101010011000:1 1010101010011110:4 1010101010100000:1 1010101010100001:2 1010101010100010:1 1010101010100011:1 1010101010100100:6 1010101010100101:9 1010101010100110:12 1010101010100111:13 1010101010101000:23 1010101010101001:61 1010101010101010:448 1010101010101011:1781 1010101010101100:105 1010101010101101:37 1010101010101110:12 1010101010101111:10 1010101010110000:9 1010101010110001:4 1010101010110010:4 1010101010110011:2 1010101010110100:2 1010101010110110:4 1010101010110111:3 1010101010111000:1 1010101010111010:1 1010101010111011:1 1010101010111100:1 1010101010111101:1 1010101010111111:1 1010101011000001:1 1010101011000011:1 1010101011000111:1 1010101011001010:1 1010101011001100:1 1010101011010011:1 1010101011010111:1 1010101101000101:1 1010101101010010:1 1010110101011010:1 1100110011011000:1 1101010011101111:1 1101010100010100:1 1101010100110100:1 1101010100111111:1 1101010101000101:1 1101010101000111:1 1101010101001000:4 1101010101001001:2 1101010101001010:1 1101010101001011:1 1101010101001101:4 1101010101001110:4 1101010101001111:6 1101010101010000:9 1101010101010001:7 1101010101010010:13 1101010101010011:41 1101010101010100:95 1101010101010101:1702 1101010101010110:405 1101010101010111:84 1101010101011000:22 1101010101011001:4 1101010101011010:7 1101010101011011:4 1101010101011100:2 1101010101011101:2 1101010101011110:4 1101010101011111:2 1101010101100000:2 1101010101100001:3 1101010101100010:2 1101010101100100:1 1101010101100101:1 1101010101101000:2 1101010101101010:1 1101010101101111:1 1101010101110000:1 1101010101110010:1 1101010110000001:1 1101010110000111:1 1101010110001101:1 1101010110001111:1 }

V100
	Command being timed: "python3 shor.py 16"
	User time (seconds): 34.62
	System time (seconds): 1.90
	Percent of CPU this job got: 99%
	Elapsed (wall clock) time (h:mm:ss or m:ss): 0:36.87
	Average shared text size (kbytes): 0
	Average unshared data size (kbytes): 0
	Average stack size (kbytes): 0
	Average total size (kbytes): 0
	Maximum resident set size (kbytes): 1871692
	Average resident set size (kbytes): 0
	Major (requiring I/O) page faults: 0
	Minor (reclaiming a frame) page faults: 1095124
	Voluntary context switches: 3939
	Involuntary context switches: 651
	Swaps: 0
	File system inputs: 0
	File system outputs: 24
	Socket messages sent: 0
	Socket messages received: 0
	Signals delivered: 0
	Page size (bytes): 4096
	Exit status: 0
