Number of qubits:  25
Number of pool operator:  2775
Step:  1
Norm of the gradient:  7.790600555296083
Mixer pool at step 1
['IIIIIIIIIIIIIIIIIIZY']
Number of layers:  1
Result from the step  1
Optmized Energy:  -15.499999999986501
dE= : 15.499999999986501


Step:  2
Norm of the gradient:  7.6560727924758725
Mixer pool at step 2
['IIIIIIIIIIIIIIIIIIZY', 'IIIIIIIIIIIIIIIIIIIIIIZIY']
Number of layers:  2
Result from the step  2
Optmized Energy:  -15.999999999945347
dE= : 0.49999999995884536


Step:  3
Norm of the gradient:  7.243930271776649
Mixer pool at step 3
['IIIIIIIIIIIIIIIIIIZY', 'IIIIIIIIIIIIIIIIIIIIIIZIY', 'IIIIIIIIIIIIIIIIIIIIZIIY']
Number of layers:  3
Result from the step  3
Optmized Energy:  -16.499999999976293
dE= : 0.5000000000309459


Step:  4
Norm of the gradient:  7.100071386603372
Mixer pool at step 4
['IIIIIIIIIIIIIIIIIIZY', 'IIIIIIIIIIIIIIIIIIIIIIZIY', 'IIIIIIIIIIIIIIIIIIIIZIIY', 'IYIIZ']
Number of layers:  4
Result from the step  4
Optmized Energy:  -16.999999999987406
dE= : 0.5000000000111129


Step:  5
Norm of the gradient:  6.952479773896854
Mixer pool at step 5
['IIIIIIIIIIIIIIIIIIZY', 'IIIIIIIIIIIIIIIIIIIIIIZIY', 'IIIIIIIIIIIIIIIIIIIIZIIY', 'IYIIZ', 'IIZIIIIY']
Number of layers:  5
Result from the step  5
Optmized Energy:  -17.49999999993994
dE= : 0.49999999995253575


Step:  6
Norm of the gradient:  6.802150084408514
Mixer pool at step 6
['IIIIIIIIIIIIIIIIIIZY', 'IIIIIIIIIIIIIIIIIIIIIIZIY', 'IIIIIIIIIIIIIIIIIIIIZIIY', 'IYIIZ', 'IIZIIIIY', 'IIIYIIZ']
Number of layers:  6
Result from the step  6
Optmized Energy:  -17.999999999976346
dE= : 0.5000000000364047


Step:  7
Norm of the gradient:  6.337316722489267
Mixer pool at step 7
['IIIIIIIIIIIIIIIIIIZY', 'IIIIIIIIIIIIIIIIIIIIIIZIY', 'IIIIIIIIIIIIIIIIIIIIZIIY', 'IYIIZ', 'IIZIIIIY', 'IIIYIIZ', 'IIZIIIIIIY']
Number of layers:  7
Result from the step  7
Optmized Energy:  -18.499999999972257
dE= : 0.4999999999959108


Step:  8
Norm of the gradient:  6.7942006145502205
Mixer pool at step 8
['IIIIIIIIIIIIIIIIIIZY', 'IIIIIIIIIIIIIIIIIIIIIIZIY', 'IIIIIIIIIIIIIIIIIIIIZIIY', 'IYIIZ', 'IIZIIIIY', 'IIIYIIZ', 'IIZIIIIIIY', 'IIZIIIIIY']
Number of layers:  8
Result from the step  8
Optmized Energy:  -19.499999999969017
dE= : 0.9999999999967599


Step:  9
Norm of the gradient:  5.839535339397666
Mixer pool at step 9
['IIIIIIIIIIIIIIIIIIZY', 'IIIIIIIIIIIIIIIIIIIIIIZIY', 'IIIIIIIIIIIIIIIIIIIIZIIY', 'IYIIZ', 'IIZIIIIY', 'IIIYIIZ', 'IIZIIIIIIY', 'IIZIIIIIY', 'IIIIIYZ']
Number of layers:  9
Result from the step  9
Optmized Energy:  -19.99999999993794
dE= : 0.4999999999689244


Step:  10
Norm of the gradient:  5.392751514695891
Mixer pool at step 10
['IIIIIIIIIIIIIIIIIIZY', 'IIIIIIIIIIIIIIIIIIIIIIZIY', 'IIIIIIIIIIIIIIIIIIIIZIIY', 'IYIIZ', 'IIZIIIIY', 'IIIYIIZ', 'IIZIIIIIIY', 'IIZIIIIIY', 'IIIIIYZ', 'IIIIIIIIIIZY']
Number of layers:  10
Result from the step  10
Optmized Energy:  -20.49999999997906
dE= : 0.5000000000411191


Step:  11
Norm of the gradient:  5.200910050317031
Mixer pool at step 11
['IIIIIIIIIIIIIIIIIIZY', 'IIIIIIIIIIIIIIIIIIIIIIZIY', 'IIIIIIIIIIIIIIIIIIIIZIIY', 'IYIIZ', 'IIZIIIIY', 'IIIYIIZ', 'IIZIIIIIIY', 'IIZIIIIIY', 'IIIIIYZ', 'IIIIIIIIIIZY', 'YIIIZ']
Number of layers:  11
Result from the step  11
Optmized Energy:  -20.999999999982688
dE= : 0.5000000000036273


Step:  12
Norm of the gradient:  4.694292869191294
Mixer pool at step 12
['IIIIIIIIIIIIIIIIIIZY', 'IIIIIIIIIIIIIIIIIIIIIIZIY', 'IIIIIIIIIIIIIIIIIIIIZIIY', 'IYIIZ', 'IIZIIIIY', 'IIIYIIZ', 'IIZIIIIIIY', 'IIZIIIIIY', 'IIIIIYZ', 'IIIIIIIIIIZY', 'YIIIZ', 'IIIIIIIIIIIIIIIIZY']
Number of layers:  12
Result from the step  12
Optmized Energy:  -21.49999999988961
dE= : 0.49999999990692245


Step:  13
Norm of the gradient:  4.244596696400451
Mixer pool at step 13
['IIIIIIIIIIIIIIIIIIZY', 'IIIIIIIIIIIIIIIIIIIIIIZIY', 'IIIIIIIIIIIIIIIIIIIIZIIY', 'IYIIZ', 'IIZIIIIY', 'IIIYIIZ', 'IIZIIIIIIY', 'IIZIIIIIY', 'IIIIIYZ', 'IIIIIIIIIIZY', 'YIIIZ', 'IIIIIIIIIIIIIIIIZY', 'IIIIIIIIIIIIIIIIIIIIZY']
Number of layers:  13
Result from the step  13
Optmized Energy:  -21.999999999929393
dE= : 0.5000000000397833


Step:  14
Norm of the gradient:  3.7427929661536536
Mixer pool at step 14
['IIIIIIIIIIIIIIIIIIZY', 'IIIIIIIIIIIIIIIIIIIIIIZIY', 'IIIIIIIIIIIIIIIIIIIIZIIY', 'IYIIZ', 'IIZIIIIY', 'IIIYIIZ', 'IIZIIIIIIY', 'IIZIIIIIY', 'IIIIIYZ', 'IIIIIIIIIIZY', 'YIIIZ', 'IIIIIIIIIIIIIIIIZY', 'IIIIIIIIIIIIIIIIIIIIZY', 'IIIIIIIIIIIIIIZY']
Number of layers:  14
Result from the step  14
Optmized Energy:  -22.499999999972864
dE= : 0.500000000043471


Step:  15
Norm of the gradient:  3.1623093759995995
Mixer pool at step 15
['IIIIIIIIIIIIIIIIIIZY', 'IIIIIIIIIIIIIIIIIIIIIIZIY', 'IIIIIIIIIIIIIIIIIIIIZIIY', 'IYIIZ', 'IIZIIIIY', 'IIIYIIZ', 'IIZIIIIIIY', 'IIZIIIIIY', 'IIIIIYZ', 'IIIIIIIIIIZY', 'YIIIZ', 'IIIIIIIIIIIIIIIIZY', 'IIIIIIIIIIIIIIIIIIIIZY', 'IIIIIIIIIIIIIIZY', 'IIIIIIIIIIIZY']
Number of layers:  15
Result from the step  15
Optmized Energy:  -22.99999999996933
dE= : 0.49999999999646505


Step:  16
Norm of the gradient:  3.740922414873885
Mixer pool at step 16
['IIIIIIIIIIIIIIIIIIZY', 'IIIIIIIIIIIIIIIIIIIIIIZIY', 'IIIIIIIIIIIIIIIIIIIIZIIY', 'IYIIZ', 'IIZIIIIY', 'IIIYIIZ', 'IIZIIIIIIY', 'IIZIIIIIY', 'IIIIIYZ', 'IIIIIIIIIIZY', 'YIIIZ', 'IIIIIIIIIIIIIIIIZY', 'IIIIIIIIIIIIIIIIIIIIZY', 'IIIIIIIIIIIIIIZY', 'IIIIIIIIIIIZY', 'IIIIIIIIIIZIIY']
Number of layers:  16
Result from the step  16
Optmized Energy:  -23.99999999996369
dE= : 0.9999999999943618


Step:  17
Norm of the gradient:  0.037418291766488095
Mixer pool at step 17
['IIIIIIIIIIIIIIIIIIZY', 'IIIIIIIIIIIIIIIIIIIIIIZIY', 'IIIIIIIIIIIIIIIIIIIIZIIY', 'IYIIZ', 'IIZIIIIY', 'IIIYIIZ', 'IIZIIIIIIY', 'IIZIIIIIY', 'IIIIIYZ', 'IIIIIIIIIIZY', 'YIIIZ', 'IIIIIIIIIIIIIIIIZY', 'IIIIIIIIIIIIIIIIIIIIZY', 'IIIIIIIIIIIIIIZY', 'IIIIIIIIIIIZY', 'IIIIIIIIIIZIIY', 'IIIIIIIIIIIIIIIIYY']
Number of layers:  17
Result from the step  17
Optmized Energy:  -24.499999999944922
dE= : 0.499999999981231


Step:  18
Norm of the gradient:  1.0100503885431207
Mixer pool at step 18
['IIIIIIIIIIIIIIIIIIZY', 'IIIIIIIIIIIIIIIIIIIIIIZIY', 'IIIIIIIIIIIIIIIIIIIIZIIY', 'IYIIZ', 'IIZIIIIY', 'IIIYIIZ', 'IIZIIIIIIY', 'IIZIIIIIY', 'IIIIIYZ', 'IIIIIIIIIIZY', 'YIIIZ', 'IIIIIIIIIIIIIIIIZY', 'IIIIIIIIIIIIIIIIIIIIZY', 'IIIIIIIIIIIIIIZY', 'IIIIIIIIIIIZY', 'IIIIIIIIIIZIIY', 'IIIIIIIIIIIIIIIIYY', 'IIIIIIIIIIIIIIIIIIIIIIXIX']
Number of layers:  18
Result from the step  18
Optmized Energy:  -24.999999999943903
dE= : 0.49999999999898037


Step:  19
Norm of the gradient:  1.0099419989794998
Mixer pool at step 19
['IIIIIIIIIIIIIIIIIIZY', 'IIIIIIIIIIIIIIIIIIIIIIZIY', 'IIIIIIIIIIIIIIIIIIIIZIIY', 'IYIIZ', 'IIZIIIIY', 'IIIYIIZ', 'IIZIIIIIIY', 'IIZIIIIIY', 'IIIIIYZ', 'IIIIIIIIIIZY', 'YIIIZ', 'IIIIIIIIIIIIIIIIZY', 'IIIIIIIIIIIIIIIIIIIIZY', 'IIIIIIIIIIIIIIZY', 'IIIIIIIIIIIZY', 'IIIIIIIIIIZIIY', 'IIIIIIIIIIIIIIIIYY', 'IIIIIIIIIIIIIIIIIIIIIIXIX', 'IIIIIIIIIIIIIIXX']
Number of layers:  19
Result from the step  19
Optmized Energy:  -25.253324378022015
dE= : 0.25332437807811203


Step:  20
Norm of the gradient:  1.2538893102107307
Mixer pool at step 20
['IIIIIIIIIIIIIIIIIIZY', 'IIIIIIIIIIIIIIIIIIIIIIZIY', 'IIIIIIIIIIIIIIIIIIIIZIIY', 'IYIIZ', 'IIZIIIIY', 'IIIYIIZ', 'IIZIIIIIIY', 'IIZIIIIIY', 'IIIIIYZ', 'IIIIIIIIIIZY', 'YIIIZ', 'IIIIIIIIIIIIIIIIZY', 'IIIIIIIIIIIIIIIIIIIIZY', 'IIIIIIIIIIIIIIZY', 'IIIIIIIIIIIZY', 'IIIIIIIIIIZIIY', 'IIIIIIIIIIIIIIIIYY', 'IIIIIIIIIIIIIIIIIIIIIIXIX', 'IIIIIIIIIIIIIIXX', 'IIIIIIIIIIIIIIIIIIXX']
Number of layers:  20
Result from the step  20
Optmized Energy:  -25.499999934684844
dE= : 0.24667555666282936


Step:  21
Norm of the gradient:  0.0009063914843985766

 Final Result:  

Final mixer_pool:  ['IIIIIIIIIIIIIIIIIIZY', 'IIIIIIIIIIIIIIIIIIIIIIZIY', 'IIIIIIIIIIIIIIIIIIIIZIIY', 'IYIIZ', 'IIZIIIIY', 'IIIYIIZ', 'IIZIIIIIIY', 'IIZIIIIIY', 'IIIIIYZ', 'IIIIIIIIIIZY', 'YIIIZ', 'IIIIIIIIIIIIIIIIZY', 'IIIIIIIIIIIIIIIIIIIIZY', 'IIIIIIIIIIIIIIZY', 'IIIIIIIIIIIZY', 'IIIIIIIIIIZIIY', 'IIIIIIIIIIIIIIIIYY', 'IIIIIIIIIIIIIIIIIIIIIIXIX', 'IIIIIIIIIIIIIIXX', 'IIIIIIIIIIIIIIIIIIXX']
Number of layers:  20
Number of mixer pool in each layer:  [1, 1, 1, 1, 1, 1, 1, 1, 1, 1, 1, 1, 1, 1, 1, 1, 1, 1, 1, 1]
Final Energy:  -25.499999934684844

 Sampling the Final ADAPT QAOA circuit 

The most probable max cut:  1110001010101001010110100
All bitstring from circuit sampling:  { 0000101101010101010101011:66 0000101101010101010110100:75 0000101101010110101001011:73 0000101101010110101010100:65 0000101101101001010101011:67 0000101101101001010110100:91 0000101101101010101001011:92 0000101101101010101010100:83 0001110101010101010101011:80 0001110101010101010110100:85 0001110101010110101001011:93 0001110101010110101010100:88 0001110101101001010101011:88 0001110101101001010110100:85 0001110101101010101001011:68 0001110101101010101010100:66 0010101010010101010101011:86 0010101010010101010110100:77 0010101010010110101001011:71 0010101010010110101010100:86 0010101010101001010101011:79 0010101010101001010110100:88 0010101010101010101001011:82 0010101010101010101010100:70 0011110010010101010101011:92 0011110010010101010110100:84 0011110010010110101001011:77 0011110010010110101010100:71 0011110010101001010101011:89 0011110010101001010110100:75 0011110010101010101001011:73 0011110010101010101010100:72 1100001101010101010101011:84 1100001101010101010110100:76 1100001101010110101001011:73 1100001101010110101010100:72 1100001101101001010101011:66 1100001101101001010110100:79 1100001101101010101001011:69 1100001101101010101010100:82 1101010101010101010101011:71 1101010101010101010110100:73 1101010101010110101001011:79 1101010101010110101010100:87 1101010101101001010101011:77 1101010101101001010110100:72 1101010101101010101001011:90 1101010101101010101010100:78 1110001010010101010101011:68 1110001010010101010110100:78 1110001010010110101001011:62 1110001010010110101010100:71 1110001010101001010101011:75 1110001010101001010110100:94 1110001010101010101001011:81 1110001010101010101010100:81 1111010010010101010101011:84 1111010010010101010110100:66 1111010010010110101001011:76 1111010010010110101010100:87 1111010010101001010101011:78 1111010010101001010110100:81 1111010010101010101001011:74 1111010010101010101010100:79 }

CUDA-Q Version 0.10.0 (https://github.com/NVIDIA/cuda-quantum f24f4f78673e0bc330fec90a88251321432be970)
GPU: A100
	Command being timed: "python3 QAOA.py 25"
	User time (seconds): 16542.61
	System time (seconds): 52.30
	Percent of CPU this job got: 99%
	Elapsed (wall clock) time (h:mm:ss or m:ss): 4:37:37
	Average shared text size (kbytes): 0
	Average unshared data size (kbytes): 0
	Average stack size (kbytes): 0
	Average total size (kbytes): 0
	Maximum resident set size (kbytes): 1217372
	Average resident set size (kbytes): 0
	Major (requiring I/O) page faults: 0
	Minor (reclaiming a frame) page faults: 7251363
	Voluntary context switches: 240843
	Involuntary context switches: 223786
	Swaps: 0
	File system inputs: 0
	File system outputs: 32
	Socket messages sent: 0
	Socket messages received: 0
	Signals delivered: 0
	Page size (bytes): 4096
	Exit status: 0
