==WARNING== Note: Running with unmodified GPU clocks. If not controlled otherwise, profiling results may be inconsistent.
==PROF== Connected to process 2512230 (/usr/bin/nvidia-smi)
==PROF== Disconnected from process 2512230
==PROF== Connected to process 2512186 (/scratch/network/er4138/cudaq-env/bin/python3.11)
==PROF== Profiling "setZeroStateKernel" - 0: 0%....50%....100% - 10 passes
==PROF== Profiling "constMatApplKernel_Relocate" - 1: 0%....50%....100% - 10 passes
==PROF== Profiling "constMatApplKernel_Relocate" - 2: 0%....50%....100% - 10 passes
==PROF== Profiling "constMatApplLoopKernel" - 3: 0%....50%....100% - 10 passes
==PROF== Profiling "constMatApplKernel_Relocate" - 4: 0%....50%....100% - 10 passes
==PROF== Profiling "constMatApplLoopKernel" - 5: 0%....50%....100% - 10 passes
==PROF== Profiling "constMatApplLoopKernel" - 6: 0%....50%....100% - 10 passes
==PROF== Profiling "constMatApplLoopKernel" - 7: 0%....50%....100% - 10 passes
==PROF== Profiling "constMatApplLoopKernel" - 8: 0%....50%....100% - 10 passes
==PROF== Profiling "constMatApplLoopKernel" - 9: 0%....50%....100% - 10 passes
==PROF== Profiling "constMatApplLoopKernel" - 10: 0%....50%....100% - 10 passes
==PROF== Profiling "constMatApplLoopKernel" - 11: 0%....50%....100% - 10 passes
==PROF== Profiling "constMatApplLoopKernel" - 12: 0%....50%....100% - 10 passes
==PROF== Profiling "constMatApplShTargetsKernel" - 13: 0%....50%....100% - 10 passes
==PROF== Profiling "constMatApplShTargetsKernel" - 14: 0%....50%....100% - 10 passes
==PROF== Profiling "naivePermutingSetKernel" - 15: 0%....50%....100% - 10 passes
==PROF== Profiling "matmulKernel_diagonal" - 16: 0%....50%....100% - 10 passes
==PROF== Profiling "constMatApplKernel_Relocate" - 17: 0%....50%....100% - 10 passes
==PROF== Profiling "naivePermutingSetKernel" - 18: 0%....50%....100% - 10 passes
==PROF== Profiling "matmulKernel_diagonal" - 19: 0%....50%....100% - 10 passes
==PROF== Profiling "constMatApplKernel_Relocate" - 20: 0%....50%....100% - 10 passes
==PROF== Profiling "blockwiseCumulativeSumKernel" - 21: 0%....50%....100% - 10 passes
==PROF== Profiling "intervalCumulativeSumKernel" - 22: 0%....50%....100% - 10 passes
==PROF== Profiling "applyPrevCumsumKernel" - 23: 0%....50%....100% - 10 passes
==PROF== Profiling "transformKernel" - 24: 0%....50%....100% - 10 passes
==PROF== Profiling "DeviceRadixSortHistogramKernel" - 25: 0%....50%....100% - 10 passes
==PROF== Profiling "DeviceRadixSortExclusiveSumKe..." - 26: 0%....50%....100% - 10 passes
==PROF== Profiling "DeviceRadixSortOnesweepKernel" - 27: 0%....50%....100% - 10 passes
==PROF== Profiling "DeviceRadixSortOnesweepKernel" - 28: 0%....50%....100% - 10 passes
==PROF== Profiling "DeviceRadixSortOnesweepKernel" - 29: 0%....50%....100% - 10 passes
==PROF== Profiling "DeviceRadixSortOnesweepKernel" - 30: 0%....50%....100% - 10 passes
==PROF== Profiling "DeviceRadixSortOnesweepKernel" - 31: 0%....50%....100% - 10 passes
==PROF== Profiling "DeviceRadixSortOnesweepKernel" - 32: 0%....50%....100% - 10 passes
==PROF== Profiling "DeviceRadixSortOnesweepKernel" - 33: 0%....50%....100% - 10 passes
==PROF== Profiling "DeviceRadixSortOnesweepKernel" - 34: 0%....50%....100% - 10 passes
==PROF== Profiling "sampleKernel" - 35: 0%....50%....100% - 10 passes
==PROF== Profiling "transformKernel" - 36: 0%....50%....100% - 10 passes
Measurement results for a=5 and N=21 with 10 qubits in the control register 
{ 0000000000:2550 0000011000:1 0000011010:1 0000011101:1 0001111000:1 0001111010:1 0010001010:1 0010001111:1 0010011000:1 0010011010:3 0010011011:1 0010011101:2 0010011110:1 0010100000:3 0010100001:2 0010100010:1 0010100011:4 0010100100:5 0010100101:4 0010100110:5 0010100111:22 0010101000:25 0010101001:60 0010101010:442 0010101011:1635 0010101100:120 0010101101:30 0010101110:15 0010101111:16 0010110000:7 0010110001:6 0010110010:2 0010110011:2 0010110100:2 0010110101:2 0010110110:1 0010111001:3 0010111010:1 0010111100:1 0011000001:1 0011000100:1 0011000111:1 0011001111:1 0011010000:1 0011011000:1 0011100101:1 0100001000:1 0100010100:1 0100101000:1 0100101100:1 0100110000:1 0100111000:1 0100111010:1 0100111111:2 0101000001:1 0101000011:2 0101000100:2 0101000110:1 0101001001:2 0101001010:3 0101001011:2 0101001100:3 0101001101:1 0101001110:7 0101001111:4 0101010000:9 0101010001:11 0101010010:10 0101010011:38 0101010100:98 0101010101:1683 0101010110:450 0101010111:70 0101011000:28 0101011001:11 0101011010:7 0101011011:3 0101011100:3 0101011101:5 0101011110:1 0101011111:2 0101100000:1 0101100001:2 0101100010:1 0101100100:1 0101100101:2 0101100110:1 0101101011:1 0101101110:1 0101110000:1 0101111110:1 0110000010:1 0110001001:1 0111001110:1 0111110100:1 1000000000:2492 1000010100:1 1001100110:1 1001101011:1 1001101110:1 1001110110:1 1001111100:1 1010000100:1 1010010000:1 1010010010:1 1010010011:1 1010010111:1 1010011000:2 1010011001:2 1010011011:2 1010011110:1 1010011111:2 1010100000:2 1010100001:2 1010100010:2 1010100011:3 1010100100:4 1010100101:5 1010100110:12 1010100111:21 1010101000:30 1010101001:73 1010101010:443 1010101011:1703 1010101100:107 1010101101:38 1010101110:12 1010101111:12 1010110000:3 1010110001:3 1010110010:1 1010110011:6 1010110100:1 1010110101:2 1010110110:2 1010110111:2 1010111000:1 1010111001:1 1010111010:2 1010111011:1 1010111100:1 1010111101:1 1011010100:1 1011100001:1 1011100100:1 1100010110:1 1100101001:1 1100110010:1 1100111000:1 1100111011:1 1100111111:1 1101000000:2 1101000001:1 1101000011:1 1101000100:1 1101000101:1 1101000110:1 1101000111:1 1101001001:2 1101001010:3 1101001011:1 1101001100:3 1101001101:4 1101001110:2 1101001111:3 1101010000:12 1101010001:17 1101010010:23 1101010011:43 1101010100:114 1101010101:1696 1101010110:435 1101010111:74 1101011000:18 1101011001:11 1101011010:7 1101011011:9 1101011100:4 1101011101:4 1101011111:1 1101100000:2 1101100001:4 1101100010:2 1101100011:2 1101100111:1 1101101000:2 1101101001:1 1101101100:1 1101110110:1 1101111001:1 1110100001:1 1111011110:1 }

A100
==PROF== Disconnected from process 2512186
==PROF== Report: /home/er4138/iw/my_report_2391841.ncu-rep
