WARNING: overwriting environment variables set in the machine
overwriting variable ['LD_LIBRARY_PATH']
==WARNING== Note: Running with unmodified GPU clocks. If not controlled otherwise, profiling results may be inconsistent.
==PROF== Connected to process 886676 (/usr/bin/nvidia-smi)
==PROF== Disconnected from process 886676
==PROF== Connected to process 886674 (/scratch/network/er4138/cudaq-env/bin/python3.11)
==PROF== Profiling "setZeroStateKernel" - 0: 0%
==WARNING== Backing up device memory in system memory. Kernel replay might be slow. Consider using "--replay-mode application" to avoid memory save-and-restore.
....50%....100% - 19 passes
==PROF== Profiling "constMatApplKernel_cc70_Reloc..." - 1: 0%....50%....100% - 19 passes
==PROF== Profiling "constMatApplKernel_cc70" - 2: 0%....50%....100% - 19 passes
==PROF== Profiling "constMatApplKernel_cc70" - 3: 0%....50%....100% - 19 passes
==PROF== Profiling "constMatApplKernel_cc70" - 4: 0%....50%....100% - 19 passes
==PROF== Profiling "constMatApplKernel_cc70" - 5: 0%....50%....100% - 19 passes
==PROF== Profiling "constMatApplKernel_cc70_Reloc..." - 6: 0%....50%....100% - 19 passes
==PROF== Profiling "constMatApplKernel_cc70" - 7: 0%....50%....100% - 19 passes
==PROF== Profiling "constMatApplKernel_cc70" - 8: 0%....50%....100% - 19 passes
==PROF== Profiling "constMatApplKernel_cc70" - 9: 0%....50%....100% - 19 passes
==PROF== Profiling "calculateAbs2SumIn10BitSegmen..." - 10: 0%....50%....100% - 19 passes
==PROF== Profiling "blockwiseCumulativeSumKernel" - 11: 0%....50%....100% - 19 passes
==PROF== Profiling "intervalCumulativeSumKernel" - 12: 0%....50%....100% - 19 passes
==PROF== Profiling "applyPrevCumsumKernel" - 13: 0%....50%....100% - 19 passes
==PROF== Profiling "transformKernel" - 14: 0%....50%....100% - 19 passes
==PROF== Profiling "DeviceRadixSortSingleTileKernel" - 15: 0%....50%....100% - 19 passes
==PROF== Profiling "samplingKernel" - 16: 0%....50%....100% - 19 passes
==PROF== Profiling "transformKernel" - 17: 0%....50%....100% - 19 passes
      ╭───╮╭───╮                                                            »
 q0 : ┤ h ├┤ h ├────────────────────────────────────────────────────────────»
      ├───┤╰───╯     ╭───╮                                                  »
 q1 : ┤ h ├───────●──┤ h ├──────────────────────────────────────────────────»
      ├───┤       │  ╰───╯╭───╮                                             »
 q2 : ┤ h ├───────┼────●──┤ h ├─────────────────────────────────────────────»
      ├───┤       │    │  ╰───╯╭───╮                                        »
 q3 : ┤ h ├───────┼────┼────●──┤ h ├────────────────────────────────────────»
      ├───┤       │    │    │  ├───┤                                        »
 q4 : ┤ h ├───────┼────┼────┼──┤ h ├────────────────────────────────────────»
      ├───┤       │    │    │  ├───┤                                        »
 q5 : ┤ h ├───────┼────┼────┼──┤ h ├────────────────────────────────────────»
      ├───┤       │    │    │  ╰───╯╭───╮                                   »
 q6 : ┤ h ├───────┼────┼────┼────●──┤ h ├───────────────────────────────────»
      ├───┤       │    │    │    │  ├───┤                                   »
 q7 : ┤ h ├───────┼────┼────┼────┼──┤ h ├───────────────────────────────────»
      ├───┤       │    │    │    │  ╰───╯╭───╮                              »
 q8 : ┤ h ├───────┼────┼────┼────┼────●──┤ h ├──────────────────────────────»
      ├───┤       │    │    │    │    │  ╰───╯╭───╮                         »
 q9 : ┤ h ├───────┼────┼────┼────┼────┼────●──┤ h ├─────────────────────────»
      ├───┤       │    │    │    │    │    │  ╰───╯╭───╮                    »
q10 : ┤ h ├───────┼────┼────┼────┼────┼────┼────●──┤ h ├────────────────────»
      ├───┤       │    │    │    │    │    │    │  ╰───╯╭───╮               »
q11 : ┤ h ├───────┼────┼────┼────┼────┼────┼────┼────●──┤ h ├───────────────»
      ├───┤       │    │    │    │    │    │    │    │  ╰───╯╭───╮          »
q12 : ┤ h ├───────┼────┼────┼────┼────┼────┼────┼────┼────●──┤ h ├──────────»
      ├───┤       │    │    │    │    │    │    │    │    │  ├───┤          »
q13 : ┤ h ├───────┼────┼────┼────┼────┼────┼────┼────┼────┼──┤ h ├──────────»
      ├───┤       │    │    │    │    │    │    │    │    │  ├───┤          »
q14 : ┤ h ├───────┼────┼────┼────┼────┼────┼────┼────┼────┼──┤ h ├──────────»
      ├───┤       │    │    │    │    │    │    │    │    │  ╰───╯╭───╮     »
q15 : ┤ h ├───────┼────┼────┼────┼────┼────┼────┼────┼────┼────●──┤ h ├─────»
      ├───┤       │    │    │    │    │    │    │    │    │    │  ├───┤     »
q16 : ┤ h ├───────┼────┼────┼────┼────┼────┼────┼────┼────┼────┼──┤ h ├─────»
      ├───┤       │    │    │    │    │    │    │    │    │    │  ╰───╯╭───╮»
q17 : ┤ h ├───────┼────┼────┼────┼────┼────┼────┼────┼────┼────┼────●──┤ h ├»
      ├───┤       │    │    │    │    │    │    │    │    │    │    │  ├───┤»
q18 : ┤ h ├───────┼────┼────┼────┼────┼────┼────┼────┼────┼────┼────┼──┤ h ├»
      ├───┤       │    │    │    │    │    │    │    │    │    │    │  ╰───╯»
q19 : ┤ h ├───────┼────┼────┼────┼────┼────┼────┼────┼────┼────┼────┼────●──»
      ├───┤       │    │    │    │    │    │    │    │    │    │    │    │  »
q20 : ┤ h ├───────┼────┼────┼────┼────┼────┼────┼────┼────┼────┼────┼────┼──»
      ├───┤       │    │    │    │    │    │    │    │    │    │    │    │  »
q21 : ┤ h ├───────┼────┼────┼────┼────┼────┼────┼────┼────┼────┼────┼────┼──»
      ├───┤       │    │    │    │    │    │    │    │    │    │    │    │  »
q22 : ┤ h ├───────┼────┼────┼────┼────┼────┼────┼────┼────┼────┼────┼────┼──»
      ├───┤       │    │    │    │    │    │    │    │    │    │    │    │  »
q23 : ┤ h ├───────┼────┼────┼────┼────┼────┼────┼────┼────┼────┼────┼────┼──»
      ├───┤       │    │    │    │    │    │    │    │    │    │    │    │  »
q24 : ┤ h ├───────┼────┼────┼────┼────┼────┼────┼────┼────┼────┼────┼────┼──»
      ├───┤       │    │    │    │    │    │    │    │    │    │    │    │  »
q25 : ┤ h ├───────┼────┼────┼────┼────┼────┼────┼────┼────┼────┼────┼────┼──»
      ├───┤       │    │    │    │    │    │    │    │    │    │    │    │  »
q26 : ┤ h ├───────┼────┼────┼────┼────┼────┼────┼────┼────┼────┼────┼────┼──»
      ├───┤       │    │    │    │    │    │    │    │    │    │    │    │  »
q27 : ┤ h ├───────┼────┼────┼────┼────┼────┼────┼────┼────┼────┼────┼────┼──»
      ├───┤       │    │    │    │    │    │    │    │    │    │    │    │  »
q28 : ┤ h ├───────┼────┼────┼────┼────┼────┼────┼────┼────┼────┼────┼────┼──»
      ├───┤       │    │    │    │    │    │    │    │    │    │    │    │  »
q29 : ┤ h ├───────┼────┼────┼────┼────┼────┼────┼────┼────┼────┼────┼────┼──»
      ├───┤╭───╮╭─┴─╮╭─┴─╮╭─┴─╮╭─┴─╮╭─┴─╮╭─┴─╮╭─┴─╮╭─┴─╮╭─┴─╮╭─┴─╮╭─┴─╮╭─┴─╮»
q30 : ┤ x ├┤ h ├┤ x ├┤ x ├┤ x ├┤ x ├┤ x ├┤ x ├┤ x ├┤ x ├┤ x ├┤ x ├┤ x ├┤ x ├»
      ╰───╯╰───╯╰───╯╰───╯╰───╯╰───╯╰───╯╰───╯╰───╯╰───╯╰───╯╰───╯╰───╯╰───╯»

################################################################################

                                   
───────────────────────────────────
                                   
───────────────────────────────────
                                   
───────────────────────────────────
                                   
───────────────────────────────────
                                   
───────────────────────────────────
                                   
───────────────────────────────────
                                   
───────────────────────────────────
                                   
───────────────────────────────────
                                   
───────────────────────────────────
                                   
───────────────────────────────────
                                   
───────────────────────────────────
                                   
───────────────────────────────────
                                   
───────────────────────────────────
                                   
───────────────────────────────────
                                   
───────────────────────────────────
                                   
───────────────────────────────────
                                   
───────────────────────────────────
                                   
───────────────────────────────────
                                   
───────────────────────────────────
╭───╮                              
┤ h ├──────────────────────────────
├───┤                              
┤ h ├──────────────────────────────
├───┤                              
┤ h ├──────────────────────────────
╰───╯╭───╮                         
──●──┤ h ├─────────────────────────
  │  ╰───╯╭───╮                    
──┼────●──┤ h ├────────────────────
  │    │  ╰───╯╭───╮               
──┼────┼────●──┤ h ├───────────────
  │    │    │  ├───┤               
──┼────┼────┼──┤ h ├───────────────
  │    │    │  ├───┤               
──┼────┼────┼──┤ h ├───────────────
  │    │    │  ╰───╯╭───╮          
──┼────┼────┼────●──┤ h ├──────────
  │    │    │    │  ╰───╯╭───╮     
──┼────┼────┼────┼────●──┤ h ├─────
  │    │    │    │    │  ╰───╯╭───╮
──┼────┼────┼────┼────┼────●──┤ h ├
╭─┴─╮╭─┴─╮╭─┴─╮╭─┴─╮╭─┴─╮╭─┴─╮╰───╯
┤ x ├┤ x ├┤ x ├┤ x ├┤ x ├┤ x ├─────
╰───╯╰───╯╰───╯╰───╯╰───╯╰───╯     

secret bitstring = [0, 1, 1, 1, 0, 0, 1, 0, 1, 1, 1, 1, 1, 0, 0, 1, 0, 1, 0, 1, 0, 0, 1, 1, 1, 0, 0, 1, 1, 1]
measured state = 011100101111100101010011100111
Were we successful? True
==PROF== Disconnected from process 886674
==PROF== Report: /home/er4138/iw/my_report_2391809.ncu-rep
