WARNING: overwriting environment variables set in the machine
overwriting variable ['LD_LIBRARY_PATH']
      ╭───╮          ╭───╮                         
 q0 : ┤ h ├───────●──┤ h ├─────────────────────────
      ├───┤       │  ╰───╯╭───╮                    
 q1 : ┤ h ├───────┼────●──┤ h ├────────────────────
      ├───┤       │    │  ├───┤                    
 q2 : ┤ h ├───────┼────┼──┤ h ├────────────────────
      ├───┤       │    │  ├───┤                    
 q3 : ┤ h ├───────┼────┼──┤ h ├────────────────────
      ├───┤       │    │  ╰───╯╭───╮               
 q4 : ┤ h ├───────┼────┼────●──┤ h ├───────────────
      ├───┤       │    │    │  ├───┤               
 q5 : ┤ h ├───────┼────┼────┼──┤ h ├───────────────
      ├───┤       │    │    │  ├───┤               
 q6 : ┤ h ├───────┼────┼────┼──┤ h ├───────────────
      ├───┤       │    │    │  ├───┤               
 q7 : ┤ h ├───────┼────┼────┼──┤ h ├───────────────
      ├───┤       │    │    │  ╰───╯╭───╮          
 q8 : ┤ h ├───────┼────┼────┼────●──┤ h ├──────────
      ├───┤       │    │    │    │  ╰───╯╭───╮     
 q9 : ┤ h ├───────┼────┼────┼────┼────●──┤ h ├─────
      ├───┤       │    │    │    │    │  ├───┤     
q10 : ┤ h ├───────┼────┼────┼────┼────┼──┤ h ├─────
      ├───┤       │    │    │    │    │  ├───┤     
q11 : ┤ h ├───────┼────┼────┼────┼────┼──┤ h ├─────
      ├───┤       │    │    │    │    │  ╰───╯╭───╮
q12 : ┤ h ├───────┼────┼────┼────┼────┼────●──┤ h ├
      ├───┤       │    │    │    │    │    │  ├───┤
q13 : ┤ h ├───────┼────┼────┼────┼────┼────┼──┤ h ├
      ├───┤╭───╮╭─┴─╮╭─┴─╮╭─┴─╮╭─┴─╮╭─┴─╮╭─┴─╮╰───╯
q14 : ┤ x ├┤ h ├┤ x ├┤ x ├┤ x ├┤ x ├┤ x ├┤ x ├─────
      ╰───╯╰───╯╰───╯╰───╯╰───╯╰───╯╰───╯╰───╯     

secret bitstring = [1, 1, 0, 0, 1, 0, 0, 0, 1, 1, 0, 0, 1, 0]
measured state = 11001000110010
Were we successful? True
	Command being timed: "python3 bernstein-vazirani.py 14"
	User time (seconds): 0.80
	System time (seconds): 0.87
	Percent of CPU this job got: 57%
	Elapsed (wall clock) time (h:mm:ss or m:ss): 0:02.90
	Average shared text size (kbytes): 0
	Average unshared data size (kbytes): 0
	Average stack size (kbytes): 0
	Average total size (kbytes): 0
	Maximum resident set size (kbytes): 581196
	Average resident set size (kbytes): 0
	Major (requiring I/O) page faults: 319
	Minor (reclaiming a frame) page faults: 66432
	Voluntary context switches: 4418
	Involuntary context switches: 18
	Swaps: 0
	File system inputs: 0
	File system outputs: 16
	Socket messages sent: 0
	Socket messages received: 0
	Signals delivered: 0
	Page size (bytes): 4096
	Exit status: 0
      ╭───╮          ╭───╮                                   
 q0 : ┤ h ├───────●──┤ h ├───────────────────────────────────
      ├───┤       │  ╰───╯╭───╮                              
 q1 : ┤ h ├───────┼────●──┤ h ├──────────────────────────────
      ├───┤       │    │  ├───┤                              
 q2 : ┤ h ├───────┼────┼──┤ h ├──────────────────────────────
      ├───┤       │    │  ├───┤                              
 q3 : ┤ h ├───────┼────┼──┤ h ├──────────────────────────────
      ├───┤       │    │  ╰───╯╭───╮                         
 q4 : ┤ h ├───────┼────┼────●──┤ h ├─────────────────────────
      ├───┤       │    │    │  ╰───╯╭───╮                    
 q5 : ┤ h ├───────┼────┼────┼────●──┤ h ├────────────────────
      ├───┤       │    │    │    │  ├───┤                    
 q6 : ┤ h ├───────┼────┼────┼────┼──┤ h ├────────────────────
      ├───┤       │    │    │    │  ├───┤                    
 q7 : ┤ h ├───────┼────┼────┼────┼──┤ h ├────────────────────
      ├───┤       │    │    │    │  ╰───╯╭───╮               
 q8 : ┤ h ├───────┼────┼────┼────┼────●──┤ h ├───────────────
      ├───┤       │    │    │    │    │  ╰───╯╭───╮          
 q9 : ┤ h ├───────┼────┼────┼────┼────┼────●──┤ h ├──────────
      ├───┤       │    │    │    │    │    │  ╰───╯╭───╮     
q10 : ┤ h ├───────┼────┼────┼────┼────┼────┼────●──┤ h ├─────
      ├───┤       │    │    │    │    │    │    │  ├───┤     
q11 : ┤ h ├───────┼────┼────┼────┼────┼────┼────┼──┤ h ├─────
      ├───┤       │    │    │    │    │    │    │  ╰───╯╭───╮
q12 : ┤ h ├───────┼────┼────┼────┼────┼────┼────┼────●──┤ h ├
      ├───┤       │    │    │    │    │    │    │    │  ├───┤
q13 : ┤ h ├───────┼────┼────┼────┼────┼────┼────┼────┼──┤ h ├
      ├───┤╭───╮╭─┴─╮╭─┴─╮╭─┴─╮╭─┴─╮╭─┴─╮╭─┴─╮╭─┴─╮╭─┴─╮╰───╯
q14 : ┤ x ├┤ h ├┤ x ├┤ x ├┤ x ├┤ x ├┤ x ├┤ x ├┤ x ├┤ x ├─────
      ╰───╯╰───╯╰───╯╰───╯╰───╯╰───╯╰───╯╰───╯╰───╯╰───╯     

secret bitstring = [1, 1, 0, 0, 1, 1, 0, 0, 1, 1, 1, 0, 1, 0]
measured state = 11001100111010
Were we successful? True
	Command being timed: "python3 bernstein-vazirani.py 14"
	User time (seconds): 0.79
	System time (seconds): 0.83
	Percent of CPU this job got: 69%
	Elapsed (wall clock) time (h:mm:ss or m:ss): 0:02.33
	Average shared text size (kbytes): 0
	Average unshared data size (kbytes): 0
	Average stack size (kbytes): 0
	Average total size (kbytes): 0
	Maximum resident set size (kbytes): 588188
	Average resident set size (kbytes): 0
	Major (requiring I/O) page faults: 0
	Minor (reclaiming a frame) page faults: 66175
	Voluntary context switches: 2168
	Involuntary context switches: 24
	Swaps: 0
	File system inputs: 0
	File system outputs: 24
	Socket messages sent: 0
	Socket messages received: 0
	Signals delivered: 0
	Page size (bytes): 4096
	Exit status: 0
      ╭───╮╭───╮                                             
 q0 : ┤ h ├┤ h ├─────────────────────────────────────────────
      ├───┤╰───╯     ╭───╮                                   
 q1 : ┤ h ├───────●──┤ h ├───────────────────────────────────
      ├───┤       │  ├───┤                                   
 q2 : ┤ h ├───────┼──┤ h ├───────────────────────────────────
      ├───┤       │  ╰───╯╭───╮                              
 q3 : ┤ h ├───────┼────●──┤ h ├──────────────────────────────
      ├───┤       │    │  ╰───╯╭───╮                         
 q4 : ┤ h ├───────┼────┼────●──┤ h ├─────────────────────────
      ├───┤       │    │    │  ├───┤                         
 q5 : ┤ h ├───────┼────┼────┼──┤ h ├─────────────────────────
      ├───┤       │    │    │  ╰───╯╭───╮                    
 q6 : ┤ h ├───────┼────┼────┼────●──┤ h ├────────────────────
      ├───┤       │    │    │    │  ├───┤                    
 q7 : ┤ h ├───────┼────┼────┼────┼──┤ h ├────────────────────
      ├───┤       │    │    │    │  ╰───╯╭───╮               
 q8 : ┤ h ├───────┼────┼────┼────┼────●──┤ h ├───────────────
      ├───┤       │    │    │    │    │  ╰───╯╭───╮          
 q9 : ┤ h ├───────┼────┼────┼────┼────┼────●──┤ h ├──────────
      ├───┤       │    │    │    │    │    │  ├───┤          
q10 : ┤ h ├───────┼────┼────┼────┼────┼────┼──┤ h ├──────────
      ├───┤       │    │    │    │    │    │  ╰───╯╭───╮     
q11 : ┤ h ├───────┼────┼────┼────┼────┼────┼────●──┤ h ├─────
      ├───┤       │    │    │    │    │    │    │  ├───┤     
q12 : ┤ h ├───────┼────┼────┼────┼────┼────┼────┼──┤ h ├─────
      ├───┤       │    │    │    │    │    │    │  ╰───╯╭───╮
q13 : ┤ h ├───────┼────┼────┼────┼────┼────┼────┼────●──┤ h ├
      ├───┤╭───╮╭─┴─╮╭─┴─╮╭─┴─╮╭─┴─╮╭─┴─╮╭─┴─╮╭─┴─╮╭─┴─╮╰───╯
q14 : ┤ x ├┤ h ├┤ x ├┤ x ├┤ x ├┤ x ├┤ x ├┤ x ├┤ x ├┤ x ├─────
      ╰───╯╰───╯╰───╯╰───╯╰───╯╰───╯╰───╯╰───╯╰───╯╰───╯     

secret bitstring = [0, 1, 0, 1, 1, 0, 1, 0, 1, 1, 0, 1, 0, 1]
measured state = 01011010110101
Were we successful? True
	Command being timed: "python3 bernstein-vazirani.py 14"
	User time (seconds): 0.78
	System time (seconds): 0.81
	Percent of CPU this job got: 71%
	Elapsed (wall clock) time (h:mm:ss or m:ss): 0:02.22
	Average shared text size (kbytes): 0
	Average unshared data size (kbytes): 0
	Average stack size (kbytes): 0
	Average total size (kbytes): 0
	Maximum resident set size (kbytes): 589720
	Average resident set size (kbytes): 0
	Major (requiring I/O) page faults: 0
	Minor (reclaiming a frame) page faults: 65280
	Voluntary context switches: 2149
	Involuntary context switches: 24
	Swaps: 0
	File system inputs: 0
	File system outputs: 24
	Socket messages sent: 0
	Socket messages received: 0
	Signals delivered: 0
	Page size (bytes): 4096
	Exit status: 0
      ╭───╮          ╭───╮                         
 q0 : ┤ h ├───────●──┤ h ├─────────────────────────
      ├───┤       │  ╰───╯╭───╮                    
 q1 : ┤ h ├───────┼────●──┤ h ├────────────────────
      ├───┤       │    │  ├───┤                    
 q2 : ┤ h ├───────┼────┼──┤ h ├────────────────────
      ├───┤       │    │  ╰───╯╭───╮               
 q3 : ┤ h ├───────┼────┼────●──┤ h ├───────────────
      ├───┤       │    │    │  ├───┤               
 q4 : ┤ h ├───────┼────┼────┼──┤ h ├───────────────
      ├───┤       │    │    │  ├───┤               
 q5 : ┤ h ├───────┼────┼────┼──┤ h ├───────────────
      ├───┤       │    │    │  ╰───╯╭───╮          
 q6 : ┤ h ├───────┼────┼────┼────●──┤ h ├──────────
      ├───┤       │    │    │    │  ├───┤          
 q7 : ┤ h ├───────┼────┼────┼────┼──┤ h ├──────────
      ├───┤       │    │    │    │  ╰───╯╭───╮     
 q8 : ┤ h ├───────┼────┼────┼────┼────●──┤ h ├─────
      ├───┤       │    │    │    │    │  ├───┤     
 q9 : ┤ h ├───────┼────┼────┼────┼────┼──┤ h ├─────
      ├───┤       │    │    │    │    │  ╰───╯╭───╮
q10 : ┤ h ├───────┼────┼────┼────┼────┼────●──┤ h ├
      ├───┤       │    │    │    │    │    │  ├───┤
q11 : ┤ h ├───────┼────┼────┼────┼────┼────┼──┤ h ├
      ├───┤       │    │    │    │    │    │  ├───┤
q12 : ┤ h ├───────┼────┼────┼────┼────┼────┼──┤ h ├
      ├───┤       │    │    │    │    │    │  ├───┤
q13 : ┤ h ├───────┼────┼────┼────┼────┼────┼──┤ h ├
      ├───┤╭───╮╭─┴─╮╭─┴─╮╭─┴─╮╭─┴─╮╭─┴─╮╭─┴─╮╰───╯
q14 : ┤ x ├┤ h ├┤ x ├┤ x ├┤ x ├┤ x ├┤ x ├┤ x ├─────
      ╰───╯╰───╯╰───╯╰───╯╰───╯╰───╯╰───╯╰───╯     

secret bitstring = [1, 1, 0, 1, 0, 0, 1, 0, 1, 0, 1, 0, 0, 0]
measured state = 11010010101000
Were we successful? True
	Command being timed: "python3 bernstein-vazirani.py 14"
	User time (seconds): 0.76
	System time (seconds): 0.76
	Percent of CPU this job got: 62%
	Elapsed (wall clock) time (h:mm:ss or m:ss): 0:02.43
	Average shared text size (kbytes): 0
	Average unshared data size (kbytes): 0
	Average stack size (kbytes): 0
	Average total size (kbytes): 0
	Maximum resident set size (kbytes): 586224
	Average resident set size (kbytes): 0
	Major (requiring I/O) page faults: 0
	Minor (reclaiming a frame) page faults: 58333
	Voluntary context switches: 2206
	Involuntary context switches: 19
	Swaps: 0
	File system inputs: 0
	File system outputs: 24
	Socket messages sent: 0
	Socket messages received: 0
	Signals delivered: 0
	Page size (bytes): 4096
	Exit status: 0
      ╭───╮          ╭───╮                                   
 q0 : ┤ h ├───────●──┤ h ├───────────────────────────────────
      ├───┤       │  ├───┤                                   
 q1 : ┤ h ├───────┼──┤ h ├───────────────────────────────────
      ├───┤       │  ├───┤                                   
 q2 : ┤ h ├───────┼──┤ h ├───────────────────────────────────
      ├───┤       │  ╰───╯╭───╮                              
 q3 : ┤ h ├───────┼────●──┤ h ├──────────────────────────────
      ├───┤       │    │  ╰───╯╭───╮                         
 q4 : ┤ h ├───────┼────┼────●──┤ h ├─────────────────────────
      ├───┤       │    │    │  ├───┤                         
 q5 : ┤ h ├───────┼────┼────┼──┤ h ├─────────────────────────
      ├───┤       │    │    │  ├───┤                         
 q6 : ┤ h ├───────┼────┼────┼──┤ h ├─────────────────────────
      ├───┤       │    │    │  ├───┤                         
 q7 : ┤ h ├───────┼────┼────┼──┤ h ├─────────────────────────
      ├───┤       │    │    │  ├───┤                         
 q8 : ┤ h ├───────┼────┼────┼──┤ h ├─────────────────────────
      ├───┤       │    │    │  ╰───╯╭───╮                    
 q9 : ┤ h ├───────┼────┼────┼────●──┤ h ├────────────────────
      ├───┤       │    │    │    │  ╰───╯╭───╮               
q10 : ┤ h ├───────┼────┼────┼────┼────●──┤ h ├───────────────
      ├───┤       │    │    │    │    │  ╰───╯╭───╮          
q11 : ┤ h ├───────┼────┼────┼────┼────┼────●──┤ h ├──────────
      ├───┤       │    │    │    │    │    │  ╰───╯╭───╮     
q12 : ┤ h ├───────┼────┼────┼────┼────┼────┼────●──┤ h ├─────
      ├───┤       │    │    │    │    │    │    │  ╰───╯╭───╮
q13 : ┤ h ├───────┼────┼────┼────┼────┼────┼────┼────●──┤ h ├
      ├───┤╭───╮╭─┴─╮╭─┴─╮╭─┴─╮╭─┴─╮╭─┴─╮╭─┴─╮╭─┴─╮╭─┴─╮╰───╯
q14 : ┤ x ├┤ h ├┤ x ├┤ x ├┤ x ├┤ x ├┤ x ├┤ x ├┤ x ├┤ x ├─────
      ╰───╯╰───╯╰───╯╰───╯╰───╯╰───╯╰───╯╰───╯╰───╯╰───╯     

secret bitstring = [1, 0, 0, 1, 1, 0, 0, 0, 0, 1, 1, 1, 1, 1]
measured state = 10011000011111
Were we successful? True
	Command being timed: "python3 bernstein-vazirani.py 14"
	User time (seconds): 0.78
	System time (seconds): 0.80
	Percent of CPU this job got: 65%
	Elapsed (wall clock) time (h:mm:ss or m:ss): 0:02.42
	Average shared text size (kbytes): 0
	Average unshared data size (kbytes): 0
	Average stack size (kbytes): 0
	Average total size (kbytes): 0
	Maximum resident set size (kbytes): 586600
	Average resident set size (kbytes): 0
	Major (requiring I/O) page faults: 0
	Minor (reclaiming a frame) page faults: 66588
	Voluntary context switches: 2331
	Involuntary context switches: 21
	Swaps: 0
	File system inputs: 0
	File system outputs: 24
	Socket messages sent: 0
	Socket messages received: 0
	Signals delivered: 0
	Page size (bytes): 4096
	Exit status: 0
      ╭───╮          ╭───╮                              
 q0 : ┤ h ├───────●──┤ h ├──────────────────────────────
      ├───┤       │  ╰───╯╭───╮                         
 q1 : ┤ h ├───────┼────●──┤ h ├─────────────────────────
      ├───┤       │    │  ╰───╯╭───╮                    
 q2 : ┤ h ├───────┼────┼────●──┤ h ├────────────────────
      ├───┤       │    │    │  ├───┤                    
 q3 : ┤ h ├───────┼────┼────┼──┤ h ├────────────────────
      ├───┤       │    │    │  ├───┤                    
 q4 : ┤ h ├───────┼────┼────┼──┤ h ├────────────────────
      ├───┤       │    │    │  ╰───╯╭───╮               
 q5 : ┤ h ├───────┼────┼────┼────●──┤ h ├───────────────
      ├───┤       │    │    │    │  ╰───╯╭───╮          
 q6 : ┤ h ├───────┼────┼────┼────┼────●──┤ h ├──────────
      ├───┤       │    │    │    │    │  ├───┤          
 q7 : ┤ h ├───────┼────┼────┼────┼────┼──┤ h ├──────────
      ├───┤       │    │    │    │    │  ├───┤          
 q8 : ┤ h ├───────┼────┼────┼────┼────┼──┤ h ├──────────
      ├───┤       │    │    │    │    │  ╰───╯╭───╮     
 q9 : ┤ h ├───────┼────┼────┼────┼────┼────●──┤ h ├─────
      ├───┤       │    │    │    │    │    │  ├───┤     
q10 : ┤ h ├───────┼────┼────┼────┼────┼────┼──┤ h ├─────
      ├───┤       │    │    │    │    │    │  ╰───╯╭───╮
q11 : ┤ h ├───────┼────┼────┼────┼────┼────┼────●──┤ h ├
      ├───┤       │    │    │    │    │    │    │  ├───┤
q12 : ┤ h ├───────┼────┼────┼────┼────┼────┼────┼──┤ h ├
      ├───┤       │    │    │    │    │    │    │  ├───┤
q13 : ┤ h ├───────┼────┼────┼────┼────┼────┼────┼──┤ h ├
      ├───┤╭───╮╭─┴─╮╭─┴─╮╭─┴─╮╭─┴─╮╭─┴─╮╭─┴─╮╭─┴─╮╰───╯
q14 : ┤ x ├┤ h ├┤ x ├┤ x ├┤ x ├┤ x ├┤ x ├┤ x ├┤ x ├─────
      ╰───╯╰───╯╰───╯╰───╯╰───╯╰───╯╰───╯╰───╯╰───╯     

secret bitstring = [1, 1, 1, 0, 0, 1, 1, 0, 0, 1, 0, 1, 0, 0]
measured state = 11100110010100
Were we successful? True
	Command being timed: "python3 bernstein-vazirani.py 14"
	User time (seconds): 0.79
	System time (seconds): 0.77
	Percent of CPU this job got: 68%
	Elapsed (wall clock) time (h:mm:ss or m:ss): 0:02.30
	Average shared text size (kbytes): 0
	Average unshared data size (kbytes): 0
	Average stack size (kbytes): 0
	Average total size (kbytes): 0
	Maximum resident set size (kbytes): 588372
	Average resident set size (kbytes): 0
	Major (requiring I/O) page faults: 0
	Minor (reclaiming a frame) page faults: 65832
	Voluntary context switches: 2243
	Involuntary context switches: 22
	Swaps: 0
	File system inputs: 0
	File system outputs: 24
	Socket messages sent: 0
	Socket messages received: 0
	Signals delivered: 0
	Page size (bytes): 4096
	Exit status: 0
      ╭───╮          ╭───╮                                        
 q0 : ┤ h ├───────●──┤ h ├────────────────────────────────────────
      ├───┤       │  ╰───╯╭───╮                                   
 q1 : ┤ h ├───────┼────●──┤ h ├───────────────────────────────────
      ├───┤       │    │  ╰───╯╭───╮                              
 q2 : ┤ h ├───────┼────┼────●──┤ h ├──────────────────────────────
      ├───┤       │    │    │  ╰───╯╭───╮                         
 q3 : ┤ h ├───────┼────┼────┼────●──┤ h ├─────────────────────────
      ├───┤       │    │    │    │  ╰───╯╭───╮                    
 q4 : ┤ h ├───────┼────┼────┼────┼────●──┤ h ├────────────────────
      ├───┤       │    │    │    │    │  ╰───╯╭───╮               
 q5 : ┤ h ├───────┼────┼────┼────┼────┼────●──┤ h ├───────────────
      ├───┤       │    │    │    │    │    │  ╰───╯╭───╮          
 q6 : ┤ h ├───────┼────┼────┼────┼────┼────┼────●──┤ h ├──────────
      ├───┤       │    │    │    │    │    │    │  ├───┤          
 q7 : ┤ h ├───────┼────┼────┼────┼────┼────┼────┼──┤ h ├──────────
      ├───┤       │    │    │    │    │    │    │  ╰───╯╭───╮     
 q8 : ┤ h ├───────┼────┼────┼────┼────┼────┼────┼────●──┤ h ├─────
      ├───┤       │    │    │    │    │    │    │    │  ╰───╯╭───╮
 q9 : ┤ h ├───────┼────┼────┼────┼────┼────┼────┼────┼────●──┤ h ├
      ├───┤       │    │    │    │    │    │    │    │    │  ├───┤
q10 : ┤ h ├───────┼────┼────┼────┼────┼────┼────┼────┼────┼──┤ h ├
      ├───┤       │    │    │    │    │    │    │    │    │  ├───┤
q11 : ┤ h ├───────┼────┼────┼────┼────┼────┼────┼────┼────┼──┤ h ├
      ├───┤       │    │    │    │    │    │    │    │    │  ├───┤
q12 : ┤ h ├───────┼────┼────┼────┼────┼────┼────┼────┼────┼──┤ h ├
      ├───┤       │    │    │    │    │    │    │    │    │  ├───┤
q13 : ┤ h ├───────┼────┼────┼────┼────┼────┼────┼────┼────┼──┤ h ├
      ├───┤╭───╮╭─┴─╮╭─┴─╮╭─┴─╮╭─┴─╮╭─┴─╮╭─┴─╮╭─┴─╮╭─┴─╮╭─┴─╮╰───╯
q14 : ┤ x ├┤ h ├┤ x ├┤ x ├┤ x ├┤ x ├┤ x ├┤ x ├┤ x ├┤ x ├┤ x ├─────
      ╰───╯╰───╯╰───╯╰───╯╰───╯╰───╯╰───╯╰───╯╰───╯╰───╯╰───╯     

secret bitstring = [1, 1, 1, 1, 1, 1, 1, 0, 1, 1, 0, 0, 0, 0]
measured state = 11111110110000
Were we successful? True
	Command being timed: "python3 bernstein-vazirani.py 14"
	User time (seconds): 0.76
	System time (seconds): 0.79
	Percent of CPU this job got: 70%
	Elapsed (wall clock) time (h:mm:ss or m:ss): 0:02.20
	Average shared text size (kbytes): 0
	Average unshared data size (kbytes): 0
	Average stack size (kbytes): 0
	Average total size (kbytes): 0
	Maximum resident set size (kbytes): 589620
	Average resident set size (kbytes): 0
	Major (requiring I/O) page faults: 0
	Minor (reclaiming a frame) page faults: 61458
	Voluntary context switches: 2135
	Involuntary context switches: 20
	Swaps: 0
	File system inputs: 0
	File system outputs: 24
	Socket messages sent: 0
	Socket messages received: 0
	Signals delivered: 0
	Page size (bytes): 4096
	Exit status: 0
      ╭───╮╭───╮                                                  
 q0 : ┤ h ├┤ h ├──────────────────────────────────────────────────
      ├───┤╰───╯     ╭───╮                                        
 q1 : ┤ h ├───────●──┤ h ├────────────────────────────────────────
      ├───┤       │  ├───┤                                        
 q2 : ┤ h ├───────┼──┤ h ├────────────────────────────────────────
      ├───┤       │  ╰───╯╭───╮                                   
 q3 : ┤ h ├───────┼────●──┤ h ├───────────────────────────────────
      ├───┤       │    │  ╰───╯╭───╮                              
 q4 : ┤ h ├───────┼────┼────●──┤ h ├──────────────────────────────
      ├───┤       │    │    │  ╰───╯╭───╮                         
 q5 : ┤ h ├───────┼────┼────┼────●──┤ h ├─────────────────────────
      ├───┤       │    │    │    │  ╰───╯╭───╮                    
 q6 : ┤ h ├───────┼────┼────┼────┼────●──┤ h ├────────────────────
      ├───┤       │    │    │    │    │  ╰───╯╭───╮               
 q7 : ┤ h ├───────┼────┼────┼────┼────┼────●──┤ h ├───────────────
      ├───┤       │    │    │    │    │    │  ╰───╯╭───╮          
 q8 : ┤ h ├───────┼────┼────┼────┼────┼────┼────●──┤ h ├──────────
      ├───┤       │    │    │    │    │    │    │  ├───┤          
 q9 : ┤ h ├───────┼────┼────┼────┼────┼────┼────┼──┤ h ├──────────
      ├───┤       │    │    │    │    │    │    │  ├───┤          
q10 : ┤ h ├───────┼────┼────┼────┼────┼────┼────┼──┤ h ├──────────
      ├───┤       │    │    │    │    │    │    │  ├───┤          
q11 : ┤ h ├───────┼────┼────┼────┼────┼────┼────┼──┤ h ├──────────
      ├───┤       │    │    │    │    │    │    │  ╰───╯╭───╮     
q12 : ┤ h ├───────┼────┼────┼────┼────┼────┼────┼────●──┤ h ├─────
      ├───┤       │    │    │    │    │    │    │    │  ╰───╯╭───╮
q13 : ┤ h ├───────┼────┼────┼────┼────┼────┼────┼────┼────●──┤ h ├
      ├───┤╭───╮╭─┴─╮╭─┴─╮╭─┴─╮╭─┴─╮╭─┴─╮╭─┴─╮╭─┴─╮╭─┴─╮╭─┴─╮╰───╯
q14 : ┤ x ├┤ h ├┤ x ├┤ x ├┤ x ├┤ x ├┤ x ├┤ x ├┤ x ├┤ x ├┤ x ├─────
      ╰───╯╰───╯╰───╯╰───╯╰───╯╰───╯╰───╯╰───╯╰───╯╰───╯╰───╯     

secret bitstring = [0, 1, 0, 1, 1, 1, 1, 1, 1, 0, 0, 0, 1, 1]
measured state = 01011111100011
Were we successful? True
	Command being timed: "python3 bernstein-vazirani.py 14"
	User time (seconds): 0.79
	System time (seconds): 0.76
	Percent of CPU this job got: 71%
	Elapsed (wall clock) time (h:mm:ss or m:ss): 0:02.16
	Average shared text size (kbytes): 0
	Average unshared data size (kbytes): 0
	Average stack size (kbytes): 0
	Average total size (kbytes): 0
	Maximum resident set size (kbytes): 588172
	Average resident set size (kbytes): 0
	Major (requiring I/O) page faults: 0
	Minor (reclaiming a frame) page faults: 65004
	Voluntary context switches: 2146
	Involuntary context switches: 20
	Swaps: 0
	File system inputs: 0
	File system outputs: 24
	Socket messages sent: 0
	Socket messages received: 0
	Signals delivered: 0
	Page size (bytes): 4096
	Exit status: 0
      ╭───╮          ╭───╮                                   
 q0 : ┤ h ├───────●──┤ h ├───────────────────────────────────
      ├───┤       │  ╰───╯╭───╮                              
 q1 : ┤ h ├───────┼────●──┤ h ├──────────────────────────────
      ├───┤       │    │  ╰───╯╭───╮                         
 q2 : ┤ h ├───────┼────┼────●──┤ h ├─────────────────────────
      ├───┤       │    │    │  ├───┤                         
 q3 : ┤ h ├───────┼────┼────┼──┤ h ├─────────────────────────
      ├───┤       │    │    │  ├───┤                         
 q4 : ┤ h ├───────┼────┼────┼──┤ h ├─────────────────────────
      ├───┤       │    │    │  ╰───╯╭───╮                    
 q5 : ┤ h ├───────┼────┼────┼────●──┤ h ├────────────────────
      ├───┤       │    │    │    │  ╰───╯╭───╮               
 q6 : ┤ h ├───────┼────┼────┼────┼────●──┤ h ├───────────────
      ├───┤       │    │    │    │    │  ├───┤               
 q7 : ┤ h ├───────┼────┼────┼────┼────┼──┤ h ├───────────────
      ├───┤       │    │    │    │    │  ╰───╯╭───╮          
 q8 : ┤ h ├───────┼────┼────┼────┼────┼────●──┤ h ├──────────
      ├───┤       │    │    │    │    │    │  ├───┤          
 q9 : ┤ h ├───────┼────┼────┼────┼────┼────┼──┤ h ├──────────
      ├───┤       │    │    │    │    │    │  ╰───╯╭───╮     
q10 : ┤ h ├───────┼────┼────┼────┼────┼────┼────●──┤ h ├─────
      ├───┤       │    │    │    │    │    │    │  ├───┤     
q11 : ┤ h ├───────┼────┼────┼────┼────┼────┼────┼──┤ h ├─────
      ├───┤       │    │    │    │    │    │    │  ├───┤     
q12 : ┤ h ├───────┼────┼────┼────┼────┼────┼────┼──┤ h ├─────
      ├───┤       │    │    │    │    │    │    │  ╰───╯╭───╮
q13 : ┤ h ├───────┼────┼────┼────┼────┼────┼────┼────●──┤ h ├
      ├───┤╭───╮╭─┴─╮╭─┴─╮╭─┴─╮╭─┴─╮╭─┴─╮╭─┴─╮╭─┴─╮╭─┴─╮╰───╯
q14 : ┤ x ├┤ h ├┤ x ├┤ x ├┤ x ├┤ x ├┤ x ├┤ x ├┤ x ├┤ x ├─────
      ╰───╯╰───╯╰───╯╰───╯╰───╯╰───╯╰───╯╰───╯╰───╯╰───╯     

secret bitstring = [1, 1, 1, 0, 0, 1, 1, 0, 1, 0, 1, 0, 0, 1]
measured state = 11100110101001
Were we successful? True
	Command being timed: "python3 bernstein-vazirani.py 14"
	User time (seconds): 0.78
	System time (seconds): 0.78
	Percent of CPU this job got: 74%
	Elapsed (wall clock) time (h:mm:ss or m:ss): 0:02.10
	Average shared text size (kbytes): 0
	Average unshared data size (kbytes): 0
	Average stack size (kbytes): 0
	Average total size (kbytes): 0
	Maximum resident set size (kbytes): 587564
	Average resident set size (kbytes): 0
	Major (requiring I/O) page faults: 0
	Minor (reclaiming a frame) page faults: 59726
	Voluntary context switches: 2178
	Involuntary context switches: 19
	Swaps: 0
	File system inputs: 0
	File system outputs: 24
	Socket messages sent: 0
	Socket messages received: 0
	Signals delivered: 0
	Page size (bytes): 4096
	Exit status: 0
      ╭───╮          ╭───╮                              
 q0 : ┤ h ├───────●──┤ h ├──────────────────────────────
      ├───┤       │  ╰───╯╭───╮                         
 q1 : ┤ h ├───────┼────●──┤ h ├─────────────────────────
      ├───┤       │    │  ╰───╯╭───╮                    
 q2 : ┤ h ├───────┼────┼────●──┤ h ├────────────────────
      ├───┤       │    │    │  ├───┤                    
 q3 : ┤ h ├───────┼────┼────┼──┤ h ├────────────────────
      ├───┤       │    │    │  ├───┤                    
 q4 : ┤ h ├───────┼────┼────┼──┤ h ├────────────────────
      ├───┤       │    │    │  ╰───╯╭───╮               
 q5 : ┤ h ├───────┼────┼────┼────●──┤ h ├───────────────
      ├───┤       │    │    │    │  ├───┤               
 q6 : ┤ h ├───────┼────┼────┼────┼──┤ h ├───────────────
      ├───┤       │    │    │    │  ├───┤               
 q7 : ┤ h ├───────┼────┼────┼────┼──┤ h ├───────────────
      ├───┤       │    │    │    │  ├───┤               
 q8 : ┤ h ├───────┼────┼────┼────┼──┤ h ├───────────────
      ├───┤       │    │    │    │  ├───┤               
 q9 : ┤ h ├───────┼────┼────┼────┼──┤ h ├───────────────
      ├───┤       │    │    │    │  ╰───╯╭───╮          
q10 : ┤ h ├───────┼────┼────┼────┼────●──┤ h ├──────────
      ├───┤       │    │    │    │    │  ╰───╯╭───╮     
q11 : ┤ h ├───────┼────┼────┼────┼────┼────●──┤ h ├─────
      ├───┤       │    │    │    │    │    │  ├───┤     
q12 : ┤ h ├───────┼────┼────┼────┼────┼────┼──┤ h ├─────
      ├───┤       │    │    │    │    │    │  ╰───╯╭───╮
q13 : ┤ h ├───────┼────┼────┼────┼────┼────┼────●──┤ h ├
      ├───┤╭───╮╭─┴─╮╭─┴─╮╭─┴─╮╭─┴─╮╭─┴─╮╭─┴─╮╭─┴─╮╰───╯
q14 : ┤ x ├┤ h ├┤ x ├┤ x ├┤ x ├┤ x ├┤ x ├┤ x ├┤ x ├─────
      ╰───╯╰───╯╰───╯╰───╯╰───╯╰───╯╰───╯╰───╯╰───╯     

secret bitstring = [1, 1, 1, 0, 0, 1, 0, 0, 0, 0, 1, 1, 0, 1]
measured state = 11100100001101
Were we successful? True
	Command being timed: "python3 bernstein-vazirani.py 14"
	User time (seconds): 0.77
	System time (seconds): 0.86
	Percent of CPU this job got: 66%
	Elapsed (wall clock) time (h:mm:ss or m:ss): 0:02.47
	Average shared text size (kbytes): 0
	Average unshared data size (kbytes): 0
	Average stack size (kbytes): 0
	Average total size (kbytes): 0
	Maximum resident set size (kbytes): 586828
	Average resident set size (kbytes): 0
	Major (requiring I/O) page faults: 0
	Minor (reclaiming a frame) page faults: 65717
	Voluntary context switches: 2375
	Involuntary context switches: 17
	Swaps: 0
	File system inputs: 0
	File system outputs: 24
	Socket messages sent: 0
	Socket messages received: 0
	Signals delivered: 0
	Page size (bytes): 4096
	Exit status: 0
