WARNING: overwriting environment variables set in the machine
overwriting variable ['LD_LIBRARY_PATH']
      ╭───╮╭───╮                              
 q0 : ┤ h ├┤ h ├──────────────────────────────
      ├───┤╰───╯     ╭───╮                    
 q1 : ┤ h ├───────●──┤ h ├────────────────────
      ├───┤       │  ├───┤                    
 q2 : ┤ h ├───────┼──┤ h ├────────────────────
      ├───┤       │  ├───┤                    
 q3 : ┤ h ├───────┼──┤ h ├────────────────────
      ├───┤       │  ╰───╯╭───╮               
 q4 : ┤ h ├───────┼────●──┤ h ├───────────────
      ├───┤       │    │  ╰───╯╭───╮          
 q5 : ┤ h ├───────┼────┼────●──┤ h ├──────────
      ├───┤       │    │    │  ╰───╯╭───╮     
 q6 : ┤ h ├───────┼────┼────┼────●──┤ h ├─────
      ├───┤       │    │    │    │  ├───┤     
 q7 : ┤ h ├───────┼────┼────┼────┼──┤ h ├─────
      ├───┤       │    │    │    │  ╰───╯╭───╮
 q8 : ┤ h ├───────┼────┼────┼────┼────●──┤ h ├
      ├───┤       │    │    │    │    │  ├───┤
 q9 : ┤ h ├───────┼────┼────┼────┼────┼──┤ h ├
      ├───┤       │    │    │    │    │  ├───┤
q10 : ┤ h ├───────┼────┼────┼────┼────┼──┤ h ├
      ├───┤       │    │    │    │    │  ├───┤
q11 : ┤ h ├───────┼────┼────┼────┼────┼──┤ h ├
      ├───┤╭───╮╭─┴─╮╭─┴─╮╭─┴─╮╭─┴─╮╭─┴─╮╰───╯
q12 : ┤ x ├┤ h ├┤ x ├┤ x ├┤ x ├┤ x ├┤ x ├─────
      ╰───╯╰───╯╰───╯╰───╯╰───╯╰───╯╰───╯     

secret bitstring = [0, 1, 0, 0, 1, 1, 1, 0, 1, 0, 0, 0]
measured state = 010011101000
Were we successful? True
	Command being timed: "python3 bernstein-vazirani.py 12"
	User time (seconds): 0.78
	System time (seconds): 0.85
	Percent of CPU this job got: 51%
	Elapsed (wall clock) time (h:mm:ss or m:ss): 0:03.17
	Average shared text size (kbytes): 0
	Average unshared data size (kbytes): 0
	Average stack size (kbytes): 0
	Average total size (kbytes): 0
	Maximum resident set size (kbytes): 590580
	Average resident set size (kbytes): 0
	Major (requiring I/O) page faults: 0
	Minor (reclaiming a frame) page faults: 66022
	Voluntary context switches: 4179
	Involuntary context switches: 22
	Swaps: 0
	File system inputs: 0
	File system outputs: 16
	Socket messages sent: 0
	Socket messages received: 0
	Signals delivered: 0
	Page size (bytes): 4096
	Exit status: 0
      ╭───╮          ╭───╮               
 q0 : ┤ h ├───────●──┤ h ├───────────────
      ├───┤       │  ╰───╯╭───╮          
 q1 : ┤ h ├───────┼────●──┤ h ├──────────
      ├───┤       │    │  ├───┤          
 q2 : ┤ h ├───────┼────┼──┤ h ├──────────
      ├───┤       │    │  ├───┤          
 q3 : ┤ h ├───────┼────┼──┤ h ├──────────
      ├───┤       │    │  ╰───╯╭───╮     
 q4 : ┤ h ├───────┼────┼────●──┤ h ├─────
      ├───┤       │    │    │  ├───┤     
 q5 : ┤ h ├───────┼────┼────┼──┤ h ├─────
      ├───┤       │    │    │  ├───┤     
 q6 : ┤ h ├───────┼────┼────┼──┤ h ├─────
      ├───┤       │    │    │  ├───┤     
 q7 : ┤ h ├───────┼────┼────┼──┤ h ├─────
      ├───┤       │    │    │  ├───┤     
 q8 : ┤ h ├───────┼────┼────┼──┤ h ├─────
      ├───┤       │    │    │  ╰───╯╭───╮
 q9 : ┤ h ├───────┼────┼────┼────●──┤ h ├
      ├───┤       │    │    │    │  ├───┤
q10 : ┤ h ├───────┼────┼────┼────┼──┤ h ├
      ├───┤       │    │    │    │  ├───┤
q11 : ┤ h ├───────┼────┼────┼────┼──┤ h ├
      ├───┤╭───╮╭─┴─╮╭─┴─╮╭─┴─╮╭─┴─╮╰───╯
q12 : ┤ x ├┤ h ├┤ x ├┤ x ├┤ x ├┤ x ├─────
      ╰───╯╰───╯╰───╯╰───╯╰───╯╰───╯     

secret bitstring = [1, 1, 0, 0, 1, 0, 0, 0, 0, 1, 0, 0]
measured state = 110010000100
Were we successful? True
	Command being timed: "python3 bernstein-vazirani.py 12"
	User time (seconds): 0.77
	System time (seconds): 0.71
	Percent of CPU this job got: 79%
	Elapsed (wall clock) time (h:mm:ss or m:ss): 0:01.88
	Average shared text size (kbytes): 0
	Average unshared data size (kbytes): 0
	Average stack size (kbytes): 0
	Average total size (kbytes): 0
	Maximum resident set size (kbytes): 585872
	Average resident set size (kbytes): 0
	Major (requiring I/O) page faults: 0
	Minor (reclaiming a frame) page faults: 48759
	Voluntary context switches: 2001
	Involuntary context switches: 22
	Swaps: 0
	File system inputs: 0
	File system outputs: 24
	Socket messages sent: 0
	Socket messages received: 0
	Signals delivered: 0
	Page size (bytes): 4096
	Exit status: 0
      ╭───╮╭───╮                              
 q0 : ┤ h ├┤ h ├──────────────────────────────
      ├───┤╰───╯     ╭───╮                    
 q1 : ┤ h ├───────●──┤ h ├────────────────────
      ├───┤       │  ╰───╯╭───╮               
 q2 : ┤ h ├───────┼────●──┤ h ├───────────────
      ├───┤       │    │  ├───┤               
 q3 : ┤ h ├───────┼────┼──┤ h ├───────────────
      ├───┤       │    │  ╰───╯╭───╮          
 q4 : ┤ h ├───────┼────┼────●──┤ h ├──────────
      ├───┤       │    │    │  ├───┤          
 q5 : ┤ h ├───────┼────┼────┼──┤ h ├──────────
      ├───┤       │    │    │  ╰───╯╭───╮     
 q6 : ┤ h ├───────┼────┼────┼────●──┤ h ├─────
      ├───┤       │    │    │    │  ├───┤     
 q7 : ┤ h ├───────┼────┼────┼────┼──┤ h ├─────
      ├───┤       │    │    │    │  ├───┤     
 q8 : ┤ h ├───────┼────┼────┼────┼──┤ h ├─────
      ├───┤       │    │    │    │  ╰───╯╭───╮
 q9 : ┤ h ├───────┼────┼────┼────┼────●──┤ h ├
      ├───┤       │    │    │    │    │  ├───┤
q10 : ┤ h ├───────┼────┼────┼────┼────┼──┤ h ├
      ├───┤       │    │    │    │    │  ├───┤
q11 : ┤ h ├───────┼────┼────┼────┼────┼──┤ h ├
      ├───┤╭───╮╭─┴─╮╭─┴─╮╭─┴─╮╭─┴─╮╭─┴─╮╰───╯
q12 : ┤ x ├┤ h ├┤ x ├┤ x ├┤ x ├┤ x ├┤ x ├─────
      ╰───╯╰───╯╰───╯╰───╯╰───╯╰───╯╰───╯     

secret bitstring = [0, 1, 1, 0, 1, 0, 1, 0, 0, 1, 0, 0]
measured state = 011010100100
Were we successful? True
	Command being timed: "python3 bernstein-vazirani.py 12"
	User time (seconds): 0.75
	System time (seconds): 0.71
	Percent of CPU this job got: 79%
	Elapsed (wall clock) time (h:mm:ss or m:ss): 0:01.86
	Average shared text size (kbytes): 0
	Average unshared data size (kbytes): 0
	Average stack size (kbytes): 0
	Average total size (kbytes): 0
	Maximum resident set size (kbytes): 585592
	Average resident set size (kbytes): 0
	Major (requiring I/O) page faults: 0
	Minor (reclaiming a frame) page faults: 50137
	Voluntary context switches: 2015
	Involuntary context switches: 28
	Swaps: 0
	File system inputs: 0
	File system outputs: 24
	Socket messages sent: 0
	Socket messages received: 0
	Signals delivered: 0
	Page size (bytes): 4096
	Exit status: 0
      ╭───╮╭───╮                                   
 q0 : ┤ h ├┤ h ├───────────────────────────────────
      ├───┤├───┤                                   
 q1 : ┤ h ├┤ h ├───────────────────────────────────
      ├───┤╰───╯     ╭───╮                         
 q2 : ┤ h ├───────●──┤ h ├─────────────────────────
      ├───┤       │  ├───┤                         
 q3 : ┤ h ├───────┼──┤ h ├─────────────────────────
      ├───┤       │  ├───┤                         
 q4 : ┤ h ├───────┼──┤ h ├─────────────────────────
      ├───┤       │  ╰───╯╭───╮                    
 q5 : ┤ h ├───────┼────●──┤ h ├────────────────────
      ├───┤       │    │  ├───┤                    
 q6 : ┤ h ├───────┼────┼──┤ h ├────────────────────
      ├───┤       │    │  ╰───╯╭───╮               
 q7 : ┤ h ├───────┼────┼────●──┤ h ├───────────────
      ├───┤       │    │    │  ├───┤               
 q8 : ┤ h ├───────┼────┼────┼──┤ h ├───────────────
      ├───┤       │    │    │  ╰───╯╭───╮          
 q9 : ┤ h ├───────┼────┼────┼────●──┤ h ├──────────
      ├───┤       │    │    │    │  ╰───╯╭───╮     
q10 : ┤ h ├───────┼────┼────┼────┼────●──┤ h ├─────
      ├───┤       │    │    │    │    │  ╰───╯╭───╮
q11 : ┤ h ├───────┼────┼────┼────┼────┼────●──┤ h ├
      ├───┤╭───╮╭─┴─╮╭─┴─╮╭─┴─╮╭─┴─╮╭─┴─╮╭─┴─╮╰───╯
q12 : ┤ x ├┤ h ├┤ x ├┤ x ├┤ x ├┤ x ├┤ x ├┤ x ├─────
      ╰───╯╰───╯╰───╯╰───╯╰───╯╰───╯╰───╯╰───╯     

secret bitstring = [0, 0, 1, 0, 0, 1, 0, 1, 0, 1, 1, 1]
measured state = 001001010111
Were we successful? True
	Command being timed: "python3 bernstein-vazirani.py 12"
	User time (seconds): 0.77
	System time (seconds): 0.68
	Percent of CPU this job got: 80%
	Elapsed (wall clock) time (h:mm:ss or m:ss): 0:01.80
	Average shared text size (kbytes): 0
	Average unshared data size (kbytes): 0
	Average stack size (kbytes): 0
	Average total size (kbytes): 0
	Maximum resident set size (kbytes): 585356
	Average resident set size (kbytes): 0
	Major (requiring I/O) page faults: 0
	Minor (reclaiming a frame) page faults: 50386
	Voluntary context switches: 1865
	Involuntary context switches: 31
	Swaps: 0
	File system inputs: 0
	File system outputs: 24
	Socket messages sent: 0
	Socket messages received: 0
	Signals delivered: 0
	Page size (bytes): 4096
	Exit status: 0
      ╭───╮          ╭───╮                         
 q0 : ┤ h ├───────●──┤ h ├─────────────────────────
      ├───┤       │  ├───┤                         
 q1 : ┤ h ├───────┼──┤ h ├─────────────────────────
      ├───┤       │  ╰───╯╭───╮                    
 q2 : ┤ h ├───────┼────●──┤ h ├────────────────────
      ├───┤       │    │  ╰───╯╭───╮               
 q3 : ┤ h ├───────┼────┼────●──┤ h ├───────────────
      ├───┤       │    │    │  ├───┤               
 q4 : ┤ h ├───────┼────┼────┼──┤ h ├───────────────
      ├───┤       │    │    │  ╰───╯╭───╮          
 q5 : ┤ h ├───────┼────┼────┼────●──┤ h ├──────────
      ├───┤       │    │    │    │  ╰───╯╭───╮     
 q6 : ┤ h ├───────┼────┼────┼────┼────●──┤ h ├─────
      ├───┤       │    │    │    │    │  ├───┤     
 q7 : ┤ h ├───────┼────┼────┼────┼────┼──┤ h ├─────
      ├───┤       │    │    │    │    │  ├───┤     
 q8 : ┤ h ├───────┼────┼────┼────┼────┼──┤ h ├─────
      ├───┤       │    │    │    │    │  ╰───╯╭───╮
 q9 : ┤ h ├───────┼────┼────┼────┼────┼────●──┤ h ├
      ├───┤       │    │    │    │    │    │  ├───┤
q10 : ┤ h ├───────┼────┼────┼────┼────┼────┼──┤ h ├
      ├───┤       │    │    │    │    │    │  ├───┤
q11 : ┤ h ├───────┼────┼────┼────┼────┼────┼──┤ h ├
      ├───┤╭───╮╭─┴─╮╭─┴─╮╭─┴─╮╭─┴─╮╭─┴─╮╭─┴─╮╰───╯
q12 : ┤ x ├┤ h ├┤ x ├┤ x ├┤ x ├┤ x ├┤ x ├┤ x ├─────
      ╰───╯╰───╯╰───╯╰───╯╰───╯╰───╯╰───╯╰───╯     

secret bitstring = [1, 0, 1, 1, 0, 1, 1, 0, 0, 1, 0, 0]
measured state = 101101100100
Were we successful? True
	Command being timed: "python3 bernstein-vazirani.py 12"
	User time (seconds): 0.77
	System time (seconds): 0.71
	Percent of CPU this job got: 80%
	Elapsed (wall clock) time (h:mm:ss or m:ss): 0:01.85
	Average shared text size (kbytes): 0
	Average unshared data size (kbytes): 0
	Average stack size (kbytes): 0
	Average total size (kbytes): 0
	Maximum resident set size (kbytes): 588992
	Average resident set size (kbytes): 0
	Major (requiring I/O) page faults: 0
	Minor (reclaiming a frame) page faults: 59468
	Voluntary context switches: 1867
	Involuntary context switches: 29
	Swaps: 0
	File system inputs: 0
	File system outputs: 24
	Socket messages sent: 0
	Socket messages received: 0
	Signals delivered: 0
	Page size (bytes): 4096
	Exit status: 0
      ╭───╮          ╭───╮                         
 q0 : ┤ h ├───────●──┤ h ├─────────────────────────
      ├───┤       │  ╰───╯╭───╮                    
 q1 : ┤ h ├───────┼────●──┤ h ├────────────────────
      ├───┤       │    │  ├───┤                    
 q2 : ┤ h ├───────┼────┼──┤ h ├────────────────────
      ├───┤       │    │  ╰───╯╭───╮               
 q3 : ┤ h ├───────┼────┼────●──┤ h ├───────────────
      ├───┤       │    │    │  ├───┤               
 q4 : ┤ h ├───────┼────┼────┼──┤ h ├───────────────
      ├───┤       │    │    │  ├───┤               
 q5 : ┤ h ├───────┼────┼────┼──┤ h ├───────────────
      ├───┤       │    │    │  ╰───╯╭───╮          
 q6 : ┤ h ├───────┼────┼────┼────●──┤ h ├──────────
      ├───┤       │    │    │    │  ╰───╯╭───╮     
 q7 : ┤ h ├───────┼────┼────┼────┼────●──┤ h ├─────
      ├───┤       │    │    │    │    │  ╰───╯╭───╮
 q8 : ┤ h ├───────┼────┼────┼────┼────┼────●──┤ h ├
      ├───┤       │    │    │    │    │    │  ├───┤
 q9 : ┤ h ├───────┼────┼────┼────┼────┼────┼──┤ h ├
      ├───┤       │    │    │    │    │    │  ├───┤
q10 : ┤ h ├───────┼────┼────┼────┼────┼────┼──┤ h ├
      ├───┤       │    │    │    │    │    │  ├───┤
q11 : ┤ h ├───────┼────┼────┼────┼────┼────┼──┤ h ├
      ├───┤╭───╮╭─┴─╮╭─┴─╮╭─┴─╮╭─┴─╮╭─┴─╮╭─┴─╮╰───╯
q12 : ┤ x ├┤ h ├┤ x ├┤ x ├┤ x ├┤ x ├┤ x ├┤ x ├─────
      ╰───╯╰───╯╰───╯╰───╯╰───╯╰───╯╰───╯╰───╯     

secret bitstring = [1, 1, 0, 1, 0, 0, 1, 1, 1, 0, 0, 0]
measured state = 110100111000
Were we successful? True
	Command being timed: "python3 bernstein-vazirani.py 12"
	User time (seconds): 0.79
	System time (seconds): 0.67
	Percent of CPU this job got: 80%
	Elapsed (wall clock) time (h:mm:ss or m:ss): 0:01.82
	Average shared text size (kbytes): 0
	Average unshared data size (kbytes): 0
	Average stack size (kbytes): 0
	Average total size (kbytes): 0
	Maximum resident set size (kbytes): 585496
	Average resident set size (kbytes): 0
	Major (requiring I/O) page faults: 0
	Minor (reclaiming a frame) page faults: 52904
	Voluntary context switches: 1911
	Involuntary context switches: 28
	Swaps: 0
	File system inputs: 0
	File system outputs: 24
	Socket messages sent: 0
	Socket messages received: 0
	Signals delivered: 0
	Page size (bytes): 4096
	Exit status: 0
      ╭───╮╭───╮                                             
 q0 : ┤ h ├┤ h ├─────────────────────────────────────────────
      ├───┤╰───╯     ╭───╮                                   
 q1 : ┤ h ├───────●──┤ h ├───────────────────────────────────
      ├───┤       │  ╰───╯╭───╮                              
 q2 : ┤ h ├───────┼────●──┤ h ├──────────────────────────────
      ├───┤       │    │  ╰───╯╭───╮                         
 q3 : ┤ h ├───────┼────┼────●──┤ h ├─────────────────────────
      ├───┤       │    │    │  ╰───╯╭───╮                    
 q4 : ┤ h ├───────┼────┼────┼────●──┤ h ├────────────────────
      ├───┤       │    │    │    │  ├───┤                    
 q5 : ┤ h ├───────┼────┼────┼────┼──┤ h ├────────────────────
      ├───┤       │    │    │    │  ╰───╯╭───╮               
 q6 : ┤ h ├───────┼────┼────┼────┼────●──┤ h ├───────────────
      ├───┤       │    │    │    │    │  ├───┤               
 q7 : ┤ h ├───────┼────┼────┼────┼────┼──┤ h ├───────────────
      ├───┤       │    │    │    │    │  ╰───╯╭───╮          
 q8 : ┤ h ├───────┼────┼────┼────┼────┼────●──┤ h ├──────────
      ├───┤       │    │    │    │    │    │  ├───┤          
 q9 : ┤ h ├───────┼────┼────┼────┼────┼────┼──┤ h ├──────────
      ├───┤       │    │    │    │    │    │  ╰───╯╭───╮     
q10 : ┤ h ├───────┼────┼────┼────┼────┼────┼────●──┤ h ├─────
      ├───┤       │    │    │    │    │    │    │  ╰───╯╭───╮
q11 : ┤ h ├───────┼────┼────┼────┼────┼────┼────┼────●──┤ h ├
      ├───┤╭───╮╭─┴─╮╭─┴─╮╭─┴─╮╭─┴─╮╭─┴─╮╭─┴─╮╭─┴─╮╭─┴─╮╰───╯
q12 : ┤ x ├┤ h ├┤ x ├┤ x ├┤ x ├┤ x ├┤ x ├┤ x ├┤ x ├┤ x ├─────
      ╰───╯╰───╯╰───╯╰───╯╰───╯╰───╯╰───╯╰───╯╰───╯╰───╯     

secret bitstring = [0, 1, 1, 1, 1, 0, 1, 0, 1, 0, 1, 1]
measured state = 011110101011
Were we successful? True
	Command being timed: "python3 bernstein-vazirani.py 12"
	User time (seconds): 0.78
	System time (seconds): 0.69
	Percent of CPU this job got: 79%
	Elapsed (wall clock) time (h:mm:ss or m:ss): 0:01.85
	Average shared text size (kbytes): 0
	Average unshared data size (kbytes): 0
	Average stack size (kbytes): 0
	Average total size (kbytes): 0
	Maximum resident set size (kbytes): 592524
	Average resident set size (kbytes): 0
	Major (requiring I/O) page faults: 0
	Minor (reclaiming a frame) page faults: 53431
	Voluntary context switches: 1865
	Involuntary context switches: 24
	Swaps: 0
	File system inputs: 0
	File system outputs: 24
	Socket messages sent: 0
	Socket messages received: 0
	Signals delivered: 0
	Page size (bytes): 4096
	Exit status: 0
      ╭───╮          ╭───╮                                   
 q0 : ┤ h ├───────●──┤ h ├───────────────────────────────────
      ├───┤       │  ╰───╯╭───╮                              
 q1 : ┤ h ├───────┼────●──┤ h ├──────────────────────────────
      ├───┤       │    │  ╰───╯╭───╮                         
 q2 : ┤ h ├───────┼────┼────●──┤ h ├─────────────────────────
      ├───┤       │    │    │  ├───┤                         
 q3 : ┤ h ├───────┼────┼────┼──┤ h ├─────────────────────────
      ├───┤       │    │    │  ├───┤                         
 q4 : ┤ h ├───────┼────┼────┼──┤ h ├─────────────────────────
      ├───┤       │    │    │  ├───┤                         
 q5 : ┤ h ├───────┼────┼────┼──┤ h ├─────────────────────────
      ├───┤       │    │    │  ╰───╯╭───╮                    
 q6 : ┤ h ├───────┼────┼────┼────●──┤ h ├────────────────────
      ├───┤       │    │    │    │  ╰───╯╭───╮               
 q7 : ┤ h ├───────┼────┼────┼────┼────●──┤ h ├───────────────
      ├───┤       │    │    │    │    │  ╰───╯╭───╮          
 q8 : ┤ h ├───────┼────┼────┼────┼────┼────●──┤ h ├──────────
      ├───┤       │    │    │    │    │    │  ╰───╯╭───╮     
 q9 : ┤ h ├───────┼────┼────┼────┼────┼────┼────●──┤ h ├─────
      ├───┤       │    │    │    │    │    │    │  ├───┤     
q10 : ┤ h ├───────┼────┼────┼────┼────┼────┼────┼──┤ h ├─────
      ├───┤       │    │    │    │    │    │    │  ╰───╯╭───╮
q11 : ┤ h ├───────┼────┼────┼────┼────┼────┼────┼────●──┤ h ├
      ├───┤╭───╮╭─┴─╮╭─┴─╮╭─┴─╮╭─┴─╮╭─┴─╮╭─┴─╮╭─┴─╮╭─┴─╮╰───╯
q12 : ┤ x ├┤ h ├┤ x ├┤ x ├┤ x ├┤ x ├┤ x ├┤ x ├┤ x ├┤ x ├─────
      ╰───╯╰───╯╰───╯╰───╯╰───╯╰───╯╰───╯╰───╯╰───╯╰───╯     

secret bitstring = [1, 1, 1, 0, 0, 0, 1, 1, 1, 1, 0, 1]
measured state = 111000111101
Were we successful? True
	Command being timed: "python3 bernstein-vazirani.py 12"
	User time (seconds): 0.79
	System time (seconds): 0.76
	Percent of CPU this job got: 78%
	Elapsed (wall clock) time (h:mm:ss or m:ss): 0:01.97
	Average shared text size (kbytes): 0
	Average unshared data size (kbytes): 0
	Average stack size (kbytes): 0
	Average total size (kbytes): 0
	Maximum resident set size (kbytes): 589956
	Average resident set size (kbytes): 0
	Major (requiring I/O) page faults: 1
	Minor (reclaiming a frame) page faults: 66168
	Voluntary context switches: 1992
	Involuntary context switches: 28
	Swaps: 0
	File system inputs: 0
	File system outputs: 24
	Socket messages sent: 0
	Socket messages received: 0
	Signals delivered: 0
	Page size (bytes): 4096
	Exit status: 0
      ╭───╮╭───╮                              
 q0 : ┤ h ├┤ h ├──────────────────────────────
      ├───┤╰───╯     ╭───╮                    
 q1 : ┤ h ├───────●──┤ h ├────────────────────
      ├───┤       │  ╰───╯╭───╮               
 q2 : ┤ h ├───────┼────●──┤ h ├───────────────
      ├───┤       │    │  ├───┤               
 q3 : ┤ h ├───────┼────┼──┤ h ├───────────────
      ├───┤       │    │  ├───┤               
 q4 : ┤ h ├───────┼────┼──┤ h ├───────────────
      ├───┤       │    │  ╰───╯╭───╮          
 q5 : ┤ h ├───────┼────┼────●──┤ h ├──────────
      ├───┤       │    │    │  ├───┤          
 q6 : ┤ h ├───────┼────┼────┼──┤ h ├──────────
      ├───┤       │    │    │  ├───┤          
 q7 : ┤ h ├───────┼────┼────┼──┤ h ├──────────
      ├───┤       │    │    │  ├───┤          
 q8 : ┤ h ├───────┼────┼────┼──┤ h ├──────────
      ├───┤       │    │    │  ├───┤          
 q9 : ┤ h ├───────┼────┼────┼──┤ h ├──────────
      ├───┤       │    │    │  ╰───╯╭───╮     
q10 : ┤ h ├───────┼────┼────┼────●──┤ h ├─────
      ├───┤       │    │    │    │  ╰───╯╭───╮
q11 : ┤ h ├───────┼────┼────┼────┼────●──┤ h ├
      ├───┤╭───╮╭─┴─╮╭─┴─╮╭─┴─╮╭─┴─╮╭─┴─╮╰───╯
q12 : ┤ x ├┤ h ├┤ x ├┤ x ├┤ x ├┤ x ├┤ x ├─────
      ╰───╯╰───╯╰───╯╰───╯╰───╯╰───╯╰───╯     

secret bitstring = [0, 1, 1, 0, 0, 1, 0, 0, 0, 0, 1, 1]
measured state = 011001000011
Were we successful? True
	Command being timed: "python3 bernstein-vazirani.py 12"
	User time (seconds): 0.78
	System time (seconds): 0.74
	Percent of CPU this job got: 65%
	Elapsed (wall clock) time (h:mm:ss or m:ss): 0:02.32
	Average shared text size (kbytes): 0
	Average unshared data size (kbytes): 0
	Average stack size (kbytes): 0
	Average total size (kbytes): 0
	Maximum resident set size (kbytes): 588892
	Average resident set size (kbytes): 0
	Major (requiring I/O) page faults: 0
	Minor (reclaiming a frame) page faults: 51119
	Voluntary context switches: 2039
	Involuntary context switches: 26
	Swaps: 0
	File system inputs: 0
	File system outputs: 24
	Socket messages sent: 0
	Socket messages received: 0
	Signals delivered: 0
	Page size (bytes): 4096
	Exit status: 0
      ╭───╮╭───╮                                        
 q0 : ┤ h ├┤ h ├────────────────────────────────────────
      ├───┤├───┤                                        
 q1 : ┤ h ├┤ h ├────────────────────────────────────────
      ├───┤╰───╯     ╭───╮                              
 q2 : ┤ h ├───────●──┤ h ├──────────────────────────────
      ├───┤       │  ╰───╯╭───╮                         
 q3 : ┤ h ├───────┼────●──┤ h ├─────────────────────────
      ├───┤       │    │  ╰───╯╭───╮                    
 q4 : ┤ h ├───────┼────┼────●──┤ h ├────────────────────
      ├───┤       │    │    │  ╰───╯╭───╮               
 q5 : ┤ h ├───────┼────┼────┼────●──┤ h ├───────────────
      ├───┤       │    │    │    │  ├───┤               
 q6 : ┤ h ├───────┼────┼────┼────┼──┤ h ├───────────────
      ├───┤       │    │    │    │  ├───┤               
 q7 : ┤ h ├───────┼────┼────┼────┼──┤ h ├───────────────
      ├───┤       │    │    │    │  ╰───╯╭───╮          
 q8 : ┤ h ├───────┼────┼────┼────┼────●──┤ h ├──────────
      ├───┤       │    │    │    │    │  ╰───╯╭───╮     
 q9 : ┤ h ├───────┼────┼────┼────┼────┼────●──┤ h ├─────
      ├───┤       │    │    │    │    │    │  ╰───╯╭───╮
q10 : ┤ h ├───────┼────┼────┼────┼────┼────┼────●──┤ h ├
      ├───┤       │    │    │    │    │    │    │  ├───┤
q11 : ┤ h ├───────┼────┼────┼────┼────┼────┼────┼──┤ h ├
      ├───┤╭───╮╭─┴─╮╭─┴─╮╭─┴─╮╭─┴─╮╭─┴─╮╭─┴─╮╭─┴─╮╰───╯
q12 : ┤ x ├┤ h ├┤ x ├┤ x ├┤ x ├┤ x ├┤ x ├┤ x ├┤ x ├─────
      ╰───╯╰───╯╰───╯╰───╯╰───╯╰───╯╰───╯╰───╯╰───╯     

secret bitstring = [0, 0, 1, 1, 1, 1, 0, 0, 1, 1, 1, 0]
measured state = 001111001110
Were we successful? True
	Command being timed: "python3 bernstein-vazirani.py 12"
	User time (seconds): 0.77
	System time (seconds): 0.73
	Percent of CPU this job got: 79%
	Elapsed (wall clock) time (h:mm:ss or m:ss): 0:01.90
	Average shared text size (kbytes): 0
	Average unshared data size (kbytes): 0
	Average stack size (kbytes): 0
	Average total size (kbytes): 0
	Maximum resident set size (kbytes): 590648
	Average resident set size (kbytes): 0
	Major (requiring I/O) page faults: 0
	Minor (reclaiming a frame) page faults: 53544
	Voluntary context switches: 1964
	Involuntary context switches: 22
	Swaps: 0
	File system inputs: 0
	File system outputs: 24
	Socket messages sent: 0
	Socket messages received: 0
	Signals delivered: 0
	Page size (bytes): 4096
	Exit status: 0
