WARNING: overwriting environment variables set in the machine
overwriting variable ['LD_LIBRARY_PATH']
     ╭───╮╭───╮
q0 : ┤ h ├┤ h ├
     ├───┤├───┤
q1 : ┤ h ├┤ h ├
     ├───┤├───┤
q2 : ┤ x ├┤ h ├
     ╰───╯╰───╯

secret bitstring = [0, 0]
measured state = 00
Were we successful? True
	Command being timed: "python3 bernstein-vazirani.py 2"
	User time (seconds): 0.85
	System time (seconds): 1.18
	Percent of CPU this job got: 70%
	Elapsed (wall clock) time (h:mm:ss or m:ss): 0:02.87
	Average shared text size (kbytes): 0
	Average unshared data size (kbytes): 0
	Average stack size (kbytes): 0
	Average total size (kbytes): 0
	Maximum resident set size (kbytes): 584580
	Average resident set size (kbytes): 0
	Major (requiring I/O) page faults: 0
	Minor (reclaiming a frame) page faults: 66920
	Voluntary context switches: 5299
	Involuntary context switches: 27
	Swaps: 0
	File system inputs: 1760
	File system outputs: 16
	Socket messages sent: 0
	Socket messages received: 0
	Signals delivered: 0
	Page size (bytes): 4096
	Exit status: 0
     ╭───╮          ╭───╮
q0 : ┤ h ├───────●──┤ h ├
     ├───┤       │  ├───┤
q1 : ┤ h ├───────┼──┤ h ├
     ├───┤╭───╮╭─┴─╮╰───╯
q2 : ┤ x ├┤ h ├┤ x ├─────
     ╰───╯╰───╯╰───╯     

secret bitstring = [1, 0]
measured state = 10
Were we successful? True
	Command being timed: "python3 bernstein-vazirani.py 2"
	User time (seconds): 0.82
	System time (seconds): 1.18
	Percent of CPU this job got: 88%
	Elapsed (wall clock) time (h:mm:ss or m:ss): 0:02.27
	Average shared text size (kbytes): 0
	Average unshared data size (kbytes): 0
	Average stack size (kbytes): 0
	Average total size (kbytes): 0
	Maximum resident set size (kbytes): 583900
	Average resident set size (kbytes): 0
	Major (requiring I/O) page faults: 0
	Minor (reclaiming a frame) page faults: 49699
	Voluntary context switches: 1866
	Involuntary context switches: 31
	Swaps: 0
	File system inputs: 0
	File system outputs: 16
	Socket messages sent: 0
	Socket messages received: 0
	Signals delivered: 0
	Page size (bytes): 4096
	Exit status: 0
     ╭───╮╭───╮          
q0 : ┤ h ├┤ h ├──────────
     ├───┤╰───╯     ╭───╮
q1 : ┤ h ├───────●──┤ h ├
     ├───┤╭───╮╭─┴─╮╰───╯
q2 : ┤ x ├┤ h ├┤ x ├─────
     ╰───╯╰───╯╰───╯     

secret bitstring = [0, 1]
measured state = 01
Were we successful? True
	Command being timed: "python3 bernstein-vazirani.py 2"
	User time (seconds): 0.82
	System time (seconds): 1.16
	Percent of CPU this job got: 88%
	Elapsed (wall clock) time (h:mm:ss or m:ss): 0:02.25
	Average shared text size (kbytes): 0
	Average unshared data size (kbytes): 0
	Average stack size (kbytes): 0
	Average total size (kbytes): 0
	Maximum resident set size (kbytes): 585168
	Average resident set size (kbytes): 0
	Major (requiring I/O) page faults: 0
	Minor (reclaiming a frame) page faults: 49711
	Voluntary context switches: 1868
	Involuntary context switches: 27
	Swaps: 0
	File system inputs: 0
	File system outputs: 16
	Socket messages sent: 0
	Socket messages received: 0
	Signals delivered: 0
	Page size (bytes): 4096
	Exit status: 0
     ╭───╮╭───╮
q0 : ┤ h ├┤ h ├
     ├───┤├───┤
q1 : ┤ h ├┤ h ├
     ├───┤├───┤
q2 : ┤ x ├┤ h ├
     ╰───╯╰───╯

secret bitstring = [0, 0]
measured state = 00
Were we successful? True
	Command being timed: "python3 bernstein-vazirani.py 2"
	User time (seconds): 0.81
	System time (seconds): 1.22
	Percent of CPU this job got: 86%
	Elapsed (wall clock) time (h:mm:ss or m:ss): 0:02.36
	Average shared text size (kbytes): 0
	Average unshared data size (kbytes): 0
	Average stack size (kbytes): 0
	Average total size (kbytes): 0
	Maximum resident set size (kbytes): 584044
	Average resident set size (kbytes): 0
	Major (requiring I/O) page faults: 0
	Minor (reclaiming a frame) page faults: 49498
	Voluntary context switches: 1972
	Involuntary context switches: 27
	Swaps: 0
	File system inputs: 0
	File system outputs: 16
	Socket messages sent: 0
	Socket messages received: 0
	Signals delivered: 0
	Page size (bytes): 4096
	Exit status: 0
     ╭───╮          ╭───╮
q0 : ┤ h ├───────●──┤ h ├
     ├───┤       │  ├───┤
q1 : ┤ h ├───────┼──┤ h ├
     ├───┤╭───╮╭─┴─╮╰───╯
q2 : ┤ x ├┤ h ├┤ x ├─────
     ╰───╯╰───╯╰───╯     

secret bitstring = [1, 0]
measured state = 10
Were we successful? True
	Command being timed: "python3 bernstein-vazirani.py 2"
	User time (seconds): 0.82
	System time (seconds): 1.14
	Percent of CPU this job got: 88%
	Elapsed (wall clock) time (h:mm:ss or m:ss): 0:02.23
	Average shared text size (kbytes): 0
	Average unshared data size (kbytes): 0
	Average stack size (kbytes): 0
	Average total size (kbytes): 0
	Maximum resident set size (kbytes): 584384
	Average resident set size (kbytes): 0
	Major (requiring I/O) page faults: 0
	Minor (reclaiming a frame) page faults: 49814
	Voluntary context switches: 1870
	Involuntary context switches: 29
	Swaps: 0
	File system inputs: 0
	File system outputs: 16
	Socket messages sent: 0
	Socket messages received: 0
	Signals delivered: 0
	Page size (bytes): 4096
	Exit status: 0
     ╭───╮          ╭───╮
q0 : ┤ h ├───────●──┤ h ├
     ├───┤       │  ├───┤
q1 : ┤ h ├───────┼──┤ h ├
     ├───┤╭───╮╭─┴─╮╰───╯
q2 : ┤ x ├┤ h ├┤ x ├─────
     ╰───╯╰───╯╰───╯     

secret bitstring = [1, 0]
measured state = 10
Were we successful? True
	Command being timed: "python3 bernstein-vazirani.py 2"
	User time (seconds): 0.80
	System time (seconds): 1.17
	Percent of CPU this job got: 89%
	Elapsed (wall clock) time (h:mm:ss or m:ss): 0:02.21
	Average shared text size (kbytes): 0
	Average unshared data size (kbytes): 0
	Average stack size (kbytes): 0
	Average total size (kbytes): 0
	Maximum resident set size (kbytes): 585124
	Average resident set size (kbytes): 0
	Major (requiring I/O) page faults: 0
	Minor (reclaiming a frame) page faults: 49183
	Voluntary context switches: 1875
	Involuntary context switches: 28
	Swaps: 0
	File system inputs: 0
	File system outputs: 16
	Socket messages sent: 0
	Socket messages received: 0
	Signals delivered: 0
	Page size (bytes): 4096
	Exit status: 0
     ╭───╮╭───╮          
q0 : ┤ h ├┤ h ├──────────
     ├───┤╰───╯     ╭───╮
q1 : ┤ h ├───────●──┤ h ├
     ├───┤╭───╮╭─┴─╮╰───╯
q2 : ┤ x ├┤ h ├┤ x ├─────
     ╰───╯╰───╯╰───╯     

secret bitstring = [0, 1]
measured state = 01
Were we successful? True
	Command being timed: "python3 bernstein-vazirani.py 2"
	User time (seconds): 0.81
	System time (seconds): 1.15
	Percent of CPU this job got: 87%
	Elapsed (wall clock) time (h:mm:ss or m:ss): 0:02.26
	Average shared text size (kbytes): 0
	Average unshared data size (kbytes): 0
	Average stack size (kbytes): 0
	Average total size (kbytes): 0
	Maximum resident set size (kbytes): 586768
	Average resident set size (kbytes): 0
	Major (requiring I/O) page faults: 0
	Minor (reclaiming a frame) page faults: 49734
	Voluntary context switches: 1870
	Involuntary context switches: 27
	Swaps: 0
	File system inputs: 0
	File system outputs: 16
	Socket messages sent: 0
	Socket messages received: 0
	Signals delivered: 0
	Page size (bytes): 4096
	Exit status: 0
     ╭───╮╭───╮          
q0 : ┤ h ├┤ h ├──────────
     ├───┤╰───╯     ╭───╮
q1 : ┤ h ├───────●──┤ h ├
     ├───┤╭───╮╭─┴─╮╰───╯
q2 : ┤ x ├┤ h ├┤ x ├─────
     ╰───╯╰───╯╰───╯     

secret bitstring = [0, 1]
measured state = 01
Were we successful? True
	Command being timed: "python3 bernstein-vazirani.py 2"
	User time (seconds): 0.81
	System time (seconds): 1.15
	Percent of CPU this job got: 88%
	Elapsed (wall clock) time (h:mm:ss or m:ss): 0:02.22
	Average shared text size (kbytes): 0
	Average unshared data size (kbytes): 0
	Average stack size (kbytes): 0
	Average total size (kbytes): 0
	Maximum resident set size (kbytes): 584688
	Average resident set size (kbytes): 0
	Major (requiring I/O) page faults: 0
	Minor (reclaiming a frame) page faults: 49753
	Voluntary context switches: 1877
	Involuntary context switches: 28
	Swaps: 0
	File system inputs: 0
	File system outputs: 24
	Socket messages sent: 0
	Socket messages received: 0
	Signals delivered: 0
	Page size (bytes): 4096
	Exit status: 0
     ╭───╮          ╭───╮     
q0 : ┤ h ├───────●──┤ h ├─────
     ├───┤       │  ╰───╯╭───╮
q1 : ┤ h ├───────┼────●──┤ h ├
     ├───┤╭───╮╭─┴─╮╭─┴─╮╰───╯
q2 : ┤ x ├┤ h ├┤ x ├┤ x ├─────
     ╰───╯╰───╯╰───╯╰───╯     

secret bitstring = [1, 1]
measured state = 11
Were we successful? True
	Command being timed: "python3 bernstein-vazirani.py 2"
	User time (seconds): 0.80
	System time (seconds): 1.16
	Percent of CPU this job got: 87%
	Elapsed (wall clock) time (h:mm:ss or m:ss): 0:02.25
	Average shared text size (kbytes): 0
	Average unshared data size (kbytes): 0
	Average stack size (kbytes): 0
	Average total size (kbytes): 0
	Maximum resident set size (kbytes): 586764
	Average resident set size (kbytes): 0
	Major (requiring I/O) page faults: 0
	Minor (reclaiming a frame) page faults: 49251
	Voluntary context switches: 1870
	Involuntary context switches: 31
	Swaps: 0
	File system inputs: 0
	File system outputs: 16
	Socket messages sent: 0
	Socket messages received: 0
	Signals delivered: 0
	Page size (bytes): 4096
	Exit status: 0
     ╭───╮          ╭───╮     
q0 : ┤ h ├───────●──┤ h ├─────
     ├───┤       │  ╰───╯╭───╮
q1 : ┤ h ├───────┼────●──┤ h ├
     ├───┤╭───╮╭─┴─╮╭─┴─╮╰───╯
q2 : ┤ x ├┤ h ├┤ x ├┤ x ├─────
     ╰───╯╰───╯╰───╯╰───╯     

secret bitstring = [1, 1]
measured state = 11
Were we successful? True
	Command being timed: "python3 bernstein-vazirani.py 2"
	User time (seconds): 0.81
	System time (seconds): 1.17
	Percent of CPU this job got: 89%
	Elapsed (wall clock) time (h:mm:ss or m:ss): 0:02.21
	Average shared text size (kbytes): 0
	Average unshared data size (kbytes): 0
	Average stack size (kbytes): 0
	Average total size (kbytes): 0
	Maximum resident set size (kbytes): 584704
	Average resident set size (kbytes): 0
	Major (requiring I/O) page faults: 0
	Minor (reclaiming a frame) page faults: 49314
	Voluntary context switches: 1869
	Involuntary context switches: 28
	Swaps: 0
	File system inputs: 0
	File system outputs: 16
	Socket messages sent: 0
	Socket messages received: 0
	Signals delivered: 0
	Page size (bytes): 4096
	Exit status: 0
