WARNING: overwriting environment variables set in the machine
overwriting variable ['LD_LIBRARY_PATH']
      ╭───╮          ╭───╮                                                  »
 q0 : ┤ h ├───────●──┤ h ├──────────────────────────────────────────────────»
      ├───┤       │  ├───┤                                                  »
 q1 : ┤ h ├───────┼──┤ h ├──────────────────────────────────────────────────»
      ├───┤       │  ├───┤                                                  »
 q2 : ┤ h ├───────┼──┤ h ├──────────────────────────────────────────────────»
      ├───┤       │  ├───┤                                                  »
 q3 : ┤ h ├───────┼──┤ h ├──────────────────────────────────────────────────»
      ├───┤       │  ├───┤                                                  »
 q4 : ┤ h ├───────┼──┤ h ├──────────────────────────────────────────────────»
      ├───┤       │  ├───┤                                                  »
 q5 : ┤ h ├───────┼──┤ h ├──────────────────────────────────────────────────»
      ├───┤       │  ╰───╯╭───╮                                             »
 q6 : ┤ h ├───────┼────●──┤ h ├─────────────────────────────────────────────»
      ├───┤       │    │  ╰───╯╭───╮                                        »
 q7 : ┤ h ├───────┼────┼────●──┤ h ├────────────────────────────────────────»
      ├───┤       │    │    │  ├───┤                                        »
 q8 : ┤ h ├───────┼────┼────┼──┤ h ├────────────────────────────────────────»
      ├───┤       │    │    │  ╰───╯╭───╮                                   »
 q9 : ┤ h ├───────┼────┼────┼────●──┤ h ├───────────────────────────────────»
      ├───┤       │    │    │    │  ╰───╯╭───╮                              »
q10 : ┤ h ├───────┼────┼────┼────┼────●──┤ h ├──────────────────────────────»
      ├───┤       │    │    │    │    │  ╰───╯╭───╮                         »
q11 : ┤ h ├───────┼────┼────┼────┼────┼────●──┤ h ├─────────────────────────»
      ├───┤       │    │    │    │    │    │  ├───┤                         »
q12 : ┤ h ├───────┼────┼────┼────┼────┼────┼──┤ h ├─────────────────────────»
      ├───┤       │    │    │    │    │    │  ├───┤                         »
q13 : ┤ h ├───────┼────┼────┼────┼────┼────┼──┤ h ├─────────────────────────»
      ├───┤       │    │    │    │    │    │  ├───┤                         »
q14 : ┤ h ├───────┼────┼────┼────┼────┼────┼──┤ h ├─────────────────────────»
      ├───┤       │    │    │    │    │    │  ╰───╯╭───╮                    »
q15 : ┤ h ├───────┼────┼────┼────┼────┼────┼────●──┤ h ├────────────────────»
      ├───┤       │    │    │    │    │    │    │  ╰───╯╭───╮               »
q16 : ┤ h ├───────┼────┼────┼────┼────┼────┼────┼────●──┤ h ├───────────────»
      ├───┤       │    │    │    │    │    │    │    │  ╰───╯╭───╮          »
q17 : ┤ h ├───────┼────┼────┼────┼────┼────┼────┼────┼────●──┤ h ├──────────»
      ├───┤       │    │    │    │    │    │    │    │    │  ├───┤          »
q18 : ┤ h ├───────┼────┼────┼────┼────┼────┼────┼────┼────┼──┤ h ├──────────»
      ├───┤       │    │    │    │    │    │    │    │    │  ╰───╯╭───╮     »
q19 : ┤ h ├───────┼────┼────┼────┼────┼────┼────┼────┼────┼────●──┤ h ├─────»
      ├───┤       │    │    │    │    │    │    │    │    │    │  ╰───╯╭───╮»
q20 : ┤ h ├───────┼────┼────┼────┼────┼────┼────┼────┼────┼────┼────●──┤ h ├»
      ├───┤       │    │    │    │    │    │    │    │    │    │    │  ╰───╯»
q21 : ┤ h ├───────┼────┼────┼────┼────┼────┼────┼────┼────┼────┼────┼────●──»
      ├───┤╭───╮╭─┴─╮╭─┴─╮╭─┴─╮╭─┴─╮╭─┴─╮╭─┴─╮╭─┴─╮╭─┴─╮╭─┴─╮╭─┴─╮╭─┴─╮╭─┴─╮»
q22 : ┤ x ├┤ h ├┤ x ├┤ x ├┤ x ├┤ x ├┤ x ├┤ x ├┤ x ├┤ x ├┤ x ├┤ x ├┤ x ├┤ x ├»
      ╰───╯╰───╯╰───╯╰───╯╰───╯╰───╯╰───╯╰───╯╰───╯╰───╯╰───╯╰───╯╰───╯╰───╯»

################################################################################

     
─────
     
─────
     
─────
     
─────
     
─────
     
─────
     
─────
     
─────
     
─────
     
─────
     
─────
     
─────
     
─────
     
─────
     
─────
     
─────
     
─────
     
─────
     
─────
     
─────
     
─────
╭───╮
┤ h ├
╰───╯
─────
     

secret bitstring = [1, 0, 0, 0, 0, 0, 1, 1, 0, 1, 1, 1, 0, 0, 0, 1, 1, 1, 0, 1, 1, 1]
measured state = 1000001101110001110111
Were we successful? True
	Command being timed: "python3 bernstein-vazirani.py 22"
	User time (seconds): 0.78
	System time (seconds): 0.96
	Percent of CPU this job got: 61%
	Elapsed (wall clock) time (h:mm:ss or m:ss): 0:02.85
	Average shared text size (kbytes): 0
	Average unshared data size (kbytes): 0
	Average stack size (kbytes): 0
	Average total size (kbytes): 0
	Maximum resident set size (kbytes): 589020
	Average resident set size (kbytes): 0
	Major (requiring I/O) page faults: 299
	Minor (reclaiming a frame) page faults: 66969
	Voluntary context switches: 4342
	Involuntary context switches: 23
	Swaps: 0
	File system inputs: 0
	File system outputs: 32
	Socket messages sent: 0
	Socket messages received: 0
	Signals delivered: 0
	Page size (bytes): 4096
	Exit status: 0
      ╭───╮╭───╮                                                  
 q0 : ┤ h ├┤ h ├──────────────────────────────────────────────────
      ├───┤╰───╯     ╭───╮                                        
 q1 : ┤ h ├───────●──┤ h ├────────────────────────────────────────
      ├───┤       │  ├───┤                                        
 q2 : ┤ h ├───────┼──┤ h ├────────────────────────────────────────
      ├───┤       │  ╰───╯╭───╮                                   
 q3 : ┤ h ├───────┼────●──┤ h ├───────────────────────────────────
      ├───┤       │    │  ╰───╯╭───╮                              
 q4 : ┤ h ├───────┼────┼────●──┤ h ├──────────────────────────────
      ├───┤       │    │    │  ├───┤                              
 q5 : ┤ h ├───────┼────┼────┼──┤ h ├──────────────────────────────
      ├───┤       │    │    │  ╰───╯╭───╮                         
 q6 : ┤ h ├───────┼────┼────┼────●──┤ h ├─────────────────────────
      ├───┤       │    │    │    │  ├───┤                         
 q7 : ┤ h ├───────┼────┼────┼────┼──┤ h ├─────────────────────────
      ├───┤       │    │    │    │  ├───┤                         
 q8 : ┤ h ├───────┼────┼────┼────┼──┤ h ├─────────────────────────
      ├───┤       │    │    │    │  ├───┤                         
 q9 : ┤ h ├───────┼────┼────┼────┼──┤ h ├─────────────────────────
      ├───┤       │    │    │    │  ╰───╯╭───╮                    
q10 : ┤ h ├───────┼────┼────┼────┼────●──┤ h ├────────────────────
      ├───┤       │    │    │    │    │  ├───┤                    
q11 : ┤ h ├───────┼────┼────┼────┼────┼──┤ h ├────────────────────
      ├───┤       │    │    │    │    │  ╰───╯╭───╮               
q12 : ┤ h ├───────┼────┼────┼────┼────┼────●──┤ h ├───────────────
      ├───┤       │    │    │    │    │    │  ├───┤               
q13 : ┤ h ├───────┼────┼────┼────┼────┼────┼──┤ h ├───────────────
      ├───┤       │    │    │    │    │    │  ├───┤               
q14 : ┤ h ├───────┼────┼────┼────┼────┼────┼──┤ h ├───────────────
      ├───┤       │    │    │    │    │    │  ├───┤               
q15 : ┤ h ├───────┼────┼────┼────┼────┼────┼──┤ h ├───────────────
      ├───┤       │    │    │    │    │    │  ╰───╯╭───╮          
q16 : ┤ h ├───────┼────┼────┼────┼────┼────┼────●──┤ h ├──────────
      ├───┤       │    │    │    │    │    │    │  ╰───╯╭───╮     
q17 : ┤ h ├───────┼────┼────┼────┼────┼────┼────┼────●──┤ h ├─────
      ├───┤       │    │    │    │    │    │    │    │  ╰───╯╭───╮
q18 : ┤ h ├───────┼────┼────┼────┼────┼────┼────┼────┼────●──┤ h ├
      ├───┤       │    │    │    │    │    │    │    │    │  ├───┤
q19 : ┤ h ├───────┼────┼────┼────┼────┼────┼────┼────┼────┼──┤ h ├
      ├───┤       │    │    │    │    │    │    │    │    │  ├───┤
q20 : ┤ h ├───────┼────┼────┼────┼────┼────┼────┼────┼────┼──┤ h ├
      ├───┤       │    │    │    │    │    │    │    │    │  ├───┤
q21 : ┤ h ├───────┼────┼────┼────┼────┼────┼────┼────┼────┼──┤ h ├
      ├───┤╭───╮╭─┴─╮╭─┴─╮╭─┴─╮╭─┴─╮╭─┴─╮╭─┴─╮╭─┴─╮╭─┴─╮╭─┴─╮╰───╯
q22 : ┤ x ├┤ h ├┤ x ├┤ x ├┤ x ├┤ x ├┤ x ├┤ x ├┤ x ├┤ x ├┤ x ├─────
      ╰───╯╰───╯╰───╯╰───╯╰───╯╰───╯╰───╯╰───╯╰───╯╰───╯╰───╯     

secret bitstring = [0, 1, 0, 1, 1, 0, 1, 0, 0, 0, 1, 0, 1, 0, 0, 0, 1, 1, 1, 0, 0, 0]
measured state = 0101101000101000111000
Were we successful? True
	Command being timed: "python3 bernstein-vazirani.py 22"
	User time (seconds): 0.78
	System time (seconds): 0.78
	Percent of CPU this job got: 70%
	Elapsed (wall clock) time (h:mm:ss or m:ss): 0:02.21
	Average shared text size (kbytes): 0
	Average unshared data size (kbytes): 0
	Average stack size (kbytes): 0
	Average total size (kbytes): 0
	Maximum resident set size (kbytes): 591008
	Average resident set size (kbytes): 0
	Major (requiring I/O) page faults: 0
	Minor (reclaiming a frame) page faults: 65910
	Voluntary context switches: 2146
	Involuntary context switches: 33
	Swaps: 0
	File system inputs: 0
	File system outputs: 24
	Socket messages sent: 0
	Socket messages received: 0
	Signals delivered: 0
	Page size (bytes): 4096
	Exit status: 0
      ╭───╮╭───╮                                             
 q0 : ┤ h ├┤ h ├─────────────────────────────────────────────
      ├───┤╰───╯     ╭───╮                                   
 q1 : ┤ h ├───────●──┤ h ├───────────────────────────────────
      ├───┤       │  ├───┤                                   
 q2 : ┤ h ├───────┼──┤ h ├───────────────────────────────────
      ├───┤       │  ├───┤                                   
 q3 : ┤ h ├───────┼──┤ h ├───────────────────────────────────
      ├───┤       │  ╰───╯╭───╮                              
 q4 : ┤ h ├───────┼────●──┤ h ├──────────────────────────────
      ├───┤       │    │  ├───┤                              
 q5 : ┤ h ├───────┼────┼──┤ h ├──────────────────────────────
      ├───┤       │    │  ╰───╯╭───╮                         
 q6 : ┤ h ├───────┼────┼────●──┤ h ├─────────────────────────
      ├───┤       │    │    │  ╰───╯╭───╮                    
 q7 : ┤ h ├───────┼────┼────┼────●──┤ h ├────────────────────
      ├───┤       │    │    │    │  ├───┤                    
 q8 : ┤ h ├───────┼────┼────┼────┼──┤ h ├────────────────────
      ├───┤       │    │    │    │  ├───┤                    
 q9 : ┤ h ├───────┼────┼────┼────┼──┤ h ├────────────────────
      ├───┤       │    │    │    │  ╰───╯╭───╮               
q10 : ┤ h ├───────┼────┼────┼────┼────●──┤ h ├───────────────
      ├───┤       │    │    │    │    │  ├───┤               
q11 : ┤ h ├───────┼────┼────┼────┼────┼──┤ h ├───────────────
      ├───┤       │    │    │    │    │  ├───┤               
q12 : ┤ h ├───────┼────┼────┼────┼────┼──┤ h ├───────────────
      ├───┤       │    │    │    │    │  ├───┤               
q13 : ┤ h ├───────┼────┼────┼────┼────┼──┤ h ├───────────────
      ├───┤       │    │    │    │    │  ╰───╯╭───╮          
q14 : ┤ h ├───────┼────┼────┼────┼────┼────●──┤ h ├──────────
      ├───┤       │    │    │    │    │    │  ╰───╯╭───╮     
q15 : ┤ h ├───────┼────┼────┼────┼────┼────┼────●──┤ h ├─────
      ├───┤       │    │    │    │    │    │    │  ├───┤     
q16 : ┤ h ├───────┼────┼────┼────┼────┼────┼────┼──┤ h ├─────
      ├───┤       │    │    │    │    │    │    │  ├───┤     
q17 : ┤ h ├───────┼────┼────┼────┼────┼────┼────┼──┤ h ├─────
      ├───┤       │    │    │    │    │    │    │  ├───┤     
q18 : ┤ h ├───────┼────┼────┼────┼────┼────┼────┼──┤ h ├─────
      ├───┤       │    │    │    │    │    │    │  ├───┤     
q19 : ┤ h ├───────┼────┼────┼────┼────┼────┼────┼──┤ h ├─────
      ├───┤       │    │    │    │    │    │    │  ╰───╯╭───╮
q20 : ┤ h ├───────┼────┼────┼────┼────┼────┼────┼────●──┤ h ├
      ├───┤       │    │    │    │    │    │    │    │  ├───┤
q21 : ┤ h ├───────┼────┼────┼────┼────┼────┼────┼────┼──┤ h ├
      ├───┤╭───╮╭─┴─╮╭─┴─╮╭─┴─╮╭─┴─╮╭─┴─╮╭─┴─╮╭─┴─╮╭─┴─╮╰───╯
q22 : ┤ x ├┤ h ├┤ x ├┤ x ├┤ x ├┤ x ├┤ x ├┤ x ├┤ x ├┤ x ├─────
      ╰───╯╰───╯╰───╯╰───╯╰───╯╰───╯╰───╯╰───╯╰───╯╰───╯     

secret bitstring = [0, 1, 0, 0, 1, 0, 1, 1, 0, 0, 1, 0, 0, 0, 1, 1, 0, 0, 0, 0, 1, 0]
measured state = 0100101100100011000010
Were we successful? True
	Command being timed: "python3 bernstein-vazirani.py 22"
	User time (seconds): 0.78
	System time (seconds): 0.86
	Percent of CPU this job got: 58%
	Elapsed (wall clock) time (h:mm:ss or m:ss): 0:02.80
	Average shared text size (kbytes): 0
	Average unshared data size (kbytes): 0
	Average stack size (kbytes): 0
	Average total size (kbytes): 0
	Maximum resident set size (kbytes): 587808
	Average resident set size (kbytes): 0
	Major (requiring I/O) page faults: 0
	Minor (reclaiming a frame) page faults: 66389
	Voluntary context switches: 2279
	Involuntary context switches: 21
	Swaps: 0
	File system inputs: 0
	File system outputs: 24
	Socket messages sent: 0
	Socket messages received: 0
	Signals delivered: 0
	Page size (bytes): 4096
	Exit status: 0
      ╭───╮          ╭───╮                                                  »
 q0 : ┤ h ├───────●──┤ h ├──────────────────────────────────────────────────»
      ├───┤       │  ╰───╯╭───╮                                             »
 q1 : ┤ h ├───────┼────●──┤ h ├─────────────────────────────────────────────»
      ├───┤       │    │  ╰───╯╭───╮                                        »
 q2 : ┤ h ├───────┼────┼────●──┤ h ├────────────────────────────────────────»
      ├───┤       │    │    │  ╰───╯╭───╮                                   »
 q3 : ┤ h ├───────┼────┼────┼────●──┤ h ├───────────────────────────────────»
      ├───┤       │    │    │    │  ├───┤                                   »
 q4 : ┤ h ├───────┼────┼────┼────┼──┤ h ├───────────────────────────────────»
      ├───┤       │    │    │    │  ╰───╯╭───╮                              »
 q5 : ┤ h ├───────┼────┼────┼────┼────●──┤ h ├──────────────────────────────»
      ├───┤       │    │    │    │    │  ├───┤                              »
 q6 : ┤ h ├───────┼────┼────┼────┼────┼──┤ h ├──────────────────────────────»
      ├───┤       │    │    │    │    │  ╰───╯╭───╮                         »
 q7 : ┤ h ├───────┼────┼────┼────┼────┼────●──┤ h ├─────────────────────────»
      ├───┤       │    │    │    │    │    │  ╰───╯╭───╮                    »
 q8 : ┤ h ├───────┼────┼────┼────┼────┼────┼────●──┤ h ├────────────────────»
      ├───┤       │    │    │    │    │    │    │  ├───┤                    »
 q9 : ┤ h ├───────┼────┼────┼────┼────┼────┼────┼──┤ h ├────────────────────»
      ├───┤       │    │    │    │    │    │    │  ╰───╯╭───╮               »
q10 : ┤ h ├───────┼────┼────┼────┼────┼────┼────┼────●──┤ h ├───────────────»
      ├───┤       │    │    │    │    │    │    │    │  ╰───╯╭───╮          »
q11 : ┤ h ├───────┼────┼────┼────┼────┼────┼────┼────┼────●──┤ h ├──────────»
      ├───┤       │    │    │    │    │    │    │    │    │  ╰───╯╭───╮     »
q12 : ┤ h ├───────┼────┼────┼────┼────┼────┼────┼────┼────┼────●──┤ h ├─────»
      ├───┤       │    │    │    │    │    │    │    │    │    │  ├───┤     »
q13 : ┤ h ├───────┼────┼────┼────┼────┼────┼────┼────┼────┼────┼──┤ h ├─────»
      ├───┤       │    │    │    │    │    │    │    │    │    │  ╰───╯╭───╮»
q14 : ┤ h ├───────┼────┼────┼────┼────┼────┼────┼────┼────┼────┼────●──┤ h ├»
      ├───┤       │    │    │    │    │    │    │    │    │    │    │  ╰───╯»
q15 : ┤ h ├───────┼────┼────┼────┼────┼────┼────┼────┼────┼────┼────┼────●──»
      ├───┤       │    │    │    │    │    │    │    │    │    │    │    │  »
q16 : ┤ h ├───────┼────┼────┼────┼────┼────┼────┼────┼────┼────┼────┼────┼──»
      ├───┤       │    │    │    │    │    │    │    │    │    │    │    │  »
q17 : ┤ h ├───────┼────┼────┼────┼────┼────┼────┼────┼────┼────┼────┼────┼──»
      ├───┤       │    │    │    │    │    │    │    │    │    │    │    │  »
q18 : ┤ h ├───────┼────┼────┼────┼────┼────┼────┼────┼────┼────┼────┼────┼──»
      ├───┤       │    │    │    │    │    │    │    │    │    │    │    │  »
q19 : ┤ h ├───────┼────┼────┼────┼────┼────┼────┼────┼────┼────┼────┼────┼──»
      ├───┤       │    │    │    │    │    │    │    │    │    │    │    │  »
q20 : ┤ h ├───────┼────┼────┼────┼────┼────┼────┼────┼────┼────┼────┼────┼──»
      ├───┤       │    │    │    │    │    │    │    │    │    │    │    │  »
q21 : ┤ h ├───────┼────┼────┼────┼────┼────┼────┼────┼────┼────┼────┼────┼──»
      ├───┤╭───╮╭─┴─╮╭─┴─╮╭─┴─╮╭─┴─╮╭─┴─╮╭─┴─╮╭─┴─╮╭─┴─╮╭─┴─╮╭─┴─╮╭─┴─╮╭─┴─╮»
q22 : ┤ x ├┤ h ├┤ x ├┤ x ├┤ x ├┤ x ├┤ x ├┤ x ├┤ x ├┤ x ├┤ x ├┤ x ├┤ x ├┤ x ├»
      ╰───╯╰───╯╰───╯╰───╯╰───╯╰───╯╰───╯╰───╯╰───╯╰───╯╰───╯╰───╯╰───╯╰───╯»

################################################################################

                    
────────────────────
                    
────────────────────
                    
────────────────────
                    
────────────────────
                    
────────────────────
                    
────────────────────
                    
────────────────────
                    
────────────────────
                    
────────────────────
                    
────────────────────
                    
────────────────────
                    
────────────────────
                    
────────────────────
                    
────────────────────
                    
────────────────────
╭───╮               
┤ h ├───────────────
╰───╯╭───╮          
──●──┤ h ├──────────
  │  ├───┤          
──┼──┤ h ├──────────
  │  ╰───╯╭───╮     
──┼────●──┤ h ├─────
  │    │  ├───┤     
──┼────┼──┤ h ├─────
  │    │  ├───┤     
──┼────┼──┤ h ├─────
  │    │  ╰───╯╭───╮
──┼────┼────●──┤ h ├
╭─┴─╮╭─┴─╮╭─┴─╮╰───╯
┤ x ├┤ x ├┤ x ├─────
╰───╯╰───╯╰───╯     

secret bitstring = [1, 1, 1, 1, 0, 1, 0, 1, 1, 0, 1, 1, 1, 0, 1, 1, 1, 0, 1, 0, 0, 1]
measured state = 1111010110111011101001
Were we successful? True
	Command being timed: "python3 bernstein-vazirani.py 22"
	User time (seconds): 0.77
	System time (seconds): 0.75
	Percent of CPU this job got: 68%
	Elapsed (wall clock) time (h:mm:ss or m:ss): 0:02.22
	Average shared text size (kbytes): 0
	Average unshared data size (kbytes): 0
	Average stack size (kbytes): 0
	Average total size (kbytes): 0
	Maximum resident set size (kbytes): 589308
	Average resident set size (kbytes): 0
	Major (requiring I/O) page faults: 0
	Minor (reclaiming a frame) page faults: 64205
	Voluntary context switches: 2244
	Involuntary context switches: 22
	Swaps: 0
	File system inputs: 0
	File system outputs: 40
	Socket messages sent: 0
	Socket messages received: 0
	Signals delivered: 0
	Page size (bytes): 4096
	Exit status: 0
      ╭───╮          ╭───╮                                                  »
 q0 : ┤ h ├───────●──┤ h ├──────────────────────────────────────────────────»
      ├───┤       │  ├───┤                                                  »
 q1 : ┤ h ├───────┼──┤ h ├──────────────────────────────────────────────────»
      ├───┤       │  ├───┤                                                  »
 q2 : ┤ h ├───────┼──┤ h ├──────────────────────────────────────────────────»
      ├───┤       │  ╰───╯╭───╮                                             »
 q3 : ┤ h ├───────┼────●──┤ h ├─────────────────────────────────────────────»
      ├───┤       │    │  ╰───╯╭───╮                                        »
 q4 : ┤ h ├───────┼────┼────●──┤ h ├────────────────────────────────────────»
      ├───┤       │    │    │  ╰───╯╭───╮                                   »
 q5 : ┤ h ├───────┼────┼────┼────●──┤ h ├───────────────────────────────────»
      ├───┤       │    │    │    │  ╰───╯╭───╮                              »
 q6 : ┤ h ├───────┼────┼────┼────┼────●──┤ h ├──────────────────────────────»
      ├───┤       │    │    │    │    │  ├───┤                              »
 q7 : ┤ h ├───────┼────┼────┼────┼────┼──┤ h ├──────────────────────────────»
      ├───┤       │    │    │    │    │  ╰───╯╭───╮                         »
 q8 : ┤ h ├───────┼────┼────┼────┼────┼────●──┤ h ├─────────────────────────»
      ├───┤       │    │    │    │    │    │  ╰───╯╭───╮                    »
 q9 : ┤ h ├───────┼────┼────┼────┼────┼────┼────●──┤ h ├────────────────────»
      ├───┤       │    │    │    │    │    │    │  ├───┤                    »
q10 : ┤ h ├───────┼────┼────┼────┼────┼────┼────┼──┤ h ├────────────────────»
      ├───┤       │    │    │    │    │    │    │  ├───┤                    »
q11 : ┤ h ├───────┼────┼────┼────┼────┼────┼────┼──┤ h ├────────────────────»
      ├───┤       │    │    │    │    │    │    │  ╰───╯╭───╮               »
q12 : ┤ h ├───────┼────┼────┼────┼────┼────┼────┼────●──┤ h ├───────────────»
      ├───┤       │    │    │    │    │    │    │    │  ├───┤               »
q13 : ┤ h ├───────┼────┼────┼────┼────┼────┼────┼────┼──┤ h ├───────────────»
      ├───┤       │    │    │    │    │    │    │    │  ├───┤               »
q14 : ┤ h ├───────┼────┼────┼────┼────┼────┼────┼────┼──┤ h ├───────────────»
      ├───┤       │    │    │    │    │    │    │    │  ├───┤               »
q15 : ┤ h ├───────┼────┼────┼────┼────┼────┼────┼────┼──┤ h ├───────────────»
      ├───┤       │    │    │    │    │    │    │    │  ├───┤               »
q16 : ┤ h ├───────┼────┼────┼────┼────┼────┼────┼────┼──┤ h ├───────────────»
      ├───┤       │    │    │    │    │    │    │    │  ╰───╯╭───╮          »
q17 : ┤ h ├───────┼────┼────┼────┼────┼────┼────┼────┼────●──┤ h ├──────────»
      ├───┤       │    │    │    │    │    │    │    │    │  ╰───╯╭───╮     »
q18 : ┤ h ├───────┼────┼────┼────┼────┼────┼────┼────┼────┼────●──┤ h ├─────»
      ├───┤       │    │    │    │    │    │    │    │    │    │  ╰───╯╭───╮»
q19 : ┤ h ├───────┼────┼────┼────┼────┼────┼────┼────┼────┼────┼────●──┤ h ├»
      ├───┤       │    │    │    │    │    │    │    │    │    │    │  ╰───╯»
q20 : ┤ h ├───────┼────┼────┼────┼────┼────┼────┼────┼────┼────┼────┼────●──»
      ├───┤       │    │    │    │    │    │    │    │    │    │    │    │  »
q21 : ┤ h ├───────┼────┼────┼────┼────┼────┼────┼────┼────┼────┼────┼────┼──»
      ├───┤╭───╮╭─┴─╮╭─┴─╮╭─┴─╮╭─┴─╮╭─┴─╮╭─┴─╮╭─┴─╮╭─┴─╮╭─┴─╮╭─┴─╮╭─┴─╮╭─┴─╮»
q22 : ┤ x ├┤ h ├┤ x ├┤ x ├┤ x ├┤ x ├┤ x ├┤ x ├┤ x ├┤ x ├┤ x ├┤ x ├┤ x ├┤ x ├»
      ╰───╯╰───╯╰───╯╰───╯╰───╯╰───╯╰───╯╰───╯╰───╯╰───╯╰───╯╰───╯╰───╯╰───╯»

################################################################################

          
──────────
          
──────────
          
──────────
          
──────────
          
──────────
          
──────────
          
──────────
          
──────────
          
──────────
          
──────────
          
──────────
          
──────────
          
──────────
          
──────────
          
──────────
          
──────────
          
──────────
          
──────────
          
──────────
          
──────────
╭───╮     
┤ h ├─────
╰───╯╭───╮
──●──┤ h ├
╭─┴─╮╰───╯
┤ x ├─────
╰───╯     

secret bitstring = [1, 0, 0, 1, 1, 1, 1, 0, 1, 1, 0, 0, 1, 0, 0, 0, 0, 1, 1, 1, 1, 1]
measured state = 1001111011001000011111
Were we successful? True
	Command being timed: "python3 bernstein-vazirani.py 22"
	User time (seconds): 0.78
	System time (seconds): 0.77
	Percent of CPU this job got: 72%
	Elapsed (wall clock) time (h:mm:ss or m:ss): 0:02.15
	Average shared text size (kbytes): 0
	Average unshared data size (kbytes): 0
	Average stack size (kbytes): 0
	Average total size (kbytes): 0
	Maximum resident set size (kbytes): 592076
	Average resident set size (kbytes): 0
	Major (requiring I/O) page faults: 0
	Minor (reclaiming a frame) page faults: 64338
	Voluntary context switches: 2672
	Involuntary context switches: 26
	Swaps: 0
	File system inputs: 0
	File system outputs: 32
	Socket messages sent: 0
	Socket messages received: 0
	Signals delivered: 0
	Page size (bytes): 4096
	Exit status: 0
      ╭───╮╭───╮                                                       
 q0 : ┤ h ├┤ h ├───────────────────────────────────────────────────────
      ├───┤╰───╯     ╭───╮                                             
 q1 : ┤ h ├───────●──┤ h ├─────────────────────────────────────────────
      ├───┤       │  ╰───╯╭───╮                                        
 q2 : ┤ h ├───────┼────●──┤ h ├────────────────────────────────────────
      ├───┤       │    │  ├───┤                                        
 q3 : ┤ h ├───────┼────┼──┤ h ├────────────────────────────────────────
      ├───┤       │    │  ╰───╯╭───╮                                   
 q4 : ┤ h ├───────┼────┼────●──┤ h ├───────────────────────────────────
      ├───┤       │    │    │  ╰───╯╭───╮                              
 q5 : ┤ h ├───────┼────┼────┼────●──┤ h ├──────────────────────────────
      ├───┤       │    │    │    │  ╰───╯╭───╮                         
 q6 : ┤ h ├───────┼────┼────┼────┼────●──┤ h ├─────────────────────────
      ├───┤       │    │    │    │    │  ├───┤                         
 q7 : ┤ h ├───────┼────┼────┼────┼────┼──┤ h ├─────────────────────────
      ├───┤       │    │    │    │    │  ├───┤                         
 q8 : ┤ h ├───────┼────┼────┼────┼────┼──┤ h ├─────────────────────────
      ├───┤       │    │    │    │    │  ├───┤                         
 q9 : ┤ h ├───────┼────┼────┼────┼────┼──┤ h ├─────────────────────────
      ├───┤       │    │    │    │    │  ├───┤                         
q10 : ┤ h ├───────┼────┼────┼────┼────┼──┤ h ├─────────────────────────
      ├───┤       │    │    │    │    │  ├───┤                         
q11 : ┤ h ├───────┼────┼────┼────┼────┼──┤ h ├─────────────────────────
      ├───┤       │    │    │    │    │  ├───┤                         
q12 : ┤ h ├───────┼────┼────┼────┼────┼──┤ h ├─────────────────────────
      ├───┤       │    │    │    │    │  ╰───╯╭───╮                    
q13 : ┤ h ├───────┼────┼────┼────┼────┼────●──┤ h ├────────────────────
      ├───┤       │    │    │    │    │    │  ╰───╯╭───╮               
q14 : ┤ h ├───────┼────┼────┼────┼────┼────┼────●──┤ h ├───────────────
      ├───┤       │    │    │    │    │    │    │  ├───┤               
q15 : ┤ h ├───────┼────┼────┼────┼────┼────┼────┼──┤ h ├───────────────
      ├───┤       │    │    │    │    │    │    │  ├───┤               
q16 : ┤ h ├───────┼────┼────┼────┼────┼────┼────┼──┤ h ├───────────────
      ├───┤       │    │    │    │    │    │    │  ├───┤               
q17 : ┤ h ├───────┼────┼────┼────┼────┼────┼────┼──┤ h ├───────────────
      ├───┤       │    │    │    │    │    │    │  ├───┤               
q18 : ┤ h ├───────┼────┼────┼────┼────┼────┼────┼──┤ h ├───────────────
      ├───┤       │    │    │    │    │    │    │  ╰───╯╭───╮          
q19 : ┤ h ├───────┼────┼────┼────┼────┼────┼────┼────●──┤ h ├──────────
      ├───┤       │    │    │    │    │    │    │    │  ╰───╯╭───╮     
q20 : ┤ h ├───────┼────┼────┼────┼────┼────┼────┼────┼────●──┤ h ├─────
      ├───┤       │    │    │    │    │    │    │    │    │  ╰───╯╭───╮
q21 : ┤ h ├───────┼────┼────┼────┼────┼────┼────┼────┼────┼────●──┤ h ├
      ├───┤╭───╮╭─┴─╮╭─┴─╮╭─┴─╮╭─┴─╮╭─┴─╮╭─┴─╮╭─┴─╮╭─┴─╮╭─┴─╮╭─┴─╮╰───╯
q22 : ┤ x ├┤ h ├┤ x ├┤ x ├┤ x ├┤ x ├┤ x ├┤ x ├┤ x ├┤ x ├┤ x ├┤ x ├─────
      ╰───╯╰───╯╰───╯╰───╯╰───╯╰───╯╰───╯╰───╯╰───╯╰───╯╰───╯╰───╯     

secret bitstring = [0, 1, 1, 0, 1, 1, 1, 0, 0, 0, 0, 0, 0, 1, 1, 0, 0, 0, 0, 1, 1, 1]
measured state = 0110111000000110000111
Were we successful? True
	Command being timed: "python3 bernstein-vazirani.py 22"
	User time (seconds): 0.76
	System time (seconds): 0.81
	Percent of CPU this job got: 74%
	Elapsed (wall clock) time (h:mm:ss or m:ss): 0:02.11
	Average shared text size (kbytes): 0
	Average unshared data size (kbytes): 0
	Average stack size (kbytes): 0
	Average total size (kbytes): 0
	Maximum resident set size (kbytes): 590460
	Average resident set size (kbytes): 0
	Major (requiring I/O) page faults: 0
	Minor (reclaiming a frame) page faults: 57139
	Voluntary context switches: 2165
	Involuntary context switches: 19
	Swaps: 0
	File system inputs: 0
	File system outputs: 32
	Socket messages sent: 0
	Socket messages received: 0
	Signals delivered: 0
	Page size (bytes): 4096
	Exit status: 0
      ╭───╮          ╭───╮                                                  »
 q0 : ┤ h ├───────●──┤ h ├──────────────────────────────────────────────────»
      ├───┤       │  ╰───╯╭───╮                                             »
 q1 : ┤ h ├───────┼────●──┤ h ├─────────────────────────────────────────────»
      ├───┤       │    │  ╰───╯╭───╮                                        »
 q2 : ┤ h ├───────┼────┼────●──┤ h ├────────────────────────────────────────»
      ├───┤       │    │    │  ╰───╯╭───╮                                   »
 q3 : ┤ h ├───────┼────┼────┼────●──┤ h ├───────────────────────────────────»
      ├───┤       │    │    │    │  ├───┤                                   »
 q4 : ┤ h ├───────┼────┼────┼────┼──┤ h ├───────────────────────────────────»
      ├───┤       │    │    │    │  ╰───╯╭───╮                              »
 q5 : ┤ h ├───────┼────┼────┼────┼────●──┤ h ├──────────────────────────────»
      ├───┤       │    │    │    │    │  ╰───╯╭───╮                         »
 q6 : ┤ h ├───────┼────┼────┼────┼────┼────●──┤ h ├─────────────────────────»
      ├───┤       │    │    │    │    │    │  ├───┤                         »
 q7 : ┤ h ├───────┼────┼────┼────┼────┼────┼──┤ h ├─────────────────────────»
      ├───┤       │    │    │    │    │    │  ╰───╯╭───╮                    »
 q8 : ┤ h ├───────┼────┼────┼────┼────┼────┼────●──┤ h ├────────────────────»
      ├───┤       │    │    │    │    │    │    │  ╰───╯╭───╮               »
 q9 : ┤ h ├───────┼────┼────┼────┼────┼────┼────┼────●──┤ h ├───────────────»
      ├───┤       │    │    │    │    │    │    │    │  ╰───╯╭───╮          »
q10 : ┤ h ├───────┼────┼────┼────┼────┼────┼────┼────┼────●──┤ h ├──────────»
      ├───┤       │    │    │    │    │    │    │    │    │  ╰───╯╭───╮     »
q11 : ┤ h ├───────┼────┼────┼────┼────┼────┼────┼────┼────┼────●──┤ h ├─────»
      ├───┤       │    │    │    │    │    │    │    │    │    │  ├───┤     »
q12 : ┤ h ├───────┼────┼────┼────┼────┼────┼────┼────┼────┼────┼──┤ h ├─────»
      ├───┤       │    │    │    │    │    │    │    │    │    │  ├───┤     »
q13 : ┤ h ├───────┼────┼────┼────┼────┼────┼────┼────┼────┼────┼──┤ h ├─────»
      ├───┤       │    │    │    │    │    │    │    │    │    │  ├───┤     »
q14 : ┤ h ├───────┼────┼────┼────┼────┼────┼────┼────┼────┼────┼──┤ h ├─────»
      ├───┤       │    │    │    │    │    │    │    │    │    │  ├───┤     »
q15 : ┤ h ├───────┼────┼────┼────┼────┼────┼────┼────┼────┼────┼──┤ h ├─────»
      ├───┤       │    │    │    │    │    │    │    │    │    │  ╰───╯╭───╮»
q16 : ┤ h ├───────┼────┼────┼────┼────┼────┼────┼────┼────┼────┼────●──┤ h ├»
      ├───┤       │    │    │    │    │    │    │    │    │    │    │  ├───┤»
q17 : ┤ h ├───────┼────┼────┼────┼────┼────┼────┼────┼────┼────┼────┼──┤ h ├»
      ├───┤       │    │    │    │    │    │    │    │    │    │    │  ├───┤»
q18 : ┤ h ├───────┼────┼────┼────┼────┼────┼────┼────┼────┼────┼────┼──┤ h ├»
      ├───┤       │    │    │    │    │    │    │    │    │    │    │  ├───┤»
q19 : ┤ h ├───────┼────┼────┼────┼────┼────┼────┼────┼────┼────┼────┼──┤ h ├»
      ├───┤       │    │    │    │    │    │    │    │    │    │    │  ╰───╯»
q20 : ┤ h ├───────┼────┼────┼────┼────┼────┼────┼────┼────┼────┼────┼────●──»
      ├───┤       │    │    │    │    │    │    │    │    │    │    │    │  »
q21 : ┤ h ├───────┼────┼────┼────┼────┼────┼────┼────┼────┼────┼────┼────┼──»
      ├───┤╭───╮╭─┴─╮╭─┴─╮╭─┴─╮╭─┴─╮╭─┴─╮╭─┴─╮╭─┴─╮╭─┴─╮╭─┴─╮╭─┴─╮╭─┴─╮╭─┴─╮»
q22 : ┤ x ├┤ h ├┤ x ├┤ x ├┤ x ├┤ x ├┤ x ├┤ x ├┤ x ├┤ x ├┤ x ├┤ x ├┤ x ├┤ x ├»
      ╰───╯╰───╯╰───╯╰───╯╰───╯╰───╯╰───╯╰───╯╰───╯╰───╯╰───╯╰───╯╰───╯╰───╯»

################################################################################

     
─────
     
─────
     
─────
     
─────
     
─────
     
─────
     
─────
     
─────
     
─────
     
─────
     
─────
     
─────
     
─────
     
─────
     
─────
     
─────
     
─────
     
─────
     
─────
     
─────
╭───╮
┤ h ├
├───┤
┤ h ├
╰───╯
─────
     

secret bitstring = [1, 1, 1, 1, 0, 1, 1, 0, 1, 1, 1, 1, 0, 0, 0, 0, 1, 0, 0, 0, 1, 0]
measured state = 1111011011110000100010
Were we successful? True
	Command being timed: "python3 bernstein-vazirani.py 22"
	User time (seconds): 0.78
	System time (seconds): 0.78
	Percent of CPU this job got: 65%
	Elapsed (wall clock) time (h:mm:ss or m:ss): 0:02.39
	Average shared text size (kbytes): 0
	Average unshared data size (kbytes): 0
	Average stack size (kbytes): 0
	Average total size (kbytes): 0
	Maximum resident set size (kbytes): 588868
	Average resident set size (kbytes): 0
	Major (requiring I/O) page faults: 0
	Minor (reclaiming a frame) page faults: 66393
	Voluntary context switches: 2162
	Involuntary context switches: 19
	Swaps: 0
	File system inputs: 0
	File system outputs: 32
	Socket messages sent: 0
	Socket messages received: 0
	Signals delivered: 0
	Page size (bytes): 4096
	Exit status: 0
      ╭───╮          ╭───╮                                                  »
 q0 : ┤ h ├───────●──┤ h ├──────────────────────────────────────────────────»
      ├───┤       │  ╰───╯╭───╮                                             »
 q1 : ┤ h ├───────┼────●──┤ h ├─────────────────────────────────────────────»
      ├───┤       │    │  ├───┤                                             »
 q2 : ┤ h ├───────┼────┼──┤ h ├─────────────────────────────────────────────»
      ├───┤       │    │  ├───┤                                             »
 q3 : ┤ h ├───────┼────┼──┤ h ├─────────────────────────────────────────────»
      ├───┤       │    │  ╰───╯╭───╮                                        »
 q4 : ┤ h ├───────┼────┼────●──┤ h ├────────────────────────────────────────»
      ├───┤       │    │    │  ╰───╯╭───╮                                   »
 q5 : ┤ h ├───────┼────┼────┼────●──┤ h ├───────────────────────────────────»
      ├───┤       │    │    │    │  ╰───╯╭───╮                              »
 q6 : ┤ h ├───────┼────┼────┼────┼────●──┤ h ├──────────────────────────────»
      ├───┤       │    │    │    │    │  ╰───╯╭───╮                         »
 q7 : ┤ h ├───────┼────┼────┼────┼────┼────●──┤ h ├─────────────────────────»
      ├───┤       │    │    │    │    │    │  ├───┤                         »
 q8 : ┤ h ├───────┼────┼────┼────┼────┼────┼──┤ h ├─────────────────────────»
      ├───┤       │    │    │    │    │    │  ├───┤                         »
 q9 : ┤ h ├───────┼────┼────┼────┼────┼────┼──┤ h ├─────────────────────────»
      ├───┤       │    │    │    │    │    │  ├───┤                         »
q10 : ┤ h ├───────┼────┼────┼────┼────┼────┼──┤ h ├─────────────────────────»
      ├───┤       │    │    │    │    │    │  ├───┤                         »
q11 : ┤ h ├───────┼────┼────┼────┼────┼────┼──┤ h ├─────────────────────────»
      ├───┤       │    │    │    │    │    │  ├───┤                         »
q12 : ┤ h ├───────┼────┼────┼────┼────┼────┼──┤ h ├─────────────────────────»
      ├───┤       │    │    │    │    │    │  ╰───╯╭───╮                    »
q13 : ┤ h ├───────┼────┼────┼────┼────┼────┼────●──┤ h ├────────────────────»
      ├───┤       │    │    │    │    │    │    │  ╰───╯╭───╮               »
q14 : ┤ h ├───────┼────┼────┼────┼────┼────┼────┼────●──┤ h ├───────────────»
      ├───┤       │    │    │    │    │    │    │    │  ├───┤               »
q15 : ┤ h ├───────┼────┼────┼────┼────┼────┼────┼────┼──┤ h ├───────────────»
      ├───┤       │    │    │    │    │    │    │    │  ╰───╯╭───╮          »
q16 : ┤ h ├───────┼────┼────┼────┼────┼────┼────┼────┼────●──┤ h ├──────────»
      ├───┤       │    │    │    │    │    │    │    │    │  ├───┤          »
q17 : ┤ h ├───────┼────┼────┼────┼────┼────┼────┼────┼────┼──┤ h ├──────────»
      ├───┤       │    │    │    │    │    │    │    │    │  ├───┤          »
q18 : ┤ h ├───────┼────┼────┼────┼────┼────┼────┼────┼────┼──┤ h ├──────────»
      ├───┤       │    │    │    │    │    │    │    │    │  ╰───╯╭───╮     »
q19 : ┤ h ├───────┼────┼────┼────┼────┼────┼────┼────┼────┼────●──┤ h ├─────»
      ├───┤       │    │    │    │    │    │    │    │    │    │  ╰───╯╭───╮»
q20 : ┤ h ├───────┼────┼────┼────┼────┼────┼────┼────┼────┼────┼────●──┤ h ├»
      ├───┤       │    │    │    │    │    │    │    │    │    │    │  ╰───╯»
q21 : ┤ h ├───────┼────┼────┼────┼────┼────┼────┼────┼────┼────┼────┼────●──»
      ├───┤╭───╮╭─┴─╮╭─┴─╮╭─┴─╮╭─┴─╮╭─┴─╮╭─┴─╮╭─┴─╮╭─┴─╮╭─┴─╮╭─┴─╮╭─┴─╮╭─┴─╮»
q22 : ┤ x ├┤ h ├┤ x ├┤ x ├┤ x ├┤ x ├┤ x ├┤ x ├┤ x ├┤ x ├┤ x ├┤ x ├┤ x ├┤ x ├»
      ╰───╯╰───╯╰───╯╰───╯╰───╯╰───╯╰───╯╰───╯╰───╯╰───╯╰───╯╰───╯╰───╯╰───╯»

################################################################################

     
─────
     
─────
     
─────
     
─────
     
─────
     
─────
     
─────
     
─────
     
─────
     
─────
     
─────
     
─────
     
─────
     
─────
     
─────
     
─────
     
─────
     
─────
     
─────
     
─────
     
─────
╭───╮
┤ h ├
╰───╯
─────
     

secret bitstring = [1, 1, 0, 0, 1, 1, 1, 1, 0, 0, 0, 0, 0, 1, 1, 0, 1, 0, 0, 1, 1, 1]
measured state = 1100111100000110100111
Were we successful? True
	Command being timed: "python3 bernstein-vazirani.py 22"
	User time (seconds): 0.78
	System time (seconds): 0.78
	Percent of CPU this job got: 65%
	Elapsed (wall clock) time (h:mm:ss or m:ss): 0:02.39
	Average shared text size (kbytes): 0
	Average unshared data size (kbytes): 0
	Average stack size (kbytes): 0
	Average total size (kbytes): 0
	Maximum resident set size (kbytes): 587464
	Average resident set size (kbytes): 0
	Major (requiring I/O) page faults: 0
	Minor (reclaiming a frame) page faults: 66266
	Voluntary context switches: 2214
	Involuntary context switches: 20
	Swaps: 0
	File system inputs: 0
	File system outputs: 40
	Socket messages sent: 0
	Socket messages received: 0
	Signals delivered: 0
	Page size (bytes): 4096
	Exit status: 0
      ╭───╮          ╭───╮                                        
 q0 : ┤ h ├───────●──┤ h ├────────────────────────────────────────
      ├───┤       │  ├───┤                                        
 q1 : ┤ h ├───────┼──┤ h ├────────────────────────────────────────
      ├───┤       │  ╰───╯╭───╮                                   
 q2 : ┤ h ├───────┼────●──┤ h ├───────────────────────────────────
      ├───┤       │    │  ├───┤                                   
 q3 : ┤ h ├───────┼────┼──┤ h ├───────────────────────────────────
      ├───┤       │    │  ├───┤                                   
 q4 : ┤ h ├───────┼────┼──┤ h ├───────────────────────────────────
      ├───┤       │    │  ╰───╯╭───╮                              
 q5 : ┤ h ├───────┼────┼────●──┤ h ├──────────────────────────────
      ├───┤       │    │    │  ├───┤                              
 q6 : ┤ h ├───────┼────┼────┼──┤ h ├──────────────────────────────
      ├───┤       │    │    │  ╰───╯╭───╮                         
 q7 : ┤ h ├───────┼────┼────┼────●──┤ h ├─────────────────────────
      ├───┤       │    │    │    │  ╰───╯╭───╮                    
 q8 : ┤ h ├───────┼────┼────┼────┼────●──┤ h ├────────────────────
      ├───┤       │    │    │    │    │  ╰───╯╭───╮               
 q9 : ┤ h ├───────┼────┼────┼────┼────┼────●──┤ h ├───────────────
      ├───┤       │    │    │    │    │    │  ├───┤               
q10 : ┤ h ├───────┼────┼────┼────┼────┼────┼──┤ h ├───────────────
      ├───┤       │    │    │    │    │    │  ├───┤               
q11 : ┤ h ├───────┼────┼────┼────┼────┼────┼──┤ h ├───────────────
      ├───┤       │    │    │    │    │    │  ╰───╯╭───╮          
q12 : ┤ h ├───────┼────┼────┼────┼────┼────┼────●──┤ h ├──────────
      ├───┤       │    │    │    │    │    │    │  ├───┤          
q13 : ┤ h ├───────┼────┼────┼────┼────┼────┼────┼──┤ h ├──────────
      ├───┤       │    │    │    │    │    │    │  ├───┤          
q14 : ┤ h ├───────┼────┼────┼────┼────┼────┼────┼──┤ h ├──────────
      ├───┤       │    │    │    │    │    │    │  ├───┤          
q15 : ┤ h ├───────┼────┼────┼────┼────┼────┼────┼──┤ h ├──────────
      ├───┤       │    │    │    │    │    │    │  ╰───╯╭───╮     
q16 : ┤ h ├───────┼────┼────┼────┼────┼────┼────┼────●──┤ h ├─────
      ├───┤       │    │    │    │    │    │    │    │  ╰───╯╭───╮
q17 : ┤ h ├───────┼────┼────┼────┼────┼────┼────┼────┼────●──┤ h ├
      ├───┤       │    │    │    │    │    │    │    │    │  ├───┤
q18 : ┤ h ├───────┼────┼────┼────┼────┼────┼────┼────┼────┼──┤ h ├
      ├───┤       │    │    │    │    │    │    │    │    │  ├───┤
q19 : ┤ h ├───────┼────┼────┼────┼────┼────┼────┼────┼────┼──┤ h ├
      ├───┤       │    │    │    │    │    │    │    │    │  ├───┤
q20 : ┤ h ├───────┼────┼────┼────┼────┼────┼────┼────┼────┼──┤ h ├
      ├───┤       │    │    │    │    │    │    │    │    │  ├───┤
q21 : ┤ h ├───────┼────┼────┼────┼────┼────┼────┼────┼────┼──┤ h ├
      ├───┤╭───╮╭─┴─╮╭─┴─╮╭─┴─╮╭─┴─╮╭─┴─╮╭─┴─╮╭─┴─╮╭─┴─╮╭─┴─╮╰───╯
q22 : ┤ x ├┤ h ├┤ x ├┤ x ├┤ x ├┤ x ├┤ x ├┤ x ├┤ x ├┤ x ├┤ x ├─────
      ╰───╯╰───╯╰───╯╰───╯╰───╯╰───╯╰───╯╰───╯╰───╯╰───╯╰───╯     

secret bitstring = [1, 0, 1, 0, 0, 1, 0, 1, 1, 1, 0, 0, 1, 0, 0, 0, 1, 1, 0, 0, 0, 0]
measured state = 1010010111001000110000
Were we successful? True
	Command being timed: "python3 bernstein-vazirani.py 22"
	User time (seconds): 0.80
	System time (seconds): 0.77
	Percent of CPU this job got: 59%
	Elapsed (wall clock) time (h:mm:ss or m:ss): 0:02.64
	Average shared text size (kbytes): 0
	Average unshared data size (kbytes): 0
	Average stack size (kbytes): 0
	Average total size (kbytes): 0
	Maximum resident set size (kbytes): 589348
	Average resident set size (kbytes): 0
	Major (requiring I/O) page faults: 0
	Minor (reclaiming a frame) page faults: 66631
	Voluntary context switches: 2322
	Involuntary context switches: 26
	Swaps: 0
	File system inputs: 0
	File system outputs: 24
	Socket messages sent: 0
	Socket messages received: 0
	Signals delivered: 0
	Page size (bytes): 4096
	Exit status: 0
      ╭───╮          ╭───╮                                                  »
 q0 : ┤ h ├───────●──┤ h ├──────────────────────────────────────────────────»
      ├───┤       │  ├───┤                                                  »
 q1 : ┤ h ├───────┼──┤ h ├──────────────────────────────────────────────────»
      ├───┤       │  ╰───╯╭───╮                                             »
 q2 : ┤ h ├───────┼────●──┤ h ├─────────────────────────────────────────────»
      ├───┤       │    │  ├───┤                                             »
 q3 : ┤ h ├───────┼────┼──┤ h ├─────────────────────────────────────────────»
      ├───┤       │    │  ╰───╯╭───╮                                        »
 q4 : ┤ h ├───────┼────┼────●──┤ h ├────────────────────────────────────────»
      ├───┤       │    │    │  ╰───╯╭───╮                                   »
 q5 : ┤ h ├───────┼────┼────┼────●──┤ h ├───────────────────────────────────»
      ├───┤       │    │    │    │  ╰───╯╭───╮                              »
 q6 : ┤ h ├───────┼────┼────┼────┼────●──┤ h ├──────────────────────────────»
      ├───┤       │    │    │    │    │  ╰───╯╭───╮                         »
 q7 : ┤ h ├───────┼────┼────┼────┼────┼────●──┤ h ├─────────────────────────»
      ├───┤       │    │    │    │    │    │  ╰───╯╭───╮                    »
 q8 : ┤ h ├───────┼────┼────┼────┼────┼────┼────●──┤ h ├────────────────────»
      ├───┤       │    │    │    │    │    │    │  ╰───╯╭───╮               »
 q9 : ┤ h ├───────┼────┼────┼────┼────┼────┼────┼────●──┤ h ├───────────────»
      ├───┤       │    │    │    │    │    │    │    │  ╰───╯╭───╮          »
q10 : ┤ h ├───────┼────┼────┼────┼────┼────┼────┼────┼────●──┤ h ├──────────»
      ├───┤       │    │    │    │    │    │    │    │    │  ╰───╯╭───╮     »
q11 : ┤ h ├───────┼────┼────┼────┼────┼────┼────┼────┼────┼────●──┤ h ├─────»
      ├───┤       │    │    │    │    │    │    │    │    │    │  ├───┤     »
q12 : ┤ h ├───────┼────┼────┼────┼────┼────┼────┼────┼────┼────┼──┤ h ├─────»
      ├───┤       │    │    │    │    │    │    │    │    │    │  ├───┤     »
q13 : ┤ h ├───────┼────┼────┼────┼────┼────┼────┼────┼────┼────┼──┤ h ├─────»
      ├───┤       │    │    │    │    │    │    │    │    │    │  ╰───╯╭───╮»
q14 : ┤ h ├───────┼────┼────┼────┼────┼────┼────┼────┼────┼────┼────●──┤ h ├»
      ├───┤       │    │    │    │    │    │    │    │    │    │    │  ╰───╯»
q15 : ┤ h ├───────┼────┼────┼────┼────┼────┼────┼────┼────┼────┼────┼────●──»
      ├───┤       │    │    │    │    │    │    │    │    │    │    │    │  »
q16 : ┤ h ├───────┼────┼────┼────┼────┼────┼────┼────┼────┼────┼────┼────┼──»
      ├───┤       │    │    │    │    │    │    │    │    │    │    │    │  »
q17 : ┤ h ├───────┼────┼────┼────┼────┼────┼────┼────┼────┼────┼────┼────┼──»
      ├───┤       │    │    │    │    │    │    │    │    │    │    │    │  »
q18 : ┤ h ├───────┼────┼────┼────┼────┼────┼────┼────┼────┼────┼────┼────┼──»
      ├───┤       │    │    │    │    │    │    │    │    │    │    │    │  »
q19 : ┤ h ├───────┼────┼────┼────┼────┼────┼────┼────┼────┼────┼────┼────┼──»
      ├───┤       │    │    │    │    │    │    │    │    │    │    │    │  »
q20 : ┤ h ├───────┼────┼────┼────┼────┼────┼────┼────┼────┼────┼────┼────┼──»
      ├───┤       │    │    │    │    │    │    │    │    │    │    │    │  »
q21 : ┤ h ├───────┼────┼────┼────┼────┼────┼────┼────┼────┼────┼────┼────┼──»
      ├───┤╭───╮╭─┴─╮╭─┴─╮╭─┴─╮╭─┴─╮╭─┴─╮╭─┴─╮╭─┴─╮╭─┴─╮╭─┴─╮╭─┴─╮╭─┴─╮╭─┴─╮»
q22 : ┤ x ├┤ h ├┤ x ├┤ x ├┤ x ├┤ x ├┤ x ├┤ x ├┤ x ├┤ x ├┤ x ├┤ x ├┤ x ├┤ x ├»
      ╰───╯╰───╯╰───╯╰───╯╰───╯╰───╯╰───╯╰───╯╰───╯╰───╯╰───╯╰───╯╰───╯╰───╯»

################################################################################

                         
─────────────────────────
                         
─────────────────────────
                         
─────────────────────────
                         
─────────────────────────
                         
─────────────────────────
                         
─────────────────────────
                         
─────────────────────────
                         
─────────────────────────
                         
─────────────────────────
                         
─────────────────────────
                         
─────────────────────────
                         
─────────────────────────
                         
─────────────────────────
                         
─────────────────────────
                         
─────────────────────────
╭───╮                    
┤ h ├────────────────────
├───┤                    
┤ h ├────────────────────
╰───╯╭───╮               
──●──┤ h ├───────────────
  │  ╰───╯╭───╮          
──┼────●──┤ h ├──────────
  │    │  ├───┤          
──┼────┼──┤ h ├──────────
  │    │  ╰───╯╭───╮     
──┼────┼────●──┤ h ├─────
  │    │    │  ╰───╯╭───╮
──┼────┼────┼────●──┤ h ├
╭─┴─╮╭─┴─╮╭─┴─╮╭─┴─╮╰───╯
┤ x ├┤ x ├┤ x ├┤ x ├─────
╰───╯╰───╯╰───╯╰───╯     

secret bitstring = [1, 0, 1, 0, 1, 1, 1, 1, 1, 1, 1, 1, 0, 0, 1, 1, 0, 1, 1, 0, 1, 1]
measured state = 1010111111110011011011
Were we successful? True
	Command being timed: "python3 bernstein-vazirani.py 22"
	User time (seconds): 0.80
	System time (seconds): 0.80
	Percent of CPU this job got: 71%
	Elapsed (wall clock) time (h:mm:ss or m:ss): 0:02.23
	Average shared text size (kbytes): 0
	Average unshared data size (kbytes): 0
	Average stack size (kbytes): 0
	Average total size (kbytes): 0
	Maximum resident set size (kbytes): 590048
	Average resident set size (kbytes): 0
	Major (requiring I/O) page faults: 0
	Minor (reclaiming a frame) page faults: 65830
	Voluntary context switches: 2360
	Involuntary context switches: 17
	Swaps: 0
	File system inputs: 0
	File system outputs: 32
	Socket messages sent: 0
	Socket messages received: 0
	Signals delivered: 0
	Page size (bytes): 4096
	Exit status: 0
