WARNING: overwriting environment variables set in the machine
overwriting variable ['LD_LIBRARY_PATH']
     ╭───╮          ╭───╮
q0 : ┤ h ├───────●──┤ h ├
     ├───┤╭───╮╭─┴─╮╰───╯
q1 : ┤ x ├┤ h ├┤ x ├─────
     ╰───╯╰───╯╰───╯     

secret bitstring = [1]
measured state = 1
Were we successful? True
	Command being timed: "python3 bernstein-vazirani.py 1"
	User time (seconds): 0.77
	System time (seconds): 0.76
	Percent of CPU this job got: 58%
	Elapsed (wall clock) time (h:mm:ss or m:ss): 0:02.63
	Average shared text size (kbytes): 0
	Average unshared data size (kbytes): 0
	Average stack size (kbytes): 0
	Average total size (kbytes): 0
	Maximum resident set size (kbytes): 585164
	Average resident set size (kbytes): 0
	Major (requiring I/O) page faults: 0
	Minor (reclaiming a frame) page faults: 64574
	Voluntary context switches: 3813
	Involuntary context switches: 24
	Swaps: 0
	File system inputs: 0
	File system outputs: 16
	Socket messages sent: 0
	Socket messages received: 0
	Signals delivered: 0
	Page size (bytes): 4096
	Exit status: 0
     ╭───╮╭───╮
q0 : ┤ h ├┤ h ├
     ├───┤├───┤
q1 : ┤ x ├┤ h ├
     ╰───╯╰───╯

secret bitstring = [0]
measured state = 0
Were we successful? True
	Command being timed: "python3 bernstein-vazirani.py 1"
	User time (seconds): 0.76
	System time (seconds): 0.70
	Percent of CPU this job got: 73%
	Elapsed (wall clock) time (h:mm:ss or m:ss): 0:01.99
	Average shared text size (kbytes): 0
	Average unshared data size (kbytes): 0
	Average stack size (kbytes): 0
	Average total size (kbytes): 0
	Maximum resident set size (kbytes): 585812
	Average resident set size (kbytes): 0
	Major (requiring I/O) page faults: 0
	Minor (reclaiming a frame) page faults: 50969
	Voluntary context switches: 1951
	Involuntary context switches: 20
	Swaps: 0
	File system inputs: 0
	File system outputs: 16
	Socket messages sent: 0
	Socket messages received: 0
	Signals delivered: 0
	Page size (bytes): 4096
	Exit status: 0
     ╭───╮          ╭───╮
q0 : ┤ h ├───────●──┤ h ├
     ├───┤╭───╮╭─┴─╮╰───╯
q1 : ┤ x ├┤ h ├┤ x ├─────
     ╰───╯╰───╯╰───╯     

secret bitstring = [1]
measured state = 1
Were we successful? True
	Command being timed: "python3 bernstein-vazirani.py 1"
	User time (seconds): 0.77
	System time (seconds): 0.78
	Percent of CPU this job got: 76%
	Elapsed (wall clock) time (h:mm:ss or m:ss): 0:02.02
	Average shared text size (kbytes): 0
	Average unshared data size (kbytes): 0
	Average stack size (kbytes): 0
	Average total size (kbytes): 0
	Maximum resident set size (kbytes): 588076
	Average resident set size (kbytes): 0
	Major (requiring I/O) page faults: 0
	Minor (reclaiming a frame) page faults: 65281
	Voluntary context switches: 2169
	Involuntary context switches: 24
	Swaps: 0
	File system inputs: 0
	File system outputs: 16
	Socket messages sent: 0
	Socket messages received: 0
	Signals delivered: 0
	Page size (bytes): 4096
	Exit status: 0
     ╭───╮          ╭───╮
q0 : ┤ h ├───────●──┤ h ├
     ├───┤╭───╮╭─┴─╮╰───╯
q1 : ┤ x ├┤ h ├┤ x ├─────
     ╰───╯╰───╯╰───╯     

secret bitstring = [1]
measured state = 1
Were we successful? True
	Command being timed: "python3 bernstein-vazirani.py 1"
	User time (seconds): 0.77
	System time (seconds): 0.74
	Percent of CPU this job got: 77%
	Elapsed (wall clock) time (h:mm:ss or m:ss): 0:01.94
	Average shared text size (kbytes): 0
	Average unshared data size (kbytes): 0
	Average stack size (kbytes): 0
	Average total size (kbytes): 0
	Maximum resident set size (kbytes): 587268
	Average resident set size (kbytes): 0
	Major (requiring I/O) page faults: 0
	Minor (reclaiming a frame) page faults: 51531
	Voluntary context switches: 2097
	Involuntary context switches: 22
	Swaps: 0
	File system inputs: 0
	File system outputs: 16
	Socket messages sent: 0
	Socket messages received: 0
	Signals delivered: 0
	Page size (bytes): 4096
	Exit status: 0
     ╭───╮╭───╮
q0 : ┤ h ├┤ h ├
     ├───┤├───┤
q1 : ┤ x ├┤ h ├
     ╰───╯╰───╯

secret bitstring = [0]
measured state = 0
Were we successful? True
	Command being timed: "python3 bernstein-vazirani.py 1"
	User time (seconds): 0.75
	System time (seconds): 0.75
	Percent of CPU this job got: 78%
	Elapsed (wall clock) time (h:mm:ss or m:ss): 0:01.93
	Average shared text size (kbytes): 0
	Average unshared data size (kbytes): 0
	Average stack size (kbytes): 0
	Average total size (kbytes): 0
	Maximum resident set size (kbytes): 586204
	Average resident set size (kbytes): 0
	Major (requiring I/O) page faults: 0
	Minor (reclaiming a frame) page faults: 53151
	Voluntary context switches: 2109
	Involuntary context switches: 21
	Swaps: 0
	File system inputs: 0
	File system outputs: 16
	Socket messages sent: 0
	Socket messages received: 0
	Signals delivered: 0
	Page size (bytes): 4096
	Exit status: 0
     ╭───╮          ╭───╮
q0 : ┤ h ├───────●──┤ h ├
     ├───┤╭───╮╭─┴─╮╰───╯
q1 : ┤ x ├┤ h ├┤ x ├─────
     ╰───╯╰───╯╰───╯     

secret bitstring = [1]
measured state = 1
Were we successful? True
	Command being timed: "python3 bernstein-vazirani.py 1"
	User time (seconds): 0.78
	System time (seconds): 0.70
	Percent of CPU this job got: 80%
	Elapsed (wall clock) time (h:mm:ss or m:ss): 0:01.83
	Average shared text size (kbytes): 0
	Average unshared data size (kbytes): 0
	Average stack size (kbytes): 0
	Average total size (kbytes): 0
	Maximum resident set size (kbytes): 584512
	Average resident set size (kbytes): 0
	Major (requiring I/O) page faults: 0
	Minor (reclaiming a frame) page faults: 49443
	Voluntary context switches: 2033
	Involuntary context switches: 21
	Swaps: 0
	File system inputs: 0
	File system outputs: 16
	Socket messages sent: 0
	Socket messages received: 0
	Signals delivered: 0
	Page size (bytes): 4096
	Exit status: 0
     ╭───╮╭───╮
q0 : ┤ h ├┤ h ├
     ├───┤├───┤
q1 : ┤ x ├┤ h ├
     ╰───╯╰───╯

secret bitstring = [0]
measured state = 0
Were we successful? True
	Command being timed: "python3 bernstein-vazirani.py 1"
	User time (seconds): 0.76
	System time (seconds): 0.69
	Percent of CPU this job got: 78%
	Elapsed (wall clock) time (h:mm:ss or m:ss): 0:01.85
	Average shared text size (kbytes): 0
	Average unshared data size (kbytes): 0
	Average stack size (kbytes): 0
	Average total size (kbytes): 0
	Maximum resident set size (kbytes): 587620
	Average resident set size (kbytes): 0
	Major (requiring I/O) page faults: 0
	Minor (reclaiming a frame) page faults: 49106
	Voluntary context switches: 2218
	Involuntary context switches: 22
	Swaps: 0
	File system inputs: 0
	File system outputs: 16
	Socket messages sent: 0
	Socket messages received: 0
	Signals delivered: 0
	Page size (bytes): 4096
	Exit status: 0
     ╭───╮          ╭───╮
q0 : ┤ h ├───────●──┤ h ├
     ├───┤╭───╮╭─┴─╮╰───╯
q1 : ┤ x ├┤ h ├┤ x ├─────
     ╰───╯╰───╯╰───╯     

secret bitstring = [1]
measured state = 1
Were we successful? True
	Command being timed: "python3 bernstein-vazirani.py 1"
	User time (seconds): 0.77
	System time (seconds): 0.71
	Percent of CPU this job got: 74%
	Elapsed (wall clock) time (h:mm:ss or m:ss): 0:01.99
	Average shared text size (kbytes): 0
	Average unshared data size (kbytes): 0
	Average stack size (kbytes): 0
	Average total size (kbytes): 0
	Maximum resident set size (kbytes): 585216
	Average resident set size (kbytes): 0
	Major (requiring I/O) page faults: 0
	Minor (reclaiming a frame) page faults: 55059
	Voluntary context switches: 2447
	Involuntary context switches: 26
	Swaps: 0
	File system inputs: 0
	File system outputs: 16
	Socket messages sent: 0
	Socket messages received: 0
	Signals delivered: 0
	Page size (bytes): 4096
	Exit status: 0
     ╭───╮╭───╮
q0 : ┤ h ├┤ h ├
     ├───┤├───┤
q1 : ┤ x ├┤ h ├
     ╰───╯╰───╯

secret bitstring = [0]
measured state = 0
Were we successful? True
	Command being timed: "python3 bernstein-vazirani.py 1"
	User time (seconds): 0.77
	System time (seconds): 0.68
	Percent of CPU this job got: 80%
	Elapsed (wall clock) time (h:mm:ss or m:ss): 0:01.81
	Average shared text size (kbytes): 0
	Average unshared data size (kbytes): 0
	Average stack size (kbytes): 0
	Average total size (kbytes): 0
	Maximum resident set size (kbytes): 583824
	Average resident set size (kbytes): 0
	Major (requiring I/O) page faults: 0
	Minor (reclaiming a frame) page faults: 48663
	Voluntary context switches: 1865
	Involuntary context switches: 25
	Swaps: 0
	File system inputs: 0
	File system outputs: 16
	Socket messages sent: 0
	Socket messages received: 0
	Signals delivered: 0
	Page size (bytes): 4096
	Exit status: 0
     ╭───╮          ╭───╮
q0 : ┤ h ├───────●──┤ h ├
     ├───┤╭───╮╭─┴─╮╰───╯
q1 : ┤ x ├┤ h ├┤ x ├─────
     ╰───╯╰───╯╰───╯     

secret bitstring = [1]
measured state = 1
Were we successful? True
	Command being timed: "python3 bernstein-vazirani.py 1"
	User time (seconds): 0.78
	System time (seconds): 0.67
	Percent of CPU this job got: 81%
	Elapsed (wall clock) time (h:mm:ss or m:ss): 0:01.78
	Average shared text size (kbytes): 0
	Average unshared data size (kbytes): 0
	Average stack size (kbytes): 0
	Average total size (kbytes): 0
	Maximum resident set size (kbytes): 584320
	Average resident set size (kbytes): 0
	Major (requiring I/O) page faults: 0
	Minor (reclaiming a frame) page faults: 49688
	Voluntary context switches: 1865
	Involuntary context switches: 30
	Swaps: 0
	File system inputs: 0
	File system outputs: 16
	Socket messages sent: 0
	Socket messages received: 0
	Signals delivered: 0
	Page size (bytes): 4096
	Exit status: 0
