WARNING: overwriting environment variables set in the machine
overwriting variable ['LD_LIBRARY_PATH']
      ╭───╮          ╭───╮                                                  »
 q0 : ┤ h ├───────●──┤ h ├──────────────────────────────────────────────────»
      ├───┤       │  ├───┤                                                  »
 q1 : ┤ h ├───────┼──┤ h ├──────────────────────────────────────────────────»
      ├───┤       │  ├───┤                                                  »
 q2 : ┤ h ├───────┼──┤ h ├──────────────────────────────────────────────────»
      ├───┤       │  ├───┤                                                  »
 q3 : ┤ h ├───────┼──┤ h ├──────────────────────────────────────────────────»
      ├───┤       │  ├───┤                                                  »
 q4 : ┤ h ├───────┼──┤ h ├──────────────────────────────────────────────────»
      ├───┤       │  ╰───╯╭───╮                                             »
 q5 : ┤ h ├───────┼────●──┤ h ├─────────────────────────────────────────────»
      ├───┤       │    │  ╰───╯╭───╮                                        »
 q6 : ┤ h ├───────┼────┼────●──┤ h ├────────────────────────────────────────»
      ├───┤       │    │    │  ╰───╯╭───╮                                   »
 q7 : ┤ h ├───────┼────┼────┼────●──┤ h ├───────────────────────────────────»
      ├───┤       │    │    │    │  ├───┤                                   »
 q8 : ┤ h ├───────┼────┼────┼────┼──┤ h ├───────────────────────────────────»
      ├───┤       │    │    │    │  ├───┤                                   »
 q9 : ┤ h ├───────┼────┼────┼────┼──┤ h ├───────────────────────────────────»
      ├───┤       │    │    │    │  ╰───╯╭───╮                              »
q10 : ┤ h ├───────┼────┼────┼────┼────●──┤ h ├──────────────────────────────»
      ├───┤       │    │    │    │    │  ╰───╯╭───╮                         »
q11 : ┤ h ├───────┼────┼────┼────┼────┼────●──┤ h ├─────────────────────────»
      ├───┤       │    │    │    │    │    │  ├───┤                         »
q12 : ┤ h ├───────┼────┼────┼────┼────┼────┼──┤ h ├─────────────────────────»
      ├───┤       │    │    │    │    │    │  ├───┤                         »
q13 : ┤ h ├───────┼────┼────┼────┼────┼────┼──┤ h ├─────────────────────────»
      ├───┤       │    │    │    │    │    │  ╰───╯╭───╮                    »
q14 : ┤ h ├───────┼────┼────┼────┼────┼────┼────●──┤ h ├────────────────────»
      ├───┤       │    │    │    │    │    │    │  ╰───╯╭───╮               »
q15 : ┤ h ├───────┼────┼────┼────┼────┼────┼────┼────●──┤ h ├───────────────»
      ├───┤       │    │    │    │    │    │    │    │  ╰───╯╭───╮          »
q16 : ┤ h ├───────┼────┼────┼────┼────┼────┼────┼────┼────●──┤ h ├──────────»
      ├───┤       │    │    │    │    │    │    │    │    │  ╰───╯╭───╮     »
q17 : ┤ h ├───────┼────┼────┼────┼────┼────┼────┼────┼────┼────●──┤ h ├─────»
      ├───┤       │    │    │    │    │    │    │    │    │    │  ╰───╯╭───╮»
q18 : ┤ h ├───────┼────┼────┼────┼────┼────┼────┼────┼────┼────┼────●──┤ h ├»
      ├───┤       │    │    │    │    │    │    │    │    │    │    │  ╰───╯»
q19 : ┤ h ├───────┼────┼────┼────┼────┼────┼────┼────┼────┼────┼────┼────●──»
      ├───┤       │    │    │    │    │    │    │    │    │    │    │    │  »
q20 : ┤ h ├───────┼────┼────┼────┼────┼────┼────┼────┼────┼────┼────┼────┼──»
      ├───┤       │    │    │    │    │    │    │    │    │    │    │    │  »
q21 : ┤ h ├───────┼────┼────┼────┼────┼────┼────┼────┼────┼────┼────┼────┼──»
      ├───┤       │    │    │    │    │    │    │    │    │    │    │    │  »
q22 : ┤ h ├───────┼────┼────┼────┼────┼────┼────┼────┼────┼────┼────┼────┼──»
      ├───┤╭───╮╭─┴─╮╭─┴─╮╭─┴─╮╭─┴─╮╭─┴─╮╭─┴─╮╭─┴─╮╭─┴─╮╭─┴─╮╭─┴─╮╭─┴─╮╭─┴─╮»
q23 : ┤ x ├┤ h ├┤ x ├┤ x ├┤ x ├┤ x ├┤ x ├┤ x ├┤ x ├┤ x ├┤ x ├┤ x ├┤ x ├┤ x ├»
      ╰───╯╰───╯╰───╯╰───╯╰───╯╰───╯╰───╯╰───╯╰───╯╰───╯╰───╯╰───╯╰───╯╰───╯»

################################################################################

               
───────────────
               
───────────────
               
───────────────
               
───────────────
               
───────────────
               
───────────────
               
───────────────
               
───────────────
               
───────────────
               
───────────────
               
───────────────
               
───────────────
               
───────────────
               
───────────────
               
───────────────
               
───────────────
               
───────────────
               
───────────────
               
───────────────
╭───╮          
┤ h ├──────────
├───┤          
┤ h ├──────────
╰───╯╭───╮     
──●──┤ h ├─────
  │  ╰───╯╭───╮
──┼────●──┤ h ├
╭─┴─╮╭─┴─╮╰───╯
┤ x ├┤ x ├─────
╰───╯╰───╯     

secret bitstring = [1, 0, 0, 0, 0, 1, 1, 1, 0, 0, 1, 1, 0, 0, 1, 1, 1, 1, 1, 1, 0, 1, 1]
measured state = 10000111001100111111011
Were we successful? True
	Command being timed: "python3 bernstein-vazirani.py 23"
	User time (seconds): 0.78
	System time (seconds): 0.93
	Percent of CPU this job got: 61%
	Elapsed (wall clock) time (h:mm:ss or m:ss): 0:02.79
	Average shared text size (kbytes): 0
	Average unshared data size (kbytes): 0
	Average stack size (kbytes): 0
	Average total size (kbytes): 0
	Maximum resident set size (kbytes): 584204
	Average resident set size (kbytes): 0
	Major (requiring I/O) page faults: 310
	Minor (reclaiming a frame) page faults: 66546
	Voluntary context switches: 4242
	Involuntary context switches: 17
	Swaps: 0
	File system inputs: 0
	File system outputs: 32
	Socket messages sent: 0
	Socket messages received: 0
	Signals delivered: 0
	Page size (bytes): 4096
	Exit status: 0
      ╭───╮          ╭───╮                                                  »
 q0 : ┤ h ├───────●──┤ h ├──────────────────────────────────────────────────»
      ├───┤       │  ├───┤                                                  »
 q1 : ┤ h ├───────┼──┤ h ├──────────────────────────────────────────────────»
      ├───┤       │  ├───┤                                                  »
 q2 : ┤ h ├───────┼──┤ h ├──────────────────────────────────────────────────»
      ├───┤       │  ╰───╯╭───╮                                             »
 q3 : ┤ h ├───────┼────●──┤ h ├─────────────────────────────────────────────»
      ├───┤       │    │  ├───┤                                             »
 q4 : ┤ h ├───────┼────┼──┤ h ├─────────────────────────────────────────────»
      ├───┤       │    │  ├───┤                                             »
 q5 : ┤ h ├───────┼────┼──┤ h ├─────────────────────────────────────────────»
      ├───┤       │    │  ╰───╯╭───╮                                        »
 q6 : ┤ h ├───────┼────┼────●──┤ h ├────────────────────────────────────────»
      ├───┤       │    │    │  ╰───╯╭───╮                                   »
 q7 : ┤ h ├───────┼────┼────┼────●──┤ h ├───────────────────────────────────»
      ├───┤       │    │    │    │  ├───┤                                   »
 q8 : ┤ h ├───────┼────┼────┼────┼──┤ h ├───────────────────────────────────»
      ├───┤       │    │    │    │  ╰───╯╭───╮                              »
 q9 : ┤ h ├───────┼────┼────┼────┼────●──┤ h ├──────────────────────────────»
      ├───┤       │    │    │    │    │  ╰───╯╭───╮                         »
q10 : ┤ h ├───────┼────┼────┼────┼────┼────●──┤ h ├─────────────────────────»
      ├───┤       │    │    │    │    │    │  ├───┤                         »
q11 : ┤ h ├───────┼────┼────┼────┼────┼────┼──┤ h ├─────────────────────────»
      ├───┤       │    │    │    │    │    │  ╰───╯╭───╮                    »
q12 : ┤ h ├───────┼────┼────┼────┼────┼────┼────●──┤ h ├────────────────────»
      ├───┤       │    │    │    │    │    │    │  ╰───╯╭───╮               »
q13 : ┤ h ├───────┼────┼────┼────┼────┼────┼────┼────●──┤ h ├───────────────»
      ├───┤       │    │    │    │    │    │    │    │  ╰───╯╭───╮          »
q14 : ┤ h ├───────┼────┼────┼────┼────┼────┼────┼────┼────●──┤ h ├──────────»
      ├───┤       │    │    │    │    │    │    │    │    │  ╰───╯╭───╮     »
q15 : ┤ h ├───────┼────┼────┼────┼────┼────┼────┼────┼────┼────●──┤ h ├─────»
      ├───┤       │    │    │    │    │    │    │    │    │    │  ├───┤     »
q16 : ┤ h ├───────┼────┼────┼────┼────┼────┼────┼────┼────┼────┼──┤ h ├─────»
      ├───┤       │    │    │    │    │    │    │    │    │    │  ├───┤     »
q17 : ┤ h ├───────┼────┼────┼────┼────┼────┼────┼────┼────┼────┼──┤ h ├─────»
      ├───┤       │    │    │    │    │    │    │    │    │    │  ├───┤     »
q18 : ┤ h ├───────┼────┼────┼────┼────┼────┼────┼────┼────┼────┼──┤ h ├─────»
      ├───┤       │    │    │    │    │    │    │    │    │    │  ├───┤     »
q19 : ┤ h ├───────┼────┼────┼────┼────┼────┼────┼────┼────┼────┼──┤ h ├─────»
      ├───┤       │    │    │    │    │    │    │    │    │    │  ╰───╯╭───╮»
q20 : ┤ h ├───────┼────┼────┼────┼────┼────┼────┼────┼────┼────┼────●──┤ h ├»
      ├───┤       │    │    │    │    │    │    │    │    │    │    │  ╰───╯»
q21 : ┤ h ├───────┼────┼────┼────┼────┼────┼────┼────┼────┼────┼────┼────●──»
      ├───┤       │    │    │    │    │    │    │    │    │    │    │    │  »
q22 : ┤ h ├───────┼────┼────┼────┼────┼────┼────┼────┼────┼────┼────┼────┼──»
      ├───┤╭───╮╭─┴─╮╭─┴─╮╭─┴─╮╭─┴─╮╭─┴─╮╭─┴─╮╭─┴─╮╭─┴─╮╭─┴─╮╭─┴─╮╭─┴─╮╭─┴─╮»
q23 : ┤ x ├┤ h ├┤ x ├┤ x ├┤ x ├┤ x ├┤ x ├┤ x ├┤ x ├┤ x ├┤ x ├┤ x ├┤ x ├┤ x ├»
      ╰───╯╰───╯╰───╯╰───╯╰───╯╰───╯╰───╯╰───╯╰───╯╰───╯╰───╯╰───╯╰───╯╰───╯»

################################################################################

     
─────
     
─────
     
─────
     
─────
     
─────
     
─────
     
─────
     
─────
     
─────
     
─────
     
─────
     
─────
     
─────
     
─────
     
─────
     
─────
     
─────
     
─────
     
─────
     
─────
     
─────
╭───╮
┤ h ├
├───┤
┤ h ├
╰───╯
─────
     

secret bitstring = [1, 0, 0, 1, 0, 0, 1, 1, 0, 1, 1, 0, 1, 1, 1, 1, 0, 0, 0, 0, 1, 1, 0]
measured state = 10010011011011110000110
Were we successful? True
	Command being timed: "python3 bernstein-vazirani.py 23"
	User time (seconds): 0.77
	System time (seconds): 0.81
	Percent of CPU this job got: 72%
	Elapsed (wall clock) time (h:mm:ss or m:ss): 0:02.21
	Average shared text size (kbytes): 0
	Average unshared data size (kbytes): 0
	Average stack size (kbytes): 0
	Average total size (kbytes): 0
	Maximum resident set size (kbytes): 589668
	Average resident set size (kbytes): 0
	Major (requiring I/O) page faults: 0
	Minor (reclaiming a frame) page faults: 66456
	Voluntary context switches: 2108
	Involuntary context switches: 32
	Swaps: 0
	File system inputs: 0
	File system outputs: 32
	Socket messages sent: 0
	Socket messages received: 0
	Signals delivered: 0
	Page size (bytes): 4096
	Exit status: 0
      ╭───╮          ╭───╮                                                  »
 q0 : ┤ h ├───────●──┤ h ├──────────────────────────────────────────────────»
      ├───┤       │  ╰───╯╭───╮                                             »
 q1 : ┤ h ├───────┼────●──┤ h ├─────────────────────────────────────────────»
      ├───┤       │    │  ╰───╯╭───╮                                        »
 q2 : ┤ h ├───────┼────┼────●──┤ h ├────────────────────────────────────────»
      ├───┤       │    │    │  ├───┤                                        »
 q3 : ┤ h ├───────┼────┼────┼──┤ h ├────────────────────────────────────────»
      ├───┤       │    │    │  ╰───╯╭───╮                                   »
 q4 : ┤ h ├───────┼────┼────┼────●──┤ h ├───────────────────────────────────»
      ├───┤       │    │    │    │  ╰───╯╭───╮                              »
 q5 : ┤ h ├───────┼────┼────┼────┼────●──┤ h ├──────────────────────────────»
      ├───┤       │    │    │    │    │  ├───┤                              »
 q6 : ┤ h ├───────┼────┼────┼────┼────┼──┤ h ├──────────────────────────────»
      ├───┤       │    │    │    │    │  ├───┤                              »
 q7 : ┤ h ├───────┼────┼────┼────┼────┼──┤ h ├──────────────────────────────»
      ├───┤       │    │    │    │    │  ╰───╯╭───╮                         »
 q8 : ┤ h ├───────┼────┼────┼────┼────┼────●──┤ h ├─────────────────────────»
      ├───┤       │    │    │    │    │    │  ├───┤                         »
 q9 : ┤ h ├───────┼────┼────┼────┼────┼────┼──┤ h ├─────────────────────────»
      ├───┤       │    │    │    │    │    │  ╰───╯╭───╮                    »
q10 : ┤ h ├───────┼────┼────┼────┼────┼────┼────●──┤ h ├────────────────────»
      ├───┤       │    │    │    │    │    │    │  ├───┤                    »
q11 : ┤ h ├───────┼────┼────┼────┼────┼────┼────┼──┤ h ├────────────────────»
      ├───┤       │    │    │    │    │    │    │  ╰───╯╭───╮               »
q12 : ┤ h ├───────┼────┼────┼────┼────┼────┼────┼────●──┤ h ├───────────────»
      ├───┤       │    │    │    │    │    │    │    │  ├───┤               »
q13 : ┤ h ├───────┼────┼────┼────┼────┼────┼────┼────┼──┤ h ├───────────────»
      ├───┤       │    │    │    │    │    │    │    │  ╰───╯╭───╮          »
q14 : ┤ h ├───────┼────┼────┼────┼────┼────┼────┼────┼────●──┤ h ├──────────»
      ├───┤       │    │    │    │    │    │    │    │    │  ╰───╯╭───╮     »
q15 : ┤ h ├───────┼────┼────┼────┼────┼────┼────┼────┼────┼────●──┤ h ├─────»
      ├───┤       │    │    │    │    │    │    │    │    │    │  ├───┤     »
q16 : ┤ h ├───────┼────┼────┼────┼────┼────┼────┼────┼────┼────┼──┤ h ├─────»
      ├───┤       │    │    │    │    │    │    │    │    │    │  ╰───╯╭───╮»
q17 : ┤ h ├───────┼────┼────┼────┼────┼────┼────┼────┼────┼────┼────●──┤ h ├»
      ├───┤       │    │    │    │    │    │    │    │    │    │    │  ╰───╯»
q18 : ┤ h ├───────┼────┼────┼────┼────┼────┼────┼────┼────┼────┼────┼────●──»
      ├───┤       │    │    │    │    │    │    │    │    │    │    │    │  »
q19 : ┤ h ├───────┼────┼────┼────┼────┼────┼────┼────┼────┼────┼────┼────┼──»
      ├───┤       │    │    │    │    │    │    │    │    │    │    │    │  »
q20 : ┤ h ├───────┼────┼────┼────┼────┼────┼────┼────┼────┼────┼────┼────┼──»
      ├───┤       │    │    │    │    │    │    │    │    │    │    │    │  »
q21 : ┤ h ├───────┼────┼────┼────┼────┼────┼────┼────┼────┼────┼────┼────┼──»
      ├───┤       │    │    │    │    │    │    │    │    │    │    │    │  »
q22 : ┤ h ├───────┼────┼────┼────┼────┼────┼────┼────┼────┼────┼────┼────┼──»
      ├───┤╭───╮╭─┴─╮╭─┴─╮╭─┴─╮╭─┴─╮╭─┴─╮╭─┴─╮╭─┴─╮╭─┴─╮╭─┴─╮╭─┴─╮╭─┴─╮╭─┴─╮»
q23 : ┤ x ├┤ h ├┤ x ├┤ x ├┤ x ├┤ x ├┤ x ├┤ x ├┤ x ├┤ x ├┤ x ├┤ x ├┤ x ├┤ x ├»
      ╰───╯╰───╯╰───╯╰───╯╰───╯╰───╯╰───╯╰───╯╰───╯╰───╯╰───╯╰───╯╰───╯╰───╯»

################################################################################

               
───────────────
               
───────────────
               
───────────────
               
───────────────
               
───────────────
               
───────────────
               
───────────────
               
───────────────
               
───────────────
               
───────────────
               
───────────────
               
───────────────
               
───────────────
               
───────────────
               
───────────────
               
───────────────
               
───────────────
               
───────────────
╭───╮          
┤ h ├──────────
╰───╯╭───╮     
──●──┤ h ├─────
  │  ├───┤     
──┼──┤ h ├─────
  │  ├───┤     
──┼──┤ h ├─────
  │  ╰───╯╭───╮
──┼────●──┤ h ├
╭─┴─╮╭─┴─╮╰───╯
┤ x ├┤ x ├─────
╰───╯╰───╯     

secret bitstring = [1, 1, 1, 0, 1, 1, 0, 0, 1, 0, 1, 0, 1, 0, 1, 1, 0, 1, 1, 1, 0, 0, 1]
measured state = 11101100101010110111001
Were we successful? True
	Command being timed: "python3 bernstein-vazirani.py 23"
	User time (seconds): 0.78
	System time (seconds): 0.96
	Percent of CPU this job got: 58%
	Elapsed (wall clock) time (h:mm:ss or m:ss): 0:02.98
	Average shared text size (kbytes): 0
	Average unshared data size (kbytes): 0
	Average stack size (kbytes): 0
	Average total size (kbytes): 0
	Maximum resident set size (kbytes): 586560
	Average resident set size (kbytes): 0
	Major (requiring I/O) page faults: 0
	Minor (reclaiming a frame) page faults: 65986
	Voluntary context switches: 2332
	Involuntary context switches: 26
	Swaps: 0
	File system inputs: 0
	File system outputs: 40
	Socket messages sent: 0
	Socket messages received: 0
	Signals delivered: 0
	Page size (bytes): 4096
	Exit status: 0
      ╭───╮╭───╮                                                            »
 q0 : ┤ h ├┤ h ├────────────────────────────────────────────────────────────»
      ├───┤╰───╯     ╭───╮                                                  »
 q1 : ┤ h ├───────●──┤ h ├──────────────────────────────────────────────────»
      ├───┤       │  ╰───╯╭───╮                                             »
 q2 : ┤ h ├───────┼────●──┤ h ├─────────────────────────────────────────────»
      ├───┤       │    │  ├───┤                                             »
 q3 : ┤ h ├───────┼────┼──┤ h ├─────────────────────────────────────────────»
      ├───┤       │    │  ├───┤                                             »
 q4 : ┤ h ├───────┼────┼──┤ h ├─────────────────────────────────────────────»
      ├───┤       │    │  ╰───╯╭───╮                                        »
 q5 : ┤ h ├───────┼────┼────●──┤ h ├────────────────────────────────────────»
      ├───┤       │    │    │  ├───┤                                        »
 q6 : ┤ h ├───────┼────┼────┼──┤ h ├────────────────────────────────────────»
      ├───┤       │    │    │  ├───┤                                        »
 q7 : ┤ h ├───────┼────┼────┼──┤ h ├────────────────────────────────────────»
      ├───┤       │    │    │  ╰───╯╭───╮                                   »
 q8 : ┤ h ├───────┼────┼────┼────●──┤ h ├───────────────────────────────────»
      ├───┤       │    │    │    │  ├───┤                                   »
 q9 : ┤ h ├───────┼────┼────┼────┼──┤ h ├───────────────────────────────────»
      ├───┤       │    │    │    │  ╰───╯╭───╮                              »
q10 : ┤ h ├───────┼────┼────┼────┼────●──┤ h ├──────────────────────────────»
      ├───┤       │    │    │    │    │  ╰───╯╭───╮                         »
q11 : ┤ h ├───────┼────┼────┼────┼────┼────●──┤ h ├─────────────────────────»
      ├───┤       │    │    │    │    │    │  ├───┤                         »
q12 : ┤ h ├───────┼────┼────┼────┼────┼────┼──┤ h ├─────────────────────────»
      ├───┤       │    │    │    │    │    │  ╰───╯╭───╮                    »
q13 : ┤ h ├───────┼────┼────┼────┼────┼────┼────●──┤ h ├────────────────────»
      ├───┤       │    │    │    │    │    │    │  ├───┤                    »
q14 : ┤ h ├───────┼────┼────┼────┼────┼────┼────┼──┤ h ├────────────────────»
      ├───┤       │    │    │    │    │    │    │  ├───┤                    »
q15 : ┤ h ├───────┼────┼────┼────┼────┼────┼────┼──┤ h ├────────────────────»
      ├───┤       │    │    │    │    │    │    │  ├───┤                    »
q16 : ┤ h ├───────┼────┼────┼────┼────┼────┼────┼──┤ h ├────────────────────»
      ├───┤       │    │    │    │    │    │    │  ├───┤                    »
q17 : ┤ h ├───────┼────┼────┼────┼────┼────┼────┼──┤ h ├────────────────────»
      ├───┤       │    │    │    │    │    │    │  ╰───╯╭───╮               »
q18 : ┤ h ├───────┼────┼────┼────┼────┼────┼────┼────●──┤ h ├───────────────»
      ├───┤       │    │    │    │    │    │    │    │  ╰───╯╭───╮          »
q19 : ┤ h ├───────┼────┼────┼────┼────┼────┼────┼────┼────●──┤ h ├──────────»
      ├───┤       │    │    │    │    │    │    │    │    │  ╰───╯╭───╮     »
q20 : ┤ h ├───────┼────┼────┼────┼────┼────┼────┼────┼────┼────●──┤ h ├─────»
      ├───┤       │    │    │    │    │    │    │    │    │    │  ╰───╯╭───╮»
q21 : ┤ h ├───────┼────┼────┼────┼────┼────┼────┼────┼────┼────┼────●──┤ h ├»
      ├───┤       │    │    │    │    │    │    │    │    │    │    │  ╰───╯»
q22 : ┤ h ├───────┼────┼────┼────┼────┼────┼────┼────┼────┼────┼────┼────●──»
      ├───┤╭───╮╭─┴─╮╭─┴─╮╭─┴─╮╭─┴─╮╭─┴─╮╭─┴─╮╭─┴─╮╭─┴─╮╭─┴─╮╭─┴─╮╭─┴─╮╭─┴─╮»
q23 : ┤ x ├┤ h ├┤ x ├┤ x ├┤ x ├┤ x ├┤ x ├┤ x ├┤ x ├┤ x ├┤ x ├┤ x ├┤ x ├┤ x ├»
      ╰───╯╰───╯╰───╯╰───╯╰───╯╰───╯╰───╯╰───╯╰───╯╰───╯╰───╯╰───╯╰───╯╰───╯»

################################################################################

     
─────
     
─────
     
─────
     
─────
     
─────
     
─────
     
─────
     
─────
     
─────
     
─────
     
─────
     
─────
     
─────
     
─────
     
─────
     
─────
     
─────
     
─────
     
─────
     
─────
     
─────
     
─────
╭───╮
┤ h ├
╰───╯
─────
     

secret bitstring = [0, 1, 1, 0, 0, 1, 0, 0, 1, 0, 1, 1, 0, 1, 0, 0, 0, 0, 1, 1, 1, 1, 1]
measured state = 01100100101101000011111
Were we successful? True
	Command being timed: "python3 bernstein-vazirani.py 23"
	User time (seconds): 0.79
	System time (seconds): 0.84
	Percent of CPU this job got: 62%
	Elapsed (wall clock) time (h:mm:ss or m:ss): 0:02.61
	Average shared text size (kbytes): 0
	Average unshared data size (kbytes): 0
	Average stack size (kbytes): 0
	Average total size (kbytes): 0
	Maximum resident set size (kbytes): 589100
	Average resident set size (kbytes): 0
	Major (requiring I/O) page faults: 0
	Minor (reclaiming a frame) page faults: 67406
	Voluntary context switches: 2227
	Involuntary context switches: 23
	Swaps: 0
	File system inputs: 0
	File system outputs: 32
	Socket messages sent: 0
	Socket messages received: 0
	Signals delivered: 0
	Page size (bytes): 4096
	Exit status: 0
      ╭───╮╭───╮                                                            »
 q0 : ┤ h ├┤ h ├────────────────────────────────────────────────────────────»
      ├───┤├───┤                                                            »
 q1 : ┤ h ├┤ h ├────────────────────────────────────────────────────────────»
      ├───┤╰───╯     ╭───╮                                                  »
 q2 : ┤ h ├───────●──┤ h ├──────────────────────────────────────────────────»
      ├───┤       │  ├───┤                                                  »
 q3 : ┤ h ├───────┼──┤ h ├──────────────────────────────────────────────────»
      ├───┤       │  ├───┤                                                  »
 q4 : ┤ h ├───────┼──┤ h ├──────────────────────────────────────────────────»
      ├───┤       │  ├───┤                                                  »
 q5 : ┤ h ├───────┼──┤ h ├──────────────────────────────────────────────────»
      ├───┤       │  ╰───╯╭───╮                                             »
 q6 : ┤ h ├───────┼────●──┤ h ├─────────────────────────────────────────────»
      ├───┤       │    │  ├───┤                                             »
 q7 : ┤ h ├───────┼────┼──┤ h ├─────────────────────────────────────────────»
      ├───┤       │    │  ├───┤                                             »
 q8 : ┤ h ├───────┼────┼──┤ h ├─────────────────────────────────────────────»
      ├───┤       │    │  ├───┤                                             »
 q9 : ┤ h ├───────┼────┼──┤ h ├─────────────────────────────────────────────»
      ├───┤       │    │  ╰───╯╭───╮                                        »
q10 : ┤ h ├───────┼────┼────●──┤ h ├────────────────────────────────────────»
      ├───┤       │    │    │  ╰───╯╭───╮                                   »
q11 : ┤ h ├───────┼────┼────┼────●──┤ h ├───────────────────────────────────»
      ├───┤       │    │    │    │  ╰───╯╭───╮                              »
q12 : ┤ h ├───────┼────┼────┼────┼────●──┤ h ├──────────────────────────────»
      ├───┤       │    │    │    │    │  ╰───╯╭───╮                         »
q13 : ┤ h ├───────┼────┼────┼────┼────┼────●──┤ h ├─────────────────────────»
      ├───┤       │    │    │    │    │    │  ╰───╯╭───╮                    »
q14 : ┤ h ├───────┼────┼────┼────┼────┼────┼────●──┤ h ├────────────────────»
      ├───┤       │    │    │    │    │    │    │  ├───┤                    »
q15 : ┤ h ├───────┼────┼────┼────┼────┼────┼────┼──┤ h ├────────────────────»
      ├───┤       │    │    │    │    │    │    │  ╰───╯╭───╮               »
q16 : ┤ h ├───────┼────┼────┼────┼────┼────┼────┼────●──┤ h ├───────────────»
      ├───┤       │    │    │    │    │    │    │    │  ╰───╯╭───╮          »
q17 : ┤ h ├───────┼────┼────┼────┼────┼────┼────┼────┼────●──┤ h ├──────────»
      ├───┤       │    │    │    │    │    │    │    │    │  ╰───╯╭───╮     »
q18 : ┤ h ├───────┼────┼────┼────┼────┼────┼────┼────┼────┼────●──┤ h ├─────»
      ├───┤       │    │    │    │    │    │    │    │    │    │  ╰───╯╭───╮»
q19 : ┤ h ├───────┼────┼────┼────┼────┼────┼────┼────┼────┼────┼────●──┤ h ├»
      ├───┤       │    │    │    │    │    │    │    │    │    │    │  ├───┤»
q20 : ┤ h ├───────┼────┼────┼────┼────┼────┼────┼────┼────┼────┼────┼──┤ h ├»
      ├───┤       │    │    │    │    │    │    │    │    │    │    │  ╰───╯»
q21 : ┤ h ├───────┼────┼────┼────┼────┼────┼────┼────┼────┼────┼────┼────●──»
      ├───┤       │    │    │    │    │    │    │    │    │    │    │    │  »
q22 : ┤ h ├───────┼────┼────┼────┼────┼────┼────┼────┼────┼────┼────┼────┼──»
      ├───┤╭───╮╭─┴─╮╭─┴─╮╭─┴─╮╭─┴─╮╭─┴─╮╭─┴─╮╭─┴─╮╭─┴─╮╭─┴─╮╭─┴─╮╭─┴─╮╭─┴─╮»
q23 : ┤ x ├┤ h ├┤ x ├┤ x ├┤ x ├┤ x ├┤ x ├┤ x ├┤ x ├┤ x ├┤ x ├┤ x ├┤ x ├┤ x ├»
      ╰───╯╰───╯╰───╯╰───╯╰───╯╰───╯╰───╯╰───╯╰───╯╰───╯╰───╯╰───╯╰───╯╰───╯»

################################################################################

          
──────────
          
──────────
          
──────────
          
──────────
          
──────────
          
──────────
          
──────────
          
──────────
          
──────────
          
──────────
          
──────────
          
──────────
          
──────────
          
──────────
          
──────────
          
──────────
          
──────────
          
──────────
          
──────────
          
──────────
          
──────────
╭───╮     
┤ h ├─────
╰───╯╭───╮
──●──┤ h ├
╭─┴─╮╰───╯
┤ x ├─────
╰───╯     

secret bitstring = [0, 0, 1, 0, 0, 0, 1, 0, 0, 0, 1, 1, 1, 1, 1, 0, 1, 1, 1, 1, 0, 1, 1]
measured state = 00100010001111101111011
Were we successful? True
	Command being timed: "python3 bernstein-vazirani.py 23"
	User time (seconds): 0.78
	System time (seconds): 0.81
	Percent of CPU this job got: 64%
	Elapsed (wall clock) time (h:mm:ss or m:ss): 0:02.47
	Average shared text size (kbytes): 0
	Average unshared data size (kbytes): 0
	Average stack size (kbytes): 0
	Average total size (kbytes): 0
	Maximum resident set size (kbytes): 588076
	Average resident set size (kbytes): 0
	Major (requiring I/O) page faults: 0
	Minor (reclaiming a frame) page faults: 63614
	Voluntary context switches: 2325
	Involuntary context switches: 25
	Swaps: 0
	File system inputs: 0
	File system outputs: 40
	Socket messages sent: 0
	Socket messages received: 0
	Signals delivered: 0
	Page size (bytes): 4096
	Exit status: 0
      ╭───╮          ╭───╮                                        
 q0 : ┤ h ├───────●──┤ h ├────────────────────────────────────────
      ├───┤       │  ├───┤                                        
 q1 : ┤ h ├───────┼──┤ h ├────────────────────────────────────────
      ├───┤       │  ╰───╯╭───╮                                   
 q2 : ┤ h ├───────┼────●──┤ h ├───────────────────────────────────
      ├───┤       │    │  ├───┤                                   
 q3 : ┤ h ├───────┼────┼──┤ h ├───────────────────────────────────
      ├───┤       │    │  ╰───╯╭───╮                              
 q4 : ┤ h ├───────┼────┼────●──┤ h ├──────────────────────────────
      ├───┤       │    │    │  ╰───╯╭───╮                         
 q5 : ┤ h ├───────┼────┼────┼────●──┤ h ├─────────────────────────
      ├───┤       │    │    │    │  ├───┤                         
 q6 : ┤ h ├───────┼────┼────┼────┼──┤ h ├─────────────────────────
      ├───┤       │    │    │    │  ╰───╯╭───╮                    
 q7 : ┤ h ├───────┼────┼────┼────┼────●──┤ h ├────────────────────
      ├───┤       │    │    │    │    │  ╰───╯╭───╮               
 q8 : ┤ h ├───────┼────┼────┼────┼────┼────●──┤ h ├───────────────
      ├───┤       │    │    │    │    │    │  ├───┤               
 q9 : ┤ h ├───────┼────┼────┼────┼────┼────┼──┤ h ├───────────────
      ├───┤       │    │    │    │    │    │  ├───┤               
q10 : ┤ h ├───────┼────┼────┼────┼────┼────┼──┤ h ├───────────────
      ├───┤       │    │    │    │    │    │  ├───┤               
q11 : ┤ h ├───────┼────┼────┼────┼────┼────┼──┤ h ├───────────────
      ├───┤       │    │    │    │    │    │  ├───┤               
q12 : ┤ h ├───────┼────┼────┼────┼────┼────┼──┤ h ├───────────────
      ├───┤       │    │    │    │    │    │  ├───┤               
q13 : ┤ h ├───────┼────┼────┼────┼────┼────┼──┤ h ├───────────────
      ├───┤       │    │    │    │    │    │  ├───┤               
q14 : ┤ h ├───────┼────┼────┼────┼────┼────┼──┤ h ├───────────────
      ├───┤       │    │    │    │    │    │  ╰───╯╭───╮          
q15 : ┤ h ├───────┼────┼────┼────┼────┼────┼────●──┤ h ├──────────
      ├───┤       │    │    │    │    │    │    │  ├───┤          
q16 : ┤ h ├───────┼────┼────┼────┼────┼────┼────┼──┤ h ├──────────
      ├───┤       │    │    │    │    │    │    │  ├───┤          
q17 : ┤ h ├───────┼────┼────┼────┼────┼────┼────┼──┤ h ├──────────
      ├───┤       │    │    │    │    │    │    │  ╰───╯╭───╮     
q18 : ┤ h ├───────┼────┼────┼────┼────┼────┼────┼────●──┤ h ├─────
      ├───┤       │    │    │    │    │    │    │    │  ╰───╯╭───╮
q19 : ┤ h ├───────┼────┼────┼────┼────┼────┼────┼────┼────●──┤ h ├
      ├───┤       │    │    │    │    │    │    │    │    │  ├───┤
q20 : ┤ h ├───────┼────┼────┼────┼────┼────┼────┼────┼────┼──┤ h ├
      ├───┤       │    │    │    │    │    │    │    │    │  ├───┤
q21 : ┤ h ├───────┼────┼────┼────┼────┼────┼────┼────┼────┼──┤ h ├
      ├───┤       │    │    │    │    │    │    │    │    │  ├───┤
q22 : ┤ h ├───────┼────┼────┼────┼────┼────┼────┼────┼────┼──┤ h ├
      ├───┤╭───╮╭─┴─╮╭─┴─╮╭─┴─╮╭─┴─╮╭─┴─╮╭─┴─╮╭─┴─╮╭─┴─╮╭─┴─╮╰───╯
q23 : ┤ x ├┤ h ├┤ x ├┤ x ├┤ x ├┤ x ├┤ x ├┤ x ├┤ x ├┤ x ├┤ x ├─────
      ╰───╯╰───╯╰───╯╰───╯╰───╯╰───╯╰───╯╰───╯╰───╯╰───╯╰───╯     

secret bitstring = [1, 0, 1, 0, 1, 1, 0, 1, 1, 0, 0, 0, 0, 0, 0, 1, 0, 0, 1, 1, 0, 0, 0]
measured state = 10101101100000010011000
Were we successful? True
	Command being timed: "python3 bernstein-vazirani.py 23"
	User time (seconds): 0.77
	System time (seconds): 0.82
	Percent of CPU this job got: 66%
	Elapsed (wall clock) time (h:mm:ss or m:ss): 0:02.38
	Average shared text size (kbytes): 0
	Average unshared data size (kbytes): 0
	Average stack size (kbytes): 0
	Average total size (kbytes): 0
	Maximum resident set size (kbytes): 591276
	Average resident set size (kbytes): 0
	Major (requiring I/O) page faults: 1
	Minor (reclaiming a frame) page faults: 65432
	Voluntary context switches: 2356
	Involuntary context switches: 26
	Swaps: 0
	File system inputs: 0
	File system outputs: 24
	Socket messages sent: 0
	Socket messages received: 0
	Signals delivered: 0
	Page size (bytes): 4096
	Exit status: 0
      ╭───╮╭───╮                                                            »
 q0 : ┤ h ├┤ h ├────────────────────────────────────────────────────────────»
      ├───┤├───┤                                                            »
 q1 : ┤ h ├┤ h ├────────────────────────────────────────────────────────────»
      ├───┤╰───╯     ╭───╮                                                  »
 q2 : ┤ h ├───────●──┤ h ├──────────────────────────────────────────────────»
      ├───┤       │  ╰───╯╭───╮                                             »
 q3 : ┤ h ├───────┼────●──┤ h ├─────────────────────────────────────────────»
      ├───┤       │    │  ╰───╯╭───╮                                        »
 q4 : ┤ h ├───────┼────┼────●──┤ h ├────────────────────────────────────────»
      ├───┤       │    │    │  ╰───╯╭───╮                                   »
 q5 : ┤ h ├───────┼────┼────┼────●──┤ h ├───────────────────────────────────»
      ├───┤       │    │    │    │  ╰───╯╭───╮                              »
 q6 : ┤ h ├───────┼────┼────┼────┼────●──┤ h ├──────────────────────────────»
      ├───┤       │    │    │    │    │  ╰───╯╭───╮                         »
 q7 : ┤ h ├───────┼────┼────┼────┼────┼────●──┤ h ├─────────────────────────»
      ├───┤       │    │    │    │    │    │  ├───┤                         »
 q8 : ┤ h ├───────┼────┼────┼────┼────┼────┼──┤ h ├─────────────────────────»
      ├───┤       │    │    │    │    │    │  ├───┤                         »
 q9 : ┤ h ├───────┼────┼────┼────┼────┼────┼──┤ h ├─────────────────────────»
      ├───┤       │    │    │    │    │    │  ╰───╯╭───╮                    »
q10 : ┤ h ├───────┼────┼────┼────┼────┼────┼────●──┤ h ├────────────────────»
      ├───┤       │    │    │    │    │    │    │  ├───┤                    »
q11 : ┤ h ├───────┼────┼────┼────┼────┼────┼────┼──┤ h ├────────────────────»
      ├───┤       │    │    │    │    │    │    │  ╰───╯╭───╮               »
q12 : ┤ h ├───────┼────┼────┼────┼────┼────┼────┼────●──┤ h ├───────────────»
      ├───┤       │    │    │    │    │    │    │    │  ╰───╯╭───╮          »
q13 : ┤ h ├───────┼────┼────┼────┼────┼────┼────┼────┼────●──┤ h ├──────────»
      ├───┤       │    │    │    │    │    │    │    │    │  ╰───╯╭───╮     »
q14 : ┤ h ├───────┼────┼────┼────┼────┼────┼────┼────┼────┼────●──┤ h ├─────»
      ├───┤       │    │    │    │    │    │    │    │    │    │  ╰───╯╭───╮»
q15 : ┤ h ├───────┼────┼────┼────┼────┼────┼────┼────┼────┼────┼────●──┤ h ├»
      ├───┤       │    │    │    │    │    │    │    │    │    │    │  ├───┤»
q16 : ┤ h ├───────┼────┼────┼────┼────┼────┼────┼────┼────┼────┼────┼──┤ h ├»
      ├───┤       │    │    │    │    │    │    │    │    │    │    │  ╰───╯»
q17 : ┤ h ├───────┼────┼────┼────┼────┼────┼────┼────┼────┼────┼────┼────●──»
      ├───┤       │    │    │    │    │    │    │    │    │    │    │    │  »
q18 : ┤ h ├───────┼────┼────┼────┼────┼────┼────┼────┼────┼────┼────┼────┼──»
      ├───┤       │    │    │    │    │    │    │    │    │    │    │    │  »
q19 : ┤ h ├───────┼────┼────┼────┼────┼────┼────┼────┼────┼────┼────┼────┼──»
      ├───┤       │    │    │    │    │    │    │    │    │    │    │    │  »
q20 : ┤ h ├───────┼────┼────┼────┼────┼────┼────┼────┼────┼────┼────┼────┼──»
      ├───┤       │    │    │    │    │    │    │    │    │    │    │    │  »
q21 : ┤ h ├───────┼────┼────┼────┼────┼────┼────┼────┼────┼────┼────┼────┼──»
      ├───┤       │    │    │    │    │    │    │    │    │    │    │    │  »
q22 : ┤ h ├───────┼────┼────┼────┼────┼────┼────┼────┼────┼────┼────┼────┼──»
      ├───┤╭───╮╭─┴─╮╭─┴─╮╭─┴─╮╭─┴─╮╭─┴─╮╭─┴─╮╭─┴─╮╭─┴─╮╭─┴─╮╭─┴─╮╭─┴─╮╭─┴─╮»
q23 : ┤ x ├┤ h ├┤ x ├┤ x ├┤ x ├┤ x ├┤ x ├┤ x ├┤ x ├┤ x ├┤ x ├┤ x ├┤ x ├┤ x ├»
      ╰───╯╰───╯╰───╯╰───╯╰───╯╰───╯╰───╯╰───╯╰───╯╰───╯╰───╯╰───╯╰───╯╰───╯»

################################################################################

                    
────────────────────
                    
────────────────────
                    
────────────────────
                    
────────────────────
                    
────────────────────
                    
────────────────────
                    
────────────────────
                    
────────────────────
                    
────────────────────
                    
────────────────────
                    
────────────────────
                    
────────────────────
                    
────────────────────
                    
────────────────────
                    
────────────────────
                    
────────────────────
                    
────────────────────
╭───╮               
┤ h ├───────────────
├───┤               
┤ h ├───────────────
╰───╯╭───╮          
──●──┤ h ├──────────
  │  ╰───╯╭───╮     
──┼────●──┤ h ├─────
  │    │  ╰───╯╭───╮
──┼────┼────●──┤ h ├
  │    │    │  ├───┤
──┼────┼────┼──┤ h ├
╭─┴─╮╭─┴─╮╭─┴─╮╰───╯
┤ x ├┤ x ├┤ x ├─────
╰───╯╰───╯╰───╯     

secret bitstring = [0, 0, 1, 1, 1, 1, 1, 1, 0, 0, 1, 0, 1, 1, 1, 1, 0, 1, 0, 1, 1, 1, 0]
measured state = 00111111001011110101110
Were we successful? True
	Command being timed: "python3 bernstein-vazirani.py 23"
	User time (seconds): 0.78
	System time (seconds): 0.84
	Percent of CPU this job got: 66%
	Elapsed (wall clock) time (h:mm:ss or m:ss): 0:02.46
	Average shared text size (kbytes): 0
	Average unshared data size (kbytes): 0
	Average stack size (kbytes): 0
	Average total size (kbytes): 0
	Maximum resident set size (kbytes): 587676
	Average resident set size (kbytes): 0
	Major (requiring I/O) page faults: 0
	Minor (reclaiming a frame) page faults: 65947
	Voluntary context switches: 2340
	Involuntary context switches: 21
	Swaps: 0
	File system inputs: 0
	File system outputs: 32
	Socket messages sent: 0
	Socket messages received: 0
	Signals delivered: 0
	Page size (bytes): 4096
	Exit status: 0
      ╭───╮╭───╮                                                       
 q0 : ┤ h ├┤ h ├───────────────────────────────────────────────────────
      ├───┤├───┤                                                       
 q1 : ┤ h ├┤ h ├───────────────────────────────────────────────────────
      ├───┤╰───╯     ╭───╮                                             
 q2 : ┤ h ├───────●──┤ h ├─────────────────────────────────────────────
      ├───┤       │  ├───┤                                             
 q3 : ┤ h ├───────┼──┤ h ├─────────────────────────────────────────────
      ├───┤       │  ├───┤                                             
 q4 : ┤ h ├───────┼──┤ h ├─────────────────────────────────────────────
      ├───┤       │  ╰───╯╭───╮                                        
 q5 : ┤ h ├───────┼────●──┤ h ├────────────────────────────────────────
      ├───┤       │    │  ╰───╯╭───╮                                   
 q6 : ┤ h ├───────┼────┼────●──┤ h ├───────────────────────────────────
      ├───┤       │    │    │  ╰───╯╭───╮                              
 q7 : ┤ h ├───────┼────┼────┼────●──┤ h ├──────────────────────────────
      ├───┤       │    │    │    │  ├───┤                              
 q8 : ┤ h ├───────┼────┼────┼────┼──┤ h ├──────────────────────────────
      ├───┤       │    │    │    │  ├───┤                              
 q9 : ┤ h ├───────┼────┼────┼────┼──┤ h ├──────────────────────────────
      ├───┤       │    │    │    │  ├───┤                              
q10 : ┤ h ├───────┼────┼────┼────┼──┤ h ├──────────────────────────────
      ├───┤       │    │    │    │  ├───┤                              
q11 : ┤ h ├───────┼────┼────┼────┼──┤ h ├──────────────────────────────
      ├───┤       │    │    │    │  ╰───╯╭───╮                         
q12 : ┤ h ├───────┼────┼────┼────┼────●──┤ h ├─────────────────────────
      ├───┤       │    │    │    │    │  ╰───╯╭───╮                    
q13 : ┤ h ├───────┼────┼────┼────┼────┼────●──┤ h ├────────────────────
      ├───┤       │    │    │    │    │    │  ╰───╯╭───╮               
q14 : ┤ h ├───────┼────┼────┼────┼────┼────┼────●──┤ h ├───────────────
      ├───┤       │    │    │    │    │    │    │  ├───┤               
q15 : ┤ h ├───────┼────┼────┼────┼────┼────┼────┼──┤ h ├───────────────
      ├───┤       │    │    │    │    │    │    │  ├───┤               
q16 : ┤ h ├───────┼────┼────┼────┼────┼────┼────┼──┤ h ├───────────────
      ├───┤       │    │    │    │    │    │    │  ├───┤               
q17 : ┤ h ├───────┼────┼────┼────┼────┼────┼────┼──┤ h ├───────────────
      ├───┤       │    │    │    │    │    │    │  ╰───╯╭───╮          
q18 : ┤ h ├───────┼────┼────┼────┼────┼────┼────┼────●──┤ h ├──────────
      ├───┤       │    │    │    │    │    │    │    │  ├───┤          
q19 : ┤ h ├───────┼────┼────┼────┼────┼────┼────┼────┼──┤ h ├──────────
      ├───┤       │    │    │    │    │    │    │    │  ╰───╯╭───╮     
q20 : ┤ h ├───────┼────┼────┼────┼────┼────┼────┼────┼────●──┤ h ├─────
      ├───┤       │    │    │    │    │    │    │    │    │  ╰───╯╭───╮
q21 : ┤ h ├───────┼────┼────┼────┼────┼────┼────┼────┼────┼────●──┤ h ├
      ├───┤       │    │    │    │    │    │    │    │    │    │  ├───┤
q22 : ┤ h ├───────┼────┼────┼────┼────┼────┼────┼────┼────┼────┼──┤ h ├
      ├───┤╭───╮╭─┴─╮╭─┴─╮╭─┴─╮╭─┴─╮╭─┴─╮╭─┴─╮╭─┴─╮╭─┴─╮╭─┴─╮╭─┴─╮╰───╯
q23 : ┤ x ├┤ h ├┤ x ├┤ x ├┤ x ├┤ x ├┤ x ├┤ x ├┤ x ├┤ x ├┤ x ├┤ x ├─────
      ╰───╯╰───╯╰───╯╰───╯╰───╯╰───╯╰───╯╰───╯╰───╯╰───╯╰───╯╰───╯     

secret bitstring = [0, 0, 1, 0, 0, 1, 1, 1, 0, 0, 0, 0, 1, 1, 1, 0, 0, 0, 1, 0, 1, 1, 0]
measured state = 00100111000011100010110
Were we successful? True
	Command being timed: "python3 bernstein-vazirani.py 23"
	User time (seconds): 0.78
	System time (seconds): 0.78
	Percent of CPU this job got: 68%
	Elapsed (wall clock) time (h:mm:ss or m:ss): 0:02.31
	Average shared text size (kbytes): 0
	Average unshared data size (kbytes): 0
	Average stack size (kbytes): 0
	Average total size (kbytes): 0
	Maximum resident set size (kbytes): 589524
	Average resident set size (kbytes): 0
	Major (requiring I/O) page faults: 0
	Minor (reclaiming a frame) page faults: 63641
	Voluntary context switches: 2344
	Involuntary context switches: 24
	Swaps: 0
	File system inputs: 0
	File system outputs: 32
	Socket messages sent: 0
	Socket messages received: 0
	Signals delivered: 0
	Page size (bytes): 4096
	Exit status: 0
      ╭───╮╭───╮                                                            »
 q0 : ┤ h ├┤ h ├────────────────────────────────────────────────────────────»
      ├───┤├───┤                                                            »
 q1 : ┤ h ├┤ h ├────────────────────────────────────────────────────────────»
      ├───┤╰───╯     ╭───╮                                                  »
 q2 : ┤ h ├───────●──┤ h ├──────────────────────────────────────────────────»
      ├───┤       │  ╰───╯╭───╮                                             »
 q3 : ┤ h ├───────┼────●──┤ h ├─────────────────────────────────────────────»
      ├───┤       │    │  ╰───╯╭───╮                                        »
 q4 : ┤ h ├───────┼────┼────●──┤ h ├────────────────────────────────────────»
      ├───┤       │    │    │  ├───┤                                        »
 q5 : ┤ h ├───────┼────┼────┼──┤ h ├────────────────────────────────────────»
      ├───┤       │    │    │  ╰───╯╭───╮                                   »
 q6 : ┤ h ├───────┼────┼────┼────●──┤ h ├───────────────────────────────────»
      ├───┤       │    │    │    │  ╰───╯╭───╮                              »
 q7 : ┤ h ├───────┼────┼────┼────┼────●──┤ h ├──────────────────────────────»
      ├───┤       │    │    │    │    │  ╰───╯╭───╮                         »
 q8 : ┤ h ├───────┼────┼────┼────┼────┼────●──┤ h ├─────────────────────────»
      ├───┤       │    │    │    │    │    │  ╰───╯╭───╮                    »
 q9 : ┤ h ├───────┼────┼────┼────┼────┼────┼────●──┤ h ├────────────────────»
      ├───┤       │    │    │    │    │    │    │  ├───┤                    »
q10 : ┤ h ├───────┼────┼────┼────┼────┼────┼────┼──┤ h ├────────────────────»
      ├───┤       │    │    │    │    │    │    │  ╰───╯╭───╮               »
q11 : ┤ h ├───────┼────┼────┼────┼────┼────┼────┼────●──┤ h ├───────────────»
      ├───┤       │    │    │    │    │    │    │    │  ├───┤               »
q12 : ┤ h ├───────┼────┼────┼────┼────┼────┼────┼────┼──┤ h ├───────────────»
      ├───┤       │    │    │    │    │    │    │    │  ╰───╯╭───╮          »
q13 : ┤ h ├───────┼────┼────┼────┼────┼────┼────┼────┼────●──┤ h ├──────────»
      ├───┤       │    │    │    │    │    │    │    │    │  ├───┤          »
q14 : ┤ h ├───────┼────┼────┼────┼────┼────┼────┼────┼────┼──┤ h ├──────────»
      ├───┤       │    │    │    │    │    │    │    │    │  ╰───╯╭───╮     »
q15 : ┤ h ├───────┼────┼────┼────┼────┼────┼────┼────┼────┼────●──┤ h ├─────»
      ├───┤       │    │    │    │    │    │    │    │    │    │  ╰───╯╭───╮»
q16 : ┤ h ├───────┼────┼────┼────┼────┼────┼────┼────┼────┼────┼────●──┤ h ├»
      ├───┤       │    │    │    │    │    │    │    │    │    │    │  ├───┤»
q17 : ┤ h ├───────┼────┼────┼────┼────┼────┼────┼────┼────┼────┼────┼──┤ h ├»
      ├───┤       │    │    │    │    │    │    │    │    │    │    │  ╰───╯»
q18 : ┤ h ├───────┼────┼────┼────┼────┼────┼────┼────┼────┼────┼────┼────●──»
      ├───┤       │    │    │    │    │    │    │    │    │    │    │    │  »
q19 : ┤ h ├───────┼────┼────┼────┼────┼────┼────┼────┼────┼────┼────┼────┼──»
      ├───┤       │    │    │    │    │    │    │    │    │    │    │    │  »
q20 : ┤ h ├───────┼────┼────┼────┼────┼────┼────┼────┼────┼────┼────┼────┼──»
      ├───┤       │    │    │    │    │    │    │    │    │    │    │    │  »
q21 : ┤ h ├───────┼────┼────┼────┼────┼────┼────┼────┼────┼────┼────┼────┼──»
      ├───┤       │    │    │    │    │    │    │    │    │    │    │    │  »
q22 : ┤ h ├───────┼────┼────┼────┼────┼────┼────┼────┼────┼────┼────┼────┼──»
      ├───┤╭───╮╭─┴─╮╭─┴─╮╭─┴─╮╭─┴─╮╭─┴─╮╭─┴─╮╭─┴─╮╭─┴─╮╭─┴─╮╭─┴─╮╭─┴─╮╭─┴─╮»
q23 : ┤ x ├┤ h ├┤ x ├┤ x ├┤ x ├┤ x ├┤ x ├┤ x ├┤ x ├┤ x ├┤ x ├┤ x ├┤ x ├┤ x ├»
      ╰───╯╰───╯╰───╯╰───╯╰───╯╰───╯╰───╯╰───╯╰───╯╰───╯╰───╯╰───╯╰───╯╰───╯»

################################################################################

          
──────────
          
──────────
          
──────────
          
──────────
          
──────────
          
──────────
          
──────────
          
──────────
          
──────────
          
──────────
          
──────────
          
──────────
          
──────────
          
──────────
          
──────────
          
──────────
          
──────────
          
──────────
╭───╮     
┤ h ├─────
├───┤     
┤ h ├─────
├───┤     
┤ h ├─────
╰───╯╭───╮
──●──┤ h ├
  │  ├───┤
──┼──┤ h ├
╭─┴─╮╰───╯
┤ x ├─────
╰───╯     

secret bitstring = [0, 0, 1, 1, 1, 0, 1, 1, 1, 1, 0, 1, 0, 1, 0, 1, 1, 0, 1, 0, 0, 1, 0]
measured state = 00111011110101011010010
Were we successful? True
	Command being timed: "python3 bernstein-vazirani.py 23"
	User time (seconds): 0.80
	System time (seconds): 0.81
	Percent of CPU this job got: 63%
	Elapsed (wall clock) time (h:mm:ss or m:ss): 0:02.55
	Average shared text size (kbytes): 0
	Average unshared data size (kbytes): 0
	Average stack size (kbytes): 0
	Average total size (kbytes): 0
	Maximum resident set size (kbytes): 586940
	Average resident set size (kbytes): 0
	Major (requiring I/O) page faults: 0
	Minor (reclaiming a frame) page faults: 66352
	Voluntary context switches: 2278
	Involuntary context switches: 22
	Swaps: 0
	File system inputs: 0
	File system outputs: 40
	Socket messages sent: 0
	Socket messages received: 0
	Signals delivered: 0
	Page size (bytes): 4096
	Exit status: 0
      ╭───╮          ╭───╮                                                  
 q0 : ┤ h ├───────●──┤ h ├──────────────────────────────────────────────────
      ├───┤       │  ├───┤                                                  
 q1 : ┤ h ├───────┼──┤ h ├──────────────────────────────────────────────────
      ├───┤       │  ├───┤                                                  
 q2 : ┤ h ├───────┼──┤ h ├──────────────────────────────────────────────────
      ├───┤       │  ├───┤                                                  
 q3 : ┤ h ├───────┼──┤ h ├──────────────────────────────────────────────────
      ├───┤       │  ├───┤                                                  
 q4 : ┤ h ├───────┼──┤ h ├──────────────────────────────────────────────────
      ├───┤       │  ╰───╯╭───╮                                             
 q5 : ┤ h ├───────┼────●──┤ h ├─────────────────────────────────────────────
      ├───┤       │    │  ╰───╯╭───╮                                        
 q6 : ┤ h ├───────┼────┼────●──┤ h ├────────────────────────────────────────
      ├───┤       │    │    │  ╰───╯╭───╮                                   
 q7 : ┤ h ├───────┼────┼────┼────●──┤ h ├───────────────────────────────────
      ├───┤       │    │    │    │  ╰───╯╭───╮                              
 q8 : ┤ h ├───────┼────┼────┼────┼────●──┤ h ├──────────────────────────────
      ├───┤       │    │    │    │    │  ├───┤                              
 q9 : ┤ h ├───────┼────┼────┼────┼────┼──┤ h ├──────────────────────────────
      ├───┤       │    │    │    │    │  ╰───╯╭───╮                         
q10 : ┤ h ├───────┼────┼────┼────┼────┼────●──┤ h ├─────────────────────────
      ├───┤       │    │    │    │    │    │  ╰───╯╭───╮                    
q11 : ┤ h ├───────┼────┼────┼────┼────┼────┼────●──┤ h ├────────────────────
      ├───┤       │    │    │    │    │    │    │  ├───┤                    
q12 : ┤ h ├───────┼────┼────┼────┼────┼────┼────┼──┤ h ├────────────────────
      ├───┤       │    │    │    │    │    │    │  ╰───╯╭───╮               
q13 : ┤ h ├───────┼────┼────┼────┼────┼────┼────┼────●──┤ h ├───────────────
      ├───┤       │    │    │    │    │    │    │    │  ╰───╯╭───╮          
q14 : ┤ h ├───────┼────┼────┼────┼────┼────┼────┼────┼────●──┤ h ├──────────
      ├───┤       │    │    │    │    │    │    │    │    │  ├───┤          
q15 : ┤ h ├───────┼────┼────┼────┼────┼────┼────┼────┼────┼──┤ h ├──────────
      ├───┤       │    │    │    │    │    │    │    │    │  ├───┤          
q16 : ┤ h ├───────┼────┼────┼────┼────┼────┼────┼────┼────┼──┤ h ├──────────
      ├───┤       │    │    │    │    │    │    │    │    │  ╰───╯╭───╮     
q17 : ┤ h ├───────┼────┼────┼────┼────┼────┼────┼────┼────┼────●──┤ h ├─────
      ├───┤       │    │    │    │    │    │    │    │    │    │  ├───┤     
q18 : ┤ h ├───────┼────┼────┼────┼────┼────┼────┼────┼────┼────┼──┤ h ├─────
      ├───┤       │    │    │    │    │    │    │    │    │    │  ├───┤     
q19 : ┤ h ├───────┼────┼────┼────┼────┼────┼────┼────┼────┼────┼──┤ h ├─────
      ├───┤       │    │    │    │    │    │    │    │    │    │  ├───┤     
q20 : ┤ h ├───────┼────┼────┼────┼────┼────┼────┼────┼────┼────┼──┤ h ├─────
      ├───┤       │    │    │    │    │    │    │    │    │    │  ├───┤     
q21 : ┤ h ├───────┼────┼────┼────┼────┼────┼────┼────┼────┼────┼──┤ h ├─────
      ├───┤       │    │    │    │    │    │    │    │    │    │  ╰───╯╭───╮
q22 : ┤ h ├───────┼────┼────┼────┼────┼────┼────┼────┼────┼────┼────●──┤ h ├
      ├───┤╭───╮╭─┴─╮╭─┴─╮╭─┴─╮╭─┴─╮╭─┴─╮╭─┴─╮╭─┴─╮╭─┴─╮╭─┴─╮╭─┴─╮╭─┴─╮╰───╯
q23 : ┤ x ├┤ h ├┤ x ├┤ x ├┤ x ├┤ x ├┤ x ├┤ x ├┤ x ├┤ x ├┤ x ├┤ x ├┤ x ├─────
      ╰───╯╰───╯╰───╯╰───╯╰───╯╰───╯╰───╯╰───╯╰───╯╰───╯╰───╯╰───╯╰───╯     

secret bitstring = [1, 0, 0, 0, 0, 1, 1, 1, 1, 0, 1, 1, 0, 1, 1, 0, 0, 1, 0, 0, 0, 0, 1]
measured state = 10000111101101100100001
Were we successful? True
	Command being timed: "python3 bernstein-vazirani.py 23"
	User time (seconds): 0.76
	System time (seconds): 0.79
	Percent of CPU this job got: 77%
	Elapsed (wall clock) time (h:mm:ss or m:ss): 0:02.00
	Average shared text size (kbytes): 0
	Average unshared data size (kbytes): 0
	Average stack size (kbytes): 0
	Average total size (kbytes): 0
	Maximum resident set size (kbytes): 589448
	Average resident set size (kbytes): 0
	Major (requiring I/O) page faults: 0
	Minor (reclaiming a frame) page faults: 65700
	Voluntary context switches: 2167
	Involuntary context switches: 21
	Swaps: 0
	File system inputs: 0
	File system outputs: 32
	Socket messages sent: 0
	Socket messages received: 0
	Signals delivered: 0
	Page size (bytes): 4096
	Exit status: 0
