WARNING: overwriting environment variables set in the machine
overwriting variable ['LD_LIBRARY_PATH']
-2.3314205881751313
	Command being timed: "python3 vqe.py 5"
	User time (seconds): 81.40
	System time (seconds): 1.85
	Percent of CPU this job got: 95%
	Elapsed (wall clock) time (h:mm:ss or m:ss): 1:26.75
	Average shared text size (kbytes): 0
	Average unshared data size (kbytes): 0
	Average stack size (kbytes): 0
	Average total size (kbytes): 0
	Maximum resident set size (kbytes): 1485640
	Average resident set size (kbytes): 0
	Major (requiring I/O) page faults: 0
	Minor (reclaiming a frame) page faults: 499687
	Voluntary context switches: 10589
	Involuntary context switches: 1437
	Swaps: 0
	File system inputs: 0
	File system outputs: 272
	Socket messages sent: 0
	Socket messages received: 0
	Signals delivered: 0
	Page size (bytes): 4096
	Exit status: 0
-2.3314205881751313
	Command being timed: "python3 vqe.py 5"
	User time (seconds): 81.72
	System time (seconds): 1.46
	Percent of CPU this job got: 98%
	Elapsed (wall clock) time (h:mm:ss or m:ss): 1:24.54
	Average shared text size (kbytes): 0
	Average unshared data size (kbytes): 0
	Average stack size (kbytes): 0
	Average total size (kbytes): 0
	Maximum resident set size (kbytes): 1483352
	Average resident set size (kbytes): 0
	Major (requiring I/O) page faults: 0
	Minor (reclaiming a frame) page faults: 504140
	Voluntary context switches: 5371
	Involuntary context switches: 1500
	Swaps: 0
	File system inputs: 0
	File system outputs: 272
	Socket messages sent: 0
	Socket messages received: 0
	Signals delivered: 0
	Page size (bytes): 4096
	Exit status: 0
-2.3314205881751313
	Command being timed: "python3 vqe.py 5"
	User time (seconds): 81.68
	System time (seconds): 1.49
	Percent of CPU this job got: 98%
	Elapsed (wall clock) time (h:mm:ss or m:ss): 1:24.32
	Average shared text size (kbytes): 0
	Average unshared data size (kbytes): 0
	Average stack size (kbytes): 0
	Average total size (kbytes): 0
	Maximum resident set size (kbytes): 1485440
	Average resident set size (kbytes): 0
	Major (requiring I/O) page faults: 0
	Minor (reclaiming a frame) page faults: 506725
	Voluntary context switches: 5582
	Involuntary context switches: 1475
	Swaps: 0
	File system inputs: 0
	File system outputs: 272
	Socket messages sent: 0
	Socket messages received: 0
	Signals delivered: 0
	Page size (bytes): 4096
	Exit status: 0
-2.3314205881751313
	Command being timed: "python3 vqe.py 5"
	User time (seconds): 81.61
	System time (seconds): 1.58
	Percent of CPU this job got: 97%
	Elapsed (wall clock) time (h:mm:ss or m:ss): 1:25.01
	Average shared text size (kbytes): 0
	Average unshared data size (kbytes): 0
	Average stack size (kbytes): 0
	Average total size (kbytes): 0
	Maximum resident set size (kbytes): 1483104
	Average resident set size (kbytes): 0
	Major (requiring I/O) page faults: 0
	Minor (reclaiming a frame) page faults: 504733
	Voluntary context switches: 9610
	Involuntary context switches: 1451
	Swaps: 0
	File system inputs: 0
	File system outputs: 272
	Socket messages sent: 0
	Socket messages received: 0
	Signals delivered: 0
	Page size (bytes): 4096
	Exit status: 0
-2.3314205881751313
	Command being timed: "python3 vqe.py 5"
	User time (seconds): 81.82
	System time (seconds): 1.50
	Percent of CPU this job got: 97%
	Elapsed (wall clock) time (h:mm:ss or m:ss): 1:25.13
	Average shared text size (kbytes): 0
	Average unshared data size (kbytes): 0
	Average stack size (kbytes): 0
	Average total size (kbytes): 0
	Maximum resident set size (kbytes): 1488824
	Average resident set size (kbytes): 0
	Major (requiring I/O) page faults: 0
	Minor (reclaiming a frame) page faults: 507445
	Voluntary context switches: 9610
	Involuntary context switches: 1460
	Swaps: 0
	File system inputs: 0
	File system outputs: 272
	Socket messages sent: 0
	Socket messages received: 0
	Signals delivered: 0
	Page size (bytes): 4096
	Exit status: 0
-2.3314205881751313
	Command being timed: "python3 vqe.py 5"
	User time (seconds): 81.78
	System time (seconds): 1.46
	Percent of CPU this job got: 97%
	Elapsed (wall clock) time (h:mm:ss or m:ss): 1:25.14
	Average shared text size (kbytes): 0
	Average unshared data size (kbytes): 0
	Average stack size (kbytes): 0
	Average total size (kbytes): 0
	Maximum resident set size (kbytes): 1480992
	Average resident set size (kbytes): 0
	Major (requiring I/O) page faults: 0
	Minor (reclaiming a frame) page faults: 502584
	Voluntary context switches: 9621
	Involuntary context switches: 1468
	Swaps: 0
	File system inputs: 0
	File system outputs: 272
	Socket messages sent: 0
	Socket messages received: 0
	Signals delivered: 0
	Page size (bytes): 4096
	Exit status: 0
-2.3314205881751313
	Command being timed: "python3 vqe.py 5"
	User time (seconds): 81.69
	System time (seconds): 1.62
	Percent of CPU this job got: 97%
	Elapsed (wall clock) time (h:mm:ss or m:ss): 1:25.21
	Average shared text size (kbytes): 0
	Average unshared data size (kbytes): 0
	Average stack size (kbytes): 0
	Average total size (kbytes): 0
	Maximum resident set size (kbytes): 1485044
	Average resident set size (kbytes): 0
	Major (requiring I/O) page faults: 0
	Minor (reclaiming a frame) page faults: 511837
	Voluntary context switches: 9615
	Involuntary context switches: 1472
	Swaps: 0
	File system inputs: 0
	File system outputs: 272
	Socket messages sent: 0
	Socket messages received: 0
	Signals delivered: 0
	Page size (bytes): 4096
	Exit status: 0
-2.3314205881751313
	Command being timed: "python3 vqe.py 5"
	User time (seconds): 81.62
	System time (seconds): 1.53
	Percent of CPU this job got: 97%
	Elapsed (wall clock) time (h:mm:ss or m:ss): 1:25.00
	Average shared text size (kbytes): 0
	Average unshared data size (kbytes): 0
	Average stack size (kbytes): 0
	Average total size (kbytes): 0
	Maximum resident set size (kbytes): 1485748
	Average resident set size (kbytes): 0
	Major (requiring I/O) page faults: 0
	Minor (reclaiming a frame) page faults: 509152
	Voluntary context switches: 9616
	Involuntary context switches: 1450
	Swaps: 0
	File system inputs: 0
	File system outputs: 272
	Socket messages sent: 0
	Socket messages received: 0
	Signals delivered: 0
	Page size (bytes): 4096
	Exit status: 0
-2.3314205881751313
	Command being timed: "python3 vqe.py 5"
	User time (seconds): 81.62
	System time (seconds): 1.55
	Percent of CPU this job got: 97%
	Elapsed (wall clock) time (h:mm:ss or m:ss): 1:25.08
	Average shared text size (kbytes): 0
	Average unshared data size (kbytes): 0
	Average stack size (kbytes): 0
	Average total size (kbytes): 0
	Maximum resident set size (kbytes): 1480520
	Average resident set size (kbytes): 0
	Major (requiring I/O) page faults: 0
	Minor (reclaiming a frame) page faults: 503418
	Voluntary context switches: 9627
	Involuntary context switches: 1449
	Swaps: 0
	File system inputs: 0
	File system outputs: 272
	Socket messages sent: 0
	Socket messages received: 0
	Signals delivered: 0
	Page size (bytes): 4096
	Exit status: 0
-2.3314205881751313
	Command being timed: "python3 vqe.py 5"
	User time (seconds): 81.94
	System time (seconds): 1.54
	Percent of CPU this job got: 98%
	Elapsed (wall clock) time (h:mm:ss or m:ss): 1:24.68
	Average shared text size (kbytes): 0
	Average unshared data size (kbytes): 0
	Average stack size (kbytes): 0
	Average total size (kbytes): 0
	Maximum resident set size (kbytes): 1485084
	Average resident set size (kbytes): 0
	Major (requiring I/O) page faults: 0
	Minor (reclaiming a frame) page faults: 503767
	Voluntary context switches: 5467
	Involuntary context switches: 1471
	Swaps: 0
	File system inputs: 0
	File system outputs: 272
	Socket messages sent: 0
	Socket messages received: 0
	Signals delivered: 0
	Page size (bytes): 4096
	Exit status: 0
