WARNING: overwriting environment variables set in the machine
overwriting variable ['LD_LIBRARY_PATH']
-1.1371740200490688
A100
	Command being timed: "python3 vqe.py 2"
	User time (seconds): 3.06
	System time (seconds): 1.09
	Percent of CPU this job got: 66%
	Elapsed (wall clock) time (h:mm:ss or m:ss): 0:06.26
	Average shared text size (kbytes): 0
	Average unshared data size (kbytes): 0
	Average stack size (kbytes): 0
	Average total size (kbytes): 0
	Maximum resident set size (kbytes): 736936
	Average resident set size (kbytes): 0
	Major (requiring I/O) page faults: 0
	Minor (reclaiming a frame) page faults: 121081
	Voluntary context switches: 13417
	Involuntary context switches: 62
	Swaps: 0
	File system inputs: 8
	File system outputs: 240
	Socket messages sent: 0
	Socket messages received: 0
	Signals delivered: 0
	Page size (bytes): 4096
	Exit status: 0
-1.1371740200490688
A100
	Command being timed: "python3 vqe.py 2"
	User time (seconds): 3.03
	System time (seconds): 0.95
	Percent of CPU this job got: 84%
	Elapsed (wall clock) time (h:mm:ss or m:ss): 0:04.71
	Average shared text size (kbytes): 0
	Average unshared data size (kbytes): 0
	Average stack size (kbytes): 0
	Average total size (kbytes): 0
	Maximum resident set size (kbytes): 738340
	Average resident set size (kbytes): 0
	Major (requiring I/O) page faults: 0
	Minor (reclaiming a frame) page faults: 120878
	Voluntary context switches: 4508
	Involuntary context switches: 57
	Swaps: 0
	File system inputs: 0
	File system outputs: 240
	Socket messages sent: 0
	Socket messages received: 0
	Signals delivered: 0
	Page size (bytes): 4096
	Exit status: 0
-1.1371740200490688
A100
	Command being timed: "python3 vqe.py 2"
	User time (seconds): 3.05
	System time (seconds): 0.92
	Percent of CPU this job got: 84%
	Elapsed (wall clock) time (h:mm:ss or m:ss): 0:04.71
	Average shared text size (kbytes): 0
	Average unshared data size (kbytes): 0
	Average stack size (kbytes): 0
	Average total size (kbytes): 0
	Maximum resident set size (kbytes): 736168
	Average resident set size (kbytes): 0
	Major (requiring I/O) page faults: 0
	Minor (reclaiming a frame) page faults: 121643
	Voluntary context switches: 4510
	Involuntary context switches: 57
	Swaps: 0
	File system inputs: 0
	File system outputs: 240
	Socket messages sent: 0
	Socket messages received: 0
	Signals delivered: 0
	Page size (bytes): 4096
	Exit status: 0
-1.1371740200490688
A100
	Command being timed: "python3 vqe.py 2"
	User time (seconds): 3.02
	System time (seconds): 0.98
	Percent of CPU this job got: 84%
	Elapsed (wall clock) time (h:mm:ss or m:ss): 0:04.76
	Average shared text size (kbytes): 0
	Average unshared data size (kbytes): 0
	Average stack size (kbytes): 0
	Average total size (kbytes): 0
	Maximum resident set size (kbytes): 743256
	Average resident set size (kbytes): 0
	Major (requiring I/O) page faults: 0
	Minor (reclaiming a frame) page faults: 122061
	Voluntary context switches: 4510
	Involuntary context switches: 57
	Swaps: 0
	File system inputs: 0
	File system outputs: 240
	Socket messages sent: 0
	Socket messages received: 0
	Signals delivered: 0
	Page size (bytes): 4096
	Exit status: 0
-1.1371740200490688
A100
	Command being timed: "python3 vqe.py 2"
	User time (seconds): 3.04
	System time (seconds): 0.92
	Percent of CPU this job got: 83%
	Elapsed (wall clock) time (h:mm:ss or m:ss): 0:04.74
	Average shared text size (kbytes): 0
	Average unshared data size (kbytes): 0
	Average stack size (kbytes): 0
	Average total size (kbytes): 0
	Maximum resident set size (kbytes): 733328
	Average resident set size (kbytes): 0
	Major (requiring I/O) page faults: 0
	Minor (reclaiming a frame) page faults: 121448
	Voluntary context switches: 4509
	Involuntary context switches: 61
	Swaps: 0
	File system inputs: 0
	File system outputs: 240
	Socket messages sent: 0
	Socket messages received: 0
	Signals delivered: 0
	Page size (bytes): 4096
	Exit status: 0
-1.1371740200490688
A100
	Command being timed: "python3 vqe.py 2"
	User time (seconds): 3.02
	System time (seconds): 0.94
	Percent of CPU this job got: 84%
	Elapsed (wall clock) time (h:mm:ss or m:ss): 0:04.69
	Average shared text size (kbytes): 0
	Average unshared data size (kbytes): 0
	Average stack size (kbytes): 0
	Average total size (kbytes): 0
	Maximum resident set size (kbytes): 735740
	Average resident set size (kbytes): 0
	Major (requiring I/O) page faults: 0
	Minor (reclaiming a frame) page faults: 121613
	Voluntary context switches: 4510
	Involuntary context switches: 65
	Swaps: 0
	File system inputs: 0
	File system outputs: 240
	Socket messages sent: 0
	Socket messages received: 0
	Signals delivered: 0
	Page size (bytes): 4096
	Exit status: 0
-1.1371740200490688
A100
	Command being timed: "python3 vqe.py 2"
	User time (seconds): 3.05
	System time (seconds): 0.93
	Percent of CPU this job got: 84%
	Elapsed (wall clock) time (h:mm:ss or m:ss): 0:04.74
	Average shared text size (kbytes): 0
	Average unshared data size (kbytes): 0
	Average stack size (kbytes): 0
	Average total size (kbytes): 0
	Maximum resident set size (kbytes): 735052
	Average resident set size (kbytes): 0
	Major (requiring I/O) page faults: 0
	Minor (reclaiming a frame) page faults: 121740
	Voluntary context switches: 4513
	Involuntary context switches: 59
	Swaps: 0
	File system inputs: 0
	File system outputs: 240
	Socket messages sent: 0
	Socket messages received: 0
	Signals delivered: 0
	Page size (bytes): 4096
	Exit status: 0
-1.1371740200490688
A100
	Command being timed: "python3 vqe.py 2"
	User time (seconds): 3.01
	System time (seconds): 0.96
	Percent of CPU this job got: 84%
	Elapsed (wall clock) time (h:mm:ss or m:ss): 0:04.74
	Average shared text size (kbytes): 0
	Average unshared data size (kbytes): 0
	Average stack size (kbytes): 0
	Average total size (kbytes): 0
	Maximum resident set size (kbytes): 738496
	Average resident set size (kbytes): 0
	Major (requiring I/O) page faults: 0
	Minor (reclaiming a frame) page faults: 120429
	Voluntary context switches: 4519
	Involuntary context switches: 61
	Swaps: 0
	File system inputs: 0
	File system outputs: 240
	Socket messages sent: 0
	Socket messages received: 0
	Signals delivered: 0
	Page size (bytes): 4096
	Exit status: 0
-1.1371740200490688
A100
	Command being timed: "python3 vqe.py 2"
	User time (seconds): 3.02
	System time (seconds): 0.99
	Percent of CPU this job got: 84%
	Elapsed (wall clock) time (h:mm:ss or m:ss): 0:04.76
	Average shared text size (kbytes): 0
	Average unshared data size (kbytes): 0
	Average stack size (kbytes): 0
	Average total size (kbytes): 0
	Maximum resident set size (kbytes): 740848
	Average resident set size (kbytes): 0
	Major (requiring I/O) page faults: 0
	Minor (reclaiming a frame) page faults: 119948
	Voluntary context switches: 4519
	Involuntary context switches: 58
	Swaps: 0
	File system inputs: 0
	File system outputs: 240
	Socket messages sent: 0
	Socket messages received: 0
	Signals delivered: 0
	Page size (bytes): 4096
	Exit status: 0
-1.1371740200490688
A100
	Command being timed: "python3 vqe.py 2"
	User time (seconds): 3.01
	System time (seconds): 0.97
	Percent of CPU this job got: 83%
	Elapsed (wall clock) time (h:mm:ss or m:ss): 0:04.77
	Average shared text size (kbytes): 0
	Average unshared data size (kbytes): 0
	Average stack size (kbytes): 0
	Average total size (kbytes): 0
	Maximum resident set size (kbytes): 736536
	Average resident set size (kbytes): 0
	Major (requiring I/O) page faults: 0
	Minor (reclaiming a frame) page faults: 120720
	Voluntary context switches: 4517
	Involuntary context switches: 63
	Swaps: 0
	File system inputs: 0
	File system outputs: 240
	Socket messages sent: 0
	Socket messages received: 0
	Signals delivered: 0
	Page size (bytes): 4096
	Exit status: 0
