WARNING: overwriting environment variables set in the machine
overwriting variable ['LD_LIBRARY_PATH']
[ 0.25+0.j    0.23-0.1j   0.18-0.18j  0.1 -0.23j  0.  -0.25j -0.1 -0.23j
 -0.18-0.18j -0.23-0.1j  -0.25+0.j   -0.23+0.1j  -0.18+0.18j -0.1 +0.23j
 -0.  +0.25j  0.1 +0.23j  0.18+0.18j  0.23+0.1j ]
	Command being timed: "python3 qft.py 4"
	User time (seconds): 0.91
	System time (seconds): 0.56
	Percent of CPU this job got: 84%
	Elapsed (wall clock) time (h:mm:ss or m:ss): 0:01.74
	Average shared text size (kbytes): 0
	Average unshared data size (kbytes): 0
	Average stack size (kbytes): 0
	Average total size (kbytes): 0
	Maximum resident set size (kbytes): 606416
	Average resident set size (kbytes): 0
	Major (requiring I/O) page faults: 0
	Minor (reclaiming a frame) page faults: 40740
	Voluntary context switches: 3440
	Involuntary context switches: 39
	Swaps: 0
	File system inputs: 0
	File system outputs: 16
	Socket messages sent: 0
	Socket messages received: 0
	Signals delivered: 0
	Page size (bytes): 4096
	Exit status: 0
[ 0.25+0.j   -0.23-0.1j   0.18+0.18j -0.1 -0.23j -0.  +0.25j  0.1 -0.23j
 -0.18+0.18j  0.23-0.1j  -0.25+0.j    0.23+0.1j  -0.18-0.18j  0.1 +0.23j
  0.  -0.25j -0.1 +0.23j  0.18-0.18j -0.23+0.1j ]
	Command being timed: "python3 qft.py 4"
	User time (seconds): 0.90
	System time (seconds): 0.45
	Percent of CPU this job got: 87%
	Elapsed (wall clock) time (h:mm:ss or m:ss): 0:01.55
	Average shared text size (kbytes): 0
	Average unshared data size (kbytes): 0
	Average stack size (kbytes): 0
	Average total size (kbytes): 0
	Maximum resident set size (kbytes): 605380
	Average resident set size (kbytes): 0
	Major (requiring I/O) page faults: 0
	Minor (reclaiming a frame) page faults: 40968
	Voluntary context switches: 1745
	Involuntary context switches: 36
	Swaps: 0
	File system inputs: 0
	File system outputs: 16
	Socket messages sent: 0
	Socket messages received: 0
	Signals delivered: 0
	Page size (bytes): 4096
	Exit status: 0
[ 0.25+0.j    0.23+0.1j   0.18+0.18j  0.1 +0.23j -0.  +0.25j -0.1 +0.23j
 -0.18+0.18j -0.23+0.1j  -0.25+0.j   -0.23-0.1j  -0.18-0.18j -0.1 -0.23j
  0.  -0.25j  0.1 -0.23j  0.18-0.18j  0.23-0.1j ]
	Command being timed: "python3 qft.py 4"
	User time (seconds): 0.88
	System time (seconds): 0.46
	Percent of CPU this job got: 87%
	Elapsed (wall clock) time (h:mm:ss or m:ss): 0:01.54
	Average shared text size (kbytes): 0
	Average unshared data size (kbytes): 0
	Average stack size (kbytes): 0
	Average total size (kbytes): 0
	Maximum resident set size (kbytes): 606052
	Average resident set size (kbytes): 0
	Major (requiring I/O) page faults: 0
	Minor (reclaiming a frame) page faults: 41602
	Voluntary context switches: 1747
	Involuntary context switches: 36
	Swaps: 0
	File system inputs: 0
	File system outputs: 16
	Socket messages sent: 0
	Socket messages received: 0
	Signals delivered: 0
	Page size (bytes): 4096
	Exit status: 0
[ 0.25+0.j   -0.1 +0.23j -0.18-0.18j  0.23-0.1j  -0.  +0.25j -0.23-0.1j
  0.18-0.18j  0.1 +0.23j -0.25+0.j    0.1 -0.23j  0.18+0.18j -0.23+0.1j
  0.  -0.25j  0.23+0.1j  -0.18+0.18j -0.1 -0.23j]
	Command being timed: "python3 qft.py 4"
	User time (seconds): 0.89
	System time (seconds): 0.46
	Percent of CPU this job got: 86%
	Elapsed (wall clock) time (h:mm:ss or m:ss): 0:01.57
	Average shared text size (kbytes): 0
	Average unshared data size (kbytes): 0
	Average stack size (kbytes): 0
	Average total size (kbytes): 0
	Maximum resident set size (kbytes): 603160
	Average resident set size (kbytes): 0
	Major (requiring I/O) page faults: 0
	Minor (reclaiming a frame) page faults: 41294
	Voluntary context switches: 1825
	Involuntary context switches: 37
	Swaps: 0
	File system inputs: 0
	File system outputs: 16
	Socket messages sent: 0
	Socket messages received: 0
	Signals delivered: 0
	Page size (bytes): 4096
	Exit status: 0
[ 0.25+0.j   -0.1 -0.23j -0.18+0.18j  0.23+0.1j   0.  -0.25j -0.23+0.1j
  0.18+0.18j  0.1 -0.23j -0.25+0.j    0.1 +0.23j  0.18-0.18j -0.23-0.1j
 -0.  +0.25j  0.23-0.1j  -0.18-0.18j -0.1 +0.23j]
	Command being timed: "python3 qft.py 4"
	User time (seconds): 0.86
	System time (seconds): 0.48
	Percent of CPU this job got: 88%
	Elapsed (wall clock) time (h:mm:ss or m:ss): 0:01.53
	Average shared text size (kbytes): 0
	Average unshared data size (kbytes): 0
	Average stack size (kbytes): 0
	Average total size (kbytes): 0
	Maximum resident set size (kbytes): 605140
	Average resident set size (kbytes): 0
	Major (requiring I/O) page faults: 0
	Minor (reclaiming a frame) page faults: 41575
	Voluntary context switches: 1712
	Involuntary context switches: 40
	Swaps: 0
	File system inputs: 0
	File system outputs: 16
	Socket messages sent: 0
	Socket messages received: 0
	Signals delivered: 0
	Page size (bytes): 4096
	Exit status: 0
[ 0.25+0.j    0.1 +0.23j -0.18+0.18j -0.23-0.1j   0.  -0.25j  0.23-0.1j
  0.18+0.18j -0.1 +0.23j -0.25+0.j   -0.1 -0.23j  0.18-0.18j  0.23+0.1j
 -0.  +0.25j -0.23+0.1j  -0.18-0.18j  0.1 -0.23j]
	Command being timed: "python3 qft.py 4"
	User time (seconds): 0.88
	System time (seconds): 0.46
	Percent of CPU this job got: 87%
	Elapsed (wall clock) time (h:mm:ss or m:ss): 0:01.53
	Average shared text size (kbytes): 0
	Average unshared data size (kbytes): 0
	Average stack size (kbytes): 0
	Average total size (kbytes): 0
	Maximum resident set size (kbytes): 605888
	Average resident set size (kbytes): 0
	Major (requiring I/O) page faults: 0
	Minor (reclaiming a frame) page faults: 41865
	Voluntary context switches: 1752
	Involuntary context switches: 35
	Swaps: 0
	File system inputs: 0
	File system outputs: 16
	Socket messages sent: 0
	Socket messages received: 0
	Signals delivered: 0
	Page size (bytes): 4096
	Exit status: 0
[ 0.25+0.j   -0.18-0.18j -0.  +0.25j  0.18-0.18j -0.25+0.j    0.18+0.18j
  0.  -0.25j -0.18+0.18j  0.25+0.j   -0.18-0.18j -0.  +0.25j  0.18-0.18j
 -0.25+0.j    0.18+0.18j  0.  -0.25j -0.18+0.18j]
	Command being timed: "python3 qft.py 4"
	User time (seconds): 0.88
	System time (seconds): 0.45
	Percent of CPU this job got: 87%
	Elapsed (wall clock) time (h:mm:ss or m:ss): 0:01.52
	Average shared text size (kbytes): 0
	Average unshared data size (kbytes): 0
	Average stack size (kbytes): 0
	Average total size (kbytes): 0
	Maximum resident set size (kbytes): 608236
	Average resident set size (kbytes): 0
	Major (requiring I/O) page faults: 0
	Minor (reclaiming a frame) page faults: 41387
	Voluntary context switches: 1746
	Involuntary context switches: 39
	Swaps: 0
	File system inputs: 0
	File system outputs: 16
	Socket messages sent: 0
	Socket messages received: 0
	Signals delivered: 0
	Page size (bytes): 4096
	Exit status: 0
[ 0.25+0.j   -0.1 -0.23j -0.18+0.18j  0.23+0.1j   0.  -0.25j -0.23+0.1j
  0.18+0.18j  0.1 -0.23j -0.25+0.j    0.1 +0.23j  0.18-0.18j -0.23-0.1j
 -0.  +0.25j  0.23-0.1j  -0.18-0.18j -0.1 +0.23j]
	Command being timed: "python3 qft.py 4"
	User time (seconds): 0.87
	System time (seconds): 0.47
	Percent of CPU this job got: 87%
	Elapsed (wall clock) time (h:mm:ss or m:ss): 0:01.52
	Average shared text size (kbytes): 0
	Average unshared data size (kbytes): 0
	Average stack size (kbytes): 0
	Average total size (kbytes): 0
	Maximum resident set size (kbytes): 605216
	Average resident set size (kbytes): 0
	Major (requiring I/O) page faults: 0
	Minor (reclaiming a frame) page faults: 41343
	Voluntary context switches: 1727
	Involuntary context switches: 35
	Swaps: 0
	File system inputs: 0
	File system outputs: 16
	Socket messages sent: 0
	Socket messages received: 0
	Signals delivered: 0
	Page size (bytes): 4096
	Exit status: 0
[ 0.25+0.j    0.  -0.25j -0.25+0.j   -0.  +0.25j  0.25+0.j    0.  -0.25j
 -0.25+0.j   -0.  +0.25j  0.25+0.j    0.  -0.25j -0.25+0.j   -0.  +0.25j
  0.25+0.j    0.  -0.25j -0.25+0.j   -0.  +0.25j]
	Command being timed: "python3 qft.py 4"
	User time (seconds): 0.88
	System time (seconds): 0.47
	Percent of CPU this job got: 87%
	Elapsed (wall clock) time (h:mm:ss or m:ss): 0:01.54
	Average shared text size (kbytes): 0
	Average unshared data size (kbytes): 0
	Average stack size (kbytes): 0
	Average total size (kbytes): 0
	Maximum resident set size (kbytes): 606132
	Average resident set size (kbytes): 0
	Major (requiring I/O) page faults: 0
	Minor (reclaiming a frame) page faults: 41620
	Voluntary context switches: 1749
	Involuntary context switches: 38
	Swaps: 0
	File system inputs: 0
	File system outputs: 16
	Socket messages sent: 0
	Socket messages received: 0
	Signals delivered: 0
	Page size (bytes): 4096
	Exit status: 0
[ 0.25+0.j   -0.23-0.1j   0.18+0.18j -0.1 -0.23j -0.  +0.25j  0.1 -0.23j
 -0.18+0.18j  0.23-0.1j  -0.25+0.j    0.23+0.1j  -0.18-0.18j  0.1 +0.23j
  0.  -0.25j -0.1 +0.23j  0.18-0.18j -0.23+0.1j ]
	Command being timed: "python3 qft.py 4"
	User time (seconds): 0.88
	System time (seconds): 0.46
	Percent of CPU this job got: 87%
	Elapsed (wall clock) time (h:mm:ss or m:ss): 0:01.53
	Average shared text size (kbytes): 0
	Average unshared data size (kbytes): 0
	Average stack size (kbytes): 0
	Average total size (kbytes): 0
	Maximum resident set size (kbytes): 606496
	Average resident set size (kbytes): 0
	Major (requiring I/O) page faults: 0
	Minor (reclaiming a frame) page faults: 41288
	Voluntary context switches: 1752
	Involuntary context switches: 36
	Swaps: 0
	File system inputs: 0
	File system outputs: 16
	Socket messages sent: 0
	Socket messages received: 0
	Signals delivered: 0
	Page size (bytes): 4096
	Exit status: 0
