WARNING: overwriting environment variables set in the machine
overwriting variable ['LD_LIBRARY_PATH']
[ 0.09+0.j    0.09-0.01j  0.09-0.02j  0.08-0.03j  0.08-0.03j  0.08-0.04j
  0.07-0.05j  0.07-0.06j  0.06-0.06j  0.06-0.07j  0.05-0.07j  0.04-0.08j
  0.03-0.08j  0.03-0.08j  0.02-0.09j  0.01-0.09j  0.  -0.09j -0.01-0.09j
 -0.02-0.09j -0.03-0.08j -0.03-0.08j -0.04-0.08j -0.05-0.07j -0.06-0.07j
 -0.06-0.06j -0.07-0.06j -0.07-0.05j -0.08-0.04j -0.08-0.03j -0.08-0.03j
 -0.09-0.02j -0.09-0.01j -0.09+0.j   -0.09+0.01j -0.09+0.02j -0.08+0.03j
 -0.08+0.03j -0.08+0.04j -0.07+0.05j -0.07+0.06j -0.06+0.06j -0.06+0.07j
 -0.05+0.07j -0.04+0.08j -0.03+0.08j -0.03+0.08j -0.02+0.09j -0.01+0.09j
 -0.  +0.09j  0.01+0.09j  0.02+0.09j  0.03+0.08j  0.03+0.08j  0.04+0.08j
  0.05+0.07j  0.06+0.07j  0.06+0.06j  0.07+0.06j  0.07+0.05j  0.08+0.04j
  0.08+0.03j  0.08+0.03j  0.09+0.02j  0.09+0.01j  0.09+0.j    0.09-0.01j
  0.09-0.02j  0.08-0.03j  0.08-0.03j  0.08-0.04j  0.07-0.05j  0.07-0.06j
  0.06-0.06j  0.06-0.07j  0.05-0.07j  0.04-0.08j  0.03-0.08j  0.03-0.08j
  0.02-0.09j  0.01-0.09j  0.  -0.09j -0.01-0.09j -0.02-0.09j -0.03-0.08j
 -0.03-0.08j -0.04-0.08j -0.05-0.07j -0.06-0.07j -0.06-0.06j -0.07-0.06j
 -0.07-0.05j -0.08-0.04j -0.08-0.03j -0.08-0.03j -0.09-0.02j -0.09-0.01j
 -0.09+0.j   -0.09+0.01j -0.09+0.02j -0.08+0.03j -0.08+0.03j -0.08+0.04j
 -0.07+0.05j -0.07+0.06j -0.06+0.06j -0.06+0.07j -0.05+0.07j -0.04+0.08j
 -0.03+0.08j -0.03+0.08j -0.02+0.09j -0.01+0.09j -0.  +0.09j  0.01+0.09j
  0.02+0.09j  0.03+0.08j  0.03+0.08j  0.04+0.08j  0.05+0.07j  0.06+0.07j
  0.06+0.06j  0.07+0.06j  0.07+0.05j  0.08+0.04j  0.08+0.03j  0.08+0.03j
  0.09+0.02j  0.09+0.01j]
	Command being timed: "python3 qft.py 7"
	User time (seconds): 0.91
	System time (seconds): 0.49
	Percent of CPU this job got: 83%
	Elapsed (wall clock) time (h:mm:ss or m:ss): 0:01.68
	Average shared text size (kbytes): 0
	Average unshared data size (kbytes): 0
	Average stack size (kbytes): 0
	Average total size (kbytes): 0
	Maximum resident set size (kbytes): 611076
	Average resident set size (kbytes): 0
	Major (requiring I/O) page faults: 0
	Minor (reclaiming a frame) page faults: 42643
	Voluntary context switches: 3508
	Involuntary context switches: 39
	Swaps: 0
	File system inputs: 0
	File system outputs: 16
	Socket messages sent: 0
	Socket messages received: 0
	Signals delivered: 0
	Page size (bytes): 4096
	Exit status: 0
[ 0.09+0.j   -0.08+0.05j  0.04-0.08j  0.  +0.09j -0.05-0.07j  0.08+0.04j
 -0.09+0.01j  0.07-0.05j -0.03+0.08j -0.01-0.09j  0.06+0.07j -0.08-0.03j
  0.09-0.02j -0.07+0.06j  0.03-0.08j  0.02+0.09j -0.06-0.06j  0.09+0.02j
 -0.08+0.03j  0.06-0.07j -0.02+0.09j -0.03-0.08j  0.07+0.06j -0.09-0.01j
  0.08-0.03j -0.05+0.07j  0.01-0.09j  0.04+0.08j -0.07-0.05j  0.09+0.j
 -0.08+0.04j  0.05-0.08j -0.  +0.09j -0.05-0.08j  0.08+0.04j -0.09+0.j
  0.07-0.05j -0.04+0.08j -0.01-0.09j  0.05+0.07j -0.08-0.03j  0.09-0.01j
 -0.07+0.06j  0.03-0.08j  0.02+0.09j -0.06-0.07j  0.08+0.03j -0.09+0.02j
  0.06-0.06j -0.02+0.09j -0.03-0.08j  0.07+0.06j -0.09-0.02j  0.08-0.03j
 -0.06+0.07j  0.01-0.09j  0.03+0.08j -0.07-0.05j  0.09+0.01j -0.08+0.04j
  0.05-0.07j -0.  +0.09j -0.04-0.08j  0.08+0.05j -0.09+0.j    0.08-0.05j
 -0.04+0.08j -0.  -0.09j  0.05+0.07j -0.08-0.04j  0.09-0.01j -0.07+0.05j
  0.03-0.08j  0.01+0.09j -0.06-0.07j  0.08+0.03j -0.09+0.02j  0.07-0.06j
 -0.03+0.08j -0.02-0.09j  0.06+0.06j -0.09-0.02j  0.08-0.03j -0.06+0.07j
  0.02-0.09j  0.03+0.08j -0.07-0.06j  0.09+0.01j -0.08+0.03j  0.05-0.07j
 -0.01+0.09j -0.04-0.08j  0.07+0.05j -0.09-0.j    0.08-0.04j -0.05+0.08j
  0.  -0.09j  0.05+0.08j -0.08-0.04j  0.09-0.j   -0.07+0.05j  0.04-0.08j
  0.01+0.09j -0.05-0.07j  0.08+0.03j -0.09+0.01j  0.07-0.06j -0.03+0.08j
 -0.02-0.09j  0.06+0.07j -0.08-0.03j  0.09-0.02j -0.06+0.06j  0.02-0.09j
  0.03+0.08j -0.07-0.06j  0.09+0.02j -0.08+0.03j  0.06-0.07j -0.01+0.09j
 -0.03-0.08j  0.07+0.05j -0.09-0.01j  0.08-0.04j -0.05+0.07j  0.  -0.09j
  0.04+0.08j -0.08-0.05j]
	Command being timed: "python3 qft.py 7"
	User time (seconds): 0.86
	System time (seconds): 0.45
	Percent of CPU this job got: 87%
	Elapsed (wall clock) time (h:mm:ss or m:ss): 0:01.51
	Average shared text size (kbytes): 0
	Average unshared data size (kbytes): 0
	Average stack size (kbytes): 0
	Average total size (kbytes): 0
	Maximum resident set size (kbytes): 607024
	Average resident set size (kbytes): 0
	Major (requiring I/O) page faults: 0
	Minor (reclaiming a frame) page faults: 41874
	Voluntary context switches: 1696
	Involuntary context switches: 37
	Swaps: 0
	File system inputs: 0
	File system outputs: 16
	Socket messages sent: 0
	Socket messages received: 0
	Signals delivered: 0
	Page size (bytes): 4096
	Exit status: 0
[ 0.09+0.j    0.09-0.j    0.09-0.01j  0.09-0.01j  0.09-0.02j  0.09-0.02j
  0.08-0.03j  0.08-0.03j  0.08-0.03j  0.08-0.04j  0.08-0.04j  0.08-0.05j
  0.07-0.05j  0.07-0.05j  0.07-0.06j  0.07-0.06j  0.06-0.06j  0.06-0.07j
  0.06-0.07j  0.05-0.07j  0.05-0.07j  0.05-0.08j  0.04-0.08j  0.04-0.08j
  0.03-0.08j  0.03-0.08j  0.03-0.08j  0.02-0.09j  0.02-0.09j  0.01-0.09j
  0.01-0.09j  0.  -0.09j  0.  -0.09j -0.  -0.09j -0.01-0.09j -0.01-0.09j
 -0.02-0.09j -0.02-0.09j -0.03-0.08j -0.03-0.08j -0.03-0.08j -0.04-0.08j
 -0.04-0.08j -0.05-0.08j -0.05-0.07j -0.05-0.07j -0.06-0.07j -0.06-0.07j
 -0.06-0.06j -0.07-0.06j -0.07-0.06j -0.07-0.05j -0.07-0.05j -0.08-0.05j
 -0.08-0.04j -0.08-0.04j -0.08-0.03j -0.08-0.03j -0.08-0.03j -0.09-0.02j
 -0.09-0.02j -0.09-0.01j -0.09-0.01j -0.09-0.j   -0.09+0.j   -0.09+0.j
 -0.09+0.01j -0.09+0.01j -0.09+0.02j -0.09+0.02j -0.08+0.03j -0.08+0.03j
 -0.08+0.03j -0.08+0.04j -0.08+0.04j -0.08+0.05j -0.07+0.05j -0.07+0.05j
 -0.07+0.06j -0.07+0.06j -0.06+0.06j -0.06+0.07j -0.06+0.07j -0.05+0.07j
 -0.05+0.07j -0.05+0.08j -0.04+0.08j -0.04+0.08j -0.03+0.08j -0.03+0.08j
 -0.03+0.08j -0.02+0.09j -0.02+0.09j -0.01+0.09j -0.01+0.09j -0.  +0.09j
 -0.  +0.09j  0.  +0.09j  0.01+0.09j  0.01+0.09j  0.02+0.09j  0.02+0.09j
  0.03+0.08j  0.03+0.08j  0.03+0.08j  0.04+0.08j  0.04+0.08j  0.05+0.08j
  0.05+0.07j  0.05+0.07j  0.06+0.07j  0.06+0.07j  0.06+0.06j  0.07+0.06j
  0.07+0.06j  0.07+0.05j  0.07+0.05j  0.08+0.05j  0.08+0.04j  0.08+0.04j
  0.08+0.03j  0.08+0.03j  0.08+0.03j  0.09+0.02j  0.09+0.02j  0.09+0.01j
  0.09+0.01j  0.09+0.j  ]
	Command being timed: "python3 qft.py 7"
	User time (seconds): 0.86
	System time (seconds): 0.43
	Percent of CPU this job got: 91%
	Elapsed (wall clock) time (h:mm:ss or m:ss): 0:01.43
	Average shared text size (kbytes): 0
	Average unshared data size (kbytes): 0
	Average stack size (kbytes): 0
	Average total size (kbytes): 0
	Maximum resident set size (kbytes): 611292
	Average resident set size (kbytes): 0
	Major (requiring I/O) page faults: 0
	Minor (reclaiming a frame) page faults: 42863
	Voluntary context switches: 1661
	Involuntary context switches: 42
	Swaps: 0
	File system inputs: 0
	File system outputs: 16
	Socket messages sent: 0
	Socket messages received: 0
	Signals delivered: 0
	Page size (bytes): 4096
	Exit status: 0
[ 0.09+0.j   -0.07-0.05j  0.03+0.08j  0.02-0.09j -0.06+0.06j  0.09-0.02j
 -0.08-0.03j  0.05+0.07j  0.  -0.09j -0.05+0.07j  0.08-0.03j -0.09-0.02j
  0.06+0.06j -0.02-0.09j -0.03+0.08j  0.07-0.05j -0.09+0.j    0.07+0.05j
 -0.03-0.08j -0.02+0.09j  0.06-0.06j -0.09+0.02j  0.08+0.03j -0.05-0.07j
 -0.  +0.09j  0.05-0.07j -0.08+0.03j  0.09+0.02j -0.06-0.06j  0.02+0.09j
  0.03-0.08j -0.07+0.05j  0.09+0.j   -0.07-0.05j  0.03+0.08j  0.02-0.09j
 -0.06+0.06j  0.09-0.02j -0.08-0.03j  0.05+0.07j  0.  -0.09j -0.05+0.07j
  0.08-0.03j -0.09-0.02j  0.06+0.06j -0.02-0.09j -0.03+0.08j  0.07-0.05j
 -0.09+0.j    0.07+0.05j -0.03-0.08j -0.02+0.09j  0.06-0.06j -0.09+0.02j
  0.08+0.03j -0.05-0.07j -0.  +0.09j  0.05-0.07j -0.08+0.03j  0.09+0.02j
 -0.06-0.06j  0.02+0.09j  0.03-0.08j -0.07+0.05j  0.09+0.j   -0.07-0.05j
  0.03+0.08j  0.02-0.09j -0.06+0.06j  0.09-0.02j -0.08-0.03j  0.05+0.07j
  0.  -0.09j -0.05+0.07j  0.08-0.03j -0.09-0.02j  0.06+0.06j -0.02-0.09j
 -0.03+0.08j  0.07-0.05j -0.09+0.j    0.07+0.05j -0.03-0.08j -0.02+0.09j
  0.06-0.06j -0.09+0.02j  0.08+0.03j -0.05-0.07j -0.  +0.09j  0.05-0.07j
 -0.08+0.03j  0.09+0.02j -0.06-0.06j  0.02+0.09j  0.03-0.08j -0.07+0.05j
  0.09+0.j   -0.07-0.05j  0.03+0.08j  0.02-0.09j -0.06+0.06j  0.09-0.02j
 -0.08-0.03j  0.05+0.07j  0.  -0.09j -0.05+0.07j  0.08-0.03j -0.09-0.02j
  0.06+0.06j -0.02-0.09j -0.03+0.08j  0.07-0.05j -0.09+0.j    0.07+0.05j
 -0.03-0.08j -0.02+0.09j  0.06-0.06j -0.09+0.02j  0.08+0.03j -0.05-0.07j
 -0.  +0.09j  0.05-0.07j -0.08+0.03j  0.09+0.02j -0.06-0.06j  0.02+0.09j
  0.03-0.08j -0.07+0.05j]
	Command being timed: "python3 qft.py 7"
	User time (seconds): 0.87
	System time (seconds): 0.42
	Percent of CPU this job got: 89%
	Elapsed (wall clock) time (h:mm:ss or m:ss): 0:01.45
	Average shared text size (kbytes): 0
	Average unshared data size (kbytes): 0
	Average stack size (kbytes): 0
	Average total size (kbytes): 0
	Maximum resident set size (kbytes): 610664
	Average resident set size (kbytes): 0
	Major (requiring I/O) page faults: 0
	Minor (reclaiming a frame) page faults: 42764
	Voluntary context switches: 1668
	Involuntary context switches: 39
	Swaps: 0
	File system inputs: 0
	File system outputs: 24
	Socket messages sent: 0
	Socket messages received: 0
	Signals delivered: 0
	Page size (bytes): 4096
	Exit status: 0
[ 0.09+0.j   -0.08+0.03j  0.07-0.06j -0.05+0.08j  0.02-0.09j  0.01+0.09j
 -0.04-0.08j  0.07+0.06j -0.08-0.03j  0.09+0.j   -0.08+0.03j  0.07-0.05j
 -0.05+0.07j  0.02-0.09j  0.01+0.09j -0.04-0.08j  0.06+0.06j -0.08-0.04j
  0.09+0.01j -0.09+0.02j  0.07-0.05j -0.05+0.07j  0.03-0.08j  0.  +0.09j
 -0.03-0.08j  0.06+0.07j -0.08-0.04j  0.09+0.01j -0.09+0.02j  0.08-0.05j
 -0.06+0.07j  0.03-0.08j -0.  +0.09j -0.03-0.08j  0.06+0.07j -0.08-0.05j
  0.09+0.02j -0.09+0.01j  0.08-0.04j -0.06+0.07j  0.03-0.08j -0.  +0.09j
 -0.03-0.08j  0.05+0.07j -0.07-0.05j  0.09+0.02j -0.09+0.01j  0.08-0.04j
 -0.06+0.06j  0.04-0.08j -0.01+0.09j -0.02-0.09j  0.05+0.07j -0.07-0.05j
  0.08+0.03j -0.09+0.j    0.08-0.03j -0.07+0.06j  0.04-0.08j -0.01+0.09j
 -0.02-0.09j  0.05+0.08j -0.07-0.06j  0.08+0.03j -0.09+0.j    0.08-0.03j
 -0.07+0.06j  0.05-0.08j -0.02+0.09j -0.01-0.09j  0.04+0.08j -0.07-0.06j
  0.08+0.03j -0.09-0.j    0.08-0.03j -0.07+0.05j  0.05-0.07j -0.02+0.09j
 -0.01-0.09j  0.04+0.08j -0.06-0.06j  0.08+0.04j -0.09-0.01j  0.09-0.02j
 -0.07+0.05j  0.05-0.07j -0.03+0.08j -0.  -0.09j  0.03+0.08j -0.06-0.07j
  0.08+0.04j -0.09-0.01j  0.09-0.02j -0.08+0.05j  0.06-0.07j -0.03+0.08j
  0.  -0.09j  0.03+0.08j -0.06-0.07j  0.08+0.05j -0.09-0.02j  0.09-0.01j
 -0.08+0.04j  0.06-0.07j -0.03+0.08j  0.  -0.09j  0.03+0.08j -0.05-0.07j
  0.07+0.05j -0.09-0.02j  0.09-0.01j -0.08+0.04j  0.06-0.06j -0.04+0.08j
  0.01-0.09j  0.02+0.09j -0.05-0.07j  0.07+0.05j -0.08-0.03j  0.09-0.j
 -0.08+0.03j  0.07-0.06j -0.04+0.08j  0.01-0.09j  0.02+0.09j -0.05-0.08j
  0.07+0.06j -0.08-0.03j]
	Command being timed: "python3 qft.py 7"
	User time (seconds): 0.90
	System time (seconds): 0.41
	Percent of CPU this job got: 92%
	Elapsed (wall clock) time (h:mm:ss or m:ss): 0:01.42
	Average shared text size (kbytes): 0
	Average unshared data size (kbytes): 0
	Average stack size (kbytes): 0
	Average total size (kbytes): 0
	Maximum resident set size (kbytes): 609848
	Average resident set size (kbytes): 0
	Major (requiring I/O) page faults: 0
	Minor (reclaiming a frame) page faults: 41921
	Voluntary context switches: 1671
	Involuntary context switches: 41
	Swaps: 0
	File system inputs: 0
	File system outputs: 16
	Socket messages sent: 0
	Socket messages received: 0
	Signals delivered: 0
	Page size (bytes): 4096
	Exit status: 0
[ 0.09+0.j    0.01+0.09j -0.08+0.03j -0.04-0.08j  0.07-0.05j  0.06+0.07j
 -0.06+0.07j -0.08-0.05j  0.03-0.08j  0.09+0.02j -0.01+0.09j -0.09+0.j
 -0.02-0.09j  0.08-0.03j  0.04+0.08j -0.07+0.05j -0.06-0.06j  0.05-0.07j
  0.08+0.04j -0.03+0.08j -0.09-0.02j  0.  -0.09j  0.09-0.01j  0.02+0.09j
 -0.08+0.03j -0.05-0.08j  0.07-0.06j  0.07+0.06j -0.05+0.07j -0.08-0.04j
  0.03-0.08j  0.09+0.01j -0.  +0.09j -0.09+0.01j -0.03-0.08j  0.08-0.04j
  0.05+0.07j -0.07+0.06j -0.07-0.06j  0.05-0.08j  0.08+0.03j -0.02+0.09j
 -0.09-0.01j -0.  -0.09j  0.09-0.02j  0.03+0.08j -0.08+0.04j -0.05-0.07j
  0.06-0.06j  0.07+0.05j -0.04+0.08j -0.08-0.03j  0.02-0.09j  0.09+0.j
  0.01+0.09j -0.09+0.02j -0.03-0.08j  0.08-0.05j  0.06+0.07j -0.06+0.07j
 -0.07-0.05j  0.04-0.08j  0.08+0.03j -0.01+0.09j -0.09+0.j   -0.01-0.09j
  0.08-0.03j  0.04+0.08j -0.07+0.05j -0.06-0.07j  0.06-0.07j  0.08+0.05j
 -0.03+0.08j -0.09-0.02j  0.01-0.09j  0.09-0.j    0.02+0.09j -0.08+0.03j
 -0.04-0.08j  0.07-0.05j  0.06+0.06j -0.05+0.07j -0.08-0.04j  0.03-0.08j
  0.09+0.02j -0.  +0.09j -0.09+0.01j -0.02-0.09j  0.08-0.03j  0.05+0.08j
 -0.07+0.06j -0.07-0.06j  0.05-0.07j  0.08+0.04j -0.03+0.08j -0.09-0.01j
  0.  -0.09j  0.09-0.01j  0.03+0.08j -0.08+0.04j -0.05-0.07j  0.07-0.06j
  0.07+0.06j -0.05+0.08j -0.08-0.03j  0.02-0.09j  0.09+0.01j  0.  +0.09j
 -0.09+0.02j -0.03-0.08j  0.08-0.04j  0.05+0.07j -0.06+0.06j -0.07-0.05j
  0.04-0.08j  0.08+0.03j -0.02+0.09j -0.09-0.j   -0.01-0.09j  0.09-0.02j
  0.03+0.08j -0.08+0.05j -0.06-0.07j  0.06-0.07j  0.07+0.05j -0.04+0.08j
 -0.08-0.03j  0.01-0.09j]
	Command being timed: "python3 qft.py 7"
	User time (seconds): 0.86
	System time (seconds): 0.42
	Percent of CPU this job got: 93%
	Elapsed (wall clock) time (h:mm:ss or m:ss): 0:01.38
	Average shared text size (kbytes): 0
	Average unshared data size (kbytes): 0
	Average stack size (kbytes): 0
	Average total size (kbytes): 0
	Maximum resident set size (kbytes): 610736
	Average resident set size (kbytes): 0
	Major (requiring I/O) page faults: 0
	Minor (reclaiming a frame) page faults: 42914
	Voluntary context switches: 1612
	Involuntary context switches: 41
	Swaps: 0
	File system inputs: 0
	File system outputs: 24
	Socket messages sent: 0
	Socket messages received: 0
	Signals delivered: 0
	Page size (bytes): 4096
	Exit status: 0
[ 0.09+0.j    0.05+0.07j -0.03+0.08j -0.08+0.03j -0.07-0.05j -0.  -0.09j
  0.07-0.06j  0.09+0.02j  0.03+0.08j -0.05+0.08j -0.09+0.01j -0.06-0.07j
  0.02-0.09j  0.08-0.04j  0.08+0.04j  0.01+0.09j -0.06+0.06j -0.09-0.01j
 -0.04-0.08j  0.04-0.08j  0.09-0.02j  0.07+0.06j -0.01+0.09j -0.08+0.05j
 -0.08-0.03j -0.02-0.09j  0.06-0.07j  0.09+0.j    0.05+0.07j -0.03+0.08j
 -0.08+0.03j -0.07-0.05j  0.  -0.09j  0.07-0.05j  0.08+0.03j  0.03+0.08j
 -0.05+0.07j -0.09+0.j   -0.06-0.07j  0.02-0.09j  0.08-0.03j  0.08+0.05j
  0.01+0.09j -0.07+0.06j -0.09-0.02j -0.04-0.08j  0.04-0.08j  0.09-0.01j
  0.06+0.06j -0.01+0.09j -0.08+0.04j -0.08-0.04j -0.02-0.09j  0.06-0.07j
  0.09+0.01j  0.05+0.08j -0.03+0.08j -0.09+0.02j -0.07-0.06j  0.  -0.09j
  0.07-0.05j  0.08+0.03j  0.03+0.08j -0.05+0.07j -0.09+0.j   -0.05-0.07j
  0.03-0.08j  0.08-0.03j  0.07+0.05j  0.  +0.09j -0.07+0.06j -0.09-0.02j
 -0.03-0.08j  0.05-0.08j  0.09-0.01j  0.06+0.07j -0.02+0.09j -0.08+0.04j
 -0.08-0.04j -0.01-0.09j  0.06-0.06j  0.09+0.01j  0.04+0.08j -0.04+0.08j
 -0.09+0.02j -0.07-0.06j  0.01-0.09j  0.08-0.05j  0.08+0.03j  0.02+0.09j
 -0.06+0.07j -0.09-0.j   -0.05-0.07j  0.03-0.08j  0.08-0.03j  0.07+0.05j
 -0.  +0.09j -0.07+0.05j -0.08-0.03j -0.03-0.08j  0.05-0.07j  0.09-0.j
  0.06+0.07j -0.02+0.09j -0.08+0.03j -0.08-0.05j -0.01-0.09j  0.07-0.06j
  0.09+0.02j  0.04+0.08j -0.04+0.08j -0.09+0.01j -0.06-0.06j  0.01-0.09j
  0.08-0.04j  0.08+0.04j  0.02+0.09j -0.06+0.07j -0.09-0.01j -0.05-0.08j
  0.03-0.08j  0.09-0.02j  0.07+0.06j -0.  +0.09j -0.07+0.05j -0.08-0.03j
 -0.03-0.08j  0.05-0.07j]
	Command being timed: "python3 qft.py 7"
	User time (seconds): 0.87
	System time (seconds): 0.41
	Percent of CPU this job got: 92%
	Elapsed (wall clock) time (h:mm:ss or m:ss): 0:01.38
	Average shared text size (kbytes): 0
	Average unshared data size (kbytes): 0
	Average stack size (kbytes): 0
	Average total size (kbytes): 0
	Maximum resident set size (kbytes): 609532
	Average resident set size (kbytes): 0
	Major (requiring I/O) page faults: 0
	Minor (reclaiming a frame) page faults: 42054
	Voluntary context switches: 1617
	Involuntary context switches: 36
	Swaps: 0
	File system inputs: 0
	File system outputs: 16
	Socket messages sent: 0
	Socket messages received: 0
	Signals delivered: 0
	Page size (bytes): 4096
	Exit status: 0
[ 0.09+0.j    0.05-0.08j -0.04-0.08j -0.09-0.j   -0.05+0.07j  0.04+0.08j
  0.09+0.01j  0.05-0.07j -0.03-0.08j -0.09-0.01j -0.06+0.07j  0.03+0.08j
  0.09+0.02j  0.06-0.07j -0.03-0.08j -0.09-0.02j -0.06+0.06j  0.02+0.09j
  0.08+0.03j  0.07-0.06j -0.02-0.09j -0.08-0.03j -0.07+0.06j  0.01+0.09j
  0.08+0.03j  0.07-0.05j -0.01-0.09j -0.08-0.04j -0.07+0.05j  0.  +0.09j
  0.08+0.04j  0.08-0.05j  0.  -0.09j -0.08-0.05j -0.08+0.04j -0.  +0.09j
  0.07+0.05j  0.08-0.04j  0.01-0.09j -0.07-0.05j -0.08+0.03j -0.01+0.09j
  0.07+0.06j  0.08-0.03j  0.02-0.09j -0.07-0.06j -0.08+0.03j -0.02+0.09j
  0.06+0.06j  0.09-0.02j  0.03-0.08j -0.06-0.07j -0.09+0.02j -0.03+0.08j
  0.06+0.07j  0.09-0.01j  0.03-0.08j -0.05-0.07j -0.09+0.01j -0.04+0.08j
  0.05+0.07j  0.09-0.j    0.04-0.08j -0.05-0.08j -0.09+0.j   -0.05+0.08j
  0.04+0.08j  0.09+0.j    0.05-0.07j -0.04-0.08j -0.09-0.01j -0.05+0.07j
  0.03+0.08j  0.09+0.01j  0.06-0.07j -0.03-0.08j -0.09-0.02j -0.06+0.07j
  0.03+0.08j  0.09+0.02j  0.06-0.06j -0.02-0.09j -0.08-0.03j -0.07+0.06j
  0.02+0.09j  0.08+0.03j  0.07-0.06j -0.01-0.09j -0.08-0.03j -0.07+0.05j
  0.01+0.09j  0.08+0.04j  0.07-0.05j -0.  -0.09j -0.08-0.04j -0.08+0.05j
 -0.  +0.09j  0.08+0.05j  0.08-0.04j  0.  -0.09j -0.07-0.05j -0.08+0.04j
 -0.01+0.09j  0.07+0.05j  0.08-0.03j  0.01-0.09j -0.07-0.06j -0.08+0.03j
 -0.02+0.09j  0.07+0.06j  0.08-0.03j  0.02-0.09j -0.06-0.06j -0.09+0.02j
 -0.03+0.08j  0.06+0.07j  0.09-0.02j  0.03-0.08j -0.06-0.07j -0.09+0.01j
 -0.03+0.08j  0.05+0.07j  0.09-0.01j  0.04-0.08j -0.05-0.07j -0.09+0.j
 -0.04+0.08j  0.05+0.08j]
	Command being timed: "python3 qft.py 7"
	User time (seconds): 0.88
	System time (seconds): 0.40
	Percent of CPU this job got: 92%
	Elapsed (wall clock) time (h:mm:ss or m:ss): 0:01.39
	Average shared text size (kbytes): 0
	Average unshared data size (kbytes): 0
	Average stack size (kbytes): 0
	Average total size (kbytes): 0
	Maximum resident set size (kbytes): 608820
	Average resident set size (kbytes): 0
	Major (requiring I/O) page faults: 0
	Minor (reclaiming a frame) page faults: 42250
	Voluntary context switches: 1613
	Involuntary context switches: 39
	Swaps: 0
	File system inputs: 0
	File system outputs: 24
	Socket messages sent: 0
	Socket messages received: 0
	Signals delivered: 0
	Page size (bytes): 4096
	Exit status: 0
[ 0.09+0.j    0.09+0.01j  0.09+0.02j  0.08+0.03j  0.08+0.03j  0.08+0.04j
  0.07+0.05j  0.07+0.06j  0.06+0.06j  0.06+0.07j  0.05+0.07j  0.04+0.08j
  0.03+0.08j  0.03+0.08j  0.02+0.09j  0.01+0.09j -0.  +0.09j -0.01+0.09j
 -0.02+0.09j -0.03+0.08j -0.03+0.08j -0.04+0.08j -0.05+0.07j -0.06+0.07j
 -0.06+0.06j -0.07+0.06j -0.07+0.05j -0.08+0.04j -0.08+0.03j -0.08+0.03j
 -0.09+0.02j -0.09+0.01j -0.09+0.j   -0.09-0.01j -0.09-0.02j -0.08-0.03j
 -0.08-0.03j -0.08-0.04j -0.07-0.05j -0.07-0.06j -0.06-0.06j -0.06-0.07j
 -0.05-0.07j -0.04-0.08j -0.03-0.08j -0.03-0.08j -0.02-0.09j -0.01-0.09j
  0.  -0.09j  0.01-0.09j  0.02-0.09j  0.03-0.08j  0.03-0.08j  0.04-0.08j
  0.05-0.07j  0.06-0.07j  0.06-0.06j  0.07-0.06j  0.07-0.05j  0.08-0.04j
  0.08-0.03j  0.08-0.03j  0.09-0.02j  0.09-0.01j  0.09+0.j    0.09+0.01j
  0.09+0.02j  0.08+0.03j  0.08+0.03j  0.08+0.04j  0.07+0.05j  0.07+0.06j
  0.06+0.06j  0.06+0.07j  0.05+0.07j  0.04+0.08j  0.03+0.08j  0.03+0.08j
  0.02+0.09j  0.01+0.09j -0.  +0.09j -0.01+0.09j -0.02+0.09j -0.03+0.08j
 -0.03+0.08j -0.04+0.08j -0.05+0.07j -0.06+0.07j -0.06+0.06j -0.07+0.06j
 -0.07+0.05j -0.08+0.04j -0.08+0.03j -0.08+0.03j -0.09+0.02j -0.09+0.01j
 -0.09+0.j   -0.09-0.01j -0.09-0.02j -0.08-0.03j -0.08-0.03j -0.08-0.04j
 -0.07-0.05j -0.07-0.06j -0.06-0.06j -0.06-0.07j -0.05-0.07j -0.04-0.08j
 -0.03-0.08j -0.03-0.08j -0.02-0.09j -0.01-0.09j  0.  -0.09j  0.01-0.09j
  0.02-0.09j  0.03-0.08j  0.03-0.08j  0.04-0.08j  0.05-0.07j  0.06-0.07j
  0.06-0.06j  0.07-0.06j  0.07-0.05j  0.08-0.04j  0.08-0.03j  0.08-0.03j
  0.09-0.02j  0.09-0.01j]
	Command being timed: "python3 qft.py 7"
	User time (seconds): 0.88
	System time (seconds): 0.40
	Percent of CPU this job got: 92%
	Elapsed (wall clock) time (h:mm:ss or m:ss): 0:01.39
	Average shared text size (kbytes): 0
	Average unshared data size (kbytes): 0
	Average stack size (kbytes): 0
	Average total size (kbytes): 0
	Maximum resident set size (kbytes): 610424
	Average resident set size (kbytes): 0
	Major (requiring I/O) page faults: 0
	Minor (reclaiming a frame) page faults: 42436
	Voluntary context switches: 1626
	Involuntary context switches: 36
	Swaps: 0
	File system inputs: 0
	File system outputs: 16
	Socket messages sent: 0
	Socket messages received: 0
	Signals delivered: 0
	Page size (bytes): 4096
	Exit status: 0
[ 0.09+0.j   -0.07+0.06j  0.02-0.09j  0.04+0.08j -0.08-0.03j  0.08-0.03j
 -0.05+0.07j -0.01-0.09j  0.06+0.06j -0.09-0.01j  0.07-0.05j -0.03+0.08j
 -0.03-0.08j  0.08+0.04j -0.09+0.02j  0.06-0.07j -0.  +0.09j -0.06-0.07j
  0.09+0.02j -0.08+0.04j  0.03-0.08j  0.03+0.08j -0.07-0.05j  0.09-0.01j
 -0.06+0.06j  0.01-0.09j  0.05+0.07j -0.08-0.03j  0.08-0.03j -0.04+0.08j
 -0.02-0.09j  0.07+0.06j -0.09+0.j    0.07-0.06j -0.02+0.09j -0.04-0.08j
  0.08+0.03j -0.08+0.03j  0.05-0.07j  0.01+0.09j -0.06-0.06j  0.09+0.01j
 -0.07+0.05j  0.03-0.08j  0.03+0.08j -0.08-0.04j  0.09-0.02j -0.06+0.07j
  0.  -0.09j  0.06+0.07j -0.09-0.02j  0.08-0.04j -0.03+0.08j -0.03-0.08j
  0.07+0.05j -0.09+0.01j  0.06-0.06j -0.01+0.09j -0.05-0.07j  0.08+0.03j
 -0.08+0.03j  0.04-0.08j  0.02+0.09j -0.07-0.06j  0.09+0.j   -0.07+0.06j
  0.02-0.09j  0.04+0.08j -0.08-0.03j  0.08-0.03j -0.05+0.07j -0.01-0.09j
  0.06+0.06j -0.09-0.01j  0.07-0.05j -0.03+0.08j -0.03-0.08j  0.08+0.04j
 -0.09+0.02j  0.06-0.07j -0.  +0.09j -0.06-0.07j  0.09+0.02j -0.08+0.04j
  0.03-0.08j  0.03+0.08j -0.07-0.05j  0.09-0.01j -0.06+0.06j  0.01-0.09j
  0.05+0.07j -0.08-0.03j  0.08-0.03j -0.04+0.08j -0.02-0.09j  0.07+0.06j
 -0.09+0.j    0.07-0.06j -0.02+0.09j -0.04-0.08j  0.08+0.03j -0.08+0.03j
  0.05-0.07j  0.01+0.09j -0.06-0.06j  0.09+0.01j -0.07+0.05j  0.03-0.08j
  0.03+0.08j -0.08-0.04j  0.09-0.02j -0.06+0.07j  0.  -0.09j  0.06+0.07j
 -0.09-0.02j  0.08-0.04j -0.03+0.08j -0.03-0.08j  0.07+0.05j -0.09+0.01j
  0.06-0.06j -0.01+0.09j -0.05-0.07j  0.08+0.03j -0.08+0.03j  0.04-0.08j
  0.02+0.09j -0.07-0.06j]
	Command being timed: "python3 qft.py 7"
	User time (seconds): 0.88
	System time (seconds): 0.40
	Percent of CPU this job got: 92%
	Elapsed (wall clock) time (h:mm:ss or m:ss): 0:01.40
	Average shared text size (kbytes): 0
	Average unshared data size (kbytes): 0
	Average stack size (kbytes): 0
	Average total size (kbytes): 0
	Maximum resident set size (kbytes): 611272
	Average resident set size (kbytes): 0
	Major (requiring I/O) page faults: 0
	Minor (reclaiming a frame) page faults: 42240
	Voluntary context switches: 1618
	Involuntary context switches: 36
	Swaps: 0
	File system inputs: 0
	File system outputs: 16
	Socket messages sent: 0
	Socket messages received: 0
	Signals delivered: 0
	Page size (bytes): 4096
	Exit status: 0
