WARNING: overwriting environment variables set in the machine
overwriting variable ['LD_LIBRARY_PATH']
[ 0.02+0.j -0.02-0.j  0.02+0.j ... -0.02+0.j  0.02-0.j -0.02+0.j]
	Command being timed: "python3 qft.py 12"
	User time (seconds): 0.90
	System time (seconds): 0.46
	Percent of CPU this job got: 91%
	Elapsed (wall clock) time (h:mm:ss or m:ss): 0:01.49
	Average shared text size (kbytes): 0
	Average unshared data size (kbytes): 0
	Average stack size (kbytes): 0
	Average total size (kbytes): 0
	Maximum resident set size (kbytes): 607372
	Average resident set size (kbytes): 0
	Major (requiring I/O) page faults: 0
	Minor (reclaiming a frame) page faults: 42412
	Voluntary context switches: 1665
	Involuntary context switches: 41
	Swaps: 0
	File system inputs: 0
	File system outputs: 16
	Socket messages sent: 0
	Socket messages received: 0
	Signals delivered: 0
	Page size (bytes): 4096
	Exit status: 0
[ 0.02+0.j   -0.01+0.01j  0.01-0.01j ... -0.  -0.01j  0.01+0.01j
 -0.01-0.01j]
	Command being timed: "python3 qft.py 12"
	User time (seconds): 0.93
	System time (seconds): 0.41
	Percent of CPU this job got: 92%
	Elapsed (wall clock) time (h:mm:ss or m:ss): 0:01.45
	Average shared text size (kbytes): 0
	Average unshared data size (kbytes): 0
	Average stack size (kbytes): 0
	Average total size (kbytes): 0
	Maximum resident set size (kbytes): 608368
	Average resident set size (kbytes): 0
	Major (requiring I/O) page faults: 0
	Minor (reclaiming a frame) page faults: 42146
	Voluntary context switches: 1627
	Involuntary context switches: 42
	Swaps: 0
	File system inputs: 0
	File system outputs: 16
	Socket messages sent: 0
	Socket messages received: 0
	Signals delivered: 0
	Page size (bytes): 4096
	Exit status: 0
[ 0.02+0.j    0.  -0.02j -0.02-0.j   ... -0.01-0.01j -0.02+0.j
  0.  +0.02j]
	Command being timed: "python3 qft.py 12"
	User time (seconds): 0.90
	System time (seconds): 0.43
	Percent of CPU this job got: 93%
	Elapsed (wall clock) time (h:mm:ss or m:ss): 0:01.43
	Average shared text size (kbytes): 0
	Average unshared data size (kbytes): 0
	Average stack size (kbytes): 0
	Average total size (kbytes): 0
	Maximum resident set size (kbytes): 609140
	Average resident set size (kbytes): 0
	Major (requiring I/O) page faults: 0
	Minor (reclaiming a frame) page faults: 41305
	Voluntary context switches: 1638
	Involuntary context switches: 38
	Swaps: 0
	File system inputs: 0
	File system outputs: 16
	Socket messages sent: 0
	Socket messages received: 0
	Signals delivered: 0
	Page size (bytes): 4096
	Exit status: 0
[ 0.02+0.j   -0.01+0.01j  0.  -0.02j ...  0.01-0.01j  0.  +0.02j
 -0.01-0.01j]
	Command being timed: "python3 qft.py 12"
	User time (seconds): 0.90
	System time (seconds): 0.43
	Percent of CPU this job got: 93%
	Elapsed (wall clock) time (h:mm:ss or m:ss): 0:01.44
	Average shared text size (kbytes): 0
	Average unshared data size (kbytes): 0
	Average stack size (kbytes): 0
	Average total size (kbytes): 0
	Maximum resident set size (kbytes): 608456
	Average resident set size (kbytes): 0
	Major (requiring I/O) page faults: 0
	Minor (reclaiming a frame) page faults: 41988
	Voluntary context switches: 1644
	Involuntary context switches: 42
	Swaps: 0
	File system inputs: 0
	File system outputs: 16
	Socket messages sent: 0
	Socket messages received: 0
	Signals delivered: 0
	Page size (bytes): 4096
	Exit status: 0
[ 0.02+0.j   -0.01+0.01j -0.01-0.01j ...  0.02-0.j   -0.01+0.01j
 -0.01-0.01j]
	Command being timed: "python3 qft.py 12"
	User time (seconds): 0.91
	System time (seconds): 0.43
	Percent of CPU this job got: 93%
	Elapsed (wall clock) time (h:mm:ss or m:ss): 0:01.43
	Average shared text size (kbytes): 0
	Average unshared data size (kbytes): 0
	Average stack size (kbytes): 0
	Average total size (kbytes): 0
	Maximum resident set size (kbytes): 612392
	Average resident set size (kbytes): 0
	Major (requiring I/O) page faults: 0
	Minor (reclaiming a frame) page faults: 42422
	Voluntary context switches: 1638
	Involuntary context switches: 38
	Swaps: 0
	File system inputs: 0
	File system outputs: 16
	Socket messages sent: 0
	Socket messages received: 0
	Signals delivered: 0
	Page size (bytes): 4096
	Exit status: 0
[0.02+0.j 0.02-0.j 0.02-0.j ... 0.02+0.j 0.02+0.j 0.02+0.j]
	Command being timed: "python3 qft.py 12"
	User time (seconds): 0.90
	System time (seconds): 0.43
	Percent of CPU this job got: 93%
	Elapsed (wall clock) time (h:mm:ss or m:ss): 0:01.42
	Average shared text size (kbytes): 0
	Average unshared data size (kbytes): 0
	Average stack size (kbytes): 0
	Average total size (kbytes): 0
	Maximum resident set size (kbytes): 608444
	Average resident set size (kbytes): 0
	Major (requiring I/O) page faults: 0
	Minor (reclaiming a frame) page faults: 42181
	Voluntary context switches: 1631
	Involuntary context switches: 40
	Swaps: 0
	File system inputs: 0
	File system outputs: 16
	Socket messages sent: 0
	Socket messages received: 0
	Signals delivered: 0
	Page size (bytes): 4096
	Exit status: 0
[ 0.02+0.j    0.01+0.01j -0.01+0.01j ... -0.02-0.j   -0.01-0.01j
  0.01-0.01j]
	Command being timed: "python3 qft.py 12"
	User time (seconds): 0.88
	System time (seconds): 0.45
	Percent of CPU this job got: 93%
	Elapsed (wall clock) time (h:mm:ss or m:ss): 0:01.42
	Average shared text size (kbytes): 0
	Average unshared data size (kbytes): 0
	Average stack size (kbytes): 0
	Average total size (kbytes): 0
	Maximum resident set size (kbytes): 607188
	Average resident set size (kbytes): 0
	Major (requiring I/O) page faults: 0
	Minor (reclaiming a frame) page faults: 41607
	Voluntary context switches: 1620
	Involuntary context switches: 40
	Swaps: 0
	File system inputs: 0
	File system outputs: 16
	Socket messages sent: 0
	Socket messages received: 0
	Signals delivered: 0
	Page size (bytes): 4096
	Exit status: 0
[ 0.02+0.j   -0.01-0.01j -0.  +0.02j ...  0.01+0.01j -0.  -0.02j
 -0.01+0.01j]
	Command being timed: "python3 qft.py 12"
	User time (seconds): 0.89
	System time (seconds): 0.46
	Percent of CPU this job got: 93%
	Elapsed (wall clock) time (h:mm:ss or m:ss): 0:01.44
	Average shared text size (kbytes): 0
	Average unshared data size (kbytes): 0
	Average stack size (kbytes): 0
	Average total size (kbytes): 0
	Maximum resident set size (kbytes): 608612
	Average resident set size (kbytes): 0
	Major (requiring I/O) page faults: 0
	Minor (reclaiming a frame) page faults: 42575
	Voluntary context switches: 1636
	Involuntary context switches: 38
	Swaps: 0
	File system inputs: 0
	File system outputs: 16
	Socket messages sent: 0
	Socket messages received: 0
	Signals delivered: 0
	Page size (bytes): 4096
	Exit status: 0
[ 0.02+0.j   -0.01-0.01j -0.01+0.01j ...  0.01-0.j   -0.01-0.01j
 -0.01+0.01j]
	Command being timed: "python3 qft.py 12"
	User time (seconds): 0.92
	System time (seconds): 0.43
	Percent of CPU this job got: 92%
	Elapsed (wall clock) time (h:mm:ss or m:ss): 0:01.45
	Average shared text size (kbytes): 0
	Average unshared data size (kbytes): 0
	Average stack size (kbytes): 0
	Average total size (kbytes): 0
	Maximum resident set size (kbytes): 611584
	Average resident set size (kbytes): 0
	Major (requiring I/O) page faults: 0
	Minor (reclaiming a frame) page faults: 42208
	Voluntary context switches: 1662
	Involuntary context switches: 50
	Swaps: 0
	File system inputs: 0
	File system outputs: 16
	Socket messages sent: 0
	Socket messages received: 0
	Signals delivered: 0
	Page size (bytes): 4096
	Exit status: 0
[0.02+0.j   0.02-0.j   0.01-0.01j ... 0.01+0.01j 0.01+0.01j 0.02+0.j  ]
	Command being timed: "python3 qft.py 12"
	User time (seconds): 0.91
	System time (seconds): 0.43
	Percent of CPU this job got: 93%
	Elapsed (wall clock) time (h:mm:ss or m:ss): 0:01.45
	Average shared text size (kbytes): 0
	Average unshared data size (kbytes): 0
	Average stack size (kbytes): 0
	Average total size (kbytes): 0
	Maximum resident set size (kbytes): 608192
	Average resident set size (kbytes): 0
	Major (requiring I/O) page faults: 0
	Minor (reclaiming a frame) page faults: 41650
	Voluntary context switches: 1662
	Involuntary context switches: 40
	Swaps: 0
	File system inputs: 0
	File system outputs: 16
	Socket messages sent: 0
	Socket messages received: 0
	Signals delivered: 0
	Page size (bytes): 4096
	Exit status: 0
