WARNING: overwriting environment variables set in the machine
overwriting variable ['LD_LIBRARY_PATH']
[ 0.06+0.j    0.02+0.06j -0.06+0.03j -0.04-0.05j  0.03-0.05j  0.06+0.02j
 -0.01+0.06j -0.06+0.01j -0.02-0.06j  0.05-0.04j  0.05+0.04j -0.03+0.06j
 -0.06-0.01j -0.  -0.06j  0.06-0.02j  0.03+0.05j -0.04+0.04j -0.05-0.03j
  0.02-0.06j  0.06+0.j    0.01+0.06j -0.06+0.03j -0.04-0.05j  0.04-0.05j
  0.06+0.02j -0.01+0.06j -0.06+0.01j -0.02-0.06j  0.05-0.03j  0.05+0.04j
 -0.03+0.06j -0.06-0.02j  0.  -0.06j  0.06-0.02j  0.03+0.06j -0.05+0.04j
 -0.05-0.03j  0.02-0.06j  0.06+0.01j  0.01+0.06j -0.06+0.02j -0.04-0.05j
  0.04-0.05j  0.06+0.03j -0.01+0.06j -0.06+0.j   -0.02-0.06j  0.05-0.03j
  0.04+0.04j -0.03+0.05j -0.06-0.02j  0.  -0.06j  0.06-0.01j  0.03+0.06j
 -0.05+0.04j -0.05-0.04j  0.02-0.06j  0.06+0.01j  0.01+0.06j -0.06+0.02j
 -0.03-0.05j  0.04-0.05j  0.06+0.03j -0.02+0.06j -0.06+0.j   -0.02-0.06j
  0.06-0.03j  0.04+0.05j -0.03+0.05j -0.06-0.02j  0.01-0.06j  0.06-0.01j
  0.02+0.06j -0.05+0.04j -0.05-0.04j  0.03-0.06j  0.06+0.01j  0.  +0.06j
 -0.06+0.02j -0.03-0.05j  0.04-0.04j  0.05+0.03j -0.02+0.06j -0.06-0.j
 -0.01-0.06j  0.06-0.03j  0.04+0.05j -0.04+0.05j -0.06-0.02j  0.01-0.06j
  0.06-0.01j  0.02+0.06j -0.05+0.03j -0.05-0.04j  0.03-0.06j  0.06+0.02j
 -0.  +0.06j -0.06+0.02j -0.03-0.06j  0.05-0.04j  0.05+0.03j -0.02+0.06j
 -0.06-0.01j -0.01-0.06j  0.06-0.02j  0.04+0.05j -0.04+0.05j -0.06-0.03j
  0.01-0.06j  0.06-0.j    0.02+0.06j -0.05+0.03j -0.04-0.04j  0.03-0.05j
  0.06+0.02j -0.  +0.06j -0.06+0.01j -0.03-0.06j  0.05-0.04j  0.05+0.04j
 -0.02+0.06j -0.06-0.01j -0.01-0.06j  0.06-0.02j  0.03+0.05j -0.04+0.05j
 -0.06-0.03j  0.02-0.06j  0.06+0.j    0.02+0.06j -0.06+0.03j -0.04-0.05j
  0.03-0.05j  0.06+0.02j -0.01+0.06j -0.06+0.01j -0.02-0.06j  0.05-0.04j
  0.05+0.04j -0.03+0.06j -0.06-0.01j -0.  -0.06j  0.06-0.02j  0.03+0.05j
 -0.04+0.04j -0.05-0.03j  0.02-0.06j  0.06+0.j    0.01+0.06j -0.06+0.03j
 -0.04-0.05j  0.04-0.05j  0.06+0.02j -0.01+0.06j -0.06+0.01j -0.02-0.06j
  0.05-0.03j  0.05+0.04j -0.03+0.06j -0.06-0.02j  0.  -0.06j  0.06-0.02j
  0.03+0.06j -0.05+0.04j -0.05-0.03j  0.02-0.06j  0.06+0.01j  0.01+0.06j
 -0.06+0.02j -0.04-0.05j  0.04-0.05j  0.06+0.03j -0.01+0.06j -0.06+0.j
 -0.02-0.06j  0.05-0.03j  0.04+0.04j -0.03+0.05j -0.06-0.02j  0.  -0.06j
  0.06-0.01j  0.03+0.06j -0.05+0.04j -0.05-0.04j  0.02-0.06j  0.06+0.01j
  0.01+0.06j -0.06+0.02j -0.03-0.05j  0.04-0.05j  0.06+0.03j -0.02+0.06j
 -0.06+0.j   -0.02-0.06j  0.06-0.03j  0.04+0.05j -0.03+0.05j -0.06-0.02j
  0.01-0.06j  0.06-0.01j  0.02+0.06j -0.05+0.04j -0.05-0.04j  0.03-0.06j
  0.06+0.01j  0.  +0.06j -0.06+0.02j -0.03-0.05j  0.04-0.04j  0.05+0.03j
 -0.02+0.06j -0.06-0.j   -0.01-0.06j  0.06-0.03j  0.04+0.05j -0.04+0.05j
 -0.06-0.02j  0.01-0.06j  0.06-0.01j  0.02+0.06j -0.05+0.03j -0.05-0.04j
  0.03-0.06j  0.06+0.02j -0.  +0.06j -0.06+0.02j -0.03-0.06j  0.05-0.04j
  0.05+0.03j -0.02+0.06j -0.06-0.01j -0.01-0.06j  0.06-0.02j  0.04+0.05j
 -0.04+0.05j -0.06-0.03j  0.01-0.06j  0.06-0.j    0.02+0.06j -0.05+0.03j
 -0.04-0.04j  0.03-0.05j  0.06+0.02j -0.  +0.06j -0.06+0.01j -0.03-0.06j
  0.05-0.04j  0.05+0.04j -0.02+0.06j -0.06-0.01j -0.01-0.06j  0.06-0.02j
  0.03+0.05j -0.04+0.05j -0.06-0.03j  0.02-0.06j]
	Command being timed: "python3 qft.py 8"
	User time (seconds): 0.89
	System time (seconds): 0.49
	Percent of CPU this job got: 82%
	Elapsed (wall clock) time (h:mm:ss or m:ss): 0:01.68
	Average shared text size (kbytes): 0
	Average unshared data size (kbytes): 0
	Average stack size (kbytes): 0
	Average total size (kbytes): 0
	Maximum resident set size (kbytes): 606536
	Average resident set size (kbytes): 0
	Major (requiring I/O) page faults: 0
	Minor (reclaiming a frame) page faults: 42025
	Voluntary context switches: 3537
	Involuntary context switches: 39
	Swaps: 0
	File system inputs: 0
	File system outputs: 16
	Socket messages sent: 0
	Socket messages received: 0
	Signals delivered: 0
	Page size (bytes): 4096
	Exit status: 0
[ 0.06+0.j    0.04-0.05j -0.01-0.06j -0.05-0.03j -0.06+0.02j -0.03+0.06j
  0.03+0.06j  0.06+0.02j  0.05-0.03j  0.01-0.06j -0.04-0.05j -0.06+0.j
 -0.04+0.05j  0.01+0.06j  0.05+0.03j  0.06-0.02j  0.02-0.06j -0.03-0.06j
 -0.06-0.02j -0.05+0.04j -0.01+0.06j  0.04+0.05j  0.06-0.j    0.04-0.05j
 -0.01-0.06j -0.05-0.03j -0.06+0.02j -0.02+0.06j  0.03+0.06j  0.06+0.01j
  0.05-0.04j  0.  -0.06j -0.04-0.04j -0.06+0.j   -0.04+0.05j  0.01+0.06j
  0.06+0.03j  0.06-0.02j  0.02-0.06j -0.03-0.05j -0.06-0.01j -0.05+0.04j
 -0.  +0.06j  0.05+0.04j  0.06-0.01j  0.04-0.05j -0.02-0.06j -0.06-0.03j
 -0.06+0.02j -0.02+0.06j  0.03+0.05j  0.06+0.01j  0.05-0.04j  0.  -0.06j
 -0.05-0.04j -0.06+0.01j -0.03+0.05j  0.02+0.06j  0.06+0.03j  0.06-0.03j
  0.02-0.06j -0.03-0.05j -0.06-0.01j -0.05+0.04j -0.  +0.06j  0.05+0.04j
  0.06-0.01j  0.03-0.05j -0.02-0.06j -0.06-0.03j -0.06+0.03j -0.02+0.06j
  0.03+0.05j  0.06+0.01j  0.05-0.04j -0.  -0.06j -0.05-0.04j -0.06+0.01j
 -0.03+0.05j  0.02+0.06j  0.06+0.02j  0.06-0.03j  0.02-0.06j -0.04-0.05j
 -0.06-0.01j -0.05+0.04j  0.  +0.06j  0.05+0.04j  0.06-0.01j  0.03-0.05j
 -0.02-0.06j -0.06-0.02j -0.06+0.03j -0.01+0.06j  0.04+0.05j  0.06+0.j
  0.04-0.04j -0.  -0.06j -0.05-0.04j -0.06+0.01j -0.03+0.06j  0.02+0.06j
  0.06+0.02j  0.05-0.03j  0.01-0.06j -0.04-0.05j -0.06-0.j   -0.04+0.05j
  0.01+0.06j  0.05+0.04j  0.06-0.02j  0.03-0.06j -0.02-0.06j -0.06-0.02j
 -0.05+0.03j -0.01+0.06j  0.04+0.05j  0.06+0.j    0.04-0.05j -0.01-0.06j
 -0.05-0.03j -0.06+0.02j -0.03+0.06j  0.03+0.06j  0.06+0.02j  0.05-0.03j
  0.01-0.06j -0.04-0.05j -0.06+0.j   -0.04+0.05j  0.01+0.06j  0.05+0.03j
  0.06-0.02j  0.03-0.06j -0.03-0.06j -0.06-0.02j -0.05+0.03j -0.01+0.06j
  0.04+0.05j  0.06-0.j    0.04-0.05j -0.01-0.06j -0.05-0.03j -0.06+0.02j
 -0.02+0.06j  0.03+0.06j  0.06+0.02j  0.05-0.04j  0.01-0.06j -0.04-0.05j
 -0.06+0.j   -0.04+0.05j  0.01+0.06j  0.05+0.03j  0.06-0.02j  0.02-0.06j
 -0.03-0.06j -0.06-0.01j -0.05+0.04j -0.  +0.06j  0.04+0.04j  0.06-0.j
  0.04-0.05j -0.01-0.06j -0.06-0.03j -0.06+0.02j -0.02+0.06j  0.03+0.05j
  0.06+0.01j  0.05-0.04j  0.  -0.06j -0.05-0.04j -0.06+0.01j -0.04+0.05j
  0.02+0.06j  0.06+0.03j  0.06-0.02j  0.02-0.06j -0.03-0.05j -0.06-0.01j
 -0.05+0.04j -0.  +0.06j  0.05+0.04j  0.06-0.01j  0.03-0.05j -0.02-0.06j
 -0.06-0.03j -0.06+0.03j -0.02+0.06j  0.03+0.05j  0.06+0.01j  0.05-0.04j
  0.  -0.06j -0.05-0.04j -0.06+0.01j -0.03+0.05j  0.02+0.06j  0.06+0.03j
  0.06-0.03j  0.02-0.06j -0.03-0.05j -0.06-0.01j -0.05+0.04j  0.  +0.06j
  0.05+0.04j  0.06-0.01j  0.03-0.05j -0.02-0.06j -0.06-0.02j -0.06+0.03j
 -0.02+0.06j  0.04+0.05j  0.06+0.01j  0.05-0.04j -0.  -0.06j -0.05-0.04j
 -0.06+0.01j -0.03+0.05j  0.02+0.06j  0.06+0.02j  0.06-0.03j  0.01-0.06j
 -0.04-0.05j -0.06-0.j   -0.04+0.04j  0.  +0.06j  0.05+0.04j  0.06-0.01j
  0.03-0.06j -0.02-0.06j -0.06-0.02j -0.05+0.03j -0.01+0.06j  0.04+0.05j
  0.06+0.j    0.04-0.05j -0.01-0.06j -0.05-0.04j -0.06+0.02j -0.03+0.06j
  0.02+0.06j  0.06+0.02j  0.05-0.03j  0.01-0.06j -0.04-0.05j -0.06-0.j
 -0.04+0.05j  0.01+0.06j  0.05+0.03j  0.06-0.02j  0.03-0.06j -0.03-0.06j
 -0.06-0.02j -0.05+0.03j -0.01+0.06j  0.04+0.05j]
	Command being timed: "python3 qft.py 8"
	User time (seconds): 0.87
	System time (seconds): 0.51
	Percent of CPU this job got: 91%
	Elapsed (wall clock) time (h:mm:ss or m:ss): 0:01.51
	Average shared text size (kbytes): 0
	Average unshared data size (kbytes): 0
	Average stack size (kbytes): 0
	Average total size (kbytes): 0
	Maximum resident set size (kbytes): 611516
	Average resident set size (kbytes): 0
	Major (requiring I/O) page faults: 0
	Minor (reclaiming a frame) page faults: 42442
	Voluntary context switches: 1758
	Involuntary context switches: 37
	Swaps: 0
	File system inputs: 0
	File system outputs: 24
	Socket messages sent: 0
	Socket messages received: 0
	Signals delivered: 0
	Page size (bytes): 4096
	Exit status: 0
[ 0.06+0.j   -0.05+0.04j  0.01-0.06j  0.03+0.05j -0.06-0.02j  0.06-0.03j
 -0.03+0.06j -0.02-0.06j  0.05+0.03j -0.06+0.01j  0.04-0.05j -0.  +0.06j
 -0.04-0.05j  0.06+0.01j -0.05+0.03j  0.02-0.06j  0.02+0.06j -0.06-0.03j
  0.06-0.02j -0.04+0.05j -0.01-0.06j  0.05+0.04j -0.06-0.j    0.05-0.04j
 -0.01+0.06j -0.03-0.05j  0.06+0.02j -0.06+0.02j  0.03-0.06j  0.01+0.06j
 -0.05-0.04j  0.06-0.j   -0.04+0.04j  0.  -0.06j  0.04+0.05j -0.06-0.01j
  0.06-0.03j -0.02+0.06j -0.02-0.06j  0.05+0.03j -0.06+0.01j  0.04-0.05j
  0.  +0.06j -0.04-0.05j  0.06+0.01j -0.05+0.04j  0.02-0.06j  0.03+0.06j
 -0.06-0.02j  0.06-0.02j -0.03+0.05j -0.01-0.06j  0.05+0.04j -0.06+0.j
  0.05-0.04j -0.01+0.06j -0.03-0.05j  0.06+0.02j -0.06+0.03j  0.03-0.06j
  0.02+0.06j -0.05-0.03j  0.06-0.01j -0.04+0.05j  0.  -0.06j  0.04+0.05j
 -0.06-0.01j  0.05-0.03j -0.02+0.06j -0.03-0.06j  0.06+0.03j -0.06+0.02j
  0.03-0.05j  0.01+0.06j -0.05-0.04j  0.06+0.j   -0.05+0.04j  0.01-0.06j
  0.03+0.05j -0.06-0.02j  0.06-0.02j -0.03+0.06j -0.02-0.06j  0.05+0.04j
 -0.06+0.01j  0.04-0.05j -0.  +0.06j -0.04-0.05j  0.06+0.01j -0.05+0.03j
  0.02-0.06j  0.02+0.06j -0.06-0.03j  0.06-0.01j -0.04+0.05j -0.  -0.06j
  0.04+0.04j -0.06-0.j    0.05-0.04j -0.01+0.06j -0.03-0.06j  0.06+0.02j
 -0.06+0.02j  0.03-0.05j  0.01+0.06j -0.05-0.04j  0.06-0.j   -0.05+0.04j
  0.01-0.06j  0.04+0.05j -0.06-0.02j  0.06-0.03j -0.02+0.06j -0.02-0.06j
  0.05+0.03j -0.06+0.01j  0.04-0.05j  0.  +0.06j -0.04-0.05j  0.06+0.01j
 -0.05+0.03j  0.02-0.06j  0.03+0.06j -0.06-0.03j  0.06-0.02j -0.03+0.05j
 -0.01-0.06j  0.05+0.04j -0.06+0.j    0.05-0.04j -0.01+0.06j -0.03-0.05j
  0.06+0.02j -0.06+0.03j  0.03-0.06j  0.02+0.06j -0.05-0.03j  0.06-0.01j
 -0.04+0.05j  0.  -0.06j  0.04+0.05j -0.06-0.01j  0.05-0.03j -0.02+0.06j
 -0.02-0.06j  0.06+0.03j -0.06+0.02j  0.04-0.05j  0.01+0.06j -0.05-0.04j
  0.06+0.j   -0.05+0.04j  0.01-0.06j  0.03+0.05j -0.06-0.02j  0.06-0.02j
 -0.03+0.06j -0.01-0.06j  0.05+0.04j -0.06+0.j    0.04-0.04j -0.  +0.06j
 -0.04-0.05j  0.06+0.01j -0.06+0.03j  0.02-0.06j  0.02+0.06j -0.05-0.03j
  0.06-0.01j -0.04+0.05j -0.  -0.06j  0.04+0.05j -0.06-0.01j  0.05-0.04j
 -0.02+0.06j -0.03-0.06j  0.06+0.02j -0.06+0.02j  0.03-0.05j  0.01+0.06j
 -0.05-0.04j  0.06-0.j   -0.05+0.04j  0.01-0.06j  0.03+0.05j -0.06-0.02j
  0.06-0.03j -0.03+0.06j -0.02-0.06j  0.05+0.03j -0.06+0.01j  0.04-0.05j
 -0.  +0.06j -0.04-0.05j  0.06+0.01j -0.05+0.03j  0.02-0.06j  0.03+0.06j
 -0.06-0.03j  0.06-0.02j -0.03+0.05j -0.01-0.06j  0.05+0.04j -0.06-0.j
  0.05-0.04j -0.01+0.06j -0.03-0.05j  0.06+0.02j -0.06+0.02j  0.03-0.06j
  0.02+0.06j -0.05-0.04j  0.06-0.01j -0.04+0.05j  0.  -0.06j  0.04+0.05j
 -0.06-0.01j  0.05-0.03j -0.02+0.06j -0.02-0.06j  0.06+0.03j -0.06+0.01j
  0.04-0.05j  0.  +0.06j -0.04-0.04j  0.06+0.j   -0.05+0.04j  0.01-0.06j
  0.03+0.06j -0.06-0.02j  0.06-0.02j -0.03+0.05j -0.01-0.06j  0.05+0.04j
 -0.06+0.j    0.05-0.04j -0.01+0.06j -0.04-0.05j  0.06+0.02j -0.06+0.03j
  0.02-0.06j  0.02+0.06j -0.05-0.03j  0.06-0.01j -0.04+0.05j -0.  -0.06j
  0.04+0.05j -0.06-0.01j  0.05-0.03j -0.02+0.06j -0.03-0.06j  0.06+0.03j
 -0.06+0.02j  0.03-0.05j  0.01+0.06j -0.05-0.04j]
	Command being timed: "python3 qft.py 8"
	User time (seconds): 0.89
	System time (seconds): 0.48
	Percent of CPU this job got: 92%
	Elapsed (wall clock) time (h:mm:ss or m:ss): 0:01.49
	Average shared text size (kbytes): 0
	Average unshared data size (kbytes): 0
	Average stack size (kbytes): 0
	Average total size (kbytes): 0
	Maximum resident set size (kbytes): 609112
	Average resident set size (kbytes): 0
	Major (requiring I/O) page faults: 0
	Minor (reclaiming a frame) page faults: 42611
	Voluntary context switches: 1709
	Involuntary context switches: 36
	Swaps: 0
	File system inputs: 0
	File system outputs: 24
	Socket messages sent: 0
	Socket messages received: 0
	Signals delivered: 0
	Page size (bytes): 4096
	Exit status: 0
[ 0.06+0.j    0.05-0.04j  0.  -0.06j -0.04-0.05j -0.06-0.01j -0.05+0.04j
 -0.01+0.06j  0.04+0.05j  0.06+0.01j  0.05-0.03j  0.02-0.06j -0.03-0.05j
 -0.06-0.02j -0.06+0.03j -0.02+0.06j  0.03+0.06j  0.06+0.02j  0.06-0.02j
  0.03-0.06j -0.02-0.06j -0.06-0.03j -0.06+0.02j -0.03+0.05j  0.01+0.06j
  0.05+0.03j  0.06-0.01j  0.04-0.05j -0.01-0.06j -0.05-0.04j -0.06+0.j
 -0.04+0.05j  0.  +0.06j  0.04+0.04j  0.06+0.j    0.05-0.04j  0.  -0.06j
 -0.04-0.05j -0.06-0.01j -0.05+0.04j -0.01+0.06j  0.03+0.05j  0.06+0.01j
  0.05-0.03j  0.02-0.06j -0.03-0.06j -0.06-0.02j -0.06+0.03j -0.02+0.06j
  0.02+0.06j  0.06+0.03j  0.06-0.02j  0.03-0.06j -0.02-0.06j -0.05-0.03j
 -0.06+0.02j -0.03+0.05j  0.01+0.06j  0.05+0.04j  0.06-0.01j  0.04-0.05j
 -0.01-0.06j -0.05-0.04j -0.06+0.j   -0.04+0.05j -0.  +0.06j  0.04+0.05j
  0.06+0.j    0.05-0.04j  0.01-0.06j -0.04-0.05j -0.06-0.01j -0.05+0.04j
 -0.01+0.06j  0.03+0.05j  0.06+0.02j  0.05-0.03j  0.02-0.06j -0.03-0.06j
 -0.06-0.02j -0.06+0.03j -0.02+0.06j  0.02+0.06j  0.06+0.03j  0.06-0.02j
  0.03-0.06j -0.02-0.06j -0.05-0.03j -0.06+0.01j -0.03+0.05j  0.01+0.06j
  0.05+0.04j  0.06-0.01j  0.04-0.05j -0.  -0.06j -0.05-0.04j -0.06+0.j
 -0.04+0.04j -0.  +0.06j  0.04+0.05j  0.06+0.j    0.05-0.04j  0.01-0.06j
 -0.04-0.05j -0.06-0.01j -0.05+0.03j -0.01+0.06j  0.03+0.05j  0.06+0.02j
  0.06-0.03j  0.02-0.06j -0.03-0.06j -0.06-0.02j -0.06+0.02j -0.03+0.06j
  0.02+0.06j  0.06+0.03j  0.06-0.02j  0.03-0.05j -0.02-0.06j -0.05-0.03j
 -0.06+0.01j -0.04+0.05j  0.01+0.06j  0.05+0.04j  0.06-0.01j  0.04-0.05j
 -0.  -0.06j -0.05-0.04j -0.06+0.j   -0.05+0.04j -0.  +0.06j  0.04+0.05j
  0.06+0.01j  0.05-0.04j  0.01-0.06j -0.04-0.05j -0.06-0.01j -0.05+0.03j
 -0.02+0.06j  0.03+0.05j  0.06+0.02j  0.06-0.03j  0.02-0.06j -0.03-0.06j
 -0.06-0.02j -0.06+0.02j -0.03+0.06j  0.02+0.06j  0.06+0.03j  0.06-0.02j
  0.03-0.05j -0.01-0.06j -0.05-0.03j -0.06+0.01j -0.04+0.05j  0.01+0.06j
  0.05+0.04j  0.06-0.j    0.04-0.05j -0.  -0.06j -0.04-0.04j -0.06-0.j
 -0.05+0.04j -0.  +0.06j  0.04+0.05j  0.06+0.01j  0.05-0.04j  0.01-0.06j
 -0.03-0.05j -0.06-0.01j -0.05+0.03j -0.02+0.06j  0.03+0.06j  0.06+0.02j
  0.06-0.03j  0.02-0.06j -0.02-0.06j -0.06-0.03j -0.06+0.02j -0.03+0.06j
  0.02+0.06j  0.05+0.03j  0.06-0.02j  0.03-0.05j -0.01-0.06j -0.05-0.04j
 -0.06+0.01j -0.04+0.05j  0.01+0.06j  0.05+0.04j  0.06-0.j    0.04-0.05j
  0.  -0.06j -0.04-0.05j -0.06-0.j   -0.05+0.04j -0.01+0.06j  0.04+0.05j
  0.06+0.01j  0.05-0.04j  0.01-0.06j -0.03-0.05j -0.06-0.02j -0.05+0.03j
 -0.02+0.06j  0.03+0.06j  0.06+0.02j  0.06-0.03j  0.02-0.06j -0.02-0.06j
 -0.06-0.03j -0.06+0.02j -0.03+0.06j  0.02+0.06j  0.05+0.03j  0.06-0.01j
  0.03-0.05j -0.01-0.06j -0.05-0.04j -0.06+0.01j -0.04+0.05j  0.  +0.06j
  0.05+0.04j  0.06-0.j    0.04-0.04j  0.  -0.06j -0.04-0.05j -0.06-0.j
 -0.05+0.04j -0.01+0.06j  0.04+0.05j  0.06+0.01j  0.05-0.03j  0.01-0.06j
 -0.03-0.05j -0.06-0.02j -0.06+0.03j -0.02+0.06j  0.03+0.06j  0.06+0.02j
  0.06-0.02j  0.03-0.06j -0.02-0.06j -0.06-0.03j -0.06+0.02j -0.03+0.05j
  0.02+0.06j  0.05+0.03j  0.06-0.01j  0.04-0.05j -0.01-0.06j -0.05-0.04j
 -0.06+0.01j -0.04+0.05j  0.  +0.06j  0.05+0.04j]
	Command being timed: "python3 qft.py 8"
	User time (seconds): 0.88
	System time (seconds): 0.45
	Percent of CPU this job got: 88%
	Elapsed (wall clock) time (h:mm:ss or m:ss): 0:01.51
	Average shared text size (kbytes): 0
	Average unshared data size (kbytes): 0
	Average stack size (kbytes): 0
	Average total size (kbytes): 0
	Maximum resident set size (kbytes): 610432
	Average resident set size (kbytes): 0
	Major (requiring I/O) page faults: 0
	Minor (reclaiming a frame) page faults: 42062
	Voluntary context switches: 1711
	Involuntary context switches: 36
	Swaps: 0
	File system inputs: 0
	File system outputs: 24
	Socket messages sent: 0
	Socket messages received: 0
	Signals delivered: 0
	Page size (bytes): 4096
	Exit status: 0
[ 0.06+0.j    0.02+0.06j -0.05+0.04j -0.05-0.03j  0.01-0.06j  0.06-0.01j
  0.03+0.06j -0.04+0.05j -0.06-0.02j  0.  -0.06j  0.06-0.02j  0.04+0.05j
 -0.03+0.05j -0.06-0.02j -0.01-0.06j  0.06-0.03j  0.04+0.04j -0.03+0.06j
 -0.06-0.01j -0.02-0.06j  0.05-0.03j  0.05+0.04j -0.02+0.06j -0.06+0.j
 -0.02-0.06j  0.05-0.04j  0.06+0.03j -0.01+0.06j -0.06+0.01j -0.03-0.05j
  0.04-0.05j  0.06+0.02j -0.  +0.06j -0.06+0.02j -0.04-0.05j  0.03-0.05j
  0.06+0.01j  0.01+0.06j -0.06+0.03j -0.05-0.04j  0.02-0.06j  0.06+0.j
  0.02+0.06j -0.05+0.04j -0.05-0.03j  0.02-0.06j  0.06-0.01j  0.03+0.06j
 -0.04+0.04j -0.06-0.03j  0.01-0.06j  0.06-0.02j  0.03+0.05j -0.04+0.05j
 -0.06-0.02j -0.  -0.06j  0.06-0.02j  0.04+0.05j -0.03+0.06j -0.06-0.01j
 -0.01-0.06j  0.05-0.03j  0.05+0.04j -0.02+0.06j -0.06+0.j   -0.02-0.06j
  0.05-0.04j  0.05+0.03j -0.01+0.06j -0.06+0.01j -0.03-0.06j  0.04-0.05j
  0.06+0.02j -0.  +0.06j -0.06+0.02j -0.04-0.05j  0.03-0.05j  0.06+0.02j
  0.01+0.06j -0.06+0.03j -0.04-0.04j  0.03-0.06j  0.06+0.01j  0.02+0.06j
 -0.05+0.03j -0.05-0.04j  0.02-0.06j  0.06-0.j    0.02+0.06j -0.05+0.04j
 -0.06-0.03j  0.01-0.06j  0.06-0.01j  0.03+0.05j -0.04+0.05j -0.06-0.02j
  0.  -0.06j  0.06-0.02j  0.04+0.05j -0.03+0.05j -0.06-0.01j -0.01-0.06j
  0.06-0.03j  0.05+0.04j -0.02+0.06j -0.06-0.j   -0.02-0.06j  0.05-0.04j
  0.05+0.03j -0.02+0.06j -0.06+0.01j -0.03-0.06j  0.04-0.04j  0.06+0.03j
 -0.01+0.06j -0.06+0.02j -0.03-0.05j  0.04-0.05j  0.06+0.02j  0.  +0.06j
 -0.06+0.02j -0.04-0.05j  0.03-0.06j  0.06+0.01j  0.01+0.06j -0.05+0.03j
 -0.05-0.04j  0.02-0.06j  0.06+0.j    0.02+0.06j -0.05+0.04j -0.05-0.03j
  0.01-0.06j  0.06-0.01j  0.03+0.06j -0.04+0.05j -0.06-0.02j  0.  -0.06j
  0.06-0.02j  0.04+0.05j -0.03+0.05j -0.06-0.02j -0.01-0.06j  0.06-0.03j
  0.04+0.04j -0.03+0.06j -0.06-0.01j -0.02-0.06j  0.05-0.03j  0.05+0.04j
 -0.02+0.06j -0.06+0.j   -0.02-0.06j  0.05-0.04j  0.06+0.03j -0.01+0.06j
 -0.06+0.01j -0.03-0.05j  0.04-0.05j  0.06+0.02j -0.  +0.06j -0.06+0.02j
 -0.04-0.05j  0.03-0.05j  0.06+0.01j  0.01+0.06j -0.06+0.03j -0.05-0.04j
  0.02-0.06j  0.06+0.j    0.02+0.06j -0.05+0.04j -0.05-0.03j  0.02-0.06j
  0.06-0.01j  0.03+0.06j -0.04+0.04j -0.06-0.03j  0.01-0.06j  0.06-0.02j
  0.03+0.05j -0.04+0.05j -0.06-0.02j -0.  -0.06j  0.06-0.02j  0.04+0.05j
 -0.03+0.06j -0.06-0.01j -0.01-0.06j  0.05-0.03j  0.05+0.04j -0.02+0.06j
 -0.06+0.j   -0.02-0.06j  0.05-0.04j  0.05+0.03j -0.01+0.06j -0.06+0.01j
 -0.03-0.06j  0.04-0.05j  0.06+0.02j -0.  +0.06j -0.06+0.02j -0.04-0.05j
  0.03-0.05j  0.06+0.02j  0.01+0.06j -0.06+0.03j -0.04-0.04j  0.03-0.06j
  0.06+0.01j  0.02+0.06j -0.05+0.03j -0.05-0.04j  0.02-0.06j  0.06-0.j
  0.02+0.06j -0.05+0.04j -0.06-0.03j  0.01-0.06j  0.06-0.01j  0.03+0.05j
 -0.04+0.05j -0.06-0.02j  0.  -0.06j  0.06-0.02j  0.04+0.05j -0.03+0.05j
 -0.06-0.01j -0.01-0.06j  0.06-0.03j  0.05+0.04j -0.02+0.06j -0.06-0.j
 -0.02-0.06j  0.05-0.04j  0.05+0.03j -0.02+0.06j -0.06+0.01j -0.03-0.06j
  0.04-0.04j  0.06+0.03j -0.01+0.06j -0.06+0.02j -0.03-0.05j  0.04-0.05j
  0.06+0.02j  0.  +0.06j -0.06+0.02j -0.04-0.05j  0.03-0.06j  0.06+0.01j
  0.01+0.06j -0.05+0.03j -0.05-0.04j  0.02-0.06j]
	Command being timed: "python3 qft.py 8"
	User time (seconds): 0.86
	System time (seconds): 0.51
	Percent of CPU this job got: 90%
	Elapsed (wall clock) time (h:mm:ss or m:ss): 0:01.52
	Average shared text size (kbytes): 0
	Average unshared data size (kbytes): 0
	Average stack size (kbytes): 0
	Average total size (kbytes): 0
	Maximum resident set size (kbytes): 608988
	Average resident set size (kbytes): 0
	Major (requiring I/O) page faults: 0
	Minor (reclaiming a frame) page faults: 42285
	Voluntary context switches: 1745
	Involuntary context switches: 38
	Swaps: 0
	File system inputs: 0
	File system outputs: 24
	Socket messages sent: 0
	Socket messages received: 0
	Signals delivered: 0
	Page size (bytes): 4096
	Exit status: 0
[ 0.06+0.j    0.  -0.06j -0.06-0.01j -0.01+0.06j  0.06+0.02j  0.02-0.06j
 -0.06-0.03j -0.03+0.05j  0.05+0.03j  0.04-0.05j -0.05-0.04j -0.05+0.04j
  0.04+0.05j  0.05-0.04j -0.03-0.05j -0.06+0.03j  0.02+0.06j  0.06-0.02j
 -0.02-0.06j -0.06+0.01j  0.01+0.06j  0.06-0.j    0.  -0.06j -0.06-0.01j
 -0.01+0.06j  0.06+0.02j  0.02-0.06j -0.06-0.03j -0.03+0.06j  0.05+0.03j
  0.04-0.05j -0.05-0.04j -0.04+0.04j  0.04+0.05j  0.05-0.04j -0.03-0.05j
 -0.06+0.03j  0.03+0.06j  0.06-0.02j -0.02-0.06j -0.06+0.01j  0.01+0.06j
  0.06-0.j    0.  -0.06j -0.06-0.01j -0.01+0.06j  0.06+0.02j  0.02-0.06j
 -0.06-0.02j -0.03+0.06j  0.05+0.03j  0.04-0.05j -0.05-0.04j -0.04+0.05j
  0.04+0.05j  0.05-0.04j -0.03-0.05j -0.05+0.03j  0.03+0.06j  0.06-0.02j
 -0.02-0.06j -0.06+0.01j  0.01+0.06j  0.06-0.j    0.  -0.06j -0.06-0.j
 -0.01+0.06j  0.06+0.01j  0.02-0.06j -0.06-0.02j -0.03+0.06j  0.05+0.03j
  0.03-0.05j -0.05-0.04j -0.04+0.05j  0.04+0.05j  0.05-0.04j -0.04-0.05j
 -0.05+0.03j  0.03+0.06j  0.06-0.02j -0.02-0.06j -0.06+0.02j  0.01+0.06j
  0.06-0.01j -0.  -0.06j -0.06-0.j   -0.01+0.06j  0.06+0.01j  0.02-0.06j
 -0.06-0.02j -0.03+0.06j  0.06+0.03j  0.03-0.05j -0.05-0.04j -0.04+0.05j
  0.04+0.04j  0.05-0.04j -0.04-0.05j -0.05+0.03j  0.03+0.06j  0.06-0.03j
 -0.02-0.06j -0.06+0.02j  0.01+0.06j  0.06-0.01j -0.  -0.06j -0.06-0.j
 -0.01+0.06j  0.06+0.01j  0.02-0.06j -0.06-0.02j -0.02+0.06j  0.06+0.03j
  0.03-0.05j -0.05-0.04j -0.04+0.05j  0.05+0.04j  0.05-0.04j -0.04-0.05j
 -0.05+0.03j  0.03+0.05j  0.06-0.03j -0.02-0.06j -0.06+0.02j  0.01+0.06j
  0.06-0.01j -0.  -0.06j -0.06+0.j   -0.  +0.06j  0.06+0.01j  0.01-0.06j
 -0.06-0.02j -0.02+0.06j  0.06+0.03j  0.03-0.05j -0.05-0.03j -0.04+0.05j
  0.05+0.04j  0.05-0.04j -0.04-0.05j -0.05+0.04j  0.03+0.05j  0.06-0.03j
 -0.02-0.06j -0.06+0.02j  0.02+0.06j  0.06-0.01j -0.01-0.06j -0.06+0.j
 -0.  +0.06j  0.06+0.01j  0.01-0.06j -0.06-0.02j -0.02+0.06j  0.06+0.03j
  0.03-0.06j -0.05-0.03j -0.04+0.05j  0.05+0.04j  0.04-0.04j -0.04-0.05j
 -0.05+0.04j  0.03+0.05j  0.06-0.03j -0.03-0.06j -0.06+0.02j  0.02+0.06j
  0.06-0.01j -0.01-0.06j -0.06+0.j   -0.  +0.06j  0.06+0.01j  0.01-0.06j
 -0.06-0.02j -0.02+0.06j  0.06+0.02j  0.03-0.06j -0.05-0.03j -0.04+0.05j
  0.05+0.04j  0.04-0.05j -0.04-0.05j -0.05+0.04j  0.03+0.05j  0.05-0.03j
 -0.03-0.06j -0.06+0.02j  0.02+0.06j  0.06-0.01j -0.01-0.06j -0.06+0.j
 -0.  +0.06j  0.06+0.j    0.01-0.06j -0.06-0.01j -0.02+0.06j  0.06+0.02j
  0.03-0.06j -0.05-0.03j -0.03+0.05j  0.05+0.04j  0.04-0.05j -0.04-0.05j
 -0.05+0.04j  0.04+0.05j  0.05-0.03j -0.03-0.06j -0.06+0.02j  0.02+0.06j
  0.06-0.02j -0.01-0.06j -0.06+0.01j  0.  +0.06j  0.06+0.j    0.01-0.06j
 -0.06-0.01j -0.02+0.06j  0.06+0.02j  0.03-0.06j -0.06-0.03j -0.03+0.05j
  0.05+0.04j  0.04-0.05j -0.04-0.04j -0.05+0.04j  0.04+0.05j  0.05-0.03j
 -0.03-0.06j -0.06+0.03j  0.02+0.06j  0.06-0.02j -0.01-0.06j -0.06+0.01j
  0.  +0.06j  0.06+0.j    0.01-0.06j -0.06-0.01j -0.02+0.06j  0.06+0.02j
  0.02-0.06j -0.06-0.03j -0.03+0.05j  0.05+0.04j  0.04-0.05j -0.05-0.04j
 -0.05+0.04j  0.04+0.05j  0.05-0.03j -0.03-0.05j -0.06+0.03j  0.02+0.06j
  0.06-0.02j -0.01-0.06j -0.06+0.01j  0.  +0.06j]
	Command being timed: "python3 qft.py 8"
	User time (seconds): 0.88
	System time (seconds): 0.51
	Percent of CPU this job got: 91%
	Elapsed (wall clock) time (h:mm:ss or m:ss): 0:01.52
	Average shared text size (kbytes): 0
	Average unshared data size (kbytes): 0
	Average stack size (kbytes): 0
	Average total size (kbytes): 0
	Maximum resident set size (kbytes): 609896
	Average resident set size (kbytes): 0
	Major (requiring I/O) page faults: 0
	Minor (reclaiming a frame) page faults: 42080
	Voluntary context switches: 1706
	Involuntary context switches: 48
	Swaps: 0
	File system inputs: 0
	File system outputs: 24
	Socket messages sent: 0
	Socket messages received: 0
	Signals delivered: 0
	Page size (bytes): 4096
	Exit status: 0
[ 0.06+0.j   -0.03+0.06j -0.04-0.05j  0.06-0.02j -0.01+0.06j -0.05-0.03j
  0.05-0.04j  0.01+0.06j -0.06-0.01j  0.04-0.05j  0.03+0.05j -0.06+0.01j
  0.02-0.06j  0.05+0.04j -0.06+0.03j -0.  -0.06j  0.06+0.02j -0.05+0.04j
 -0.02-0.06j  0.06+0.j   -0.03+0.06j -0.04-0.05j  0.06-0.02j -0.01+0.06j
 -0.05-0.03j  0.05-0.03j  0.01+0.06j -0.06-0.02j  0.04-0.05j  0.03+0.06j
 -0.06+0.j    0.02-0.06j  0.04+0.04j -0.06+0.02j  0.  -0.06j  0.06+0.03j
 -0.05+0.04j -0.02-0.06j  0.06+0.01j -0.03+0.05j -0.03-0.05j  0.06-0.01j
 -0.02+0.06j -0.05-0.04j  0.06-0.03j  0.  +0.06j -0.06-0.02j  0.04-0.05j
  0.02+0.06j -0.06-0.j    0.03-0.06j  0.04+0.05j -0.06+0.02j  0.01-0.06j
  0.05+0.03j -0.05+0.04j -0.01-0.06j  0.06+0.01j -0.04+0.05j -0.03-0.05j
  0.06-0.01j -0.02+0.06j -0.05-0.04j  0.06-0.03j -0.  +0.06j -0.06-0.03j
  0.05-0.04j  0.02+0.06j -0.06-0.01j  0.03-0.05j  0.04+0.05j -0.06+0.01j
  0.01-0.06j  0.05+0.04j -0.05+0.03j -0.01-0.06j  0.06+0.02j -0.04+0.05j
 -0.03-0.06j  0.06-0.j   -0.02+0.06j -0.04-0.05j  0.06-0.02j -0.  +0.06j
 -0.06-0.03j  0.05-0.04j  0.02+0.06j -0.06-0.01j  0.03-0.05j  0.03+0.05j
 -0.06+0.01j  0.02-0.06j  0.05+0.04j -0.06+0.03j -0.  -0.06j  0.06+0.02j
 -0.04+0.04j -0.02-0.06j  0.06+0.j   -0.03+0.06j -0.04-0.05j  0.06-0.02j
 -0.01+0.06j -0.05-0.03j  0.05-0.03j  0.01+0.06j -0.06-0.02j  0.04-0.05j
  0.03+0.06j -0.06+0.j    0.02-0.06j  0.05+0.04j -0.06+0.02j  0.  -0.06j
  0.06+0.03j -0.05+0.04j -0.02-0.06j  0.06+0.01j -0.03+0.05j -0.04-0.05j
  0.06-0.01j -0.01+0.06j -0.05-0.04j  0.05-0.03j  0.01+0.06j -0.06-0.02j
  0.04-0.05j  0.03+0.06j -0.06+0.j    0.03-0.06j  0.04+0.05j -0.06+0.02j
  0.01-0.06j  0.05+0.03j -0.05+0.04j -0.01-0.06j  0.06+0.01j -0.04+0.05j
 -0.03-0.05j  0.06-0.01j -0.02+0.06j -0.05-0.04j  0.06-0.03j  0.  +0.06j
 -0.06-0.02j  0.05-0.04j  0.02+0.06j -0.06-0.j    0.03-0.06j  0.04+0.05j
 -0.06+0.02j  0.01-0.06j  0.05+0.03j -0.05+0.03j -0.01-0.06j  0.06+0.02j
 -0.04+0.05j -0.03-0.06j  0.06-0.j   -0.02+0.06j -0.04-0.04j  0.06-0.02j
 -0.  +0.06j -0.06-0.03j  0.05-0.04j  0.02+0.06j -0.06-0.01j  0.03-0.05j
  0.03+0.05j -0.06+0.01j  0.02-0.06j  0.05+0.04j -0.06+0.03j -0.  -0.06j
  0.06+0.02j -0.04+0.05j -0.02-0.06j  0.06+0.j   -0.03+0.06j -0.04-0.05j
  0.06-0.02j -0.01+0.06j -0.05-0.03j  0.05-0.04j  0.01+0.06j -0.06-0.01j
  0.04-0.05j  0.03+0.05j -0.06+0.01j  0.02-0.06j  0.05+0.04j -0.06+0.03j
  0.  -0.06j  0.06+0.03j -0.05+0.04j -0.02-0.06j  0.06+0.01j -0.03+0.05j
 -0.04-0.05j  0.06-0.01j -0.01+0.06j -0.05-0.04j  0.05-0.03j  0.01+0.06j
 -0.06-0.02j  0.04-0.05j  0.03+0.06j -0.06+0.j    0.02-0.06j  0.04+0.05j
 -0.06+0.02j  0.  -0.06j  0.06+0.03j -0.05+0.04j -0.02-0.06j  0.06+0.01j
 -0.03+0.05j -0.03-0.05j  0.06-0.01j -0.02+0.06j -0.05-0.04j  0.06-0.03j
  0.  +0.06j -0.06-0.02j  0.04-0.04j  0.02+0.06j -0.06-0.j    0.03-0.06j
  0.04+0.05j -0.06+0.02j  0.01-0.06j  0.05+0.03j -0.05+0.03j -0.01-0.06j
  0.06+0.02j -0.04+0.05j -0.03-0.06j  0.06-0.j   -0.02+0.06j -0.05-0.04j
  0.06-0.02j -0.  +0.06j -0.06-0.03j  0.05-0.04j  0.02+0.06j -0.06-0.01j
  0.03-0.05j  0.04+0.05j -0.06+0.01j  0.01-0.06j  0.05+0.04j -0.05+0.03j
 -0.01-0.06j  0.06+0.02j -0.04+0.05j -0.03-0.06j]
	Command being timed: "python3 qft.py 8"
	User time (seconds): 0.87
	System time (seconds): 0.45
	Percent of CPU this job got: 88%
	Elapsed (wall clock) time (h:mm:ss or m:ss): 0:01.51
	Average shared text size (kbytes): 0
	Average unshared data size (kbytes): 0
	Average stack size (kbytes): 0
	Average total size (kbytes): 0
	Maximum resident set size (kbytes): 610384
	Average resident set size (kbytes): 0
	Major (requiring I/O) page faults: 0
	Minor (reclaiming a frame) page faults: 42686
	Voluntary context switches: 1755
	Involuntary context switches: 35
	Swaps: 0
	File system inputs: 0
	File system outputs: 24
	Socket messages sent: 0
	Socket messages received: 0
	Signals delivered: 0
	Page size (bytes): 4096
	Exit status: 0
[ 0.06+0.j    0.05-0.04j  0.01-0.06j -0.03-0.06j -0.06-0.02j -0.06+0.02j
 -0.03+0.05j  0.01+0.06j  0.04+0.04j  0.06+0.01j  0.05-0.03j  0.02-0.06j
 -0.02-0.06j -0.06-0.03j -0.06+0.01j -0.04+0.05j -0.  +0.06j  0.04+0.05j
  0.06+0.01j  0.06-0.03j  0.02-0.06j -0.02-0.06j -0.05-0.03j -0.06+0.01j
 -0.04+0.04j -0.01+0.06j  0.03+0.05j  0.06+0.02j  0.06-0.02j  0.03-0.06j
 -0.01-0.06j -0.05-0.04j -0.06+0.j   -0.05+0.04j -0.01+0.06j  0.03+0.06j
  0.06+0.02j  0.06-0.02j  0.03-0.05j -0.01-0.06j -0.04-0.04j -0.06-0.01j
 -0.05+0.03j -0.02+0.06j  0.02+0.06j  0.06+0.03j  0.06-0.01j  0.04-0.05j
  0.  -0.06j -0.04-0.05j -0.06-0.01j -0.06+0.03j -0.02+0.06j  0.02+0.06j
  0.05+0.03j  0.06-0.01j  0.04-0.04j  0.01-0.06j -0.03-0.05j -0.06-0.02j
 -0.06+0.02j -0.03+0.06j  0.01+0.06j  0.05+0.04j  0.06+0.j    0.05-0.04j
  0.01-0.06j -0.03-0.06j -0.06-0.02j -0.06+0.02j -0.03+0.05j  0.01+0.06j
  0.04+0.04j  0.06+0.01j  0.05-0.03j  0.02-0.06j -0.02-0.06j -0.06-0.03j
 -0.06+0.01j -0.04+0.05j -0.  +0.06j  0.04+0.05j  0.06+0.01j  0.06-0.03j
  0.02-0.06j -0.02-0.06j -0.05-0.03j -0.06+0.01j -0.04+0.04j -0.01+0.06j
  0.03+0.05j  0.06+0.02j  0.06-0.02j  0.03-0.06j -0.01-0.06j -0.05-0.04j
 -0.06+0.j   -0.05+0.04j -0.01+0.06j  0.03+0.06j  0.06+0.02j  0.06-0.02j
  0.03-0.05j -0.01-0.06j -0.04-0.04j -0.06-0.01j -0.05+0.03j -0.02+0.06j
  0.02+0.06j  0.06+0.03j  0.06-0.01j  0.04-0.05j  0.  -0.06j -0.04-0.05j
 -0.06-0.01j -0.06+0.03j -0.02+0.06j  0.02+0.06j  0.05+0.03j  0.06-0.01j
  0.04-0.04j  0.01-0.06j -0.03-0.05j -0.06-0.02j -0.06+0.02j -0.03+0.06j
  0.01+0.06j  0.05+0.04j  0.06+0.j    0.05-0.04j  0.01-0.06j -0.03-0.06j
 -0.06-0.02j -0.06+0.02j -0.03+0.05j  0.01+0.06j  0.04+0.04j  0.06+0.01j
  0.05-0.03j  0.02-0.06j -0.02-0.06j -0.06-0.03j -0.06+0.01j -0.04+0.05j
 -0.  +0.06j  0.04+0.05j  0.06+0.01j  0.06-0.03j  0.02-0.06j -0.02-0.06j
 -0.05-0.03j -0.06+0.01j -0.04+0.04j -0.01+0.06j  0.03+0.05j  0.06+0.02j
  0.06-0.02j  0.03-0.06j -0.01-0.06j -0.05-0.04j -0.06+0.j   -0.05+0.04j
 -0.01+0.06j  0.03+0.06j  0.06+0.02j  0.06-0.02j  0.03-0.05j -0.01-0.06j
 -0.04-0.04j -0.06-0.01j -0.05+0.03j -0.02+0.06j  0.02+0.06j  0.06+0.03j
  0.06-0.01j  0.04-0.05j  0.  -0.06j -0.04-0.05j -0.06-0.01j -0.06+0.03j
 -0.02+0.06j  0.02+0.06j  0.05+0.03j  0.06-0.01j  0.04-0.04j  0.01-0.06j
 -0.03-0.05j -0.06-0.02j -0.06+0.02j -0.03+0.06j  0.01+0.06j  0.05+0.04j
  0.06+0.j    0.05-0.04j  0.01-0.06j -0.03-0.06j -0.06-0.02j -0.06+0.02j
 -0.03+0.05j  0.01+0.06j  0.04+0.04j  0.06+0.01j  0.05-0.03j  0.02-0.06j
 -0.02-0.06j -0.06-0.03j -0.06+0.01j -0.04+0.05j -0.  +0.06j  0.04+0.05j
  0.06+0.01j  0.06-0.03j  0.02-0.06j -0.02-0.06j -0.05-0.03j -0.06+0.01j
 -0.04+0.04j -0.01+0.06j  0.03+0.05j  0.06+0.02j  0.06-0.02j  0.03-0.06j
 -0.01-0.06j -0.05-0.04j -0.06+0.j   -0.05+0.04j -0.01+0.06j  0.03+0.06j
  0.06+0.02j  0.06-0.02j  0.03-0.05j -0.01-0.06j -0.04-0.04j -0.06-0.01j
 -0.05+0.03j -0.02+0.06j  0.02+0.06j  0.06+0.03j  0.06-0.01j  0.04-0.05j
  0.  -0.06j -0.04-0.05j -0.06-0.01j -0.06+0.03j -0.02+0.06j  0.02+0.06j
  0.05+0.03j  0.06-0.01j  0.04-0.04j  0.01-0.06j -0.03-0.05j -0.06-0.02j
 -0.06+0.02j -0.03+0.06j  0.01+0.06j  0.05+0.04j]
	Command being timed: "python3 qft.py 8"
	User time (seconds): 0.87
	System time (seconds): 0.50
	Percent of CPU this job got: 91%
	Elapsed (wall clock) time (h:mm:ss or m:ss): 0:01.50
	Average shared text size (kbytes): 0
	Average unshared data size (kbytes): 0
	Average stack size (kbytes): 0
	Average total size (kbytes): 0
	Maximum resident set size (kbytes): 608408
	Average resident set size (kbytes): 0
	Major (requiring I/O) page faults: 0
	Minor (reclaiming a frame) page faults: 42083
	Voluntary context switches: 1753
	Involuntary context switches: 52
	Swaps: 0
	File system inputs: 0
	File system outputs: 24
	Socket messages sent: 0
	Socket messages received: 0
	Signals delivered: 0
	Page size (bytes): 4096
	Exit status: 0
[ 0.06+0.j    0.03+0.05j -0.03+0.06j -0.06+0.01j -0.04-0.05j  0.02-0.06j
  0.06-0.02j  0.05+0.04j -0.01+0.06j -0.06+0.02j -0.05-0.04j  0.  -0.06j
  0.06-0.03j  0.05+0.03j  0.  +0.06j -0.05+0.04j -0.06-0.02j -0.01-0.06j
  0.05-0.04j  0.06+0.02j  0.02+0.06j -0.04+0.05j -0.06-0.01j -0.03-0.06j
  0.03-0.05j  0.06+0.j    0.03+0.05j -0.03+0.06j -0.06+0.01j -0.04-0.05j
  0.02-0.06j  0.06-0.01j  0.04+0.04j -0.01+0.06j -0.06+0.02j -0.05-0.04j
  0.01-0.06j  0.06-0.03j  0.05+0.03j  0.  +0.06j -0.05+0.03j -0.06-0.03j
 -0.01-0.06j  0.05-0.04j  0.06+0.02j  0.02+0.06j -0.04+0.05j -0.06-0.01j
 -0.02-0.06j  0.04-0.05j  0.06+0.j    0.03+0.05j -0.03+0.06j -0.06+0.j
 -0.04-0.05j  0.02-0.06j  0.06-0.01j  0.04+0.05j -0.02+0.06j -0.06+0.02j
 -0.05-0.04j  0.01-0.06j  0.06-0.03j  0.05+0.03j -0.  +0.06j -0.05+0.03j
 -0.06-0.03j -0.01-0.06j  0.05-0.04j  0.06+0.02j  0.02+0.06j -0.04+0.05j
 -0.06-0.01j -0.02-0.06j  0.04-0.05j  0.06+0.j    0.03+0.06j -0.03+0.05j
 -0.06+0.j   -0.04-0.05j  0.02-0.06j  0.06-0.01j  0.04+0.05j -0.02+0.06j
 -0.06+0.02j -0.05-0.04j  0.01-0.06j  0.06-0.03j  0.05+0.03j -0.  +0.06j
 -0.05+0.03j -0.06-0.03j -0.01-0.06j  0.05-0.04j  0.06+0.02j  0.01+0.06j
 -0.04+0.04j -0.06-0.01j -0.02-0.06j  0.04-0.05j  0.06+0.01j  0.03+0.06j
 -0.03+0.05j -0.06+0.j   -0.03-0.05j  0.03-0.06j  0.06-0.01j  0.04+0.05j
 -0.02+0.06j -0.06+0.02j -0.05-0.04j  0.01-0.06j  0.06-0.02j  0.05+0.04j
 -0.  +0.06j -0.05+0.03j -0.06-0.03j -0.  -0.06j  0.05-0.04j  0.06+0.02j
  0.01+0.06j -0.05+0.04j -0.06-0.02j -0.02-0.06j  0.04-0.05j  0.06+0.01j
  0.03+0.06j -0.03+0.05j -0.06+0.j   -0.03-0.05j  0.03-0.06j  0.06-0.01j
  0.04+0.05j -0.02+0.06j -0.06+0.02j -0.05-0.04j  0.01-0.06j  0.06-0.02j
  0.05+0.04j -0.  +0.06j -0.06+0.03j -0.05-0.03j -0.  -0.06j  0.05-0.04j
  0.06+0.02j  0.01+0.06j -0.05+0.04j -0.06-0.02j -0.02-0.06j  0.04-0.05j
  0.06+0.01j  0.03+0.06j -0.03+0.05j -0.06-0.j   -0.03-0.05j  0.03-0.06j
  0.06-0.01j  0.04+0.05j -0.02+0.06j -0.06+0.01j -0.04-0.04j  0.01-0.06j
  0.06-0.02j  0.05+0.04j -0.01+0.06j -0.06+0.03j -0.05-0.03j -0.  -0.06j
  0.05-0.03j  0.06+0.03j  0.01+0.06j -0.05+0.04j -0.06-0.02j -0.02-0.06j
  0.04-0.05j  0.06+0.01j  0.02+0.06j -0.04+0.05j -0.06-0.j   -0.03-0.05j
  0.03-0.06j  0.06-0.j    0.04+0.05j -0.02+0.06j -0.06+0.01j -0.04-0.05j
  0.02-0.06j  0.06-0.02j  0.05+0.04j -0.01+0.06j -0.06+0.03j -0.05-0.03j
  0.  -0.06j  0.05-0.03j  0.06+0.03j  0.01+0.06j -0.05+0.04j -0.06-0.02j
 -0.02-0.06j  0.04-0.05j  0.06+0.01j  0.02+0.06j -0.04+0.05j -0.06-0.j
 -0.03-0.06j  0.03-0.05j  0.06-0.j    0.04+0.05j -0.02+0.06j -0.06+0.01j
 -0.04-0.05j  0.02-0.06j  0.06-0.02j  0.05+0.04j -0.01+0.06j -0.06+0.03j
 -0.05-0.03j  0.  -0.06j  0.05-0.03j  0.06+0.03j  0.01+0.06j -0.05+0.04j
 -0.06-0.02j -0.01-0.06j  0.04-0.04j  0.06+0.01j  0.02+0.06j -0.04+0.05j
 -0.06-0.01j -0.03-0.06j  0.03-0.05j  0.06-0.j    0.03+0.05j -0.03+0.06j
 -0.06+0.01j -0.04-0.05j  0.02-0.06j  0.06-0.02j  0.05+0.04j -0.01+0.06j
 -0.06+0.02j -0.05-0.04j  0.  -0.06j  0.05-0.03j  0.06+0.03j  0.  +0.06j
 -0.05+0.04j -0.06-0.02j -0.01-0.06j  0.05-0.04j  0.06+0.02j  0.02+0.06j
 -0.04+0.05j -0.06-0.01j -0.03-0.06j  0.03-0.05j]
	Command being timed: "python3 qft.py 8"
	User time (seconds): 0.89
	System time (seconds): 0.54
	Percent of CPU this job got: 90%
	Elapsed (wall clock) time (h:mm:ss or m:ss): 0:01.60
	Average shared text size (kbytes): 0
	Average unshared data size (kbytes): 0
	Average stack size (kbytes): 0
	Average total size (kbytes): 0
	Maximum resident set size (kbytes): 610056
	Average resident set size (kbytes): 0
	Major (requiring I/O) page faults: 0
	Minor (reclaiming a frame) page faults: 42427
	Voluntary context switches: 1841
	Involuntary context switches: 36
	Swaps: 0
	File system inputs: 0
	File system outputs: 24
	Socket messages sent: 0
	Socket messages received: 0
	Signals delivered: 0
	Page size (bytes): 4096
	Exit status: 0
[ 0.06+0.j   -0.03-0.06j -0.03+0.05j  0.06+0.01j -0.02-0.06j -0.04+0.05j
  0.06+0.01j -0.02-0.06j -0.04+0.04j  0.06+0.02j -0.01-0.06j -0.05+0.04j
  0.06+0.02j -0.01-0.06j -0.05+0.03j  0.06+0.03j  0.  -0.06j -0.06+0.03j
  0.05+0.03j  0.01-0.06j -0.06+0.02j  0.05+0.04j  0.01-0.06j -0.06+0.02j
  0.04+0.04j  0.02-0.06j -0.06+0.01j  0.04+0.05j  0.02-0.06j -0.06+0.01j
  0.03+0.05j  0.03-0.06j -0.06+0.j    0.03+0.06j  0.03-0.05j -0.06-0.01j
  0.02+0.06j  0.04-0.05j -0.06-0.01j  0.02+0.06j  0.04-0.04j -0.06-0.02j
  0.01+0.06j  0.05-0.04j -0.06-0.02j  0.01+0.06j  0.05-0.03j -0.06-0.03j
 -0.  +0.06j  0.06-0.03j -0.05-0.03j -0.01+0.06j  0.06-0.02j -0.05-0.04j
 -0.01+0.06j  0.06-0.02j -0.04-0.04j -0.02+0.06j  0.06-0.01j -0.04-0.05j
 -0.02+0.06j  0.06-0.01j -0.03-0.05j -0.03+0.06j  0.06+0.j   -0.03-0.06j
 -0.03+0.05j  0.06+0.01j -0.02-0.06j -0.04+0.05j  0.06+0.01j -0.02-0.06j
 -0.04+0.04j  0.06+0.02j -0.01-0.06j -0.05+0.04j  0.06+0.02j -0.01-0.06j
 -0.05+0.03j  0.06+0.03j  0.  -0.06j -0.06+0.03j  0.05+0.03j  0.01-0.06j
 -0.06+0.02j  0.05+0.04j  0.01-0.06j -0.06+0.02j  0.04+0.04j  0.02-0.06j
 -0.06+0.01j  0.04+0.05j  0.02-0.06j -0.06+0.01j  0.03+0.05j  0.03-0.06j
 -0.06+0.j    0.03+0.06j  0.03-0.05j -0.06-0.01j  0.02+0.06j  0.04-0.05j
 -0.06-0.01j  0.02+0.06j  0.04-0.04j -0.06-0.02j  0.01+0.06j  0.05-0.04j
 -0.06-0.02j  0.01+0.06j  0.05-0.03j -0.06-0.03j -0.  +0.06j  0.06-0.03j
 -0.05-0.03j -0.01+0.06j  0.06-0.02j -0.05-0.04j -0.01+0.06j  0.06-0.02j
 -0.04-0.04j -0.02+0.06j  0.06-0.01j -0.04-0.05j -0.02+0.06j  0.06-0.01j
 -0.03-0.05j -0.03+0.06j  0.06+0.j   -0.03-0.06j -0.03+0.05j  0.06+0.01j
 -0.02-0.06j -0.04+0.05j  0.06+0.01j -0.02-0.06j -0.04+0.04j  0.06+0.02j
 -0.01-0.06j -0.05+0.04j  0.06+0.02j -0.01-0.06j -0.05+0.03j  0.06+0.03j
  0.  -0.06j -0.06+0.03j  0.05+0.03j  0.01-0.06j -0.06+0.02j  0.05+0.04j
  0.01-0.06j -0.06+0.02j  0.04+0.04j  0.02-0.06j -0.06+0.01j  0.04+0.05j
  0.02-0.06j -0.06+0.01j  0.03+0.05j  0.03-0.06j -0.06+0.j    0.03+0.06j
  0.03-0.05j -0.06-0.01j  0.02+0.06j  0.04-0.05j -0.06-0.01j  0.02+0.06j
  0.04-0.04j -0.06-0.02j  0.01+0.06j  0.05-0.04j -0.06-0.02j  0.01+0.06j
  0.05-0.03j -0.06-0.03j -0.  +0.06j  0.06-0.03j -0.05-0.03j -0.01+0.06j
  0.06-0.02j -0.05-0.04j -0.01+0.06j  0.06-0.02j -0.04-0.04j -0.02+0.06j
  0.06-0.01j -0.04-0.05j -0.02+0.06j  0.06-0.01j -0.03-0.05j -0.03+0.06j
  0.06+0.j   -0.03-0.06j -0.03+0.05j  0.06+0.01j -0.02-0.06j -0.04+0.05j
  0.06+0.01j -0.02-0.06j -0.04+0.04j  0.06+0.02j -0.01-0.06j -0.05+0.04j
  0.06+0.02j -0.01-0.06j -0.05+0.03j  0.06+0.03j  0.  -0.06j -0.06+0.03j
  0.05+0.03j  0.01-0.06j -0.06+0.02j  0.05+0.04j  0.01-0.06j -0.06+0.02j
  0.04+0.04j  0.02-0.06j -0.06+0.01j  0.04+0.05j  0.02-0.06j -0.06+0.01j
  0.03+0.05j  0.03-0.06j -0.06+0.j    0.03+0.06j  0.03-0.05j -0.06-0.01j
  0.02+0.06j  0.04-0.05j -0.06-0.01j  0.02+0.06j  0.04-0.04j -0.06-0.02j
  0.01+0.06j  0.05-0.04j -0.06-0.02j  0.01+0.06j  0.05-0.03j -0.06-0.03j
 -0.  +0.06j  0.06-0.03j -0.05-0.03j -0.01+0.06j  0.06-0.02j -0.05-0.04j
 -0.01+0.06j  0.06-0.02j -0.04-0.04j -0.02+0.06j  0.06-0.01j -0.04-0.05j
 -0.02+0.06j  0.06-0.01j -0.03-0.05j -0.03+0.06j]
	Command being timed: "python3 qft.py 8"
	User time (seconds): 0.87
	System time (seconds): 0.53
	Percent of CPU this job got: 86%
	Elapsed (wall clock) time (h:mm:ss or m:ss): 0:01.63
	Average shared text size (kbytes): 0
	Average unshared data size (kbytes): 0
	Average stack size (kbytes): 0
	Average total size (kbytes): 0
	Maximum resident set size (kbytes): 608160
	Average resident set size (kbytes): 0
	Major (requiring I/O) page faults: 0
	Minor (reclaiming a frame) page faults: 42579
	Voluntary context switches: 1935
	Involuntary context switches: 34
	Swaps: 0
	File system inputs: 0
	File system outputs: 24
	Socket messages sent: 0
	Socket messages received: 0
	Signals delivered: 0
	Page size (bytes): 4096
	Exit status: 0
