WARNING: overwriting environment variables set in the machine
overwriting variable ['LD_LIBRARY_PATH']
[ 0.18+0.j    0.17-0.03j  0.16-0.07j  0.15-0.1j   0.12-0.12j  0.1 -0.15j
  0.07-0.16j  0.03-0.17j  0.  -0.18j -0.03-0.17j -0.07-0.16j -0.1 -0.15j
 -0.12-0.12j -0.15-0.1j  -0.16-0.07j -0.17-0.03j -0.18+0.j   -0.17+0.03j
 -0.16+0.07j -0.15+0.1j  -0.12+0.12j -0.1 +0.15j -0.07+0.16j -0.03+0.17j
 -0.  +0.18j  0.03+0.17j  0.07+0.16j  0.1 +0.15j  0.12+0.12j  0.15+0.1j
  0.16+0.07j  0.17+0.03j]
	Command being timed: "python3 qft.py 5"
	User time (seconds): 0.87
	System time (seconds): 0.59
	Percent of CPU this job got: 85%
	Elapsed (wall clock) time (h:mm:ss or m:ss): 0:01.72
	Average shared text size (kbytes): 0
	Average unshared data size (kbytes): 0
	Average stack size (kbytes): 0
	Average total size (kbytes): 0
	Maximum resident set size (kbytes): 607468
	Average resident set size (kbytes): 0
	Major (requiring I/O) page faults: 0
	Minor (reclaiming a frame) page faults: 41626
	Voluntary context switches: 3106
	Involuntary context switches: 33
	Swaps: 0
	File system inputs: 0
	File system outputs: 16
	Socket messages sent: 0
	Socket messages received: 0
	Signals delivered: 0
	Page size (bytes): 4096
	Exit status: 0
[ 0.18+0.j    0.12+0.12j -0.  +0.18j -0.12+0.12j -0.18+0.j   -0.12-0.12j
  0.  -0.18j  0.12-0.12j  0.18+0.j    0.12+0.12j -0.  +0.18j -0.12+0.12j
 -0.18+0.j   -0.12-0.12j  0.  -0.18j  0.12-0.12j  0.18+0.j    0.12+0.12j
 -0.  +0.18j -0.12+0.12j -0.18+0.j   -0.12-0.12j  0.  -0.18j  0.12-0.12j
  0.18+0.j    0.12+0.12j -0.  +0.18j -0.12+0.12j -0.18+0.j   -0.12-0.12j
  0.  -0.18j  0.12-0.12j]
	Command being timed: "python3 qft.py 5"
	User time (seconds): 0.87
	System time (seconds): 0.47
	Percent of CPU this job got: 89%
	Elapsed (wall clock) time (h:mm:ss or m:ss): 0:01.51
	Average shared text size (kbytes): 0
	Average unshared data size (kbytes): 0
	Average stack size (kbytes): 0
	Average total size (kbytes): 0
	Maximum resident set size (kbytes): 605744
	Average resident set size (kbytes): 0
	Major (requiring I/O) page faults: 0
	Minor (reclaiming a frame) page faults: 41679
	Voluntary context switches: 1804
	Involuntary context switches: 36
	Swaps: 0
	File system inputs: 0
	File system outputs: 16
	Socket messages sent: 0
	Socket messages received: 0
	Signals delivered: 0
	Page size (bytes): 4096
	Exit status: 0
[ 0.18+0.j    0.17+0.03j  0.16+0.07j  0.15+0.1j   0.12+0.12j  0.1 +0.15j
  0.07+0.16j  0.03+0.17j -0.  +0.18j -0.03+0.17j -0.07+0.16j -0.1 +0.15j
 -0.12+0.12j -0.15+0.1j  -0.16+0.07j -0.17+0.03j -0.18+0.j   -0.17-0.03j
 -0.16-0.07j -0.15-0.1j  -0.12-0.12j -0.1 -0.15j -0.07-0.16j -0.03-0.17j
  0.  -0.18j  0.03-0.17j  0.07-0.16j  0.1 -0.15j  0.12-0.12j  0.15-0.1j
  0.16-0.07j  0.17-0.03j]
	Command being timed: "python3 qft.py 5"
	User time (seconds): 0.89
	System time (seconds): 0.48
	Percent of CPU this job got: 89%
	Elapsed (wall clock) time (h:mm:ss or m:ss): 0:01.54
	Average shared text size (kbytes): 0
	Average unshared data size (kbytes): 0
	Average stack size (kbytes): 0
	Average total size (kbytes): 0
	Maximum resident set size (kbytes): 609020
	Average resident set size (kbytes): 0
	Major (requiring I/O) page faults: 0
	Minor (reclaiming a frame) page faults: 41415
	Voluntary context switches: 2652
	Involuntary context switches: 36
	Swaps: 0
	File system inputs: 0
	File system outputs: 16
	Socket messages sent: 0
	Socket messages received: 0
	Signals delivered: 0
	Page size (bytes): 4096
	Exit status: 0
[ 0.18+0.j   -0.  +0.18j -0.18+0.j    0.  -0.18j  0.18+0.j   -0.  +0.18j
 -0.18+0.j    0.  -0.18j  0.18+0.j   -0.  +0.18j -0.18+0.j    0.  -0.18j
  0.18+0.j   -0.  +0.18j -0.18+0.j    0.  -0.18j  0.18+0.j   -0.  +0.18j
 -0.18+0.j    0.  -0.18j  0.18+0.j   -0.  +0.18j -0.18+0.j    0.  -0.18j
  0.18+0.j   -0.  +0.18j -0.18+0.j    0.  -0.18j  0.18+0.j   -0.  +0.18j
 -0.18+0.j    0.  -0.18j]
	Command being timed: "python3 qft.py 5"
	User time (seconds): 0.86
	System time (seconds): 0.47
	Percent of CPU this job got: 87%
	Elapsed (wall clock) time (h:mm:ss or m:ss): 0:01.53
	Average shared text size (kbytes): 0
	Average unshared data size (kbytes): 0
	Average stack size (kbytes): 0
	Average total size (kbytes): 0
	Maximum resident set size (kbytes): 607896
	Average resident set size (kbytes): 0
	Major (requiring I/O) page faults: 0
	Minor (reclaiming a frame) page faults: 41939
	Voluntary context switches: 1716
	Involuntary context switches: 34
	Swaps: 0
	File system inputs: 0
	File system outputs: 16
	Socket messages sent: 0
	Socket messages received: 0
	Signals delivered: 0
	Page size (bytes): 4096
	Exit status: 0
[ 0.18+0.j    0.15-0.1j   0.07-0.16j -0.03-0.17j -0.12-0.12j -0.17-0.03j
 -0.16+0.07j -0.1 +0.15j -0.  +0.18j  0.1 +0.15j  0.16+0.07j  0.17-0.03j
  0.12-0.12j  0.03-0.17j -0.07-0.16j -0.15-0.1j  -0.18+0.j   -0.15+0.1j
 -0.07+0.16j  0.03+0.17j  0.12+0.12j  0.17+0.03j  0.16-0.07j  0.1 -0.15j
  0.  -0.18j -0.1 -0.15j -0.16-0.07j -0.17+0.03j -0.12+0.12j -0.03+0.17j
  0.07+0.16j  0.15+0.1j ]
	Command being timed: "python3 qft.py 5"
	User time (seconds): 0.87
	System time (seconds): 0.47
	Percent of CPU this job got: 91%
	Elapsed (wall clock) time (h:mm:ss or m:ss): 0:01.48
	Average shared text size (kbytes): 0
	Average unshared data size (kbytes): 0
	Average stack size (kbytes): 0
	Average total size (kbytes): 0
	Maximum resident set size (kbytes): 605140
	Average resident set size (kbytes): 0
	Major (requiring I/O) page faults: 0
	Minor (reclaiming a frame) page faults: 41901
	Voluntary context switches: 1694
	Involuntary context switches: 42
	Swaps: 0
	File system inputs: 0
	File system outputs: 16
	Socket messages sent: 0
	Socket messages received: 0
	Signals delivered: 0
	Page size (bytes): 4096
	Exit status: 0
[ 0.18+0.j   -0.12+0.12j  0.  -0.18j  0.12+0.12j -0.18+0.j    0.12-0.12j
 -0.  +0.18j -0.12-0.12j  0.18+0.j   -0.12+0.12j  0.  -0.18j  0.12+0.12j
 -0.18+0.j    0.12-0.12j -0.  +0.18j -0.12-0.12j  0.18+0.j   -0.12+0.12j
  0.  -0.18j  0.12+0.12j -0.18+0.j    0.12-0.12j -0.  +0.18j -0.12-0.12j
  0.18+0.j   -0.12+0.12j  0.  -0.18j  0.12+0.12j -0.18+0.j    0.12-0.12j
 -0.  +0.18j -0.12-0.12j]
	Command being timed: "python3 qft.py 5"
	User time (seconds): 0.87
	System time (seconds): 0.52
	Percent of CPU this job got: 90%
	Elapsed (wall clock) time (h:mm:ss or m:ss): 0:01.53
	Average shared text size (kbytes): 0
	Average unshared data size (kbytes): 0
	Average stack size (kbytes): 0
	Average total size (kbytes): 0
	Maximum resident set size (kbytes): 604788
	Average resident set size (kbytes): 0
	Major (requiring I/O) page faults: 0
	Minor (reclaiming a frame) page faults: 40906
	Voluntary context switches: 1748
	Involuntary context switches: 38
	Swaps: 0
	File system inputs: 0
	File system outputs: 16
	Socket messages sent: 0
	Socket messages received: 0
	Signals delivered: 0
	Page size (bytes): 4096
	Exit status: 0
[ 0.18+0.j   -0.12+0.12j  0.  -0.18j  0.12+0.12j -0.18+0.j    0.12-0.12j
 -0.  +0.18j -0.12-0.12j  0.18+0.j   -0.12+0.12j  0.  -0.18j  0.12+0.12j
 -0.18+0.j    0.12-0.12j -0.  +0.18j -0.12-0.12j  0.18+0.j   -0.12+0.12j
  0.  -0.18j  0.12+0.12j -0.18+0.j    0.12-0.12j -0.  +0.18j -0.12-0.12j
  0.18+0.j   -0.12+0.12j  0.  -0.18j  0.12+0.12j -0.18+0.j    0.12-0.12j
 -0.  +0.18j -0.12-0.12j]
	Command being timed: "python3 qft.py 5"
	User time (seconds): 0.88
	System time (seconds): 0.48
	Percent of CPU this job got: 89%
	Elapsed (wall clock) time (h:mm:ss or m:ss): 0:01.53
	Average shared text size (kbytes): 0
	Average unshared data size (kbytes): 0
	Average stack size (kbytes): 0
	Average total size (kbytes): 0
	Maximum resident set size (kbytes): 607764
	Average resident set size (kbytes): 0
	Major (requiring I/O) page faults: 0
	Minor (reclaiming a frame) page faults: 41727
	Voluntary context switches: 1830
	Involuntary context switches: 38
	Swaps: 0
	File system inputs: 0
	File system outputs: 16
	Socket messages sent: 0
	Socket messages received: 0
	Signals delivered: 0
	Page size (bytes): 4096
	Exit status: 0
[ 0.18+0.j    0.15+0.1j   0.07+0.16j -0.03+0.17j -0.12+0.12j -0.17+0.03j
 -0.16-0.07j -0.1 -0.15j  0.  -0.18j  0.1 -0.15j  0.16-0.07j  0.17+0.03j
  0.12+0.12j  0.03+0.17j -0.07+0.16j -0.15+0.1j  -0.18+0.j   -0.15-0.1j
 -0.07-0.16j  0.03-0.17j  0.12-0.12j  0.17-0.03j  0.16+0.07j  0.1 +0.15j
 -0.  +0.18j -0.1 +0.15j -0.16+0.07j -0.17-0.03j -0.12-0.12j -0.03-0.17j
  0.07-0.16j  0.15-0.1j ]
	Command being timed: "python3 qft.py 5"
	User time (seconds): 0.88
	System time (seconds): 0.43
	Percent of CPU this job got: 92%
	Elapsed (wall clock) time (h:mm:ss or m:ss): 0:01.42
	Average shared text size (kbytes): 0
	Average unshared data size (kbytes): 0
	Average stack size (kbytes): 0
	Average total size (kbytes): 0
	Maximum resident set size (kbytes): 607932
	Average resident set size (kbytes): 0
	Major (requiring I/O) page faults: 0
	Minor (reclaiming a frame) page faults: 41468
	Voluntary context switches: 1662
	Involuntary context switches: 37
	Swaps: 0
	File system inputs: 0
	File system outputs: 24
	Socket messages sent: 0
	Socket messages received: 0
	Signals delivered: 0
	Page size (bytes): 4096
	Exit status: 0
[ 0.18+0.j   -0.17-0.03j  0.16+0.07j -0.15-0.1j   0.12+0.12j -0.1 -0.15j
  0.07+0.16j -0.03-0.17j -0.  +0.18j  0.03-0.17j -0.07+0.16j  0.1 -0.15j
 -0.12+0.12j  0.15-0.1j  -0.16+0.07j  0.17-0.03j -0.18+0.j    0.17+0.03j
 -0.16-0.07j  0.15+0.1j  -0.12-0.12j  0.1 +0.15j -0.07-0.16j  0.03+0.17j
  0.  -0.18j -0.03+0.17j  0.07-0.16j -0.1 +0.15j  0.12-0.12j -0.15+0.1j
  0.16-0.07j -0.17+0.03j]
	Command being timed: "python3 qft.py 5"
	User time (seconds): 0.86
	System time (seconds): 0.45
	Percent of CPU this job got: 92%
	Elapsed (wall clock) time (h:mm:ss or m:ss): 0:01.41
	Average shared text size (kbytes): 0
	Average unshared data size (kbytes): 0
	Average stack size (kbytes): 0
	Average total size (kbytes): 0
	Maximum resident set size (kbytes): 607948
	Average resident set size (kbytes): 0
	Major (requiring I/O) page faults: 0
	Minor (reclaiming a frame) page faults: 41511
	Voluntary context switches: 1667
	Involuntary context switches: 43
	Swaps: 0
	File system inputs: 0
	File system outputs: 16
	Socket messages sent: 0
	Socket messages received: 0
	Signals delivered: 0
	Page size (bytes): 4096
	Exit status: 0
[ 0.18+0.j   -0.  +0.18j -0.18+0.j    0.  -0.18j  0.18+0.j   -0.  +0.18j
 -0.18+0.j    0.  -0.18j  0.18+0.j   -0.  +0.18j -0.18+0.j    0.  -0.18j
  0.18+0.j   -0.  +0.18j -0.18+0.j    0.  -0.18j  0.18+0.j   -0.  +0.18j
 -0.18+0.j    0.  -0.18j  0.18+0.j   -0.  +0.18j -0.18+0.j    0.  -0.18j
  0.18+0.j   -0.  +0.18j -0.18+0.j    0.  -0.18j  0.18+0.j   -0.  +0.18j
 -0.18+0.j    0.  -0.18j]
	Command being timed: "python3 qft.py 5"
	User time (seconds): 0.88
	System time (seconds): 0.43
	Percent of CPU this job got: 90%
	Elapsed (wall clock) time (h:mm:ss or m:ss): 0:01.46
	Average shared text size (kbytes): 0
	Average unshared data size (kbytes): 0
	Average stack size (kbytes): 0
	Average total size (kbytes): 0
	Maximum resident set size (kbytes): 608188
	Average resident set size (kbytes): 0
	Major (requiring I/O) page faults: 0
	Minor (reclaiming a frame) page faults: 41683
	Voluntary context switches: 1670
	Involuntary context switches: 38
	Swaps: 0
	File system inputs: 0
	File system outputs: 16
	Socket messages sent: 0
	Socket messages received: 0
	Signals delivered: 0
	Page size (bytes): 4096
	Exit status: 0
