WARNING: overwriting environment variables set in the machine
overwriting variable ['LD_LIBRARY_PATH']
[ 0.04+0.j    0.02-0.04j -0.02-0.04j -0.04+0.j   -0.02+0.04j  0.03+0.03j
  0.04-0.01j  0.01-0.04j -0.03-0.03j -0.04+0.01j -0.01+0.04j  0.03+0.03j
  0.04-0.02j  0.  -0.04j -0.04-0.02j -0.04+0.02j -0.  +0.04j  0.04+0.02j
  0.04-0.02j -0.  -0.04j -0.04-0.02j -0.03+0.03j  0.01+0.04j  0.04+0.01j
  0.03-0.03j -0.01-0.04j -0.04-0.01j -0.03+0.03j  0.02+0.04j  0.04+0.j
  0.02-0.04j -0.02-0.04j -0.04+0.j   -0.02+0.04j  0.02+0.04j  0.04-0.j
  0.02-0.04j -0.03-0.03j -0.04+0.01j -0.01+0.04j  0.03+0.03j  0.04-0.01j
  0.01-0.04j -0.03-0.03j -0.04+0.02j -0.  +0.04j  0.04+0.02j  0.04-0.02j
  0.  -0.04j -0.04-0.02j -0.04+0.02j  0.  +0.04j  0.04+0.02j  0.03-0.03j
 -0.01-0.04j -0.04-0.01j -0.03+0.03j  0.01+0.04j  0.04+0.01j  0.03-0.03j
 -0.02-0.04j -0.04-0.j   -0.02+0.04j  0.02+0.04j  0.04+0.j    0.02-0.04j
 -0.02-0.04j -0.04+0.j   -0.02+0.04j  0.03+0.03j  0.04-0.01j  0.01-0.04j
 -0.03-0.03j -0.04+0.01j -0.01+0.04j  0.03+0.03j  0.04-0.02j  0.  -0.04j
 -0.04-0.02j -0.04+0.02j -0.  +0.04j  0.04+0.02j  0.04-0.02j -0.  -0.04j
 -0.04-0.02j -0.03+0.03j  0.01+0.04j  0.04+0.01j  0.03-0.03j -0.01-0.04j
 -0.04-0.01j -0.03+0.03j  0.02+0.04j  0.04+0.j    0.02-0.04j -0.02-0.04j
 -0.04+0.j   -0.02+0.04j  0.02+0.04j  0.04-0.j    0.02-0.04j -0.03-0.03j
 -0.04+0.01j -0.01+0.04j  0.03+0.03j  0.04-0.01j  0.01-0.04j -0.03-0.03j
 -0.04+0.02j -0.  +0.04j  0.04+0.02j  0.04-0.02j  0.  -0.04j -0.04-0.02j
 -0.04+0.02j  0.  +0.04j  0.04+0.02j  0.03-0.03j -0.01-0.04j -0.04-0.01j
 -0.03+0.03j  0.01+0.04j  0.04+0.01j  0.03-0.03j -0.02-0.04j -0.04-0.j
 -0.02+0.04j  0.02+0.04j  0.04+0.j    0.02-0.04j -0.02-0.04j -0.04+0.j
 -0.02+0.04j  0.03+0.03j  0.04-0.01j  0.01-0.04j -0.03-0.03j -0.04+0.01j
 -0.01+0.04j  0.03+0.03j  0.04-0.02j  0.  -0.04j -0.04-0.02j -0.04+0.02j
 -0.  +0.04j  0.04+0.02j  0.04-0.02j -0.  -0.04j -0.04-0.02j -0.03+0.03j
  0.01+0.04j  0.04+0.01j  0.03-0.03j -0.01-0.04j -0.04-0.01j -0.03+0.03j
  0.02+0.04j  0.04+0.j    0.02-0.04j -0.02-0.04j -0.04+0.j   -0.02+0.04j
  0.02+0.04j  0.04-0.j    0.02-0.04j -0.03-0.03j -0.04+0.01j -0.01+0.04j
  0.03+0.03j  0.04-0.01j  0.01-0.04j -0.03-0.03j -0.04+0.02j -0.  +0.04j
  0.04+0.02j  0.04-0.02j  0.  -0.04j -0.04-0.02j -0.04+0.02j  0.  +0.04j
  0.04+0.02j  0.03-0.03j -0.01-0.04j -0.04-0.01j -0.03+0.03j  0.01+0.04j
  0.04+0.01j  0.03-0.03j -0.02-0.04j -0.04-0.j   -0.02+0.04j  0.02+0.04j
  0.04+0.j    0.02-0.04j -0.02-0.04j -0.04+0.j   -0.02+0.04j  0.03+0.03j
  0.04-0.01j  0.01-0.04j -0.03-0.03j -0.04+0.01j -0.01+0.04j  0.03+0.03j
  0.04-0.02j  0.  -0.04j -0.04-0.02j -0.04+0.02j -0.  +0.04j  0.04+0.02j
  0.04-0.02j -0.  -0.04j -0.04-0.02j -0.03+0.03j  0.01+0.04j  0.04+0.01j
  0.03-0.03j -0.01-0.04j -0.04-0.01j -0.03+0.03j  0.02+0.04j  0.04+0.j
  0.02-0.04j -0.02-0.04j -0.04+0.j   -0.02+0.04j  0.02+0.04j  0.04-0.j
  0.02-0.04j -0.03-0.03j -0.04+0.01j -0.01+0.04j  0.03+0.03j  0.04-0.01j
  0.01-0.04j -0.03-0.03j -0.04+0.02j -0.  +0.04j  0.04+0.02j  0.04-0.02j
  0.  -0.04j -0.04-0.02j -0.04+0.02j  0.  +0.04j  0.04+0.02j  0.03-0.03j
 -0.01-0.04j -0.04-0.01j -0.03+0.03j  0.01+0.04j  0.04+0.01j  0.03-0.03j
 -0.02-0.04j -0.04-0.j   -0.02+0.04j  0.02+0.04j  0.04+0.j    0.02-0.04j
 -0.02-0.04j -0.04+0.j   -0.02+0.04j  0.03+0.03j  0.04-0.01j  0.01-0.04j
 -0.03-0.03j -0.04+0.01j -0.01+0.04j  0.03+0.03j  0.04-0.02j  0.  -0.04j
 -0.04-0.02j -0.04+0.02j -0.  +0.04j  0.04+0.02j  0.04-0.02j -0.  -0.04j
 -0.04-0.02j -0.03+0.03j  0.01+0.04j  0.04+0.01j  0.03-0.03j -0.01-0.04j
 -0.04-0.01j -0.03+0.03j  0.02+0.04j  0.04+0.j    0.02-0.04j -0.02-0.04j
 -0.04+0.j   -0.02+0.04j  0.02+0.04j  0.04-0.j    0.02-0.04j -0.03-0.03j
 -0.04+0.01j -0.01+0.04j  0.03+0.03j  0.04-0.01j  0.01-0.04j -0.03-0.03j
 -0.04+0.02j -0.  +0.04j  0.04+0.02j  0.04-0.02j  0.  -0.04j -0.04-0.02j
 -0.04+0.02j  0.  +0.04j  0.04+0.02j  0.03-0.03j -0.01-0.04j -0.04-0.01j
 -0.03+0.03j  0.01+0.04j  0.04+0.01j  0.03-0.03j -0.02-0.04j -0.04-0.j
 -0.02+0.04j  0.02+0.04j  0.04+0.j    0.02-0.04j -0.02-0.04j -0.04+0.j
 -0.02+0.04j  0.03+0.03j  0.04-0.01j  0.01-0.04j -0.03-0.03j -0.04+0.01j
 -0.01+0.04j  0.03+0.03j  0.04-0.02j  0.  -0.04j -0.04-0.02j -0.04+0.02j
 -0.  +0.04j  0.04+0.02j  0.04-0.02j -0.  -0.04j -0.04-0.02j -0.03+0.03j
  0.01+0.04j  0.04+0.01j  0.03-0.03j -0.01-0.04j -0.04-0.01j -0.03+0.03j
  0.02+0.04j  0.04+0.j    0.02-0.04j -0.02-0.04j -0.04+0.j   -0.02+0.04j
  0.02+0.04j  0.04-0.j    0.02-0.04j -0.03-0.03j -0.04+0.01j -0.01+0.04j
  0.03+0.03j  0.04-0.01j  0.01-0.04j -0.03-0.03j -0.04+0.02j -0.  +0.04j
  0.04+0.02j  0.04-0.02j  0.  -0.04j -0.04-0.02j -0.04+0.02j  0.  +0.04j
  0.04+0.02j  0.03-0.03j -0.01-0.04j -0.04-0.01j -0.03+0.03j  0.01+0.04j
  0.04+0.01j  0.03-0.03j -0.02-0.04j -0.04-0.j   -0.02+0.04j  0.02+0.04j
  0.04+0.j    0.02-0.04j -0.02-0.04j -0.04+0.j   -0.02+0.04j  0.03+0.03j
  0.04-0.01j  0.01-0.04j -0.03-0.03j -0.04+0.01j -0.01+0.04j  0.03+0.03j
  0.04-0.02j  0.  -0.04j -0.04-0.02j -0.04+0.02j -0.  +0.04j  0.04+0.02j
  0.04-0.02j -0.  -0.04j -0.04-0.02j -0.03+0.03j  0.01+0.04j  0.04+0.01j
  0.03-0.03j -0.01-0.04j -0.04-0.01j -0.03+0.03j  0.02+0.04j  0.04+0.j
  0.02-0.04j -0.02-0.04j -0.04+0.j   -0.02+0.04j  0.02+0.04j  0.04-0.j
  0.02-0.04j -0.03-0.03j -0.04+0.01j -0.01+0.04j  0.03+0.03j  0.04-0.01j
  0.01-0.04j -0.03-0.03j -0.04+0.02j -0.  +0.04j  0.04+0.02j  0.04-0.02j
  0.  -0.04j -0.04-0.02j -0.04+0.02j  0.  +0.04j  0.04+0.02j  0.03-0.03j
 -0.01-0.04j -0.04-0.01j -0.03+0.03j  0.01+0.04j  0.04+0.01j  0.03-0.03j
 -0.02-0.04j -0.04-0.j   -0.02+0.04j  0.02+0.04j  0.04+0.j    0.02-0.04j
 -0.02-0.04j -0.04+0.j   -0.02+0.04j  0.03+0.03j  0.04-0.01j  0.01-0.04j
 -0.03-0.03j -0.04+0.01j -0.01+0.04j  0.03+0.03j  0.04-0.02j  0.  -0.04j
 -0.04-0.02j -0.04+0.02j -0.  +0.04j  0.04+0.02j  0.04-0.02j -0.  -0.04j
 -0.04-0.02j -0.03+0.03j  0.01+0.04j  0.04+0.01j  0.03-0.03j -0.01-0.04j
 -0.04-0.01j -0.03+0.03j  0.02+0.04j  0.04+0.j    0.02-0.04j -0.02-0.04j
 -0.04+0.j   -0.02+0.04j  0.02+0.04j  0.04-0.j    0.02-0.04j -0.03-0.03j
 -0.04+0.01j -0.01+0.04j  0.03+0.03j  0.04-0.01j  0.01-0.04j -0.03-0.03j
 -0.04+0.02j -0.  +0.04j  0.04+0.02j  0.04-0.02j  0.  -0.04j -0.04-0.02j
 -0.04+0.02j  0.  +0.04j  0.04+0.02j  0.03-0.03j -0.01-0.04j -0.04-0.01j
 -0.03+0.03j  0.01+0.04j  0.04+0.01j  0.03-0.03j -0.02-0.04j -0.04-0.j
 -0.02+0.04j  0.02+0.04j]
	Command being timed: "python3 qft.py 9"
	User time (seconds): 0.89
	System time (seconds): 0.54
	Percent of CPU this job got: 84%
	Elapsed (wall clock) time (h:mm:ss or m:ss): 0:01.69
	Average shared text size (kbytes): 0
	Average unshared data size (kbytes): 0
	Average stack size (kbytes): 0
	Average total size (kbytes): 0
	Maximum resident set size (kbytes): 609132
	Average resident set size (kbytes): 0
	Major (requiring I/O) page faults: 0
	Minor (reclaiming a frame) page faults: 42245
	Voluntary context switches: 2552
	Involuntary context switches: 43
	Swaps: 0
	File system inputs: 0
	File system outputs: 24
	Socket messages sent: 0
	Socket messages received: 0
	Signals delivered: 0
	Page size (bytes): 4096
	Exit status: 0
[ 0.04+0.j    0.04-0.01j  0.04-0.01j  0.04-0.02j  0.03-0.03j  0.03-0.03j
  0.02-0.04j  0.02-0.04j  0.01-0.04j  0.  -0.04j -0.01-0.04j -0.01-0.04j
 -0.02-0.04j -0.03-0.03j -0.03-0.03j -0.04-0.02j -0.04-0.02j -0.04-0.01j
 -0.04-0.j   -0.04+0.01j -0.04+0.01j -0.04+0.02j -0.04+0.03j -0.03+0.03j
 -0.02+0.04j -0.02+0.04j -0.01+0.04j -0.  +0.04j  0.  +0.04j  0.01+0.04j
  0.02+0.04j  0.03+0.04j  0.03+0.03j  0.04+0.03j  0.04+0.02j  0.04+0.01j
  0.04+0.j    0.04-0.j    0.04-0.01j  0.04-0.02j  0.04-0.02j  0.03-0.03j
  0.03-0.04j  0.02-0.04j  0.01-0.04j  0.01-0.04j -0.  -0.04j -0.01-0.04j
 -0.02-0.04j -0.02-0.04j -0.03-0.03j -0.03-0.03j -0.04-0.02j -0.04-0.01j
 -0.04-0.01j -0.04+0.j   -0.04+0.01j -0.04+0.02j -0.04+0.02j -0.03+0.03j
 -0.03+0.03j -0.02+0.04j -0.01+0.04j -0.01+0.04j -0.  +0.04j  0.01+0.04j
  0.01+0.04j  0.02+0.04j  0.03+0.03j  0.03+0.03j  0.04+0.02j  0.04+0.02j
  0.04+0.01j  0.04+0.j    0.04-0.01j  0.04-0.01j  0.04-0.02j  0.03-0.03j
  0.03-0.03j  0.02-0.04j  0.02-0.04j  0.01-0.04j  0.  -0.04j -0.01-0.04j
 -0.01-0.04j -0.02-0.04j -0.03-0.04j -0.03-0.03j -0.04-0.02j -0.04-0.02j
 -0.04-0.01j -0.04-0.j   -0.04+0.j   -0.04+0.01j -0.04+0.02j -0.04+0.03j
 -0.03+0.03j -0.03+0.04j -0.02+0.04j -0.01+0.04j -0.  +0.04j  0.  +0.04j
  0.01+0.04j  0.02+0.04j  0.02+0.04j  0.03+0.03j  0.04+0.03j  0.04+0.02j
  0.04+0.01j  0.04+0.01j  0.04-0.j    0.04-0.01j  0.04-0.02j  0.04-0.02j
  0.03-0.03j  0.03-0.03j  0.02-0.04j  0.01-0.04j  0.01-0.04j -0.  -0.04j
 -0.01-0.04j -0.02-0.04j -0.02-0.04j -0.03-0.03j -0.03-0.03j -0.04-0.02j
 -0.04-0.01j -0.04-0.01j -0.04+0.j   -0.04+0.01j -0.04+0.01j -0.04+0.02j
 -0.03+0.03j -0.03+0.03j -0.02+0.04j -0.02+0.04j -0.01+0.04j -0.  +0.04j
  0.01+0.04j  0.01+0.04j  0.02+0.04j  0.03+0.03j  0.03+0.03j  0.04+0.02j
  0.04+0.02j  0.04+0.01j  0.04+0.j    0.04-0.01j  0.04-0.01j  0.04-0.02j
  0.04-0.03j  0.03-0.03j  0.02-0.04j  0.02-0.04j  0.01-0.04j  0.  -0.04j
 -0.  -0.04j -0.01-0.04j -0.02-0.04j -0.03-0.04j -0.03-0.03j -0.04-0.03j
 -0.04-0.02j -0.04-0.01j -0.04-0.j   -0.04+0.j   -0.04+0.01j -0.04+0.02j
 -0.04+0.02j -0.03+0.03j -0.03+0.04j -0.02+0.04j -0.01+0.04j -0.01+0.04j
  0.  +0.04j  0.01+0.04j  0.02+0.04j  0.02+0.04j  0.03+0.03j  0.03+0.03j
  0.04+0.02j  0.04+0.01j  0.04+0.01j  0.04-0.j    0.04-0.01j  0.04-0.02j
  0.04-0.02j  0.03-0.03j  0.03-0.03j  0.02-0.04j  0.01-0.04j  0.01-0.04j
  0.  -0.04j -0.01-0.04j -0.01-0.04j -0.02-0.04j -0.03-0.03j -0.03-0.03j
 -0.04-0.02j -0.04-0.02j -0.04-0.01j -0.04-0.j   -0.04+0.01j -0.04+0.01j
 -0.04+0.02j -0.03+0.03j -0.03+0.03j -0.02+0.04j -0.02+0.04j -0.01+0.04j
 -0.  +0.04j  0.01+0.04j  0.01+0.04j  0.02+0.04j  0.03+0.04j  0.03+0.03j
  0.04+0.02j  0.04+0.02j  0.04+0.01j  0.04+0.j    0.04-0.j    0.04-0.01j
  0.04-0.02j  0.04-0.03j  0.03-0.03j  0.03-0.04j  0.02-0.04j  0.01-0.04j
  0.  -0.04j -0.  -0.04j -0.01-0.04j -0.02-0.04j -0.02-0.04j -0.03-0.03j
 -0.04-0.03j -0.04-0.02j -0.04-0.01j -0.04-0.01j -0.04+0.j   -0.04+0.01j
 -0.04+0.02j -0.04+0.02j -0.03+0.03j -0.03+0.03j -0.02+0.04j -0.01+0.04j
 -0.01+0.04j  0.  +0.04j  0.01+0.04j  0.02+0.04j  0.02+0.04j  0.03+0.03j
  0.03+0.03j  0.04+0.02j  0.04+0.01j  0.04+0.01j  0.04+0.j    0.04-0.01j
  0.04-0.01j  0.04-0.02j  0.03-0.03j  0.03-0.03j  0.02-0.04j  0.02-0.04j
  0.01-0.04j  0.  -0.04j -0.01-0.04j -0.01-0.04j -0.02-0.04j -0.03-0.03j
 -0.03-0.03j -0.04-0.02j -0.04-0.02j -0.04-0.01j -0.04-0.j   -0.04+0.01j
 -0.04+0.01j -0.04+0.02j -0.04+0.03j -0.03+0.03j -0.02+0.04j -0.02+0.04j
 -0.01+0.04j -0.  +0.04j  0.  +0.04j  0.01+0.04j  0.02+0.04j  0.03+0.04j
  0.03+0.03j  0.04+0.03j  0.04+0.02j  0.04+0.01j  0.04+0.j    0.04-0.j
  0.04-0.01j  0.04-0.02j  0.04-0.02j  0.03-0.03j  0.03-0.04j  0.02-0.04j
  0.01-0.04j  0.01-0.04j -0.  -0.04j -0.01-0.04j -0.02-0.04j -0.02-0.04j
 -0.03-0.03j -0.03-0.03j -0.04-0.02j -0.04-0.01j -0.04-0.01j -0.04+0.j
 -0.04+0.01j -0.04+0.02j -0.04+0.02j -0.03+0.03j -0.03+0.03j -0.02+0.04j
 -0.01+0.04j -0.01+0.04j -0.  +0.04j  0.01+0.04j  0.01+0.04j  0.02+0.04j
  0.03+0.03j  0.03+0.03j  0.04+0.02j  0.04+0.02j  0.04+0.01j  0.04+0.j
  0.04-0.01j  0.04-0.01j  0.04-0.02j  0.03-0.03j  0.03-0.03j  0.02-0.04j
  0.02-0.04j  0.01-0.04j  0.  -0.04j -0.01-0.04j -0.01-0.04j -0.02-0.04j
 -0.03-0.04j -0.03-0.03j -0.04-0.02j -0.04-0.02j -0.04-0.01j -0.04-0.j
 -0.04+0.j   -0.04+0.01j -0.04+0.02j -0.04+0.03j -0.03+0.03j -0.03+0.04j
 -0.02+0.04j -0.01+0.04j -0.  +0.04j  0.  +0.04j  0.01+0.04j  0.02+0.04j
  0.02+0.04j  0.03+0.03j  0.04+0.03j  0.04+0.02j  0.04+0.01j  0.04+0.01j
  0.04-0.j    0.04-0.01j  0.04-0.02j  0.04-0.02j  0.03-0.03j  0.03-0.03j
  0.02-0.04j  0.01-0.04j  0.01-0.04j -0.  -0.04j -0.01-0.04j -0.02-0.04j
 -0.02-0.04j -0.03-0.03j -0.03-0.03j -0.04-0.02j -0.04-0.01j -0.04-0.01j
 -0.04+0.j   -0.04+0.01j -0.04+0.01j -0.04+0.02j -0.03+0.03j -0.03+0.03j
 -0.02+0.04j -0.02+0.04j -0.01+0.04j -0.  +0.04j  0.01+0.04j  0.01+0.04j
  0.02+0.04j  0.03+0.03j  0.03+0.03j  0.04+0.02j  0.04+0.02j  0.04+0.01j
  0.04+0.j    0.04-0.01j  0.04-0.01j  0.04-0.02j  0.04-0.03j  0.03-0.03j
  0.02-0.04j  0.02-0.04j  0.01-0.04j  0.  -0.04j -0.  -0.04j -0.01-0.04j
 -0.02-0.04j -0.03-0.04j -0.03-0.03j -0.04-0.03j -0.04-0.02j -0.04-0.01j
 -0.04-0.j   -0.04+0.j   -0.04+0.01j -0.04+0.02j -0.04+0.02j -0.03+0.03j
 -0.03+0.04j -0.02+0.04j -0.01+0.04j -0.01+0.04j  0.  +0.04j  0.01+0.04j
  0.02+0.04j  0.02+0.04j  0.03+0.03j  0.03+0.03j  0.04+0.02j  0.04+0.01j
  0.04+0.01j  0.04-0.j    0.04-0.01j  0.04-0.02j  0.04-0.02j  0.03-0.03j
  0.03-0.03j  0.02-0.04j  0.01-0.04j  0.01-0.04j  0.  -0.04j -0.01-0.04j
 -0.01-0.04j -0.02-0.04j -0.03-0.03j -0.03-0.03j -0.04-0.02j -0.04-0.02j
 -0.04-0.01j -0.04-0.j   -0.04+0.01j -0.04+0.01j -0.04+0.02j -0.03+0.03j
 -0.03+0.03j -0.02+0.04j -0.02+0.04j -0.01+0.04j -0.  +0.04j  0.01+0.04j
  0.01+0.04j  0.02+0.04j  0.03+0.04j  0.03+0.03j  0.04+0.02j  0.04+0.02j
  0.04+0.01j  0.04+0.j    0.04-0.j    0.04-0.01j  0.04-0.02j  0.04-0.03j
  0.03-0.03j  0.03-0.04j  0.02-0.04j  0.01-0.04j  0.  -0.04j -0.  -0.04j
 -0.01-0.04j -0.02-0.04j -0.02-0.04j -0.03-0.03j -0.04-0.03j -0.04-0.02j
 -0.04-0.01j -0.04-0.01j -0.04+0.j   -0.04+0.01j -0.04+0.02j -0.04+0.02j
 -0.03+0.03j -0.03+0.03j -0.02+0.04j -0.01+0.04j -0.01+0.04j  0.  +0.04j
  0.01+0.04j  0.02+0.04j  0.02+0.04j  0.03+0.03j  0.03+0.03j  0.04+0.02j
  0.04+0.01j  0.04+0.01j]
	Command being timed: "python3 qft.py 9"
	User time (seconds): 0.91
	System time (seconds): 0.47
	Percent of CPU this job got: 91%
	Elapsed (wall clock) time (h:mm:ss or m:ss): 0:01.51
	Average shared text size (kbytes): 0
	Average unshared data size (kbytes): 0
	Average stack size (kbytes): 0
	Average total size (kbytes): 0
	Maximum resident set size (kbytes): 609312
	Average resident set size (kbytes): 0
	Major (requiring I/O) page faults: 0
	Minor (reclaiming a frame) page faults: 42382
	Voluntary context switches: 1752
	Involuntary context switches: 40
	Swaps: 0
	File system inputs: 0
	File system outputs: 32
	Socket messages sent: 0
	Socket messages received: 0
	Signals delivered: 0
	Page size (bytes): 4096
	Exit status: 0
[ 0.04+0.j   -0.04-0.02j  0.02+0.04j  0.01-0.04j -0.03+0.03j  0.04-0.01j
 -0.04-0.01j  0.03+0.03j -0.  -0.04j -0.02+0.04j  0.04-0.02j -0.04-0.j
  0.04+0.03j -0.02-0.04j -0.01+0.04j  0.03-0.03j -0.04+0.01j  0.04+0.02j
 -0.03-0.04j  0.  +0.04j  0.02-0.04j -0.04+0.02j  0.04+0.01j -0.03-0.03j
  0.01+0.04j  0.01-0.04j -0.03+0.03j  0.04-0.01j -0.04-0.02j  0.02+0.04j
  0.  -0.04j -0.03+0.04j  0.04-0.02j -0.04-0.01j  0.03+0.03j -0.01-0.04j
 -0.01+0.04j  0.04-0.03j -0.04+0.j    0.04+0.02j -0.02-0.04j -0.  +0.04j
  0.03-0.03j -0.04+0.01j  0.04+0.01j -0.03-0.03j  0.01+0.04j  0.02-0.04j
 -0.04+0.02j  0.04-0.j   -0.04-0.02j  0.02+0.04j  0.01-0.04j -0.03+0.03j
  0.04-0.01j -0.04-0.01j  0.03+0.03j -0.  -0.04j -0.02+0.04j  0.04-0.02j
 -0.04-0.j    0.04+0.03j -0.02-0.04j -0.01+0.04j  0.03-0.03j -0.04+0.01j
  0.04+0.02j -0.03-0.04j  0.  +0.04j  0.02-0.04j -0.04+0.02j  0.04+0.j
 -0.03-0.03j  0.01+0.04j  0.01-0.04j -0.03+0.03j  0.04-0.01j -0.04-0.02j
  0.02+0.04j  0.  -0.04j -0.02+0.04j  0.04-0.02j -0.04-0.01j  0.03+0.03j
 -0.01-0.04j -0.01+0.04j  0.03-0.03j -0.04+0.j    0.04+0.02j -0.02-0.04j
 -0.  +0.04j  0.03-0.04j -0.04+0.01j  0.04+0.01j -0.03-0.03j  0.01+0.04j
  0.02-0.04j -0.04+0.03j  0.04-0.j   -0.04-0.02j  0.02+0.04j  0.01-0.04j
 -0.03+0.03j  0.04-0.01j -0.04-0.01j  0.03+0.03j -0.01-0.04j -0.02+0.04j
  0.04-0.02j -0.04-0.j    0.04+0.03j -0.02-0.04j -0.01+0.04j  0.03-0.03j
 -0.04+0.01j  0.04+0.02j -0.03-0.04j  0.  +0.04j  0.02-0.04j -0.04+0.02j
  0.04+0.j   -0.03-0.03j  0.01+0.04j  0.01-0.04j -0.03+0.03j  0.04-0.01j
 -0.04-0.02j  0.02+0.04j  0.  -0.04j -0.02+0.04j  0.04-0.02j -0.04-0.01j
  0.03+0.03j -0.01-0.04j -0.01+0.04j  0.03-0.03j -0.04+0.j    0.04+0.02j
 -0.02-0.04j -0.  +0.04j  0.03-0.04j -0.04+0.02j  0.04+0.01j -0.03-0.03j
  0.01+0.04j  0.02-0.04j -0.04+0.03j  0.04-0.j   -0.04-0.02j  0.02+0.04j
  0.01-0.04j -0.03+0.03j  0.04-0.01j -0.04-0.01j  0.03+0.03j -0.01-0.04j
 -0.02+0.04j  0.04-0.02j -0.04-0.j    0.04+0.03j -0.02-0.04j -0.01+0.04j
  0.03-0.03j -0.04+0.01j  0.04+0.01j -0.03-0.04j  0.  +0.04j  0.02-0.04j
 -0.04+0.02j  0.04+0.j   -0.03-0.03j  0.01+0.04j  0.01-0.04j -0.03+0.03j
  0.04-0.01j -0.04-0.02j  0.02+0.04j -0.  -0.04j -0.02+0.04j  0.04-0.02j
 -0.04-0.01j  0.03+0.03j -0.01-0.04j -0.01+0.04j  0.03-0.03j -0.04+0.j
  0.04+0.02j -0.02-0.04j -0.  +0.04j  0.03-0.04j -0.04+0.02j  0.04+0.01j
 -0.03-0.03j  0.01+0.04j  0.02-0.04j -0.04+0.03j  0.04-0.j   -0.04-0.02j
  0.02+0.04j  0.  -0.04j -0.03+0.03j  0.04-0.01j -0.04-0.01j  0.03+0.03j
 -0.01-0.04j -0.02+0.04j  0.04-0.02j -0.04-0.j    0.04+0.02j -0.02-0.04j
 -0.01+0.04j  0.03-0.03j -0.04+0.01j  0.04+0.01j -0.03-0.03j  0.  +0.04j
  0.02-0.04j -0.04+0.02j  0.04+0.j   -0.04-0.03j  0.01+0.04j  0.01-0.04j
 -0.03+0.03j  0.04-0.01j -0.04-0.02j  0.03+0.04j -0.  -0.04j -0.02+0.04j
  0.04-0.02j -0.04-0.01j  0.03+0.03j -0.01-0.04j -0.01+0.04j  0.03-0.03j
 -0.04+0.01j  0.04+0.02j -0.02-0.04j -0.  +0.04j  0.03-0.04j -0.04+0.02j
  0.04+0.01j -0.03-0.03j  0.01+0.04j  0.02-0.04j -0.04+0.03j  0.04-0.j
 -0.04-0.02j  0.02+0.04j  0.  -0.04j -0.03+0.03j  0.04-0.01j -0.04-0.01j
  0.03+0.03j -0.01-0.04j -0.02+0.04j  0.04-0.02j -0.04+0.j    0.04+0.02j
 -0.02-0.04j -0.01+0.04j  0.03-0.03j -0.04+0.01j  0.04+0.01j -0.03-0.03j
  0.  +0.04j  0.02-0.04j -0.04+0.02j  0.04+0.j   -0.04-0.03j  0.02+0.04j
  0.01-0.04j -0.03+0.03j  0.04-0.01j -0.04-0.02j  0.03+0.04j -0.  -0.04j
 -0.02+0.04j  0.04-0.02j -0.04-0.01j  0.03+0.03j -0.01-0.04j -0.01+0.04j
  0.03-0.03j -0.04+0.01j  0.04+0.02j -0.02-0.04j -0.  +0.04j  0.03-0.04j
 -0.04+0.02j  0.04+0.01j -0.03-0.03j  0.01+0.04j  0.01-0.04j -0.04+0.03j
  0.04-0.j   -0.04-0.02j  0.02+0.04j  0.  -0.04j -0.03+0.03j  0.04-0.01j
 -0.04-0.01j  0.03+0.03j -0.01-0.04j -0.02+0.04j  0.04-0.02j -0.04+0.j
  0.04+0.02j -0.02-0.04j -0.01+0.04j  0.03-0.03j -0.04+0.01j  0.04+0.01j
 -0.03-0.03j  0.  +0.04j  0.02-0.04j -0.04+0.02j  0.04+0.j   -0.04-0.03j
  0.02+0.04j  0.01-0.04j -0.03+0.03j  0.04-0.01j -0.04-0.02j  0.03+0.04j
 -0.  -0.04j -0.02+0.04j  0.04-0.02j -0.04-0.j    0.03+0.03j -0.01-0.04j
 -0.01+0.04j  0.03-0.03j -0.04+0.01j  0.04+0.02j -0.02-0.04j -0.  +0.04j
  0.02-0.04j -0.04+0.02j  0.04+0.01j -0.03-0.03j  0.01+0.04j  0.01-0.04j
 -0.03+0.03j  0.04-0.j   -0.04-0.02j  0.02+0.04j  0.  -0.04j -0.03+0.04j
  0.04-0.01j -0.04-0.01j  0.03+0.03j -0.01-0.04j -0.02+0.04j  0.04-0.03j
 -0.04+0.j    0.04+0.02j -0.02-0.04j -0.01+0.04j  0.03-0.03j -0.04+0.01j
  0.04+0.01j -0.03-0.03j  0.01+0.04j  0.02-0.04j -0.04+0.02j  0.04+0.j
 -0.04-0.03j  0.02+0.04j  0.01-0.04j -0.03+0.03j  0.04-0.01j -0.04-0.02j
  0.03+0.04j -0.  -0.04j -0.02+0.04j  0.04-0.02j -0.04-0.j    0.03+0.03j
 -0.01-0.04j -0.01+0.04j  0.03-0.03j -0.04+0.01j  0.04+0.02j -0.02-0.04j
 -0.  +0.04j  0.02-0.04j -0.04+0.02j  0.04+0.01j -0.03-0.03j  0.01+0.04j
  0.01-0.04j -0.03+0.03j  0.04-0.j   -0.04-0.02j  0.02+0.04j  0.  -0.04j
 -0.03+0.04j  0.04-0.02j -0.04-0.01j  0.03+0.03j -0.01-0.04j -0.02+0.04j
  0.04-0.03j -0.04+0.j    0.04+0.02j -0.02-0.04j -0.01+0.04j  0.03-0.03j
 -0.04+0.01j  0.04+0.01j -0.03-0.03j  0.01+0.04j  0.02-0.04j -0.04+0.02j
  0.04+0.j   -0.04-0.03j  0.02+0.04j  0.01-0.04j -0.03+0.03j  0.04-0.01j
 -0.04-0.01j  0.03+0.04j -0.  -0.04j -0.02+0.04j  0.04-0.02j -0.04-0.j
  0.03+0.03j -0.01-0.04j -0.01+0.04j  0.03-0.03j -0.04+0.01j  0.04+0.02j
 -0.02-0.04j  0.  +0.04j  0.02-0.04j -0.04+0.02j  0.04+0.01j -0.03-0.03j
  0.01+0.04j  0.01-0.04j -0.03+0.03j  0.04-0.j   -0.04-0.02j  0.02+0.04j
  0.  -0.04j -0.03+0.04j  0.04-0.02j -0.04-0.01j  0.03+0.03j -0.01-0.04j
 -0.02+0.04j  0.04-0.03j -0.04+0.j    0.04+0.02j -0.02-0.04j -0.  +0.04j
  0.03-0.03j -0.04+0.01j  0.04+0.01j -0.03-0.03j  0.01+0.04j  0.02-0.04j
 -0.04+0.02j  0.04+0.j   -0.04-0.02j  0.02+0.04j  0.01-0.04j -0.03+0.03j
  0.04-0.01j -0.04-0.01j  0.03+0.03j -0.  -0.04j -0.02+0.04j  0.04-0.02j
 -0.04-0.j    0.04+0.03j -0.01-0.04j -0.01+0.04j  0.03-0.03j -0.04+0.01j
  0.04+0.02j -0.03-0.04j  0.  +0.04j  0.02-0.04j -0.04+0.02j  0.04+0.01j
 -0.03-0.03j  0.01+0.04j  0.01-0.04j -0.03+0.03j  0.04-0.01j -0.04-0.02j
  0.02+0.04j  0.  -0.04j -0.03+0.04j  0.04-0.02j -0.04-0.01j  0.03+0.03j
 -0.01-0.04j -0.02+0.04j  0.04-0.03j -0.04+0.j    0.04+0.02j -0.02-0.04j
 -0.  +0.04j  0.03-0.03j -0.04+0.01j  0.04+0.01j -0.03-0.03j  0.01+0.04j
  0.02-0.04j -0.04+0.02j]
	Command being timed: "python3 qft.py 9"
	User time (seconds): 0.93
	System time (seconds): 0.44
	Percent of CPU this job got: 91%
	Elapsed (wall clock) time (h:mm:ss or m:ss): 0:01.50
	Average shared text size (kbytes): 0
	Average unshared data size (kbytes): 0
	Average stack size (kbytes): 0
	Average total size (kbytes): 0
	Maximum resident set size (kbytes): 607528
	Average resident set size (kbytes): 0
	Major (requiring I/O) page faults: 0
	Minor (reclaiming a frame) page faults: 42063
	Voluntary context switches: 1719
	Involuntary context switches: 39
	Swaps: 0
	File system inputs: 0
	File system outputs: 24
	Socket messages sent: 0
	Socket messages received: 0
	Signals delivered: 0
	Page size (bytes): 4096
	Exit status: 0
[ 0.04+0.j   -0.04-0.02j  0.03+0.03j -0.02-0.04j  0.01+0.04j  0.01-0.04j
 -0.02+0.04j  0.04-0.03j -0.04+0.01j  0.04+0.j   -0.04-0.02j  0.03+0.03j
 -0.02-0.04j  0.  +0.04j  0.01-0.04j -0.03+0.04j  0.04-0.02j -0.04+0.01j
  0.04+0.01j -0.04-0.02j  0.03+0.03j -0.02-0.04j  0.  +0.04j  0.01-0.04j
 -0.03+0.03j  0.04-0.02j -0.04+0.01j  0.04+0.01j -0.04-0.02j  0.03+0.03j
 -0.01-0.04j -0.  +0.04j  0.02-0.04j -0.03+0.03j  0.04-0.02j -0.04+0.j
  0.04+0.01j -0.04-0.03j  0.03+0.04j -0.01-0.04j -0.  +0.04j  0.02-0.04j
 -0.03+0.03j  0.04-0.02j -0.04+0.j    0.04+0.01j -0.03-0.03j  0.02+0.04j
 -0.01-0.04j -0.01+0.04j  0.02-0.04j -0.03+0.03j  0.04-0.01j -0.04-0.j
  0.04+0.02j -0.03-0.03j  0.02+0.04j -0.01-0.04j -0.01+0.04j  0.02-0.04j
 -0.04+0.03j  0.04-0.01j -0.04-0.j    0.04+0.02j -0.03-0.03j  0.02+0.04j
 -0.  -0.04j -0.01+0.04j  0.03-0.04j -0.04+0.02j  0.04-0.01j -0.04-0.01j
  0.04+0.02j -0.03-0.03j  0.02+0.04j -0.  -0.04j -0.01+0.04j  0.03-0.03j
 -0.04+0.02j  0.04-0.01j -0.04-0.01j  0.04+0.02j -0.03-0.03j  0.01+0.04j
  0.  -0.04j -0.02+0.04j  0.03-0.03j -0.04+0.02j  0.04-0.j   -0.04-0.01j
  0.04+0.03j -0.03-0.04j  0.01+0.04j  0.  -0.04j -0.02+0.04j  0.03-0.03j
 -0.04+0.02j  0.04-0.j   -0.04-0.01j  0.03+0.03j -0.02-0.04j  0.01+0.04j
  0.01-0.04j -0.02+0.04j  0.03-0.03j -0.04+0.01j  0.04+0.j   -0.04-0.02j
  0.03+0.03j -0.02-0.04j  0.01+0.04j  0.01-0.04j -0.02+0.04j  0.04-0.03j
 -0.04+0.01j  0.04+0.j   -0.04-0.02j  0.03+0.03j -0.02-0.04j  0.  +0.04j
  0.01-0.04j -0.03+0.04j  0.04-0.02j -0.04+0.01j  0.04+0.01j -0.04-0.02j
  0.03+0.03j -0.02-0.04j -0.  +0.04j  0.02-0.04j -0.03+0.03j  0.04-0.02j
 -0.04+0.01j  0.04+0.01j -0.04-0.02j  0.03+0.04j -0.01-0.04j -0.  +0.04j
  0.02-0.04j -0.03+0.03j  0.04-0.02j -0.04+0.j    0.04+0.01j -0.04-0.03j
  0.02+0.04j -0.01-0.04j -0.01+0.04j  0.02-0.04j -0.03+0.03j  0.04-0.02j
 -0.04+0.j    0.04+0.01j -0.03-0.03j  0.02+0.04j -0.01-0.04j -0.01+0.04j
  0.02-0.04j -0.03+0.03j  0.04-0.01j -0.04-0.j    0.04+0.02j -0.03-0.03j
  0.02+0.04j -0.  -0.04j -0.01+0.04j  0.03-0.04j -0.04+0.03j  0.04-0.01j
 -0.04-0.j    0.04+0.02j -0.03-0.03j  0.02+0.04j -0.  -0.04j -0.01+0.04j
  0.03-0.03j -0.04+0.02j  0.04-0.01j -0.04-0.01j  0.04+0.02j -0.03-0.03j
  0.01+0.04j  0.  -0.04j -0.02+0.04j  0.03-0.03j -0.04+0.02j  0.04-0.01j
 -0.04-0.01j  0.04+0.02j -0.03-0.04j  0.01+0.04j  0.  -0.04j -0.02+0.04j
  0.03-0.03j -0.04+0.02j  0.04-0.j   -0.04-0.01j  0.04+0.03j -0.02-0.04j
  0.01+0.04j  0.01-0.04j -0.02+0.04j  0.03-0.03j -0.04+0.02j  0.04-0.j
 -0.04-0.01j  0.03+0.03j -0.02-0.04j  0.01+0.04j  0.01-0.04j -0.02+0.04j
  0.03-0.03j -0.04+0.01j  0.04+0.j   -0.04-0.02j  0.03+0.03j -0.02-0.04j
  0.  +0.04j  0.01-0.04j -0.03+0.04j  0.04-0.03j -0.04+0.01j  0.04+0.j
 -0.04-0.02j  0.03+0.03j -0.02-0.04j  0.  +0.04j  0.01-0.04j -0.03+0.03j
  0.04-0.02j -0.04+0.01j  0.04+0.01j -0.04-0.02j  0.03+0.03j -0.01-0.04j
 -0.  +0.04j  0.02-0.04j -0.03+0.03j  0.04-0.02j -0.04+0.01j  0.04+0.01j
 -0.04-0.02j  0.03+0.04j -0.01-0.04j -0.  +0.04j  0.02-0.04j -0.03+0.03j
  0.04-0.02j -0.04+0.j    0.04+0.01j -0.04-0.03j  0.02+0.04j -0.01-0.04j
 -0.01+0.04j  0.02-0.04j -0.03+0.03j  0.04-0.02j -0.04+0.j    0.04+0.02j
 -0.03-0.03j  0.02+0.04j -0.01-0.04j -0.01+0.04j  0.02-0.04j -0.04+0.03j
  0.04-0.01j -0.04-0.j    0.04+0.02j -0.03-0.03j  0.02+0.04j -0.  -0.04j
 -0.01+0.04j  0.03-0.04j -0.04+0.02j  0.04-0.01j -0.04-0.01j  0.04+0.02j
 -0.03-0.03j  0.02+0.04j -0.  -0.04j -0.01+0.04j  0.03-0.03j -0.04+0.02j
  0.04-0.01j -0.04-0.01j  0.04+0.02j -0.03-0.03j  0.01+0.04j  0.  -0.04j
 -0.02+0.04j  0.03-0.03j -0.04+0.02j  0.04-0.j   -0.04-0.01j  0.04+0.03j
 -0.03-0.04j  0.01+0.04j  0.  -0.04j -0.02+0.04j  0.03-0.03j -0.04+0.02j
  0.04-0.j   -0.04-0.01j  0.03+0.03j -0.02-0.04j  0.01+0.04j  0.01-0.04j
 -0.02+0.04j  0.03-0.03j -0.04+0.01j  0.04+0.j   -0.04-0.02j  0.03+0.03j
 -0.02-0.04j  0.01+0.04j  0.01-0.04j -0.02+0.04j  0.04-0.03j -0.04+0.01j
  0.04+0.j   -0.04-0.02j  0.03+0.03j -0.02-0.04j  0.  +0.04j  0.01-0.04j
 -0.03+0.04j  0.04-0.02j -0.04+0.01j  0.04+0.01j -0.04-0.02j  0.03+0.03j
 -0.02-0.04j  0.  +0.04j  0.01-0.04j -0.03+0.03j  0.04-0.02j -0.04+0.01j
  0.04+0.01j -0.04-0.02j  0.03+0.03j -0.01-0.04j -0.  +0.04j  0.02-0.04j
 -0.03+0.03j  0.04-0.02j -0.04+0.j    0.04+0.01j -0.04-0.03j  0.03+0.04j
 -0.01-0.04j -0.  +0.04j  0.02-0.04j -0.03+0.03j  0.04-0.02j -0.04+0.j
  0.04+0.01j -0.03-0.03j  0.02+0.04j -0.01-0.04j -0.01+0.04j  0.02-0.04j
 -0.03+0.03j  0.04-0.01j -0.04-0.j    0.04+0.02j -0.03-0.03j  0.02+0.04j
 -0.01-0.04j -0.01+0.04j  0.02-0.04j -0.04+0.03j  0.04-0.01j -0.04-0.j
  0.04+0.02j -0.03-0.03j  0.02+0.04j -0.  -0.04j -0.01+0.04j  0.03-0.04j
 -0.04+0.02j  0.04-0.01j -0.04-0.01j  0.04+0.02j -0.03-0.03j  0.02+0.04j
  0.  -0.04j -0.02+0.04j  0.03-0.03j -0.04+0.02j  0.04-0.01j -0.04-0.01j
  0.04+0.02j -0.03-0.04j  0.01+0.04j  0.  -0.04j -0.02+0.04j  0.03-0.03j
 -0.04+0.02j  0.04-0.j   -0.04-0.01j  0.04+0.03j -0.02-0.04j  0.01+0.04j
  0.01-0.04j -0.02+0.04j  0.03-0.03j -0.04+0.02j  0.04-0.j   -0.04-0.01j
  0.03+0.03j -0.02-0.04j  0.01+0.04j  0.01-0.04j -0.02+0.04j  0.03-0.03j
 -0.04+0.01j  0.04+0.j   -0.04-0.02j  0.03+0.03j -0.02-0.04j  0.  +0.04j
  0.01-0.04j -0.03+0.04j  0.04-0.03j -0.04+0.01j  0.04+0.j   -0.04-0.02j
  0.03+0.03j -0.02-0.04j  0.  +0.04j  0.01-0.04j -0.03+0.03j  0.04-0.02j
 -0.04+0.01j  0.04+0.01j -0.04-0.02j  0.03+0.03j -0.01-0.04j -0.  +0.04j
  0.02-0.04j -0.03+0.03j  0.04-0.02j -0.04+0.01j  0.04+0.01j -0.04-0.02j
  0.03+0.04j -0.01-0.04j -0.  +0.04j  0.02-0.04j -0.03+0.03j  0.04-0.02j
 -0.04+0.j    0.04+0.01j -0.04-0.03j  0.02+0.04j -0.01-0.04j -0.01+0.04j
  0.02-0.04j -0.03+0.03j  0.04-0.02j -0.04+0.j    0.04+0.01j -0.03-0.03j
  0.02+0.04j -0.01-0.04j -0.01+0.04j  0.02-0.04j -0.03+0.03j  0.04-0.01j
 -0.04-0.j    0.04+0.02j -0.03-0.03j  0.02+0.04j -0.  -0.04j -0.01+0.04j
  0.03-0.04j -0.04+0.03j  0.04-0.01j -0.04-0.j    0.04+0.02j -0.03-0.03j
  0.02+0.04j -0.  -0.04j -0.01+0.04j  0.03-0.03j -0.04+0.02j  0.04-0.01j
 -0.04-0.01j  0.04+0.02j -0.03-0.03j  0.01+0.04j  0.  -0.04j -0.02+0.04j
  0.03-0.03j -0.04+0.02j  0.04-0.01j -0.04-0.01j  0.04+0.02j -0.03-0.04j
  0.01+0.04j  0.  -0.04j -0.02+0.04j  0.03-0.03j -0.04+0.02j  0.04-0.j
 -0.04-0.01j  0.04+0.03j -0.02-0.04j  0.01+0.04j  0.01-0.04j -0.02+0.04j
  0.03-0.03j -0.04+0.02j]
	Command being timed: "python3 qft.py 9"
	User time (seconds): 0.89
	System time (seconds): 0.48
	Percent of CPU this job got: 90%
	Elapsed (wall clock) time (h:mm:ss or m:ss): 0:01.52
	Average shared text size (kbytes): 0
	Average unshared data size (kbytes): 0
	Average stack size (kbytes): 0
	Average total size (kbytes): 0
	Maximum resident set size (kbytes): 610624
	Average resident set size (kbytes): 0
	Major (requiring I/O) page faults: 0
	Minor (reclaiming a frame) page faults: 41688
	Voluntary context switches: 1741
	Involuntary context switches: 35
	Swaps: 0
	File system inputs: 0
	File system outputs: 24
	Socket messages sent: 0
	Socket messages received: 0
	Signals delivered: 0
	Page size (bytes): 4096
	Exit status: 0
[ 0.04+0.j    0.  +0.04j -0.04+0.j   -0.01-0.04j  0.04-0.01j  0.01+0.04j
 -0.04+0.01j -0.01-0.04j  0.04-0.02j  0.02+0.04j -0.04+0.02j -0.02-0.04j
  0.04-0.02j  0.03+0.04j -0.03+0.03j -0.03-0.03j  0.03-0.03j  0.03+0.03j
 -0.03+0.03j -0.04-0.03j  0.02-0.04j  0.04+0.02j -0.02+0.04j -0.04-0.02j
  0.02-0.04j  0.04+0.01j -0.01+0.04j -0.04-0.01j  0.01-0.04j  0.04+0.01j
 -0.  +0.04j -0.04-0.j    0.  -0.04j  0.04-0.j    0.  +0.04j -0.04+0.01j
 -0.01-0.04j  0.04-0.01j  0.01+0.04j -0.04+0.01j -0.02-0.04j  0.04-0.02j
  0.02+0.04j -0.04+0.02j -0.02-0.04j  0.04-0.03j  0.03+0.03j -0.03+0.03j
 -0.03-0.03j  0.03-0.03j  0.03+0.03j -0.03+0.04j -0.04-0.02j  0.02-0.04j
  0.04+0.02j -0.02+0.04j -0.04-0.02j  0.01-0.04j  0.04+0.01j -0.01+0.04j
 -0.04-0.01j  0.01-0.04j  0.04+0.j   -0.  +0.04j -0.04+0.j   -0.  -0.04j
  0.04-0.j    0.01+0.04j -0.04+0.01j -0.01-0.04j  0.04-0.01j  0.01+0.04j
 -0.04+0.02j -0.02-0.04j  0.04-0.02j  0.02+0.04j -0.04+0.02j -0.03-0.04j
  0.03-0.03j  0.03+0.03j -0.03+0.03j -0.03-0.03j  0.03-0.03j  0.04+0.03j
 -0.02+0.04j -0.04-0.02j  0.02-0.04j  0.04+0.02j -0.02+0.04j -0.04-0.01j
  0.01-0.04j  0.04+0.01j -0.01+0.04j -0.04-0.01j  0.  -0.04j  0.04+0.j
 -0.  +0.04j -0.04+0.j   -0.  -0.04j  0.04-0.01j  0.01+0.04j -0.04+0.01j
 -0.01-0.04j  0.04-0.01j  0.02+0.04j -0.04+0.02j -0.02-0.04j  0.04-0.02j
  0.02+0.04j -0.04+0.03j -0.03-0.03j  0.03-0.03j  0.03+0.03j -0.03+0.03j
 -0.03-0.03j  0.03-0.04j  0.04+0.02j -0.02+0.04j -0.04-0.02j  0.02-0.04j
  0.04+0.02j -0.01+0.04j -0.04-0.01j  0.01-0.04j  0.04+0.01j -0.01+0.04j
 -0.04-0.j    0.  -0.04j  0.04+0.j    0.  +0.04j -0.04+0.j   -0.01-0.04j
  0.04-0.01j  0.01+0.04j -0.04+0.01j -0.01-0.04j  0.04-0.02j  0.02+0.04j
 -0.04+0.02j -0.02-0.04j  0.04-0.02j  0.03+0.04j -0.03+0.03j -0.03-0.03j
  0.03-0.03j  0.03+0.03j -0.03+0.03j -0.04-0.03j  0.02-0.04j  0.04+0.02j
 -0.02+0.04j -0.04-0.02j  0.02-0.04j  0.04+0.01j -0.01+0.04j -0.04-0.01j
  0.01-0.04j  0.04+0.01j -0.  +0.04j -0.04-0.j    0.  -0.04j  0.04-0.j
  0.  +0.04j -0.04+0.01j -0.01-0.04j  0.04-0.01j  0.01+0.04j -0.04+0.01j
 -0.02-0.04j  0.04-0.02j  0.02+0.04j -0.04+0.02j -0.02-0.04j  0.04-0.03j
  0.03+0.03j -0.03+0.03j -0.03-0.03j  0.03-0.03j  0.03+0.03j -0.03+0.04j
 -0.04-0.02j  0.02-0.04j  0.04+0.02j -0.02+0.04j -0.04-0.02j  0.01-0.04j
  0.04+0.01j -0.01+0.04j -0.04-0.01j  0.01-0.04j  0.04+0.j   -0.  +0.04j
 -0.04+0.j   -0.  -0.04j  0.04-0.j    0.01+0.04j -0.04+0.01j -0.01-0.04j
  0.04-0.01j  0.01+0.04j -0.04+0.02j -0.02-0.04j  0.04-0.02j  0.02+0.04j
 -0.04+0.02j -0.03-0.04j  0.03-0.03j  0.03+0.03j -0.03+0.03j -0.03-0.03j
  0.03-0.03j  0.04+0.03j -0.02+0.04j -0.04-0.02j  0.02-0.04j  0.04+0.02j
 -0.02+0.04j -0.04-0.01j  0.01-0.04j  0.04+0.01j -0.01+0.04j -0.04-0.01j
  0.  -0.04j  0.04+0.j   -0.  +0.04j -0.04+0.j   -0.  -0.04j  0.04-0.01j
  0.01+0.04j -0.04+0.01j -0.01-0.04j  0.04-0.01j  0.02+0.04j -0.04+0.02j
 -0.02-0.04j  0.04-0.02j  0.02+0.04j -0.04+0.03j -0.03-0.03j  0.03-0.03j
  0.03+0.03j -0.03+0.03j -0.03-0.03j  0.03-0.04j  0.04+0.02j -0.02+0.04j
 -0.04-0.02j  0.02-0.04j  0.04+0.02j -0.01+0.04j -0.04-0.01j  0.01-0.04j
  0.04+0.01j -0.01+0.04j -0.04-0.j    0.  -0.04j  0.04+0.j    0.  +0.04j
 -0.04+0.j   -0.01-0.04j  0.04-0.01j  0.01+0.04j -0.04+0.01j -0.01-0.04j
  0.04-0.02j  0.02+0.04j -0.04+0.02j -0.02-0.04j  0.04-0.02j  0.03+0.04j
 -0.03+0.03j -0.03-0.03j  0.03-0.03j  0.03+0.03j -0.03+0.03j -0.04-0.03j
  0.02-0.04j  0.04+0.02j -0.02+0.04j -0.04-0.02j  0.02-0.04j  0.04+0.01j
 -0.01+0.04j -0.04-0.01j  0.01-0.04j  0.04+0.01j -0.  +0.04j -0.04-0.j
  0.  -0.04j  0.04-0.j    0.  +0.04j -0.04+0.01j -0.01-0.04j  0.04-0.01j
  0.01+0.04j -0.04+0.01j -0.02-0.04j  0.04-0.02j  0.02+0.04j -0.04+0.02j
 -0.02-0.04j  0.04-0.03j  0.03+0.03j -0.03+0.03j -0.03-0.03j  0.03-0.03j
  0.03+0.03j -0.03+0.04j -0.04-0.02j  0.02-0.04j  0.04+0.02j -0.02+0.04j
 -0.04-0.02j  0.01-0.04j  0.04+0.01j -0.01+0.04j -0.04-0.01j  0.01-0.04j
  0.04+0.j   -0.  +0.04j -0.04+0.j   -0.  -0.04j  0.04-0.j    0.01+0.04j
 -0.04+0.01j -0.01-0.04j  0.04-0.01j  0.01+0.04j -0.04+0.02j -0.02-0.04j
  0.04-0.02j  0.02+0.04j -0.04+0.02j -0.03-0.04j  0.03-0.03j  0.03+0.03j
 -0.03+0.03j -0.03-0.03j  0.03-0.03j  0.04+0.03j -0.02+0.04j -0.04-0.02j
  0.02-0.04j  0.04+0.02j -0.02+0.04j -0.04-0.01j  0.01-0.04j  0.04+0.01j
 -0.01+0.04j -0.04-0.01j  0.  -0.04j  0.04+0.j   -0.  +0.04j -0.04+0.j
 -0.  -0.04j  0.04-0.01j  0.01+0.04j -0.04+0.01j -0.01-0.04j  0.04-0.01j
  0.02+0.04j -0.04+0.02j -0.02-0.04j  0.04-0.02j  0.02+0.04j -0.04+0.03j
 -0.03-0.03j  0.03-0.03j  0.03+0.03j -0.03+0.03j -0.03-0.03j  0.03-0.04j
  0.04+0.02j -0.02+0.04j -0.04-0.02j  0.02-0.04j  0.04+0.02j -0.01+0.04j
 -0.04-0.01j  0.01-0.04j  0.04+0.01j -0.01+0.04j -0.04-0.j    0.  -0.04j
  0.04+0.j    0.  +0.04j -0.04+0.j   -0.01-0.04j  0.04-0.01j  0.01+0.04j
 -0.04+0.01j -0.01-0.04j  0.04-0.02j  0.02+0.04j -0.04+0.02j -0.02-0.04j
  0.04-0.02j  0.03+0.04j -0.03+0.03j -0.03-0.03j  0.03-0.03j  0.03+0.03j
 -0.03+0.03j -0.04-0.03j  0.02-0.04j  0.04+0.02j -0.02+0.04j -0.04-0.02j
  0.02-0.04j  0.04+0.01j -0.01+0.04j -0.04-0.01j  0.01-0.04j  0.04+0.01j
 -0.  +0.04j -0.04-0.j    0.  -0.04j  0.04-0.j    0.  +0.04j -0.04+0.01j
 -0.01-0.04j  0.04-0.01j  0.01+0.04j -0.04+0.01j -0.02-0.04j  0.04-0.02j
  0.02+0.04j -0.04+0.02j -0.02-0.04j  0.04-0.03j  0.03+0.03j -0.03+0.03j
 -0.03-0.03j  0.03-0.03j  0.03+0.03j -0.03+0.04j -0.04-0.02j  0.02-0.04j
  0.04+0.02j -0.02+0.04j -0.04-0.02j  0.01-0.04j  0.04+0.01j -0.01+0.04j
 -0.04-0.01j  0.01-0.04j  0.04+0.j   -0.  +0.04j -0.04+0.j   -0.  -0.04j
  0.04-0.j    0.01+0.04j -0.04+0.01j -0.01-0.04j  0.04-0.01j  0.01+0.04j
 -0.04+0.02j -0.02-0.04j  0.04-0.02j  0.02+0.04j -0.04+0.02j -0.03-0.04j
  0.03-0.03j  0.03+0.03j -0.03+0.03j -0.03-0.03j  0.03-0.03j  0.04+0.03j
 -0.02+0.04j -0.04-0.02j  0.02-0.04j  0.04+0.02j -0.02+0.04j -0.04-0.01j
  0.01-0.04j  0.04+0.01j -0.01+0.04j -0.04-0.01j  0.  -0.04j  0.04+0.j
 -0.  +0.04j -0.04+0.j   -0.  -0.04j  0.04-0.01j  0.01+0.04j -0.04+0.01j
 -0.01-0.04j  0.04-0.01j  0.02+0.04j -0.04+0.02j -0.02-0.04j  0.04-0.02j
  0.02+0.04j -0.04+0.03j -0.03-0.03j  0.03-0.03j  0.03+0.03j -0.03+0.03j
 -0.03-0.03j  0.03-0.04j  0.04+0.02j -0.02+0.04j -0.04-0.02j  0.02-0.04j
  0.04+0.02j -0.01+0.04j -0.04-0.01j  0.01-0.04j  0.04+0.01j -0.01+0.04j
 -0.04-0.j    0.  -0.04j]
	Command being timed: "python3 qft.py 9"
	User time (seconds): 0.91
	System time (seconds): 0.46
	Percent of CPU this job got: 90%
	Elapsed (wall clock) time (h:mm:ss or m:ss): 0:01.52
	Average shared text size (kbytes): 0
	Average unshared data size (kbytes): 0
	Average stack size (kbytes): 0
	Average total size (kbytes): 0
	Maximum resident set size (kbytes): 614600
	Average resident set size (kbytes): 0
	Major (requiring I/O) page faults: 0
	Minor (reclaiming a frame) page faults: 41809
	Voluntary context switches: 1756
	Involuntary context switches: 39
	Swaps: 0
	File system inputs: 0
	File system outputs: 32
	Socket messages sent: 0
	Socket messages received: 0
	Signals delivered: 0
	Page size (bytes): 4096
	Exit status: 0
[ 0.04+0.j   -0.02-0.04j -0.02+0.04j  0.04-0.01j -0.03-0.03j -0.01+0.04j
  0.04-0.01j -0.03-0.03j -0.01+0.04j  0.04-0.02j -0.04-0.03j -0.  +0.04j
  0.04-0.02j -0.04-0.02j  0.  +0.04j  0.04-0.03j -0.04-0.02j  0.01+0.04j
  0.03-0.03j -0.04-0.01j  0.01+0.04j  0.03-0.03j -0.04-0.01j  0.02+0.04j
  0.02-0.04j -0.04-0.j    0.02+0.04j  0.02-0.04j -0.04+0.j    0.03+0.03j
  0.01-0.04j -0.04+0.01j  0.03+0.03j  0.01-0.04j -0.04+0.01j  0.03+0.03j
  0.  -0.04j -0.04+0.02j  0.04+0.02j -0.  -0.04j -0.04+0.02j  0.04+0.02j
 -0.01-0.04j -0.03+0.03j  0.04+0.01j -0.01-0.04j -0.03+0.03j  0.04+0.01j
 -0.02-0.04j -0.03+0.04j  0.04+0.j   -0.02-0.04j -0.02+0.04j  0.04-0.j
 -0.03-0.04j -0.02+0.04j  0.04-0.01j -0.03-0.03j -0.01+0.04j  0.04-0.01j
 -0.03-0.03j -0.01+0.04j  0.04-0.02j -0.04-0.02j -0.  +0.04j  0.04-0.02j
 -0.04-0.02j  0.01+0.04j  0.03-0.03j -0.04-0.01j  0.01+0.04j  0.03-0.03j
 -0.04-0.01j  0.02+0.04j  0.03-0.04j -0.04-0.j    0.02+0.04j  0.02-0.04j
 -0.04+0.j    0.03+0.04j  0.02-0.04j -0.04+0.01j  0.03+0.03j  0.01-0.04j
 -0.04+0.01j  0.03+0.03j  0.01-0.04j -0.04+0.02j  0.04+0.02j  0.  -0.04j
 -0.04+0.02j  0.04+0.02j -0.  -0.04j -0.03+0.03j  0.04+0.01j -0.01-0.04j
 -0.03+0.03j  0.04+0.01j -0.01-0.04j -0.03+0.03j  0.04+0.j   -0.02-0.04j
 -0.02+0.04j  0.04-0.j   -0.02-0.04j -0.02+0.04j  0.04-0.01j -0.03-0.03j
 -0.01+0.04j  0.04-0.01j -0.03-0.03j -0.01+0.04j  0.04-0.02j -0.04-0.03j
 -0.  +0.04j  0.04-0.02j -0.04-0.02j  0.  +0.04j  0.04-0.03j -0.04-0.02j
  0.01+0.04j  0.03-0.03j -0.04-0.01j  0.01+0.04j  0.03-0.03j -0.04-0.01j
  0.02+0.04j  0.02-0.04j -0.04+0.j    0.02+0.04j  0.02-0.04j -0.04+0.01j
  0.03+0.03j  0.01-0.04j -0.04+0.01j  0.03+0.03j  0.01-0.04j -0.04+0.02j
  0.04+0.03j  0.  -0.04j -0.04+0.02j  0.04+0.02j -0.  -0.04j -0.04+0.03j
  0.04+0.02j -0.01-0.04j -0.03+0.03j  0.04+0.01j -0.01-0.04j -0.03+0.03j
  0.04+0.01j -0.02-0.04j -0.02+0.04j  0.04+0.j   -0.02-0.04j -0.02+0.04j
  0.04-0.j   -0.03-0.03j -0.01+0.04j  0.04-0.01j -0.03-0.03j -0.01+0.04j
  0.04-0.01j -0.03-0.03j -0.  +0.04j  0.04-0.02j -0.04-0.02j  0.  +0.04j
  0.04-0.02j -0.04-0.02j  0.01+0.04j  0.03-0.03j -0.04-0.01j  0.01+0.04j
  0.03-0.03j -0.04-0.01j  0.02+0.04j  0.03-0.04j -0.04-0.j    0.02+0.04j
  0.02-0.04j -0.04+0.j    0.03+0.04j  0.02-0.04j -0.04+0.01j  0.03+0.03j
  0.01-0.04j -0.04+0.01j  0.03+0.03j  0.01-0.04j -0.04+0.02j  0.04+0.02j
  0.  -0.04j -0.04+0.02j  0.04+0.02j -0.01-0.04j -0.03+0.03j  0.04+0.01j
 -0.01-0.04j -0.03+0.03j  0.04+0.01j -0.02-0.04j -0.03+0.04j  0.04+0.j
 -0.02-0.04j -0.02+0.04j  0.04-0.j   -0.03-0.04j -0.02+0.04j  0.04-0.01j
 -0.03-0.03j -0.01+0.04j  0.04-0.01j -0.03-0.03j -0.01+0.04j  0.04-0.02j
 -0.04-0.02j -0.  +0.04j  0.04-0.02j -0.04-0.02j  0.  +0.04j  0.03-0.03j
 -0.04-0.01j  0.01+0.04j  0.03-0.03j -0.04-0.01j  0.01+0.04j  0.03-0.03j
 -0.04-0.j    0.02+0.04j  0.02-0.04j -0.04+0.j    0.02+0.04j  0.02-0.04j
 -0.04+0.01j  0.03+0.03j  0.01-0.04j -0.04+0.01j  0.03+0.03j  0.01-0.04j
 -0.04+0.02j  0.04+0.03j  0.  -0.04j -0.04+0.02j  0.04+0.02j -0.  -0.04j
 -0.04+0.03j  0.04+0.02j -0.01-0.04j -0.03+0.03j  0.04+0.01j -0.01-0.04j
 -0.03+0.03j  0.04+0.01j -0.02-0.04j -0.02+0.04j  0.04+0.j   -0.02-0.04j
 -0.02+0.04j  0.04-0.01j -0.03-0.03j -0.01+0.04j  0.04-0.01j -0.03-0.03j
 -0.01+0.04j  0.04-0.02j -0.04-0.03j -0.  +0.04j  0.04-0.02j -0.04-0.02j
  0.  +0.04j  0.04-0.03j -0.04-0.02j  0.01+0.04j  0.03-0.03j -0.04-0.01j
  0.01+0.04j  0.03-0.03j -0.04-0.01j  0.02+0.04j  0.02-0.04j -0.04-0.j
  0.02+0.04j  0.02-0.04j -0.04+0.j    0.03+0.03j  0.01-0.04j -0.04+0.01j
  0.03+0.03j  0.01-0.04j -0.04+0.01j  0.03+0.03j  0.  -0.04j -0.04+0.02j
  0.04+0.02j -0.  -0.04j -0.04+0.02j  0.04+0.02j -0.01-0.04j -0.03+0.03j
  0.04+0.01j -0.01-0.04j -0.03+0.03j  0.04+0.01j -0.02-0.04j -0.03+0.04j
  0.04+0.j   -0.02-0.04j -0.02+0.04j  0.04-0.j   -0.03-0.04j -0.02+0.04j
  0.04-0.01j -0.03-0.03j -0.01+0.04j  0.04-0.01j -0.03-0.03j -0.01+0.04j
  0.04-0.02j -0.04-0.02j -0.  +0.04j  0.04-0.02j -0.04-0.02j  0.01+0.04j
  0.03-0.03j -0.04-0.01j  0.01+0.04j  0.03-0.03j -0.04-0.01j  0.02+0.04j
  0.03-0.04j -0.04-0.j    0.02+0.04j  0.02-0.04j -0.04+0.j    0.03+0.04j
  0.02-0.04j -0.04+0.01j  0.03+0.03j  0.01-0.04j -0.04+0.01j  0.03+0.03j
  0.01-0.04j -0.04+0.02j  0.04+0.02j  0.  -0.04j -0.04+0.02j  0.04+0.02j
 -0.  -0.04j -0.03+0.03j  0.04+0.01j -0.01-0.04j -0.03+0.03j  0.04+0.01j
 -0.01-0.04j -0.03+0.03j  0.04+0.j   -0.02-0.04j -0.02+0.04j  0.04-0.j
 -0.02-0.04j -0.02+0.04j  0.04-0.01j -0.03-0.03j -0.01+0.04j  0.04-0.01j
 -0.03-0.03j -0.01+0.04j  0.04-0.02j -0.04-0.03j -0.  +0.04j  0.04-0.02j
 -0.04-0.02j  0.  +0.04j  0.04-0.03j -0.04-0.02j  0.01+0.04j  0.03-0.03j
 -0.04-0.01j  0.01+0.04j  0.03-0.03j -0.04-0.01j  0.02+0.04j  0.02-0.04j
 -0.04+0.j    0.02+0.04j  0.02-0.04j -0.04+0.01j  0.03+0.03j  0.01-0.04j
 -0.04+0.01j  0.03+0.03j  0.01-0.04j -0.04+0.02j  0.04+0.03j  0.  -0.04j
 -0.04+0.02j  0.04+0.02j -0.  -0.04j -0.04+0.03j  0.04+0.02j -0.01-0.04j
 -0.03+0.03j  0.04+0.01j -0.01-0.04j -0.03+0.03j  0.04+0.01j -0.02-0.04j
 -0.02+0.04j  0.04+0.j   -0.02-0.04j -0.02+0.04j  0.04-0.j   -0.03-0.03j
 -0.01+0.04j  0.04-0.01j -0.03-0.03j -0.01+0.04j  0.04-0.01j -0.03-0.03j
 -0.  +0.04j  0.04-0.02j -0.04-0.02j  0.  +0.04j  0.04-0.02j -0.04-0.02j
  0.01+0.04j  0.03-0.03j -0.04-0.01j  0.01+0.04j  0.03-0.03j -0.04-0.01j
  0.02+0.04j  0.03-0.04j -0.04-0.j    0.02+0.04j  0.02-0.04j -0.04+0.j
  0.03+0.04j  0.02-0.04j -0.04+0.01j  0.03+0.03j  0.01-0.04j -0.04+0.01j
  0.03+0.03j  0.01-0.04j -0.04+0.02j  0.04+0.02j  0.  -0.04j -0.04+0.02j
  0.04+0.02j -0.01-0.04j -0.03+0.03j  0.04+0.01j -0.01-0.04j -0.03+0.03j
  0.04+0.01j -0.02-0.04j -0.03+0.04j  0.04+0.j   -0.02-0.04j -0.02+0.04j
  0.04-0.j   -0.03-0.04j -0.02+0.04j  0.04-0.01j -0.03-0.03j -0.01+0.04j
  0.04-0.01j -0.03-0.03j -0.01+0.04j  0.04-0.02j -0.04-0.02j -0.  +0.04j
  0.04-0.02j -0.04-0.02j  0.  +0.04j  0.03-0.03j -0.04-0.01j  0.01+0.04j
  0.03-0.03j -0.04-0.01j  0.01+0.04j  0.03-0.03j -0.04-0.j    0.02+0.04j
  0.02-0.04j -0.04+0.j    0.02+0.04j  0.02-0.04j -0.04+0.01j  0.03+0.03j
  0.01-0.04j -0.04+0.01j  0.03+0.03j  0.01-0.04j -0.04+0.02j  0.04+0.03j
  0.  -0.04j -0.04+0.02j  0.04+0.02j -0.  -0.04j -0.04+0.03j  0.04+0.02j
 -0.01-0.04j -0.03+0.03j  0.04+0.01j -0.01-0.04j -0.03+0.03j  0.04+0.01j
 -0.02-0.04j -0.02+0.04j]
	Command being timed: "python3 qft.py 9"
	User time (seconds): 0.90
	System time (seconds): 0.47
	Percent of CPU this job got: 90%
	Elapsed (wall clock) time (h:mm:ss or m:ss): 0:01.52
	Average shared text size (kbytes): 0
	Average unshared data size (kbytes): 0
	Average stack size (kbytes): 0
	Average total size (kbytes): 0
	Maximum resident set size (kbytes): 608444
	Average resident set size (kbytes): 0
	Major (requiring I/O) page faults: 0
	Minor (reclaiming a frame) page faults: 42178
	Voluntary context switches: 1750
	Involuntary context switches: 42
	Swaps: 0
	File system inputs: 0
	File system outputs: 32
	Socket messages sent: 0
	Socket messages received: 0
	Signals delivered: 0
	Page size (bytes): 4096
	Exit status: 0
[ 0.04+0.j   -0.04-0.03j  0.01+0.04j  0.02-0.04j -0.04+0.02j  0.04+0.j
 -0.03-0.03j  0.01+0.04j  0.02-0.04j -0.04+0.02j  0.04+0.01j -0.03-0.03j
  0.  +0.04j  0.03-0.04j -0.04+0.01j  0.04+0.01j -0.02-0.04j -0.  +0.04j
  0.03-0.03j -0.04+0.01j  0.04+0.02j -0.02-0.04j -0.01+0.04j  0.03-0.03j
 -0.04+0.j    0.04+0.02j -0.02-0.04j -0.01+0.04j  0.04-0.03j -0.04-0.j
  0.03+0.03j -0.01-0.04j -0.02+0.04j  0.04-0.02j -0.04-0.01j  0.03+0.03j
 -0.01-0.04j -0.02+0.04j  0.04-0.02j -0.04-0.01j  0.03+0.03j -0.  -0.04j
 -0.03+0.04j  0.04-0.01j -0.04-0.01j  0.02+0.04j  0.  -0.04j -0.03+0.03j
  0.04-0.01j -0.04-0.02j  0.02+0.04j  0.01-0.04j -0.03+0.03j  0.04-0.j
 -0.04-0.02j  0.02+0.04j  0.01-0.04j -0.04+0.03j  0.04+0.j   -0.03-0.03j
  0.01+0.04j  0.02-0.04j -0.04+0.02j  0.04+0.01j -0.03-0.03j  0.01+0.04j
  0.02-0.04j -0.04+0.02j  0.04+0.01j -0.03-0.03j  0.  +0.04j  0.03-0.04j
 -0.04+0.01j  0.04+0.02j -0.02-0.04j -0.  +0.04j  0.03-0.03j -0.04+0.01j
  0.04+0.02j -0.02-0.04j -0.01+0.04j  0.03-0.03j -0.04+0.j    0.04+0.02j
 -0.01-0.04j -0.01+0.04j  0.04-0.03j -0.04-0.j    0.03+0.03j -0.01-0.04j
 -0.02+0.04j  0.04-0.02j -0.04-0.01j  0.03+0.03j -0.01-0.04j -0.02+0.04j
  0.04-0.02j -0.04-0.01j  0.03+0.03j -0.  -0.04j -0.03+0.04j  0.04-0.01j
 -0.04-0.02j  0.02+0.04j  0.  -0.04j -0.03+0.03j  0.04-0.01j -0.04-0.02j
  0.02+0.04j  0.01-0.04j -0.03+0.03j  0.04-0.j   -0.04-0.02j  0.01+0.04j
  0.01-0.04j -0.04+0.03j  0.04+0.j   -0.03-0.03j  0.01+0.04j  0.02-0.04j
 -0.04+0.02j  0.04+0.01j -0.03-0.03j  0.  +0.04j  0.02-0.04j -0.04+0.02j
  0.04+0.01j -0.03-0.04j -0.  +0.04j  0.03-0.04j -0.04+0.01j  0.04+0.02j
 -0.02-0.04j -0.  +0.04j  0.03-0.03j -0.04+0.01j  0.04+0.02j -0.02-0.04j
 -0.01+0.04j  0.03-0.03j -0.04+0.j    0.04+0.03j -0.01-0.04j -0.01+0.04j
  0.04-0.02j -0.04-0.j    0.03+0.03j -0.01-0.04j -0.02+0.04j  0.04-0.02j
 -0.04-0.01j  0.03+0.03j -0.  -0.04j -0.02+0.04j  0.04-0.02j -0.04-0.01j
  0.03+0.04j  0.  -0.04j -0.03+0.03j  0.04-0.01j -0.04-0.02j  0.02+0.04j
  0.01-0.04j -0.03+0.03j  0.04-0.01j -0.04-0.02j  0.02+0.04j  0.01-0.04j
 -0.03+0.03j  0.04-0.j   -0.04-0.03j  0.01+0.04j  0.01-0.04j -0.04+0.02j
  0.04+0.j   -0.03-0.03j  0.01+0.04j  0.02-0.04j -0.04+0.02j  0.04+0.01j
 -0.03-0.03j  0.  +0.04j  0.02-0.04j -0.04+0.02j  0.04+0.01j -0.03-0.04j
 -0.  +0.04j  0.03-0.03j -0.04+0.01j  0.04+0.02j -0.02-0.04j -0.01+0.04j
  0.03-0.03j -0.04+0.01j  0.04+0.02j -0.02-0.04j -0.01+0.04j  0.03-0.03j
 -0.04+0.j    0.04+0.03j -0.01-0.04j -0.02+0.04j  0.04-0.02j -0.04-0.j
  0.03+0.03j -0.01-0.04j -0.02+0.04j  0.04-0.02j -0.04-0.01j  0.03+0.03j
 -0.  -0.04j -0.02+0.04j  0.04-0.01j -0.04-0.01j  0.03+0.04j  0.  -0.04j
 -0.03+0.03j  0.04-0.01j -0.04-0.02j  0.02+0.04j  0.01-0.04j -0.03+0.03j
  0.04-0.01j -0.04-0.02j  0.02+0.04j  0.01-0.04j -0.03+0.03j  0.04-0.j
 -0.04-0.03j  0.01+0.04j  0.02-0.04j -0.04+0.02j  0.04+0.j   -0.03-0.03j
  0.01+0.04j  0.02-0.04j -0.04+0.02j  0.04+0.01j -0.03-0.03j  0.  +0.04j
  0.02-0.04j -0.04+0.01j  0.04+0.01j -0.03-0.04j -0.  +0.04j  0.03-0.03j
 -0.04+0.01j  0.04+0.02j -0.02-0.04j -0.01+0.04j  0.03-0.03j -0.04+0.j
  0.04+0.02j -0.02-0.04j -0.01+0.04j  0.04-0.03j -0.04+0.j    0.04+0.03j
 -0.01-0.04j -0.02+0.04j  0.04-0.02j -0.04-0.j    0.03+0.03j -0.01-0.04j
 -0.02+0.04j  0.04-0.02j -0.04-0.01j  0.03+0.03j -0.  -0.04j -0.03+0.04j
  0.04-0.01j -0.04-0.01j  0.02+0.04j  0.  -0.04j -0.03+0.03j  0.04-0.01j
 -0.04-0.02j  0.02+0.04j  0.01-0.04j -0.03+0.03j  0.04-0.j   -0.04-0.02j
  0.02+0.04j  0.01-0.04j -0.04+0.03j  0.04+0.j   -0.03-0.03j  0.01+0.04j
  0.02-0.04j -0.04+0.02j  0.04+0.01j -0.03-0.03j  0.01+0.04j  0.02-0.04j
 -0.04+0.02j  0.04+0.01j -0.03-0.03j  0.  +0.04j  0.03-0.04j -0.04+0.01j
  0.04+0.01j -0.02-0.04j -0.  +0.04j  0.03-0.03j -0.04+0.01j  0.04+0.02j
 -0.02-0.04j -0.01+0.04j  0.03-0.03j -0.04+0.j    0.04+0.02j -0.02-0.04j
 -0.01+0.04j  0.04-0.03j -0.04-0.j    0.03+0.03j -0.01-0.04j -0.02+0.04j
  0.04-0.02j -0.04-0.01j  0.03+0.03j -0.01-0.04j -0.02+0.04j  0.04-0.02j
 -0.04-0.01j  0.03+0.03j -0.  -0.04j -0.03+0.04j  0.04-0.01j -0.04-0.02j
  0.02+0.04j  0.  -0.04j -0.03+0.03j  0.04-0.01j -0.04-0.02j  0.02+0.04j
  0.01-0.04j -0.03+0.03j  0.04-0.j   -0.04-0.02j  0.01+0.04j  0.01-0.04j
 -0.04+0.03j  0.04+0.j   -0.03-0.03j  0.01+0.04j  0.02-0.04j -0.04+0.02j
  0.04+0.01j -0.03-0.03j  0.01+0.04j  0.02-0.04j -0.04+0.02j  0.04+0.01j
 -0.03-0.03j  0.  +0.04j  0.03-0.04j -0.04+0.01j  0.04+0.02j -0.02-0.04j
 -0.  +0.04j  0.03-0.03j -0.04+0.01j  0.04+0.02j -0.02-0.04j -0.01+0.04j
  0.03-0.03j -0.04+0.j    0.04+0.02j -0.01-0.04j -0.01+0.04j  0.04-0.03j
 -0.04-0.j    0.03+0.03j -0.01-0.04j -0.02+0.04j  0.04-0.02j -0.04-0.01j
  0.03+0.03j -0.  -0.04j -0.02+0.04j  0.04-0.02j -0.04-0.01j  0.03+0.04j
  0.  -0.04j -0.03+0.04j  0.04-0.01j -0.04-0.02j  0.02+0.04j  0.  -0.04j
 -0.03+0.03j  0.04-0.01j -0.04-0.02j  0.02+0.04j  0.01-0.04j -0.03+0.03j
  0.04-0.j   -0.04-0.03j  0.01+0.04j  0.01-0.04j -0.04+0.02j  0.04+0.j
 -0.03-0.03j  0.01+0.04j  0.02-0.04j -0.04+0.02j  0.04+0.01j -0.03-0.03j
  0.  +0.04j  0.02-0.04j -0.04+0.02j  0.04+0.01j -0.03-0.04j -0.  +0.04j
  0.03-0.03j -0.04+0.01j  0.04+0.02j -0.02-0.04j -0.01+0.04j  0.03-0.03j
 -0.04+0.01j  0.04+0.02j -0.02-0.04j -0.01+0.04j  0.03-0.03j -0.04+0.j
  0.04+0.03j -0.01-0.04j -0.01+0.04j  0.04-0.02j -0.04-0.j    0.03+0.03j
 -0.01-0.04j -0.02+0.04j  0.04-0.02j -0.04-0.01j  0.03+0.03j -0.  -0.04j
 -0.02+0.04j  0.04-0.02j -0.04-0.01j  0.03+0.04j  0.  -0.04j -0.03+0.03j
  0.04-0.01j -0.04-0.02j  0.02+0.04j  0.01-0.04j -0.03+0.03j  0.04-0.01j
 -0.04-0.02j  0.02+0.04j  0.01-0.04j -0.03+0.03j  0.04-0.j   -0.04-0.03j
  0.01+0.04j  0.02-0.04j -0.04+0.02j  0.04+0.j   -0.03-0.03j  0.01+0.04j
  0.02-0.04j -0.04+0.02j  0.04+0.01j -0.03-0.03j  0.  +0.04j  0.02-0.04j
 -0.04+0.01j  0.04+0.01j -0.03-0.04j -0.  +0.04j  0.03-0.03j -0.04+0.01j
  0.04+0.02j -0.02-0.04j -0.01+0.04j  0.03-0.03j -0.04+0.01j  0.04+0.02j
 -0.02-0.04j -0.01+0.04j  0.03-0.03j -0.04+0.j    0.04+0.03j -0.01-0.04j
 -0.02+0.04j  0.04-0.02j -0.04-0.j    0.03+0.03j -0.01-0.04j -0.02+0.04j
  0.04-0.02j -0.04-0.01j  0.03+0.03j -0.  -0.04j -0.02+0.04j  0.04-0.01j
 -0.04-0.01j  0.03+0.04j  0.  -0.04j -0.03+0.03j  0.04-0.01j -0.04-0.02j
  0.02+0.04j  0.01-0.04j -0.03+0.03j  0.04-0.j   -0.04-0.02j  0.02+0.04j
  0.01-0.04j -0.04+0.03j]
	Command being timed: "python3 qft.py 9"
	User time (seconds): 0.91
	System time (seconds): 0.46
	Percent of CPU this job got: 91%
	Elapsed (wall clock) time (h:mm:ss or m:ss): 0:01.51
	Average shared text size (kbytes): 0
	Average unshared data size (kbytes): 0
	Average stack size (kbytes): 0
	Average total size (kbytes): 0
	Maximum resident set size (kbytes): 607836
	Average resident set size (kbytes): 0
	Major (requiring I/O) page faults: 0
	Minor (reclaiming a frame) page faults: 42358
	Voluntary context switches: 1770
	Involuntary context switches: 41
	Swaps: 0
	File system inputs: 0
	File system outputs: 24
	Socket messages sent: 0
	Socket messages received: 0
	Signals delivered: 0
	Page size (bytes): 4096
	Exit status: 0
[ 0.04+0.j    0.04+0.j    0.04+0.01j  0.04+0.01j  0.04+0.02j  0.04+0.02j
  0.04+0.02j  0.03+0.03j  0.03+0.03j  0.03+0.03j  0.02+0.04j  0.02+0.04j
  0.02+0.04j  0.01+0.04j  0.01+0.04j  0.  +0.04j -0.  +0.04j -0.  +0.04j
 -0.01+0.04j -0.01+0.04j -0.02+0.04j -0.02+0.04j -0.02+0.04j -0.03+0.03j
 -0.03+0.03j -0.03+0.03j -0.04+0.02j -0.04+0.02j -0.04+0.02j -0.04+0.01j
 -0.04+0.01j -0.04+0.j   -0.04+0.j   -0.04-0.j   -0.04-0.01j -0.04-0.01j
 -0.04-0.02j -0.04-0.02j -0.04-0.02j -0.03-0.03j -0.03-0.03j -0.03-0.03j
 -0.02-0.04j -0.02-0.04j -0.02-0.04j -0.01-0.04j -0.01-0.04j -0.  -0.04j
  0.  -0.04j  0.  -0.04j  0.01-0.04j  0.01-0.04j  0.02-0.04j  0.02-0.04j
  0.02-0.04j  0.03-0.03j  0.03-0.03j  0.03-0.03j  0.04-0.02j  0.04-0.02j
  0.04-0.02j  0.04-0.01j  0.04-0.01j  0.04-0.j    0.04+0.j    0.04+0.j
  0.04+0.01j  0.04+0.01j  0.04+0.02j  0.04+0.02j  0.04+0.02j  0.03+0.03j
  0.03+0.03j  0.03+0.03j  0.02+0.04j  0.02+0.04j  0.02+0.04j  0.01+0.04j
  0.01+0.04j  0.  +0.04j -0.  +0.04j -0.  +0.04j -0.01+0.04j -0.01+0.04j
 -0.02+0.04j -0.02+0.04j -0.02+0.04j -0.03+0.03j -0.03+0.03j -0.03+0.03j
 -0.04+0.02j -0.04+0.02j -0.04+0.02j -0.04+0.01j -0.04+0.01j -0.04+0.j
 -0.04+0.j   -0.04-0.j   -0.04-0.01j -0.04-0.01j -0.04-0.02j -0.04-0.02j
 -0.04-0.02j -0.03-0.03j -0.03-0.03j -0.03-0.03j -0.02-0.04j -0.02-0.04j
 -0.02-0.04j -0.01-0.04j -0.01-0.04j -0.  -0.04j  0.  -0.04j  0.  -0.04j
  0.01-0.04j  0.01-0.04j  0.02-0.04j  0.02-0.04j  0.02-0.04j  0.03-0.03j
  0.03-0.03j  0.03-0.03j  0.04-0.02j  0.04-0.02j  0.04-0.02j  0.04-0.01j
  0.04-0.01j  0.04-0.j    0.04+0.j    0.04+0.j    0.04+0.01j  0.04+0.01j
  0.04+0.02j  0.04+0.02j  0.04+0.02j  0.03+0.03j  0.03+0.03j  0.03+0.03j
  0.02+0.04j  0.02+0.04j  0.02+0.04j  0.01+0.04j  0.01+0.04j  0.  +0.04j
 -0.  +0.04j -0.  +0.04j -0.01+0.04j -0.01+0.04j -0.02+0.04j -0.02+0.04j
 -0.02+0.04j -0.03+0.03j -0.03+0.03j -0.03+0.03j -0.04+0.02j -0.04+0.02j
 -0.04+0.02j -0.04+0.01j -0.04+0.01j -0.04+0.j   -0.04+0.j   -0.04-0.j
 -0.04-0.01j -0.04-0.01j -0.04-0.02j -0.04-0.02j -0.04-0.02j -0.03-0.03j
 -0.03-0.03j -0.03-0.03j -0.02-0.04j -0.02-0.04j -0.02-0.04j -0.01-0.04j
 -0.01-0.04j -0.  -0.04j  0.  -0.04j  0.  -0.04j  0.01-0.04j  0.01-0.04j
  0.02-0.04j  0.02-0.04j  0.02-0.04j  0.03-0.03j  0.03-0.03j  0.03-0.03j
  0.04-0.02j  0.04-0.02j  0.04-0.02j  0.04-0.01j  0.04-0.01j  0.04-0.j
  0.04+0.j    0.04+0.j    0.04+0.01j  0.04+0.01j  0.04+0.02j  0.04+0.02j
  0.04+0.02j  0.03+0.03j  0.03+0.03j  0.03+0.03j  0.02+0.04j  0.02+0.04j
  0.02+0.04j  0.01+0.04j  0.01+0.04j  0.  +0.04j -0.  +0.04j -0.  +0.04j
 -0.01+0.04j -0.01+0.04j -0.02+0.04j -0.02+0.04j -0.02+0.04j -0.03+0.03j
 -0.03+0.03j -0.03+0.03j -0.04+0.02j -0.04+0.02j -0.04+0.02j -0.04+0.01j
 -0.04+0.01j -0.04+0.j   -0.04+0.j   -0.04-0.j   -0.04-0.01j -0.04-0.01j
 -0.04-0.02j -0.04-0.02j -0.04-0.02j -0.03-0.03j -0.03-0.03j -0.03-0.03j
 -0.02-0.04j -0.02-0.04j -0.02-0.04j -0.01-0.04j -0.01-0.04j -0.  -0.04j
  0.  -0.04j  0.  -0.04j  0.01-0.04j  0.01-0.04j  0.02-0.04j  0.02-0.04j
  0.02-0.04j  0.03-0.03j  0.03-0.03j  0.03-0.03j  0.04-0.02j  0.04-0.02j
  0.04-0.02j  0.04-0.01j  0.04-0.01j  0.04-0.j    0.04+0.j    0.04+0.j
  0.04+0.01j  0.04+0.01j  0.04+0.02j  0.04+0.02j  0.04+0.02j  0.03+0.03j
  0.03+0.03j  0.03+0.03j  0.02+0.04j  0.02+0.04j  0.02+0.04j  0.01+0.04j
  0.01+0.04j  0.  +0.04j -0.  +0.04j -0.  +0.04j -0.01+0.04j -0.01+0.04j
 -0.02+0.04j -0.02+0.04j -0.02+0.04j -0.03+0.03j -0.03+0.03j -0.03+0.03j
 -0.04+0.02j -0.04+0.02j -0.04+0.02j -0.04+0.01j -0.04+0.01j -0.04+0.j
 -0.04+0.j   -0.04-0.j   -0.04-0.01j -0.04-0.01j -0.04-0.02j -0.04-0.02j
 -0.04-0.02j -0.03-0.03j -0.03-0.03j -0.03-0.03j -0.02-0.04j -0.02-0.04j
 -0.02-0.04j -0.01-0.04j -0.01-0.04j -0.  -0.04j  0.  -0.04j  0.  -0.04j
  0.01-0.04j  0.01-0.04j  0.02-0.04j  0.02-0.04j  0.02-0.04j  0.03-0.03j
  0.03-0.03j  0.03-0.03j  0.04-0.02j  0.04-0.02j  0.04-0.02j  0.04-0.01j
  0.04-0.01j  0.04-0.j    0.04+0.j    0.04+0.j    0.04+0.01j  0.04+0.01j
  0.04+0.02j  0.04+0.02j  0.04+0.02j  0.03+0.03j  0.03+0.03j  0.03+0.03j
  0.02+0.04j  0.02+0.04j  0.02+0.04j  0.01+0.04j  0.01+0.04j  0.  +0.04j
 -0.  +0.04j -0.  +0.04j -0.01+0.04j -0.01+0.04j -0.02+0.04j -0.02+0.04j
 -0.02+0.04j -0.03+0.03j -0.03+0.03j -0.03+0.03j -0.04+0.02j -0.04+0.02j
 -0.04+0.02j -0.04+0.01j -0.04+0.01j -0.04+0.j   -0.04+0.j   -0.04-0.j
 -0.04-0.01j -0.04-0.01j -0.04-0.02j -0.04-0.02j -0.04-0.02j -0.03-0.03j
 -0.03-0.03j -0.03-0.03j -0.02-0.04j -0.02-0.04j -0.02-0.04j -0.01-0.04j
 -0.01-0.04j -0.  -0.04j  0.  -0.04j  0.  -0.04j  0.01-0.04j  0.01-0.04j
  0.02-0.04j  0.02-0.04j  0.02-0.04j  0.03-0.03j  0.03-0.03j  0.03-0.03j
  0.04-0.02j  0.04-0.02j  0.04-0.02j  0.04-0.01j  0.04-0.01j  0.04-0.j
  0.04+0.j    0.04+0.j    0.04+0.01j  0.04+0.01j  0.04+0.02j  0.04+0.02j
  0.04+0.02j  0.03+0.03j  0.03+0.03j  0.03+0.03j  0.02+0.04j  0.02+0.04j
  0.02+0.04j  0.01+0.04j  0.01+0.04j  0.  +0.04j -0.  +0.04j -0.  +0.04j
 -0.01+0.04j -0.01+0.04j -0.02+0.04j -0.02+0.04j -0.02+0.04j -0.03+0.03j
 -0.03+0.03j -0.03+0.03j -0.04+0.02j -0.04+0.02j -0.04+0.02j -0.04+0.01j
 -0.04+0.01j -0.04+0.j   -0.04+0.j   -0.04-0.j   -0.04-0.01j -0.04-0.01j
 -0.04-0.02j -0.04-0.02j -0.04-0.02j -0.03-0.03j -0.03-0.03j -0.03-0.03j
 -0.02-0.04j -0.02-0.04j -0.02-0.04j -0.01-0.04j -0.01-0.04j -0.  -0.04j
  0.  -0.04j  0.  -0.04j  0.01-0.04j  0.01-0.04j  0.02-0.04j  0.02-0.04j
  0.02-0.04j  0.03-0.03j  0.03-0.03j  0.03-0.03j  0.04-0.02j  0.04-0.02j
  0.04-0.02j  0.04-0.01j  0.04-0.01j  0.04-0.j    0.04+0.j    0.04+0.j
  0.04+0.01j  0.04+0.01j  0.04+0.02j  0.04+0.02j  0.04+0.02j  0.03+0.03j
  0.03+0.03j  0.03+0.03j  0.02+0.04j  0.02+0.04j  0.02+0.04j  0.01+0.04j
  0.01+0.04j  0.  +0.04j -0.  +0.04j -0.  +0.04j -0.01+0.04j -0.01+0.04j
 -0.02+0.04j -0.02+0.04j -0.02+0.04j -0.03+0.03j -0.03+0.03j -0.03+0.03j
 -0.04+0.02j -0.04+0.02j -0.04+0.02j -0.04+0.01j -0.04+0.01j -0.04+0.j
 -0.04+0.j   -0.04-0.j   -0.04-0.01j -0.04-0.01j -0.04-0.02j -0.04-0.02j
 -0.04-0.02j -0.03-0.03j -0.03-0.03j -0.03-0.03j -0.02-0.04j -0.02-0.04j
 -0.02-0.04j -0.01-0.04j -0.01-0.04j -0.  -0.04j  0.  -0.04j  0.  -0.04j
  0.01-0.04j  0.01-0.04j  0.02-0.04j  0.02-0.04j  0.02-0.04j  0.03-0.03j
  0.03-0.03j  0.03-0.03j  0.04-0.02j  0.04-0.02j  0.04-0.02j  0.04-0.01j
  0.04-0.01j  0.04-0.j  ]
	Command being timed: "python3 qft.py 9"
	User time (seconds): 0.91
	System time (seconds): 0.47
	Percent of CPU this job got: 92%
	Elapsed (wall clock) time (h:mm:ss or m:ss): 0:01.50
	Average shared text size (kbytes): 0
	Average unshared data size (kbytes): 0
	Average stack size (kbytes): 0
	Average total size (kbytes): 0
	Maximum resident set size (kbytes): 610296
	Average resident set size (kbytes): 0
	Major (requiring I/O) page faults: 0
	Minor (reclaiming a frame) page faults: 42686
	Voluntary context switches: 1762
	Involuntary context switches: 55
	Swaps: 0
	File system inputs: 0
	File system outputs: 32
	Socket messages sent: 0
	Socket messages received: 0
	Signals delivered: 0
	Page size (bytes): 4096
	Exit status: 0
[ 0.04+0.j    0.01-0.04j -0.04-0.02j -0.03+0.03j  0.02+0.04j  0.04-0.01j
  0.01-0.04j -0.04-0.02j -0.03+0.03j  0.03+0.04j  0.04-0.01j -0.  -0.04j
 -0.04-0.01j -0.02+0.04j  0.03+0.03j  0.04-0.02j -0.01-0.04j -0.04-0.j
 -0.02+0.04j  0.04+0.03j  0.04-0.03j -0.02-0.04j -0.04+0.j   -0.01+0.04j
  0.04+0.02j  0.03-0.03j -0.02-0.04j -0.04+0.01j -0.  +0.04j  0.04+0.01j
  0.03-0.04j -0.03-0.03j -0.04+0.02j  0.  +0.04j  0.04+0.01j  0.02-0.04j
 -0.03-0.03j -0.04+0.02j  0.01+0.04j  0.04+0.j    0.01-0.04j -0.04-0.02j
 -0.03+0.03j  0.02+0.04j  0.04-0.01j  0.01-0.04j -0.04-0.02j -0.03+0.03j
  0.02+0.04j  0.04-0.01j -0.  -0.04j -0.04-0.01j -0.02+0.04j  0.03+0.03j
  0.04-0.02j -0.01-0.04j -0.04-0.j   -0.02+0.04j  0.03+0.03j  0.04-0.03j
 -0.01-0.04j -0.04+0.j   -0.01+0.04j  0.04+0.02j  0.03-0.03j -0.02-0.04j
 -0.04+0.01j -0.  +0.04j  0.04+0.01j  0.03-0.04j -0.03-0.03j -0.04+0.02j
  0.  +0.04j  0.04+0.01j  0.02-0.04j -0.03-0.03j -0.04+0.02j  0.01+0.04j
  0.04+0.j    0.01-0.04j -0.04-0.02j -0.03+0.03j  0.02+0.04j  0.04-0.01j
  0.01-0.04j -0.04-0.02j -0.03+0.03j  0.02+0.04j  0.04-0.01j -0.  -0.04j
 -0.04-0.01j -0.02+0.04j  0.03+0.03j  0.04-0.02j -0.01-0.04j -0.04-0.j
 -0.02+0.04j  0.03+0.03j  0.04-0.03j -0.01-0.04j -0.04+0.j   -0.01+0.04j
  0.04+0.02j  0.03-0.03j -0.02-0.04j -0.04+0.01j -0.  +0.04j  0.04+0.02j
  0.03-0.04j -0.03-0.04j -0.04+0.02j  0.  +0.04j  0.04+0.01j  0.02-0.04j
 -0.03-0.03j -0.04+0.02j  0.01+0.04j  0.04+0.j    0.01-0.04j -0.04-0.03j
 -0.03+0.03j  0.02+0.04j  0.04-0.01j  0.01-0.04j -0.04-0.02j -0.03+0.03j
  0.02+0.04j  0.04-0.01j  0.  -0.04j -0.04-0.01j -0.02+0.04j  0.03+0.03j
  0.04-0.02j -0.01-0.04j -0.04-0.01j -0.02+0.04j  0.03+0.03j  0.04-0.03j
 -0.01-0.04j -0.04+0.j   -0.01+0.04j  0.04+0.02j  0.03-0.03j -0.02-0.04j
 -0.04+0.01j -0.  +0.04j  0.04+0.02j  0.03-0.04j -0.03-0.04j -0.04+0.02j
  0.  +0.04j  0.04+0.01j  0.02-0.04j -0.03-0.03j -0.04+0.02j  0.01+0.04j
  0.04+0.j    0.01-0.04j -0.04-0.03j -0.03+0.03j  0.02+0.04j  0.04-0.j
  0.01-0.04j -0.04-0.02j -0.03+0.03j  0.02+0.04j  0.04-0.01j  0.  -0.04j
 -0.04-0.01j -0.02+0.04j  0.03+0.03j  0.04-0.02j -0.01-0.04j -0.04-0.01j
 -0.02+0.04j  0.03+0.03j  0.04-0.02j -0.01-0.04j -0.04+0.j   -0.01+0.04j
  0.04+0.02j  0.03-0.03j -0.02-0.04j -0.04+0.01j -0.  +0.04j  0.04+0.02j
  0.03-0.03j -0.03-0.04j -0.04+0.01j  0.  +0.04j  0.04+0.01j  0.02-0.04j
 -0.03-0.03j -0.04+0.02j  0.01+0.04j  0.04+0.j    0.01-0.04j -0.04-0.03j
 -0.03+0.03j  0.02+0.04j  0.04-0.j    0.01-0.04j -0.04-0.02j -0.03+0.03j
  0.02+0.04j  0.04-0.01j  0.  -0.04j -0.04-0.01j -0.02+0.04j  0.03+0.03j
  0.04-0.02j -0.01-0.04j -0.04-0.01j -0.02+0.04j  0.03+0.03j  0.04-0.02j
 -0.01-0.04j -0.04+0.j   -0.01+0.04j  0.04+0.02j  0.03-0.03j -0.02-0.04j
 -0.04+0.01j -0.  +0.04j  0.04+0.02j  0.03-0.03j -0.03-0.04j -0.04+0.01j
  0.  +0.04j  0.04+0.01j  0.02-0.04j -0.03-0.03j -0.04+0.02j  0.01+0.04j
  0.04+0.j    0.02-0.04j -0.04-0.03j -0.04+0.03j  0.02+0.04j  0.04-0.j
  0.01-0.04j -0.04-0.02j -0.03+0.03j  0.02+0.04j  0.04-0.01j  0.  -0.04j
 -0.04-0.01j -0.03+0.04j  0.03+0.03j  0.04-0.02j -0.01-0.04j -0.04-0.01j
 -0.02+0.04j  0.03+0.03j  0.04-0.02j -0.01-0.04j -0.04+0.j   -0.01+0.04j
  0.04+0.02j  0.03-0.03j -0.02-0.04j -0.04+0.01j -0.01+0.04j  0.04+0.02j
  0.03-0.03j -0.03-0.04j -0.04+0.01j  0.  +0.04j  0.04+0.01j  0.02-0.04j
 -0.03-0.03j -0.04+0.02j  0.01+0.04j  0.04+0.j    0.02-0.04j -0.04-0.03j
 -0.04+0.03j  0.02+0.04j  0.04-0.j    0.01-0.04j -0.04-0.02j -0.03+0.03j
  0.02+0.04j  0.04-0.01j  0.  -0.04j -0.04-0.01j -0.03+0.04j  0.03+0.03j
  0.04-0.02j -0.  -0.04j -0.04-0.01j -0.02+0.04j  0.03+0.03j  0.04-0.02j
 -0.01-0.04j -0.04-0.j   -0.01+0.04j  0.04+0.02j  0.03-0.03j -0.02-0.04j
 -0.04+0.01j -0.01+0.04j  0.04+0.02j  0.03-0.03j -0.02-0.04j -0.04+0.01j
  0.  +0.04j  0.04+0.01j  0.02-0.04j -0.03-0.03j -0.04+0.02j  0.01+0.04j
  0.04+0.j    0.02-0.04j -0.03-0.03j -0.04+0.03j  0.01+0.04j  0.04-0.j
  0.01-0.04j -0.04-0.02j -0.03+0.03j  0.02+0.04j  0.04-0.01j  0.  -0.04j
 -0.04-0.01j -0.03+0.04j  0.03+0.03j  0.04-0.02j -0.  -0.04j -0.04-0.01j
 -0.02+0.04j  0.03+0.03j  0.04-0.02j -0.01-0.04j -0.04-0.j   -0.01+0.04j
  0.04+0.02j  0.03-0.03j -0.02-0.04j -0.04+0.01j -0.01+0.04j  0.04+0.02j
  0.03-0.03j -0.02-0.04j -0.04+0.01j  0.  +0.04j  0.04+0.01j  0.02-0.04j
 -0.03-0.03j -0.04+0.02j  0.01+0.04j  0.04+0.j    0.02-0.04j -0.03-0.03j
 -0.04+0.03j  0.01+0.04j  0.04-0.j    0.01-0.04j -0.04-0.02j -0.03+0.03j
  0.02+0.04j  0.04-0.01j  0.  -0.04j -0.04-0.02j -0.03+0.04j  0.03+0.04j
  0.04-0.02j -0.  -0.04j -0.04-0.01j -0.02+0.04j  0.03+0.03j  0.04-0.02j
 -0.01-0.04j -0.04-0.j   -0.01+0.04j  0.04+0.03j  0.03-0.03j -0.02-0.04j
 -0.04+0.01j -0.01+0.04j  0.04+0.02j  0.03-0.03j -0.02-0.04j -0.04+0.01j
 -0.  +0.04j  0.04+0.01j  0.02-0.04j -0.03-0.03j -0.04+0.02j  0.01+0.04j
  0.04+0.01j  0.02-0.04j -0.03-0.03j -0.04+0.03j  0.01+0.04j  0.04-0.j
  0.01-0.04j -0.04-0.02j -0.03+0.03j  0.02+0.04j  0.04-0.01j  0.  -0.04j
 -0.04-0.02j -0.03+0.04j  0.03+0.04j  0.04-0.02j -0.  -0.04j -0.04-0.01j
 -0.02+0.04j  0.03+0.03j  0.04-0.02j -0.01-0.04j -0.04-0.j   -0.01+0.04j
  0.04+0.03j  0.03-0.03j -0.02-0.04j -0.04+0.j   -0.01+0.04j  0.04+0.02j
  0.03-0.03j -0.02-0.04j -0.04+0.01j -0.  +0.04j  0.04+0.01j  0.02-0.04j
 -0.03-0.03j -0.04+0.02j  0.01+0.04j  0.04+0.01j  0.02-0.04j -0.03-0.03j
 -0.04+0.02j  0.01+0.04j  0.04-0.j    0.01-0.04j -0.04-0.02j -0.03+0.03j
  0.02+0.04j  0.04-0.01j  0.  -0.04j -0.04-0.02j -0.03+0.03j  0.03+0.04j
  0.04-0.01j -0.  -0.04j -0.04-0.01j -0.02+0.04j  0.03+0.03j  0.04-0.02j
 -0.01-0.04j -0.04-0.j   -0.01+0.04j  0.04+0.03j  0.03-0.03j -0.02-0.04j
 -0.04+0.j   -0.01+0.04j  0.04+0.02j  0.03-0.03j -0.02-0.04j -0.04+0.01j
 -0.  +0.04j  0.04+0.01j  0.02-0.04j -0.03-0.03j -0.04+0.02j  0.01+0.04j
  0.04+0.01j  0.02-0.04j -0.03-0.03j -0.04+0.02j  0.01+0.04j  0.04-0.j
  0.01-0.04j -0.04-0.02j -0.03+0.03j  0.02+0.04j  0.04-0.01j  0.  -0.04j
 -0.04-0.02j -0.03+0.03j  0.03+0.04j  0.04-0.01j -0.  -0.04j -0.04-0.01j
 -0.02+0.04j  0.03+0.03j  0.04-0.02j -0.01-0.04j -0.04-0.j   -0.02+0.04j
  0.04+0.03j  0.04-0.03j -0.02-0.04j -0.04+0.j   -0.01+0.04j  0.04+0.02j
  0.03-0.03j -0.02-0.04j -0.04+0.01j -0.  +0.04j  0.04+0.01j  0.03-0.04j
 -0.03-0.03j -0.04+0.02j  0.01+0.04j  0.04+0.01j  0.02-0.04j -0.03-0.03j
 -0.04+0.02j  0.01+0.04j]
	Command being timed: "python3 qft.py 9"
	User time (seconds): 0.90
	System time (seconds): 0.50
	Percent of CPU this job got: 87%
	Elapsed (wall clock) time (h:mm:ss or m:ss): 0:01.61
	Average shared text size (kbytes): 0
	Average unshared data size (kbytes): 0
	Average stack size (kbytes): 0
	Average total size (kbytes): 0
	Maximum resident set size (kbytes): 609708
	Average resident set size (kbytes): 0
	Major (requiring I/O) page faults: 0
	Minor (reclaiming a frame) page faults: 42013
	Voluntary context switches: 1892
	Involuntary context switches: 38
	Swaps: 0
	File system inputs: 0
	File system outputs: 32
	Socket messages sent: 0
	Socket messages received: 0
	Signals delivered: 0
	Page size (bytes): 4096
	Exit status: 0
[ 0.04+0.j   -0.04+0.01j  0.04-0.02j -0.03+0.03j  0.03-0.03j -0.02+0.04j
  0.01-0.04j -0.  +0.04j -0.01-0.04j  0.02+0.04j -0.03-0.04j  0.03+0.03j
 -0.04-0.02j  0.04+0.01j -0.04-0.j    0.04-0.01j -0.04+0.02j  0.04-0.03j
 -0.03+0.03j  0.02-0.04j -0.01+0.04j  0.  -0.04j  0.01+0.04j -0.02-0.04j
  0.02+0.04j -0.03-0.03j  0.04+0.02j -0.04-0.01j  0.04+0.j   -0.04+0.01j
  0.04-0.01j -0.04+0.02j  0.03-0.03j -0.02+0.04j  0.01-0.04j -0.01+0.04j
 -0.  -0.04j  0.01+0.04j -0.02-0.04j  0.03+0.03j -0.04-0.02j  0.04+0.02j
 -0.04-0.01j  0.04-0.j   -0.04+0.01j  0.04-0.02j -0.03+0.03j  0.03-0.04j
 -0.02+0.04j  0.01-0.04j  0.  +0.04j -0.01-0.04j  0.02+0.04j -0.03-0.03j
  0.04+0.03j -0.04-0.02j  0.04+0.01j -0.04+0.j    0.04-0.01j -0.04+0.02j
  0.03-0.03j -0.03+0.03j  0.02-0.04j -0.01+0.04j  0.  -0.04j  0.01+0.04j
 -0.02-0.04j  0.03+0.03j -0.03-0.03j  0.04+0.02j -0.04-0.01j  0.04+0.j
 -0.04+0.01j  0.04-0.02j -0.04+0.03j  0.03-0.03j -0.02+0.04j  0.01-0.04j
 -0.  +0.04j -0.01-0.04j  0.02+0.04j -0.03-0.04j  0.03+0.03j -0.04-0.02j
  0.04+0.01j -0.04-0.j    0.04-0.01j -0.04+0.02j  0.04-0.02j -0.03+0.03j
  0.02-0.04j -0.01+0.04j  0.  -0.04j  0.01+0.04j -0.01-0.04j  0.02+0.04j
 -0.03-0.03j  0.04+0.02j -0.04-0.01j  0.04+0.01j -0.04+0.j    0.04-0.01j
 -0.04+0.02j  0.03-0.03j -0.02+0.04j  0.02-0.04j -0.01+0.04j -0.  -0.04j
  0.01+0.04j -0.02-0.04j  0.03+0.03j -0.04-0.03j  0.04+0.02j -0.04-0.01j
  0.04-0.j   -0.04+0.01j  0.04-0.02j -0.03+0.03j  0.03-0.04j -0.02+0.04j
  0.01-0.04j  0.  +0.04j -0.01-0.04j  0.02+0.04j -0.03-0.03j  0.03+0.03j
 -0.04-0.02j  0.04+0.01j -0.04+0.j    0.04-0.01j -0.04+0.02j  0.03-0.03j
 -0.03+0.03j  0.02-0.04j -0.01+0.04j  0.  -0.04j  0.01+0.04j -0.02-0.04j
  0.03+0.04j -0.03-0.03j  0.04+0.02j -0.04-0.01j  0.04+0.j   -0.04+0.01j
  0.04-0.02j -0.04+0.03j  0.03-0.03j -0.02+0.04j  0.01-0.04j -0.  +0.04j
 -0.01-0.04j  0.02+0.04j -0.02-0.04j  0.03+0.03j -0.04-0.02j  0.04+0.01j
 -0.04-0.j    0.04-0.01j -0.04+0.01j  0.04-0.02j -0.03+0.03j  0.02-0.04j
 -0.01+0.04j  0.01-0.04j  0.  +0.04j -0.01-0.04j  0.02+0.04j -0.03-0.03j
  0.04+0.02j -0.04-0.02j  0.04+0.01j -0.04+0.j    0.04-0.01j -0.04+0.02j
  0.03-0.03j -0.03+0.04j  0.02-0.04j -0.01+0.04j -0.  -0.04j  0.01+0.04j
 -0.02-0.04j  0.03+0.03j -0.04-0.03j  0.04+0.02j -0.04-0.01j  0.04-0.j
 -0.04+0.01j  0.04-0.02j -0.03+0.03j  0.03-0.03j -0.02+0.04j  0.01-0.04j
 -0.  +0.04j -0.01-0.04j  0.02+0.04j -0.03-0.03j  0.03+0.03j -0.04-0.02j
  0.04+0.01j -0.04-0.j    0.04-0.01j -0.04+0.02j  0.04-0.03j -0.03+0.03j
  0.02-0.04j -0.01+0.04j  0.  -0.04j  0.01+0.04j -0.02-0.04j  0.03+0.04j
 -0.03-0.03j  0.04+0.02j -0.04-0.01j  0.04+0.j   -0.04+0.01j  0.04-0.02j
 -0.04+0.02j  0.03-0.03j -0.02+0.04j  0.01-0.04j -0.  +0.04j -0.01-0.04j
  0.01+0.04j -0.02-0.04j  0.03+0.03j -0.04-0.02j  0.04+0.01j -0.04-0.01j
  0.04-0.j   -0.04+0.01j  0.04-0.02j -0.03+0.03j  0.02-0.04j -0.02+0.04j
  0.01-0.04j  0.  +0.04j -0.01-0.04j  0.02+0.04j -0.03-0.03j  0.04+0.03j
 -0.04-0.02j  0.04+0.01j -0.04+0.j    0.04-0.01j -0.04+0.02j  0.03-0.03j
 -0.03+0.04j  0.02-0.04j -0.01+0.04j -0.  -0.04j  0.01+0.04j -0.02-0.04j
  0.03+0.03j -0.03-0.03j  0.04+0.02j -0.04-0.01j  0.04+0.j   -0.04+0.01j
  0.04-0.02j -0.03+0.03j  0.03-0.03j -0.02+0.04j  0.01-0.04j -0.  +0.04j
 -0.01-0.04j  0.02+0.04j -0.03-0.04j  0.03+0.03j -0.04-0.02j  0.04+0.01j
 -0.04-0.j    0.04-0.01j -0.04+0.02j  0.04-0.03j -0.03+0.03j  0.02-0.04j
 -0.01+0.04j  0.  -0.04j  0.01+0.04j -0.02-0.04j  0.02+0.04j -0.03-0.03j
  0.04+0.02j -0.04-0.01j  0.04+0.j   -0.04+0.01j  0.04-0.01j -0.04+0.02j
  0.03-0.03j -0.02+0.04j  0.01-0.04j -0.01+0.04j -0.  -0.04j  0.01+0.04j
 -0.02-0.04j  0.03+0.03j -0.04-0.02j  0.04+0.02j -0.04-0.01j  0.04-0.j
 -0.04+0.01j  0.04-0.02j -0.03+0.03j  0.03-0.04j -0.02+0.04j  0.01-0.04j
  0.  +0.04j -0.01-0.04j  0.02+0.04j -0.03-0.03j  0.04+0.03j -0.04-0.02j
  0.04+0.01j -0.04+0.j    0.04-0.01j -0.04+0.02j  0.03-0.03j -0.03+0.03j
  0.02-0.04j -0.01+0.04j  0.  -0.04j  0.01+0.04j -0.02-0.04j  0.03+0.03j
 -0.03-0.03j  0.04+0.02j -0.04-0.01j  0.04+0.j   -0.04+0.01j  0.04-0.02j
 -0.04+0.03j  0.03-0.03j -0.02+0.04j  0.01-0.04j -0.  +0.04j -0.01-0.04j
  0.02+0.04j -0.03-0.04j  0.03+0.03j -0.04-0.02j  0.04+0.01j -0.04-0.j
  0.04-0.01j -0.04+0.02j  0.04-0.02j -0.03+0.03j  0.02-0.04j -0.01+0.04j
  0.  -0.04j  0.01+0.04j -0.01-0.04j  0.02+0.04j -0.03-0.03j  0.04+0.02j
 -0.04-0.01j  0.04+0.01j -0.04+0.j    0.04-0.01j -0.04+0.02j  0.03-0.03j
 -0.02+0.04j  0.02-0.04j -0.01+0.04j -0.  -0.04j  0.01+0.04j -0.02-0.04j
  0.03+0.03j -0.04-0.03j  0.04+0.02j -0.04-0.01j  0.04-0.j   -0.04+0.01j
  0.04-0.02j -0.03+0.03j  0.03-0.04j -0.02+0.04j  0.01-0.04j  0.  +0.04j
 -0.01-0.04j  0.02+0.04j -0.03-0.03j  0.03+0.03j -0.04-0.02j  0.04+0.01j
 -0.04+0.j    0.04-0.01j -0.04+0.02j  0.03-0.03j -0.03+0.03j  0.02-0.04j
 -0.01+0.04j  0.  -0.04j  0.01+0.04j -0.02-0.04j  0.03+0.04j -0.03-0.03j
  0.04+0.02j -0.04-0.01j  0.04+0.j   -0.04+0.01j  0.04-0.02j -0.04+0.03j
  0.03-0.03j -0.02+0.04j  0.01-0.04j -0.  +0.04j -0.01-0.04j  0.02+0.04j
 -0.02-0.04j  0.03+0.03j -0.04-0.02j  0.04+0.01j -0.04-0.j    0.04-0.01j
 -0.04+0.01j  0.04-0.02j -0.03+0.03j  0.02-0.04j -0.01+0.04j  0.01-0.04j
  0.  +0.04j -0.01-0.04j  0.02+0.04j -0.03-0.03j  0.04+0.02j -0.04-0.02j
  0.04+0.01j -0.04+0.j    0.04-0.01j -0.04+0.02j  0.03-0.03j -0.03+0.04j
  0.02-0.04j -0.01+0.04j -0.  -0.04j  0.01+0.04j -0.02-0.04j  0.03+0.03j
 -0.04-0.03j  0.04+0.02j -0.04-0.01j  0.04-0.j   -0.04+0.01j  0.04-0.02j
 -0.03+0.03j  0.03-0.03j -0.02+0.04j  0.01-0.04j -0.  +0.04j -0.01-0.04j
  0.02+0.04j -0.03-0.03j  0.03+0.03j -0.04-0.02j  0.04+0.01j -0.04-0.j
  0.04-0.01j -0.04+0.02j  0.04-0.03j -0.03+0.03j  0.02-0.04j -0.01+0.04j
  0.  -0.04j  0.01+0.04j -0.02-0.04j  0.03+0.04j -0.03-0.03j  0.04+0.02j
 -0.04-0.01j  0.04+0.j   -0.04+0.01j  0.04-0.02j -0.04+0.02j  0.03-0.03j
 -0.02+0.04j  0.01-0.04j -0.  +0.04j -0.01-0.04j  0.01+0.04j -0.02-0.04j
  0.03+0.03j -0.04-0.02j  0.04+0.01j -0.04-0.01j  0.04-0.j   -0.04+0.01j
  0.04-0.02j -0.03+0.03j  0.02-0.04j -0.02+0.04j  0.01-0.04j  0.  +0.04j
 -0.01-0.04j  0.02+0.04j -0.03-0.03j  0.04+0.03j -0.04-0.02j  0.04+0.01j
 -0.04+0.j    0.04-0.01j -0.04+0.02j  0.03-0.03j -0.03+0.04j  0.02-0.04j
 -0.01+0.04j -0.  -0.04j  0.01+0.04j -0.02-0.04j  0.03+0.03j -0.03-0.03j
  0.04+0.02j -0.04-0.01j]
	Command being timed: "python3 qft.py 9"
	User time (seconds): 0.92
	System time (seconds): 0.56
	Percent of CPU this job got: 88%
	Elapsed (wall clock) time (h:mm:ss or m:ss): 0:01.68
	Average shared text size (kbytes): 0
	Average unshared data size (kbytes): 0
	Average stack size (kbytes): 0
	Average total size (kbytes): 0
	Maximum resident set size (kbytes): 608416
	Average resident set size (kbytes): 0
	Major (requiring I/O) page faults: 0
	Minor (reclaiming a frame) page faults: 42238
	Voluntary context switches: 1905
	Involuntary context switches: 41
	Swaps: 0
	File system inputs: 0
	File system outputs: 24
	Socket messages sent: 0
	Socket messages received: 0
	Signals delivered: 0
	Page size (bytes): 4096
	Exit status: 0
