WARNING: overwriting environment variables set in the machine
overwriting variable ['LD_LIBRARY_PATH']
Measurement results for a=5 and N=21 with 21 qubits in the control register 
{ 000000000000000000000:2492 001010101010001010111:1 001010101010011001110:1 001010101010011111100:1 001010101010100011111:1 001010101010100110100:1 001010101010100111000:1 001010101010100111100:1 001010101010101000011:1 001010101010101000101:1 001010101010101000111:1 001010101010101001000:1 001010101010101001011:1 001010101010101001100:2 001010101010101001101:4 001010101010101001110:1 001010101010101001111:3 001010101010101010000:9 001010101010101010001:5 001010101010101010010:12 001010101010101010011:42 001010101010101010100:101 001010101010101010101:1693 001010101010101010110:447 001010101010101010111:63 001010101010101011000:18 001010101010101011001:18 001010101010101011010:6 001010101010101011011:5 001010101010101011100:5 001010101010101011101:4 001010101010101011110:2 001010101010101011111:1 001010101010101100000:2 001010101010101100011:1 001010101010101100101:1 001010101010101100110:1 001010101010101101000:2 001010101010101101010:1 001010101010101101011:1 001010101010101101101:1 001010101010101101110:1 001010101010101101111:1 001010101010101110101:1 001010101010101110111:1 001010101010110001110:1 001010101010110101010:1 010101010100100100100:1 010101010101001101110:1 010101010101001110100:1 010101010101010000010:1 010101010101010000100:1 010101010101010001110:1 010101010101010010000:1 010101010101010010011:1 010101010101010010101:1 010101010101010010110:1 010101010101010011000:2 010101010101010011001:2 010101010101010011010:1 010101010101010011100:2 010101010101010011110:2 010101010101010011111:2 010101010101010100000:1 010101010101010100001:1 010101010101010100010:5 010101010101010100011:4 010101010101010100100:1 010101010101010100101:8 010101010101010100110:7 010101010101010100111:9 010101010101010101000:29 010101010101010101001:74 010101010101010101010:450 010101010101010101011:1686 010101010101010101100:104 010101010101010101101:38 010101010101010101110:16 010101010101010101111:12 010101010101010110000:14 010101010101010110001:7 010101010101010110010:2 010101010101010110011:2 010101010101010110100:5 010101010101010110101:3 010101010101010110111:3 010101010101010111000:1 010101010101010111010:1 010101010101010111101:1 010101010101010111110:1 010101010101010111111:1 010101010101011000000:2 010101010101011000100:1 010101010101011000111:1 010101010101011001110:1 010101010101011100011:2 010101010101011101001:1 010101010101011110101:1 010101010110011101110:1 010101010111010101001:1 100000000000000000000:2518 101010101001101101001:1 101010101010010110100:1 101010101010011010101:1 101010101010011101011:1 101010101010100100010:1 101010101010100110001:1 101010101010100110100:1 101010101010101000000:1 101010101010101000001:1 101010101010101000101:1 101010101010101000110:3 101010101010101001001:2 101010101010101001011:1 101010101010101001100:1 101010101010101001101:6 101010101010101001110:5 101010101010101001111:3 101010101010101010000:4 101010101010101010001:7 101010101010101010010:16 101010101010101010011:40 101010101010101010100:85 101010101010101010101:1720 101010101010101010110:443 101010101010101010111:64 101010101010101011000:26 101010101010101011001:10 101010101010101011010:8 101010101010101011011:18 101010101010101011100:6 101010101010101011101:4 101010101010101011110:3 101010101010101011111:2 101010101010101100001:3 101010101010101100010:1 101010101010101100011:1 101010101010101100101:2 101010101010101100110:1 101010101010101101000:1 101010101010101101001:1 101010101010101101100:1 101010101010101101101:1 101010101010101110000:1 101010101010110000010:1 101010101010110001000:1 101010101010110100001:1 101010101010110101001:1 101010101010111000011:1 110101010010011111001:1 110101010101001101100:1 110101010101001111000:1 110101010101010000011:1 110101010101010000100:1 110101010101010001001:1 110101010101010010011:2 110101010101010010111:1 110101010101010011001:1 110101010101010011011:2 110101010101010011100:5 110101010101010011110:1 110101010101010011111:2 110101010101010100000:1 110101010101010100001:2 110101010101010100010:3 110101010101010100011:5 110101010101010100100:5 110101010101010100101:3 110101010101010100110:11 110101010101010100111:9 110101010101010101000:25 110101010101010101001:60 110101010101010101010:440 110101010101010101011:1692 110101010101010101100:116 110101010101010101101:33 110101010101010101110:15 110101010101010101111:13 110101010101010110000:11 110101010101010110001:3 110101010101010110010:2 110101010101010110011:3 110101010101010110100:3 110101010101010110101:2 110101010101010110110:6 110101010101010111000:1 110101010101010111011:2 110101010101010111100:1 110101010101010111110:2 110101010101011000101:2 110101010101011001101:1 110101010101011010001:1 110101010101011011010:1 110101010101011011111:1 110101010101011111010:1 110101010101100000100:1 110101010110100000101:1 }

A100
	Command being timed: "python3 shor.py 21"
	User time (seconds): 27747.22
	System time (seconds): 160.57
	Percent of CPU this job got: 99%
	Elapsed (wall clock) time (h:mm:ss or m:ss): 7:46:53
	Average shared text size (kbytes): 0
	Average unshared data size (kbytes): 0
	Average stack size (kbytes): 0
	Average total size (kbytes): 0
	Maximum resident set size (kbytes): 38381124
	Average resident set size (kbytes): 0
	Major (requiring I/O) page faults: 0
	Minor (reclaiming a frame) page faults: 282851698
	Voluntary context switches: 289258
	Involuntary context switches: 373781
	Swaps: 0
	File system inputs: 16
	File system outputs: 24
	Socket messages sent: 0
	Socket messages received: 0
	Signals delivered: 0
	Page size (bytes): 4096
	Exit status: 0
Measurement results for a=5 and N=21 with 21 qubits in the control register 
{ 000000000000000000000:2546 001010101001111110000:1 001010101010011111101:1 001010101010100111011:1 001010101010100111101:1 001010101010101000001:2 001010101010101000101:1 001010101010101001000:1 001010101010101001010:2 001010101010101001011:2 001010101010101001100:6 001010101010101001110:1 001010101010101001111:4 001010101010101010000:8 001010101010101010001:3 001010101010101010010:18 001010101010101010011:41 001010101010101010100:112 001010101010101010101:1693 001010101010101010110:418 001010101010101010111:68 001010101010101011000:28 001010101010101011001:16 001010101010101011010:7 001010101010101011011:6 001010101010101011100:3 001010101010101011101:4 001010101010101011110:5 001010101010101011111:1 001010101010101100000:2 001010101010101100001:3 001010101010101100010:2 001010101010101100100:1 001010101010101100101:1 001010101010101100110:3 001010101010101100111:3 001010101010101101010:1 001010101010101101011:1 001010101010101101100:2 001010101010101110000:1 001010101010101110110:1 001010101010110000100:1 001010101010110001100:1 001010101010110011100:1 001010101010110111101:1 001010101010111010101:1 001010101011001100101:1 001010101011111101111:1 010101010100111101100:1 010101010101000110111:1 010101010101001101001:1 010101010101001111010:1 010101010101001111111:1 010101010101010000011:1 010101010101010001000:1 010101010101010001100:2 010101010101010011001:1 010101010101010011010:2 010101010101010011100:1 010101010101010011111:2 010101010101010100000:2 010101010101010100001:1 010101010101010100010:2 010101010101010100011:1 010101010101010100100:5 010101010101010100101:6 010101010101010100110:8 010101010101010100111:9 010101010101010101000:31 010101010101010101001:60 010101010101010101010:430 010101010101010101011:1733 010101010101010101100:109 010101010101010101101:35 010101010101010101110:18 010101010101010101111:9 010101010101010110000:2 010101010101010110001:3 010101010101010110010:2 010101010101010110011:3 010101010101010110100:1 010101010101010110101:1 010101010101010110110:2 010101010101010111010:2 010101010101010111101:3 010101010101010111111:2 010101010101011000000:1 010101010101011000010:1 010101010101011000100:1 010101010101011000111:1 010101010101011010100:1 010101010101011010110:1 010101010101011101100:1 010101010101100101111:1 010101010101101011000:1 010101010101110001101:1 010101010101110111110:1 100000000000000000000:2545 101010101001100110110:1 101010101010001011110:1 101010101010011101000:1 101010101010011101011:1 101010101010100101100:1 101010101010100110001:1 101010101010101000100:2 101010101010101000101:1 101010101010101001000:2 101010101010101001001:2 101010101010101001010:1 101010101010101001011:3 101010101010101001100:1 101010101010101001110:2 101010101010101001111:5 101010101010101010000:6 101010101010101010001:9 101010101010101010010:18 101010101010101010011:44 101010101010101010100:108 101010101010101010101:1690 101010101010101010110:426 101010101010101010111:71 101010101010101011000:21 101010101010101011001:7 101010101010101011010:15 101010101010101011011:4 101010101010101011100:2 101010101010101011101:1 101010101010101011110:4 101010101010101011111:1 101010101010101100000:3 101010101010101100001:2 101010101010101100110:1 101010101010101101010:2 101010101010101101110:2 101010101010101110001:1 101010101010101110110:1 101010101010101111100:1 101010101010101111110:1 101010101010101111111:1 101010101010110101010:1 110101010101001010110:1 110101010101001100101:1 110101010101001110011:1 110101010101001110110:1 110101010101010000100:1 110101010101010000101:1 110101010101010001110:1 110101010101010010010:1 110101010101010010100:1 110101010101010010111:1 110101010101010011000:2 110101010101010011010:2 110101010101010011011:2 110101010101010100001:3 110101010101010100010:1 110101010101010100011:3 110101010101010100100:3 110101010101010100101:7 110101010101010100110:7 110101010101010100111:14 110101010101010101000:28 110101010101010101001:72 110101010101010101010:419 110101010101010101011:1678 110101010101010101100:108 110101010101010101101:34 110101010101010101110:11 110101010101010101111:11 110101010101010110000:7 110101010101010110001:4 110101010101010110010:1 110101010101010110011:6 110101010101010110100:2 110101010101010110101:3 110101010101010110110:1 110101010101010111010:2 110101010101010111110:2 110101010101011000000:1 110101010101011000001:1 110101010101011000010:1 110101010101011000100:1 110101010101011001000:1 110101010101011001001:1 110101010101011001011:1 110101010101011100000:1 110101010101100001010:1 110101010101101001100:1 }

A100
	Command being timed: "python3 shor.py 21"
	User time (seconds): 27497.92
	System time (seconds): 189.51
	Percent of CPU this job got: 99%
	Elapsed (wall clock) time (h:mm:ss or m:ss): 7:43:23
	Average shared text size (kbytes): 0
	Average unshared data size (kbytes): 0
	Average stack size (kbytes): 0
	Average total size (kbytes): 0
	Maximum resident set size (kbytes): 38372908
	Average resident set size (kbytes): 0
	Major (requiring I/O) page faults: 0
	Minor (reclaiming a frame) page faults: 314129057
	Voluntary context switches: 283336
	Involuntary context switches: 369376
	Swaps: 0
	File system inputs: 0
	File system outputs: 24
	Socket messages sent: 0
	Socket messages received: 0
	Signals delivered: 0
	Page size (bytes): 4096
	Exit status: 0
