WARNING: overwriting environment variables set in the machine
overwriting variable ['LD_LIBRARY_PATH']
Measurement results for a=5 and N=21 with 16 qubits in the control register 
{ 0000000000000000:2554 0010101001101111:1 0010101001110001:1 0010101001111001:1 0010101010000010:1 0010101010001011:1 0010101010010100:1 0010101010010111:1 0010101010011000:1 0010101010011001:1 0010101010011100:1 0010101010011101:2 0010101010011110:2 0010101010100000:3 0010101010100001:1 0010101010100010:2 0010101010100011:4 0010101010100100:1 0010101010100101:6 0010101010100110:5 0010101010100111:19 0010101010101000:28 0010101010101001:73 0010101010101010:422 0010101010101011:1735 0010101010101100:88 0010101010101101:40 0010101010101110:20 0010101010101111:9 0010101010110000:3 0010101010110001:5 0010101010110010:4 0010101010110011:2 0010101010110100:3 0010101010110101:3 0010101010110110:5 0010101010110111:1 0010101010111001:1 0010101010111010:1 0010101011000001:1 0010101011001001:1 0010101011001110:1 0010101011010111:1 0010101011011100:1 0010101011110011:1 0010101011110111:1 0010101111110101:1 0010110000101101:1 0101001100101111:1 0101010011001010:1 0101010011111001:1 0101010100010110:1 0101010100011111:1 0101010100100100:1 0101010100100101:1 0101010100110100:1 0101010100110110:1 0101010100111001:1 0101010100111101:2 0101010101000001:1 0101010101000011:4 0101010101000101:1 0101010101001001:2 0101010101001011:1 0101010101001100:5 0101010101001101:1 0101010101001110:3 0101010101001111:6 0101010101010000:5 0101010101010001:11 0101010101010010:13 0101010101010011:34 0101010101010100:99 0101010101010101:1734 0101010101010110:410 0101010101010111:74 0101010101011000:28 0101010101011001:13 0101010101011010:7 0101010101011011:3 0101010101011100:4 0101010101011101:6 0101010101011110:3 0101010101011111:2 0101010101100001:1 0101010101100111:2 0101010101101001:1 0101010101101101:1 0101010101101110:1 0101010101110000:1 0101010101110011:1 0101010101110100:1 0101010101111010:1 0101010110011100:1 0101010110111010:1 0101011000110011:1 0101011011111011:1 1000000000000000:2465 1010101001001010:1 1010101001011010:1 1010101001101011:1 1010101001101110:1 1010101001110001:1 1010101001111101:1 1010101010000000:1 1010101010000101:1 1010101010000111:1 1010101010001011:1 1010101010010110:1 1010101010011000:1 1010101010011001:2 1010101010011100:1 1010101010011101:1 1010101010011110:2 1010101010011111:2 1010101010100000:3 1010101010100001:3 1010101010100010:3 1010101010100011:2 1010101010100100:3 1010101010100101:8 1010101010100110:6 1010101010100111:17 1010101010101000:14 1010101010101001:71 1010101010101010:435 1010101010101011:1749 1010101010101100:117 1010101010101101:31 1010101010101110:15 1010101010101111:11 1010101010110000:7 1010101010110001:2 1010101010110010:8 1010101010110011:2 1010101010110100:1 1010101010110101:2 1010101010110110:4 1010101010111010:1 1010101010111100:1 1010101011000111:1 1010101011001001:1 1010101011001101:2 1010101011010001:1 1010101011010111:1 1010101011101001:1 1010111101101000:1 1101010010000101:1 1101010011110101:1 1101010100011001:1 1101010100011010:1 1101010100100010:1 1101010100100011:1 1101010100110001:1 1101010100111000:2 1101010100111010:1 1101010100111101:2 1101010100111111:1 1101010101000110:1 1101010101001001:1 1101010101001010:1 1101010101001011:1 1101010101001100:3 1101010101001101:7 1101010101001110:4 1101010101001111:6 1101010101010000:7 1101010101010001:14 1101010101010010:12 1101010101010011:45 1101010101010100:94 1101010101010101:1663 1101010101010110:416 1101010101010111:62 1101010101011000:28 1101010101011001:10 1101010101011010:13 1101010101011011:7 1101010101011100:5 1101010101011101:2 1101010101011110:2 1101010101011111:1 1101010101100010:3 1101010101100100:1 1101010101100101:2 1101010101100110:1 1101010101100111:1 1101010101101101:1 1101010101110010:2 1101010101110100:1 1101010101111110:1 1101010110100010:1 1101010111000000:1 1101011001111011:1 }

	Command being timed: "python3 shor.py 16"
	User time (seconds): 33.86
	System time (seconds): 1.78
	Percent of CPU this job got: 96%
	Elapsed (wall clock) time (h:mm:ss or m:ss): 0:36.79
	Average shared text size (kbytes): 0
	Average unshared data size (kbytes): 0
	Average stack size (kbytes): 0
	Average total size (kbytes): 0
	Maximum resident set size (kbytes): 1837720
	Average resident set size (kbytes): 0
	Major (requiring I/O) page faults: 0
	Minor (reclaiming a frame) page faults: 1071922
	Voluntary context switches: 8098
	Involuntary context switches: 561
	Swaps: 0
	File system inputs: 0
	File system outputs: 16
	Socket messages sent: 0
	Socket messages received: 0
	Signals delivered: 0
	Page size (bytes): 4096
	Exit status: 0
Measurement results for a=5 and N=21 with 16 qubits in the control register 
{ 0000000000000000:2515 0010011110100110:1 0010101001101011:1 0010101010000101:1 0010101010000110:1 0010101010010011:1 0010101010010101:1 0010101010010110:2 0010101010011010:2 0010101010011011:1 0010101010011101:2 0010101010011110:1 0010101010011111:1 0010101010100000:1 0010101010100001:4 0010101010100010:3 0010101010100011:2 0010101010100100:3 0010101010100101:5 0010101010100110:8 0010101010100111:11 0010101010101000:29 0010101010101001:69 0010101010101010:414 0010101010101011:1669 0010101010101100:97 0010101010101101:41 0010101010101110:18 0010101010101111:9 0010101010110000:4 0010101010110001:4 0010101010110010:4 0010101010110011:3 0010101010110100:1 0010101010110101:5 0010101010110110:4 0010101010110111:1 0010101010111000:4 0010101010111100:1 0010101010111110:1 0010101011000001:1 0010101011000100:1 0010101011000101:1 0010101011001001:1 0010101011001010:1 0010101011010111:1 0010101011011011:1 0010101011100111:1 0010101011101000:1 0010101011101100:1 0010101100010010:1 0101010010000110:1 0101010011100101:1 0101010100000000:1 0101010100000111:1 0101010100100111:1 0101010100110111:1 0101010100111001:1 0101010101000011:1 0101010101000100:2 0101010101000101:2 0101010101000111:1 0101010101001000:2 0101010101001001:1 0101010101001010:1 0101010101001011:2 0101010101001100:1 0101010101001101:4 0101010101001110:4 0101010101010000:7 0101010101010001:6 0101010101010010:19 0101010101010011:32 0101010101010100:108 0101010101010101:1705 0101010101010110:408 0101010101010111:77 0101010101011000:31 0101010101011001:14 0101010101011010:7 0101010101011011:4 0101010101011100:6 0101010101011101:4 0101010101011110:2 0101010101011111:2 0101010101100001:1 0101010101100010:1 0101010101100110:2 0101010101101010:2 0101010101101111:1 0101010101111101:2 0101011000101111:1 0101011100001010:1 1000000000000000:2425 1010100110011011:1 1010100110111110:1 1010100111111100:1 1010101000000101:1 1010101001011010:1 1010101001111010:1 1010101001111011:1 1010101010000011:1 1010101010000110:1 1010101010001001:1 1010101010001011:1 1010101010001100:1 1010101010001101:1 1010101010010001:1 1010101010010010:1 1010101010011000:1 1010101010011001:5 1010101010011010:2 1010101010011011:2 1010101010011100:3 1010101010011110:4 1010101010011111:3 1010101010100000:2 1010101010100001:2 1010101010100010:4 1010101010100011:2 1010101010100100:6 1010101010100101:8 1010101010100110:12 1010101010100111:13 1010101010101000:23 1010101010101001:69 1010101010101010:443 1010101010101011:1771 1010101010101100:134 1010101010101101:36 1010101010101110:18 1010101010101111:13 1010101010110000:9 1010101010110001:7 1010101010110010:1 1010101010110011:1 1010101010110110:1 1010101010110111:2 1010101010111011:1 1010101010111100:1 1010101010111110:1 1010101011000011:1 1010101011011010:1 1010101011101001:1 1010101011101100:1 1010101011110000:1 1010101011111001:1 1101010000011010:1 1101010100001111:1 1101010100010010:1 1101010100011000:1 1101010100101111:1 1101010100110111:2 1101010100111000:1 1101010100111001:1 1101010101000001:1 1101010101000100:1 1101010101000101:1 1101010101001000:1 1101010101001010:3 1101010101001011:2 1101010101001100:1 1101010101001101:4 1101010101001110:5 1101010101001111:2 1101010101010000:6 1101010101010001:8 1101010101010010:20 1101010101010011:30 1101010101010100:115 1101010101010101:1714 1101010101010110:450 1101010101010111:56 1101010101011000:30 1101010101011001:12 1101010101011010:9 1101010101011011:9 1101010101011100:7 1101010101011101:2 1101010101011110:4 1101010101011111:4 1101010101100000:4 1101010101100010:2 1101010101100011:2 1101010101100100:1 1101010101100101:1 1101010101101100:1 1101010101110001:1 1101010110000010:1 1101010110000011:1 1101010110000111:1 1101010110001000:1 1101010110001110:1 1101010110011111:1 1101010110110000:1 1101010110111110:1 1101011011001101:1 }

	Command being timed: "python3 shor.py 16"
	User time (seconds): 33.66
	System time (seconds): 1.72
	Percent of CPU this job got: 98%
	Elapsed (wall clock) time (h:mm:ss or m:ss): 0:35.85
	Average shared text size (kbytes): 0
	Average unshared data size (kbytes): 0
	Average stack size (kbytes): 0
	Average total size (kbytes): 0
	Maximum resident set size (kbytes): 1835596
	Average resident set size (kbytes): 0
	Major (requiring I/O) page faults: 0
	Minor (reclaiming a frame) page faults: 1048431
	Voluntary context switches: 4180
	Involuntary context switches: 481
	Swaps: 0
	File system inputs: 0
	File system outputs: 24
	Socket messages sent: 0
	Socket messages received: 0
	Signals delivered: 0
	Page size (bytes): 4096
	Exit status: 0
Measurement results for a=5 and N=21 with 16 qubits in the control register 
{ 0000000000000000:2531 0010101001011101:1 0010101001100101:1 0010101010000110:1 0010101010001000:1 0010101010001111:1 0010101010010001:1 0010101010010011:1 0010101010010101:1 0010101010010110:1 0010101010010111:1 0010101010011001:1 0010101010011011:1 0010101010011100:2 0010101010011110:1 0010101010011111:1 0010101010100000:1 0010101010100001:4 0010101010100010:1 0010101010100011:5 0010101010100100:3 0010101010100101:5 0010101010100110:13 0010101010100111:22 0010101010101000:33 0010101010101001:57 0010101010101010:433 0010101010101011:1698 0010101010101100:96 0010101010101101:42 0010101010101110:12 0010101010101111:10 0010101010110000:12 0010101010110001:4 0010101010110010:9 0010101010110011:1 0010101010110100:4 0010101010110101:1 0010101010110110:4 0010101010110111:1 0010101010111000:1 0010101010111001:2 0010101010111110:2 0010101010111111:1 0010101011000000:1 0010101011000010:2 0010101100011100:1 0010110000001000:1 0101000110001110:1 0101001111110111:1 0101010011011001:1 0101010100101111:1 0101010100111000:1 0101010100111001:1 0101010100111011:1 0101010100111101:1 0101010100111111:2 0101010101000000:1 0101010101000001:1 0101010101000010:1 0101010101000011:1 0101010101000100:1 0101010101000111:1 0101010101001000:2 0101010101001010:3 0101010101001011:3 0101010101001100:3 0101010101001101:3 0101010101001110:2 0101010101001111:2 0101010101010000:9 0101010101010001:14 0101010101010010:13 0101010101010011:27 0101010101010100:143 0101010101010101:1770 0101010101010110:450 0101010101010111:79 0101010101011000:15 0101010101011001:9 0101010101011010:9 0101010101011011:3 0101010101011100:5 0101010101011101:5 0101010101011110:4 0101010101011111:1 0101010101100000:1 0101010101100001:1 0101010101100010:2 0101010101100011:1 0101010101100100:1 0101010101101011:1 0101010101110011:1 0101010101110110:3 0101010110001000:1 0101010110001001:1 0101010110010010:1 0101010110111011:1 0101010111111001:1 1000000000000000:2455 1010101001011010:1 1010101001101011:1 1010101001101110:1 1010101001110111:1 1010101010000011:1 1010101010001001:1 1010101010001101:1 1010101010010001:1 1010101010010010:1 1010101010010110:1 1010101010011001:4 1010101010011010:1 1010101010011110:1 1010101010011111:3 1010101010100000:3 1010101010100001:4 1010101010100010:1 1010101010100011:2 1010101010100100:5 1010101010100101:8 1010101010100110:6 1010101010100111:15 1010101010101000:23 1010101010101001:80 1010101010101010:430 1010101010101011:1566 1010101010101100:116 1010101010101101:35 1010101010101110:18 1010101010101111:10 1010101010110000:9 1010101010110001:6 1010101010110010:2 1010101010110011:6 1010101010110100:1 1010101010110101:1 1010101010110110:1 1010101010110111:1 1010101010111000:1 1010101010111010:1 1010101010111011:3 1010101010111110:2 1010101010111111:1 1010101011000110:1 1010101011001000:1 1010101011111100:1 1010101100001111:1 1010101111110111:1 1101010001011111:1 1101010100100101:1 1101010100110001:1 1101010100111110:1 1101010100111111:1 1101010101000001:1 1101010101000110:1 1101010101001000:4 1101010101001001:2 1101010101001010:2 1101010101001011:4 1101010101001100:1 1101010101001101:3 1101010101001110:4 1101010101001111:3 1101010101010000:6 1101010101010001:7 1101010101010010:21 1101010101010011:47 1101010101010100:108 1101010101010101:1729 1101010101010110:431 1101010101010111:66 1101010101011000:27 1101010101011001:14 1101010101011010:7 1101010101011011:6 1101010101011100:3 1101010101011101:2 1101010101011110:3 1101010101011111:4 1101010101100000:1 1101010101100001:1 1101010101100010:1 1101010101100100:1 1101010101100101:1 1101010101100110:1 1101010101101000:1 1101010101101100:1 1101010101110000:1 1101010101110001:1 1101010101110110:1 1101010101110111:1 1101010110000000:1 1101010110000001:1 1101010110000101:1 1101010110010101:1 1101010110010111:1 1101010111000111:1 }

	Command being timed: "python3 shor.py 16"
	User time (seconds): 33.64
	System time (seconds): 1.70
	Percent of CPU this job got: 99%
	Elapsed (wall clock) time (h:mm:ss or m:ss): 0:35.63
	Average shared text size (kbytes): 0
	Average unshared data size (kbytes): 0
	Average stack size (kbytes): 0
	Average total size (kbytes): 0
	Maximum resident set size (kbytes): 1842524
	Average resident set size (kbytes): 0
	Major (requiring I/O) page faults: 0
	Minor (reclaiming a frame) page faults: 1047073
	Voluntary context switches: 4180
	Involuntary context switches: 481
	Swaps: 0
	File system inputs: 0
	File system outputs: 24
	Socket messages sent: 0
	Socket messages received: 0
	Signals delivered: 0
	Page size (bytes): 4096
	Exit status: 0
Measurement results for a=5 and N=21 with 16 qubits in the control register 
{ 0000000000000000:2444 0010100100111010:1 0010100111100010:1 0010101001100011:1 0010101001110101:1 0010101010000001:1 0010101010001000:3 0010101010010010:1 0010101010010111:1 0010101010011000:1 0010101010011001:1 0010101010011100:3 0010101010011101:1 0010101010011110:4 0010101010011111:2 0010101010100000:1 0010101010100001:3 0010101010100011:4 0010101010100100:6 0010101010100101:6 0010101010100110:10 0010101010100111:18 0010101010101000:29 0010101010101001:57 0010101010101010:444 0010101010101011:1771 0010101010101100:118 0010101010101101:42 0010101010101110:12 0010101010101111:14 0010101010110000:5 0010101010110001:4 0010101010110010:4 0010101010110011:3 0010101010110101:1 0010101010110110:1 0010101010110111:1 0010101010111001:1 0010101011000000:1 0010101011000011:1 0010101011101101:1 0010101011101110:1 0010101011101111:1 0011001100001000:1 0101010000110110:1 0101010010011101:1 0101010100011010:1 0101010100100001:1 0101010100100111:1 0101010100111010:1 0101010100111011:1 0101010100111100:1 0101010100111110:1 0101010101000000:1 0101010101000011:1 0101010101000100:2 0101010101000110:1 0101010101001000:1 0101010101001011:3 0101010101001100:4 0101010101001101:3 0101010101001110:4 0101010101001111:5 0101010101010000:7 0101010101010001:10 0101010101010010:16 0101010101010011:29 0101010101010100:105 0101010101010101:1715 0101010101010110:446 0101010101010111:58 0101010101011000:25 0101010101011001:17 0101010101011010:10 0101010101011011:7 0101010101011100:5 0101010101011101:3 0101010101011110:1 0101010101100000:3 0101010101100001:4 0101010101100011:2 0101010101100100:1 0101010101100101:1 0101010101100110:1 0101010101100111:1 0101010101101001:1 0101010101110001:1 0101010101110110:1 0101010101111110:1 0101010110000000:1 0101010110000010:1 0101010110001011:1 0101010110001100:1 0101010110011010:1 0101010110110010:1 0101010110111001:1 0101010111111100:1 0101011100001110:1 0101011100011100:1 1000000000000000:2557 1001101111001001:1 1010101001100011:1 1010101001111010:1 1010101010001000:1 1010101010001010:1 1010101010010000:1 1010101010010010:1 1010101010010110:2 1010101010010111:1 1010101010011001:1 1010101010011011:1 1010101010011100:1 1010101010011101:1 1010101010100010:2 1010101010100011:4 1010101010100100:4 1010101010100101:10 1010101010100110:8 1010101010100111:17 1010101010101000:33 1010101010101001:55 1010101010101010:440 1010101010101011:1665 1010101010101100:102 1010101010101101:35 1010101010101110:15 1010101010101111:7 1010101010110000:5 1010101010110001:2 1010101010110010:5 1010101010110011:6 1010101010110100:4 1010101010110110:1 1010101010110111:2 1010101011000111:1 1010101011001010:1 1010101011011110:1 1010101011110000:1 1010101100000001:1 1010110101110010:1 1101010011000010:1 1101010011001101:1 1101010100000000:1 1101010100110100:1 1101010100111100:1 1101010100111101:1 1101010100111111:1 1101010101000000:1 1101010101000010:1 1101010101000011:1 1101010101000111:2 1101010101001010:2 1101010101001011:1 1101010101001100:2 1101010101001101:4 1101010101001110:5 1101010101001111:8 1101010101010000:3 1101010101010001:9 1101010101010010:18 1101010101010011:42 1101010101010100:111 1101010101010101:1710 1101010101010110:403 1101010101010111:56 1101010101011000:26 1101010101011001:8 1101010101011010:6 1101010101011011:3 1101010101011100:5 1101010101011101:3 1101010101011110:2 1101010101011111:3 1101010101100000:1 1101010101100001:3 1101010101100010:1 1101010101100011:1 1101010101100111:2 1101010101101000:1 1101010101101010:1 1101010101101011:1 1101010101101111:1 1101010101110000:1 1101010101110010:1 1101010101111000:1 1101010110010100:1 1101010110011010:1 }

	Command being timed: "python3 shor.py 16"
	User time (seconds): 33.76
	System time (seconds): 1.63
	Percent of CPU this job got: 99%
	Elapsed (wall clock) time (h:mm:ss or m:ss): 0:35.73
	Average shared text size (kbytes): 0
	Average unshared data size (kbytes): 0
	Average stack size (kbytes): 0
	Average total size (kbytes): 0
	Maximum resident set size (kbytes): 1836236
	Average resident set size (kbytes): 0
	Major (requiring I/O) page faults: 0
	Minor (reclaiming a frame) page faults: 1049973
	Voluntary context switches: 4196
	Involuntary context switches: 535
	Swaps: 0
	File system inputs: 0
	File system outputs: 24
	Socket messages sent: 0
	Socket messages received: 0
	Signals delivered: 0
	Page size (bytes): 4096
	Exit status: 0
Measurement results for a=5 and N=21 with 16 qubits in the control register 
{ 0000000000000000:2494 0010011111110100:1 0010100111110011:1 0010100111111101:1 0010101000000110:1 0010101001101101:1 0010101001110001:1 0010101001110111:1 0010101010010001:2 0010101010010011:2 0010101010011010:2 0010101010011100:1 0010101010011101:1 0010101010011110:1 0010101010011111:2 0010101010100000:2 0010101010100010:3 0010101010100011:1 0010101010100100:4 0010101010100101:6 0010101010100110:12 0010101010100111:18 0010101010101000:36 0010101010101001:63 0010101010101010:442 0010101010101011:1725 0010101010101100:132 0010101010101101:28 0010101010101110:19 0010101010101111:9 0010101010110000:4 0010101010110001:7 0010101010110010:1 0010101010110011:4 0010101010110100:4 0010101010110101:1 0010101010110111:1 0010101010111001:3 0010101010111010:1 0010101010111011:2 0010101010111101:1 0010101011000010:1 0010101011010011:1 0010101011101101:1 0010101011111000:1 0010101011111101:1 0010101100110111:1 0101001100100100:1 0101010001010000:1 0101010100101101:2 0101010100110000:1 0101010100110011:1 0101010100111111:1 0101010101000010:1 0101010101000011:1 0101010101000100:1 0101010101000101:1 0101010101000110:1 0101010101001001:2 0101010101001010:1 0101010101001011:3 0101010101001100:2 0101010101001110:2 0101010101001111:2 0101010101010000:7 0101010101010001:9 0101010101010010:17 0101010101010011:43 0101010101010100:101 0101010101010101:1691 0101010101010110:418 0101010101010111:75 0101010101011000:29 0101010101011001:7 0101010101011010:18 0101010101011011:8 0101010101011101:2 0101010101011110:1 0101010101011111:1 0101010101100000:3 0101010101100010:2 0101010101100011:1 0101010101100100:1 0101010101100101:2 0101010101100110:3 0101010101101000:1 0101010101101001:1 0101010101101011:1 0101010101101100:1 0101010101111000:1 0101010101111111:1 0101010110000100:1 0101010110000110:1 0101010110001100:1 0101010110010000:1 0101010110110101:1 0101011000011101:1 0101110011111011:1 1000000000000000:2531 1010101000110110:1 1010101001111001:1 1010101010000011:1 1010101010010000:1 1010101010010100:1 1010101010010101:1 1010101010010110:1 1010101010010111:1 1010101010011001:1 1010101010011100:2 1010101010011110:3 1010101010100000:4 1010101010100010:2 1010101010100100:7 1010101010100101:13 1010101010100110:11 1010101010100111:11 1010101010101000:30 1010101010101001:64 1010101010101010:417 1010101010101011:1723 1010101010101100:100 1010101010101101:36 1010101010101110:19 1010101010101111:8 1010101010110000:7 1010101010110001:3 1010101010110010:3 1010101010110011:1 1010101010110101:3 1010101010110110:1 1010101010111001:1 1010101010111010:3 1010101010111111:2 1010101011000100:1 1010101011010000:1 1010101011010100:1 1010101011100101:1 1010101011101000:1 1010101110101100:1 1010110000000011:1 1011000000011110:1 1101010100011000:1 1101010100101111:1 1101010100111101:1 1101010101000010:1 1101010101000100:1 1101010101000111:1 1101010101001000:2 1101010101001001:3 1101010101001010:1 1101010101001101:2 1101010101001110:5 1101010101001111:5 1101010101010000:5 1101010101010001:6 1101010101010010:14 1101010101010011:33 1101010101010100:90 1101010101010101:1690 1101010101010110:442 1101010101010111:63 1101010101011000:23 1101010101011001:9 1101010101011010:7 1101010101011011:9 1101010101011100:5 1101010101011101:3 1101010101011110:3 1101010101011111:4 1101010101100000:2 1101010101100001:1 1101010101100010:1 1101010101100011:2 1101010101100100:2 1101010101100110:1 1101010101100111:2 1101010101101000:1 1101010101101001:1 1101010101101111:1 1101010101110111:2 1101010110001100:1 1101010110010000:1 1101010110011000:1 1101010110011001:1 1101010110100111:1 1101011000010111:1 1101011000101101:1 1101011111000001:1 1101100111010110:1 }

	Command being timed: "python3 shor.py 16"
	User time (seconds): 33.65
	System time (seconds): 1.70
	Percent of CPU this job got: 98%
	Elapsed (wall clock) time (h:mm:ss or m:ss): 0:35.92
	Average shared text size (kbytes): 0
	Average unshared data size (kbytes): 0
	Average stack size (kbytes): 0
	Average total size (kbytes): 0
	Maximum resident set size (kbytes): 1840996
	Average resident set size (kbytes): 0
	Major (requiring I/O) page faults: 0
	Minor (reclaiming a frame) page faults: 1067924
	Voluntary context switches: 4186
	Involuntary context switches: 480
	Swaps: 0
	File system inputs: 0
	File system outputs: 24
	Socket messages sent: 0
	Socket messages received: 0
	Signals delivered: 0
	Page size (bytes): 4096
	Exit status: 0
Measurement results for a=5 and N=21 with 16 qubits in the control register 
{ 0000000000000000:2485 0010100101111110:1 0010100110011100:1 0010100111111100:1 0010101001000001:1 0010101001011000:1 0010101010001010:1 0010101010010101:1 0010101010011001:1 0010101010011011:1 0010101010011100:1 0010101010011101:2 0010101010011110:1 0010101010011111:1 0010101010100000:1 0010101010100001:2 0010101010100010:2 0010101010100011:1 0010101010100100:6 0010101010100101:3 0010101010100110:10 0010101010100111:20 0010101010101000:28 0010101010101001:66 0010101010101010:403 0010101010101011:1751 0010101010101100:126 0010101010101101:38 0010101010101110:13 0010101010101111:13 0010101010110000:7 0010101010110001:7 0010101010110010:3 0010101010110011:4 0010101010110100:2 0010101010110101:4 0010101010110110:2 0010101010111000:1 0010101010111010:1 0010101010111110:1 0010101010111111:1 0010101011000001:1 0010101011001001:1 0010101011001010:1 0010101011010010:2 0010101011010111:1 0010101011111101:1 0010101100000100:1 0010101100001100:1 0010101100111100:1 0010110110000101:1 0101000100100110:1 0101010001110100:1 0101010010101110:1 0101010011010100:1 0101010100001001:1 0101010100100000:1 0101010100100010:1 0101010100100111:1 0101010100111011:2 0101010100111100:1 0101010100111111:1 0101010101000000:1 0101010101000101:3 0101010101001000:2 0101010101001001:2 0101010101001010:3 0101010101001011:1 0101010101001100:2 0101010101001101:5 0101010101001110:2 0101010101001111:8 0101010101010000:6 0101010101010001:10 0101010101010010:13 0101010101010011:37 0101010101010100:90 0101010101010101:1728 0101010101010110:437 0101010101010111:72 0101010101011000:22 0101010101011001:12 0101010101011010:11 0101010101011011:8 0101010101011100:4 0101010101011101:4 0101010101011110:2 0101010101011111:2 0101010101100000:2 0101010101100001:3 0101010101100010:1 0101010101100011:2 0101010101100100:1 0101010101100111:2 0101010101101000:2 0101010101101001:1 0101010101101010:1 0101010110000011:1 0101010110011111:1 0101010111010111:1 1000000000000000:2468 1010100011100000:1 1010101000011011:1 1010101001110000:1 1010101001111011:2 1010101001111110:1 1010101010000110:1 1010101010001111:1 1010101010010010:2 1010101010011001:2 1010101010011010:1 1010101010011100:2 1010101010011101:1 1010101010011110:4 1010101010100000:1 1010101010100001:1 1010101010100010:4 1010101010100011:3 1010101010100100:4 1010101010100101:8 1010101010100110:6 1010101010100111:22 1010101010101000:22 1010101010101001:73 1010101010101010:411 1010101010101011:1730 1010101010101100:128 1010101010101101:34 1010101010101110:14 1010101010101111:10 1010101010110000:6 1010101010110001:7 1010101010110010:5 1010101010110100:1 1010101010110101:2 1010101010110111:1 1010101010111000:2 1010101010111001:1 1010101010111010:1 1010101010111011:2 1010101010111100:1 1010101010111111:1 1010101011000101:1 1010101011001001:1 1010101011001011:1 1010101011011001:1 1010101011011011:1 1101010100001001:1 1101010100010010:1 1101010100101111:1 1101010100110010:1 1101010100110110:1 1101010100111001:1 1101010100111110:2 1101010101000001:2 1101010101000110:1 1101010101000111:1 1101010101001000:2 1101010101001001:3 1101010101001011:3 1101010101001100:2 1101010101001101:1 1101010101001110:1 1101010101001111:2 1101010101010000:5 1101010101010001:10 1101010101010010:13 1101010101010011:25 1101010101010100:94 1101010101010101:1713 1101010101010110:433 1101010101010111:67 1101010101011000:28 1101010101011001:9 1101010101011010:12 1101010101011011:1 1101010101011100:6 1101010101011101:3 1101010101011110:1 1101010101011111:1 1101010101100001:2 1101010101100010:1 1101010101100101:1 1101010101100110:1 1101010101100111:1 1101010101101010:1 1101010101101011:1 1101010101101111:1 1101010101110010:1 1101010101111000:1 1101010110001110:1 1101010110011010:1 1101010110110101:1 1101010111001110:1 1101011001011010:1 }

	Command being timed: "python3 shor.py 16"
	User time (seconds): 33.57
	System time (seconds): 1.70
	Percent of CPU this job got: 98%
	Elapsed (wall clock) time (h:mm:ss or m:ss): 0:35.83
	Average shared text size (kbytes): 0
	Average unshared data size (kbytes): 0
	Average stack size (kbytes): 0
	Average total size (kbytes): 0
	Maximum resident set size (kbytes): 1838564
	Average resident set size (kbytes): 0
	Major (requiring I/O) page faults: 0
	Minor (reclaiming a frame) page faults: 1066201
	Voluntary context switches: 4178
	Involuntary context switches: 483
	Swaps: 0
	File system inputs: 0
	File system outputs: 24
	Socket messages sent: 0
	Socket messages received: 0
	Signals delivered: 0
	Page size (bytes): 4096
	Exit status: 0
Measurement results for a=5 and N=21 with 16 qubits in the control register 
{ 0000000000000000:2471 0010000110101011:1 0010100011111110:1 0010100110110011:1 0010100110111111:1 0010101001001011:1 0010101001011001:1 0010101001101101:1 0010101001111011:1 0010101010000111:1 0010101010001000:1 0010101010001011:3 0010101010001100:1 0010101010001111:1 0010101010010001:1 0010101010010011:1 0010101010011001:1 0010101010011011:1 0010101010011100:3 0010101010011101:4 0010101010011111:2 0010101010100000:1 0010101010100001:1 0010101010100010:3 0010101010100011:3 0010101010100100:4 0010101010100101:3 0010101010100110:9 0010101010100111:13 0010101010101000:25 0010101010101001:81 0010101010101010:434 0010101010101011:1691 0010101010101100:104 0010101010101101:40 0010101010101110:16 0010101010101111:7 0010101010110000:5 0010101010110001:5 0010101010110010:6 0010101010110100:5 0010101010110101:1 0010101010110110:4 0010101010110111:1 0010101010111000:2 0010101010111011:1 0010101011000000:1 0010101011000011:1 0010101011000101:1 0010101011000110:1 0010101011001101:1 0010101011010100:1 0010101011110001:1 0010101101011100:1 0010110011100101:1 0010110110110001:1 0101001110110001:1 0101010100100101:1 0101010100110010:1 0101010100110011:1 0101010100111010:1 0101010101000011:1 0101010101000100:1 0101010101000101:1 0101010101000111:1 0101010101001000:1 0101010101001001:1 0101010101001010:1 0101010101001011:2 0101010101001100:2 0101010101001101:5 0101010101001110:8 0101010101001111:3 0101010101010000:12 0101010101010001:9 0101010101010010:23 0101010101010011:32 0101010101010100:118 0101010101010101:1733 0101010101010110:414 0101010101010111:67 0101010101011000:21 0101010101011001:17 0101010101011010:9 0101010101011011:9 0101010101011100:4 0101010101011101:3 0101010101011110:4 0101010101011111:1 0101010101100000:2 0101010101100010:2 0101010101100011:1 0101010101100101:1 0101010101110101:1 0101010101110111:1 0101010101111100:1 0101010110000110:1 0101010110001101:1 0101010111110011:1 0101100110101011:1 0101110000001110:1 1000000000000000:2452 1010101000000100:1 1010101000011100:1 1010101001101110:1 1010101010000100:1 1010101010000101:1 1010101010001100:1 1010101010010001:1 1010101010010011:1 1010101010010101:2 1010101010011010:1 1010101010011011:1 1010101010011100:2 1010101010011101:2 1010101010011110:1 1010101010011111:1 1010101010100000:3 1010101010100001:4 1010101010100010:3 1010101010100011:3 1010101010100100:3 1010101010100101:6 1010101010100110:5 1010101010100111:20 1010101010101000:23 1010101010101001:77 1010101010101010:414 1010101010101011:1710 1010101010101100:135 1010101010101101:36 1010101010101110:12 1010101010101111:10 1010101010110000:6 1010101010110001:2 1010101010110010:4 1010101010110011:3 1010101010110100:3 1010101010110101:2 1010101010110110:3 1010101010110111:1 1010101010111001:1 1010101010111101:2 1010101011000011:1 1010101011000101:1 1010101011000111:1 1010101011001010:1 1010101011001101:1 1010101011001111:1 1010101011011000:1 1010101011100011:1 1010101100010001:1 1010101100100100:1 1010101101000101:1 1101010011010100:1 1101010011101011:1 1101010011111110:1 1101010100010011:1 1101010100100001:1 1101010100100101:1 1101010100101111:1 1101010100110011:3 1101010100111000:1 1101010100111100:1 1101010100111110:1 1101010101000000:1 1101010101000100:2 1101010101000111:1 1101010101001000:1 1101010101001001:2 1101010101001010:3 1101010101001100:1 1101010101001101:3 1101010101001110:4 1101010101001111:9 1101010101010000:8 1101010101010001:7 1101010101010010:19 1101010101010011:29 1101010101010100:120 1101010101010101:1724 1101010101010110:433 1101010101010111:76 1101010101011000:16 1101010101011001:18 1101010101011010:3 1101010101011011:8 1101010101011100:2 1101010101011101:9 1101010101011110:3 1101010101011111:1 1101010101100000:1 1101010101100001:1 1101010101100010:2 1101010101100011:1 1101010101100100:1 1101010101100101:1 1101010101100110:2 1101010101101000:1 1101010101101100:1 1101010101110001:1 1101010110000111:1 1101010110010100:1 1101010110011101:1 1101100110101111:1 }

	Command being timed: "python3 shor.py 16"
	User time (seconds): 33.62
	System time (seconds): 1.70
	Percent of CPU this job got: 97%
	Elapsed (wall clock) time (h:mm:ss or m:ss): 0:36.17
	Average shared text size (kbytes): 0
	Average unshared data size (kbytes): 0
	Average stack size (kbytes): 0
	Average total size (kbytes): 0
	Maximum resident set size (kbytes): 1838884
	Average resident set size (kbytes): 0
	Major (requiring I/O) page faults: 0
	Minor (reclaiming a frame) page faults: 1063451
	Voluntary context switches: 7233
	Involuntary context switches: 479
	Swaps: 0
	File system inputs: 0
	File system outputs: 24
	Socket messages sent: 0
	Socket messages received: 0
	Signals delivered: 0
	Page size (bytes): 4096
	Exit status: 0
Measurement results for a=5 and N=21 with 16 qubits in the control register 
{ 0000000000000000:2519 0010011110010100:1 0010100101101110:1 0010101000111001:1 0010101001110000:1 0010101010001000:1 0010101010001101:1 0010101010001110:1 0010101010001111:1 0010101010010000:1 0010101010011010:3 0010101010011011:2 0010101010011100:1 0010101010011101:3 0010101010011110:1 0010101010011111:3 0010101010100000:1 0010101010100001:4 0010101010100010:1 0010101010100011:7 0010101010100100:5 0010101010100101:10 0010101010100110:10 0010101010100111:22 0010101010101000:34 0010101010101001:69 0010101010101010:442 0010101010101011:1684 0010101010101100:121 0010101010101101:32 0010101010101110:19 0010101010101111:7 0010101010110000:4 0010101010110001:5 0010101010110010:4 0010101010110011:6 0010101010110101:3 0010101010110110:2 0010101010110111:1 0010101010111001:4 0010101011000010:1 0010101011000111:1 0010101011010110:1 0010101011011111:1 0010101011101001:1 0010101101110101:1 0101001101101000:1 0101010011111000:1 0101010100000101:1 0101010100010010:1 0101010100011000:1 0101010100011001:1 0101010100011101:1 0101010100110001:1 0101010100111111:1 0101010101000001:1 0101010101000011:1 0101010101000110:1 0101010101000111:1 0101010101001000:1 0101010101001010:2 0101010101001100:4 0101010101001101:2 0101010101001110:2 0101010101001111:5 0101010101010000:8 0101010101010001:8 0101010101010010:21 0101010101010011:27 0101010101010100:93 0101010101010101:1727 0101010101010110:401 0101010101010111:65 0101010101011000:33 0101010101011001:13 0101010101011010:11 0101010101011011:4 0101010101011100:5 0101010101011101:4 0101010101011110:4 0101010101011111:2 0101010101100000:3 0101010101100001:2 0101010101100100:2 0101010101100110:1 0101010101101000:1 0101010101110000:1 0101010110000100:1 0101010110001100:1 0101010110100010:1 0101010110100100:1 0101011001010000:1 1000000000000000:2460 1010100101110111:1 1010100111111000:1 1010101000111000:1 1010101001011010:1 1010101001110000:1 1010101010010000:1 1010101010010101:1 1010101010010111:2 1010101010011011:1 1010101010011100:1 1010101010011110:3 1010101010100000:2 1010101010100001:2 1010101010100010:3 1010101010100011:1 1010101010100100:1 1010101010100101:3 1010101010100110:11 1010101010100111:14 1010101010101000:34 1010101010101001:66 1010101010101010:454 1010101010101011:1715 1010101010101100:102 1010101010101101:32 1010101010101110:17 1010101010101111:8 1010101010110000:5 1010101010110001:9 1010101010110010:4 1010101010110011:1 1010101010110100:2 1010101010110101:3 1010101010110110:2 1010101010110111:1 1010101010111000:1 1010101010111001:1 1010101010111011:2 1010101010111100:1 1010101010111110:1 1010101011000011:1 1010101011011010:1 1010101011100101:1 1010101011100110:1 1010101011110010:1 1010101011111101:1 1010110000110110:1 1101010010010100:1 1101010100001110:1 1101010100011001:1 1101010100011011:1 1101010100011100:1 1101010100100110:1 1101010100100111:1 1101010100101110:1 1101010100101111:1 1101010100110011:1 1101010101000000:2 1101010101000001:1 1101010101000010:1 1101010101000011:1 1101010101000110:1 1101010101001000:2 1101010101001001:2 1101010101001011:1 1101010101001100:1 1101010101001101:5 1101010101001110:4 1101010101001111:6 1101010101010000:11 1101010101010001:7 1101010101010010:16 1101010101010011:36 1101010101010100:110 1101010101010101:1699 1101010101010110:434 1101010101010111:72 1101010101011000:20 1101010101011001:14 1101010101011010:11 1101010101011011:7 1101010101011100:5 1101010101011101:7 1101010101011110:2 1101010101011111:1 1101010101100000:4 1101010101100001:1 1101010101100010:1 1101010101100011:1 1101010101100100:1 1101010101100101:1 1101010101101001:1 1101010101101011:2 1101010101101101:1 1101010101110000:1 1101010110001000:1 1101011001110011:1 1101011100111100:1 1111010001101110:1 }

	Command being timed: "python3 shor.py 16"
	User time (seconds): 33.69
	System time (seconds): 1.71
	Percent of CPU this job got: 98%
	Elapsed (wall clock) time (h:mm:ss or m:ss): 0:35.92
	Average shared text size (kbytes): 0
	Average unshared data size (kbytes): 0
	Average stack size (kbytes): 0
	Average total size (kbytes): 0
	Maximum resident set size (kbytes): 1836728
	Average resident set size (kbytes): 0
	Major (requiring I/O) page faults: 0
	Minor (reclaiming a frame) page faults: 1063743
	Voluntary context switches: 4173
	Involuntary context switches: 478
	Swaps: 0
	File system inputs: 0
	File system outputs: 24
	Socket messages sent: 0
	Socket messages received: 0
	Signals delivered: 0
	Page size (bytes): 4096
	Exit status: 0
Measurement results for a=5 and N=21 with 16 qubits in the control register 
{ 0000000000000000:2484 0010100111100111:1 0010101000011110:1 0010101001001011:1 0010101001011100:1 0010101010000000:1 0010101010000010:1 0010101010000110:1 0010101010010000:1 0010101010010011:1 0010101010010101:1 0010101010010110:1 0010101010011100:1 0010101010011101:1 0010101010011110:3 0010101010011111:2 0010101010100001:1 0010101010100010:3 0010101010100011:3 0010101010100100:3 0010101010100101:2 0010101010100110:7 0010101010100111:16 0010101010101000:36 0010101010101001:70 0010101010101010:419 0010101010101011:1701 0010101010101100:117 0010101010101101:31 0010101010101110:16 0010101010101111:9 0010101010110000:6 0010101010110001:1 0010101010110010:5 0010101010110011:1 0010101010110100:2 0010101010110101:2 0010101010110110:2 0010101010110111:2 0010101010111000:1 0010101010111001:1 0010101010111010:1 0010101010111100:1 0010101010111101:2 0010101011000100:1 0010101011001110:1 0010101011001111:1 0010101011010011:1 0010101011010110:1 0010101011011010:1 0010101011011111:1 0010101011100111:1 0010101100010100:1 0010111000101001:1 0101010011001000:1 0101010100001110:1 0101010100101111:1 0101010100110010:1 0101010100110110:1 0101010100110111:1 0101010100111000:1 0101010100111100:1 0101010101000001:1 0101010101000010:2 0101010101000011:1 0101010101000100:1 0101010101000110:1 0101010101000111:1 0101010101001000:1 0101010101001001:1 0101010101001010:2 0101010101001011:3 0101010101001100:3 0101010101001101:2 0101010101001110:4 0101010101001111:3 0101010101010000:11 0101010101010001:12 0101010101010010:21 0101010101010011:29 0101010101010100:113 0101010101010101:1727 0101010101010110:452 0101010101010111:75 0101010101011000:29 0101010101011001:14 0101010101011010:6 0101010101011011:6 0101010101011100:2 0101010101011101:3 0101010101011110:6 0101010101011111:3 0101010101100000:2 0101010101100001:3 0101010101100010:1 0101010101100011:3 0101010101100100:2 0101010101110001:1 0101010101110101:1 0101010101110110:1 0101010110000111:1 0101010110100000:1 0101010110111110:1 0101011001011001:1 0101011001100101:1 0101011100111110:1 1000000000000000:2468 1010101001000100:1 1010101001100110:1 1010101001110001:1 1010101001110100:1 1010101001110110:2 1010101001111100:1 1010101010000110:1 1010101010010100:1 1010101010010110:1 1010101010010111:1 1010101010011010:1 1010101010011110:1 1010101010011111:1 1010101010100000:4 1010101010100001:1 1010101010100010:1 1010101010100011:4 1010101010100100:6 1010101010100101:5 1010101010100110:9 1010101010100111:17 1010101010101000:39 1010101010101001:72 1010101010101010:402 1010101010101011:1714 1010101010101100:100 1010101010101101:33 1010101010101110:13 1010101010101111:10 1010101010110000:7 1010101010110001:7 1010101010110010:4 1010101010110011:4 1010101010110100:5 1010101010110101:1 1010101010110110:1 1010101010110111:2 1010101010111000:2 1010101010111011:2 1010101010111101:1 1010101010111111:1 1010101011000100:1 1010101011001111:1 1010101011010101:1 1010101011011101:1 1010101011100011:1 1010101011111100:1 1010101100000100:1 1010101100010110:1 1010110000101010:1 1100101001011111:1 1100101011101111:1 1101010011010000:1 1101010011100011:1 1101010100011001:1 1101010100101001:1 1101010100101111:1 1101010100110010:1 1101010100110101:1 1101010100110111:1 1101010101000010:1 1101010101000011:1 1101010101000110:3 1101010101000111:1 1101010101001000:1 1101010101001001:1 1101010101001011:2 1101010101001100:1 1101010101001101:1 1101010101001110:2 1101010101001111:4 1101010101010000:8 1101010101010001:9 1101010101010010:16 1101010101010011:35 1101010101010100:121 1101010101010101:1718 1101010101010110:424 1101010101010111:64 1101010101011000:29 1101010101011001:13 1101010101011010:6 1101010101011011:8 1101010101011100:9 1101010101011101:3 1101010101011110:2 1101010101011111:3 1101010101100001:2 1101010101100010:2 1101010101100111:2 1101010101101110:1 1101010101110010:1 1101010101110101:1 1101011000010011:1 }

	Command being timed: "python3 shor.py 16"
	User time (seconds): 33.80
	System time (seconds): 1.73
	Percent of CPU this job got: 97%
	Elapsed (wall clock) time (h:mm:ss or m:ss): 0:36.27
	Average shared text size (kbytes): 0
	Average unshared data size (kbytes): 0
	Average stack size (kbytes): 0
	Average total size (kbytes): 0
	Maximum resident set size (kbytes): 1836628
	Average resident set size (kbytes): 0
	Major (requiring I/O) page faults: 0
	Minor (reclaiming a frame) page faults: 1067751
	Voluntary context switches: 7276
	Involuntary context switches: 522
	Swaps: 0
	File system inputs: 0
	File system outputs: 24
	Socket messages sent: 0
	Socket messages received: 0
	Signals delivered: 0
	Page size (bytes): 4096
	Exit status: 0
Measurement results for a=5 and N=21 with 16 qubits in the control register 
{ 0000000000000000:2462 0010011011110111:1 0010100111001001:1 0010100111011000:1 0010101010000010:2 0010101010001010:1 0010101010001011:1 0010101010010100:1 0010101010010101:1 0010101010010110:1 0010101010011000:1 0010101010011011:1 0010101010011100:1 0010101010011101:3 0010101010011110:2 0010101010100000:1 0010101010100001:4 0010101010100011:2 0010101010100100:3 0010101010100101:9 0010101010100110:7 0010101010100111:13 0010101010101000:38 0010101010101001:77 0010101010101010:405 0010101010101011:1759 0010101010101100:114 0010101010101101:30 0010101010101110:14 0010101010101111:14 0010101010110000:7 0010101010110001:3 0010101010110010:2 0010101010110101:1 0010101010111001:2 0010101010111010:2 0010101010111011:4 0010101010111110:1 0010101011000001:1 0010101011000101:1 0010101011011001:2 0010101011100011:1 0010101011101011:1 0010101011111100:1 0010101011111101:1 0010101110101100:1 0010110011110101:1 0101010001001011:1 0101010001011101:1 0101010011010100:1 0101010011100001:1 0101010100010010:1 0101010100011110:2 0101010100101011:1 0101010100110100:1 0101010100111001:1 0101010100111100:1 0101010101000000:1 0101010101000011:2 0101010101000101:1 0101010101000110:2 0101010101000111:2 0101010101001001:1 0101010101001010:1 0101010101001011:2 0101010101001100:3 0101010101001101:4 0101010101001110:2 0101010101001111:4 0101010101010000:6 0101010101010001:7 0101010101010010:10 0101010101010011:37 0101010101010100:106 0101010101010101:1742 0101010101010110:383 0101010101010111:53 0101010101011000:25 0101010101011001:16 0101010101011010:9 0101010101011011:7 0101010101011100:9 0101010101011101:1 0101010101011110:3 0101010101011111:4 0101010101100000:2 0101010101100001:4 0101010101100010:1 0101010101100011:1 0101010101101100:1 0101010101101101:1 0101010101101110:2 0101010101111000:1 0101010110000100:1 0101010110100001:1 1000000000000000:2440 1010101000001000:1 1010101000110010:1 1010101000110101:1 1010101001101011:1 1010101010001010:1 1010101010001100:2 1010101010010011:1 1010101010010100:2 1010101010010111:1 1010101010011000:1 1010101010011010:1 1010101010011100:1 1010101010011101:1 1010101010011110:1 1010101010100000:1 1010101010100001:2 1010101010100010:2 1010101010100011:5 1010101010100100:6 1010101010100101:10 1010101010100110:7 1010101010100111:15 1010101010101000:13 1010101010101001:68 1010101010101010:434 1010101010101011:1742 1010101010101100:99 1010101010101101:30 1010101010101110:26 1010101010101111:6 1010101010110000:7 1010101010110001:3 1010101010110010:5 1010101010110011:3 1010101010110100:2 1010101010110110:1 1010101010110111:1 1010101010111001:2 1010101010111011:1 1010101010111100:2 1010101011000101:1 1010101011001000:1 1010101011001001:1 1010101011001110:1 1010101011011000:1 1010101100101010:1 1011000000010101:1 1101001101111001:1 1101010011100000:1 1101010011110001:1 1101010011110010:1 1101010011111101:1 1101010100001001:1 1101010100010000:1 1101010100010101:1 1101010100100100:1 1101010100100111:1 1101010100101101:1 1101010100110011:1 1101010100111111:1 1101010101000000:2 1101010101000010:1 1101010101000110:3 1101010101000111:3 1101010101001000:1 1101010101001001:3 1101010101001100:3 1101010101001101:1 1101010101001110:7 1101010101001111:5 1101010101010000:7 1101010101010001:14 1101010101010010:16 1101010101010011:34 1101010101010100:126 1101010101010101:1753 1101010101010110:419 1101010101010111:72 1101010101011000:27 1101010101011001:22 1101010101011010:10 1101010101011011:4 1101010101011100:10 1101010101011101:2 1101010101011110:1 1101010101100000:1 1101010101100001:1 1101010101100010:1 1101010101100011:3 1101010101100100:1 1101010101100110:1 1101010101101001:1 1101010101101111:1 1101010101110000:1 1101010101110100:1 1101010101111001:1 1101011010001010:1 }

	Command being timed: "python3 shor.py 16"
	User time (seconds): 33.62
	System time (seconds): 1.69
	Percent of CPU this job got: 98%
	Elapsed (wall clock) time (h:mm:ss or m:ss): 0:35.82
	Average shared text size (kbytes): 0
	Average unshared data size (kbytes): 0
	Average stack size (kbytes): 0
	Average total size (kbytes): 0
	Maximum resident set size (kbytes): 1838040
	Average resident set size (kbytes): 0
	Major (requiring I/O) page faults: 0
	Minor (reclaiming a frame) page faults: 1045311
	Voluntary context switches: 4182
	Involuntary context switches: 483
	Swaps: 0
	File system inputs: 0
	File system outputs: 24
	Socket messages sent: 0
	Socket messages received: 0
	Signals delivered: 0
	Page size (bytes): 4096
	Exit status: 0
