WARNING: overwriting environment variables set in the machine
overwriting variable ['LD_LIBRARY_PATH']
Measurement results for a=5 and N=21 with 10 qubits in the control register 
{ 0000000000:2456 0000111001:1 0001001010:1 0001101010:1 0001110000:1 0001110011:1 0001110111:1 0001111000:1 0001111110:1 0010000110:1 0010001011:1 0010010001:1 0010010110:1 0010010111:1 0010011101:1 0010011110:1 0010011111:2 0010100000:1 0010100001:2 0010100011:2 0010100100:5 0010100101:7 0010100110:7 0010100111:11 0010101000:30 0010101001:63 0010101010:434 0010101011:1690 0010101100:107 0010101101:23 0010101110:6 0010101111:16 0010110000:6 0010110001:2 0010110010:7 0010110011:5 0010110100:3 0010110101:2 0010110110:4 0010110111:1 0010111000:1 0010111010:3 0010111011:1 0010111100:1 0011000000:1 0011000001:2 0011000010:1 0011000011:1 0011000101:1 0011011101:1 0100001000:1 0100100101:1 0100101011:1 0100111001:1 0100111010:1 0100111011:1 0101000000:2 0101000001:1 0101000101:1 0101000110:1 0101001001:5 0101001010:2 0101001100:2 0101001101:2 0101001110:5 0101001111:7 0101010000:9 0101010001:13 0101010010:17 0101010011:32 0101010100:94 0101010101:1779 0101010110:427 0101010111:76 0101011000:29 0101011001:15 0101011010:12 0101011011:5 0101011100:3 0101011101:5 0101011110:1 0101011111:2 0101100000:3 0101100001:1 0101100010:1 0101100100:1 0101100111:1 0101101010:2 0101110100:1 0101111000:1 0110000100:2 0110101010:1 0110101111:1 1000000000:2485 1000000110:1 1000101110:1 1000111010:1 1001000110:1 1001011000:1 1001110011:1 1010001001:1 1010001010:1 1010001011:1 1010001101:1 1010001111:1 1010010010:2 1010011000:2 1010011011:1 1010011100:2 1010011110:1 1010011111:4 1010100000:1 1010100001:3 1010100010:2 1010100011:3 1010100100:5 1010100101:6 1010100110:7 1010100111:14 1010101000:33 1010101001:62 1010101010:429 1010101011:1685 1010101100:103 1010101101:34 1010101110:15 1010101111:7 1010110000:6 1010110001:3 1010110010:3 1010110011:3 1010110100:2 1010110110:4 1010111000:1 1010111001:2 1010111010:2 1010111101:1 1010111110:1 1011000001:1 1011000100:1 1011000110:1 1011001000:1 1011001001:1 1011001100:1 1011100111:1 1011110010:1 1100000101:2 1100001011:2 1100010001:1 1100011011:1 1100101101:1 1100111001:2 1100111111:1 1101000001:1 1101000010:1 1101000011:1 1101000100:3 1101000101:1 1101000110:1 1101001000:2 1101001010:3 1101001011:1 1101001100:4 1101001101:4 1101001111:6 1101010000:7 1101010001:7 1101010010:24 1101010011:36 1101010100:129 1101010101:1769 1101010110:413 1101010111:50 1101011000:18 1101011001:23 1101011010:11 1101011011:3 1101011100:5 1101011101:4 1101011110:3 1101011111:3 1101100000:1 1101100001:3 1101100011:1 1101100110:1 1101101010:1 1101110010:1 1101110110:1 1101111100:1 1101111101:1 1101111110:1 1110000010:1 1111001011:1 1111100011:1 1111111101:1 }

	Command being timed: "python3 shor.py 10"
	User time (seconds): 2.02
	System time (seconds): 1.24
	Percent of CPU this job got: 65%
	Elapsed (wall clock) time (h:mm:ss or m:ss): 0:05.03
	Average shared text size (kbytes): 0
	Average unshared data size (kbytes): 0
	Average stack size (kbytes): 0
	Average total size (kbytes): 0
	Maximum resident set size (kbytes): 715612
	Average resident set size (kbytes): 0
	Major (requiring I/O) page faults: 58
	Minor (reclaiming a frame) page faults: 115091
	Voluntary context switches: 11337
	Involuntary context switches: 43
	Swaps: 0
	File system inputs: 0
	File system outputs: 16
	Socket messages sent: 0
	Socket messages received: 0
	Signals delivered: 0
	Page size (bytes): 4096
	Exit status: 0
Measurement results for a=5 and N=21 with 10 qubits in the control register 
{ 0000000000:2476 0000110011:1 0001100101:1 0001110111:1 0001111111:1 0010001010:1 0010001100:1 0010010101:1 0010010111:1 0010011001:3 0010011100:1 0010011101:1 0010011110:1 0010011111:4 0010100000:2 0010100001:3 0010100010:2 0010100011:2 0010100100:1 0010100101:2 0010100110:8 0010100111:11 0010101000:26 0010101001:68 0010101010:409 0010101011:1802 0010101100:111 0010101101:38 0010101110:17 0010101111:8 0010110000:11 0010110001:5 0010110010:2 0010110011:4 0010110101:2 0010110110:3 0010110111:1 0010111001:1 0010111011:1 0010111110:1 0010111111:1 0011000000:1 0011000001:1 0011000011:1 0011001000:1 0011001001:1 0011001110:2 0011010011:1 0011010111:1 0011101110:1 0011110100:1 0011111000:1 0011111001:1 0100000010:1 0100000110:1 0100010010:1 0100010100:1 0100110001:1 0100110010:1 0100110110:1 0100111001:1 0100111100:1 0101000001:1 0101000010:1 0101000011:1 0101000100:2 0101000110:1 0101000111:2 0101001000:1 0101001010:3 0101001011:1 0101001100:1 0101001101:5 0101001110:4 0101001111:5 0101010000:7 0101010001:14 0101010010:15 0101010011:42 0101010100:114 0101010101:1697 0101010110:403 0101010111:65 0101011000:20 0101011001:14 0101011010:8 0101011011:6 0101011100:6 0101011101:1 0101011110:2 0101011111:1 0101100010:1 0101100100:1 0101100101:1 0101101001:1 0101101011:1 0101101101:1 0101110001:1 0101110101:1 0101111101:1 0110000001:1 0110000100:1 0110010001:1 0110100111:1 0111110011:1 1000000000:2494 1001010000:1 1001100110:1 1001110101:1 1001111010:1 1010000111:2 1010001000:1 1010001001:1 1010001010:1 1010010000:1 1010010100:2 1010010110:1 1010011000:1 1010011001:1 1010011011:2 1010011100:2 1010011110:3 1010100000:2 1010100010:2 1010100011:3 1010100100:3 1010100101:6 1010100110:7 1010100111:12 1010101000:31 1010101001:77 1010101010:434 1010101011:1660 1010101100:101 1010101101:41 1010101110:12 1010101111:13 1010110000:11 1010110001:2 1010110010:4 1010110011:3 1010110100:4 1010110101:2 1010110110:3 1010110111:1 1010111000:1 1011000000:1 1011000100:1 1011000111:1 1011010110:1 1011010111:1 1011011111:1 1011100100:1 1011101010:1 1011101011:1 1011101111:1 1011110110:1 1011111100:1 1100001011:1 1100011100:1 1100100010:1 1100100011:1 1100100111:2 1100111101:3 1100111111:1 1101000001:1 1101000011:1 1101000110:1 1101001000:1 1101001010:1 1101001011:4 1101001100:4 1101001101:4 1101001110:4 1101001111:9 1101010000:12 1101010001:10 1101010010:10 1101010011:33 1101010100:109 1101010101:1736 1101010110:410 1101010111:73 1101011000:30 1101011001:14 1101011010:13 1101011011:6 1101011100:1 1101011101:6 1101011110:3 1101100000:1 1101100001:2 1101100011:2 1101100100:1 1101100101:1 1101100110:1 1101100111:2 1101101011:1 1101110001:1 1101111100:1 1110010000:1 1110011101:1 1110101011:1 }

	Command being timed: "python3 shor.py 10"
	User time (seconds): 1.99
	System time (seconds): 1.02
	Percent of CPU this job got: 77%
	Elapsed (wall clock) time (h:mm:ss or m:ss): 0:03.91
	Average shared text size (kbytes): 0
	Average unshared data size (kbytes): 0
	Average stack size (kbytes): 0
	Average total size (kbytes): 0
	Maximum resident set size (kbytes): 714792
	Average resident set size (kbytes): 0
	Major (requiring I/O) page faults: 0
	Minor (reclaiming a frame) page faults: 116292
	Voluntary context switches: 4024
	Involuntary context switches: 47
	Swaps: 0
	File system inputs: 0
	File system outputs: 24
	Socket messages sent: 0
	Socket messages received: 0
	Signals delivered: 0
	Page size (bytes): 4096
	Exit status: 0
Measurement results for a=5 and N=21 with 10 qubits in the control register 
{ 0000000000:2558 0000010110:1 0000011000:1 0001110101:1 0010000111:1 0010001000:1 0010001001:1 0010001010:1 0010001110:1 0010001111:2 0010010011:1 0010010110:2 0010011010:2 0010011011:2 0010011110:2 0010011111:2 0010100000:2 0010100001:4 0010100010:3 0010100011:7 0010100100:8 0010100101:4 0010100110:11 0010100111:9 0010101000:29 0010101001:74 0010101010:421 0010101011:1746 0010101100:115 0010101101:33 0010101110:15 0010101111:7 0010110000:10 0010110001:9 0010110010:5 0010110011:3 0010110100:3 0010110101:5 0010110110:2 0010110111:2 0010111010:1 0010111110:1 0011010100:1 0011011111:1 0011100110:1 0100010101:1 0100100111:1 0100110010:1 0100111000:1 0100111100:1 0100111110:3 0101000110:1 0101001000:2 0101001010:2 0101001011:3 0101001100:3 0101001101:3 0101001110:4 0101001111:4 0101010000:4 0101010001:9 0101010010:19 0101010011:36 0101010100:108 0101010101:1657 0101010110:425 0101010111:73 0101011000:31 0101011001:17 0101011010:3 0101011011:3 0101011100:4 0101011101:2 0101011111:3 0101100001:1 0101100010:1 0101100011:3 0101100110:1 0101101000:2 0101101001:2 0101101010:1 0101110001:1 0101111111:1 0110000000:1 0110010011:1 0110111000:1 1000000000:2491 1001010001:1 1001010111:1 1001011010:1 1001101110:1 1001111100:1 1010000000:1 1010000100:1 1010001111:1 1010010101:1 1010010111:1 1010011000:1 1010011001:1 1010011010:3 1010011100:2 1010011101:1 1010011110:1 1010011111:3 1010100001:1 1010100010:4 1010100011:7 1010100100:7 1010100101:8 1010100110:11 1010100111:8 1010101000:29 1010101001:72 1010101010:415 1010101011:1666 1010101100:88 1010101101:28 1010101110:14 1010101111:6 1010110000:8 1010110001:3 1010110010:5 1010110011:5 1010110100:4 1010110101:3 1010110111:3 1010111001:2 1010111010:2 1010111011:1 1010111100:1 1010111110:1 1011000000:1 1011000011:1 1011000110:1 1011000111:1 1011010001:1 1011011010:1 1011011110:1 1011110001:1 1100100101:1 1100100110:1 1100101000:1 1100101100:1 1100111011:1 1100111101:2 1101000011:1 1101000100:1 1101000111:1 1101001000:1 1101001001:2 1101001010:3 1101001100:1 1101001101:4 1101001110:4 1101001111:5 1101010000:3 1101010001:7 1101010010:16 1101010011:37 1101010100:104 1101010101:1726 1101010110:419 1101010111:83 1101011000:18 1101011001:19 1101011010:10 1101011011:8 1101011100:3 1101011101:4 1101011111:6 1101100000:3 1101100001:2 1101100010:1 1101100011:5 1101100100:1 1101100110:2 1101100111:1 1101101000:2 1101101001:1 1101101010:1 1101101011:1 1101101100:2 1101101101:1 1101110000:1 1101110001:3 1101110011:1 1101110111:1 1110001110:1 1110101011:1 1110101111:1 1110111100:1 }

	Command being timed: "python3 shor.py 10"
	User time (seconds): 2.02
	System time (seconds): 0.98
	Percent of CPU this job got: 88%
	Elapsed (wall clock) time (h:mm:ss or m:ss): 0:03.41
	Average shared text size (kbytes): 0
	Average unshared data size (kbytes): 0
	Average stack size (kbytes): 0
	Average total size (kbytes): 0
	Maximum resident set size (kbytes): 716840
	Average resident set size (kbytes): 0
	Major (requiring I/O) page faults: 0
	Minor (reclaiming a frame) page faults: 115755
	Voluntary context switches: 3905
	Involuntary context switches: 45
	Swaps: 0
	File system inputs: 0
	File system outputs: 24
	Socket messages sent: 0
	Socket messages received: 0
	Signals delivered: 0
	Page size (bytes): 4096
	Exit status: 0
Measurement results for a=5 and N=21 with 10 qubits in the control register 
{ 0000000000:2438 0000110000:1 0001100110:1 0001110000:1 0001110010:1 0001111001:1 0010000000:1 0010001101:1 0010010100:1 0010010101:1 0010011001:1 0010011011:2 0010011100:3 0010011101:1 0010011110:1 0010011111:3 0010100000:2 0010100001:1 0010100010:5 0010100011:1 0010100100:5 0010100101:4 0010100110:10 0010100111:19 0010101000:27 0010101001:71 0010101010:443 0010101011:1709 0010101100:97 0010101101:37 0010101110:8 0010101111:10 0010110000:4 0010110001:3 0010110010:3 0010110011:1 0010110100:2 0010110101:2 0010110110:2 0010110111:2 0010111010:1 0010111011:2 0010111101:1 0010111110:1 0011000010:1 0011000101:1 0011001000:1 0011010000:1 0011100100:1 0011101000:1 0011101011:1 0011111001:1 0011111111:1 0100000110:1 0100001000:1 0100100010:1 0100100011:1 0100110011:1 0100111000:1 0100111001:2 0100111011:1 0100111101:1 0100111111:1 0101000000:1 0101000110:2 0101001010:1 0101001100:1 0101001101:4 0101001110:2 0101001111:9 0101010000:5 0101010001:9 0101010010:20 0101010011:29 0101010100:115 0101010101:1751 0101010110:429 0101010111:69 0101011000:30 0101011001:12 0101011010:4 0101011011:11 0101011100:2 0101011101:2 0101011110:2 0101011111:2 0101100000:2 0101100001:1 0101100011:2 0101100100:1 0101100101:2 0101101000:1 0101101001:1 0101101010:1 0101101100:1 0101110000:1 0101110100:1 0101110110:1 0101111011:1 0101111101:1 0101111111:1 0110001111:1 0110010001:1 0111001100:1 1000000000:2525 1000101111:1 1000111011:1 1001010110:1 1001100111:1 1001101110:1 1001111001:2 1001111010:1 1001111110:1 1010000111:1 1010001101:1 1010001110:1 1010010100:2 1010010111:1 1010011000:2 1010011011:1 1010011101:1 1010011111:3 1010100000:4 1010100001:1 1010100010:2 1010100011:5 1010100100:6 1010100101:6 1010100110:10 1010100111:16 1010101000:34 1010101001:72 1010101010:403 1010101011:1726 1010101100:118 1010101101:23 1010101110:14 1010101111:6 1010110000:6 1010110001:3 1010110010:2 1010110011:1 1010110100:1 1010110101:4 1010110110:1 1010111000:2 1010111010:2 1010111100:1 1010111101:1 1010111110:1 1011000000:2 1011000001:1 1011000011:1 1011001011:2 1011010111:1 1011011000:1 1011110001:1 1011110111:1 1100001001:1 1100011101:1 1100101101:1 1100101110:1 1100110110:1 1100111111:1 1101000000:1 1101000011:1 1101000101:2 1101000110:1 1101001000:1 1101001001:1 1101001010:1 1101001011:4 1101001100:3 1101001101:1 1101001110:4 1101001111:9 1101010000:6 1101010001:12 1101010010:14 1101010011:31 1101010100:105 1101010101:1725 1101010110:413 1101010111:53 1101011000:31 1101011001:18 1101011010:12 1101011011:5 1101011100:4 1101011101:1 1101011110:1 1101011111:1 1101100000:2 1101100010:1 1101100011:1 1101100100:2 1101100101:1 1101100111:1 1101101000:1 1101101101:1 1101101110:1 1101110000:1 1101110001:1 1101110101:2 1101111100:1 1101111111:1 1110000011:1 1110110000:1 1111011101:1 1111100100:1 }

	Command being timed: "python3 shor.py 10"
	User time (seconds): 2.02
	System time (seconds): 0.98
	Percent of CPU this job got: 86%
	Elapsed (wall clock) time (h:mm:ss or m:ss): 0:03.47
	Average shared text size (kbytes): 0
	Average unshared data size (kbytes): 0
	Average stack size (kbytes): 0
	Average total size (kbytes): 0
	Maximum resident set size (kbytes): 718416
	Average resident set size (kbytes): 0
	Major (requiring I/O) page faults: 0
	Minor (reclaiming a frame) page faults: 115494
	Voluntary context switches: 3914
	Involuntary context switches: 44
	Swaps: 0
	File system inputs: 0
	File system outputs: 24
	Socket messages sent: 0
	Socket messages received: 0
	Signals delivered: 0
	Page size (bytes): 4096
	Exit status: 0
Measurement results for a=5 and N=21 with 10 qubits in the control register 
{ 0000000000:2491 0000010000:1 0001100000:1 0001110001:1 0001111010:1 0010000010:1 0010001101:1 0010001110:3 0010010000:1 0010011001:1 0010011010:2 0010011011:2 0010011100:2 0010011101:1 0010011111:1 0010100000:2 0010100001:2 0010100010:3 0010100011:3 0010100100:5 0010100101:6 0010100110:11 0010100111:19 0010101000:21 0010101001:67 0010101010:467 0010101011:1720 0010101100:96 0010101101:40 0010101110:14 0010101111:8 0010110000:5 0010110001:7 0010110010:2 0010110011:1 0010110100:2 0010110101:3 0010110110:1 0010110111:1 0010111000:1 0010111001:1 0010111010:2 0010111100:1 0010111110:2 0011000011:1 0011000100:1 0011001000:1 0011010011:1 0011011000:1 0011011011:2 0011111110:1 0100000111:1 0100001101:1 0100011011:1 0100101010:1 0100101100:1 0100101110:1 0100110000:2 0101000001:2 0101000010:1 0101000011:1 0101000100:2 0101000101:2 0101000110:1 0101000111:1 0101001001:2 0101001010:1 0101001101:1 0101001110:3 0101001111:10 0101010000:7 0101010001:5 0101010010:16 0101010011:42 0101010100:123 0101010101:1705 0101010110:444 0101010111:65 0101011000:28 0101011001:9 0101011010:10 0101011011:5 0101011100:1 0101011101:5 0101011110:1 0101011111:3 0101100010:1 0101100100:2 0101101000:1 0101110101:1 0101111000:1 0101111010:1 0110001111:1 0110110010:1 0110111110:1 1000000000:2490 1000100001:1 1000110001:1 1001001111:1 1001110111:1 1010000011:1 1010001010:1 1010001100:1 1010001110:2 1010010000:1 1010010001:1 1010011001:1 1010011010:2 1010011100:1 1010011111:1 1010100000:3 1010100001:5 1010100010:1 1010100011:3 1010100100:6 1010100101:4 1010100110:6 1010100111:25 1010101000:29 1010101001:73 1010101010:413 1010101011:1654 1010101100:86 1010101101:35 1010101110:16 1010101111:13 1010110000:13 1010110001:3 1010110010:1 1010110011:6 1010110100:1 1010110101:2 1010110110:1 1010110111:2 1010111010:1 1010111100:1 1010111101:1 1010111111:1 1011000010:1 1011000101:2 1011000110:1 1011001010:1 1011010001:1 1011011011:1 1011011110:1 1011011111:1 1100001010:1 1100011000:1 1100011011:1 1100100001:1 1100100011:1 1100101011:1 1100110011:1 1100110100:2 1100110110:1 1100111001:1 1100111010:1 1100111011:1 1100111100:1 1100111101:1 1101000001:1 1101000010:1 1101000101:1 1101000111:2 1101001000:2 1101001010:2 1101001011:1 1101001100:2 1101001101:2 1101001110:3 1101001111:5 1101010000:5 1101010001:11 1101010010:18 1101010011:20 1101010100:96 1101010101:1725 1101010110:446 1101010111:85 1101011000:25 1101011001:9 1101011010:10 1101011011:7 1101011100:5 1101011101:6 1101011110:2 1101011111:4 1101100000:3 1101100001:3 1101100011:2 1101100100:2 1101100111:1 1101101001:1 1101101100:1 1101110011:2 1110001001:1 1110001111:1 1110011110:1 1110101111:1 1111000001:1 1111000100:1 1111011100:1 1111101001:1 1111111011:1 }

	Command being timed: "python3 shor.py 10"
	User time (seconds): 2.00
	System time (seconds): 1.01
	Percent of CPU this job got: 80%
	Elapsed (wall clock) time (h:mm:ss or m:ss): 0:03.74
	Average shared text size (kbytes): 0
	Average unshared data size (kbytes): 0
	Average stack size (kbytes): 0
	Average total size (kbytes): 0
	Maximum resident set size (kbytes): 717300
	Average resident set size (kbytes): 0
	Major (requiring I/O) page faults: 0
	Minor (reclaiming a frame) page faults: 116182
	Voluntary context switches: 3960
	Involuntary context switches: 42
	Swaps: 0
	File system inputs: 0
	File system outputs: 24
	Socket messages sent: 0
	Socket messages received: 0
	Signals delivered: 0
	Page size (bytes): 4096
	Exit status: 0
Measurement results for a=5 and N=21 with 10 qubits in the control register 
{ 0000000000:2524 0000101110:1 0001110001:1 0001110101:1 0010000000:1 0010000110:1 0010001010:2 0010001110:1 0010010010:1 0010010100:1 0010010101:1 0010010110:1 0010010111:3 0010011001:1 0010011101:1 0010011111:4 0010100000:4 0010100010:1 0010100011:3 0010100100:3 0010100101:7 0010100110:7 0010100111:23 0010101000:31 0010101001:66 0010101010:430 0010101011:1693 0010101100:91 0010101101:30 0010101110:13 0010101111:10 0010110000:6 0010110001:6 0010110010:8 0010110011:2 0010110100:6 0010110101:4 0010110110:4 0010111001:1 0010111100:1 0010111101:1 0010111111:1 0011000010:2 0011000011:2 0011001000:1 0011001100:1 0011010001:1 0011100010:1 0011100101:1 0100000001:1 0100011101:1 0100100110:1 0100101111:1 0100110000:1 0100110110:1 0100111000:1 0100111001:1 0100111101:1 0100111111:1 0101000000:1 0101000101:2 0101000110:1 0101000111:2 0101001001:1 0101001011:2 0101001100:2 0101001101:2 0101001110:5 0101001111:1 0101010000:2 0101010001:12 0101010010:12 0101010011:37 0101010100:114 0101010101:1657 0101010110:408 0101010111:68 0101011000:28 0101011001:16 0101011010:9 0101011011:4 0101011100:2 0101011101:4 0101011110:3 0101011111:1 0101100001:2 0101100010:1 0101100101:1 0101100110:1 0101101000:1 0101101001:1 0101101010:1 0101110111:2 0101111001:1 0101111100:1 0101111111:1 0110000000:1 0110001000:1 0110011110:1 0111001011:1 0111100011:1 1000000000:2531 1000001100:1 1000010100:1 1000101101:2 1000110111:1 1000111101:1 1001010010:1 1001110000:1 1001110011:1 1010001001:1 1010010101:1 1010010110:1 1010011000:1 1010011001:1 1010011010:1 1010011011:2 1010011100:2 1010011101:2 1010011110:3 1010100000:1 1010100001:3 1010100010:2 1010100011:3 1010100100:4 1010100101:4 1010100110:3 1010100111:16 1010101000:36 1010101001:92 1010101010:421 1010101011:1738 1010101100:100 1010101101:36 1010101110:10 1010101111:9 1010110000:4 1010110001:7 1010110010:8 1010110011:4 1010110100:1 1010110101:2 1010110110:3 1010110111:1 1010111001:1 1010111011:1 1010111110:3 1011000000:1 1011000011:1 1011001001:1 1011001011:1 1011001101:1 1011001110:1 1011100110:1 1100000011:1 1100001111:1 1100011111:1 1100111001:1 1100111010:1 1100111111:1 1101000000:1 1101000010:1 1101000101:1 1101000110:1 1101000111:1 1101001000:1 1101001010:2 1101001011:6 1101001100:4 1101001101:3 1101001110:5 1101001111:7 1101010000:10 1101010001:13 1101010010:17 1101010011:48 1101010100:106 1101010101:1651 1101010110:454 1101010111:71 1101011000:29 1101011001:15 1101011010:7 1101011011:5 1101011100:4 1101011101:7 1101011110:2 1101011111:1 1101100000:2 1101100001:1 1101100010:3 1101100011:2 1101100111:1 1101101000:1 1101101010:1 1101110001:1 1101111110:1 1110010111:1 1111000100:1 1111011100:1 }

	Command being timed: "python3 shor.py 10"
	User time (seconds): 2.04
	System time (seconds): 0.98
	Percent of CPU this job got: 84%
	Elapsed (wall clock) time (h:mm:ss or m:ss): 0:03.58
	Average shared text size (kbytes): 0
	Average unshared data size (kbytes): 0
	Average stack size (kbytes): 0
	Average total size (kbytes): 0
	Maximum resident set size (kbytes): 718132
	Average resident set size (kbytes): 0
	Major (requiring I/O) page faults: 0
	Minor (reclaiming a frame) page faults: 116303
	Voluntary context switches: 3974
	Involuntary context switches: 50
	Swaps: 0
	File system inputs: 0
	File system outputs: 16
	Socket messages sent: 0
	Socket messages received: 0
	Signals delivered: 0
	Page size (bytes): 4096
	Exit status: 0
Measurement results for a=5 and N=21 with 10 qubits in the control register 
{ 0000000000:2466 0000111010:1 0001011110:1 0001011111:1 0001100011:1 0001110011:1 0010000010:1 0010001000:1 0010010101:1 0010010110:1 0010011001:1 0010011010:3 0010011011:2 0010011100:2 0010011110:1 0010011111:1 0010100000:1 0010100010:4 0010100011:3 0010100100:5 0010100101:8 0010100110:5 0010100111:17 0010101000:29 0010101001:68 0010101010:401 0010101011:1715 0010101100:109 0010101101:22 0010101110:15 0010101111:13 0010110000:7 0010110001:4 0010110010:5 0010110011:2 0010110100:1 0010110101:1 0010110110:3 0010111000:1 0010111001:1 0010111010:1 0010111011:1 0010111110:1 0011000101:1 0011001000:1 0011001001:1 0011010000:1 0011100011:1 0100000011:1 0100001000:1 0100001111:1 0100101100:1 0100110000:1 0100110110:1 0100111000:2 0100111011:1 0100111111:3 0101000100:1 0101000110:1 0101000111:2 0101001000:2 0101001001:2 0101001011:1 0101001100:4 0101001101:1 0101001110:2 0101001111:6 0101010000:5 0101010001:10 0101010010:21 0101010011:26 0101010100:112 0101010101:1751 0101010110:414 0101010111:72 0101011000:18 0101011001:16 0101011010:9 0101011011:7 0101011100:1 0101011101:4 0101011110:1 0101011111:1 0101100000:1 0101100100:1 0101100101:1 0101101000:1 0101101001:1 0101101110:1 0101110110:1 0110100110:1 0110101111:1 0110110000:1 0111000100:1 1000000000:2501 1000110010:1 1001000101:1 1001110001:1 1001110101:1 1001111110:1 1010000001:1 1010000100:1 1010001111:1 1010010100:1 1010010101:1 1010010111:2 1010011001:1 1010011010:1 1010011011:2 1010011100:3 1010011101:1 1010011110:3 1010011111:1 1010100000:4 1010100001:3 1010100010:1 1010100011:3 1010100100:4 1010100101:3 1010100110:11 1010100111:19 1010101000:34 1010101001:81 1010101010:427 1010101011:1715 1010101100:109 1010101101:41 1010101110:14 1010101111:16 1010110000:9 1010110001:5 1010110010:3 1010110011:4 1010110100:3 1010110101:2 1010110110:2 1010110111:2 1010111000:2 1010111010:1 1010111100:2 1010111110:1 1011000000:1 1011000001:1 1011000011:1 1011000110:1 1011001011:1 1011010101:2 1011101001:1 1011111001:1 1100001101:1 1100011110:1 1100100111:1 1100101100:1 1100110101:1 1101000010:1 1101000011:1 1101000101:2 1101000110:1 1101001001:1 1101001010:3 1101001100:3 1101001101:2 1101001110:2 1101001111:6 1101010000:6 1101010001:13 1101010010:21 1101010011:42 1101010100:109 1101010101:1687 1101010110:442 1101010111:72 1101011000:28 1101011001:9 1101011010:8 1101011011:5 1101011100:5 1101011101:1 1101011110:1 1101011111:4 1101100000:3 1101100001:1 1101100010:1 1101100100:1 1101100110:1 1101101000:1 1101101001:2 1101101010:1 1101110000:1 1101110010:1 1101110100:1 1110000110:2 1110010001:1 1110010110:1 1110011010:1 }

	Command being timed: "python3 shor.py 10"
	User time (seconds): 2.01
	System time (seconds): 1.00
	Percent of CPU this job got: 86%
	Elapsed (wall clock) time (h:mm:ss or m:ss): 0:03.48
	Average shared text size (kbytes): 0
	Average unshared data size (kbytes): 0
	Average stack size (kbytes): 0
	Average total size (kbytes): 0
	Maximum resident set size (kbytes): 718492
	Average resident set size (kbytes): 0
	Major (requiring I/O) page faults: 0
	Minor (reclaiming a frame) page faults: 123081
	Voluntary context switches: 3923
	Involuntary context switches: 43
	Swaps: 0
	File system inputs: 0
	File system outputs: 16
	Socket messages sent: 0
	Socket messages received: 0
	Signals delivered: 0
	Page size (bytes): 4096
	Exit status: 0
Measurement results for a=5 and N=21 with 10 qubits in the control register 
{ 0000000000:2532 0000001101:1 0000010000:1 0000101010:1 0000111110:1 0000111111:1 0001011101:1 0001011110:1 0001100000:1 0001110010:1 0001111010:1 0010000011:1 0010000110:1 0010001010:1 0010010000:2 0010010101:1 0010011000:1 0010011001:1 0010011010:3 0010011011:1 0010011101:2 0010011111:1 0010100000:1 0010100001:3 0010100010:4 0010100011:5 0010100100:6 0010100101:9 0010100110:7 0010100111:22 0010101000:23 0010101001:75 0010101010:377 0010101011:1729 0010101100:103 0010101101:40 0010101110:14 0010101111:17 0010110000:8 0010110001:1 0010110010:6 0010110100:5 0010110101:2 0010110110:2 0010111001:3 0010111010:1 0010111100:1 0010111110:1 0010111111:1 0011000011:2 0011000101:1 0011001011:1 0011010110:1 0011011011:1 0011011101:1 0011101010:1 0011110011:1 0100010110:1 0100011110:1 0100101100:1 0100110101:1 0100111100:1 0101000010:2 0101000110:1 0101001000:1 0101001001:3 0101001010:1 0101001011:1 0101001100:2 0101001101:2 0101001110:3 0101001111:5 0101010000:7 0101010001:11 0101010010:15 0101010011:25 0101010100:99 0101010101:1656 0101010110:402 0101010111:64 0101011000:32 0101011001:7 0101011010:18 0101011011:6 0101011100:5 0101011101:1 0101011110:3 0101011111:3 0101100000:3 0101100001:1 0101100011:1 0101100100:1 0101100111:1 0101101000:2 0101101010:1 0101101110:1 0101110011:1 0101110100:1 0110000000:1 0110000110:2 0110001000:1 0110001010:1 0111111011:1 1000000000:2494 1000001111:1 1000110111:1 1001100001:1 1001110101:1 1001111110:1 1010000011:1 1010001011:2 1010010100:1 1010010110:1 1010010111:3 1010011000:1 1010011001:2 1010011011:1 1010011101:2 1010011111:4 1010100000:3 1010100001:2 1010100010:1 1010100011:5 1010100100:2 1010100101:8 1010100110:9 1010100111:15 1010101000:26 1010101001:66 1010101010:441 1010101011:1722 1010101100:108 1010101101:30 1010101110:18 1010101111:15 1010110000:4 1010110001:4 1010110010:4 1010110011:3 1010110100:1 1010110101:4 1010110110:1 1010110111:2 1010111000:2 1010111001:2 1010111010:2 1010111011:2 1010111110:1 1010111111:2 1011000010:1 1011000100:1 1011001010:1 1011001110:1 1011010000:1 1011011011:1 1011100000:1 1011100100:1 1011111010:1 1100000010:2 1100001110:1 1100011000:1 1100101000:1 1100101001:1 1100111100:1 1100111111:1 1101000010:1 1101000011:2 1101000100:1 1101001001:3 1101001010:1 1101001011:1 1101001100:3 1101001101:1 1101001110:3 1101001111:6 1101010000:10 1101010001:10 1101010010:10 1101010011:39 1101010100:112 1101010101:1700 1101010110:463 1101010111:65 1101011000:26 1101011001:17 1101011010:8 1101011011:9 1101011100:8 1101011101:3 1101011110:3 1101011111:4 1101100000:1 1101100001:4 1101100010:3 1101100100:2 1101100101:1 1101101000:1 1101101010:1 1101110101:1 1101111000:1 1110000000:1 1110000010:1 1110011011:1 1110011100:1 1110011110:1 1111001101:1 }

	Command being timed: "python3 shor.py 10"
	User time (seconds): 2.03
	System time (seconds): 0.99
	Percent of CPU this job got: 86%
	Elapsed (wall clock) time (h:mm:ss or m:ss): 0:03.48
	Average shared text size (kbytes): 0
	Average unshared data size (kbytes): 0
	Average stack size (kbytes): 0
	Average total size (kbytes): 0
	Maximum resident set size (kbytes): 717012
	Average resident set size (kbytes): 0
	Major (requiring I/O) page faults: 1
	Minor (reclaiming a frame) page faults: 116159
	Voluntary context switches: 4003
	Involuntary context switches: 54
	Swaps: 0
	File system inputs: 0
	File system outputs: 24
	Socket messages sent: 0
	Socket messages received: 0
	Signals delivered: 0
	Page size (bytes): 4096
	Exit status: 0
Measurement results for a=5 and N=21 with 10 qubits in the control register 
{ 0000000000:2501 0000100011:1 0000101100:1 0000111101:1 0001110000:1 0001110010:1 0010000010:1 0010001110:2 0010001111:1 0010011010:1 0010011110:1 0010011111:3 0010100000:1 0010100001:3 0010100010:2 0010100011:2 0010100100:6 0010100101:5 0010100110:11 0010100111:10 0010101000:26 0010101001:63 0010101010:435 0010101011:1741 0010101100:105 0010101101:27 0010101110:13 0010101111:9 0010110000:5 0010110001:5 0010110010:6 0010110011:1 0010110100:2 0010110101:1 0010110110:2 0010110111:2 0010111110:2 0011001101:1 0011101000:1 0011101100:1 0011110111:1 0100001101:1 0100010101:1 0100011011:1 0100100000:1 0100101010:1 0100101111:1 0100110010:1 0100110011:1 0100110100:1 0100110101:1 0100111011:2 0100111101:1 0101000001:1 0101000101:1 0101001000:1 0101001001:2 0101001010:4 0101001100:5 0101001101:3 0101001110:2 0101001111:6 0101010000:4 0101010001:9 0101010010:15 0101010011:29 0101010100:102 0101010101:1732 0101010110:435 0101010111:63 0101011000:19 0101011001:21 0101011010:8 0101011011:10 0101011100:2 0101011101:4 0101011110:5 0101011111:1 0101100000:1 0101100001:2 0101100010:2 0101100011:1 0101100100:1 0101100111:1 0101101000:1 0101101010:3 0101110000:2 0101110100:1 0101111001:1 0101111101:1 0110001001:1 0110010110:1 0110101010:1 0111000011:1 0111000111:1 0111010110:1 0111011011:1 0111011101:1 1000000000:2498 1001000001:1 1010000001:1 1010001010:1 1010010000:1 1010010011:2 1010011000:1 1010011001:1 1010011011:1 1010011101:1 1010011110:1 1010011111:3 1010100000:2 1010100001:1 1010100010:1 1010100011:3 1010100100:7 1010100101:4 1010100110:7 1010100111:16 1010101000:20 1010101001:58 1010101010:416 1010101011:1748 1010101100:94 1010101101:34 1010101110:13 1010101111:13 1010110000:5 1010110001:6 1010110010:3 1010110011:3 1010110100:2 1010110101:2 1010110110:3 1010111001:4 1010111010:2 1010111101:1 1010111110:1 1011000001:1 1011000010:1 1011000011:1 1011000100:1 1011000110:2 1011001000:1 1011010001:1 1011100010:1 1011101010:1 1011110000:1 1011111001:1 1100011111:2 1100101001:1 1100110101:1 1100111011:1 1101000000:1 1101000001:1 1101000010:3 1101000011:3 1101000100:1 1101000101:1 1101001001:1 1101001010:2 1101001100:1 1101001101:2 1101001110:2 1101001111:4 1101010000:5 1101010001:12 1101010010:24 1101010011:34 1101010100:94 1101010101:1724 1101010110:423 1101010111:64 1101011000:25 1101011001:12 1101011010:8 1101011011:6 1101011101:5 1101011110:2 1101100000:3 1101100010:1 1101100100:1 1101101000:1 1101101011:1 1101101101:2 1101110001:1 1110000101:1 1110010010:1 1110101010:1 1110110000:1 1110110101:1 1111010100:1 }

	Command being timed: "python3 shor.py 10"
	User time (seconds): 2.00
	System time (seconds): 1.01
	Percent of CPU this job got: 86%
	Elapsed (wall clock) time (h:mm:ss or m:ss): 0:03.48
	Average shared text size (kbytes): 0
	Average unshared data size (kbytes): 0
	Average stack size (kbytes): 0
	Average total size (kbytes): 0
	Maximum resident set size (kbytes): 719932
	Average resident set size (kbytes): 0
	Major (requiring I/O) page faults: 0
	Minor (reclaiming a frame) page faults: 116525
	Voluntary context switches: 3852
	Involuntary context switches: 41
	Swaps: 0
	File system inputs: 0
	File system outputs: 24
	Socket messages sent: 0
	Socket messages received: 0
	Signals delivered: 0
	Page size (bytes): 4096
	Exit status: 0
Measurement results for a=5 and N=21 with 10 qubits in the control register 
{ 0000000000:2580 0000111110:1 0001100011:1 0001111010:1 0010010000:1 0010010101:1 0010010110:1 0010011010:1 0010011100:1 0010011101:1 0010100000:2 0010100001:5 0010100010:1 0010100011:3 0010100100:6 0010100101:9 0010100110:4 0010100111:15 0010101000:27 0010101001:53 0010101010:396 0010101011:1741 0010101100:117 0010101101:29 0010101110:15 0010101111:5 0010110000:6 0010110001:5 0010110010:6 0010110011:4 0010110100:5 0010110101:2 0010111000:3 0010111100:1 0010111101:1 0010111111:1 0011000010:2 0011000111:1 0011001011:2 0011011000:1 0011100111:1 0011110000:1 0100001011:1 0100011001:1 0100011011:1 0100100111:1 0100101000:1 0100101001:1 0100110111:1 0100111010:1 0100111100:1 0101000011:2 0101000100:1 0101000101:1 0101001000:1 0101001001:2 0101001010:3 0101001011:1 0101001100:1 0101001101:6 0101001110:2 0101001111:3 0101010000:8 0101010001:10 0101010010:14 0101010011:33 0101010100:100 0101010101:1711 0101010110:386 0101010111:65 0101011000:28 0101011001:16 0101011010:4 0101011011:5 0101011100:4 0101011101:6 0101011110:3 0101011111:1 0101100000:1 0101100001:4 0101100101:1 0101101000:3 0101101011:2 0101110011:2 0101110100:1 0110011111:1 0110100010:1 0110101110:1 0110110110:1 1000000000:2554 1001011111:1 1001110011:1 1001111100:1 1001111111:1 1010000010:1 1010000101:1 1010010010:1 1010010011:1 1010010110:1 1010010111:1 1010011000:2 1010011011:3 1010011101:2 1010011111:1 1010100000:1 1010100010:5 1010100100:1 1010100101:3 1010100110:5 1010100111:12 1010101000:36 1010101001:73 1010101010:421 1010101011:1733 1010101100:93 1010101101:40 1010101110:19 1010101111:8 1010110000:7 1010110001:4 1010110010:3 1010110011:2 1010110100:3 1010110101:1 1010110110:1 1010111000:1 1010111001:2 1010111100:1 1010111101:1 1010111110:1 1011000000:1 1011000100:1 1011001000:1 1011001001:1 1011001011:1 1011010001:2 1011011000:1 1011100101:1 1011100111:1 1011101000:1 1011101011:1 1011111001:1 1011111111:1 1100010000:1 1100011011:2 1100100110:1 1100111000:1 1100111011:1 1100111101:1 1100111111:1 1101000000:1 1101000011:1 1101000100:1 1101000110:1 1101000111:2 1101001000:3 1101001010:1 1101001011:1 1101001100:4 1101001101:3 1101001111:5 1101010000:7 1101010001:8 1101010010:14 1101010011:35 1101010100:96 1101010101:1714 1101010110:388 1101010111:48 1101011000:23 1101011001:11 1101011010:13 1101011011:8 1101011100:5 1101011101:5 1101011110:5 1101011111:1 1101100000:2 1101100010:1 1101100011:1 1101100100:1 1101100101:1 1101100110:5 1101101001:1 1101101010:1 1101101101:1 1101101110:1 1101110000:1 1101110101:1 1101111000:1 1110000010:1 1110001100:1 1110010010:1 1111011000:1 }

	Command being timed: "python3 shor.py 10"
	User time (seconds): 2.00
	System time (seconds): 0.99
	Percent of CPU this job got: 85%
	Elapsed (wall clock) time (h:mm:ss or m:ss): 0:03.49
	Average shared text size (kbytes): 0
	Average unshared data size (kbytes): 0
	Average stack size (kbytes): 0
	Average total size (kbytes): 0
	Maximum resident set size (kbytes): 717024
	Average resident set size (kbytes): 0
	Major (requiring I/O) page faults: 0
	Minor (reclaiming a frame) page faults: 115981
	Voluntary context switches: 3863
	Involuntary context switches: 43
	Swaps: 0
	File system inputs: 0
	File system outputs: 24
	Socket messages sent: 0
	Socket messages received: 0
	Signals delivered: 0
	Page size (bytes): 4096
	Exit status: 0
