WARNING: overwriting environment variables set in the machine
overwriting variable ['LD_LIBRARY_PATH']
Measurement results for a=5 and N=21 with 19 qubits in the control register 
{ 0000000000000000000:2539 0010101001111011100:1 0010101010011100100:1 0010101010100011011:1 0010101010100101010:1 0010101010100101011:1 0010101010100101110:1 0010101010100110010:1 0010101010100110101:1 0010101010100110111:1 0010101010100111010:1 0010101010100111110:1 0010101010101000001:1 0010101010101000010:1 0010101010101000011:1 0010101010101000100:1 0010101010101000101:1 0010101010101000110:3 0010101010101001000:1 0010101010101001010:4 0010101010101001011:2 0010101010101001100:4 0010101010101001101:2 0010101010101001110:2 0010101010101001111:2 0010101010101010000:3 0010101010101010001:12 0010101010101010010:18 0010101010101010011:33 0010101010101010100:106 0010101010101010101:1639 0010101010101010110:377 0010101010101010111:64 0010101010101011000:21 0010101010101011001:17 0010101010101011010:11 0010101010101011011:4 0010101010101011100:5 0010101010101011101:3 0010101010101011110:3 0010101010101011111:2 0010101010101100000:2 0010101010101100011:2 0010101010101100101:2 0010101010101100110:1 0010101010101101001:1 0010101010101110011:2 0010101010101110111:1 0010101010110000111:1 0010101100111101001:1 0101010101000101011:1 0101010101010000001:1 0101010101010000111:1 0101010101010001001:1 0101010101010001101:1 0101010101010001111:1 0101010101010010010:1 0101010101010010110:1 0101010101010011000:1 0101010101010011001:2 0101010101010011011:1 0101010101010011101:1 0101010101010011110:3 0101010101010100000:1 0101010101010100001:1 0101010101010100010:2 0101010101010100011:4 0101010101010100100:3 0101010101010100101:12 0101010101010100110:11 0101010101010100111:18 0101010101010101000:21 0101010101010101001:63 0101010101010101010:438 0101010101010101011:1707 0101010101010101100:109 0101010101010101101:39 0101010101010101110:15 0101010101010101111:9 0101010101010110000:5 0101010101010110001:7 0101010101010110010:5 0101010101010110011:1 0101010101010110101:2 0101010101010110111:1 0101010101010111000:1 0101010101010111001:3 0101010101011000001:1 0101010101011000110:1 0101010101011010001:1 0101010101011011100:1 0101010101110011100:1 1000000000000000000:2530 1010101010001101101:1 1010101010011100110:1 1010101010100100110:1 1010101010100101110:1 1010101010100101111:3 1010101010100110111:2 1010101010100111011:1 1010101010100111101:1 1010101010101000010:1 1010101010101000111:2 1010101010101001000:1 1010101010101001100:2 1010101010101001101:2 1010101010101001110:5 1010101010101001111:7 1010101010101010000:6 1010101010101010001:8 1010101010101010010:14 1010101010101010011:40 1010101010101010100:101 1010101010101010101:1786 1010101010101010110:435 1010101010101010111:61 1010101010101011000:32 1010101010101011001:19 1010101010101011010:6 1010101010101011011:8 1010101010101011100:6 1010101010101011101:2 1010101010101011110:2 1010101010101011111:1 1010101010101100000:1 1010101010101100001:1 1010101010101100010:1 1010101010101100011:1 1010101010101100100:1 1010101010101100110:1 1010101010101100111:1 1010101010101101011:1 1010101010101101101:1 1010101010101110111:1 1010101010110111000:1 1010101011000101101:1 1101010100111010010:1 1101010101000100111:1 1101010101001110010:1 1101010101010000111:1 1101010101010001101:1 1101010101010010110:1 1101010101010011001:1 1101010101010011010:1 1101010101010011011:1 1101010101010100000:3 1101010101010100001:1 1101010101010100010:4 1101010101010100011:1 1101010101010100100:5 1101010101010100101:3 1101010101010100110:15 1101010101010100111:20 1101010101010101000:28 1101010101010101001:77 1101010101010101010:443 1101010101010101011:1695 1101010101010101100:84 1101010101010101101:33 1101010101010101110:21 1101010101010101111:12 1101010101010110000:11 1101010101010110001:5 1101010101010110010:3 1101010101010110011:1 1101010101010110100:2 1101010101010110101:2 1101010101010110110:2 1101010101010110111:2 1101010101010111000:3 1101010101010111011:1 1101010101010111101:2 1101010101010111110:1 1101010101010111111:1 1101010101011001010:1 1101010101011001110:1 1101010101011101101:1 1101010101100010010:1 1101010110010110001:1 }

	Command being timed: "python3 shor.py 19"
	User time (seconds): 2719.77
	System time (seconds): 17.50
	Percent of CPU this job got: 99%
	Elapsed (wall clock) time (h:mm:ss or m:ss): 45:45.48
	Average shared text size (kbytes): 0
	Average unshared data size (kbytes): 0
	Average stack size (kbytes): 0
	Average total size (kbytes): 0
	Maximum resident set size (kbytes): 10085744
	Average resident set size (kbytes): 0
	Major (requiring I/O) page faults: 2
	Minor (reclaiming a frame) page faults: 35725218
	Voluntary context switches: 38214
	Involuntary context switches: 36203
	Swaps: 0
	File system inputs: 344
	File system outputs: 24
	Socket messages sent: 0
	Socket messages received: 0
	Signals delivered: 0
	Page size (bytes): 4096
	Exit status: 0
Measurement results for a=5 and N=21 with 19 qubits in the control register 
{ 0000000000000000000:2524 0010101010010000000:1 0010101010011100001:1 0010101010100000101:1 0010101010100010101:1 0010101010100011001:1 0010101010100011011:1 0010101010100111000:1 0010101010100111100:1 0010101010100111111:1 0010101010101000010:1 0010101010101000101:1 0010101010101000110:1 0010101010101000111:2 0010101010101001001:3 0010101010101001011:1 0010101010101001100:3 0010101010101001101:2 0010101010101001110:3 0010101010101001111:6 0010101010101010000:11 0010101010101010001:10 0010101010101010010:20 0010101010101010011:32 0010101010101010100:123 0010101010101010101:1675 0010101010101010110:481 0010101010101010111:67 0010101010101011000:24 0010101010101011001:15 0010101010101011010:8 0010101010101011011:5 0010101010101011100:4 0010101010101011101:2 0010101010101011110:1 0010101010101011111:3 0010101010101100000:2 0010101010101100001:2 0010101010101100010:2 0010101010101100011:1 0010101010101100100:2 0010101010101100101:1 0010101010101100110:1 0010101010101101011:1 0010101010101101110:1 0010101010101111100:1 0010101010110010000:1 0010101010111000101:1 0101010100100000011:1 0101010100100100010:1 0101010101001000000:1 0101010101001010000:1 0101010101001010111:1 0101010101001011001:1 0101010101001100101:1 0101010101001100111:1 0101010101001110010:1 0101010101001110100:1 0101010101001110110:1 0101010101010000001:1 0101010101010000010:1 0101010101010000111:1 0101010101010001100:1 0101010101010001110:1 0101010101010010010:1 0101010101010010110:1 0101010101010010111:2 0101010101010011001:1 0101010101010011010:3 0101010101010011101:2 0101010101010011110:2 0101010101010011111:1 0101010101010100000:2 0101010101010100001:3 0101010101010100010:1 0101010101010100011:2 0101010101010100100:6 0101010101010100101:2 0101010101010100110:9 0101010101010100111:8 0101010101010101000:24 0101010101010101001:87 0101010101010101010:419 0101010101010101011:1694 0101010101010101100:105 0101010101010101101:29 0101010101010101110:13 0101010101010101111:13 0101010101010110000:11 0101010101010110010:6 0101010101010110011:3 0101010101010110100:3 0101010101010110110:1 0101010101010110111:1 0101010101010111000:1 0101010101010111001:1 0101010101010111011:1 0101010101010111101:2 0101010101011000100:1 0101010101011000101:1 0101010101011000110:1 0101010101011001000:2 0101010101011001100:1 0101010101011010100:1 0101010101011011011:1 1000000000000000000:2476 1010101010000110001:1 1010101010000111101:1 1010101010100000001:1 1010101010100001111:1 1010101010100010001:1 1010101010100100111:1 1010101010100101100:1 1010101010100101110:1 1010101010100110010:1 1010101010100110110:1 1010101010100111000:1 1010101010100111101:1 1010101010100111111:1 1010101010101000100:2 1010101010101000110:1 1010101010101000111:1 1010101010101001001:3 1010101010101001100:2 1010101010101001101:4 1010101010101001110:4 1010101010101001111:6 1010101010101010000:11 1010101010101010001:9 1010101010101010010:16 1010101010101010011:37 1010101010101010100:114 1010101010101010101:1739 1010101010101010110:408 1010101010101010111:60 1010101010101011000:25 1010101010101011001:15 1010101010101011010:13 1010101010101011011:9 1010101010101011100:7 1010101010101011101:4 1010101010101011110:4 1010101010101011111:1 1010101010101100000:1 1010101010101100001:2 1010101010101100010:2 1010101010101100011:1 1010101010101100101:2 1010101010101101000:1 1010101010101101001:2 1010101010101101110:1 1010101010101111011:1 1010101010101111100:1 1010101010110101110:1 1010101010110110111:1 1010101010111011101:1 1101010100110000001:1 1101010101000101110:1 1101010101001010110:1 1101010101010010110:1 1101010101010011011:1 1101010101010011100:3 1101010101010011110:1 1101010101010011111:1 1101010101010100001:2 1101010101010100010:3 1101010101010100011:3 1101010101010100100:2 1101010101010100101:8 1101010101010100110:7 1101010101010100111:11 1101010101010101000:37 1101010101010101001:82 1101010101010101010:428 1101010101010101011:1670 1101010101010101100:97 1101010101010101101:39 1101010101010101110:15 1101010101010101111:7 1101010101010110000:10 1101010101010110001:7 1101010101010110011:1 1101010101010110110:1 1101010101010111000:3 1101010101010111011:1 1101010101010111101:1 1101010101010111110:1 1101010101011000000:1 1101010101011000010:1 1101010101011000011:1 1101010101011000101:1 1101010101011001001:1 1101010101011001011:1 1101010101011001110:1 1101010101011001111:1 1101010101011010011:1 1101010101011011110:1 1101010101011100100:1 1101010101011110010:1 1101010101011110011:1 1101010101011111001:1 1101010101011111110:1 1101101110000100110:1 }

	Command being timed: "python3 shor.py 19"
	User time (seconds): 2734.24
	System time (seconds): 18.45
	Percent of CPU this job got: 99%
	Elapsed (wall clock) time (h:mm:ss or m:ss): 46:00.84
	Average shared text size (kbytes): 0
	Average unshared data size (kbytes): 0
	Average stack size (kbytes): 0
	Average total size (kbytes): 0
	Maximum resident set size (kbytes): 10084684
	Average resident set size (kbytes): 0
	Major (requiring I/O) page faults: 0
	Minor (reclaiming a frame) page faults: 37698642
	Voluntary context switches: 34479
	Involuntary context switches: 36399
	Swaps: 0
	File system inputs: 0
	File system outputs: 24
	Socket messages sent: 0
	Socket messages received: 0
	Signals delivered: 0
	Page size (bytes): 4096
	Exit status: 0
Measurement results for a=5 and N=21 with 19 qubits in the control register 
{ 0000000000000000000:2411 0010101010100011001:1 0010101010100100000:1 0010101010100101100:1 0010101010100110100:1 0010101010100110101:1 0010101010100110110:1 0010101010100111111:1 0010101010101000001:1 0010101010101000010:1 0010101010101000101:1 0010101010101000110:1 0010101010101001000:1 0010101010101001010:2 0010101010101001011:1 0010101010101001100:1 0010101010101001101:6 0010101010101001110:1 0010101010101001111:10 0010101010101010000:9 0010101010101010001:13 0010101010101010010:15 0010101010101010011:33 0010101010101010100:97 0010101010101010101:1712 0010101010101010110:407 0010101010101010111:73 0010101010101011000:18 0010101010101011001:17 0010101010101011010:10 0010101010101011011:4 0010101010101011100:5 0010101010101011101:4 0010101010101011110:3 0010101010101011111:4 0010101010101100000:1 0010101010101100001:3 0010101010101100010:1 0010101010101100011:3 0010101010101100101:2 0010101010101100111:1 0010101010101101010:1 0010101010101101011:3 0010101010101101100:2 0010101010101110000:1 0010101010101110111:1 0010101010101111000:1 0010101010101111010:1 0010101010110000010:1 0010101010110000110:1 0010101010110001000:1 0010101010110100001:1 0010101010110101000:1 0101010100111101110:1 0101010101001000001:1 0101010101001100011:1 0101010101001101100:1 0101010101001110011:1 0101010101010000100:1 0101010101010000101:1 0101010101010001000:1 0101010101010001101:1 0101010101010010010:1 0101010101010010101:1 0101010101010010110:1 0101010101010010111:1 0101010101010011001:1 0101010101010011010:1 0101010101010011100:1 0101010101010011101:2 0101010101010011111:5 0101010101010100000:3 0101010101010100001:1 0101010101010100010:3 0101010101010100011:4 0101010101010100100:5 0101010101010100101:2 0101010101010100110:9 0101010101010100111:13 0101010101010101000:33 0101010101010101001:76 0101010101010101010:459 0101010101010101011:1779 0101010101010101100:105 0101010101010101101:35 0101010101010101110:13 0101010101010101111:8 0101010101010110000:5 0101010101010110001:3 0101010101010110010:6 0101010101010110011:4 0101010101010110100:3 0101010101010110101:2 0101010101010110111:1 0101010101010111000:2 0101010101010111010:1 0101010101010111011:2 0101010101010111101:1 0101010101010111110:1 0101010101010111111:1 0101010101011000110:1 0101010101011000111:1 0101010101011001000:1 0101010101011001100:1 0101010101011011101:1 0101010101011100000:1 0101010101011100101:1 0101010101011101101:1 0101010101100011000:1 0101010101100111010:1 1000000000000000000:2412 1010101010010111101:1 1010101010100010001:1 1010101010100011011:1 1010101010100101101:1 1010101010100110011:1 1010101010100111111:1 1010101010101000000:1 1010101010101000100:2 1010101010101000101:1 1010101010101000110:1 1010101010101001000:1 1010101010101001010:1 1010101010101001011:2 1010101010101001100:2 1010101010101001101:2 1010101010101001110:3 1010101010101001111:7 1010101010101010000:7 1010101010101010001:10 1010101010101010010:18 1010101010101010011:35 1010101010101010100:93 1010101010101010101:1707 1010101010101010110:441 1010101010101010111:80 1010101010101011000:24 1010101010101011001:17 1010101010101011010:6 1010101010101011011:7 1010101010101011100:3 1010101010101011101:2 1010101010101011110:5 1010101010101011111:3 1010101010101100000:5 1010101010101100001:1 1010101010101100101:3 1010101010101101011:1 1010101010101110010:1 1010101010101110101:1 1010101010110011111:1 1010101011001000111:1 1101010100111010100:1 1101010100111101111:1 1101010101001000110:1 1101010101001100111:1 1101010101001101010:1 1101010101001101111:1 1101010101001111000:1 1101010101001111111:1 1101010101010000010:1 1101010101010000011:2 1101010101010000101:1 1101010101010001010:1 1101010101010001111:1 1101010101010010100:1 1101010101010010110:1 1101010101010011000:1 1101010101010011001:1 1101010101010011011:1 1101010101010011100:2 1101010101010011101:1 1101010101010011110:1 1101010101010011111:3 1101010101010100000:2 1101010101010100001:2 1101010101010100010:7 1101010101010100011:1 1101010101010100100:4 1101010101010100101:10 1101010101010100110:6 1101010101010100111:13 1101010101010101000:33 1101010101010101001:66 1101010101010101010:455 1101010101010101011:1748 1101010101010101100:107 1101010101010101101:31 1101010101010101110:17 1101010101010101111:10 1101010101010110000:8 1101010101010110001:8 1101010101010110010:1 1101010101010110011:5 1101010101010110100:2 1101010101010110101:1 1101010101010110110:2 1101010101010111001:1 1101010101010111011:2 1101010101010111100:1 1101010101010111101:2 1101010101011000000:1 1101010101011000100:1 1101010101011000111:1 1101010101011001001:1 1101010101011001111:1 1101010101011010000:1 1101010101011011011:1 1101010101101100010:1 1101010101110101001:1 }

	Command being timed: "python3 shor.py 19"
	User time (seconds): 2734.19
	System time (seconds): 17.70
	Percent of CPU this job got: 99%
	Elapsed (wall clock) time (h:mm:ss or m:ss): 46:00.02
	Average shared text size (kbytes): 0
	Average unshared data size (kbytes): 0
	Average stack size (kbytes): 0
	Average total size (kbytes): 0
	Maximum resident set size (kbytes): 10083188
	Average resident set size (kbytes): 0
	Major (requiring I/O) page faults: 0
	Minor (reclaiming a frame) page faults: 35801091
	Voluntary context switches: 34468
	Involuntary context switches: 36383
	Swaps: 0
	File system inputs: 0
	File system outputs: 24
	Socket messages sent: 0
	Socket messages received: 0
	Signals delivered: 0
	Page size (bytes): 4096
	Exit status: 0
Measurement results for a=5 and N=21 with 19 qubits in the control register 
{ 0000000000000000000:2462 0010101010001101101:1 0010101010010001100:1 0010101010100100110:1 0010101010100101001:1 0010101010100110111:1 0010101010100111100:1 0010101010100111111:1 0010101010101000000:1 0010101010101000010:1 0010101010101000101:1 0010101010101000111:1 0010101010101001000:1 0010101010101001001:2 0010101010101001010:2 0010101010101001100:2 0010101010101001101:2 0010101010101001110:4 0010101010101001111:6 0010101010101010000:6 0010101010101010001:9 0010101010101010010:24 0010101010101010011:32 0010101010101010100:103 0010101010101010101:1751 0010101010101010110:449 0010101010101010111:71 0010101010101011000:42 0010101010101011001:18 0010101010101011010:7 0010101010101011011:6 0010101010101011100:8 0010101010101011101:4 0010101010101011110:1 0010101010101011111:1 0010101010101100000:4 0010101010101100010:3 0010101010101100011:1 0010101010101100101:1 0010101010101100110:1 0010101010101100111:1 0010101010101101010:1 0010101010101101101:2 0010101010101110110:1 0010101010110001001:1 0010101010110001100:1 0010101010110010100:1 0010101010110010110:1 0010101010110110101:1 0101010101000110111:1 0101010101001001001:1 0101010101001100101:1 0101010101001110100:1 0101010101010000001:1 0101010101010000011:1 0101010101010001011:1 0101010101010001101:1 0101010101010010100:1 0101010101010011110:1 0101010101010011111:2 0101010101010100000:5 0101010101010100010:2 0101010101010100011:2 0101010101010100100:2 0101010101010100101:2 0101010101010100110:8 0101010101010100111:12 0101010101010101000:27 0101010101010101001:63 0101010101010101010:401 0101010101010101011:1721 0101010101010101100:101 0101010101010101101:41 0101010101010101110:20 0101010101010101111:15 0101010101010110000:10 0101010101010110001:6 0101010101010110010:2 0101010101010110011:1 0101010101010110100:3 0101010101010110101:2 0101010101010110110:2 0101010101010111000:1 0101010101010111001:1 0101010101010111010:1 0101010101010111100:1 0101010101010111101:1 0101010101010111110:1 0101010101011000000:1 0101010101011000101:1 0101010101011001110:1 0101010101011010100:1 0101010101011010110:1 0101010101011011001:1 0101010101100110101:1 0101010101101110101:1 1000000000000000000:2514 1010101010011110111:1 1010101010100001000:1 1010101010100010101:1 1010101010100011011:1 1010101010100011111:1 1010101010100100001:1 1010101010100101010:1 1010101010100110001:1 1010101010100110100:1 1010101010100111011:1 1010101010100111101:1 1010101010100111110:1 1010101010101000011:1 1010101010101000101:1 1010101010101000110:1 1010101010101000111:2 1010101010101001001:1 1010101010101001100:2 1010101010101001101:3 1010101010101001110:5 1010101010101001111:8 1010101010101010000:4 1010101010101010001:12 1010101010101010010:13 1010101010101010011:42 1010101010101010100:98 1010101010101010101:1703 1010101010101010110:426 1010101010101010111:67 1010101010101011000:29 1010101010101011001:13 1010101010101011010:12 1010101010101011011:4 1010101010101011100:2 1010101010101011101:8 1010101010101011110:1 1010101010101011111:2 1010101010101100000:2 1010101010101100011:5 1010101010101100100:1 1010101010101100110:4 1010101010101100111:1 1010101010101101010:1 1010101010101101100:1 1010101010101101111:1 1010101010101110001:1 1010101010101110101:1 1010101010101110111:1 1010101010101111000:1 1010101010101111111:1 1010101010110110011:1 1010101010110110100:1 1010101011101100110:1 1010101011101110000:1 1101010101001111100:1 1101010101010000101:1 1101010101010001001:1 1101010101010001011:1 1101010101010010101:1 1101010101010010111:2 1101010101010011000:1 1101010101010011001:1 1101010101010011010:1 1101010101010011011:1 1101010101010011100:1 1101010101010011110:2 1101010101010100000:2 1101010101010100001:1 1101010101010100010:6 1101010101010100011:2 1101010101010100100:2 1101010101010100101:5 1101010101010100110:9 1101010101010100111:9 1101010101010101000:32 1101010101010101001:83 1101010101010101010:436 1101010101010101011:1648 1101010101010101100:115 1101010101010101101:33 1101010101010101110:21 1101010101010101111:11 1101010101010110000:10 1101010101010110001:6 1101010101010110011:3 1101010101010110100:4 1101010101010110101:3 1101010101010110111:2 1101010101010111000:2 1101010101010111001:3 1101010101011000000:1 1101010101011000011:2 1101010101011010001:1 1101010101011011011:1 1101010101011100110:1 1101010101011101100:1 1101010101100100000:1 1101010110110000111:1 }

	Command being timed: "python3 shor.py 19"
	User time (seconds): 2730.14
	System time (seconds): 17.84
	Percent of CPU this job got: 99%
	Elapsed (wall clock) time (h:mm:ss or m:ss): 45:56.50
	Average shared text size (kbytes): 0
	Average unshared data size (kbytes): 0
	Average stack size (kbytes): 0
	Average total size (kbytes): 0
	Maximum resident set size (kbytes): 10083772
	Average resident set size (kbytes): 0
	Major (requiring I/O) page faults: 0
	Minor (reclaiming a frame) page faults: 36144953
	Voluntary context switches: 34428
	Involuntary context switches: 36457
	Swaps: 0
	File system inputs: 0
	File system outputs: 24
	Socket messages sent: 0
	Socket messages received: 0
	Signals delivered: 0
	Page size (bytes): 4096
	Exit status: 0
Measurement results for a=5 and N=21 with 19 qubits in the control register 
{ 0000000000000000000:2469 0010101001011001100:1 0010101001110110000:1 0010101010000101111:1 0010101010010011100:1 0010101010100011111:1 0010101010100101001:1 0010101010100101010:1 0010101010100101111:1 0010101010100110011:1 0010101010100111000:1 0010101010100111010:2 0010101010100111100:1 0010101010100111111:1 0010101010101000010:1 0010101010101000110:1 0010101010101000111:1 0010101010101001000:2 0010101010101001001:1 0010101010101001010:1 0010101010101001011:3 0010101010101001100:1 0010101010101001101:4 0010101010101001110:5 0010101010101001111:2 0010101010101010000:6 0010101010101010001:12 0010101010101010010:14 0010101010101010011:40 0010101010101010100:110 0010101010101010101:1695 0010101010101010110:432 0010101010101010111:68 0010101010101011000:27 0010101010101011001:16 0010101010101011010:12 0010101010101011011:5 0010101010101011100:7 0010101010101011101:3 0010101010101011110:2 0010101010101011111:1 0010101010101100000:3 0010101010101100001:1 0010101010101100010:3 0010101010101100100:1 0010101010101100101:2 0010101010101100110:1 0010101010101101000:1 0010101010101101010:1 0010101010101101100:1 0010101010101101110:3 0010101010101110100:2 0010101010101111000:1 0010101010110001100:1 0010101010110010000:1 0010101010110100001:1 0101001110000011111:1 0101010100101101110:1 0101010100111110100:1 0101010101000101011:1 0101010101000111110:1 0101010101001100000:1 0101010101001101001:1 0101010101001111101:1 0101010101010000010:1 0101010101010000111:1 0101010101010001010:1 0101010101010001011:1 0101010101010001110:1 0101010101010001111:1 0101010101010010011:1 0101010101010011001:1 0101010101010011010:1 0101010101010011011:1 0101010101010011101:2 0101010101010011110:1 0101010101010011111:2 0101010101010100000:2 0101010101010100010:1 0101010101010100011:3 0101010101010100100:4 0101010101010100101:6 0101010101010100110:12 0101010101010100111:16 0101010101010101000:26 0101010101010101001:77 0101010101010101010:395 0101010101010101011:1737 0101010101010101100:121 0101010101010101101:34 0101010101010101110:16 0101010101010101111:10 0101010101010110000:8 0101010101010110001:5 0101010101010110010:2 0101010101010110100:2 0101010101010110101:2 0101010101010110110:1 0101010101010110111:1 0101010101010111000:1 0101010101010111001:2 0101010101010111010:1 0101010101010111011:1 0101010101010111100:2 0101010101011000000:1 0101010101011000010:1 0101010101011000011:1 0101010101011000100:1 0101010101011000101:1 0101010101011000111:1 0101010101011001100:1 0101010101011011001:1 0101010101011011111:1 0101010101011100100:1 0101010101100001001:1 0101010101100010001:1 0101010101100011100:1 0101010101100100101:1 1000000000000000000:2474 1010101001111110111:1 1010101010011011100:1 1010101010100011000:1 1010101010100011001:1 1010101010100101001:1 1010101010100110110:1 1010101010101000010:1 1010101010101000100:1 1010101010101000101:2 1010101010101000110:1 1010101010101000111:1 1010101010101001000:3 1010101010101001001:1 1010101010101001010:1 1010101010101001011:1 1010101010101001100:3 1010101010101001101:2 1010101010101001110:2 1010101010101001111:2 1010101010101010000:8 1010101010101010001:10 1010101010101010010:13 1010101010101010011:36 1010101010101010100:94 1010101010101010101:1722 1010101010101010110:472 1010101010101010111:77 1010101010101011000:26 1010101010101011001:12 1010101010101011010:5 1010101010101011011:5 1010101010101011100:4 1010101010101011101:2 1010101010101011110:4 1010101010101011111:4 1010101010101100000:2 1010101010101100001:4 1010101010101100011:2 1010101010101100100:2 1010101010101101100:1 1010101010101110000:1 1010101010101110010:1 1010101010101110111:1 1010101010101111100:1 1010101010110000101:1 1010101010110001101:1 1010101010110010001:1 1010101010110010101:1 1010101010111011111:1 1010101011001000001:1 1010101011100011000:1 1101010101000010001:1 1101010101000101111:1 1101010101010001011:1 1101010101010001100:1 1101010101010010000:1 1101010101010010010:1 1101010101010010011:1 1101010101010010100:1 1101010101010010101:1 1101010101010011010:1 1101010101010011100:1 1101010101010011110:2 1101010101010011111:3 1101010101010100001:1 1101010101010100011:2 1101010101010100100:5 1101010101010100101:4 1101010101010100110:11 1101010101010100111:10 1101010101010101000:20 1101010101010101001:75 1101010101010101010:430 1101010101010101011:1684 1101010101010101100:110 1101010101010101101:42 1101010101010101110:22 1101010101010101111:10 1101010101010110000:4 1101010101010110001:5 1101010101010110010:4 1101010101010110011:2 1101010101010110100:1 1101010101010110101:5 1101010101010110111:2 1101010101010111010:2 1101010101010111011:1 1101010101010111100:1 1101010101010111101:1 1101010101010111111:2 1101010101011000000:1 1101010101011001101:1 1101010101011100000:1 1101010101011101011:1 1101010101011110111:1 1101010101111011110:1 1101010110001111101:1 1101010110100011001:1 }

	Command being timed: "python3 shor.py 19"
	User time (seconds): 2735.72
	System time (seconds): 17.98
	Percent of CPU this job got: 99%
	Elapsed (wall clock) time (h:mm:ss or m:ss): 46:02.93
	Average shared text size (kbytes): 0
	Average unshared data size (kbytes): 0
	Average stack size (kbytes): 0
	Average total size (kbytes): 0
	Maximum resident set size (kbytes): 10079488
	Average resident set size (kbytes): 0
	Major (requiring I/O) page faults: 0
	Minor (reclaiming a frame) page faults: 36284704
	Voluntary context switches: 34498
	Involuntary context switches: 36470
	Swaps: 0
	File system inputs: 0
	File system outputs: 24
	Socket messages sent: 0
	Socket messages received: 0
	Signals delivered: 0
	Page size (bytes): 4096
	Exit status: 0
Measurement results for a=5 and N=21 with 19 qubits in the control register 
{ 0000000000000000000:2383 0010100110011111110:1 0010101001001010011:1 0010101010010111011:1 0010101010010111100:1 0010101010011101001:1 0010101010100000010:1 0010101010100011110:1 0010101010100100000:1 0010101010100100001:1 0010101010100101110:1 0010101010100111000:1 0010101010100111111:1 0010101010101000000:1 0010101010101000001:1 0010101010101000100:1 0010101010101000110:1 0010101010101001000:2 0010101010101001001:2 0010101010101001011:3 0010101010101001100:1 0010101010101001101:5 0010101010101001110:4 0010101010101001111:5 0010101010101010000:4 0010101010101010001:8 0010101010101010010:11 0010101010101010011:26 0010101010101010100:126 0010101010101010101:1749 0010101010101010110:458 0010101010101010111:61 0010101010101011000:32 0010101010101011001:14 0010101010101011010:11 0010101010101011011:3 0010101010101011100:5 0010101010101011101:4 0010101010101011110:2 0010101010101100000:3 0010101010101100010:1 0010101010101100011:1 0010101010101100100:3 0010101010101100101:1 0010101010101100110:1 0010101010101110101:1 0010101010101111001:1 0010101010101111011:1 0010101010101111101:1 0010101010110000000:1 0010101010110001111:1 0010101010111000100:1 0010101011000100000:1 0010101110001101111:1 0101010011010110001:1 0101010100110100110:1 0101010101001000110:1 0101010101001101100:1 0101010101001110011:1 0101010101010000010:1 0101010101010000100:1 0101010101010001000:1 0101010101010001001:1 0101010101010001011:1 0101010101010001100:2 0101010101010010010:1 0101010101010010011:1 0101010101010010101:3 0101010101010011000:1 0101010101010011100:1 0101010101010011101:1 0101010101010011110:3 0101010101010011111:2 0101010101010100000:3 0101010101010100011:4 0101010101010100100:7 0101010101010100101:8 0101010101010100110:13 0101010101010100111:9 0101010101010101000:28 0101010101010101001:63 0101010101010101010:435 0101010101010101011:1719 0101010101010101100:100 0101010101010101101:44 0101010101010101110:16 0101010101010101111:12 0101010101010110000:11 0101010101010110001:6 0101010101010110010:3 0101010101010110011:3 0101010101010110100:2 0101010101010110101:3 0101010101010110110:1 0101010101010110111:1 0101010101010111001:2 0101010101010111010:2 0101010101010111011:1 0101010101010111100:1 0101010101010111111:1 0101010101011000000:2 0101010101011001101:1 0101010101011110000:1 0101010101100001101:1 1000000000000000000:2485 1010101010011000101:1 1010101010100010001:1 1010101010100100000:1 1010101010100101011:1 1010101010100111011:1 1010101010100111111:1 1010101010101001001:1 1010101010101001011:4 1010101010101001100:4 1010101010101001101:3 1010101010101001110:2 1010101010101001111:4 1010101010101010000:3 1010101010101010001:7 1010101010101010010:18 1010101010101010011:34 1010101010101010100:98 1010101010101010101:1713 1010101010101010110:427 1010101010101010111:78 1010101010101011000:31 1010101010101011001:18 1010101010101011010:12 1010101010101011011:3 1010101010101011100:6 1010101010101011101:1 1010101010101011110:3 1010101010101011111:3 1010101010101100000:2 1010101010101100001:6 1010101010101100010:2 1010101010101100011:1 1010101010101100100:1 1010101010101100101:1 1010101010101100110:1 1010101010101101001:1 1010101010101101010:1 1010101010101110110:1 1010101010101110111:1 1010101010110000111:1 1010101010110001011:1 1010101010110010000:1 1010101011000000010:1 1010101011000100100:1 1101010001111110011:1 1101010100100110000:1 1101010100111100100:1 1101010101000101111:1 1101010101001000011:1 1101010101001000101:1 1101010101001110110:1 1101010101010001000:1 1101010101010001001:1 1101010101010001101:2 1101010101010010101:1 1101010101010011000:2 1101010101010011111:2 1101010101010100000:1 1101010101010100001:3 1101010101010100010:4 1101010101010100011:3 1101010101010100100:1 1101010101010100101:2 1101010101010100110:10 1101010101010100111:18 1101010101010101000:26 1101010101010101001:77 1101010101010101010:457 1101010101010101011:1681 1101010101010101100:107 1101010101010101101:43 1101010101010101110:20 1101010101010101111:10 1101010101010110000:9 1101010101010110001:4 1101010101010110010:3 1101010101010110011:8 1101010101010110100:5 1101010101010110101:3 1101010101010110110:2 1101010101010111000:2 1101010101010111001:2 1101010101010111100:1 1101010101010111110:2 1101010101011000100:1 1101010101011001010:1 1101010101011010001:1 1101010101011010101:1 1101010101011011010:1 1101010101011011101:1 1101010101011101001:1 1101010101100001010:1 1101010101100101101:1 1101010101101001101:1 1110100110100110110:1 }

	Command being timed: "python3 shor.py 19"
	User time (seconds): 2734.03
	System time (seconds): 17.77
	Percent of CPU this job got: 99%
	Elapsed (wall clock) time (h:mm:ss or m:ss): 46:01.06
	Average shared text size (kbytes): 0
	Average unshared data size (kbytes): 0
	Average stack size (kbytes): 0
	Average total size (kbytes): 0
	Maximum resident set size (kbytes): 10086732
	Average resident set size (kbytes): 0
	Major (requiring I/O) page faults: 0
	Minor (reclaiming a frame) page faults: 35772073
	Voluntary context switches: 34472
	Involuntary context switches: 36544
	Swaps: 0
	File system inputs: 0
	File system outputs: 24
	Socket messages sent: 0
	Socket messages received: 0
	Signals delivered: 0
	Page size (bytes): 4096
	Exit status: 0
Measurement results for a=5 and N=21 with 19 qubits in the control register 
{ 0000000000000000000:2492 0010101010011110111:1 0010101010011111101:1 0010101010100010100:1 0010101010100010101:1 0010101010100010111:1 0010101010100110000:1 0010101010100111001:2 0010101010100111111:1 0010101010101000100:1 0010101010101000101:1 0010101010101000111:1 0010101010101001010:2 0010101010101001011:2 0010101010101001100:3 0010101010101001101:1 0010101010101001110:3 0010101010101001111:4 0010101010101010000:8 0010101010101010001:10 0010101010101010010:18 0010101010101010011:45 0010101010101010100:90 0010101010101010101:1729 0010101010101010110:419 0010101010101010111:52 0010101010101011000:20 0010101010101011001:18 0010101010101011010:10 0010101010101011011:7 0010101010101011100:5 0010101010101011101:2 0010101010101011110:1 0010101010101011111:4 0010101010101100000:2 0010101010101100010:1 0010101010101100100:2 0010101010101101000:1 0010101010101101100:1 0010101010101101111:1 0010101010101110001:1 0010101010101111011:1 0010101010101111100:1 0010101010110000001:1 0010101011000010101:1 0010101100100000010:1 0101010100110001100:1 0101010100111011000:1 0101010101000011000:1 0101010101000011110:1 0101010101001100000:1 0101010101001111010:1 0101010101001111011:1 0101010101010010100:1 0101010101010010101:1 0101010101010010110:1 0101010101010011010:1 0101010101010011100:1 0101010101010011101:1 0101010101010011110:2 0101010101010100000:2 0101010101010100001:4 0101010101010100010:2 0101010101010100011:6 0101010101010100100:6 0101010101010100101:7 0101010101010100110:12 0101010101010100111:8 0101010101010101000:28 0101010101010101001:83 0101010101010101010:397 0101010101010101011:1730 0101010101010101100:120 0101010101010101101:34 0101010101010101110:12 0101010101010101111:13 0101010101010110000:1 0101010101010110001:5 0101010101010110010:8 0101010101010110011:3 0101010101010110100:1 0101010101010110101:4 0101010101010111000:3 0101010101010111001:1 0101010101010111010:1 0101010101010111011:1 0101010101010111100:4 0101010101010111101:1 0101010101011000110:1 0101010101011001010:1 0101010101011111101:1 0101010101100001010:1 0101010101101011100:1 0101010110001011110:1 1000000000000000000:2528 1010101001110111101:1 1010101010100001101:1 1010101010100001110:1 1010101010100011011:1 1010101010100101010:1 1010101010100101101:1 1010101010100101110:1 1010101010100101111:1 1010101010100110101:1 1010101010100111101:1 1010101010100111110:1 1010101010101000101:2 1010101010101000110:1 1010101010101000111:1 1010101010101001001:3 1010101010101001010:2 1010101010101001100:2 1010101010101001101:4 1010101010101001110:4 1010101010101001111:1 1010101010101010000:5 1010101010101010001:11 1010101010101010010:17 1010101010101010011:31 1010101010101010100:110 1010101010101010101:1750 1010101010101010110:425 1010101010101010111:70 1010101010101011000:26 1010101010101011001:12 1010101010101011010:7 1010101010101011011:6 1010101010101011100:5 1010101010101011101:3 1010101010101011110:1 1010101010101011111:3 1010101010101100010:1 1010101010101100100:1 1010101010101100110:1 1010101010101101000:2 1010101010101101010:1 1010101010101110000:1 1010101010101110001:1 1010101010101110010:1 1010101010110000010:1 1010101010110001010:1 1010101010110001111:1 1010101010110010000:1 1010101010110011001:1 1010101010111010011:1 1010101011000011001:1 1010101011001011110:1 1010101111000011011:1 1101010011111101000:1 1101010100111001011:1 1101010101001011010:1 1101010101010000100:1 1101010101010001000:1 1101010101010001011:1 1101010101010001111:1 1101010101010010100:1 1101010101010010111:1 1101010101010011000:2 1101010101010011001:1 1101010101010011011:2 1101010101010011100:2 1101010101010011101:3 1101010101010100000:5 1101010101010100001:1 1101010101010100010:5 1101010101010100011:2 1101010101010100100:6 1101010101010100101:3 1101010101010100110:10 1101010101010100111:8 1101010101010101000:27 1101010101010101001:76 1101010101010101010:423 1101010101010101011:1638 1101010101010101100:111 1101010101010101101:35 1101010101010101110:17 1101010101010101111:17 1101010101010110000:9 1101010101010110001:8 1101010101010110010:4 1101010101010110011:4 1101010101010110100:6 1101010101010110101:4 1101010101010111000:2 1101010101010111001:1 1101010101010111010:1 1101010101010111011:1 1101010101010111110:1 1101010101011000000:1 1101010101011000111:1 1101010101011011001:1 1101010101011100011:1 1101010101011101111:1 1101010101110000010:1 1101010101110000110:1 1101010101110101010:1 }

	Command being timed: "python3 shor.py 19"
	User time (seconds): 2731.73
	System time (seconds): 17.78
	Percent of CPU this job got: 99%
	Elapsed (wall clock) time (h:mm:ss or m:ss): 45:58.75
	Average shared text size (kbytes): 0
	Average unshared data size (kbytes): 0
	Average stack size (kbytes): 0
	Average total size (kbytes): 0
	Maximum resident set size (kbytes): 10082788
	Average resident set size (kbytes): 0
	Major (requiring I/O) page faults: 0
	Minor (reclaiming a frame) page faults: 36483906
	Voluntary context switches: 34452
	Involuntary context switches: 36486
	Swaps: 0
	File system inputs: 0
	File system outputs: 24
	Socket messages sent: 0
	Socket messages received: 0
	Signals delivered: 0
	Page size (bytes): 4096
	Exit status: 0
Measurement results for a=5 and N=21 with 19 qubits in the control register 
{ 0000000000000000000:2480 0010101010010010011:1 0010101010010111111:1 0010101010011101110:1 0010101010100001011:1 0010101010100111010:1 0010101010100111011:1 0010101010100111100:1 0010101010100111101:1 0010101010100111110:2 0010101010101000011:1 0010101010101000100:1 0010101010101000101:1 0010101010101000110:1 0010101010101000111:2 0010101010101001000:1 0010101010101001010:1 0010101010101001100:2 0010101010101001101:2 0010101010101001110:3 0010101010101001111:4 0010101010101010000:9 0010101010101010001:12 0010101010101010010:12 0010101010101010011:35 0010101010101010100:122 0010101010101010101:1766 0010101010101010110:415 0010101010101010111:70 0010101010101011000:25 0010101010101011001:9 0010101010101011010:5 0010101010101011011:6 0010101010101011100:4 0010101010101011101:6 0010101010101011110:2 0010101010101011111:3 0010101010101100000:1 0010101010101100001:3 0010101010101100010:1 0010101010101100011:1 0010101010101100100:1 0010101010101101001:1 0010101010101101010:1 0010101010101101011:1 0010101010101101110:1 0010101010101101111:1 0010101010101110100:1 0010101010101110111:1 0010101010101111010:1 0010101010101111011:1 0010101010101111101:1 0010101010110000010:1 0010101010110011011:1 0101010101001100100:1 0101010101001101100:1 0101010101001110110:1 0101010101010000010:1 0101010101010001001:1 0101010101010001010:1 0101010101010001011:1 0101010101010010011:1 0101010101010010111:2 0101010101010011101:2 0101010101010011110:2 0101010101010011111:1 0101010101010100000:1 0101010101010100001:1 0101010101010100010:3 0101010101010100011:1 0101010101010100100:2 0101010101010100101:2 0101010101010100110:14 0101010101010100111:12 0101010101010101000:28 0101010101010101001:66 0101010101010101010:439 0101010101010101011:1736 0101010101010101100:111 0101010101010101101:39 0101010101010101110:17 0101010101010101111:12 0101010101010110000:4 0101010101010110001:4 0101010101010110010:1 0101010101010110011:4 0101010101010110100:3 0101010101010110110:3 0101010101010110111:2 0101010101010111000:1 0101010101010111001:1 0101010101010111011:2 0101010101010111100:1 0101010101010111101:1 0101010101010111110:1 0101010101011000011:1 0101010101011000100:2 0101010101011000101:1 0101010101011000110:1 0101010101011001011:1 0101010101011001100:1 0101010101011010001:1 0101010101011010011:1 0101010101011010100:1 0101010101011111010:1 0101010101100111010:1 0101010101101011001:1 0101010111110001011:1 1000000000000000000:2472 1010101010000011110:1 1010101010011010110:1 1010101010100010110:1 1010101010100011110:1 1010101010100101001:1 1010101010100101010:1 1010101010100110100:1 1010101010100110110:1 1010101010100111010:1 1010101010100111110:1 1010101010101000000:1 1010101010101000111:1 1010101010101001000:1 1010101010101001001:2 1010101010101001011:2 1010101010101001100:2 1010101010101001101:3 1010101010101001110:7 1010101010101001111:5 1010101010101010000:11 1010101010101010001:9 1010101010101010010:26 1010101010101010011:40 1010101010101010100:104 1010101010101010101:1674 1010101010101010110:460 1010101010101010111:56 1010101010101011000:23 1010101010101011001:16 1010101010101011010:11 1010101010101011011:11 1010101010101011100:3 1010101010101011101:2 1010101010101011110:4 1010101010101011111:6 1010101010101100000:4 1010101010101100001:2 1010101010101100010:2 1010101010101100011:1 1010101010101100100:1 1010101010101100101:1 1010101010101100111:1 1010101010101101001:1 1010101010101110000:1 1010101010101110110:1 1010101010101111001:1 1010101010101111011:2 1010101010101111101:1 1010101010110010100:1 1010101011000011100:1 1010101011000111001:1 1101010011110001100:1 1101010100111101011:1 1101010101001011011:1 1101010101001111010:1 1101010101001111101:1 1101010101001111110:1 1101010101010001101:1 1101010101010011011:1 1101010101010011100:2 1101010101010011111:2 1101010101010100000:2 1101010101010100001:1 1101010101010100010:2 1101010101010100011:5 1101010101010100100:3 1101010101010100101:3 1101010101010100110:5 1101010101010100111:15 1101010101010101000:28 1101010101010101001:62 1101010101010101010:430 1101010101010101011:1675 1101010101010101100:102 1101010101010101101:35 1101010101010101110:18 1101010101010101111:12 1101010101010110000:6 1101010101010110001:4 1101010101010110010:1 1101010101010110011:6 1101010101010110110:2 1101010101010111001:2 1101010101010111011:1 1101010101010111101:1 1101010101010111110:2 1101010101011000000:1 1101010101011000011:1 1101010101011001001:1 1101010101011001101:1 1101010101011010111:1 1101010101011011100:1 1101010101011011101:1 1101010101100000101:1 1101010101100100101:1 1101010101100110111:1 1101010110000010101:1 }

	Command being timed: "python3 shor.py 19"
	User time (seconds): 2734.32
	System time (seconds): 17.91
	Percent of CPU this job got: 99%
	Elapsed (wall clock) time (h:mm:ss or m:ss): 46:01.48
	Average shared text size (kbytes): 0
	Average unshared data size (kbytes): 0
	Average stack size (kbytes): 0
	Average total size (kbytes): 0
	Maximum resident set size (kbytes): 10081860
	Average resident set size (kbytes): 0
	Major (requiring I/O) page faults: 0
	Minor (reclaiming a frame) page faults: 35856394
	Voluntary context switches: 34484
	Involuntary context switches: 36419
	Swaps: 0
	File system inputs: 0
	File system outputs: 24
	Socket messages sent: 0
	Socket messages received: 0
	Signals delivered: 0
	Page size (bytes): 4096
	Exit status: 0
Measurement results for a=5 and N=21 with 19 qubits in the control register 
{ 0000000000000000000:2484 0010101010100010001:1 0010101010100011100:1 0010101010100101011:1 0010101010100110000:1 0010101010100111011:2 0010101010100111101:1 0010101010101000001:1 0010101010101000100:1 0010101010101000101:1 0010101010101001000:1 0010101010101001001:3 0010101010101001100:3 0010101010101001101:3 0010101010101001110:2 0010101010101001111:5 0010101010101010000:8 0010101010101010001:20 0010101010101010010:18 0010101010101010011:54 0010101010101010100:109 0010101010101010101:1684 0010101010101010110:418 0010101010101010111:79 0010101010101011000:24 0010101010101011001:12 0010101010101011010:5 0010101010101011011:3 0010101010101011100:4 0010101010101011101:4 0010101010101011110:4 0010101010101011111:1 0010101010101100001:2 0010101010101100010:1 0010101010101100100:2 0010101010101100110:1 0010101010101100111:1 0010101010101101010:1 0010101010101101011:2 0010101010101110010:2 0010101010101110111:1 0010101010101111101:1 0010101010110001110:1 0010101010110010010:1 0010101010110010110:1 0010101010110011100:1 0010101010110011111:1 0010101010110110100:1 0010101010110111001:1 0011010010110110110:1 0101010011000010011:1 0101010100000000100:1 0101010100111111100:1 0101010101001001100:1 0101010101001110101:1 0101010101001111001:1 0101010101010000010:1 0101010101010001100:1 0101010101010001110:1 0101010101010001111:1 0101010101010010000:1 0101010101010010101:1 0101010101010011010:1 0101010101010011100:1 0101010101010011101:2 0101010101010011110:2 0101010101010100000:1 0101010101010100001:2 0101010101010100010:4 0101010101010100011:6 0101010101010100100:4 0101010101010100101:10 0101010101010100110:3 0101010101010100111:8 0101010101010101000:38 0101010101010101001:70 0101010101010101010:423 0101010101010101011:1765 0101010101010101100:123 0101010101010101101:34 0101010101010101110:30 0101010101010101111:13 0101010101010110000:9 0101010101010110001:7 0101010101010110010:2 0101010101010110011:1 0101010101010110110:1 0101010101010110111:1 0101010101010111000:2 0101010101010111011:1 0101010101010111111:1 0101010101011000000:1 0101010101011000100:1 0101010101011000110:1 0101010101011001001:1 0101010101011001101:1 0101010101011011011:1 0101010101011100010:1 0101010101011100011:1 0101010101011100111:1 0101010101011101101:1 1000000000000000000:2521 1010100101111101011:1 1010101010100010001:1 1010101010100110101:1 1010101010100111010:1 1010101010101000011:1 1010101010101000100:1 1010101010101000110:1 1010101010101000111:1 1010101010101001000:1 1010101010101001001:2 1010101010101001010:4 1010101010101001011:3 1010101010101001100:2 1010101010101001101:3 1010101010101001110:5 1010101010101001111:5 1010101010101010000:14 1010101010101010001:8 1010101010101010010:17 1010101010101010011:33 1010101010101010100:92 1010101010101010101:1743 1010101010101010110:426 1010101010101010111:58 1010101010101011000:22 1010101010101011001:9 1010101010101011010:9 1010101010101011011:3 1010101010101011100:4 1010101010101011101:1 1010101010101011110:2 1010101010101011111:2 1010101010101100010:3 1010101010101100011:2 1010101010101100100:3 1010101010101100110:3 1010101010101100111:2 1010101010101101011:1 1010101010101101101:2 1010101010101110000:1 1010101010101111011:1 1010101010110011011:1 1010101011001100000:1 1010101011011001101:1 1101010101001111101:1 1101010101010000000:1 1101010101010000111:1 1101010101010001100:1 1101010101010001111:1 1101010101010010001:1 1101010101010010010:1 1101010101010010011:1 1101010101010010100:1 1101010101010010101:1 1101010101010010110:1 1101010101010011000:2 1101010101010011101:3 1101010101010011110:3 1101010101010011111:2 1101010101010100001:2 1101010101010100010:3 1101010101010100011:3 1101010101010100100:4 1101010101010100101:5 1101010101010100110:5 1101010101010100111:10 1101010101010101000:29 1101010101010101001:57 1101010101010101010:394 1101010101010101011:1684 1101010101010101100:103 1101010101010101101:30 1101010101010101110:20 1101010101010101111:15 1101010101010110000:4 1101010101010110001:4 1101010101010110011:5 1101010101010110111:1 1101010101010111001:1 1101010101010111010:2 1101010101010111100:3 1101010101010111111:1 1101010101011000000:1 1101010101011000010:1 1101010101011000110:1 1101010101011011101:1 1101010101011110110:1 1101010101011111011:1 1101010101100011001:1 1101010101100100000:1 1101010101100110111:1 }

	Command being timed: "python3 shor.py 19"
	User time (seconds): 2734.03
	System time (seconds): 18.14
	Percent of CPU this job got: 99%
	Elapsed (wall clock) time (h:mm:ss or m:ss): 46:01.42
	Average shared text size (kbytes): 0
	Average unshared data size (kbytes): 0
	Average stack size (kbytes): 0
	Average total size (kbytes): 0
	Maximum resident set size (kbytes): 10084320
	Average resident set size (kbytes): 0
	Major (requiring I/O) page faults: 0
	Minor (reclaiming a frame) page faults: 35887957
	Voluntary context switches: 34481
	Involuntary context switches: 36571
	Swaps: 0
	File system inputs: 0
	File system outputs: 24
	Socket messages sent: 0
	Socket messages received: 0
	Signals delivered: 0
	Page size (bytes): 4096
	Exit status: 0
Measurement results for a=5 and N=21 with 19 qubits in the control register 
{ 0000000000000000000:2516 0010101010000100010:1 0010101010010000001:1 0010101010011111110:1 0010101010100011000:1 0010101010100011110:1 0010101010100101011:1 0010101010100111010:1 0010101010101000000:1 0010101010101000011:1 0010101010101000110:2 0010101010101000111:2 0010101010101001000:2 0010101010101001001:2 0010101010101001010:2 0010101010101001011:2 0010101010101001100:3 0010101010101001101:1 0010101010101001111:7 0010101010101010000:12 0010101010101010001:10 0010101010101010010:21 0010101010101010011:30 0010101010101010100:100 0010101010101010101:1712 0010101010101010110:419 0010101010101010111:79 0010101010101011000:23 0010101010101011001:14 0010101010101011010:2 0010101010101011011:6 0010101010101011100:6 0010101010101011101:2 0010101010101011110:4 0010101010101011111:1 0010101010101100000:2 0010101010101100001:3 0010101010101100010:1 0010101010101100011:2 0010101010101101000:2 0010101010101110100:1 0010101010110000110:2 0010101010110001000:2 0010101010111111110:1 0101010100011111000:1 0101010101000010001:1 0101010101000100001:1 0101010101001101100:1 0101010101001110111:1 0101010101001111010:1 0101010101010000001:1 0101010101010010111:1 0101010101010011001:1 0101010101010011100:1 0101010101010011101:1 0101010101010011110:1 0101010101010011111:1 0101010101010100001:2 0101010101010100010:1 0101010101010100011:2 0101010101010100100:8 0101010101010100101:11 0101010101010100110:12 0101010101010100111:16 0101010101010101000:30 0101010101010101001:59 0101010101010101010:423 0101010101010101011:1703 0101010101010101100:104 0101010101010101101:41 0101010101010101110:21 0101010101010101111:5 0101010101010110000:7 0101010101010110001:5 0101010101010110010:5 0101010101010110011:2 0101010101010110100:6 0101010101010110111:3 0101010101010111001:1 0101010101010111010:2 0101010101010111011:1 0101010101011000001:1 0101010101011000100:1 0101010101011011011:2 0101010101011101111:1 0101010101100011000:1 0101010101100100010:1 0101010101100100100:1 0101010101101010010:1 0101010101101100001:1 1000000000000000000:2473 1010101010001011011:1 1010101010100010001:1 1010101010100110101:1 1010101010100111001:2 1010101010100111111:1 1010101010101000001:2 1010101010101000010:1 1010101010101000011:3 1010101010101000100:1 1010101010101000110:1 1010101010101000111:1 1010101010101001001:3 1010101010101001010:1 1010101010101001011:2 1010101010101001100:4 1010101010101001101:2 1010101010101001110:3 1010101010101001111:6 1010101010101010000:12 1010101010101010001:10 1010101010101010010:20 1010101010101010011:32 1010101010101010100:99 1010101010101010101:1697 1010101010101010110:449 1010101010101010111:69 1010101010101011000:26 1010101010101011001:14 1010101010101011010:9 1010101010101011011:4 1010101010101011100:6 1010101010101011101:5 1010101010101011110:3 1010101010101011111:3 1010101010101100000:2 1010101010101100001:1 1010101010101100010:2 1010101010101100011:1 1010101010101100100:2 1010101010101101000:1 1010101010101101010:1 1010101010101101011:1 1010101010101101100:1 1010101010101110000:1 1010101010101110010:1 1010101010101111000:1 1010101010110001000:2 1010101010110001011:1 1010101010110001100:1 1010101010110010000:1 1010101010110101111:1 1010101011101110101:1 1101010010010001000:1 1101010100011011100:1 1101010101000101110:1 1101010101001000000:1 1101010101001001101:1 1101010101001101001:1 1101010101001101101:1 1101010101010000100:1 1101010101010000110:2 1101010101010010001:1 1101010101010011101:1 1101010101010011111:1 1101010101010100000:1 1101010101010100001:2 1101010101010100010:2 1101010101010100011:4 1101010101010100100:5 1101010101010100101:4 1101010101010100110:12 1101010101010100111:18 1101010101010101000:31 1101010101010101001:69 1101010101010101010:424 1101010101010101011:1703 1101010101010101100:123 1101010101010101101:35 1101010101010101110:15 1101010101010101111:14 1101010101010110000:7 1101010101010110001:4 1101010101010110010:1 1101010101010110011:2 1101010101010110100:2 1101010101010110110:1 1101010101010110111:1 1101010101010111000:1 1101010101010111001:1 1101010101010111011:2 1101010101010111100:1 1101010101010111101:1 1101010101010111110:1 1101010101011000101:1 1101010101011001100:1 1101010101011010010:2 1101010101011101110:1 1101010101011110000:1 1101010101011111100:1 1101010101100001111:1 1101010101100010010:1 1101010101100101101:1 1101010101101100101:1 1101010101111010111:1 1101010101111110111:1 }

	Command being timed: "python3 shor.py 19"
	User time (seconds): 2735.41
	System time (seconds): 18.26
	Percent of CPU this job got: 99%
	Elapsed (wall clock) time (h:mm:ss or m:ss): 46:01.52
	Average shared text size (kbytes): 0
	Average unshared data size (kbytes): 0
	Average stack size (kbytes): 0
	Average total size (kbytes): 0
	Maximum resident set size (kbytes): 10084684
	Average resident set size (kbytes): 0
	Major (requiring I/O) page faults: 0
	Minor (reclaiming a frame) page faults: 36604451
	Voluntary context switches: 34473
	Involuntary context switches: 36391
	Swaps: 0
	File system inputs: 0
	File system outputs: 24
	Socket messages sent: 0
	Socket messages received: 0
	Signals delivered: 0
	Page size (bytes): 4096
	Exit status: 0
