WARNING: overwriting environment variables set in the machine
overwriting variable ['LD_LIBRARY_PATH']
Measurement results for a=5 and N=21 with 17 qubits in the control register 
{ 00000000000000000:2572 00101010010101111:1 00101010100000010:1 00101010100010000:1 00101010100011101:1 00101010100110101:1 00101010100111000:1 00101010100111101:1 00101010101000101:2 00101010101000110:1 00101010101000111:2 00101010101001000:1 00101010101001010:1 00101010101001011:2 00101010101001100:3 00101010101001101:4 00101010101001110:6 00101010101001111:7 00101010101010000:3 00101010101010001:10 00101010101010010:10 00101010101010011:40 00101010101010100:102 00101010101010101:1721 00101010101010110:437 00101010101010111:69 00101010101011000:14 00101010101011001:17 00101010101011010:6 00101010101011011:6 00101010101011100:1 00101010101011101:6 00101010101011110:3 00101010101011111:2 00101010101100001:1 00101010101100010:2 00101010101100100:2 00101010101100101:1 00101010101100110:1 00101010101101100:1 00101010101101101:1 00101010101101111:1 00101010101110001:1 00101010101111110:1 00101010110010001:1 00101010110010011:1 00101010110110000:1 00101010110111111:1 00101010111000011:1 00101011001001000:1 00110010011111110:1 00110011111010100:1 01010100111011000:1 01010100111011011:1 01010101000001111:1 01010101000011111:1 01010101001011000:1 01010101010000100:1 01010101010000111:1 01010101010001101:1 01010101010010011:1 01010101010010111:1 01010101010011001:2 01010101010011010:1 01010101010011011:3 01010101010011100:1 01010101010011101:1 01010101010100000:2 01010101010100010:2 01010101010100011:1 01010101010100100:4 01010101010100101:7 01010101010100110:7 01010101010100111:21 01010101010101000:28 01010101010101001:61 01010101010101010:424 01010101010101011:1709 01010101010101100:103 01010101010101101:31 01010101010101110:11 01010101010101111:6 01010101010110000:5 01010101010110001:4 01010101010110010:2 01010101010110011:6 01010101010110100:2 01010101010110101:1 01010101010110110:1 01010101010110111:3 01010101010111000:2 01010101010111001:2 01010101010111010:3 01010101010111011:1 01010101010111100:1 01010101011000001:2 01010101011000011:1 01010101011000101:1 01010101011000110:1 01010101011001001:1 01010101011001110:1 01010101011110011:1 01010101011111011:1 01010101100001111:1 01010101100011000:1 01010101111011001:1 10000000000000000:2459 10101010001001011:1 10101010100001101:1 10101010100010101:1 10101010100100001:1 10101010100101111:2 10101010100110000:1 10101010100110110:1 10101010100110111:1 10101010100111010:1 10101010101000001:1 10101010101000110:1 10101010101001010:4 10101010101001011:3 10101010101001100:2 10101010101001101:4 10101010101001110:1 10101010101001111:5 10101010101010000:8 10101010101010001:6 10101010101010010:22 10101010101010011:27 10101010101010100:103 10101010101010101:1723 10101010101010110:426 10101010101010111:73 10101010101011000:36 10101010101011001:17 10101010101011010:9 10101010101011011:5 10101010101011101:4 10101010101011110:2 10101010101011111:3 10101010101100000:2 10101010101100001:2 10101010101100110:1 10101010101100111:1 10101010101101010:1 10101010101101110:2 10101010101110001:1 10101010101110011:1 10101010101110110:1 10101010110000101:1 10101010110001001:1 10101010110011011:1 10101010111100010:1 10101011000100001:1 11010100111011101:1 11010101000110110:1 11010101000111111:1 11010101001100100:1 11010101001100101:1 11010101001101011:1 11010101001111100:1 11010101010001100:1 11010101010001110:1 11010101010010001:1 11010101010010011:1 11010101010010101:3 11010101010011000:2 11010101010011001:3 11010101010011011:1 11010101010011101:1 11010101010011110:1 11010101010011111:1 11010101010100000:4 11010101010100001:1 11010101010100010:4 11010101010100011:1 11010101010100100:5 11010101010100101:3 11010101010100110:10 11010101010100111:13 11010101010101000:25 11010101010101001:66 11010101010101010:422 11010101010101011:1685 11010101010101100:111 11010101010101101:46 11010101010101110:14 11010101010101111:14 11010101010110000:7 11010101010110001:2 11010101010110010:2 11010101010110011:4 11010101010110100:1 11010101010110110:2 11010101010111100:2 11010101010111101:1 11010101010111110:1 11010101011000000:1 11010101011000111:1 11010101011010101:1 11010101011110011:1 11010101100001111:1 }

	Command being timed: "python3 shor.py 17"
	User time (seconds): 134.88
	System time (seconds): 2.76
	Percent of CPU this job got: 99%
	Elapsed (wall clock) time (h:mm:ss or m:ss): 2:18.93
	Average shared text size (kbytes): 0
	Average unshared data size (kbytes): 0
	Average stack size (kbytes): 0
	Average total size (kbytes): 0
	Maximum resident set size (kbytes): 2897384
	Average resident set size (kbytes): 0
	Major (requiring I/O) page faults: 0
	Minor (reclaiming a frame) page faults: 2663363
	Voluntary context switches: 6563
	Involuntary context switches: 2414
	Swaps: 0
	File system inputs: 0
	File system outputs: 24
	Socket messages sent: 0
	Socket messages received: 0
	Signals delivered: 0
	Page size (bytes): 4096
	Exit status: 0
Measurement results for a=5 and N=21 with 17 qubits in the control register 
{ 00000000000000000:2447 00101010100011011:1 00101010100100001:1 00101010100101101:1 00101010100101111:1 00101010100110010:1 00101010100111010:1 00101010100111011:1 00101010100111111:1 00101010101000001:2 00101010101000010:2 00101010101000101:1 00101010101000111:1 00101010101001000:1 00101010101001010:4 00101010101001011:2 00101010101001100:3 00101010101001101:1 00101010101001110:2 00101010101001111:5 00101010101010000:7 00101010101010001:11 00101010101010010:16 00101010101010011:36 00101010101010100:116 00101010101010101:1733 00101010101010110:434 00101010101010111:69 00101010101011000:24 00101010101011001:14 00101010101011010:5 00101010101011011:4 00101010101011100:3 00101010101011101:1 00101010101011110:2 00101010101011111:2 00101010101100000:1 00101010101100001:1 00101010101100010:2 00101010101100100:1 00101010101100110:3 00101010101101110:1 00101010101101111:1 00101010101110000:1 00101010101110101:1 00101010101111010:1 00101010110000000:1 00101010110000001:1 00101010110000011:1 00101010110011011:1 00101010110100000:1 00101010110100011:1 00101010111000110:1 01010100100111100:1 01010101000101100:1 01010101001100111:1 01010101001110000:1 01010101001110111:1 01010101010000110:1 01010101010001100:1 01010101010010011:1 01010101010011010:1 01010101010011011:1 01010101010011111:1 01010101010100000:4 01010101010100001:1 01010101010100010:1 01010101010100011:5 01010101010100100:4 01010101010100101:10 01010101010100110:12 01010101010100111:23 01010101010101000:23 01010101010101001:82 01010101010101010:425 01010101010101011:1772 01010101010101100:114 01010101010101101:30 01010101010101110:17 01010101010101111:12 01010101010110000:8 01010101010110001:6 01010101010110010:4 01010101010110100:2 01010101010110101:2 01010101010110110:1 01010101010110111:1 01010101010111001:2 01010101010111011:2 01010101010111100:1 01010101010111101:1 01010101010111110:2 01010101010111111:1 01010101011000001:1 01010101011000011:2 01010101011010100:1 01010101011010111:1 01010111011100101:1 10000000000000000:2459 10101001110000100:1 10101010001011101:1 10101010011001000:1 10101010011010111:1 10101010100010011:1 10101010100101100:1 10101010100110010:1 10101010100110110:1 10101010100111011:1 10101010100111100:1 10101010100111101:1 10101010101000010:1 10101010101000100:1 10101010101000101:2 10101010101000110:1 10101010101000111:1 10101010101001010:1 10101010101001011:2 10101010101001101:3 10101010101001110:1 10101010101001111:10 10101010101010000:3 10101010101010001:11 10101010101010010:13 10101010101010011:40 10101010101010100:120 10101010101010101:1702 10101010101010110:420 10101010101010111:76 10101010101011000:28 10101010101011001:15 10101010101011010:7 10101010101011011:5 10101010101011100:4 10101010101011101:3 10101010101011111:5 10101010101100000:2 10101010101100010:2 10101010101100100:2 10101010101100101:2 10101010101101010:1 10101010101101011:1 10101010101101111:1 10101010101111110:1 10101010110001111:1 10101010110111000:1 10101011010000110:1 11010001111101010:1 11010101001011110:1 11010101001110001:1 11010101001111111:1 11010101010000111:1 11010101010001101:1 11010101010010010:1 11010101010010011:1 11010101010010101:1 11010101010010111:1 11010101010011101:3 11010101010011110:1 11010101010100000:3 11010101010100010:5 11010101010100011:2 11010101010100100:3 11010101010100101:8 11010101010100110:9 11010101010100111:8 11010101010101000:29 11010101010101001:52 11010101010101010:429 11010101010101011:1723 11010101010101100:112 11010101010101101:31 11010101010101110:21 11010101010101111:5 11010101010110000:5 11010101010110001:3 11010101010110010:2 11010101010110011:2 11010101010110100:1 11010101010110101:2 11010101010110111:1 11010101010111000:1 11010101010111010:1 11010101010111101:3 11010101011000001:1 11010101011000010:1 11010101110111000:1 11011011001101000:1 }

	Command being timed: "python3 shor.py 17"
	User time (seconds): 141.52
	System time (seconds): 2.61
	Percent of CPU this job got: 99%
	Elapsed (wall clock) time (h:mm:ss or m:ss): 2:24.83
	Average shared text size (kbytes): 0
	Average unshared data size (kbytes): 0
	Average stack size (kbytes): 0
	Average total size (kbytes): 0
	Maximum resident set size (kbytes): 2898452
	Average resident set size (kbytes): 0
	Major (requiring I/O) page faults: 0
	Minor (reclaiming a frame) page faults: 2701611
	Voluntary context switches: 3311
	Involuntary context switches: 2143
	Swaps: 0
	File system inputs: 0
	File system outputs: 24
	Socket messages sent: 0
	Socket messages received: 0
	Signals delivered: 0
	Page size (bytes): 4096
	Exit status: 0
Measurement results for a=5 and N=21 with 17 qubits in the control register 
{ 00000000000000000:2523 00100100000110101:1 00101001001100110:1 00101010010001111:1 00101010011100011:1 00101010100011101:1 00101010100100111:1 00101010100101010:1 00101010100101110:1 00101010100110001:1 00101010100110011:1 00101010100111010:1 00101010101000000:1 00101010101000010:1 00101010101000011:1 00101010101000101:1 00101010101000111:1 00101010101001000:2 00101010101001010:3 00101010101001011:1 00101010101001100:1 00101010101001110:4 00101010101001111:2 00101010101010000:5 00101010101010001:15 00101010101010010:14 00101010101010011:23 00101010101010100:98 00101010101010101:1701 00101010101010110:421 00101010101010111:73 00101010101011000:18 00101010101011001:17 00101010101011010:9 00101010101011011:1 00101010101011100:4 00101010101011101:3 00101010101011111:4 00101010101100011:1 00101010101100111:1 00101010101101000:3 00101010101101001:1 00101010101110110:1 00101010101110111:1 00101010101111100:1 00101010110000011:1 00101010110001001:2 00101010111100011:1 00101010111111011:1 00101011010011111:1 01010101001001001:1 01010101001011000:1 01010101001110111:1 01010101001111011:1 01010101010001001:1 01010101010001010:1 01010101010001011:1 01010101010001101:2 01010101010001110:1 01010101010010001:1 01010101010011000:1 01010101010011011:1 01010101010011100:1 01010101010011101:1 01010101010011111:1 01010101010100000:1 01010101010100001:1 01010101010100010:3 01010101010100011:3 01010101010100100:5 01010101010100101:7 01010101010100110:8 01010101010100111:13 01010101010101000:28 01010101010101001:63 01010101010101010:411 01010101010101011:1679 01010101010101100:118 01010101010101101:23 01010101010101110:21 01010101010101111:16 01010101010110000:2 01010101010110001:4 01010101010110010:4 01010101010110011:6 01010101010110100:3 01010101010110101:3 01010101010110110:1 01010101010110111:1 01010101010111000:3 01010101010111001:1 01010101010111101:1 01010101010111110:1 01010101010111111:1 01010101011000010:2 01010101011000101:1 01010101011000110:1 01010101011001010:1 01010101011111011:1 01010101100101111:1 10000000000000000:2480 10101010001110010:1 10101010011000010:1 10101010011100011:1 10101010100000010:1 10101010100010011:1 10101010100101011:1 10101010100101101:1 10101010100110000:1 10101010100110010:1 10101010100110011:1 10101010100111000:1 10101010100111101:1 10101010101000001:1 10101010101000101:1 10101010101000111:1 10101010101001000:2 10101010101001001:2 10101010101001010:1 10101010101001011:5 10101010101001100:2 10101010101001101:5 10101010101001110:6 10101010101001111:8 10101010101010000:9 10101010101010001:5 10101010101010010:23 10101010101010011:29 10101010101010100:120 10101010101010101:1711 10101010101010110:422 10101010101010111:55 10101010101011000:27 10101010101011001:12 10101010101011010:11 10101010101011011:6 10101010101011100:1 10101010101011101:4 10101010101011110:3 10101010101011111:4 10101010101100000:2 10101010101100001:2 10101010101100010:1 10101010101100011:1 10101010101100100:2 10101010101100101:2 10101010101100110:1 10101010101101101:1 10101010101110100:1 10101010101111001:1 10101010101111101:1 10101010111100100:1 10101011000100111:1 10101011011000010:1 11010100111111111:1 11010101000000110:1 11010101000011010:1 11010101000100000:1 11010101001011001:1 11010101001101001:1 11010101010001001:1 11010101010001011:2 11010101010001101:1 11010101010001110:1 11010101010010100:1 11010101010010110:1 11010101010011100:2 11010101010011110:1 11010101010100010:1 11010101010100011:5 11010101010100100:5 11010101010100101:1 11010101010100110:3 11010101010100111:17 11010101010101000:25 11010101010101001:61 11010101010101010:430 11010101010101011:1818 11010101010101100:113 11010101010101101:32 11010101010101110:16 11010101010101111:9 11010101010110000:6 11010101010110001:4 11010101010110010:3 11010101010110011:4 11010101010110100:7 11010101010110101:1 11010101010111000:1 11010101010111100:1 11010101010111111:2 11010101011000000:1 11010101011000111:1 11010101011001011:1 11010101011101001:1 11010101011111010:1 11010101111110100:1 }

	Command being timed: "python3 shor.py 17"
	User time (seconds): 142.55
	System time (seconds): 2.66
	Percent of CPU this job got: 99%
	Elapsed (wall clock) time (h:mm:ss or m:ss): 2:25.86
	Average shared text size (kbytes): 0
	Average unshared data size (kbytes): 0
	Average stack size (kbytes): 0
	Average total size (kbytes): 0
	Maximum resident set size (kbytes): 2897536
	Average resident set size (kbytes): 0
	Major (requiring I/O) page faults: 0
	Minor (reclaiming a frame) page faults: 2723677
	Voluntary context switches: 3304
	Involuntary context switches: 2067
	Swaps: 0
	File system inputs: 0
	File system outputs: 24
	Socket messages sent: 0
	Socket messages received: 0
	Signals delivered: 0
	Page size (bytes): 4096
	Exit status: 0
Measurement results for a=5 and N=21 with 17 qubits in the control register 
{ 00000000000000000:2461 00101010010111010:1 00101010011100111:1 00101010100010101:1 00101010100100011:1 00101010100100101:1 00101010100110010:1 00101010100111011:1 00101010100111100:1 00101010101000111:2 00101010101001000:3 00101010101001001:2 00101010101001011:1 00101010101001100:2 00101010101001101:1 00101010101001110:2 00101010101001111:4 00101010101010000:8 00101010101010001:6 00101010101010010:12 00101010101010011:34 00101010101010100:113 00101010101010101:1786 00101010101010110:450 00101010101010111:73 00101010101011000:30 00101010101011001:13 00101010101011010:15 00101010101011011:6 00101010101011100:4 00101010101011101:5 00101010101011110:2 00101010101011111:2 00101010101100000:2 00101010101100001:3 00101010101100010:2 00101010101100110:2 00101010101100111:1 00101010101101001:1 00101010101101010:1 00101010101101011:1 00101010101101100:1 00101010101111011:1 00101010110000000:1 00101010110000111:1 00101010110001000:1 00101010110001001:1 00101010110110010:1 01010011101100100:1 01010100011010111:1 01010101001001000:1 01010101001110011:2 01010101001111000:1 01010101001111011:1 01010101010000110:1 01010101010001011:1 01010101010010101:1 01010101010010111:1 01010101010011001:5 01010101010011011:2 01010101010011101:1 01010101010011111:1 01010101010100000:3 01010101010100001:6 01010101010100010:2 01010101010100011:6 01010101010100100:6 01010101010100101:7 01010101010100110:7 01010101010100111:10 01010101010101000:27 01010101010101001:81 01010101010101010:393 01010101010101011:1757 01010101010101100:94 01010101010101101:44 01010101010101110:15 01010101010101111:6 01010101010110000:8 01010101010110001:3 01010101010110010:3 01010101010110011:2 01010101010110100:5 01010101010110101:1 01010101010110111:2 01010101010111011:1 01010101010111100:1 01010101010111110:1 01010101010111111:2 01010101011000010:1 01010101011001010:1 01010101011001100:1 01010101011010011:1 01010101011010100:1 01010101011011101:2 01010101011101110:1 01010101011110011:1 01010101011111010:1 01010101100000001:1 01010101101001101:1 10000000000000000:2475 10101010001010100:1 10101010100001110:1 10101010100100000:1 10101010100110100:1 10101010100111110:1 10101010101000010:1 10101010101000011:2 10101010101000100:3 10101010101000101:1 10101010101000110:1 10101010101000111:2 10101010101001000:1 10101010101001001:6 10101010101001011:1 10101010101001100:4 10101010101001101:5 10101010101001110:4 10101010101001111:2 10101010101010000:14 10101010101010001:9 10101010101010010:16 10101010101010011:41 10101010101010100:114 10101010101010101:1683 10101010101010110:435 10101010101010111:77 10101010101011000:30 10101010101011001:9 10101010101011010:11 10101010101011011:6 10101010101011100:5 10101010101011101:4 10101010101011110:5 10101010101011111:1 10101010101100000:1 10101010101100001:2 10101010101100010:1 10101010101100011:2 10101010101100101:2 10101010101100111:1 10101010101101100:1 10101010101101101:1 10101010101101110:1 10101010101101111:1 10101010101110001:1 10101010101110010:1 10101010110000010:1 10101010110000011:1 10101010110000111:1 10101010110111011:1 11010101001110111:1 11010101010000011:1 11010101010001110:1 11010101010010110:1 11010101010011000:1 11010101010011011:2 11010101010011110:3 11010101010011111:1 11010101010100000:1 11010101010100001:3 11010101010100010:1 11010101010100011:3 11010101010100100:5 11010101010100101:3 11010101010100110:4 11010101010100111:17 11010101010101000:38 11010101010101001:62 11010101010101010:411 11010101010101011:1675 11010101010101100:95 11010101010101101:28 11010101010101110:18 11010101010101111:10 11010101010110000:7 11010101010110001:5 11010101010110010:2 11010101010110011:1 11010101010110100:1 11010101010110101:3 11010101010111000:1 11010101010111010:1 11010101010111011:1 11010101010111100:1 11010101010111101:1 11010101010111111:1 11010101011000000:1 11010101011000011:1 11010101011000100:1 11010101011001110:1 11010101011010110:1 11010101011111110:1 11010101100001001:1 11010110010010100:1 }

	Command being timed: "python3 shor.py 17"
	User time (seconds): 134.43
	System time (seconds): 2.77
	Percent of CPU this job got: 99%
	Elapsed (wall clock) time (h:mm:ss or m:ss): 2:18.03
	Average shared text size (kbytes): 0
	Average unshared data size (kbytes): 0
	Average stack size (kbytes): 0
	Average total size (kbytes): 0
	Maximum resident set size (kbytes): 2899460
	Average resident set size (kbytes): 0
	Major (requiring I/O) page faults: 0
	Minor (reclaiming a frame) page faults: 2661334
	Voluntary context switches: 4156
	Involuntary context switches: 2046
	Swaps: 0
	File system inputs: 0
	File system outputs: 24
	Socket messages sent: 0
	Socket messages received: 0
	Signals delivered: 0
	Page size (bytes): 4096
	Exit status: 0
Measurement results for a=5 and N=21 with 17 qubits in the control register 
{ 00000000000000000:2505 00101001111100001:1 00101010011111101:1 00101010100100001:1 00101010100100010:1 00101010100101010:1 00101010100101110:1 00101010100110010:1 00101010100110011:1 00101010100110101:1 00101010100110110:2 00101010100111001:1 00101010101000011:1 00101010101001000:1 00101010101001011:4 00101010101001101:2 00101010101001110:5 00101010101001111:8 00101010101010000:7 00101010101010001:3 00101010101010010:14 00101010101010011:37 00101010101010100:106 00101010101010101:1740 00101010101010110:438 00101010101010111:64 00101010101011000:36 00101010101011001:12 00101010101011010:6 00101010101011011:4 00101010101011100:4 00101010101011101:2 00101010101011110:6 00101010101011111:5 00101010101100000:2 00101010101100010:1 00101010101100011:1 00101010101101010:1 00101010101110010:1 00101010110000011:1 00101010110000101:1 00101010110100010:1 00101010110101101:1 01010101001100101:1 01010101001110100:1 01010101001111111:1 01010101010000011:1 01010101010001001:1 01010101010001101:1 01010101010011010:1 01010101010011100:1 01010101010011110:1 01010101010100000:1 01010101010100001:4 01010101010100010:3 01010101010100011:4 01010101010100100:4 01010101010100101:9 01010101010100110:8 01010101010100111:7 01010101010101000:20 01010101010101001:69 01010101010101010:428 01010101010101011:1790 01010101010101100:118 01010101010101101:42 01010101010101110:14 01010101010101111:10 01010101010110000:6 01010101010110001:3 01010101010110010:5 01010101010110011:4 01010101010110100:2 01010101010110101:1 01010101010110111:1 01010101010111001:4 01010101010111010:2 01010101010111101:2 01010101011000110:2 01010101011001101:1 01010101011010111:1 01010101011011001:1 01010101011111000:1 01010101100000100:1 01010101101101011:1 01010101110111010:1 10000000000000000:2539 10100111001000011:1 10101010001111110:1 10101010010010010:1 10101010011010000:1 10101010100000000:1 10101010100010000:1 10101010100100111:1 10101010100111101:2 10101010101000001:1 10101010101000010:2 10101010101000011:1 10101010101000100:1 10101010101001000:2 10101010101001001:1 10101010101001010:3 10101010101001011:1 10101010101001100:2 10101010101001110:5 10101010101001111:2 10101010101010000:7 10101010101010001:5 10101010101010010:16 10101010101010011:28 10101010101010100:97 10101010101010101:1657 10101010101010110:439 10101010101010111:69 10101010101011000:28 10101010101011001:16 10101010101011010:9 10101010101011011:4 10101010101011100:3 10101010101011101:4 10101010101011110:2 10101010101011111:1 10101010101100001:2 10101010101100101:1 10101010101100110:1 10101010101100111:3 10101010101110000:1 10101010101110010:1 10101010101110111:1 10101010101111111:2 10101010110000000:1 10101010111000111:1 10101010111001100:1 10101010111011100:1 10101011000000001:1 11010010011111000:1 11010100111101001:1 11010101001111100:1 11010101001111111:1 11010101010000010:2 11010101010000011:1 11010101010001101:1 11010101010010010:1 11010101010010100:3 11010101010011001:2 11010101010011010:1 11010101010100001:1 11010101010100010:3 11010101010100011:3 11010101010100100:8 11010101010100101:2 11010101010100110:6 11010101010100111:8 11010101010101000:24 11010101010101001:76 11010101010101010:383 11010101010101011:1690 11010101010101100:101 11010101010101101:26 11010101010101110:17 11010101010101111:14 11010101010110000:8 11010101010110001:4 11010101010110010:5 11010101010110011:3 11010101010110110:4 11010101010110111:3 11010101010111010:2 11010101010111011:1 11010101010111100:1 11010101010111111:1 11010101011000011:1 11010101011000110:1 11010101011100101:1 11010101011100111:1 11010101011111011:2 11010101100010000:1 11010101100110101:1 11010110000010010:1 }

	Command being timed: "python3 shor.py 17"
	User time (seconds): 135.33
	System time (seconds): 2.59
	Percent of CPU this job got: 99%
	Elapsed (wall clock) time (h:mm:ss or m:ss): 2:18.62
	Average shared text size (kbytes): 0
	Average unshared data size (kbytes): 0
	Average stack size (kbytes): 0
	Average total size (kbytes): 0
	Maximum resident set size (kbytes): 2897784
	Average resident set size (kbytes): 0
	Major (requiring I/O) page faults: 0
	Minor (reclaiming a frame) page faults: 2639972
	Voluntary context switches: 3428
	Involuntary context switches: 1963
	Swaps: 0
	File system inputs: 0
	File system outputs: 24
	Socket messages sent: 0
	Socket messages received: 0
	Signals delivered: 0
	Page size (bytes): 4096
	Exit status: 0
Measurement results for a=5 and N=21 with 17 qubits in the control register 
{ 00000000000000000:2458 00101000101101110:1 00101010010101000:1 00101010010111101:1 00101010100000111:1 00101010100100101:1 00101010100101110:1 00101010100111011:1 00101010100111111:1 00101010101000011:2 00101010101000110:1 00101010101001000:1 00101010101001010:1 00101010101001011:2 00101010101001100:1 00101010101001101:3 00101010101001110:3 00101010101001111:2 00101010101010000:9 00101010101010001:12 00101010101010010:16 00101010101010011:31 00101010101010100:97 00101010101010101:1741 00101010101010110:420 00101010101010111:75 00101010101011000:18 00101010101011001:11 00101010101011010:14 00101010101011011:5 00101010101011100:3 00101010101011101:6 00101010101011110:4 00101010101011111:2 00101010101100000:1 00101010101100010:1 00101010101100110:3 00101010101101000:1 00101010101101001:1 00101010101101010:3 00101010101101111:1 00101010101110111:1 00101010110001000:1 00101010110010010:1 00101010110010011:1 00101010111001110:1 01010011001111000:1 01010100011110001:1 01010100110011001:1 01010101000011010:1 01010101001011011:1 01010101010000011:1 01010101010000101:1 01010101010010110:2 01010101010011000:2 01010101010011010:2 01010101010011011:2 01010101010011100:3 01010101010011110:2 01010101010100000:2 01010101010100001:3 01010101010100010:6 01010101010100011:4 01010101010100100:3 01010101010100101:6 01010101010100110:9 01010101010100111:14 01010101010101000:25 01010101010101001:77 01010101010101010:409 01010101010101011:1700 01010101010101100:111 01010101010101101:40 01010101010101110:12 01010101010101111:10 01010101010110000:9 01010101010110001:4 01010101010110010:1 01010101010110100:3 01010101010110101:2 01010101010110110:1 01010101010110111:3 01010101010111011:1 01010101010111100:1 01010101010111101:2 01010101010111111:1 01010101011000010:1 01010101011000101:1 01010101011000111:1 01010101011011100:1 01010101011101110:1 01010101100001100:1 01010101100100011:1 01010101110001011:1 01010101110010001:1 01010110111011100:1 10000000000000000:2549 10101010001000010:1 10101010100000011:1 10101010100111000:1 10101010101001000:1 10101010101001001:2 10101010101001010:2 10101010101001011:2 10101010101001101:1 10101010101001110:5 10101010101001111:4 10101010101010000:10 10101010101010001:7 10101010101010010:21 10101010101010011:34 10101010101010100:128 10101010101010101:1720 10101010101010110:435 10101010101010111:57 10101010101011000:23 10101010101011001:8 10101010101011010:11 10101010101011011:7 10101010101011100:4 10101010101011101:3 10101010101011110:2 10101010101100000:2 10101010101100001:3 10101010101100100:2 10101010101100101:2 10101010101100110:2 10101010101101000:2 10101010101101001:1 10101010101101010:1 10101010101101100:1 10101010101110110:1 10101010101111000:1 10101010110000100:2 10101010110010011:1 10101010111011110:1 11010100010000100:1 11010100110000011:1 11010101001010100:1 11010101001100100:1 11010101010001001:1 11010101010001101:1 11010101010001110:1 11010101010010000:1 11010101010010001:1 11010101010010100:2 11010101010010111:2 11010101010011011:1 11010101010011100:1 11010101010011101:1 11010101010011110:3 11010101010011111:1 11010101010100000:5 11010101010100001:6 11010101010100010:3 11010101010100011:1 11010101010100100:5 11010101010100101:3 11010101010100110:11 11010101010100111:17 11010101010101000:21 11010101010101001:70 11010101010101010:402 11010101010101011:1727 11010101010101100:107 11010101010101101:39 11010101010101110:11 11010101010101111:6 11010101010110000:7 11010101010110001:6 11010101010110010:1 11010101010110011:1 11010101010110100:3 11010101010110101:1 11010101010110110:2 11010101010110111:3 11010101010111000:2 11010101010111010:3 11010101010111100:1 11010101010111111:2 11010101011000100:1 11010101011111000:1 }

	Command being timed: "python3 shor.py 17"
	User time (seconds): 139.21
	System time (seconds): 2.69
	Percent of CPU this job got: 99%
	Elapsed (wall clock) time (h:mm:ss or m:ss): 2:22.57
	Average shared text size (kbytes): 0
	Average unshared data size (kbytes): 0
	Average stack size (kbytes): 0
	Average total size (kbytes): 0
	Maximum resident set size (kbytes): 2897672
	Average resident set size (kbytes): 0
	Major (requiring I/O) page faults: 0
	Minor (reclaiming a frame) page faults: 2701429
	Voluntary context switches: 3271
	Involuntary context switches: 2117
	Swaps: 0
	File system inputs: 0
	File system outputs: 24
	Socket messages sent: 0
	Socket messages received: 0
	Signals delivered: 0
	Page size (bytes): 4096
	Exit status: 0
Measurement results for a=5 and N=21 with 17 qubits in the control register 
{ 00000000000000000:2504 00101001011100110:1 00101010011011011:1 00101010100101001:1 00101010100110000:1 00101010100111000:1 00101010100111111:1 00101010101000011:2 00101010101000100:1 00101010101001000:1 00101010101001001:3 00101010101001010:2 00101010101001011:2 00101010101001100:1 00101010101001101:5 00101010101001110:3 00101010101001111:7 00101010101010000:3 00101010101010001:7 00101010101010010:14 00101010101010011:30 00101010101010100:98 00101010101010101:1672 00101010101010110:410 00101010101010111:75 00101010101011000:29 00101010101011001:14 00101010101011010:14 00101010101011011:4 00101010101011101:5 00101010101011110:1 00101010101011111:2 00101010101100000:1 00101010101100001:2 00101010101100010:3 00101010101100011:3 00101010101100100:1 00101010101100101:1 00101010101100110:1 00101010101100111:1 00101010101101000:1 00101010101101010:1 00101010101101011:1 00101010101101100:1 00101010101101110:1 00101010101110001:1 00101010101110101:1 00101010101110111:1 00101010110000100:2 00101010110001001:1 00101010111010110:1 01010100011110100:1 01010101000110101:1 01010101001010001:1 01010101001011100:1 01010101001100101:1 01010101001101111:1 01010101001110000:1 01010101001111001:1 01010101010001101:1 01010101010010011:2 01010101010010101:1 01010101010011000:1 01010101010011011:2 01010101010011110:2 01010101010011111:4 01010101010100001:1 01010101010100010:2 01010101010100011:10 01010101010100100:7 01010101010100101:6 01010101010100110:11 01010101010100111:16 01010101010101000:20 01010101010101001:69 01010101010101010:452 01010101010101011:1643 01010101010101100:108 01010101010101101:32 01010101010101110:15 01010101010101111:15 01010101010110000:7 01010101010110001:6 01010101010110010:5 01010101010110011:1 01010101010110101:2 01010101010110110:1 01010101010110111:3 01010101010111000:1 01010101010111001:3 01010101010111010:1 01010101010111100:1 01010101010111111:1 01010101011000100:1 01010101011000101:2 01010101011010111:1 01010101011110000:1 01010101101010100:1 10000000000000000:2510 10101010011110010:1 10101010011111000:1 10101010100000110:1 10101010100101000:1 10101010100110101:1 10101010100111101:2 10101010100111110:2 10101010101000011:2 10101010101000101:1 10101010101001000:2 10101010101001010:1 10101010101001100:2 10101010101001101:2 10101010101001110:4 10101010101001111:7 10101010101010000:8 10101010101010001:12 10101010101010010:26 10101010101010011:39 10101010101010100:109 10101010101010101:1823 10101010101010110:436 10101010101010111:66 10101010101011000:23 10101010101011001:12 10101010101011010:5 10101010101011011:3 10101010101011100:8 10101010101011101:3 10101010101100000:1 10101010101100010:1 10101010101100011:1 10101010101100100:2 10101010101101001:1 10101010101101010:1 10101010101101011:1 10101010101110001:1 10101010101110010:1 10101010110100001:2 11010100111100110:1 11010101001100111:1 11010101001111000:1 11010101010000010:1 11010101010000111:1 11010101010001101:1 11010101010001111:1 11010101010010011:2 11010101010010101:1 11010101010010110:1 11010101010011001:1 11010101010011011:1 11010101010011100:1 11010101010011101:2 11010101010011111:3 11010101010100000:1 11010101010100001:4 11010101010100010:3 11010101010100011:3 11010101010100100:5 11010101010100101:6 11010101010100110:6 11010101010100111:19 11010101010101000:38 11010101010101001:71 11010101010101010:394 11010101010101011:1707 11010101010101100:107 11010101010101101:33 11010101010101110:11 11010101010101111:9 11010101010110000:4 11010101010110001:4 11010101010110010:3 11010101010110011:3 11010101010110100:1 11010101010110101:4 11010101010110110:2 11010101010110111:2 11010101010111001:1 11010101010111111:2 11010101011001101:1 11010101011010100:1 11010101011011000:1 11010101011100000:1 11010101011100001:1 11010101011100010:1 11010101100000101:1 }

	Command being timed: "python3 shor.py 17"
	User time (seconds): 136.00
	System time (seconds): 2.69
	Percent of CPU this job got: 99%
	Elapsed (wall clock) time (h:mm:ss or m:ss): 2:19.70
	Average shared text size (kbytes): 0
	Average unshared data size (kbytes): 0
	Average stack size (kbytes): 0
	Average total size (kbytes): 0
	Maximum resident set size (kbytes): 2899292
	Average resident set size (kbytes): 0
	Major (requiring I/O) page faults: 0
	Minor (reclaiming a frame) page faults: 2662752
	Voluntary context switches: 3377
	Involuntary context switches: 1979
	Swaps: 0
	File system inputs: 0
	File system outputs: 24
	Socket messages sent: 0
	Socket messages received: 0
	Signals delivered: 0
	Page size (bytes): 4096
	Exit status: 0
Measurement results for a=5 and N=21 with 17 qubits in the control register 
{ 00000000000000000:2513 00101010010001110:1 00101010100001010:1 00101010100101100:1 00101010100111100:1 00101010101000001:1 00101010101000101:1 00101010101001000:1 00101010101001001:1 00101010101001010:4 00101010101001011:1 00101010101001100:1 00101010101001101:3 00101010101001110:3 00101010101001111:6 00101010101010000:7 00101010101010001:12 00101010101010010:17 00101010101010011:30 00101010101010100:110 00101010101010101:1623 00101010101010110:439 00101010101010111:78 00101010101011000:24 00101010101011001:20 00101010101011010:9 00101010101011011:7 00101010101011100:4 00101010101011101:6 00101010101011111:2 00101010101100000:5 00101010101100001:1 00101010101100010:2 00101010101100011:3 00101010101100100:2 00101010101100101:1 00101010101100111:1 00101010101101000:1 00101010101101001:1 00101010101101010:2 00101010101101011:1 00101010101101110:1 00101010101110001:1 00101010101111110:1 00101010110001011:1 00101010111110101:1 00101011011000001:1 00101011101111001:1 01010100110011100:1 01010101001001000:1 01010101010000110:1 01010101010001001:1 01010101010001010:1 01010101010010011:1 01010101010010111:1 01010101010011010:1 01010101010011011:1 01010101010011100:1 01010101010011110:2 01010101010011111:2 01010101010100000:1 01010101010100010:2 01010101010100011:5 01010101010100100:4 01010101010100101:7 01010101010100110:13 01010101010100111:11 01010101010101000:14 01010101010101001:75 01010101010101010:401 01010101010101011:1706 01010101010101100:114 01010101010101101:32 01010101010101110:12 01010101010101111:9 01010101010110000:4 01010101010110001:3 01010101010110010:4 01010101010110011:4 01010101010110100:3 01010101010110101:1 01010101010110111:4 01010101010111010:1 01010101010111011:2 01010101010111100:1 01010101010111101:2 01010101011000011:1 01010101011010000:1 01010101011100110:1 01010101100001111:1 10000000000000000:2522 10101001110011010:1 10101010011101000:1 10101010100011000:1 10101010100011100:1 10101010100101100:1 10101010100110010:1 10101010100110110:1 10101010100111000:2 10101010100111010:1 10101010101000110:1 10101010101000111:1 10101010101001000:1 10101010101001001:1 10101010101001010:1 10101010101001011:4 10101010101001110:6 10101010101001111:5 10101010101010000:12 10101010101010001:12 10101010101010010:21 10101010101010011:32 10101010101010100:123 10101010101010101:1722 10101010101010110:453 10101010101010111:69 10101010101011000:33 10101010101011001:16 10101010101011010:15 10101010101011011:5 10101010101011100:5 10101010101011101:2 10101010101011110:4 10101010101100000:1 10101010101100010:1 10101010101100100:1 10101010101100101:1 10101010101100110:1 10101010101101000:1 10101010101101011:1 10101010101101100:1 10101010101111010:1 10101010101111111:1 10101010110001101:1 10101010110010111:1 10101010110011101:1 10101010111001100:1 10101010111100100:1 10101100010101010:1 10101101100000110:1 11010101001011100:1 11010101001101010:1 11010101001111010:1 11010101010000101:1 11010101010001011:2 11010101010001101:1 11010101010010000:2 11010101010010010:1 11010101010010101:1 11010101010010111:1 11010101010011010:2 11010101010011011:1 11010101010011100:1 11010101010011110:4 11010101010011111:4 11010101010100000:2 11010101010100001:3 11010101010100010:5 11010101010100011:1 11010101010100100:3 11010101010100101:7 11010101010100110:4 11010101010100111:8 11010101010101000:28 11010101010101001:66 11010101010101010:393 11010101010101011:1745 11010101010101100:104 11010101010101101:39 11010101010101110:19 11010101010101111:6 11010101010110000:6 11010101010110001:7 11010101010110010:3 11010101010110100:2 11010101010110101:5 11010101010110111:1 11010101010111000:2 11010101010111001:1 11010101010111010:2 11010101010111011:1 11010101010111101:1 11010101011000000:1 11010101011000110:1 11010101011001101:1 11010101011001110:1 11010101011010110:1 11010101011011100:1 11010101011100001:1 11010101011110100:1 11010101100000000:1 11010101100100001:1 11010101110000001:1 11010101110111101:1 }

	Command being timed: "python3 shor.py 17"
	User time (seconds): 145.62
	System time (seconds): 2.72
	Percent of CPU this job got: 99%
	Elapsed (wall clock) time (h:mm:ss or m:ss): 2:29.01
	Average shared text size (kbytes): 0
	Average unshared data size (kbytes): 0
	Average stack size (kbytes): 0
	Average total size (kbytes): 0
	Maximum resident set size (kbytes): 2902132
	Average resident set size (kbytes): 0
	Major (requiring I/O) page faults: 0
	Minor (reclaiming a frame) page faults: 2798727
	Voluntary context switches: 3335
	Involuntary context switches: 2199
	Swaps: 0
	File system inputs: 0
	File system outputs: 16
	Socket messages sent: 0
	Socket messages received: 0
	Signals delivered: 0
	Page size (bytes): 4096
	Exit status: 0
Measurement results for a=5 and N=21 with 17 qubits in the control register 
{ 00000000000000000:2456 00101010001111100:1 00101010100110000:1 00101010100110010:2 00101010100111001:1 00101010101000000:1 00101010101000001:1 00101010101000010:1 00101010101000100:1 00101010101000110:3 00101010101000111:1 00101010101001000:1 00101010101001001:1 00101010101001010:2 00101010101001011:2 00101010101001100:3 00101010101001101:9 00101010101001110:5 00101010101001111:8 00101010101010000:7 00101010101010001:7 00101010101010010:17 00101010101010011:48 00101010101010100:108 00101010101010101:1711 00101010101010110:392 00101010101010111:57 00101010101011000:15 00101010101011001:13 00101010101011010:7 00101010101011011:5 00101010101011100:4 00101010101011101:3 00101010101011110:1 00101010101011111:3 00101010101100000:1 00101010101100001:2 00101010101100010:1 00101010101100111:2 00101010101101001:1 00101010101101011:1 00101010101101110:1 00101010101101111:1 00101010101110010:1 00101010101110111:1 00101010101111011:2 00101010101111110:1 00101010110011011:1 00101010110111100:1 00101010111110101:1 01010100111110101:1 01010101001101001:1 01010101001110101:1 01010101001111011:1 01010101010000000:1 01010101010001111:2 01010101010010101:1 01010101010011011:4 01010101010011100:2 01010101010011101:2 01010101010011110:1 01010101010100000:1 01010101010100001:1 01010101010100010:4 01010101010100011:3 01010101010100100:3 01010101010100101:8 01010101010100110:13 01010101010100111:15 01010101010101000:20 01010101010101001:65 01010101010101010:438 01010101010101011:1758 01010101010101100:115 01010101010101101:27 01010101010101110:16 01010101010101111:9 01010101010110000:9 01010101010110001:6 01010101010110011:3 01010101010110100:1 01010101010110101:1 01010101010110110:2 01010101010110111:1 01010101010111000:1 01010101010111010:2 01010101010111011:1 01010101010111100:2 01010101010111101:1 01010101010111111:2 01010101011000001:1 01010101011000010:1 01010101011001000:1 01010101011001001:2 01010101011001011:1 01010101011001101:1 01010101100000001:1 10000000000000000:2468 10101010010100011:1 10101010100011000:1 10101010100011101:1 10101010100110001:1 10101010100110101:1 10101010100110110:1 10101010100111000:1 10101010100111100:1 10101010100111110:2 10101010101000001:1 10101010101000010:1 10101010101000011:1 10101010101000101:1 10101010101000111:1 10101010101001000:2 10101010101001001:2 10101010101001011:1 10101010101001100:1 10101010101001101:4 10101010101001110:6 10101010101001111:8 10101010101010000:7 10101010101010001:6 10101010101010010:22 10101010101010011:32 10101010101010100:108 10101010101010101:1735 10101010101010110:447 10101010101010111:79 10101010101011000:26 10101010101011001:11 10101010101011010:17 10101010101011011:9 10101010101011100:8 10101010101011101:5 10101010101011110:1 10101010101011111:1 10101010101100000:1 10101010101100001:2 10101010101101010:1 10101010101101011:1 10101010101101100:1 10101010101101101:4 10101010101110011:1 10101010101111110:1 10101010110000001:1 10101010110011111:1 10101010111011101:1 10101010111100111:1 10101011000011111:1 10101011000111101:1 10101100010000010:1 11010101001011010:1 11010101001100001:1 11010101001111000:1 11010101010010110:2 11010101010010111:1 11010101010011010:1 11010101010011011:2 11010101010011100:1 11010101010011111:3 11010101010100000:4 11010101010100001:4 11010101010100010:1 11010101010100011:4 11010101010100100:3 11010101010100101:5 11010101010100110:12 11010101010100111:20 11010101010101000:20 11010101010101001:65 11010101010101010:426 11010101010101011:1731 11010101010101100:105 11010101010101101:31 11010101010101110:20 11010101010101111:3 11010101010110000:5 11010101010110001:3 11010101010110010:4 11010101010110101:2 11010101010110110:1 11010101010110111:2 11010101010111000:1 11010101010111001:1 11010101011000010:1 11010101011001001:1 11010101011100110:1 11010101011101101:1 11010101011110111:1 }

	Command being timed: "python3 shor.py 17"
	User time (seconds): 135.95
	System time (seconds): 2.63
	Percent of CPU this job got: 99%
	Elapsed (wall clock) time (h:mm:ss or m:ss): 2:19.33
	Average shared text size (kbytes): 0
	Average unshared data size (kbytes): 0
	Average stack size (kbytes): 0
	Average total size (kbytes): 0
	Maximum resident set size (kbytes): 2900808
	Average resident set size (kbytes): 0
	Major (requiring I/O) page faults: 0
	Minor (reclaiming a frame) page faults: 2659208
	Voluntary context switches: 3976
	Involuntary context switches: 1979
	Swaps: 0
	File system inputs: 0
	File system outputs: 24
	Socket messages sent: 0
	Socket messages received: 0
	Signals delivered: 0
	Page size (bytes): 4096
	Exit status: 0
Measurement results for a=5 and N=21 with 17 qubits in the control register 
{ 00000000000000000:2482 00101001110101100:1 00101010001100000:1 00101010011000110:1 00101010100101110:1 00101010100110001:1 00101010100111100:2 00101010101000000:2 00101010101000001:1 00101010101000010:1 00101010101000100:2 00101010101000101:1 00101010101000110:2 00101010101000111:2 00101010101001000:4 00101010101001010:3 00101010101001100:2 00101010101001101:5 00101010101001110:1 00101010101001111:5 00101010101010000:11 00101010101010001:9 00101010101010010:19 00101010101010011:35 00101010101010100:101 00101010101010101:1792 00101010101010110:422 00101010101010111:67 00101010101011000:24 00101010101011001:21 00101010101011010:7 00101010101011011:6 00101010101011100:5 00101010101011110:5 00101010101100001:2 00101010101100010:1 00101010101100100:2 00101010101100110:1 00101010101101000:1 00101010101101010:2 00101010101101111:1 00101010101111110:1 00101010101111111:1 00101010111000001:1 01010100101011100:1 01010101000100010:1 01010101000101100:1 01010101001100111:1 01010101001101111:1 01010101001110011:1 01010101010001010:1 01010101010001101:1 01010101010010110:1 01010101010010111:1 01010101010011001:1 01010101010011101:1 01010101010011110:1 01010101010011111:1 01010101010100000:2 01010101010100001:1 01010101010100010:2 01010101010100011:1 01010101010100100:5 01010101010100101:8 01010101010100110:8 01010101010100111:12 01010101010101000:25 01010101010101001:72 01010101010101010:442 01010101010101011:1698 01010101010101100:90 01010101010101101:39 01010101010101110:12 01010101010101111:10 01010101010110000:8 01010101010110001:7 01010101010110010:4 01010101010110011:3 01010101010110100:3 01010101010110101:3 01010101010111001:1 01010101010111011:1 01010101010111100:2 01010101011000000:2 01010101011000011:1 01010101011000111:1 01010101011010100:1 01010101011100000:1 01010101011100011:1 01010101011101111:1 01010101011111000:1 01010101100010010:1 10000000000000000:2509 10101010100000101:1 10101010100010100:2 10101010100010110:1 10101010100111011:1 10101010100111100:1 10101010101000000:2 10101010101000011:1 10101010101001000:2 10101010101001010:1 10101010101001011:1 10101010101001100:3 10101010101001101:2 10101010101001110:4 10101010101001111:4 10101010101010000:7 10101010101010001:8 10101010101010010:12 10101010101010011:27 10101010101010100:117 10101010101010101:1676 10101010101010110:435 10101010101010111:71 10101010101011000:24 10101010101011001:8 10101010101011010:10 10101010101011011:6 10101010101011100:6 10101010101011101:4 10101010101011110:4 10101010101011111:2 10101010101100000:1 10101010101100001:1 10101010101100010:3 10101010101100011:2 10101010101100101:2 10101010101100110:1 10101010101100111:1 10101010101101010:1 10101010101101101:2 10101010101101110:1 10101010101110000:1 10101010111110001:1 10101011000000111:1 10101011000101001:1 10101011000111001:1 10101011111101011:1 10101101010110010:1 11010100111010011:1 11010100111101000:1 11010101000011110:1 11010101001100101:1 11010101001101010:1 11010101001111100:1 11010101001111111:1 11010101010001000:1 11010101010001100:1 11010101010001101:1 11010101010001110:1 11010101010010010:1 11010101010010011:1 11010101010010101:2 11010101010011001:2 11010101010011100:1 11010101010011101:2 11010101010011110:2 11010101010100000:3 11010101010100001:6 11010101010100010:1 11010101010100011:2 11010101010100100:5 11010101010100101:6 11010101010100110:7 11010101010100111:10 11010101010101000:27 11010101010101001:62 11010101010101010:442 11010101010101011:1660 11010101010101100:123 11010101010101101:48 11010101010101110:17 11010101010101111:10 11010101010110000:5 11010101010110001:6 11010101010110010:2 11010101010110011:3 11010101010110100:2 11010101010110101:2 11010101010110110:1 11010101010110111:1 11010101010111010:1 11010101010111110:1 11010101011000010:1 11010101011000101:1 11010101011001001:1 11010101011001101:1 11010101011010001:1 11010101011010010:1 11010101011101101:1 11010101100000100:1 11010101100011101:1 11010101111110101:1 11011001111111110:1 }

	Command being timed: "python3 shor.py 17"
	User time (seconds): 139.46
	System time (seconds): 2.60
	Percent of CPU this job got: 99%
	Elapsed (wall clock) time (h:mm:ss or m:ss): 2:22.92
	Average shared text size (kbytes): 0
	Average unshared data size (kbytes): 0
	Average stack size (kbytes): 0
	Average total size (kbytes): 0
	Maximum resident set size (kbytes): 2902660
	Average resident set size (kbytes): 0
	Major (requiring I/O) page faults: 0
	Minor (reclaiming a frame) page faults: 2746652
	Voluntary context switches: 4534
	Involuntary context switches: 2113
	Swaps: 0
	File system inputs: 0
	File system outputs: 24
	Socket messages sent: 0
	Socket messages received: 0
	Signals delivered: 0
	Page size (bytes): 4096
	Exit status: 0
