WARNING: overwriting environment variables set in the machine
overwriting variable ['LD_LIBRARY_PATH']
Measurement results for a=5 and N=21 with 19 qubits in the control register 
{ 0000000000000000000:2535 0010101010010011110:1 0010101010100110101:1 0010101010100111111:2 0010101010101000000:1 0010101010101000101:2 0010101010101000110:1 0010101010101001000:2 0010101010101001001:2 0010101010101001010:3 0010101010101001011:4 0010101010101001100:3 0010101010101001101:4 0010101010101001110:3 0010101010101001111:3 0010101010101010000:9 0010101010101010001:11 0010101010101010010:15 0010101010101010011:48 0010101010101010100:107 0010101010101010101:1678 0010101010101010110:386 0010101010101010111:71 0010101010101011000:25 0010101010101011001:17 0010101010101011010:4 0010101010101011011:5 0010101010101011100:5 0010101010101011101:7 0010101010101011110:1 0010101010101100010:1 0010101010101100101:3 0010101010101101010:1 0010101010101101101:1 0010101010101101111:1 0010101010101111010:1 0010101010101111100:1 0010101010101111110:1 0010101010111000010:1 0101010100011010101:1 0101010101001010100:1 0101010101001110001:1 0101010101010001000:1 0101010101010001110:1 0101010101010001111:1 0101010101010010011:1 0101010101010010101:2 0101010101010010111:1 0101010101010011001:1 0101010101010011010:1 0101010101010011011:3 0101010101010011100:3 0101010101010011101:1 0101010101010011110:3 0101010101010011111:2 0101010101010100000:2 0101010101010100001:2 0101010101010100010:1 0101010101010100011:4 0101010101010100100:3 0101010101010100101:5 0101010101010100110:8 0101010101010100111:12 0101010101010101000:19 0101010101010101001:68 0101010101010101010:418 0101010101010101011:1773 0101010101010101100:104 0101010101010101101:32 0101010101010101110:10 0101010101010101111:13 0101010101010110000:7 0101010101010110001:4 0101010101010110010:1 0101010101010110011:5 0101010101010110100:6 0101010101010110101:2 0101010101010110111:1 0101010101010111001:2 0101010101010111010:1 0101010101010111011:1 0101010101010111100:1 0101010101010111110:2 0101010101011000000:1 0101010101011000011:2 0101010101011000111:2 0101010101011001001:1 0101010101011001101:1 0101010101011001110:1 0101010101011010000:1 0101010101011100001:1 0101010101011100110:1 0101010101011110010:2 0101010101100000100:1 0101010101100100101:1 0101010101101000000:1 0101010101101000011:1 0101010101110000011:1 0101010101110100010:1 1000000000000000000:2445 1010101010010000100:1 1010101010010100000:1 1010101010011100111:1 1010101010011101100:1 1010101010011111001:1 1010101010011111111:1 1010101010100011000:1 1010101010100100010:1 1010101010100101001:1 1010101010100101110:1 1010101010100110000:1 1010101010101000001:1 1010101010101000100:1 1010101010101000110:2 1010101010101001001:4 1010101010101001010:1 1010101010101001011:2 1010101010101001101:2 1010101010101001110:5 1010101010101001111:5 1010101010101010000:4 1010101010101010001:13 1010101010101010010:18 1010101010101010011:30 1010101010101010100:101 1010101010101010101:1715 1010101010101010110:423 1010101010101010111:81 1010101010101011000:31 1010101010101011001:10 1010101010101011010:9 1010101010101011011:1 1010101010101011100:4 1010101010101011101:5 1010101010101011111:2 1010101010101100000:1 1010101010101100010:2 1010101010101100101:1 1010101010101100110:1 1010101010101100111:2 1010101010101101001:1 1010101010101101011:2 1010101010101101101:1 1010101010101110000:1 1010101010101110001:1 1010101010101110101:1 1010101010101110111:1 1010101010101111001:1 1010101010101111100:1 1010101010101111101:1 1010101010110000000:1 1010101010110000011:1 1010101010110010010:1 1010101010110011001:1 1010101010110100111:1 1010101011000101010:1 1010101011010000100:1 1010101100011110101:1 1101010100010010111:1 1101010101000000111:1 1101010101001110110:1 1101010101001110111:2 1101010101010000110:2 1101010101010001000:1 1101010101010001111:1 1101010101010010110:1 1101010101010011000:1 1101010101010011011:1 1101010101010011100:1 1101010101010011101:1 1101010101010011111:2 1101010101010100000:2 1101010101010100001:1 1101010101010100010:2 1101010101010100011:2 1101010101010100100:3 1101010101010100101:7 1101010101010100110:11 1101010101010100111:11 1101010101010101000:25 1101010101010101001:59 1101010101010101010:414 1101010101010101011:1763 1101010101010101100:106 1101010101010101101:40 1101010101010101110:19 1101010101010101111:15 1101010101010110000:3 1101010101010110001:2 1101010101010110010:2 1101010101010110011:3 1101010101010110101:4 1101010101010110110:4 1101010101010111000:1 1101010101010111001:1 1101010101010111010:1 1101010101010111011:1 1101010101010111100:1 1101010101010111101:1 1101010101010111110:1 1101010101011000000:2 1101010101011001110:1 1101010101011010110:2 1101010101011011011:1 1101010101011100000:1 1101010101011101110:1 1101010101100001110:1 1101010110010111111:1 }

	Command being timed: "python3 shor.py 19"
	User time (seconds): 3038.57
	System time (seconds): 22.93
	Percent of CPU this job got: 99%
	Elapsed (wall clock) time (h:mm:ss or m:ss): 51:12.29
	Average shared text size (kbytes): 0
	Average unshared data size (kbytes): 0
	Average stack size (kbytes): 0
	Average total size (kbytes): 0
	Maximum resident set size (kbytes): 10080888
	Average resident set size (kbytes): 0
	Major (requiring I/O) page faults: 0
	Minor (reclaiming a frame) page faults: 38382253
	Voluntary context switches: 41681
	Involuntary context switches: 40842
	Swaps: 0
	File system inputs: 0
	File system outputs: 24
	Socket messages sent: 0
	Socket messages received: 0
	Signals delivered: 0
	Page size (bytes): 4096
	Exit status: 0
Measurement results for a=5 and N=21 with 19 qubits in the control register 
{ 0000000000000000000:2556 0010101010010111101:1 0010101010011101100:1 0010101010011110000:1 0010101010100011010:1 0010101010100100111:1 0010101010100101111:1 0010101010100110001:1 0010101010100111011:1 0010101010100111110:1 0010101010101000000:1 0010101010101000001:1 0010101010101000010:1 0010101010101000011:1 0010101010101000101:1 0010101010101000111:2 0010101010101001000:1 0010101010101001001:2 0010101010101001010:1 0010101010101001101:2 0010101010101001110:3 0010101010101001111:2 0010101010101010000:5 0010101010101010001:24 0010101010101010010:25 0010101010101010011:28 0010101010101010100:117 0010101010101010101:1699 0010101010101010110:470 0010101010101010111:64 0010101010101011000:27 0010101010101011001:15 0010101010101011010:9 0010101010101011011:6 0010101010101011101:5 0010101010101100000:1 0010101010101100001:2 0010101010101100010:1 0010101010101100011:1 0010101010101100100:1 0010101010101100101:1 0010101010101100110:1 0010101010101101111:1 0010101010101110000:1 0010101010101110001:1 0010101010101111001:1 0010101010101111101:1 0010101010110001010:1 0010101010111110100:1 0010101011000110000:1 0010101011001000110:1 0101010011001001001:1 0101010011011011011:1 0101010100011101001:1 0101010100100111111:1 0101010101000111000:1 0101010101001111110:1 0101010101010001001:1 0101010101010001111:1 0101010101010010001:1 0101010101010010011:1 0101010101010010111:2 0101010101010011011:1 0101010101010011100:1 0101010101010011101:2 0101010101010011110:1 0101010101010011111:3 0101010101010100000:4 0101010101010100001:3 0101010101010100011:4 0101010101010100100:4 0101010101010100101:5 0101010101010100110:5 0101010101010100111:11 0101010101010101000:24 0101010101010101001:64 0101010101010101010:423 0101010101010101011:1650 0101010101010101100:123 0101010101010101101:44 0101010101010101110:19 0101010101010101111:8 0101010101010110000:8 0101010101010110001:5 0101010101010110010:3 0101010101010110011:4 0101010101010110100:2 0101010101010110101:2 0101010101010110111:2 0101010101010111000:1 0101010101010111001:1 0101010101010111010:1 0101010101011000011:1 0101010101011000101:1 0101010101011011011:1 0101010101011110000:1 0101010110000000110:1 1000000000000000000:2425 1010101010011100000:1 1010101010100100101:1 1010101010100101110:2 1010101010100110000:1 1010101010100110011:1 1010101010100111000:1 1010101010100111101:1 1010101010100111110:1 1010101010101000100:1 1010101010101000101:1 1010101010101000111:2 1010101010101001000:1 1010101010101001010:1 1010101010101001011:1 1010101010101001100:1 1010101010101001110:8 1010101010101001111:5 1010101010101010000:6 1010101010101010001:7 1010101010101010010:11 1010101010101010011:45 1010101010101010100:91 1010101010101010101:1752 1010101010101010110:409 1010101010101010111:81 1010101010101011000:27 1010101010101011001:10 1010101010101011010:6 1010101010101011011:5 1010101010101011100:3 1010101010101011101:2 1010101010101011110:4 1010101010101011111:2 1010101010101100000:3 1010101010101100001:2 1010101010101100100:2 1010101010101100110:3 1010101010101101010:2 1010101010101101100:1 1010101010101110100:1 1010101010101111011:1 1010101010110000010:1 1010101010110011100:1 1010101010110100100:1 1010101010110111111:1 1010101010111000011:1 1010101011000100111:1 1101010101000010010:1 1101010101001110010:1 1101010101010001001:1 1101010101010001010:1 1101010101010001011:1 1101010101010001111:1 1101010101010011101:1 1101010101010011111:2 1101010101010100000:1 1101010101010100001:4 1101010101010100010:2 1101010101010100011:1 1101010101010100100:6 1101010101010100101:13 1101010101010100110:14 1101010101010100111:11 1101010101010101000:33 1101010101010101001:66 1101010101010101010:419 1101010101010101011:1753 1101010101010101100:100 1101010101010101101:26 1101010101010101110:11 1101010101010101111:10 1101010101010110000:7 1101010101010110001:10 1101010101010110010:4 1101010101010110011:2 1101010101010110100:2 1101010101010110111:2 1101010101010111000:1 1101010101010111001:2 1101010101010111111:1 1101010101011000010:1 1101010101011000100:3 1101010101011000110:1 1101010101011000111:2 1101010101011001101:1 1101010101011001111:1 1101010101011011110:1 1101010101011101110:1 1101010101100000110:1 1101010110011100001:1 1101010110101101001:1 }

V100
	Command being timed: "python3 shor.py 19"
	User time (seconds): 3038.43
	System time (seconds): 22.88
	Percent of CPU this job got: 99%
	Elapsed (wall clock) time (h:mm:ss or m:ss): 51:11.43
	Average shared text size (kbytes): 0
	Average unshared data size (kbytes): 0
	Average stack size (kbytes): 0
	Average total size (kbytes): 0
	Maximum resident set size (kbytes): 10097000
	Average resident set size (kbytes): 0
	Major (requiring I/O) page faults: 0
	Minor (reclaiming a frame) page faults: 37857208
	Voluntary context switches: 37924
	Involuntary context switches: 40925
	Swaps: 0
	File system inputs: 16
	File system outputs: 24
	Socket messages sent: 0
	Socket messages received: 0
	Signals delivered: 0
	Page size (bytes): 4096
	Exit status: 0
Measurement results for a=5 and N=21 with 19 qubits in the control register 
{ 0000000000000000000:2533 0010101001011111110:1 0010101010100110100:1 0010101010100110111:1 0010101010100111000:1 0010101010100111100:1 0010101010100111110:1 0010101010101000001:1 0010101010101000111:2 0010101010101001001:2 0010101010101001010:2 0010101010101001011:3 0010101010101001100:2 0010101010101001101:6 0010101010101001110:1 0010101010101001111:6 0010101010101010000:7 0010101010101010001:7 0010101010101010010:22 0010101010101010011:32 0010101010101010100:100 0010101010101010101:1717 0010101010101010110:462 0010101010101010111:73 0010101010101011000:21 0010101010101011001:17 0010101010101011010:11 0010101010101011011:8 0010101010101011100:6 0010101010101011101:4 0010101010101011110:2 0010101010101011111:2 0010101010101100000:1 0010101010101100001:3 0010101010101100010:4 0010101010101100101:1 0010101010101100111:1 0010101010101101000:2 0010101010101101001:2 0010101010101101010:2 0010101010101101111:1 0010101010101110000:1 0010101010101110001:1 0010101010101110010:1 0010101010101110011:1 0010101010101110110:1 0010101010101111101:1 0010101010101111111:1 0010101010110000011:1 0010101010110001010:1 0010101010110011000:1 0010101010110110001:1 0010101010111011110:1 0010101011000010000:1 0010101011000010111:1 0101010011011110100:1 0101010100111111111:1 0101010101000000001:1 0101010101001100011:1 0101010101001101000:1 0101010101001110010:1 0101010101010000100:1 0101010101010010000:1 0101010101010010111:2 0101010101010011100:2 0101010101010011101:3 0101010101010011110:1 0101010101010011111:2 0101010101010100001:2 0101010101010100010:3 0101010101010100011:4 0101010101010100100:3 0101010101010100101:9 0101010101010100110:9 0101010101010100111:7 0101010101010101000:24 0101010101010101001:71 0101010101010101010:426 0101010101010101011:1700 0101010101010101100:105 0101010101010101101:29 0101010101010101110:24 0101010101010101111:12 0101010101010110000:8 0101010101010110001:8 0101010101010110010:4 0101010101010110011:4 0101010101010110100:2 0101010101010110101:1 0101010101010110110:1 0101010101010110111:2 0101010101010111000:4 0101010101010111011:2 0101010101010111100:2 0101010101010111101:3 0101010101011000000:1 0101010101011000101:1 0101010101011001000:1 0101010101011001001:1 0101010101011001110:1 0101010101011001111:1 0101010101011010010:1 0101010101011010100:1 0101010101011011110:1 0101010101011101110:1 0101010101100000001:1 0101010110000100111:1 1000000000000000000:2498 1010101010010100010:1 1010101010011011110:1 1010101010100001000:1 1010101010100011101:1 1010101010100100010:1 1010101010100101010:1 1010101010100110101:1 1010101010100111010:1 1010101010100111011:3 1010101010101000011:2 1010101010101000110:1 1010101010101001000:1 1010101010101001001:1 1010101010101001010:2 1010101010101001011:3 1010101010101001100:1 1010101010101001101:2 1010101010101001110:2 1010101010101001111:1 1010101010101010000:7 1010101010101010001:11 1010101010101010010:18 1010101010101010011:35 1010101010101010100:97 1010101010101010101:1678 1010101010101010110:404 1010101010101010111:67 1010101010101011000:27 1010101010101011001:6 1010101010101011010:11 1010101010101011011:5 1010101010101011100:4 1010101010101011101:6 1010101010101011110:5 1010101010101100000:4 1010101010101100001:1 1010101010101100010:2 1010101010101100011:1 1010101010101100110:1 1010101010101100111:1 1010101010101101000:1 1010101010101101101:1 1010101010101101110:2 1010101010101101111:1 1010101010101110001:1 1010101010101111011:1 1010101010110000111:1 1010101010110001110:1 1010101010110011001:1 1010101010110111110:1 1010101011111111011:1 1101010100011101011:1 1101010101000101001:1 1101010101001010101:1 1101010101001100110:1 1101010101001100111:1 1101010101001101011:1 1101010101001111001:1 1101010101010010000:1 1101010101010010110:1 1101010101010011010:2 1101010101010011100:1 1101010101010011101:3 1101010101010011111:1 1101010101010100000:2 1101010101010100001:5 1101010101010100010:2 1101010101010100011:5 1101010101010100100:3 1101010101010100101:6 1101010101010100110:12 1101010101010100111:15 1101010101010101000:19 1101010101010101001:83 1101010101010101010:417 1101010101010101011:1695 1101010101010101100:108 1101010101010101101:36 1101010101010101110:16 1101010101010101111:11 1101010101010110000:8 1101010101010110001:4 1101010101010110010:3 1101010101010110011:2 1101010101010110110:1 1101010101010110111:3 1101010101010111000:1 1101010101010111011:1 1101010101010111100:3 1101010101011000001:1 1101010101011000011:3 1101010101011001000:1 1101010101011001111:1 1101010101011010000:1 1101010101011010110:1 1101010101011101100:1 1101010101100101001:1 }

V100
	Command being timed: "python3 shor.py 19"
	User time (seconds): 3041.00
	System time (seconds): 23.23
	Percent of CPU this job got: 99%
	Elapsed (wall clock) time (h:mm:ss or m:ss): 51:13.69
	Average shared text size (kbytes): 0
	Average unshared data size (kbytes): 0
	Average stack size (kbytes): 0
	Average total size (kbytes): 0
	Maximum resident set size (kbytes): 10086428
	Average resident set size (kbytes): 0
	Major (requiring I/O) page faults: 0
	Minor (reclaiming a frame) page faults: 38551172
	Voluntary context switches: 37811
	Involuntary context switches: 40879
	Swaps: 0
	File system inputs: 0
	File system outputs: 24
	Socket messages sent: 0
	Socket messages received: 0
	Signals delivered: 0
	Page size (bytes): 4096
	Exit status: 0
Measurement results for a=5 and N=21 with 19 qubits in the control register 
{ 0000000000000000000:2479 0010101010100010000:1 0010101010100100001:1 0010101010100101011:1 0010101010100110010:1 0010101010100111000:1 0010101010100111111:1 0010101010101000010:1 0010101010101000101:1 0010101010101000110:3 0010101010101001000:1 0010101010101001001:1 0010101010101001010:3 0010101010101001011:3 0010101010101001100:2 0010101010101001101:1 0010101010101001110:4 0010101010101001111:7 0010101010101010000:6 0010101010101010001:13 0010101010101010010:22 0010101010101010011:25 0010101010101010100:106 0010101010101010101:1704 0010101010101010110:409 0010101010101010111:56 0010101010101011000:34 0010101010101011001:14 0010101010101011010:5 0010101010101011011:9 0010101010101011100:5 0010101010101011101:1 0010101010101011110:2 0010101010101100000:1 0010101010101100001:4 0010101010101100010:2 0010101010101100011:2 0010101010101100100:1 0010101010101100101:1 0010101010101100110:2 0010101010101101000:1 0010101010101110010:1 0010101010101110100:1 0010101010101110111:1 0010101010101111101:1 0010101010110000010:1 0010101010110001100:1 0010101010110110111:1 0010101010111010110:1 0010101011001101110:1 0010101101110010100:1 0101010100111001101:1 0101010101010000010:1 0101010101010001100:1 0101010101010010111:1 0101010101010011010:3 0101010101010011100:1 0101010101010011111:1 0101010101010100000:1 0101010101010100001:5 0101010101010100010:2 0101010101010100011:7 0101010101010100100:2 0101010101010100101:5 0101010101010100110:10 0101010101010100111:15 0101010101010101000:17 0101010101010101001:86 0101010101010101010:437 0101010101010101011:1723 0101010101010101100:121 0101010101010101101:34 0101010101010101110:19 0101010101010101111:11 0101010101010110000:7 0101010101010110001:2 0101010101010110010:7 0101010101010110011:2 0101010101010110100:1 0101010101010110101:2 0101010101010110111:1 0101010101010111000:1 0101010101010111001:1 0101010101010111010:1 0101010101010111100:1 0101010101010111101:1 0101010101011000000:2 0101010101011001000:1 0101010101011001111:1 0101010101011011010:1 0101010101011101000:1 0101010101011111111:1 0101010101100000111:1 0101010101100001010:1 0101010101100100100:1 0101010101111111011:1 1000000000000000000:2505 1010101010000111001:1 1010101010010001100:1 1010101010100101101:1 1010101010100110111:1 1010101010101000010:2 1010101010101000011:2 1010101010101000100:2 1010101010101000110:1 1010101010101001000:3 1010101010101001001:2 1010101010101001010:2 1010101010101001011:1 1010101010101001100:1 1010101010101001101:4 1010101010101001110:3 1010101010101001111:3 1010101010101010000:13 1010101010101010001:10 1010101010101010010:16 1010101010101010011:34 1010101010101010100:90 1010101010101010101:1660 1010101010101010110:445 1010101010101010111:68 1010101010101011000:25 1010101010101011001:16 1010101010101011010:7 1010101010101011011:7 1010101010101011100:6 1010101010101011101:3 1010101010101011110:4 1010101010101011111:2 1010101010101100010:4 1010101010101100101:1 1010101010101100110:2 1010101010101100111:2 1010101010101101000:1 1010101010101101001:1 1010101010101101010:1 1010101010101110010:1 1010101010110000000:1 1010101010110001100:1 1010101010110010001:1 1010101010110010010:1 1010101010111010111:1 1010101011001000000:1 1101010101000101000:1 1101010101001100010:1 1101010101010000000:1 1101010101010000010:2 1101010101010001101:1 1101010101010001110:2 1101010101010010011:1 1101010101010010100:1 1101010101010010111:2 1101010101010011000:1 1101010101010011011:1 1101010101010011101:1 1101010101010011110:1 1101010101010100000:2 1101010101010100001:1 1101010101010100010:3 1101010101010100100:6 1101010101010100101:3 1101010101010100110:6 1101010101010100111:10 1101010101010101000:32 1101010101010101001:69 1101010101010101010:429 1101010101010101011:1767 1101010101010101100:98 1101010101010101101:35 1101010101010101110:27 1101010101010101111:13 1101010101010110000:7 1101010101010110001:3 1101010101010110010:1 1101010101010110011:2 1101010101010110100:2 1101010101010110101:1 1101010101010110110:1 1101010101010110111:1 1101010101010111001:1 1101010101010111010:2 1101010101010111011:1 1101010101010111100:3 1101010101010111110:1 1101010101011000000:1 1101010101011000001:1 1101010101011000100:1 1101010101011000101:1 1101010101011000111:1 1101010101100001111:1 1101010101101001101:1 1101010110001001001:1 }

V100
	Command being timed: "python3 shor.py 19"
	User time (seconds): 3038.79
	System time (seconds): 23.08
	Percent of CPU this job got: 99%
	Elapsed (wall clock) time (h:mm:ss or m:ss): 51:11.52
	Average shared text size (kbytes): 0
	Average unshared data size (kbytes): 0
	Average stack size (kbytes): 0
	Average total size (kbytes): 0
	Maximum resident set size (kbytes): 10083356
	Average resident set size (kbytes): 0
	Major (requiring I/O) page faults: 0
	Minor (reclaiming a frame) page faults: 38268579
	Voluntary context switches: 37788
	Involuntary context switches: 40875
	Swaps: 0
	File system inputs: 0
	File system outputs: 24
	Socket messages sent: 0
	Socket messages received: 0
	Signals delivered: 0
	Page size (bytes): 4096
	Exit status: 0
Measurement results for a=5 and N=21 with 19 qubits in the control register 
{ 0000000000000000000:2475 0010101010011100100:1 0010101010011101010:1 0010101010011111111:1 0010101010100000110:1 0010101010100100100:1 0010101010100101001:1 0010101010100101100:1 0010101010100110111:2 0010101010100111101:1 0010101010101000110:1 0010101010101000111:1 0010101010101001000:3 0010101010101001001:3 0010101010101001010:3 0010101010101001011:2 0010101010101001100:1 0010101010101001101:4 0010101010101001111:8 0010101010101010001:5 0010101010101010010:14 0010101010101010011:33 0010101010101010100:109 0010101010101010101:1687 0010101010101010110:422 0010101010101010111:70 0010101010101011000:29 0010101010101011001:16 0010101010101011010:8 0010101010101011011:4 0010101010101011100:4 0010101010101011101:4 0010101010101011110:4 0010101010101100000:2 0010101010101100010:2 0010101010101100101:1 0010101010101100111:1 0010101010101101000:1 0010101010101101100:1 0010101010101101111:1 0010101010101110010:1 0010101010101111011:1 0010101010110000011:1 0010101010110011011:1 0010101010111111000:1 0101010101000111100:1 0101010101001010101:2 0101010101001110000:1 0101010101001110101:1 0101010101001110111:1 0101010101010000000:1 0101010101010000101:1 0101010101010001000:1 0101010101010001001:1 0101010101010010001:1 0101010101010010100:1 0101010101010011011:1 0101010101010011101:2 0101010101010011111:1 0101010101010100000:1 0101010101010100001:4 0101010101010100010:3 0101010101010100100:4 0101010101010100101:7 0101010101010100110:6 0101010101010100111:9 0101010101010101000:29 0101010101010101001:63 0101010101010101010:411 0101010101010101011:1754 0101010101010101100:118 0101010101010101101:32 0101010101010101110:17 0101010101010101111:9 0101010101010110000:5 0101010101010110001:7 0101010101010110010:3 0101010101010110011:3 0101010101010110100:2 0101010101010110101:4 0101010101010110110:1 0101010101010110111:1 0101010101010111000:1 0101010101010111011:1 0101010101010111100:1 0101010101010111101:2 0101010101010111110:1 0101010101011000000:1 0101010101011000011:1 0101010101011001011:1 0101010101011011100:1 0101010101011011101:1 0101010101011101000:1 0101010101011101100:1 0101010101101111110:1 1000000000000000000:2508 1010101010001101111:1 1010101010010110101:1 1010101010100000111:1 1010101010100100110:1 1010101010100101000:1 1010101010100101011:1 1010101010100110001:1 1010101010100110100:1 1010101010100111000:1 1010101010100111111:1 1010101010101000000:1 1010101010101000011:1 1010101010101000110:3 1010101010101000111:1 1010101010101001000:1 1010101010101001010:1 1010101010101001011:1 1010101010101001100:2 1010101010101001101:3 1010101010101001110:5 1010101010101001111:6 1010101010101010000:7 1010101010101010001:12 1010101010101010010:19 1010101010101010011:29 1010101010101010100:103 1010101010101010101:1740 1010101010101010110:438 1010101010101010111:68 1010101010101011000:25 1010101010101011001:10 1010101010101011010:15 1010101010101011011:8 1010101010101011100:1 1010101010101011101:3 1010101010101011110:4 1010101010101011111:3 1010101010101100000:1 1010101010101100001:2 1010101010101100011:1 1010101010101100100:1 1010101010101100111:2 1010101010101101001:2 1010101010101101011:1 1010101010101110001:1 1010101010101111010:1 1010101010110000101:1 1010101010110001000:1 1010101010110100100:1 1010101010110111001:1 1010101111110010101:1 1101010100110010110:1 1101010101000101100:1 1101010101000110111:1 1101010101000111101:1 1101010101001111001:1 1101010101010001111:1 1101010101010010100:1 1101010101010010110:1 1101010101010011001:1 1101010101010011101:1 1101010101010011110:1 1101010101010011111:1 1101010101010100000:5 1101010101010100001:4 1101010101010100010:2 1101010101010100011:2 1101010101010100100:10 1101010101010100101:6 1101010101010100110:6 1101010101010100111:13 1101010101010101000:26 1101010101010101001:69 1101010101010101010:460 1101010101010101011:1686 1101010101010101100:91 1101010101010101101:39 1101010101010101110:16 1101010101010101111:5 1101010101010110000:8 1101010101010110001:5 1101010101010110010:6 1101010101010110011:1 1101010101010110100:3 1101010101010110101:1 1101010101010110110:2 1101010101010110111:2 1101010101010111000:4 1101010101010111110:1 1101010101010111111:1 1101010101011000001:3 1101010101011000010:1 1101010101011000011:1 1101010101011000100:1 1101010101011000110:1 1101010101011000111:2 1101010101011010010:1 1101010101011011101:1 1101010110001001010:1 }

V100
	Command being timed: "python3 shor.py 19"
	User time (seconds): 3037.18
	System time (seconds): 20.38
	Percent of CPU this job got: 99%
	Elapsed (wall clock) time (h:mm:ss or m:ss): 51:07.14
	Average shared text size (kbytes): 0
	Average unshared data size (kbytes): 0
	Average stack size (kbytes): 0
	Average total size (kbytes): 0
	Maximum resident set size (kbytes): 10098204
	Average resident set size (kbytes): 0
	Major (requiring I/O) page faults: 0
	Minor (reclaiming a frame) page faults: 34135791
	Voluntary context switches: 38133
	Involuntary context switches: 40772
	Swaps: 0
	File system inputs: 0
	File system outputs: 24
	Socket messages sent: 0
	Socket messages received: 0
	Signals delivered: 0
	Page size (bytes): 4096
	Exit status: 0
Measurement results for a=5 and N=21 with 19 qubits in the control register 
{ 0000000000000000000:2442 0010101010100000101:1 0010101010100111110:2 0010101010101000000:1 0010101010101000101:1 0010101010101000110:1 0010101010101001001:1 0010101010101001010:2 0010101010101001011:1 0010101010101001100:3 0010101010101001101:3 0010101010101001110:3 0010101010101001111:5 0010101010101010000:8 0010101010101010001:8 0010101010101010010:13 0010101010101010011:44 0010101010101010100:112 0010101010101010101:1732 0010101010101010110:448 0010101010101010111:75 0010101010101011000:27 0010101010101011001:17 0010101010101011010:5 0010101010101011011:3 0010101010101011100:3 0010101010101011101:1 0010101010101011110:3 0010101010101011111:1 0010101010101100000:1 0010101010101100001:1 0010101010101100110:1 0010101010101100111:1 0010101010101101000:1 0010101010101110011:2 0010101010101111001:1 0010101010110010111:1 0010101010110100100:1 0010101011101101110:1 0101010100110010010:1 0101010100111100001:1 0101010101000101001:1 0101010101000111101:1 0101010101001100001:1 0101010101001110000:1 0101010101010000010:1 0101010101010000111:1 0101010101010010000:2 0101010101010010011:1 0101010101010010111:1 0101010101010011000:1 0101010101010011010:2 0101010101010011110:1 0101010101010011111:3 0101010101010100000:2 0101010101010100001:6 0101010101010100010:4 0101010101010100011:6 0101010101010100100:4 0101010101010100101:3 0101010101010100110:5 0101010101010100111:15 0101010101010101000:22 0101010101010101001:70 0101010101010101010:425 0101010101010101011:1724 0101010101010101100:98 0101010101010101101:38 0101010101010101110:14 0101010101010101111:12 0101010101010110000:8 0101010101010110001:4 0101010101010110010:2 0101010101010110011:2 0101010101010110100:1 0101010101010110101:1 0101010101010110110:2 0101010101010111000:1 0101010101010111001:1 0101010101010111110:1 0101010101010111111:1 0101010101011001000:1 0101010101011010110:1 0101010101110100001:1 0101010110100010011:1 1000000000000000000:2507 1010101010001101111:1 1010101010100110001:1 1010101010101000000:1 1010101010101000010:1 1010101010101000011:2 1010101010101000101:2 1010101010101000110:1 1010101010101001000:1 1010101010101001001:1 1010101010101001010:1 1010101010101001011:3 1010101010101001100:2 1010101010101001101:3 1010101010101001111:8 1010101010101010000:6 1010101010101010001:10 1010101010101010010:20 1010101010101010011:27 1010101010101010100:103 1010101010101010101:1702 1010101010101010110:412 1010101010101010111:84 1010101010101011000:32 1010101010101011001:16 1010101010101011010:9 1010101010101011011:9 1010101010101011100:5 1010101010101011101:2 1010101010101011110:4 1010101010101100000:2 1010101010101100001:1 1010101010101100010:2 1010101010101100011:2 1010101010101100100:1 1010101010101100110:3 1010101010101101010:2 1010101010101101100:1 1010101010101101110:1 1010101010101111011:1 1010101010101111100:1 1010101010110001001:1 1010101010110001110:1 1010101010110010100:1 1010101010110011011:1 1010101010110101000:1 1010101010110110010:1 1010101011000000010:1 1010101011000010010:1 1010101011001110100:1 1101010100111101111:1 1101010101001110111:1 1101010101001111110:1 1101010101010001011:1 1101010101010001100:1 1101010101010001101:1 1101010101010001110:1 1101010101010010010:1 1101010101010010100:2 1101010101010011000:1 1101010101010011001:2 1101010101010011011:1 1101010101010011100:2 1101010101010011110:1 1101010101010011111:4 1101010101010100000:1 1101010101010100001:1 1101010101010100010:1 1101010101010100100:7 1101010101010100101:5 1101010101010100110:14 1101010101010100111:18 1101010101010101000:35 1101010101010101001:69 1101010101010101010:459 1101010101010101011:1697 1101010101010101100:111 1101010101010101101:30 1101010101010101110:12 1101010101010101111:7 1101010101010110000:6 1101010101010110001:5 1101010101010110010:3 1101010101010110011:2 1101010101010110100:2 1101010101010110101:2 1101010101010110110:3 1101010101010111011:1 1101010101010111100:1 1101010101011000000:1 1101010101011000100:1 1101010101011000101:1 1101010101011000111:1 1101010101011001010:1 1101010101011001100:1 1101010101011010001:1 1101010101011111100:1 1101010101011111110:1 1101010101100000000:1 1101010101101010111:1 1101010110000111000:1 1101010110011011110:1 }

V100
	Command being timed: "python3 shor.py 19"
	User time (seconds): 3042.61
	System time (seconds): 23.84
	Percent of CPU this job got: 99%
	Elapsed (wall clock) time (h:mm:ss or m:ss): 51:15.86
	Average shared text size (kbytes): 0
	Average unshared data size (kbytes): 0
	Average stack size (kbytes): 0
	Average total size (kbytes): 0
	Maximum resident set size (kbytes): 10082832
	Average resident set size (kbytes): 0
	Major (requiring I/O) page faults: 0
	Minor (reclaiming a frame) page faults: 39387593
	Voluntary context switches: 37840
	Involuntary context switches: 40898
	Swaps: 0
	File system inputs: 0
	File system outputs: 24
	Socket messages sent: 0
	Socket messages received: 0
	Signals delivered: 0
	Page size (bytes): 4096
	Exit status: 0
Measurement results for a=5 and N=21 with 19 qubits in the control register 
{ 0000000000000000000:2557 0010101010010011000:1 0010101010011100000:1 0010101010100101000:1 0010101010100101001:1 0010101010100111001:1 0010101010101000101:2 0010101010101001000:1 0010101010101001001:4 0010101010101001010:3 0010101010101001011:4 0010101010101001100:2 0010101010101001110:6 0010101010101001111:7 0010101010101010000:13 0010101010101010001:16 0010101010101010010:17 0010101010101010011:37 0010101010101010100:98 0010101010101010101:1693 0010101010101010110:421 0010101010101010111:80 0010101010101011000:34 0010101010101011001:24 0010101010101011010:11 0010101010101011011:4 0010101010101011100:8 0010101010101011101:3 0010101010101011110:5 0010101010101011111:1 0010101010101100000:2 0010101010101100010:3 0010101010101100011:1 0010101010101100100:1 0010101010101101000:1 0010101010101101010:1 0010101010101110000:2 0010101010110000101:1 0010101010110001011:1 0010101010110011000:1 0010101010110011010:1 0010101010110100011:1 0010101010110110110:1 0010101010111110010:1 0010101100001100100:1 0010101100011000111:1 0101010100111110011:1 0101010100111111001:1 0101010101000100100:1 0101010101001010100:1 0101010101001011001:1 0101010101001110100:1 0101010101001111001:2 0101010101001111100:1 0101010101010000110:1 0101010101010000111:1 0101010101010001010:1 0101010101010001011:1 0101010101010001101:1 0101010101010010000:1 0101010101010010010:2 0101010101010011000:2 0101010101010011011:1 0101010101010011110:1 0101010101010011111:1 0101010101010100000:2 0101010101010100001:2 0101010101010100010:1 0101010101010100011:1 0101010101010100100:1 0101010101010100101:2 0101010101010100110:12 0101010101010100111:12 0101010101010101000:31 0101010101010101001:64 0101010101010101010:428 0101010101010101011:1648 0101010101010101100:108 0101010101010101101:39 0101010101010101110:13 0101010101010101111:7 0101010101010110000:6 0101010101010110001:4 0101010101010110010:5 0101010101010110011:1 0101010101010110100:2 0101010101010110110:1 0101010101010110111:1 0101010101010111100:1 0101010101010111111:1 0101010101011000111:1 0101010101011010100:1 0101010101011010111:1 0101010101011100001:2 0101010101011110110:2 0101010101110010011:1 0101010101110011000:1 0101010101110110000:1 0101010101110110100:1 1000000000000000000:2591 1010101010010000001:1 1010101010011100101:1 1010101010100000111:1 1010101010100001000:1 1010101010100010000:1 1010101010100010011:1 1010101010100011010:1 1010101010100100010:1 1010101010100100101:2 1010101010100110001:1 1010101010100110111:1 1010101010100111100:1 1010101010100111101:1 1010101010100111111:1 1010101010101000100:3 1010101010101000110:2 1010101010101000111:1 1010101010101001000:2 1010101010101001001:1 1010101010101001010:1 1010101010101001011:3 1010101010101001100:2 1010101010101001101:2 1010101010101001110:4 1010101010101001111:4 1010101010101010000:4 1010101010101010001:17 1010101010101010010:18 1010101010101010011:32 1010101010101010100:101 1010101010101010101:1707 1010101010101010110:419 1010101010101010111:68 1010101010101011000:28 1010101010101011001:16 1010101010101011010:8 1010101010101011011:2 1010101010101011100:4 1010101010101011101:1 1010101010101011110:2 1010101010101011111:2 1010101010101100010:1 1010101010101100101:1 1010101010101100111:1 1010101010101101001:1 1010101010101110000:1 1010101010101110010:1 1010101010101110011:1 1010101010101110100:1 1010101010101110101:1 1010101010101110111:1 1010101010110000000:1 1010101010110000010:1 1010101010110001110:1 1010101010110011100:1 1010101010110111010:1 1010101011001111011:1 1010101011011011110:1 1010101100001111101:1 1101010101010010110:2 1101010101010010111:1 1101010101010011101:1 1101010101010011110:2 1101010101010100000:1 1101010101010100001:2 1101010101010100010:1 1101010101010100100:4 1101010101010100101:5 1101010101010100110:5 1101010101010100111:8 1101010101010101000:22 1101010101010101001:70 1101010101010101010:385 1101010101010101011:1714 1101010101010101100:98 1101010101010101101:33 1101010101010101110:12 1101010101010101111:10 1101010101010110000:9 1101010101010110001:10 1101010101010110010:2 1101010101010110100:3 1101010101010110101:3 1101010101010110110:1 1101010101010110111:2 1101010101010111000:3 1101010101010111001:1 1101010101010111010:1 1101010101010111110:1 1101010101011000000:1 1101010101011000101:1 1101010101011001110:1 1101010101011011100:1 1101010101011101010:1 1101010101100011011:1 1101010101110111011:1 1101010111011110001:1 }

V100
	Command being timed: "python3 shor.py 19"
	User time (seconds): 3044.71
	System time (seconds): 22.77
	Percent of CPU this job got: 99%
	Elapsed (wall clock) time (h:mm:ss or m:ss): 51:16.94
	Average shared text size (kbytes): 0
	Average unshared data size (kbytes): 0
	Average stack size (kbytes): 0
	Average total size (kbytes): 0
	Maximum resident set size (kbytes): 10096360
	Average resident set size (kbytes): 0
	Major (requiring I/O) page faults: 0
	Minor (reclaiming a frame) page faults: 37734226
	Voluntary context switches: 38207
	Involuntary context switches: 40924
	Swaps: 0
	File system inputs: 0
	File system outputs: 24
	Socket messages sent: 0
	Socket messages received: 0
	Signals delivered: 0
	Page size (bytes): 4096
	Exit status: 0
Measurement results for a=5 and N=21 with 19 qubits in the control register 
{ 0000000000000000000:2522 0010101010010101111:1 0010101010011001110:1 0010101010011101010:1 0010101010100001110:1 0010101010100110010:1 0010101010100110100:1 0010101010100110110:1 0010101010100110111:1 0010101010101000000:1 0010101010101000011:1 0010101010101000100:1 0010101010101000101:1 0010101010101000111:2 0010101010101001000:1 0010101010101001001:2 0010101010101001010:2 0010101010101001100:2 0010101010101001101:4 0010101010101001110:3 0010101010101001111:6 0010101010101010000:2 0010101010101010001:6 0010101010101010010:14 0010101010101010011:33 0010101010101010100:114 0010101010101010101:1618 0010101010101010110:440 0010101010101010111:75 0010101010101011000:28 0010101010101011001:12 0010101010101011010:7 0010101010101011011:12 0010101010101011100:2 0010101010101011110:2 0010101010101011111:1 0010101010101100000:1 0010101010101100001:1 0010101010101100011:2 0010101010101100100:2 0010101010101100101:3 0010101010101101000:1 0010101010101101001:1 0010101010101110011:1 0010101010101111101:1 0010101010110010011:1 0010101010110011011:1 0010101010110111110:1 0010101010111000010:1 0010101011000010011:1 0101010100101001000:1 0101010101001000000:1 0101010101001101010:1 0101010101010000011:1 0101010101010000100:1 0101010101010000101:1 0101010101010001001:1 0101010101010011000:1 0101010101010011010:1 0101010101010011011:1 0101010101010011100:1 0101010101010011110:1 0101010101010011111:1 0101010101010100000:3 0101010101010100010:3 0101010101010100011:5 0101010101010100100:6 0101010101010100101:7 0101010101010100110:11 0101010101010100111:10 0101010101010101000:23 0101010101010101001:77 0101010101010101010:433 0101010101010101011:1751 0101010101010101100:89 0101010101010101101:47 0101010101010101110:22 0101010101010101111:9 0101010101010110000:5 0101010101010110001:3 0101010101010110010:4 0101010101010110100:1 0101010101010110101:1 0101010101010110111:1 0101010101010111000:1 0101010101010111001:2 0101010101010111010:2 0101010101010111011:1 0101010101010111110:1 0101010101011000000:1 0101010101011000001:1 0101010101011000100:1 0101010101011000110:1 0101010101011001011:1 0101010101011001101:1 0101010101011011101:1 0101010101011110000:1 0101010101100101101:1 0101010101101001010:1 1000000000000000000:2551 1010101010010010111:1 1010101010010110101:1 1010101010011000010:1 1010101010011010001:1 1010101010011010110:1 1010101010011011100:1 1010101010011101111:1 1010101010011111001:1 1010101010011111010:1 1010101010100001011:1 1010101010100010110:1 1010101010100101111:1 1010101010100111010:1 1010101010100111100:1 1010101010100111101:1 1010101010100111110:1 1010101010101000000:1 1010101010101000001:1 1010101010101000010:1 1010101010101000011:1 1010101010101000101:2 1010101010101000110:1 1010101010101000111:1 1010101010101001010:1 1010101010101001011:1 1010101010101001100:2 1010101010101001101:3 1010101010101001110:2 1010101010101001111:8 1010101010101010000:2 1010101010101010001:17 1010101010101010010:12 1010101010101010011:42 1010101010101010100:114 1010101010101010101:1681 1010101010101010110:410 1010101010101010111:65 1010101010101011000:31 1010101010101011001:10 1010101010101011010:11 1010101010101011011:5 1010101010101011100:2 1010101010101011101:3 1010101010101011110:2 1010101010101011111:1 1010101010101100000:1 1010101010101100001:1 1010101010101100010:3 1010101010101100100:1 1010101010101100101:1 1010101010101110111:2 1010101010101111100:1 1010101010101111110:2 1010101010110001000:1 1010101011000000001:1 1010101011001000001:1 1010101011001001101:1 1010101011110110100:1 1010101011111111011:1 1101010100111110000:1 1101010101000010011:1 1101010101000110100:1 1101010101001010101:1 1101010101001011111:1 1101010101001111011:1 1101010101010001110:1 1101010101010010110:1 1101010101010010111:1 1101010101010011000:1 1101010101010011001:2 1101010101010011011:1 1101010101010011101:1 1101010101010011110:2 1101010101010100000:1 1101010101010100001:4 1101010101010100010:1 1101010101010100100:4 1101010101010100101:6 1101010101010100110:5 1101010101010100111:11 1101010101010101000:31 1101010101010101001:73 1101010101010101010:458 1101010101010101011:1679 1101010101010101100:100 1101010101010101101:36 1101010101010101110:16 1101010101010101111:13 1101010101010110000:8 1101010101010110001:8 1101010101010110010:3 1101010101010110011:3 1101010101010110100:1 1101010101010110101:1 1101010101010110110:2 1101010101010110111:1 1101010101010111000:3 1101010101010111001:2 1101010101010111010:2 1101010101010111100:2 1101010101011000001:1 1101010101011001100:1 1101010101011011000:1 1101010101011100100:2 1101010101011101000:1 1101010101011101111:1 1101010101011110001:1 1101010101100010011:1 1101010101110011111:1 1101010101111100011:1 }

V100
	Command being timed: "python3 shor.py 19"
	User time (seconds): 3036.56
	System time (seconds): 22.17
	Percent of CPU this job got: 99%
	Elapsed (wall clock) time (h:mm:ss or m:ss): 51:08.09
	Average shared text size (kbytes): 0
	Average unshared data size (kbytes): 0
	Average stack size (kbytes): 0
	Average total size (kbytes): 0
	Maximum resident set size (kbytes): 10097568
	Average resident set size (kbytes): 0
	Major (requiring I/O) page faults: 0
	Minor (reclaiming a frame) page faults: 36912198
	Voluntary context switches: 38224
	Involuntary context switches: 40824
	Swaps: 0
	File system inputs: 0
	File system outputs: 32
	Socket messages sent: 0
	Socket messages received: 0
	Signals delivered: 0
	Page size (bytes): 4096
	Exit status: 0
Measurement results for a=5 and N=21 with 19 qubits in the control register 
{ 0000000000000000000:2460 0010101010011111111:1 0010101010100100010:1 0010101010100101000:1 0010101010100110010:1 0010101010101000100:1 0010101010101000110:1 0010101010101001000:3 0010101010101001001:1 0010101010101001011:4 0010101010101001100:2 0010101010101001101:1 0010101010101001110:4 0010101010101001111:5 0010101010101010000:7 0010101010101010001:11 0010101010101010010:21 0010101010101010011:35 0010101010101010100:101 0010101010101010101:1695 0010101010101010110:414 0010101010101010111:70 0010101010101011000:27 0010101010101011001:13 0010101010101011010:12 0010101010101011011:6 0010101010101011100:2 0010101010101011101:4 0010101010101011110:2 0010101010101011111:5 0010101010101100000:1 0010101010101100001:1 0010101010101100011:3 0010101010101100100:3 0010101010101100111:1 0010101010101101000:1 0010101010101101001:1 0010101010101101011:1 0010101010101110010:1 0010101010101110110:1 0010101010110000000:1 0010101010110101001:1 0010101010110110011:2 0010101010110111101:1 0010101010111011011:1 0101010100100111100:1 0101010101000100110:1 0101010101001101111:1 0101010101010001010:1 0101010101010001100:2 0101010101010001110:1 0101010101010001111:2 0101010101010010111:2 0101010101010011101:3 0101010101010011110:1 0101010101010100000:3 0101010101010100001:5 0101010101010100010:3 0101010101010100011:6 0101010101010100100:2 0101010101010100101:6 0101010101010100110:7 0101010101010100111:11 0101010101010101000:27 0101010101010101001:75 0101010101010101010:418 0101010101010101011:1744 0101010101010101100:85 0101010101010101101:27 0101010101010101110:21 0101010101010101111:9 0101010101010110000:9 0101010101010110001:6 0101010101010110010:5 0101010101010110100:1 0101010101010110101:1 0101010101010110110:2 0101010101010110111:4 0101010101010111001:2 0101010101010111100:1 0101010101010111110:1 0101010101011010010:1 0101010101011011000:1 0101010101011100110:1 0101010101011100111:1 0101010101011101001:1 0101010101011110110:1 0101010101100011011:1 0101010101101110010:1 1000000000000000000:2534 1010101010011011101:1 1010101010011110001:1 1010101010100000100:1 1010101010100100001:1 1010101010100100100:1 1010101010100111100:1 1010101010100111101:1 1010101010100111111:1 1010101010101000110:2 1010101010101000111:2 1010101010101001010:3 1010101010101001011:2 1010101010101001100:3 1010101010101001101:1 1010101010101001110:2 1010101010101001111:7 1010101010101010000:9 1010101010101010001:11 1010101010101010010:14 1010101010101010011:25 1010101010101010100:83 1010101010101010101:1695 1010101010101010110:419 1010101010101010111:84 1010101010101011000:30 1010101010101011001:10 1010101010101011010:7 1010101010101011011:4 1010101010101011100:3 1010101010101011101:3 1010101010101011110:2 1010101010101011111:3 1010101010101100000:2 1010101010101100010:1 1010101010101100011:2 1010101010101100100:1 1010101010101100110:1 1010101010101100111:1 1010101010101101000:2 1010101010101101011:1 1010101010101101100:2 1010101010101110000:1 1010101010101110001:1 1010101010101111100:1 1010101010110001110:1 1010101010110101000:1 1101010010001100000:1 1101010101001110000:1 1101010101001110101:1 1101010101001111111:1 1101010101010001011:1 1101010101010001101:1 1101010101010001111:1 1101010101010010001:1 1101010101010010100:1 1101010101010010110:1 1101010101010011001:1 1101010101010011010:1 1101010101010011011:2 1101010101010011111:1 1101010101010100000:1 1101010101010100001:3 1101010101010100010:3 1101010101010100011:7 1101010101010100100:3 1101010101010100101:8 1101010101010100110:11 1101010101010100111:19 1101010101010101000:28 1101010101010101001:91 1101010101010101010:456 1101010101010101011:1709 1101010101010101100:110 1101010101010101101:50 1101010101010101110:17 1101010101010101111:9 1101010101010110000:4 1101010101010110001:5 1101010101010110011:5 1101010101010110100:1 1101010101010110101:6 1101010101010110110:2 1101010101010111000:3 1101010101010111011:1 1101010101010111100:2 1101010101010111101:1 1101010101010111110:1 1101010101011000010:1 1101010101011001111:1 1101010101011010101:1 1101010101011010110:1 1101010101011011011:1 1101010101100001111:1 1101010101100010110:1 1101010101101011100:1 1101010101101111010:1 1101011011010001010:1 }

V100
	Command being timed: "python3 shor.py 19"
	User time (seconds): 3036.70
	System time (seconds): 18.75
	Percent of CPU this job got: 99%
	Elapsed (wall clock) time (h:mm:ss or m:ss): 51:04.99
	Average shared text size (kbytes): 0
	Average unshared data size (kbytes): 0
	Average stack size (kbytes): 0
	Average total size (kbytes): 0
	Maximum resident set size (kbytes): 10099628
	Average resident set size (kbytes): 0
	Major (requiring I/O) page faults: 0
	Minor (reclaiming a frame) page faults: 30699669
	Voluntary context switches: 38046
	Involuntary context switches: 40766
	Swaps: 0
	File system inputs: 0
	File system outputs: 24
	Socket messages sent: 0
	Socket messages received: 0
	Signals delivered: 0
	Page size (bytes): 4096
	Exit status: 0
Measurement results for a=5 and N=21 with 19 qubits in the control register 
{ 0000000000000000000:2535 0010101010100100101:1 0010101010100110000:1 0010101010100110111:1 0010101010100111011:1 0010101010100111101:1 0010101010100111110:2 0010101010101000000:1 0010101010101000001:2 0010101010101000011:2 0010101010101000100:2 0010101010101000101:1 0010101010101000111:3 0010101010101001000:1 0010101010101001001:1 0010101010101001010:1 0010101010101001011:2 0010101010101001100:5 0010101010101001101:2 0010101010101001110:6 0010101010101001111:5 0010101010101010000:5 0010101010101010001:7 0010101010101010010:21 0010101010101010011:46 0010101010101010100:93 0010101010101010101:1683 0010101010101010110:427 0010101010101010111:62 0010101010101011000:24 0010101010101011001:18 0010101010101011010:4 0010101010101011011:11 0010101010101011100:6 0010101010101011101:4 0010101010101011110:2 0010101010101011111:4 0010101010101100000:4 0010101010101100001:2 0010101010101100010:1 0010101010101100011:1 0010101010101100101:2 0010101010101100110:1 0010101010101101001:1 0010101010101101010:2 0010101010101101011:2 0010101010101101100:1 0010101010101101111:1 0010101010101110101:1 0010101010101111100:1 0010101010110110010:1 0010101010111110101:1 0010101011000100011:1 0010101011001010010:1 0101010100101101100:1 0101010100110010101:1 0101010100111101110:1 0101010101000100101:1 0101010101001000010:1 0101010101001101011:1 0101010101001101101:1 0101010101001111010:1 0101010101001111100:1 0101010101010000000:1 0101010101010000001:1 0101010101010001001:1 0101010101010001101:1 0101010101010001110:1 0101010101010001111:1 0101010101010010101:1 0101010101010010110:1 0101010101010011001:1 0101010101010011010:1 0101010101010011011:3 0101010101010011100:2 0101010101010011101:1 0101010101010011110:2 0101010101010011111:2 0101010101010100000:1 0101010101010100010:5 0101010101010100011:4 0101010101010100100:1 0101010101010100101:4 0101010101010100110:12 0101010101010100111:9 0101010101010101000:30 0101010101010101001:65 0101010101010101010:414 0101010101010101011:1647 0101010101010101100:87 0101010101010101101:32 0101010101010101110:20 0101010101010101111:8 0101010101010110000:6 0101010101010110001:4 0101010101010110010:7 0101010101010110011:5 0101010101010110100:2 0101010101010110101:1 0101010101010110110:1 0101010101010111000:1 0101010101010111001:1 0101010101010111010:1 0101010101011000110:1 0101010101011001010:1 0101010101011001011:1 0101010101011110101:1 0101010101011111000:1 0101010101100001001:1 0101010101100011110:1 0101010101100111100:1 0101010101101001110:1 0101010101111011101:1 0101010110000111001:1 0101010110011010010:1 1000000000000000000:2543 1010101010001000010:1 1010101010100010010:1 1010101010100011011:1 1010101010100100101:1 1010101010100101110:1 1010101010100111010:1 1010101010100111111:2 1010101010101000001:1 1010101010101000010:1 1010101010101000011:1 1010101010101000101:1 1010101010101000111:3 1010101010101001001:2 1010101010101001010:2 1010101010101001011:6 1010101010101001100:1 1010101010101001101:3 1010101010101001110:6 1010101010101001111:4 1010101010101010000:5 1010101010101010001:6 1010101010101010010:13 1010101010101010011:31 1010101010101010100:93 1010101010101010101:1692 1010101010101010110:403 1010101010101010111:65 1010101010101011000:18 1010101010101011001:22 1010101010101011010:11 1010101010101011011:3 1010101010101011100:6 1010101010101011101:5 1010101010101011110:2 1010101010101011111:3 1010101010101100000:1 1010101010101100001:2 1010101010101100011:3 1010101010101100101:1 1010101010101110011:1 1010101010101111000:1 1010101010101111110:1 1010101010111001011:1 1010101011011101010:1 1101010010001100110:1 1101010100111011110:1 1101010101001011100:1 1101010101001100001:2 1101010101001111000:1 1101010101001111101:1 1101010101010001011:1 1101010101010001111:1 1101010101010010000:1 1101010101010010001:2 1101010101010010010:1 1101010101010010100:1 1101010101010010110:1 1101010101010011000:1 1101010101010011001:1 1101010101010011010:1 1101010101010011110:1 1101010101010011111:3 1101010101010100000:4 1101010101010100001:1 1101010101010100010:6 1101010101010100011:1 1101010101010100100:8 1101010101010100101:7 1101010101010100110:5 1101010101010100111:15 1101010101010101000:28 1101010101010101001:76 1101010101010101010:459 1101010101010101011:1754 1101010101010101100:114 1101010101010101101:34 1101010101010101110:21 1101010101010101111:14 1101010101010110000:6 1101010101010110001:3 1101010101010110010:1 1101010101010110011:1 1101010101010110100:1 1101010101010110101:5 1101010101010110110:2 1101010101010110111:1 1101010101010111000:1 1101010101010111010:1 1101010101010111101:1 1101010101010111110:1 1101010101011000001:2 1101010101011001100:1 1101010101011010000:2 1101010101011011010:1 1101010101011100010:1 1101010101011101110:1 1101010101100110110:1 }

V100
	Command being timed: "python3 shor.py 19"
	User time (seconds): 3034.73
	System time (seconds): 23.03
	Percent of CPU this job got: 99%
	Elapsed (wall clock) time (h:mm:ss or m:ss): 51:07.11
	Average shared text size (kbytes): 0
	Average unshared data size (kbytes): 0
	Average stack size (kbytes): 0
	Average total size (kbytes): 0
	Maximum resident set size (kbytes): 10087360
	Average resident set size (kbytes): 0
	Major (requiring I/O) page faults: 0
	Minor (reclaiming a frame) page faults: 37946734
	Voluntary context switches: 37736
	Involuntary context switches: 40777
	Swaps: 0
	File system inputs: 0
	File system outputs: 24
	Socket messages sent: 0
	Socket messages received: 0
	Signals delivered: 0
	Page size (bytes): 4096
	Exit status: 0
