WARNING: overwriting environment variables set in the machine
overwriting variable ['LD_LIBRARY_PATH']
Measurement results for a=5 and N=21 with 12 qubits in the control register 
{ 000000000000:2482 001001101100:1 001010000011:1 001010000100:1 001010000110:1 001010001001:1 001010010000:1 001010010100:1 001010010101:1 001010010111:2 001010011000:2 001010011001:1 001010011011:1 001010011101:2 001010011110:2 001010100001:1 001010100010:4 001010100011:4 001010100100:5 001010100101:9 001010100110:6 001010100111:16 001010101000:34 001010101001:67 001010101010:456 001010101011:1669 001010101100:130 001010101101:29 001010101110:21 001010101111:11 001010110000:5 001010110001:5 001010110010:5 001010110011:2 001010110100:3 001010110101:1 001010110110:1 001010110111:3 001010111000:2 001010111010:1 001010111011:1 001010111100:3 001010111111:2 001011000000:1 001011000101:1 001011000111:1 001011001000:2 001011011000:1 001011110100:1 001110110111:1 001111100111:1 001111110000:1 001111110001:1 010100010110:1 010100101000:1 010100101001:1 010100101110:1 010100110110:1 010100111010:1 010100111101:1 010100111110:1 010101000010:1 010101000101:1 010101000110:1 010101001000:7 010101001001:1 010101001010:2 010101001011:2 010101001100:4 010101001101:1 010101001110:6 010101001111:5 010101010000:6 010101010001:9 010101010010:21 010101010011:36 010101010100:88 010101010101:1750 010101010110:403 010101010111:73 010101011000:31 010101011001:13 010101011010:7 010101011011:8 010101011100:7 010101011101:2 010101011110:1 010101011111:3 010101100000:2 010101100010:1 010101100011:1 010101100100:1 010101100101:1 010101100110:2 010101100111:3 010101101010:1 010101110010:1 010101110101:1 010101111101:1 010110001011:1 010110001100:1 010110010011:1 010110011000:1 010111001001:1 100000000000:2416 100010000100:1 100111111101:1 101001000000:1 101001000100:1 101010000000:1 101010000100:1 101010001010:1 101010010101:1 101010010111:1 101010011001:1 101010011101:1 101010011111:3 101010100000:3 101010100001:3 101010100010:2 101010100011:2 101010100100:3 101010100101:9 101010100110:6 101010100111:11 101010101000:29 101010101001:79 101010101010:439 101010101011:1748 101010101100:111 101010101101:33 101010101110:19 101010101111:12 101010110000:7 101010110001:4 101010110010:2 101010110011:1 101010110101:2 101010110110:1 101010110111:1 101010111000:2 101010111001:3 101010111010:1 101010111011:1 101010111110:1 101011000101:2 101011000110:1 101011001000:1 101011001011:1 101011010010:1 101011011100:1 101011101010:1 101011110010:1 101100101011:1 101100110110:1 101101101011:1 110100001010:1 110100001101:1 110100010001:1 110100010101:1 110100011101:1 110100110010:1 110100111000:1 110100111011:1 110101000000:1 110101000010:2 110101000011:1 110101000100:1 110101000101:2 110101001001:1 110101001010:4 110101001011:5 110101001100:3 110101001101:4 110101001110:4 110101001111:5 110101010000:12 110101010001:8 110101010010:25 110101010011:34 110101010100:112 110101010101:1691 110101010110:421 110101010111:73 110101011000:30 110101011001:15 110101011010:7 110101011011:5 110101011100:4 110101011101:2 110101011110:2 110101011111:2 110101100000:1 110101100001:1 110101100010:2 110101100011:1 110101100101:1 110101100111:1 110101101001:1 110101101100:1 110101101101:1 110101110111:1 110101111111:1 110110010100:1 110111011110:1 111000000011:1 }

	Command being timed: "python3 shor.py 12"
	User time (seconds): 2.31
	System time (seconds): 1.23
	Percent of CPU this job got: 69%
	Elapsed (wall clock) time (h:mm:ss or m:ss): 0:05.10
	Average shared text size (kbytes): 0
	Average unshared data size (kbytes): 0
	Average stack size (kbytes): 0
	Average total size (kbytes): 0
	Maximum resident set size (kbytes): 743276
	Average resident set size (kbytes): 0
	Major (requiring I/O) page faults: 36
	Minor (reclaiming a frame) page faults: 125521
	Voluntary context switches: 9152
	Involuntary context switches: 42
	Swaps: 0
	File system inputs: 0
	File system outputs: 16
	Socket messages sent: 0
	Socket messages received: 0
	Signals delivered: 0
	Page size (bytes): 4096
	Exit status: 0
Measurement results for a=5 and N=21 with 12 qubits in the control register 
{ 000000000000:2435 000000111111:1 000110000000:1 001000110000:1 001000110101:1 001001010011:1 001001100110:1 001001101000:1 001001110111:1 001010000011:1 001010010001:1 001010010010:1 001010010011:2 001010010100:1 001010011001:1 001010011010:1 001010011011:1 001010011100:2 001010011101:1 001010011111:1 001010100000:4 001010100010:3 001010100011:1 001010100100:4 001010100101:5 001010100110:6 001010100111:5 001010101000:23 001010101001:73 001010101010:429 001010101011:1720 001010101100:100 001010101101:32 001010101110:9 001010101111:10 001010110000:10 001010110001:7 001010110010:9 001010110011:2 001010110110:1 001010110111:3 001010111001:2 001010111010:1 001010111100:2 001010111101:1 001010111110:1 001011000101:1 001011101100:1 010000101111:1 010011110001:1 010011111100:2 010100010010:1 010100010101:1 010100011010:1 010100110001:2 010100110111:2 010100111100:1 010100111110:1 010100111111:1 010101000010:1 010101000101:1 010101000111:3 010101001001:1 010101001010:3 010101001011:1 010101001100:1 010101001101:4 010101001110:3 010101001111:5 010101010000:11 010101010001:14 010101010010:20 010101010011:26 010101010100:125 010101010101:1624 010101010110:447 010101010111:72 010101011000:18 010101011001:9 010101011010:5 010101011011:5 010101011100:8 010101011101:3 010101011110:4 010101011111:2 010101100000:3 010101100010:1 010101100011:2 010101100101:1 010101100110:2 010101101000:1 010101101011:1 010101101101:1 010101110010:1 010110001000:1 010110010111:1 010110100011:1 010110100101:1 010111001101:1 100000000000:2490 101000010000:1 101001010100:1 101001100011:1 101001111010:1 101001111110:1 101001111111:2 101010001000:1 101010010010:1 101010010100:1 101010010110:1 101010011001:1 101010011010:1 101010011100:1 101010011101:2 101010011110:1 101010011111:2 101010100000:1 101010100010:2 101010100011:4 101010100100:6 101010100101:8 101010100110:10 101010100111:17 101010101000:31 101010101001:68 101010101010:497 101010101011:1703 101010101100:96 101010101101:35 101010101110:18 101010101111:12 101010110000:6 101010110001:5 101010110010:4 101010110011:3 101010110100:6 101010110110:2 101010111100:2 101010111101:1 101011000000:1 101011000001:1 101011000111:1 101011001010:1 101011001100:1 101011001111:1 101011010000:1 101011010001:1 101011010010:1 101011011101:1 101011101011:1 101100100001:1 101110100010:1 110011111100:1 110100010111:1 110100011100:1 110100100101:1 110100101001:1 110100101101:1 110100110110:1 110101000110:3 110101001001:2 110101001010:1 110101001011:1 110101001100:3 110101001101:2 110101001110:2 110101001111:3 110101010000:5 110101010001:9 110101010010:25 110101010011:48 110101010100:104 110101010101:1739 110101010110:458 110101010111:70 110101011000:24 110101011001:14 110101011010:10 110101011011:6 110101011100:10 110101011101:3 110101011111:1 110101100000:1 110101100001:2 110101100010:3 110101100011:1 110101100100:1 110101100110:1 110101101100:1 110101110001:1 110101110011:1 110101110101:3 110110110100:1 110111100000:1 110111110001:1 111000010101:1 111000101001:1 111001011011:1 111111001001:1 }

	Command being timed: "python3 shor.py 12"
	User time (seconds): 2.29
	System time (seconds): 1.07
	Percent of CPU this job got: 86%
	Elapsed (wall clock) time (h:mm:ss or m:ss): 0:03.90
	Average shared text size (kbytes): 0
	Average unshared data size (kbytes): 0
	Average stack size (kbytes): 0
	Average total size (kbytes): 0
	Maximum resident set size (kbytes): 740616
	Average resident set size (kbytes): 0
	Major (requiring I/O) page faults: 0
	Minor (reclaiming a frame) page faults: 126391
	Voluntary context switches: 4111
	Involuntary context switches: 46
	Swaps: 0
	File system inputs: 0
	File system outputs: 24
	Socket messages sent: 0
	Socket messages received: 0
	Signals delivered: 0
	Page size (bytes): 4096
	Exit status: 0
Measurement results for a=5 and N=21 with 12 qubits in the control register 
{ 000000000000:2532 000110101001:1 001001110100:1 001001110101:1 001001111111:1 001010001101:1 001010001111:1 001010010000:1 001010010001:1 001010010010:2 001010010011:1 001010011000:1 001010011010:2 001010011011:1 001010011100:1 001010011110:2 001010011111:3 001010100000:1 001010100001:1 001010100010:5 001010100011:3 001010100100:3 001010100101:10 001010100110:8 001010100111:17 001010101000:27 001010101001:48 001010101010:406 001010101011:1682 001010101100:123 001010101101:42 001010101110:15 001010101111:14 001010110000:6 001010110001:7 001010110010:4 001010110011:4 001010110100:1 001010110101:7 001010111000:1 001010111010:1 001010111011:1 001010111110:1 001011000111:1 001100111010:1 010000001110:1 010010110110:1 010100010111:1 010100011001:1 010100011100:1 010100100010:1 010100111000:1 010100111110:1 010101000001:1 010101000010:1 010101000011:4 010101000101:1 010101000110:1 010101001000:1 010101001001:2 010101001010:2 010101001011:1 010101001100:3 010101001101:3 010101001110:2 010101001111:8 010101010000:4 010101010001:11 010101010010:21 010101010011:38 010101010100:129 010101010101:1741 010101010110:421 010101010111:72 010101011000:29 010101011001:14 010101011010:8 010101011011:2 010101011100:6 010101011101:3 010101011110:2 010101011111:3 010101100000:1 010101100001:3 010101100010:1 010101100100:3 010101100101:1 010101100111:3 010101101010:1 010101101011:1 010101101100:1 010101101110:1 010101110001:1 010101111010:1 010101111011:1 010110001100:1 010110010110:1 010110100100:1 010110110101:1 011111011011:1 100000000000:2486 101000100011:1 101001010001:1 101001101110:2 101010000010:1 101010001010:1 101010001100:1 101010010010:1 101010010011:1 101010010110:1 101010010111:1 101010011000:1 101010011001:1 101010011011:3 101010011100:1 101010011101:2 101010100000:2 101010100001:5 101010100010:1 101010100011:2 101010100100:2 101010100101:4 101010100110:10 101010100111:9 101010101000:27 101010101001:73 101010101010:398 101010101011:1698 101010101100:97 101010101101:32 101010101110:15 101010101111:11 101010110000:7 101010110001:5 101010110010:2 101010110011:3 101010110100:2 101010110110:2 101010110111:3 101010111001:1 101010111011:1 101010111100:1 101010111101:1 101011000001:1 101011000011:1 101011000100:1 101011000101:1 101011001010:1 101011010011:1 101011011010:1 101011100110:1 101011101110:1 110011100001:1 110100010011:1 110100011111:1 110100110110:2 110100111001:1 110101000001:1 110101000010:3 110101000110:1 110101000111:2 110101001000:2 110101001001:2 110101001010:2 110101001011:2 110101001100:1 110101001101:2 110101001110:3 110101001111:5 110101010000:11 110101010001:12 110101010010:13 110101010011:36 110101010100:94 110101010101:1722 110101010110:432 110101010111:58 110101011000:33 110101011001:14 110101011010:16 110101011011:2 110101011100:4 110101011101:1 110101011110:1 110101011111:4 110101100000:1 110101100001:4 110101100010:1 110101100011:3 110101100100:3 110101100101:2 110101100110:1 110101100111:1 110101101000:1 110101101100:1 110101101101:1 110101101111:1 110101111000:2 110101111010:2 110101111011:1 110101111101:1 111000101100:1 111100111101:1 }

	Command being timed: "python3 shor.py 12"
	User time (seconds): 2.29
	System time (seconds): 1.04
	Percent of CPU this job got: 85%
	Elapsed (wall clock) time (h:mm:ss or m:ss): 0:03.92
	Average shared text size (kbytes): 0
	Average unshared data size (kbytes): 0
	Average stack size (kbytes): 0
	Average total size (kbytes): 0
	Maximum resident set size (kbytes): 741664
	Average resident set size (kbytes): 0
	Major (requiring I/O) page faults: 0
	Minor (reclaiming a frame) page faults: 125855
	Voluntary context switches: 4073
	Involuntary context switches: 52
	Swaps: 0
	File system inputs: 0
	File system outputs: 24
	Socket messages sent: 0
	Socket messages received: 0
	Signals delivered: 0
	Page size (bytes): 4096
	Exit status: 0
Measurement results for a=5 and N=21 with 12 qubits in the control register 
{ 000000000000:2452 001001101000:1 001001110010:1 001001110011:1 001001111101:1 001010000000:1 001010001000:1 001010001101:2 001010001110:1 001010010001:1 001010010111:1 001010011000:1 001010011001:1 001010011010:2 001010011011:2 001010011100:2 001010011111:1 001010100000:2 001010100001:1 001010100010:1 001010100011:8 001010100100:4 001010100101:5 001010100110:8 001010100111:16 001010101000:21 001010101001:66 001010101010:459 001010101011:1653 001010101100:106 001010101101:42 001010101110:21 001010101111:17 001010110000:7 001010110001:8 001010110010:2 001010110011:4 001010110100:4 001010110110:2 001010110111:3 001010111000:1 001010111001:1 001010111100:2 001010111110:1 001010111111:1 001011000000:1 001011000101:2 001011001000:1 001011001110:1 001110111010:1 010011110100:1 010100010010:1 010100010101:1 010100101101:1 010100110011:1 010100111010:1 010100111101:1 010101000100:2 010101000101:1 010101000110:1 010101000111:2 010101001000:1 010101001010:3 010101001011:5 010101001101:1 010101001111:3 010101010000:9 010101010001:13 010101010010:20 010101010011:45 010101010100:104 010101010101:1746 010101010110:426 010101010111:72 010101011000:21 010101011001:14 010101011010:12 010101011011:6 010101011100:7 010101011101:3 010101011110:2 010101011111:4 010101100000:4 010101100001:1 010101100010:3 010101100111:1 010101101000:2 010101101011:1 010101101100:1 010101101110:1 010101101111:1 010101110101:1 010101110110:1 010110000010:1 010110001000:1 010110001100:1 011001000111:1 011011010111:1 100000000000:2524 101000011000:1 101001001010:1 101001101101:1 101010001100:2 101010001110:1 101010010000:1 101010011001:1 101010011010:3 101010011100:1 101010011111:1 101010100000:3 101010100010:4 101010100011:7 101010100100:4 101010100101:5 101010100110:11 101010100111:15 101010101000:16 101010101001:70 101010101010:434 101010101011:1678 101010101100:108 101010101101:25 101010101110:15 101010101111:7 101010110000:9 101010110001:4 101010110010:1 101010110011:3 101010110100:4 101010110101:2 101010110110:2 101010110111:2 101010111000:2 101010111010:2 101010111011:1 101010111101:1 101011000001:1 101011000100:1 101011001010:1 101011001100:1 101011010100:1 101011010111:1 101011101010:1 101110011100:1 101111110010:1 110011111101:1 110100011100:1 110100100101:1 110100110010:1 110100110111:1 110100111000:1 110101000000:1 110101000011:1 110101000100:1 110101000110:1 110101000111:3 110101001001:1 110101001010:3 110101001011:5 110101001100:4 110101001101:1 110101001111:3 110101010000:7 110101010001:6 110101010010:11 110101010011:45 110101010100:116 110101010101:1739 110101010110:405 110101010111:69 110101011000:37 110101011001:11 110101011010:12 110101011011:4 110101011100:4 110101011101:4 110101011110:3 110101011111:2 110101100001:1 110101100100:1 110101100110:1 110101101000:2 110101101001:1 110101101100:1 110101101101:1 110101110011:1 110101110110:1 110110000010:1 110110001010:1 110110100101:1 110110110010:1 110110110101:1 110111000011:1 110111011011:1 110111111011:1 }

	Command being timed: "python3 shor.py 12"
	User time (seconds): 2.27
	System time (seconds): 1.02
	Percent of CPU this job got: 87%
	Elapsed (wall clock) time (h:mm:ss or m:ss): 0:03.76
	Average shared text size (kbytes): 0
	Average unshared data size (kbytes): 0
	Average stack size (kbytes): 0
	Average total size (kbytes): 0
	Maximum resident set size (kbytes): 742488
	Average resident set size (kbytes): 0
	Major (requiring I/O) page faults: 0
	Minor (reclaiming a frame) page faults: 125650
	Voluntary context switches: 3886
	Involuntary context switches: 49
	Swaps: 0
	File system inputs: 0
	File system outputs: 24
	Socket messages sent: 0
	Socket messages received: 0
	Signals delivered: 0
	Page size (bytes): 4096
	Exit status: 0
Measurement results for a=5 and N=21 with 12 qubits in the control register 
{ 000000000000:2510 001001011111:1 001001100011:1 001010000100:1 001010001000:1 001010001011:1 001010010000:1 001010011010:1 001010011011:1 001010011110:1 001010011111:1 001010100000:3 001010100001:2 001010100010:6 001010100011:5 001010100100:3 001010100101:9 001010100110:9 001010100111:17 001010101000:20 001010101001:75 001010101010:414 001010101011:1700 001010101100:98 001010101101:37 001010101110:20 001010101111:11 001010110000:9 001010110001:5 001010110010:4 001010110011:3 001010110100:2 001010110101:2 001010110110:1 001010110111:4 001010111000:3 001010111011:1 001010111101:1 001011000001:1 001011000010:1 001011000100:1 001011000111:1 001011001001:1 001011010010:1 001011010111:1 001011100111:1 001011110111:1 001100100001:1 001111111101:1 010010111011:1 010011010000:1 010100010010:1 010100101110:1 010100110101:1 010100111010:2 010100111011:2 010100111111:1 010101000001:2 010101000101:1 010101000110:1 010101000111:2 010101001000:2 010101001001:3 010101001010:1 010101001100:4 010101001101:3 010101001110:4 010101001111:7 010101010000:7 010101010001:11 010101010010:14 010101010011:26 010101010100:97 010101010101:1656 010101010110:425 010101010111:66 010101011000:26 010101011001:20 010101011010:7 010101011011:3 010101011100:5 010101011101:1 010101011110:1 010101100000:2 010101100010:3 010101100011:2 010101100100:1 010101100101:1 010101100110:2 010101100111:1 010101101000:1 010101101001:1 010101101110:1 010101110001:2 010101110100:1 010101111101:1 010110000011:1 010110011001:1 010111101111:1 011000100011:1 011001101000:1 011011110111:1 100000000000:2487 100011010100:1 101001001110:1 101001011010:1 101001101000:1 101001101100:1 101001110010:1 101001111010:1 101010000110:1 101010001000:1 101010001100:1 101010001111:1 101010010110:1 101010011000:2 101010011101:3 101010011110:2 101010011111:1 101010100001:3 101010100010:2 101010100011:1 101010100100:2 101010100101:6 101010100110:9 101010100111:12 101010101000:31 101010101001:69 101010101010:449 101010101011:1743 101010101100:125 101010101101:37 101010101110:26 101010101111:14 101010110000:6 101010110001:5 101010110010:5 101010110011:1 101010110100:2 101010110101:1 101010110111:2 101010111010:1 101010111100:2 101010111110:2 101011000111:2 101011010101:1 101011011111:1 101011100011:1 101011111010:1 101100110110:1 110011001110:1 110011111011:1 110100101101:2 110100110001:1 110100110110:1 110100111110:1 110101000001:1 110101000101:1 110101001000:1 110101001011:2 110101001100:3 110101001101:5 110101001110:3 110101001111:6 110101010000:6 110101010001:9 110101010010:24 110101010011:34 110101010100:96 110101010101:1702 110101010110:459 110101010111:72 110101011000:18 110101011001:11 110101011010:8 110101011011:6 110101011100:6 110101011101:3 110101011110:1 110101011111:2 110101100000:2 110101100010:1 110101100011:1 110101100100:1 110101100111:1 110101101001:1 110101101010:2 110101101011:2 110101101100:1 110101101101:1 110101110000:1 110101111001:1 110110001001:1 110111011001:1 111000110001:1 111001111110:1 }

	Command being timed: "python3 shor.py 12"
	User time (seconds): 2.30
	System time (seconds): 1.02
	Percent of CPU this job got: 83%
	Elapsed (wall clock) time (h:mm:ss or m:ss): 0:03.98
	Average shared text size (kbytes): 0
	Average unshared data size (kbytes): 0
	Average stack size (kbytes): 0
	Average total size (kbytes): 0
	Maximum resident set size (kbytes): 744448
	Average resident set size (kbytes): 0
	Major (requiring I/O) page faults: 0
	Minor (reclaiming a frame) page faults: 126455
	Voluntary context switches: 3967
	Involuntary context switches: 48
	Swaps: 0
	File system inputs: 0
	File system outputs: 24
	Socket messages sent: 0
	Socket messages received: 0
	Signals delivered: 0
	Page size (bytes): 4096
	Exit status: 0
Measurement results for a=5 and N=21 with 12 qubits in the control register 
{ 000000000000:2517 000011111001:1 000100110111:1 000111101001:1 001000100101:1 001000110101:1 001001111000:1 001010001110:1 001010001111:1 001010010001:1 001010010010:1 001010010011:1 001010010110:1 001010010111:1 001010011001:1 001010011011:3 001010011100:2 001010100000:2 001010100001:2 001010100010:3 001010100011:1 001010100100:5 001010100101:7 001010100110:7 001010100111:18 001010101000:32 001010101001:78 001010101010:450 001010101011:1680 001010101100:116 001010101101:18 001010101110:16 001010101111:7 001010110000:5 001010110001:3 001010110010:3 001010110011:4 001010110101:1 001010110111:2 001010111000:3 001010111010:1 001010111100:1 001011000000:1 001011000011:1 001011000100:1 001011000110:1 001011001101:1 001011010100:1 001011100000:1 001011100110:1 001101000011:1 001111010110:1 010010010100:1 010100000001:1 010100001110:1 010100010010:1 010100010101:2 010100110010:1 010100110111:1 010100111001:2 010100111100:1 010100111101:1 010101000001:2 010101000100:1 010101000101:1 010101000110:1 010101001000:2 010101001001:1 010101001011:2 010101001100:3 010101001101:6 010101001110:4 010101001111:5 010101010000:7 010101010001:9 010101010010:16 010101010011:43 010101010100:95 010101010101:1730 010101010110:455 010101010111:73 010101011000:19 010101011001:19 010101011010:10 010101011011:8 010101011100:3 010101011101:2 010101011110:2 010101011111:5 010101100000:3 010101100010:1 010101100101:1 010101100110:1 010101101000:3 010101101011:1 010101101101:1 010101101110:1 010101110001:1 010110100100:1 011000001000:1 100000000000:2469 101000011110:1 101000100100:1 101000101001:1 101010001000:1 101010001100:1 101010001101:1 101010001111:1 101010010011:1 101010010111:1 101010011101:2 101010011110:1 101010011111:1 101010100000:2 101010100001:2 101010100010:3 101010100011:5 101010100100:5 101010100101:7 101010100110:4 101010100111:14 101010101000:29 101010101001:62 101010101010:419 101010101011:1646 101010101100:107 101010101101:26 101010101110:22 101010101111:19 101010110000:7 101010110001:5 101010110010:2 101010110011:3 101010110101:3 101010110111:2 101010111000:2 101010111001:1 101010111010:1 101010111011:1 101010111100:2 101010111101:2 101010111111:1 101011000010:1 101011000011:1 101011010010:1 101011011100:1 101011100000:1 101100100000:1 110010001001:1 110010001100:1 110011011000:1 110100100001:1 110100100011:1 110100101000:1 110100101110:1 110100110010:1 110100111010:1 110100111100:3 110101000000:1 110101000010:1 110101000101:1 110101000110:3 110101000111:2 110101001000:2 110101001001:2 110101001011:1 110101001100:3 110101001101:2 110101001110:2 110101001111:5 110101010000:8 110101010001:11 110101010010:11 110101010011:37 110101010100:92 110101010101:1703 110101010110:476 110101010111:77 110101011000:28 110101011001:11 110101011010:10 110101011011:5 110101011100:8 110101011101:3 110101011110:4 110101011111:1 110101100000:1 110101100001:3 110101100010:2 110101100100:1 110101100101:2 110101100110:1 110101101001:1 110101101011:1 110101101101:1 110101110000:1 110101110001:1 110101110010:2 110101110011:1 110110000000:1 110110000111:1 110110001010:1 110110011000:1 110111000100:1 111111001011:1 }

	Command being timed: "python3 shor.py 12"
	User time (seconds): 2.30
	System time (seconds): 1.01
	Percent of CPU this job got: 87%
	Elapsed (wall clock) time (h:mm:ss or m:ss): 0:03.78
	Average shared text size (kbytes): 0
	Average unshared data size (kbytes): 0
	Average stack size (kbytes): 0
	Average total size (kbytes): 0
	Maximum resident set size (kbytes): 746404
	Average resident set size (kbytes): 0
	Major (requiring I/O) page faults: 0
	Minor (reclaiming a frame) page faults: 126370
	Voluntary context switches: 3878
	Involuntary context switches: 47
	Swaps: 0
	File system inputs: 0
	File system outputs: 24
	Socket messages sent: 0
	Socket messages received: 0
	Signals delivered: 0
	Page size (bytes): 4096
	Exit status: 0
Measurement results for a=5 and N=21 with 12 qubits in the control register 
{ 000000000000:2458 000000100100:1 000001111000:1 000101010101:1 001000111100:1 001001000000:1 001001100001:1 001001100101:2 001001110001:1 001001111011:1 001010000100:1 001010010000:1 001010010011:3 001010010101:1 001010011010:1 001010011011:1 001010011110:2 001010011111:2 001010100010:3 001010100100:2 001010100101:8 001010100110:6 001010100111:9 001010101000:24 001010101001:76 001010101010:454 001010101011:1741 001010101100:97 001010101101:33 001010101110:19 001010101111:10 001010110000:3 001010110001:3 001010110010:1 001010110011:3 001010110100:2 001010110110:2 001010110111:1 001010111000:3 001010111010:1 001010111011:2 001011000000:1 001011010000:1 001011100011:1 001100110110:1 001110001101:1 010010111111:1 010011110000:1 010011111110:1 010100001101:1 010100011010:1 010100110100:1 010100110101:1 010100111001:1 010100111101:1 010100111111:1 010101000100:1 010101000111:1 010101001000:1 010101001001:1 010101001011:4 010101001101:2 010101001110:3 010101001111:3 010101010000:5 010101010001:4 010101010010:16 010101010011:31 010101010100:112 010101010101:1748 010101010110:428 010101010111:57 010101011000:22 010101011001:12 010101011010:7 010101011011:7 010101011100:3 010101011101:3 010101011110:2 010101011111:4 010101100000:3 010101100001:1 010101100010:1 010101100011:2 010101100100:1 010101101000:1 010101101011:1 010101110001:1 010101110111:1 010101111001:1 010110001101:1 010110011011:1 010111001011:1 011001000101:1 011110111011:1 100000000000:2571 100111111101:1 101000111101:1 101001011110:1 101001100110:1 101001101111:1 101001110111:1 101010000001:1 101010000110:1 101010001000:1 101010001011:1 101010010000:2 101010011000:1 101010011001:1 101010011011:1 101010011100:1 101010011110:4 101010011111:1 101010100000:1 101010100001:2 101010100010:2 101010100011:6 101010100100:5 101010100101:6 101010100110:3 101010100111:14 101010101000:25 101010101001:69 101010101010:440 101010101011:1662 101010101100:96 101010101101:36 101010101110:14 101010101111:7 101010110000:8 101010110001:3 101010110010:6 101010110011:2 101010110100:4 101010110101:7 101010110110:1 101010111000:2 101010111001:2 101011000000:1 101011000001:1 101011001000:1 101011001011:1 101011010011:1 101011011000:1 101011011101:1 101011011110:1 101011100010:1 101101111111:1 101111001001:1 110001111100:1 110100001101:1 110100010011:1 110100101100:1 110100110010:1 110100110011:1 110100110101:1 110100110111:1 110100111001:1 110100111100:2 110100111111:1 110101000101:1 110101000110:2 110101001000:1 110101001010:2 110101001011:4 110101001100:5 110101001101:2 110101001110:4 110101001111:4 110101010000:7 110101010001:12 110101010010:18 110101010011:39 110101010100:113 110101010101:1675 110101010110:413 110101010111:74 110101011000:25 110101011001:13 110101011010:9 110101011011:8 110101011100:6 110101011101:4 110101011110:4 110101011111:3 110101100000:4 110101100010:1 110101100100:1 110101100101:1 110101100111:2 110101101001:1 110101101011:1 110101101100:1 110101111100:1 110101111110:1 110110000000:1 110110001011:1 110110101111:1 110111001000:1 111000000011:1 111001100101:1 111101101111:1 }

	Command being timed: "python3 shor.py 12"
	User time (seconds): 2.34
	System time (seconds): 0.97
	Percent of CPU this job got: 86%
	Elapsed (wall clock) time (h:mm:ss or m:ss): 0:03.81
	Average shared text size (kbytes): 0
	Average unshared data size (kbytes): 0
	Average stack size (kbytes): 0
	Average total size (kbytes): 0
	Maximum resident set size (kbytes): 744380
	Average resident set size (kbytes): 0
	Major (requiring I/O) page faults: 0
	Minor (reclaiming a frame) page faults: 126431
	Voluntary context switches: 3893
	Involuntary context switches: 51
	Swaps: 0
	File system inputs: 0
	File system outputs: 24
	Socket messages sent: 0
	Socket messages received: 0
	Signals delivered: 0
	Page size (bytes): 4096
	Exit status: 0
Measurement results for a=5 and N=21 with 12 qubits in the control register 
{ 000000000000:2463 000111101101:1 001000000101:1 001000100001:1 001000111101:1 001001001011:1 001001001110:1 001001110100:1 001001111001:1 001010000110:1 001010001110:1 001010001111:1 001010010010:1 001010011101:1 001010011110:1 001010011111:2 001010100000:2 001010100001:2 001010100010:5 001010100011:1 001010100100:1 001010100101:5 001010100110:8 001010100111:12 001010101000:24 001010101001:81 001010101010:438 001010101011:1714 001010101100:115 001010101101:42 001010101110:17 001010101111:8 001010110000:8 001010110001:12 001010110010:7 001010110011:2 001010110100:2 001010110101:2 001010110110:3 001010111000:2 001010111001:2 001010111010:1 001010111110:1 001011000001:1 001011000100:1 001011001100:1 001011001110:1 001011010110:1 001011010111:1 001100001100:1 001100101000:1 001110010001:1 010000011011:1 010010111001:1 010010111010:1 010011001010:1 010011001011:1 010011001101:1 010011100011:1 010011111011:1 010100011100:1 010100011101:1 010100101100:1 010100101101:1 010100110111:1 010101000000:2 010101000001:1 010101000011:1 010101000100:3 010101000101:2 010101000111:1 010101001001:2 010101001011:1 010101001100:2 010101001101:1 010101001110:3 010101001111:5 010101010000:3 010101010001:15 010101010010:19 010101010011:31 010101010100:91 010101010101:1663 010101010110:447 010101010111:72 010101011000:31 010101011001:18 010101011010:16 010101011011:9 010101011100:3 010101011101:1 010101011110:2 010101011111:2 010101100000:3 010101100001:1 010101100010:2 010101100011:3 010101100100:1 010101100111:1 010101101010:2 010101101100:1 010101110000:1 010101111000:1 010110000001:1 010110000010:1 010110011100:1 010110101110:1 010110110011:1 011000111100:1 011001101100:1 100000000000:2529 100111110010:1 101001000000:1 101001101000:1 101010000000:1 101010000101:1 101010001110:1 101010010110:2 101010011001:2 101010011011:2 101010011100:1 101010011110:2 101010011111:3 101010100001:1 101010100010:4 101010100011:5 101010100100:4 101010100101:9 101010100110:11 101010100111:14 101010101000:25 101010101001:66 101010101010:412 101010101011:1729 101010101100:110 101010101101:28 101010101110:14 101010101111:8 101010110000:4 101010110001:7 101010110010:4 101010110011:5 101010110100:5 101010110101:1 101010110110:3 101010111000:1 101010111010:1 101010111100:2 101011000000:1 101011000001:2 101011000011:1 101011001001:1 101011001111:2 101011100110:1 101100000010:1 101101010111:1 101111001001:1 101111011000:1 110011001010:1 110011101001:1 110011111111:1 110100001010:1 110100011110:1 110100101101:1 110100110110:1 110100111000:1 110100111011:1 110100111100:1 110100111110:1 110101000000:1 110101000100:1 110101000101:3 110101000110:1 110101000111:2 110101001000:1 110101001010:1 110101001011:2 110101001100:2 110101001101:4 110101001110:5 110101001111:1 110101010000:5 110101010001:9 110101010010:18 110101010011:42 110101010100:104 110101010101:1677 110101010110:435 110101010111:74 110101011000:22 110101011001:11 110101011010:11 110101011011:3 110101011100:3 110101011101:3 110101011110:4 110101011111:2 110101100000:6 110101100001:1 110101100010:1 110101100011:1 110101100100:1 110101100101:2 110101100110:1 110101100111:1 110101101010:1 110101101100:1 110101101101:1 110101110000:1 110110001011:1 110110011001:1 110110111001:1 111000011001:1 }

	Command being timed: "python3 shor.py 12"
	User time (seconds): 2.32
	System time (seconds): 1.06
	Percent of CPU this job got: 85%
	Elapsed (wall clock) time (h:mm:ss or m:ss): 0:03.98
	Average shared text size (kbytes): 0
	Average unshared data size (kbytes): 0
	Average stack size (kbytes): 0
	Average total size (kbytes): 0
	Maximum resident set size (kbytes): 747220
	Average resident set size (kbytes): 0
	Major (requiring I/O) page faults: 0
	Minor (reclaiming a frame) page faults: 126154
	Voluntary context switches: 4125
	Involuntary context switches: 42
	Swaps: 0
	File system inputs: 0
	File system outputs: 24
	Socket messages sent: 0
	Socket messages received: 0
	Signals delivered: 0
	Page size (bytes): 4096
	Exit status: 0
Measurement results for a=5 and N=21 with 12 qubits in the control register 
{ 000000000000:2420 000001011001:1 000001011110:1 001000101010:1 001000110110:1 001001101011:1 001010000111:1 001010001011:1 001010001100:1 001010001110:1 001010010010:1 001010010100:1 001010010110:1 001010011000:3 001010011011:1 001010011101:3 001010011110:1 001010011111:2 001010100000:3 001010100010:6 001010100011:2 001010100100:3 001010100101:4 001010100110:9 001010100111:17 001010101000:27 001010101001:69 001010101010:421 001010101011:1746 001010101100:131 001010101101:41 001010101110:15 001010101111:8 001010110000:8 001010110010:1 001010110101:1 001010111000:1 001010111001:1 001011000100:1 001011001101:1 001011010000:1 001011010010:1 001011011101:1 001011100000:1 001011101100:1 010001001010:1 010011101101:1 010100101000:1 010100111000:1 010101000011:1 010101000111:1 010101001000:2 010101001100:1 010101001110:3 010101001111:8 010101010000:8 010101010001:14 010101010010:14 010101010011:40 010101010100:110 010101010101:1714 010101010110:464 010101010111:70 010101011000:32 010101011001:18 010101011010:9 010101011011:6 010101011100:3 010101011101:3 010101011110:4 010101100000:2 010101100001:1 010101100010:2 010101100011:1 010101101000:1 010101101100:2 010101101101:1 010101101110:1 010101110101:1 010101111101:1 010101111111:1 010110000011:1 010110110100:1 011000110000:1 011010111000:1 011111100011:1 100000000000:2479 100101100011:1 101001010011:1 101001101110:1 101001110101:1 101010000011:1 101010001001:1 101010001110:1 101010010000:1 101010010011:1 101010010101:1 101010010110:1 101010011001:1 101010011010:1 101010011011:1 101010011100:2 101010011101:2 101010011110:1 101010100000:1 101010100001:1 101010100010:3 101010100011:2 101010100100:3 101010100101:8 101010100110:12 101010100111:13 101010101000:19 101010101001:70 101010101010:417 101010101011:1762 101010101100:97 101010101101:42 101010101110:15 101010101111:4 101010110000:3 101010110001:6 101010110010:9 101010110011:3 101010110100:2 101010110101:1 101010110110:2 101010110111:1 101010111000:1 101010111101:2 101010111110:2 101011000101:1 101011001011:1 101011010100:1 101011010101:1 101011010110:1 101011011000:1 101011100110:1 101011110101:1 101011111110:1 101100010011:1 101111000010:1 110100101101:1 110100111001:1 110100111010:1 110100111011:1 110100111110:1 110101000000:3 110101000011:1 110101000110:2 110101000111:2 110101001010:4 110101001011:3 110101001100:4 110101001101:3 110101001110:1 110101001111:6 110101010000:7 110101010001:11 110101010010:14 110101010011:39 110101010100:115 110101010101:1684 110101010110:420 110101010111:66 110101011000:29 110101011001:13 110101011010:11 110101011011:4 110101011100:5 110101011101:4 110101011110:1 110101011111:3 110101100000:3 110101100001:1 110101100010:1 110101100011:2 110101100101:2 110101101001:1 110101101010:1 110101101011:1 110101101101:1 110101110011:2 110101111000:1 110101111100:1 110110100110:1 111001001101:1 }

	Command being timed: "python3 shor.py 12"
	User time (seconds): 2.30
	System time (seconds): 1.02
	Percent of CPU this job got: 86%
	Elapsed (wall clock) time (h:mm:ss or m:ss): 0:03.85
	Average shared text size (kbytes): 0
	Average unshared data size (kbytes): 0
	Average stack size (kbytes): 0
	Average total size (kbytes): 0
	Maximum resident set size (kbytes): 743096
	Average resident set size (kbytes): 0
	Major (requiring I/O) page faults: 0
	Minor (reclaiming a frame) page faults: 126191
	Voluntary context switches: 3996
	Involuntary context switches: 48
	Swaps: 0
	File system inputs: 0
	File system outputs: 24
	Socket messages sent: 0
	Socket messages received: 0
	Signals delivered: 0
	Page size (bytes): 4096
	Exit status: 0
Measurement results for a=5 and N=21 with 12 qubits in the control register 
{ 000000000000:2541 000110010000:1 001001101110:1 001010000000:1 001010000101:1 001010001000:1 001010010000:1 001010010011:1 001010010101:1 001010010111:1 001010011010:1 001010011011:1 001010011100:3 001010011110:2 001010011111:1 001010100000:1 001010100010:1 001010100011:6 001010100100:3 001010100101:8 001010100110:7 001010100111:16 001010101000:22 001010101001:50 001010101010:426 001010101011:1679 001010101100:88 001010101101:39 001010101110:13 001010101111:8 001010110000:4 001010110001:1 001010110010:6 001010110011:4 001010110100:1 001010110101:3 001010110110:1 001010110111:1 001010111000:2 001010111001:2 001010111010:1 001010111100:1 001011000010:1 001011000110:2 001011001000:1 001011010101:2 001011011010:1 001011011110:1 001011101111:1 001100110111:1 010001001100:1 010011011111:1 010100110110:1 010100110111:2 010101000000:1 010101000001:1 010101000100:1 010101000101:1 010101001001:3 010101001010:2 010101001100:3 010101001110:1 010101001111:3 010101010000:7 010101010001:9 010101010010:14 010101010011:43 010101010100:122 010101010101:1710 010101010110:437 010101010111:74 010101011000:34 010101011001:20 010101011010:7 010101011011:4 010101011100:4 010101011101:6 010101011110:3 010101011111:3 010101100000:1 010101100001:1 010101100010:3 010101100100:3 010101100101:1 010101101001:1 010101101011:2 010101101111:1 010101110000:1 010101111011:1 010110000110:1 010111111101:1 011001000110:1 011111001001:1 100000000000:2495 100101000011:1 101001010101:1 101001110001:1 101010000101:1 101010001110:1 101010010000:1 101010010101:2 101010011011:1 101010011110:1 101010011111:2 101010100010:2 101010100011:5 101010100100:4 101010100101:4 101010100110:8 101010100111:22 101010101000:33 101010101001:69 101010101010:437 101010101011:1698 101010101100:108 101010101101:30 101010101110:17 101010101111:6 101010110000:6 101010110001:4 101010110010:3 101010110011:2 101010110100:2 101010110101:4 101010110110:2 101010110111:1 101010111010:1 101010111011:2 101010111100:1 101010111101:2 101011000010:1 101011000011:1 101011000100:1 101011000101:1 101011001000:1 101011001011:1 101011010001:1 101011010010:1 101011011001:1 101011101100:1 101100111010:1 101101000001:1 101101111010:1 101110101111:1 110011010100:1 110100000010:1 110100010101:1 110100100110:1 110100110100:1 110100111010:1 110100111101:1 110100111110:1 110100111111:1 110101000010:1 110101000100:1 110101000110:1 110101000111:2 110101001000:1 110101001001:1 110101001010:2 110101001011:1 110101001100:3 110101001101:3 110101001110:2 110101001111:6 110101010000:7 110101010001:11 110101010010:21 110101010011:36 110101010100:89 110101010101:1719 110101010110:451 110101010111:60 110101011000:23 110101011001:17 110101011010:8 110101011011:3 110101011100:3 110101011101:2 110101011110:4 110101100000:2 110101100001:1 110101100010:1 110101100100:1 110101100110:1 110101100111:1 110101101001:1 110101101100:2 110101101101:1 110101101110:1 110101110011:1 110101111001:1 110101111101:1 110110000001:1 110110000100:1 110110010100:1 110111000101:1 110111001110:1 }

	Command being timed: "python3 shor.py 12"
	User time (seconds): 2.29
	System time (seconds): 1.05
	Percent of CPU this job got: 86%
	Elapsed (wall clock) time (h:mm:ss or m:ss): 0:03.88
	Average shared text size (kbytes): 0
	Average unshared data size (kbytes): 0
	Average stack size (kbytes): 0
	Average total size (kbytes): 0
	Maximum resident set size (kbytes): 741256
	Average resident set size (kbytes): 0
	Major (requiring I/O) page faults: 0
	Minor (reclaiming a frame) page faults: 126266
	Voluntary context switches: 3905
	Involuntary context switches: 48
	Swaps: 0
	File system inputs: 0
	File system outputs: 24
	Socket messages sent: 0
	Socket messages received: 0
	Signals delivered: 0
	Page size (bytes): 4096
	Exit status: 0
