WARNING: overwriting environment variables set in the machine
overwriting variable ['LD_LIBRARY_PATH']
Measurement results for a=5 and N=21 with 20 qubits in the control register 
{ 00000000000000000000:2512 00101010101000110100:1 00101010101000111100:2 00101010101001101010:1 00101010101001111000:1 00101010101001111011:1 00101010101010000000:1 00101010101010000110:1 00101010101010001000:2 00101010101010010001:1 00101010101010010010:1 00101010101010010101:1 00101010101010010110:2 00101010101010011001:1 00101010101010011010:1 00101010101010011011:2 00101010101010011100:1 00101010101010011110:2 00101010101010100000:1 00101010101010100001:2 00101010101010100010:3 00101010101010100011:2 00101010101010100100:8 00101010101010100101:4 00101010101010100110:10 00101010101010100111:14 00101010101010101000:25 00101010101010101001:65 00101010101010101010:434 00101010101010101011:1671 00101010101010101100:110 00101010101010101101:34 00101010101010101110:21 00101010101010101111:7 00101010101010110000:8 00101010101010110001:4 00101010101010110010:3 00101010101010110011:2 00101010101010110100:3 00101010101010110101:4 00101010101010110110:3 00101010101010110111:1 00101010101010111000:2 00101010101010111001:4 00101010101010111010:1 00101010101010111100:1 00101010101010111111:1 00101010101011000010:2 00101010101011000011:2 00101010101011000100:1 00101010101011000101:2 00101010101011011010:1 00101010101011100001:1 00101010101100000011:1 01010101010001101101:1 01010101010010101111:1 01010101010011001101:1 01010101010100000110:1 01010101010100011100:1 01010101010100100110:1 01010101010100101001:1 01010101010100110001:1 01010101010100110101:1 01010101010100111000:1 01010101010100111101:1 01010101010100111111:1 01010101010101000001:2 01010101010101000111:3 01010101010101001000:2 01010101010101001001:1 01010101010101001011:1 01010101010101001100:1 01010101010101001101:3 01010101010101001110:8 01010101010101001111:2 01010101010101010000:8 01010101010101010001:10 01010101010101010010:14 01010101010101010011:38 01010101010101010100:118 01010101010101010101:1774 01010101010101010110:392 01010101010101010111:62 01010101010101011000:32 01010101010101011001:21 01010101010101011010:7 01010101010101011011:6 01010101010101011100:7 01010101010101011101:3 01010101010101011111:5 01010101010101100001:1 01010101010101100010:3 01010101010101100011:1 01010101010101100100:1 01010101010101100101:1 01010101010101101011:1 01010101010101101110:1 01010101010101110000:1 01010101010101110010:1 01010101010101110101:1 01010101010101111000:1 01010101010110000001:1 01010101010110010101:1 01010101010110011001:1 01010101010110100100:1 01010101010110101010:1 01010101010111001111:1 01010101011000000001:1 10000000000000000000:2470 10101010100011011011:1 10101010100101011011:1 10101010101001011010:1 10101010101001101010:1 10101010101010001010:1 10101010101010001101:1 10101010101010010010:1 10101010101010011000:1 10101010101010011001:1 10101010101010011010:3 10101010101010011111:1 10101010101010100000:1 10101010101010100001:2 10101010101010100010:1 10101010101010100011:4 10101010101010100100:3 10101010101010100101:4 10101010101010100110:8 10101010101010100111:10 10101010101010101000:28 10101010101010101001:67 10101010101010101010:464 10101010101010101011:1676 10101010101010101100:108 10101010101010101101:37 10101010101010101110:18 10101010101010101111:7 10101010101010110000:7 10101010101010110001:7 10101010101010110010:6 10101010101010110011:2 10101010101010110100:3 10101010101010110101:2 10101010101010111000:2 10101010101010111001:2 10101010101010111010:1 10101010101010111011:3 10101010101010111100:2 10101010101010111101:1 10101010101010111111:1 10101010101011000001:1 10101010101011001000:1 10101010101011001011:1 10101010101011100000:1 10101010101011100100:1 10101010101011101111:1 10101010101100100000:1 10101010101110011010:1 11010101010001110010:1 11010101010011011011:1 11010101010011011111:1 11010101010100111000:1 11010101010100111001:1 11010101010100111010:1 11010101010100111100:1 11010101010100111101:1 11010101010101000000:1 11010101010101000001:1 11010101010101000010:1 11010101010101000110:1 11010101010101000111:3 11010101010101001000:1 11010101010101001001:1 11010101010101001010:2 11010101010101001100:4 11010101010101001101:3 11010101010101001110:3 11010101010101001111:3 11010101010101010000:12 11010101010101010001:13 11010101010101010010:11 11010101010101010011:36 11010101010101010100:111 11010101010101010101:1676 11010101010101010110:464 11010101010101010111:45 11010101010101011000:18 11010101010101011001:15 11010101010101011010:5 11010101010101011011:6 11010101010101011100:5 11010101010101011101:4 11010101010101011110:6 11010101010101011111:2 11010101010101100000:2 11010101010101100001:6 11010101010101100010:3 11010101010101100011:2 11010101010101100101:2 11010101010101100110:1 11010101010101100111:1 11010101010101101000:3 11010101010101101101:1 11010101010101101110:1 11010101010101110000:1 11010101010101110111:1 11010101010110000101:1 11010101010110011010:1 11010101011000001010:1 }

A100
	Command being timed: "python3 shor.py 20"
	User time (seconds): 7037.75
	System time (seconds): 51.93
	Percent of CPU this job got: 99%
	Elapsed (wall clock) time (h:mm:ss or m:ss): 1:58:32
	Average shared text size (kbytes): 0
	Average unshared data size (kbytes): 0
	Average stack size (kbytes): 0
	Average total size (kbytes): 0
	Maximum resident set size (kbytes): 19608692
	Average resident set size (kbytes): 0
	Major (requiring I/O) page faults: 0
	Minor (reclaiming a frame) page faults: 95991351
	Voluntary context switches: 82512
	Involuntary context switches: 96009
	Swaps: 0
	File system inputs: 0
	File system outputs: 24
	Socket messages sent: 0
	Socket messages received: 0
	Signals delivered: 0
	Page size (bytes): 4096
	Exit status: 0
Measurement results for a=5 and N=21 with 20 qubits in the control register 
{ 00000000000000000000:2460 00101010100000000110:1 00101010100110100100:1 00101010100111011110:1 00101010100111101110:1 00101010101000001001:1 00101010101000011100:1 00101010101001110110:1 00101010101001110111:1 00101010101001111001:1 00101010101001111010:1 00101010101010001110:1 00101010101010010010:1 00101010101010010011:1 00101010101010011100:1 00101010101010011110:1 00101010101010011111:3 00101010101010100000:4 00101010101010100001:2 00101010101010100010:3 00101010101010100011:1 00101010101010100100:4 00101010101010100101:8 00101010101010100110:7 00101010101010100111:14 00101010101010101000:25 00101010101010101001:71 00101010101010101010:437 00101010101010101011:1634 00101010101010101100:103 00101010101010101101:30 00101010101010101110:11 00101010101010101111:13 00101010101010110000:5 00101010101010110001:2 00101010101010110010:2 00101010101010110100:3 00101010101010110101:3 00101010101010110110:2 00101010101010111000:1 00101010101010111011:1 00101010101010111101:2 00101010101010111111:1 00101010101011000010:1 00101010101011000100:1 00101010101011000111:1 00101010101011001000:1 00101010101011001101:1 00101010101011100011:1 00101010101100001101:1 00101010101110101111:1 00101010110101111001:1 01010101010100001010:1 01010101010100110101:1 01010101010101000000:3 01010101010101000001:1 01010101010101000010:1 01010101010101000011:2 01010101010101000110:1 01010101010101000111:1 01010101010101001000:1 01010101010101001001:2 01010101010101001010:2 01010101010101001011:3 01010101010101001100:2 01010101010101001101:5 01010101010101001110:2 01010101010101001111:9 01010101010101010000:5 01010101010101010001:12 01010101010101010010:16 01010101010101010011:32 01010101010101010100:105 01010101010101010101:1748 01010101010101010110:445 01010101010101010111:64 01010101010101011000:40 01010101010101011001:20 01010101010101011010:10 01010101010101011011:8 01010101010101011100:2 01010101010101011101:2 01010101010101011110:5 01010101010101011111:3 01010101010101100000:1 01010101010101100001:2 01010101010101100011:2 01010101010101100100:2 01010101010101100101:2 01010101010101110000:1 01010101010101110110:1 01010101010110000111:1 01010101010110001101:1 01010101010110010010:1 01010101010110111011:1 01010101010111011101:1 01010101010111101101:1 01010101010111110110:1 10000000000000000000:2496 10101010001000111101:1 10101010100111101000:1 10101010101000011010:1 10101010101001000110:1 10101010101001101011:1 10101010101001110001:1 10101010101001110100:1 10101010101001110101:1 10101010101001111100:1 10101010101010000001:1 10101010101010001111:1 10101010101010010010:1 10101010101010010011:1 10101010101010010100:1 10101010101010010101:1 10101010101010010110:1 10101010101010010111:1 10101010101010011000:1 10101010101010011010:2 10101010101010011011:2 10101010101010011100:1 10101010101010011101:1 10101010101010011111:3 10101010101010100001:3 10101010101010100010:1 10101010101010100011:3 10101010101010100100:5 10101010101010100101:10 10101010101010100110:8 10101010101010100111:12 10101010101010101000:35 10101010101010101001:86 10101010101010101010:395 10101010101010101011:1697 10101010101010101100:127 10101010101010101101:41 10101010101010101110:15 10101010101010101111:14 10101010101010110000:4 10101010101010110001:3 10101010101010110010:2 10101010101010110011:2 10101010101010110100:3 10101010101010110101:1 10101010101010110110:1 10101010101010111000:1 10101010101010111010:1 10101010101010111101:1 10101010101011000001:1 10101010101011000010:1 10101010101011000111:1 10101010101011001110:1 10101010101011001111:1 10101010101011101010:1 10101010101011110000:1 10101010101101011010:1 10101010101110001100:1 11010101010000001010:1 11010101010011100000:1 11010101010011100110:1 11010101010100011110:1 11010101010100101000:1 11010101010100101011:1 11010101010100110000:1 11010101010100110010:1 11010101010101000000:1 11010101010101000010:1 11010101010101000011:2 11010101010101000100:1 11010101010101000101:2 11010101010101000110:2 11010101010101000111:2 11010101010101001000:1 11010101010101001001:3 11010101010101001100:4 11010101010101001101:3 11010101010101001110:3 11010101010101001111:3 11010101010101010000:4 11010101010101010001:10 11010101010101010010:14 11010101010101010011:28 11010101010101010100:123 11010101010101010101:1782 11010101010101010110:409 11010101010101010111:63 11010101010101011000:21 11010101010101011001:12 11010101010101011010:9 11010101010101011011:8 11010101010101011100:5 11010101010101011101:5 11010101010101011110:2 11010101010101100000:1 11010101010101100001:2 11010101010101100010:1 11010101010101100011:2 11010101010101100100:1 11010101010101100110:1 11010101010101101000:1 11010101010101101110:1 11010101010101110001:1 11010101010101110101:1 11010101010101110110:1 11010101010101111000:1 11010101010101111011:1 11010101010110000000:1 11010101011001100000:1 11010101101010100101:1 }

A100
	Command being timed: "python3 shor.py 20"
	User time (seconds): 7073.53
	System time (seconds): 62.25
	Percent of CPU this job got: 99%
	Elapsed (wall clock) time (h:mm:ss or m:ss): 1:59:18
	Average shared text size (kbytes): 0
	Average unshared data size (kbytes): 0
	Average stack size (kbytes): 0
	Average total size (kbytes): 0
	Maximum resident set size (kbytes): 19607492
	Average resident set size (kbytes): 0
	Major (requiring I/O) page faults: 0
	Minor (reclaiming a frame) page faults: 112648833
	Voluntary context switches: 79538
	Involuntary context switches: 96640
	Swaps: 0
	File system inputs: 0
	File system outputs: 24
	Socket messages sent: 0
	Socket messages received: 0
	Signals delivered: 0
	Page size (bytes): 4096
	Exit status: 0
Measurement results for a=5 and N=21 with 20 qubits in the control register 
{ 00000000000000000000:2570 00101001111110110001:1 00101010100100110010:1 00101010100110000001:1 00101010100110110011:1 00101010101001000100:1 00101010101001100010:1 00101010101001110100:1 00101010101010000001:1 00101010101010000101:1 00101010101010001000:1 00101010101010010101:1 00101010101010010111:1 00101010101010011000:1 00101010101010011001:1 00101010101010011011:1 00101010101010011100:2 00101010101010011110:1 00101010101010011111:3 00101010101010100000:1 00101010101010100001:1 00101010101010100010:3 00101010101010100100:3 00101010101010100101:3 00101010101010100110:10 00101010101010100111:10 00101010101010101000:22 00101010101010101001:70 00101010101010101010:446 00101010101010101011:1689 00101010101010101100:103 00101010101010101101:31 00101010101010101110:22 00101010101010101111:6 00101010101010110000:5 00101010101010110001:7 00101010101010110010:2 00101010101010110011:3 00101010101010110100:1 00101010101010110101:4 00101010101010110110:2 00101010101010110111:1 00101010101010111000:1 00101010101010111001:2 00101010101010111011:2 00101010101010111110:1 00101010101010111111:2 00101010101011000001:2 00101010101011000110:1 00101010101011001010:1 00101010101011001101:1 00101010101011010000:1 00101010101011011011:1 00101010101011100111:1 00101010101100000111:1 00101010101100001110:1 00101010101100101011:1 00101010101100110011:1 00101010101101000000:1 00101010101110100110:1 00101100100001011100:1 01010101001101001001:1 01010101010010011000:1 01010101010010100101:1 01010101010100101011:1 01010101010100110001:1 01010101010100110100:1 01010101010100111010:1 01010101010100111011:1 01010101010101000100:1 01010101010101000110:2 01010101010101000111:2 01010101010101001000:2 01010101010101001010:4 01010101010101001011:1 01010101010101001100:2 01010101010101001101:6 01010101010101001110:5 01010101010101001111:5 01010101010101010000:6 01010101010101010001:8 01010101010101010010:17 01010101010101010011:40 01010101010101010100:116 01010101010101010101:1703 01010101010101010110:411 01010101010101010111:69 01010101010101011000:40 01010101010101011001:21 01010101010101011010:5 01010101010101011011:5 01010101010101011100:6 01010101010101011101:2 01010101010101011110:1 01010101010101011111:1 01010101010101100000:3 01010101010101100011:1 01010101010101100101:4 01010101010101100110:1 01010101010101100111:1 01010101010101110011:1 01010101010110001001:1 01010101010110001110:2 01010101010110010000:1 01010101010110111010:1 01010101010111011000:1 01010101111111010001:1 10000000000000000000:2525 10101010011111101110:1 10101010101000111100:1 10101010101001111000:1 10101010101001111101:1 10101010101010010001:1 10101010101010010101:1 10101010101010010111:1 10101010101010011000:1 10101010101010011001:2 10101010101010011011:3 10101010101010011110:2 10101010101010011111:3 10101010101010100000:1 10101010101010100001:1 10101010101010100010:2 10101010101010100100:1 10101010101010100101:5 10101010101010100110:6 10101010101010100111:13 10101010101010101000:20 10101010101010101001:74 10101010101010101010:428 10101010101010101011:1635 10101010101010101100:101 10101010101010101101:27 10101010101010101110:12 10101010101010101111:10 10101010101010110000:5 10101010101010110001:3 10101010101010110010:5 10101010101010110011:2 10101010101010110100:4 10101010101010110101:3 10101010101010110110:1 10101010101010110111:1 10101010101010111000:2 10101010101010111011:1 10101010101010111100:1 10101010101011000001:1 10101010101011001001:1 10101010101011001010:1 10101010101011001011:1 10101010101011001110:1 10101010101011100111:1 11010101010010001010:1 11010101010010101011:1 11010101010011001110:1 11010101010100001010:1 11010101010100001011:1 11010101010100010001:1 11010101010100100010:1 11010101010100100111:1 11010101010100101011:1 11010101010100110111:1 11010101010100111001:1 11010101010101000000:2 11010101010101000010:1 11010101010101000100:1 11010101010101000101:2 11010101010101000111:2 11010101010101001000:1 11010101010101001011:2 11010101010101001100:2 11010101010101001101:7 11010101010101001110:3 11010101010101001111:5 11010101010101010000:6 11010101010101010001:11 11010101010101010010:17 11010101010101010011:27 11010101010101010100:116 11010101010101010101:1721 11010101010101010110:436 11010101010101010111:62 11010101010101011000:36 11010101010101011001:14 11010101010101011010:8 11010101010101011011:5 11010101010101011100:1 11010101010101011101:1 11010101010101011110:4 11010101010101011111:2 11010101010101100001:2 11010101010101100011:1 11010101010101100101:2 11010101010101100110:1 11010101010101100111:3 11010101010110010100:1 11010101010110010111:1 11010101010110011001:1 11010101010111000100:1 11010101011010100100:1 11010101100111111100:1 }

A100
	Command being timed: "python3 shor.py 20"
	User time (seconds): 7072.19
	System time (seconds): 59.41
	Percent of CPU this job got: 99%
	Elapsed (wall clock) time (h:mm:ss or m:ss): 1:59:13
	Average shared text size (kbytes): 0
	Average unshared data size (kbytes): 0
	Average stack size (kbytes): 0
	Average total size (kbytes): 0
	Maximum resident set size (kbytes): 19606780
	Average resident set size (kbytes): 0
	Major (requiring I/O) page faults: 0
	Minor (reclaiming a frame) page faults: 109457380
	Voluntary context switches: 78148
	Involuntary context switches: 96564
	Swaps: 0
	File system inputs: 0
	File system outputs: 24
	Socket messages sent: 0
	Socket messages received: 0
	Signals delivered: 0
	Page size (bytes): 4096
	Exit status: 0
Measurement results for a=5 and N=21 with 20 qubits in the control register 
{ 00000000000000000000:2423 00101010001111011000:1 00101010101001010101:1 00101010101001111101:1 00101010101010000100:1 00101010101010000110:1 00101010101010001010:1 00101010101010001100:1 00101010101010010011:1 00101010101010010111:1 00101010101010011100:1 00101010101010011101:2 00101010101010011110:4 00101010101010011111:3 00101010101010100000:2 00101010101010100001:1 00101010101010100010:2 00101010101010100011:3 00101010101010100100:1 00101010101010100101:6 00101010101010100110:7 00101010101010100111:24 00101010101010101000:30 00101010101010101001:83 00101010101010101010:431 00101010101010101011:1750 00101010101010101100:108 00101010101010101101:33 00101010101010101110:11 00101010101010101111:14 00101010101010110000:4 00101010101010110001:3 00101010101010110010:3 00101010101010110011:2 00101010101010110100:9 00101010101010110101:2 00101010101010110110:4 00101010101010111000:3 00101010101010111011:1 00101010101010111110:1 00101010101010111111:2 00101010101011000011:2 00101010101011000100:1 00101010101011001010:1 00101010101011010111:1 00101010101100010000:1 00101010101101000000:1 01010101010001101001:1 01010101010010110000:1 01010101010011000001:1 01010101010100101000:1 01010101010100101110:1 01010101010100101111:1 01010101010100110011:1 01010101010100111000:1 01010101010100111011:1 01010101010100111101:2 01010101010101000000:1 01010101010101000001:2 01010101010101000011:1 01010101010101000101:1 01010101010101000111:3 01010101010101001000:2 01010101010101001001:1 01010101010101001010:1 01010101010101001011:2 01010101010101001100:4 01010101010101001101:1 01010101010101001110:4 01010101010101001111:7 01010101010101010000:10 01010101010101010001:10 01010101010101010010:16 01010101010101010011:32 01010101010101010100:104 01010101010101010101:1696 01010101010101010110:411 01010101010101010111:75 01010101010101011000:20 01010101010101011001:15 01010101010101011010:7 01010101010101011011:4 01010101010101011100:4 01010101010101011101:5 01010101010101011110:2 01010101010101100000:1 01010101010101100001:1 01010101010101100010:4 01010101010101100011:1 01010101010101100100:1 01010101010101101000:2 01010101010101101011:1 01010101010101110010:1 01010101010101110011:1 01010101010110000001:1 01010101010110001111:1 01010101010110010010:1 01010101010111011000:1 10000000000000000000:2516 10101000011001000000:1 10101010100011001010:1 10101010101000011100:1 10101010101001100011:1 10101010101001111000:1 10101010101010001000:1 10101010101010001110:1 10101010101010010100:1 10101010101010010111:1 10101010101010011010:1 10101010101010011011:1 10101010101010011100:1 10101010101010011101:1 10101010101010011111:3 10101010101010100000:2 10101010101010100001:2 10101010101010100010:3 10101010101010100011:5 10101010101010100100:5 10101010101010100101:5 10101010101010100110:9 10101010101010100111:18 10101010101010101000:23 10101010101010101001:71 10101010101010101010:404 10101010101010101011:1710 10101010101010101100:107 10101010101010101101:34 10101010101010101110:16 10101010101010101111:6 10101010101010110000:4 10101010101010110001:5 10101010101010110010:4 10101010101010110011:2 10101010101010110101:3 10101010101010110110:2 10101010101010110111:3 10101010101010111001:1 10101010101010111010:2 10101010101010111011:2 10101010101010111100:1 10101010101010111101:1 10101010101010111110:2 10101010101011000000:1 10101010101011000001:1 10101010101011000010:1 10101010101011000110:1 10101010101011000111:1 10101010101011001000:1 10101010101011001011:1 10101010101011011000:1 10101010101011101000:1 10101010101100000001:1 10101010101100000011:1 10101010110001001111:1 11010101001111010001:1 11010101001111011100:1 11010101010000000101:1 11010101010011000011:1 11010101010011101011:1 11010101010100001010:1 11010101010100100101:1 11010101010100110011:1 11010101010100110101:1 11010101010100110111:1 11010101010100111001:1 11010101010100111011:2 11010101010100111100:1 11010101010100111111:1 11010101010101000001:2 11010101010101000010:3 11010101010101000110:1 11010101010101001001:1 11010101010101001010:1 11010101010101001011:1 11010101010101001101:2 11010101010101001110:4 11010101010101001111:3 11010101010101010000:4 11010101010101010001:7 11010101010101010010:12 11010101010101010011:40 11010101010101010100:118 11010101010101010101:1743 11010101010101010110:441 11010101010101010111:65 11010101010101011000:25 11010101010101011001:9 11010101010101011010:10 11010101010101011011:5 11010101010101011100:8 11010101010101011101:2 11010101010101011111:2 11010101010101100000:3 11010101010101100010:1 11010101010101100011:2 11010101010101100100:2 11010101010101100101:1 11010101010101101100:1 11010101010101101110:2 11010101010101110001:1 11010101010101110011:1 11010101010110000101:1 11010101010110011100:2 11010101010110011110:1 11010101010111000001:1 11010101011010001011:1 11010101011011000001:1 11010101110001011110:1 }

A100
	Command being timed: "python3 shor.py 20"
	User time (seconds): 6941.19
	System time (seconds): 51.58
	Percent of CPU this job got: 99%
	Elapsed (wall clock) time (h:mm:ss or m:ss): 1:56:51
	Average shared text size (kbytes): 0
	Average unshared data size (kbytes): 0
	Average stack size (kbytes): 0
	Average total size (kbytes): 0
	Maximum resident set size (kbytes): 19607756
	Average resident set size (kbytes): 0
	Major (requiring I/O) page faults: 0
	Minor (reclaiming a frame) page faults: 97300875
	Voluntary context switches: 77591
	Involuntary context switches: 93339
	Swaps: 0
	File system inputs: 0
	File system outputs: 24
	Socket messages sent: 0
	Socket messages received: 0
	Signals delivered: 0
	Page size (bytes): 4096
	Exit status: 0
Measurement results for a=5 and N=21 with 20 qubits in the control register 
{ 00000000000000000000:2439 00100111101000000001:1 00101010101000110010:1 00101010101001011001:1 00101010101010000100:2 00101010101010001000:1 00101010101010001100:1 00101010101010010001:1 00101010101010010010:1 00101010101010010101:1 00101010101010010110:1 00101010101010010111:1 00101010101010011010:1 00101010101010011100:4 00101010101010011101:3 00101010101010011110:1 00101010101010011111:1 00101010101010100000:2 00101010101010100001:2 00101010101010100011:2 00101010101010100100:3 00101010101010100101:11 00101010101010100110:10 00101010101010100111:10 00101010101010101000:20 00101010101010101001:69 00101010101010101010:412 00101010101010101011:1695 00101010101010101100:112 00101010101010101101:31 00101010101010101110:21 00101010101010101111:8 00101010101010110000:9 00101010101010110001:4 00101010101010110010:3 00101010101010110011:5 00101010101010110100:1 00101010101010110101:4 00101010101010110110:1 00101010101010110111:3 00101010101010111000:2 00101010101010111010:1 00101010101010111100:1 00101010101011000110:1 00101010101011001011:1 00101010101011001100:1 00101010101011001101:1 00101010101011110001:1 00101010101100000110:1 00101010101100011011:1 00101010101100011100:1 00101010101101000100:1 01010101010100010011:1 01010101010100101110:1 01010101010100111101:2 01010101010100111111:1 01010101010101000001:2 01010101010101000010:1 01010101010101000100:1 01010101010101000101:3 01010101010101000110:1 01010101010101001000:1 01010101010101001001:1 01010101010101001011:1 01010101010101001100:4 01010101010101001101:1 01010101010101001110:1 01010101010101001111:5 01010101010101010000:6 01010101010101010001:10 01010101010101010010:24 01010101010101010011:48 01010101010101010100:121 01010101010101010101:1755 01010101010101010110:427 01010101010101010111:54 01010101010101011000:26 01010101010101011001:14 01010101010101011010:5 01010101010101011011:2 01010101010101011100:4 01010101010101011101:3 01010101010101011110:1 01010101010101011111:1 01010101010101100000:2 01010101010101100001:1 01010101010101100011:1 01010101010101100101:1 01010101010101100110:2 01010101010101100111:1 01010101010101101000:3 01010101010101110000:2 01010101010101110011:2 01010101010101110100:1 01010101010101110110:1 01010101010110000001:1 01010101010110010101:1 01010101010110101001:1 01010101011000111100:1 01010101011100001111:1 10000000000000000000:2468 10101010101000101001:1 10101010101001000111:1 10101010101001100001:1 10101010101001110010:1 10101010101010001101:1 10101010101010010001:1 10101010101010010011:1 10101010101010010101:1 10101010101010011000:1 10101010101010011001:1 10101010101010011010:2 10101010101010011011:2 10101010101010011100:1 10101010101010011110:2 10101010101010011111:2 10101010101010100000:4 10101010101010100001:1 10101010101010100010:5 10101010101010100011:3 10101010101010100100:4 10101010101010100101:5 10101010101010100110:5 10101010101010100111:20 10101010101010101000:27 10101010101010101001:57 10101010101010101010:438 10101010101010101011:1743 10101010101010101100:109 10101010101010101101:46 10101010101010101110:16 10101010101010101111:4 10101010101010110000:5 10101010101010110001:5 10101010101010110010:7 10101010101010110011:5 10101010101010110100:4 10101010101010110101:2 10101010101010110111:2 10101010101010111001:2 10101010101010111010:1 10101010101010111111:1 10101010101011000000:2 10101010101011000001:1 10101010101101001010:1 10101010101101011001:1 10101010110100110010:1 11010101001011110111:1 11010101001110111011:1 11010101010001000011:1 11010101010100011111:1 11010101010100100101:1 11010101010100101100:1 11010101010100111000:1 11010101010100111101:1 11010101010100111111:2 11010101010101000000:1 11010101010101000001:1 11010101010101000111:1 11010101010101001000:1 11010101010101001011:3 11010101010101001100:3 11010101010101001101:2 11010101010101001110:3 11010101010101001111:4 11010101010101010000:7 11010101010101010001:8 11010101010101010010:17 11010101010101010011:39 11010101010101010100:120 11010101010101010101:1733 11010101010101010110:430 11010101010101010111:61 11010101010101011000:31 11010101010101011001:13 11010101010101011010:8 11010101010101011011:2 11010101010101011100:8 11010101010101011101:1 11010101010101011110:2 11010101010101011111:1 11010101010101100000:1 11010101010101100001:1 11010101010101100010:4 11010101010101110111:1 11010101010101111101:1 11010101010110011111:1 11010101010110100111:1 11010101010111111101:1 11010101011000110010:1 11010101011001001101:1 11010101011001111010:1 }

A100
	Command being timed: "python3 shor.py 20"
	User time (seconds): 6919.37
	System time (seconds): 48.57
	Percent of CPU this job got: 99%
	Elapsed (wall clock) time (h:mm:ss or m:ss): 1:56:27
	Average shared text size (kbytes): 0
	Average unshared data size (kbytes): 0
	Average stack size (kbytes): 0
	Average total size (kbytes): 0
	Maximum resident set size (kbytes): 19607284
	Average resident set size (kbytes): 0
	Major (requiring I/O) page faults: 0
	Minor (reclaiming a frame) page faults: 92222809
	Voluntary context switches: 77192
	Involuntary context switches: 92839
	Swaps: 0
	File system inputs: 0
	File system outputs: 24
	Socket messages sent: 0
	Socket messages received: 0
	Signals delivered: 0
	Page size (bytes): 4096
	Exit status: 0
Measurement results for a=5 and N=21 with 20 qubits in the control register 
{ 00000000000000000000:2473 00101010101001001001:1 00101010101001010001:1 00101010101001110011:1 00101010101010010100:1 00101010101010011010:2 00101010101010011011:3 00101010101010011110:1 00101010101010011111:1 00101010101010100000:3 00101010101010100010:5 00101010101010100011:4 00101010101010100100:2 00101010101010100101:5 00101010101010100110:6 00101010101010100111:9 00101010101010101000:33 00101010101010101001:80 00101010101010101010:441 00101010101010101011:1700 00101010101010101100:115 00101010101010101101:35 00101010101010101110:15 00101010101010101111:5 00101010101010110000:8 00101010101010110001:7 00101010101010110010:4 00101010101010110011:4 00101010101010110100:1 00101010101010110110:1 00101010101010111001:1 00101010101010111010:2 00101010101010111011:3 00101010101010111100:1 00101010101010111111:1 00101010101011000000:1 00101010101011000001:2 00101010101011000100:1 00101010101011001110:1 00101010101011010000:1 00101010101011011110:1 00101010101011100001:1 00101010101011101010:1 00101010101100010000:1 00101010101100010100:1 00101010101101010000:1 00101010101110011010:1 01001110100100110110:1 01010101000000011001:1 01010101010000111110:1 01010101010011111011:1 01010101010100110011:1 01010101010101000001:1 01010101010101000100:1 01010101010101000101:2 01010101010101001000:1 01010101010101001011:1 01010101010101001100:2 01010101010101001110:2 01010101010101001111:5 01010101010101010000:5 01010101010101010001:12 01010101010101010010:17 01010101010101010011:30 01010101010101010100:98 01010101010101010101:1639 01010101010101010110:409 01010101010101010111:82 01010101010101011000:31 01010101010101011001:10 01010101010101011010:9 01010101010101011011:10 01010101010101011100:7 01010101010101011101:4 01010101010101011110:1 01010101010101011111:7 01010101010101100000:2 01010101010101100011:1 01010101010101101000:2 01010101010101101100:1 01010101010101101101:1 01010101010101101110:1 01010101010101101111:1 01010101010101110011:1 01010101010101111111:1 01010101010110000000:1 01010101010110000011:1 01010101010110000101:2 01010101010110100100:1 01010101010111111011:1 10000000000000000000:2584 10101010101010001011:1 10101010101010001111:2 10101010101010010100:1 10101010101010011001:1 10101010101010011010:1 10101010101010011100:1 10101010101010011101:2 10101010101010011110:1 10101010101010100000:2 10101010101010100001:1 10101010101010100010:3 10101010101010100011:4 10101010101010100100:4 10101010101010100101:5 10101010101010100110:8 10101010101010100111:12 10101010101010101000:31 10101010101010101001:69 10101010101010101010:413 10101010101010101011:1769 10101010101010101100:111 10101010101010101101:34 10101010101010101110:12 10101010101010101111:12 10101010101010110000:5 10101010101010110001:1 10101010101010110010:3 10101010101010110011:5 10101010101010110100:1 10101010101010110110:1 10101010101010110111:1 10101010101010111000:3 10101010101010111001:1 10101010101010111011:1 10101010101010111100:2 10101010101011000110:1 10101010101011110101:1 10101010101100011000:1 10101010101110000110:1 10101010110001011110:1 11010101001111101011:1 11010101010001011101:1 11010101010011001101:1 11010101010100110110:1 11010101010100111111:1 11010101010101000011:2 11010101010101000101:1 11010101010101000110:2 11010101010101001000:2 11010101010101001001:2 11010101010101001010:1 11010101010101001011:1 11010101010101001100:3 11010101010101001101:3 11010101010101001110:2 11010101010101001111:9 11010101010101010000:3 11010101010101010001:6 11010101010101010010:19 11010101010101010011:44 11010101010101010100:122 11010101010101010101:1656 11010101010101010110:456 11010101010101010111:55 11010101010101011000:35 11010101010101011001:14 11010101010101011010:14 11010101010101011011:3 11010101010101011100:4 11010101010101011101:3 11010101010101011110:2 11010101010101011111:2 11010101010101100000:3 11010101010101100001:2 11010101010101100010:1 11010101010101100011:2 11010101010101100100:2 11010101010101100110:1 11010101010101101010:2 11010101010101101011:1 11010101010101101101:1 11010101010101110100:1 11010101010101110101:1 11010101010110100000:1 11010101010110110111:1 11010101010111010001:1 }

A100
	Command being timed: "python3 shor.py 20"
	User time (seconds): 6913.57
	System time (seconds): 53.28
	Percent of CPU this job got: 99%
	Elapsed (wall clock) time (h:mm:ss or m:ss): 1:56:25
	Average shared text size (kbytes): 0
	Average unshared data size (kbytes): 0
	Average stack size (kbytes): 0
	Average total size (kbytes): 0
	Maximum resident set size (kbytes): 19608140
	Average resident set size (kbytes): 0
	Major (requiring I/O) page faults: 0
	Minor (reclaiming a frame) page faults: 99737287
	Voluntary context switches: 73321
	Involuntary context switches: 92735
	Swaps: 0
	File system inputs: 0
	File system outputs: 24
	Socket messages sent: 0
	Socket messages received: 0
	Signals delivered: 0
	Page size (bytes): 4096
	Exit status: 0
Measurement results for a=5 and N=21 with 20 qubits in the control register 
{ 00000000000000000000:2458 00101010100000111011:1 00101010100101100101:1 00101010101000101010:1 00101010101000110010:1 00101010101001001000:1 00101010101001110011:1 00101010101010001110:1 00101010101010010001:2 00101010101010010110:1 00101010101010011100:3 00101010101010011111:1 00101010101010100000:3 00101010101010100001:4 00101010101010100010:2 00101010101010100011:3 00101010101010100100:5 00101010101010100101:4 00101010101010100110:17 00101010101010100111:16 00101010101010101000:19 00101010101010101001:74 00101010101010101010:405 00101010101010101011:1663 00101010101010101100:105 00101010101010101101:33 00101010101010101110:12 00101010101010101111:6 00101010101010110000:5 00101010101010110001:5 00101010101010110010:2 00101010101010110100:3 00101010101010110101:2 00101010101010110110:1 00101010101010110111:1 00101010101010111010:1 00101010101010111011:2 00101010101010111101:1 00101010101011000000:1 00101010101011000001:1 00101010101011000101:1 00101010101011001010:1 00101010101011010001:1 00101010101011110000:1 00101010101011110101:1 00101010101100010010:1 01010101001110011001:1 01010101010011010100:1 01010101010100010110:1 01010101010100011111:1 01010101010100101101:1 01010101010100110110:1 01010101010100111010:1 01010101010100111101:2 01010101010101000001:2 01010101010101000011:1 01010101010101000100:1 01010101010101000101:1 01010101010101000110:2 01010101010101000111:3 01010101010101001000:1 01010101010101001010:2 01010101010101001100:2 01010101010101001101:5 01010101010101001110:4 01010101010101001111:1 01010101010101010000:6 01010101010101010001:8 01010101010101010010:18 01010101010101010011:38 01010101010101010100:117 01010101010101010101:1708 01010101010101010110:417 01010101010101010111:81 01010101010101011000:33 01010101010101011001:13 01010101010101011010:5 01010101010101011011:7 01010101010101011100:2 01010101010101011101:7 01010101010101100001:1 01010101010101100010:2 01010101010101100011:2 01010101010101101100:1 01010101010101110001:1 01010101010111000111:1 01010101011100101011:1 10000000000000000000:2499 10101010100111000000:1 10101010101000001011:1 10101010101001000010:1 10101010101001100110:1 10101010101001110010:1 10101010101010000110:1 10101010101010001110:1 10101010101010010010:1 10101010101010010101:1 10101010101010011000:2 10101010101010011001:1 10101010101010011011:1 10101010101010011100:1 10101010101010011101:1 10101010101010011111:1 10101010101010100000:2 10101010101010100010:1 10101010101010100011:2 10101010101010100100:3 10101010101010100101:5 10101010101010100110:11 10101010101010100111:10 10101010101010101000:23 10101010101010101001:72 10101010101010101010:433 10101010101010101011:1758 10101010101010101100:125 10101010101010101101:42 10101010101010101110:19 10101010101010101111:6 10101010101010110000:9 10101010101010110001:2 10101010101010110010:1 10101010101010110011:4 10101010101010110100:1 10101010101010110110:2 10101010101010110111:4 10101010101010111000:1 10101010101010111010:1 10101010101010111011:1 10101010101010111101:3 10101010101010111110:2 10101010101010111111:2 10101010101011000000:1 10101010101011000001:3 10101010101011000010:1 10101010101011001000:2 10101010101011001001:1 10101010101011001111:1 10101010101011100110:1 10101010101011111011:1 10101010101101000001:1 11010101010011000101:1 11010101010011000110:1 11010101010100000000:1 11010101010100010010:1 11010101010100010111:1 11010101010100100101:1 11010101010100110011:1 11010101010100110110:1 11010101010100111000:1 11010101010100111101:1 11010101010101000011:2 11010101010101000100:3 11010101010101001000:1 11010101010101001001:3 11010101010101001010:2 11010101010101001011:2 11010101010101001100:4 11010101010101001101:2 11010101010101001110:4 11010101010101001111:5 11010101010101010000:4 11010101010101010001:9 11010101010101010010:20 11010101010101010011:25 11010101010101010100:102 11010101010101010101:1775 11010101010101010110:437 11010101010101010111:59 11010101010101011000:23 11010101010101011001:15 11010101010101011010:11 11010101010101011011:5 11010101010101011100:4 11010101010101011101:2 11010101010101011110:1 11010101010101011111:4 11010101010101100000:2 11010101010101100001:2 11010101010101100010:2 11010101010101100100:1 11010101010101100110:1 11010101010101100111:2 11010101010101101000:1 11010101010101101001:1 11010101010101101010:1 11010101010101101011:1 11010101010101110010:1 11010101010110000001:1 11010101010111010001:1 }

A100
	Command being timed: "python3 shor.py 20"
	User time (seconds): 6948.31
	System time (seconds): 52.31
	Percent of CPU this job got: 99%
	Elapsed (wall clock) time (h:mm:ss or m:ss): 1:56:58
	Average shared text size (kbytes): 0
	Average unshared data size (kbytes): 0
	Average stack size (kbytes): 0
	Average total size (kbytes): 0
	Maximum resident set size (kbytes): 19608772
	Average resident set size (kbytes): 0
	Major (requiring I/O) page faults: 0
	Minor (reclaiming a frame) page faults: 99765104
	Voluntary context switches: 77817
	Involuntary context switches: 93054
	Swaps: 0
	File system inputs: 0
	File system outputs: 24
	Socket messages sent: 0
	Socket messages received: 0
	Signals delivered: 0
	Page size (bytes): 4096
	Exit status: 0
Measurement results for a=5 and N=21 with 20 qubits in the control register 
{ 00000000000000000000:2479 00101001110100101000:1 00101010011111100001:1 00101010100111101101:1 00101010101001100000:1 00101010101010001010:1 00101010101010010010:2 00101010101010010011:1 00101010101010011000:1 00101010101010011001:1 00101010101010011011:1 00101010101010011101:3 00101010101010011110:2 00101010101010011111:2 00101010101010100010:3 00101010101010100101:6 00101010101010100110:9 00101010101010100111:15 00101010101010101000:17 00101010101010101001:62 00101010101010101010:396 00101010101010101011:1735 00101010101010101100:118 00101010101010101101:35 00101010101010101110:12 00101010101010101111:9 00101010101010110000:2 00101010101010110001:11 00101010101010110010:1 00101010101010110100:3 00101010101010110101:3 00101010101010110111:2 00101010101010111000:1 00101010101010111011:2 00101010101010111100:2 00101010101010111101:1 00101010101011000010:1 00101010101011000011:1 00101010101011000100:1 00101010101011001000:2 00101010101011001110:1 00101010101011011000:1 00101010101011101010:1 00101010101011101110:1 00101010101011111010:1 00101010101100111010:1 00101010101110100001:1 01010101010100001001:1 01010101010100011011:1 01010101010100101011:1 01010101010101000011:1 01010101010101000110:2 01010101010101000111:1 01010101010101001000:2 01010101010101001010:1 01010101010101001011:1 01010101010101001100:3 01010101010101001101:2 01010101010101001110:5 01010101010101001111:5 01010101010101010000:10 01010101010101010001:9 01010101010101010010:24 01010101010101010011:39 01010101010101010100:102 01010101010101010101:1709 01010101010101010110:416 01010101010101010111:76 01010101010101011000:29 01010101010101011001:19 01010101010101011010:7 01010101010101011011:5 01010101010101011100:2 01010101010101011101:6 01010101010101011110:2 01010101010101011111:2 01010101010101100100:1 01010101010101100101:2 01010101010101100110:2 01010101010101100111:1 01010101010101101111:1 01010101010101110011:1 01010101010110000010:1 01010101010110000111:1 01010101010110001001:1 01010101010110100101:1 01010101010110111000:1 01010101011110110010:1 01010110011001110011:1 10000000000000000000:2448 10101001100001111010:1 10101010101000100010:1 10101010101000111011:1 10101010101001011001:1 10101010101001110010:1 10101010101001110101:1 10101010101001111101:1 10101010101001111111:1 10101010101010000111:1 10101010101010010000:1 10101010101010010101:1 10101010101010010110:2 10101010101010011001:1 10101010101010011010:1 10101010101010011100:1 10101010101010011101:3 10101010101010011110:2 10101010101010011111:1 10101010101010100001:2 10101010101010100010:2 10101010101010100011:5 10101010101010100100:1 10101010101010100101:5 10101010101010100110:3 10101010101010100111:19 10101010101010101000:36 10101010101010101001:81 10101010101010101010:422 10101010101010101011:1754 10101010101010101100:83 10101010101010101101:38 10101010101010101110:15 10101010101010101111:14 10101010101010110000:3 10101010101010110001:3 10101010101010110010:4 10101010101010110011:2 10101010101010110100:1 10101010101010110101:1 10101010101010110111:2 10101010101010111000:1 10101010101010111001:2 10101010101010111010:1 10101010101010111100:1 10101010101011000000:1 10101010101011000001:1 10101010101011001100:1 10101010101011010000:1 10101010101011011001:1 10101010101011101000:1 10101010101011101010:1 10101010101011111110:1 10101010101100100011:1 10101010101110001100:1 10101010110000011110:1 10101010110010100000:1 11010101001010111001:1 11010101001111100011:1 11010101010011100011:1 11010101010100101010:1 11010101010100101110:1 11010101010100110000:1 11010101010100110001:1 11010101010100111000:1 11010101010100111101:2 11010101010100111110:1 11010101010100111111:1 11010101010101000000:1 11010101010101000011:1 11010101010101000100:2 11010101010101000101:2 11010101010101001000:1 11010101010101001001:2 11010101010101001010:1 11010101010101001101:3 11010101010101001110:1 11010101010101001111:4 11010101010101010000:9 11010101010101010001:12 11010101010101010010:15 11010101010101010011:36 11010101010101010100:118 11010101010101010101:1748 11010101010101010110:456 11010101010101010111:57 11010101010101011000:25 11010101010101011001:9 11010101010101011010:9 11010101010101011011:4 11010101010101011100:5 11010101010101011101:6 11010101010101011110:5 11010101010101011111:1 11010101010101100000:1 11010101010101100001:3 11010101010101100010:2 11010101010101100011:2 11010101010101100100:1 11010101010101100110:1 11010101010101101101:1 11010101010101101111:1 11010101010101111001:1 11010101010110000011:1 11010101010110010100:1 11010101010110010101:1 11010101010110101111:1 11010101010110110011:1 11010101011111011001:1 11010110011010101010:1 }

A100
	Command being timed: "python3 shor.py 20"
	User time (seconds): 6949.78
	System time (seconds): 48.53
	Percent of CPU this job got: 99%
	Elapsed (wall clock) time (h:mm:ss or m:ss): 1:56:56
	Average shared text size (kbytes): 0
	Average unshared data size (kbytes): 0
	Average stack size (kbytes): 0
	Average total size (kbytes): 0
	Maximum resident set size (kbytes): 19598440
	Average resident set size (kbytes): 0
	Major (requiring I/O) page faults: 0
	Minor (reclaiming a frame) page faults: 91808238
	Voluntary context switches: 77446
	Involuntary context switches: 93049
	Swaps: 0
	File system inputs: 0
	File system outputs: 24
	Socket messages sent: 0
	Socket messages received: 0
	Signals delivered: 0
	Page size (bytes): 4096
	Exit status: 0
Measurement results for a=5 and N=21 with 20 qubits in the control register 
{ 00000000000000000000:2482 00101010101000111011:1 00101010101001010011:1 00101010101001100001:1 00101010101001110000:1 00101010101010001100:1 00101010101010010010:1 00101010101010010011:2 00101010101010010101:1 00101010101010011010:1 00101010101010011101:2 00101010101010011111:1 00101010101010100000:1 00101010101010100001:6 00101010101010100010:4 00101010101010100011:3 00101010101010100100:6 00101010101010100101:6 00101010101010100110:6 00101010101010100111:16 00101010101010101000:24 00101010101010101001:72 00101010101010101010:395 00101010101010101011:1722 00101010101010101100:109 00101010101010101101:47 00101010101010101110:21 00101010101010101111:11 00101010101010110000:7 00101010101010110001:2 00101010101010110010:4 00101010101010110011:6 00101010101010110100:3 00101010101010110101:1 00101010101010110110:1 00101010101010110111:2 00101010101010111000:2 00101010101010111001:1 00101010101010111111:1 00101010101011001001:1 00101010101011001010:1 00101010101011001111:1 00101010101011010000:1 00101010101011100011:1 00101010101011111100:1 00101010101100111011:1 01010101000100100000:1 01010101001101100011:1 01010101001110111000:1 01010101010011001100:1 01010101010100001111:1 01010101010100010110:1 01010101010100100000:1 01010101010100101100:1 01010101010100101110:1 01010101010100110011:1 01010101010100110111:1 01010101010100111001:3 01010101010100111011:1 01010101010100111101:1 01010101010100111110:1 01010101010101000000:2 01010101010101000001:3 01010101010101000101:1 01010101010101000110:1 01010101010101000111:1 01010101010101001000:1 01010101010101001001:2 01010101010101001100:4 01010101010101001101:3 01010101010101001110:4 01010101010101001111:4 01010101010101010000:6 01010101010101010001:15 01010101010101010010:22 01010101010101010011:39 01010101010101010100:100 01010101010101010101:1678 01010101010101010110:436 01010101010101010111:73 01010101010101011000:30 01010101010101011001:12 01010101010101011010:7 01010101010101011011:3 01010101010101011100:5 01010101010101011101:1 01010101010101011110:2 01010101010101011111:3 01010101010101100000:1 01010101010101100001:2 01010101010101100010:2 01010101010101100011:1 01010101010101100101:1 01010101010101100110:1 01010101010101100111:1 01010101010101101000:1 01010101010101110100:1 01010101010101111010:1 01010101010101111101:2 01010101010110000100:1 01010101010110001001:1 01010101010110101111:1 01010101011001101001:1 10000000000000000000:2471 10101010101000000111:1 10101010101001011110:1 10101010101010000110:1 10101010101010001001:1 10101010101010001010:2 10101010101010011010:1 10101010101010011100:1 10101010101010011101:5 10101010101010011110:4 10101010101010100001:1 10101010101010100011:8 10101010101010100100:4 10101010101010100101:10 10101010101010100110:9 10101010101010100111:7 10101010101010101000:27 10101010101010101001:70 10101010101010101010:420 10101010101010101011:1740 10101010101010101100:101 10101010101010101101:33 10101010101010101110:18 10101010101010101111:14 10101010101010110000:6 10101010101010110001:5 10101010101010110010:3 10101010101010110011:3 10101010101010110100:5 10101010101010110110:3 10101010101010110111:2 10101010101010111011:2 10101010101010111101:1 10101010101011000000:1 10101010101011000011:1 10101010101011001000:1 10101010101011001010:1 10101010101011001100:2 10101010101011010100:1 10101010101011010110:1 10101010101011011001:1 10101010101011011110:1 10101010101011100001:1 10101010101011111010:1 10101010101011111101:1 10101010101101111110:1 11010101010011011110:1 11010101010100010001:1 11010101010100011110:1 11010101010100101100:1 11010101010100110000:1 11010101010100110100:1 11010101010100110101:1 11010101010100110111:2 11010101010100111000:1 11010101010100111001:1 11010101010100111010:1 11010101010100111100:1 11010101010100111101:2 11010101010101000101:3 11010101010101000111:2 11010101010101001010:3 11010101010101001011:1 11010101010101001100:4 11010101010101001101:5 11010101010101001110:5 11010101010101001111:2 11010101010101010000:6 11010101010101010001:10 11010101010101010010:24 11010101010101010011:47 11010101010101010100:110 11010101010101010101:1705 11010101010101010110:430 11010101010101010111:80 11010101010101011000:24 11010101010101011001:15 11010101010101011010:12 11010101010101011011:6 11010101010101011100:2 11010101010101011101:4 11010101010101011111:2 11010101010101100000:3 11010101010101100001:1 11010101010101100010:1 11010101010101100100:1 11010101010101101011:2 11010101010101101101:1 11010101010101110011:1 11010101010110010100:1 11010101010110011110:1 11010101010111000011:1 11010101010111100100:1 11010101011010011110:1 }

A100
	Command being timed: "python3 shor.py 20"
	User time (seconds): 6956.24
	System time (seconds): 49.61
	Percent of CPU this job got: 99%
	Elapsed (wall clock) time (h:mm:ss or m:ss): 1:57:04
	Average shared text size (kbytes): 0
	Average unshared data size (kbytes): 0
	Average stack size (kbytes): 0
	Average total size (kbytes): 0
	Maximum resident set size (kbytes): 19605968
	Average resident set size (kbytes): 0
	Major (requiring I/O) page faults: 0
	Minor (reclaiming a frame) page faults: 94035575
	Voluntary context switches: 77589
	Involuntary context switches: 93184
	Swaps: 0
	File system inputs: 0
	File system outputs: 24
	Socket messages sent: 0
	Socket messages received: 0
	Signals delivered: 0
	Page size (bytes): 4096
	Exit status: 0
Measurement results for a=5 and N=21 with 20 qubits in the control register 
{ 00000000000000000000:2582 00101010100111000101:1 00101010101000100110:1 00101010101010001101:1 00101010101010001111:1 00101010101010010010:1 00101010101010010011:1 00101010101010011000:2 00101010101010011011:1 00101010101010011100:3 00101010101010011101:1 00101010101010011110:1 00101010101010011111:1 00101010101010100000:1 00101010101010100001:2 00101010101010100010:1 00101010101010100011:3 00101010101010100100:3 00101010101010100101:6 00101010101010100110:7 00101010101010100111:7 00101010101010101000:27 00101010101010101001:66 00101010101010101010:447 00101010101010101011:1740 00101010101010101100:109 00101010101010101101:32 00101010101010101110:24 00101010101010101111:11 00101010101010110000:7 00101010101010110001:3 00101010101010110010:1 00101010101010110011:5 00101010101010110100:2 00101010101010110101:1 00101010101010110110:1 00101010101010110111:5 00101010101010111010:1 00101010101010111011:1 00101010101010111100:1 00101010101010111101:1 00101010101011000000:1 00101010101011000110:1 00101010101011001011:2 00101010101011001110:1 00101010101011010111:1 00101010101011011111:1 00101010101100000101:1 01010101010100100100:1 01010101010100100111:1 01010101010100101101:1 01010101010100101111:1 01010101010100110011:1 01010101010100110111:1 01010101010100111000:1 01010101010100111001:1 01010101010101000101:3 01010101010101000110:1 01010101010101000111:1 01010101010101001000:1 01010101010101001010:3 01010101010101001011:2 01010101010101001100:3 01010101010101001101:1 01010101010101001110:3 01010101010101001111:4 01010101010101010000:5 01010101010101010001:10 01010101010101010010:16 01010101010101010011:28 01010101010101010100:97 01010101010101010101:1670 01010101010101010110:441 01010101010101010111:87 01010101010101011000:24 01010101010101011001:16 01010101010101011010:10 01010101010101011011:4 01010101010101011100:6 01010101010101011101:3 01010101010101011110:3 01010101010101011111:1 01010101010101100000:2 01010101010101100001:2 01010101010101100010:1 01010101010101100011:1 01010101010101100101:1 01010101010101100110:1 01010101010101100111:1 01010101010101101000:1 01010101010101110101:1 01010101010101110110:1 01010101010110011100:1 01010101010111011000:1 10000000000000000000:2473 10101010101001010110:1 10101010101001110101:1 10101010101010000100:1 10101010101010011011:1 10101010101010011100:1 10101010101010011111:1 10101010101010100000:3 10101010101010100001:2 10101010101010100010:2 10101010101010100011:2 10101010101010100100:7 10101010101010100101:8 10101010101010100110:1 10101010101010100111:11 10101010101010101000:37 10101010101010101001:62 10101010101010101010:419 10101010101010101011:1643 10101010101010101100:78 10101010101010101101:40 10101010101010101110:16 10101010101010101111:6 10101010101010110000:10 10101010101010110001:5 10101010101010110010:3 10101010101010110011:4 10101010101010110101:5 10101010101010110111:1 10101010101010111000:1 10101010101010111001:1 10101010101010111010:1 10101010101010111011:2 10101010101010111100:1 10101010101011000001:2 10101010101011000101:1 10101010101011000111:1 10101010101011001000:1 10101010101011001100:2 10101010101011001101:1 10101010101011010001:1 10101010101011010100:1 10101010101011011000:1 10101010101011011010:1 10101010101011100100:1 10101010101011101010:1 10101010101011111010:1 10101010101100000110:1 10101010101111010011:1 10101010111001101000:1 11010101010011100100:1 11010101010011110000:1 11010101010100010011:1 11010101010100101110:1 11010101010100110010:1 11010101010100110110:1 11010101010100111011:1 11010101010100111100:1 11010101010101000000:1 11010101010101000011:1 11010101010101000100:1 11010101010101000101:2 11010101010101001000:3 11010101010101001001:1 11010101010101001010:1 11010101010101001011:3 11010101010101001100:3 11010101010101001101:6 11010101010101001110:5 11010101010101001111:4 11010101010101010000:4 11010101010101010001:14 11010101010101010010:13 11010101010101010011:30 11010101010101010100:104 11010101010101010101:1765 11010101010101010110:410 11010101010101010111:75 11010101010101011000:31 11010101010101011001:14 11010101010101011010:4 11010101010101011011:7 11010101010101011100:6 11010101010101011110:3 11010101010101011111:2 11010101010101100000:2 11010101010101100001:1 11010101010101100100:1 11010101010101100101:3 11010101010101100110:2 11010101010101101000:1 11010101010101101001:1 11010101010101101011:1 11010101010101101100:2 11010101010101101110:2 11010101010101110000:1 11010101010101110010:1 11010101010101110011:1 11010101010101110101:1 11010101010101111101:1 11010101010110000100:1 11010101010110010011:1 11010101010110100000:1 11010101010110110110:1 11010101010111100011:1 }

A100
	Command being timed: "python3 shor.py 20"
	User time (seconds): 7017.57
	System time (seconds): 48.99
	Percent of CPU this job got: 99%
	Elapsed (wall clock) time (h:mm:ss or m:ss): 1:58:05
	Average shared text size (kbytes): 0
	Average unshared data size (kbytes): 0
	Average stack size (kbytes): 0
	Average total size (kbytes): 0
	Maximum resident set size (kbytes): 19607228
	Average resident set size (kbytes): 0
	Major (requiring I/O) page faults: 0
	Minor (reclaiming a frame) page faults: 93077082
	Voluntary context switches: 78108
	Involuntary context switches: 94156
	Swaps: 0
	File system inputs: 0
	File system outputs: 32
	Socket messages sent: 0
	Socket messages received: 0
	Signals delivered: 0
	Page size (bytes): 4096
	Exit status: 0
