WARNING: overwriting environment variables set in the machine
overwriting variable ['LD_LIBRARY_PATH']
Measurement results for a=5 and N=21 with 18 qubits in the control register 
{ 000000000000000000:2483 001010100100101101:1 001010101001101110:1 001010101001110100:1 001010101001110101:1 001010101010001111:1 001010101010010001:1 001010101010010010:1 001010101010010110:1 001010101010011000:1 001010101010011011:2 001010101010011101:3 001010101010011111:1 001010101010100001:3 001010101010100011:2 001010101010100100:5 001010101010100101:4 001010101010100110:15 001010101010100111:9 001010101010101000:30 001010101010101001:66 001010101010101010:432 001010101010101011:1755 001010101010101100:109 001010101010101101:33 001010101010101110:14 001010101010101111:10 001010101010110000:8 001010101010110001:2 001010101010110010:8 001010101010110011:4 001010101010110100:3 001010101010110101:2 001010101010110110:1 001010101010111110:2 001010101011000100:1 001010101011000111:1 001010101011001000:1 001010101011010111:1 001010101011011100:1 001010101011100111:1 001010101011110101:1 001010101101100100:1 010011101000110001:1 010101010001110111:1 010101010010101010:1 010101010100001100:1 010101010100110100:1 010101010100111010:1 010101010100111011:1 010101010101000100:1 010101010101000101:2 010101010101000110:1 010101010101001001:4 010101010101001011:2 010101010101001100:2 010101010101001101:3 010101010101001110:6 010101010101001111:6 010101010101010000:10 010101010101010001:11 010101010101010010:14 010101010101010011:32 010101010101010100:126 010101010101010101:1649 010101010101010110:409 010101010101010111:65 010101010101011000:30 010101010101011001:24 010101010101011010:8 010101010101011011:8 010101010101011100:6 010101010101011101:3 010101010101011110:2 010101010101011111:4 010101010101100000:2 010101010101100110:1 010101010101100111:1 010101010101101001:3 010101010101101011:1 010101010101110010:1 010101010101110111:1 010101010101111000:1 010101010101111011:1 010101011011010011:1 011000110101001111:1 100000000000000000:2454 101001011011010000:1 101001111011000000:1 101010100001111100:1 101010100110000110:1 101010101010010010:1 101010101010010011:1 101010101010010100:1 101010101010010110:1 101010101010011001:1 101010101010011010:1 101010101010011011:2 101010101010011101:2 101010101010011111:1 101010101010100000:2 101010101010100001:2 101010101010100010:3 101010101010100011:2 101010101010100100:5 101010101010100101:3 101010101010100110:8 101010101010100111:19 101010101010101000:20 101010101010101001:72 101010101010101010:438 101010101010101011:1732 101010101010101100:101 101010101010101101:37 101010101010101110:24 101010101010101111:14 101010101010110000:4 101010101010110001:7 101010101010110010:5 101010101010110011:3 101010101010110100:4 101010101010110101:2 101010101010110110:1 101010101010110111:3 101010101010111000:1 101010101010111001:1 101010101010111100:1 101010101010111101:1 101010101011000000:1 101010101011000001:1 101010101011000010:1 101010101011000111:1 101010101011001000:1 101010101011001101:1 101010101011010011:1 101010101011010100:1 101010101100010110:1 101010101100010111:1 101010101101111101:1 101010101111101010:1 101010110110000100:1 110101010011000110:1 110101010011101110:1 110101010100011100:1 110101010100011110:1 110101010100100101:1 110101010100100111:1 110101010100101010:1 110101010100101100:2 110101010100110100:1 110101010100110101:1 110101010100111100:1 110101010100111101:1 110101010100111110:3 110101010101000010:2 110101010101000011:1 110101010101000111:3 110101010101001000:2 110101010101001001:4 110101010101001011:3 110101010101001100:2 110101010101001101:7 110101010101001110:3 110101010101001111:10 110101010101010000:4 110101010101010001:11 110101010101010010:17 110101010101010011:45 110101010101010100:94 110101010101010101:1721 110101010101010110:432 110101010101010111:61 110101010101011000:30 110101010101011001:16 110101010101011010:7 110101010101011011:8 110101010101011100:6 110101010101011101:3 110101010101100000:1 110101010101100001:1 110101010101100010:1 110101010101100011:2 110101010101100100:3 110101010101100101:1 110101010101100110:1 110101010101100111:1 110101010101101001:1 110101010101101011:1 110101010101101100:1 110101010101101110:1 110101010101110010:1 110101010110000001:1 110101010110000100:1 110101010110001000:1 110101010110001010:1 110101010110101000:1 110101010111010010:1 110101010111101010:1 }

	Command being timed: "python3 shor.py 18"
	User time (seconds): 696.64
	System time (seconds): 6.11
	Percent of CPU this job got: 99%
	Elapsed (wall clock) time (h:mm:ss or m:ss): 11:45.63
	Average shared text size (kbytes): 0
	Average unshared data size (kbytes): 0
	Average stack size (kbytes): 0
	Average total size (kbytes): 0
	Maximum resident set size (kbytes): 5364844
	Average resident set size (kbytes): 0
	Major (requiring I/O) page faults: 0
	Minor (reclaiming a frame) page faults: 8273269
	Voluntary context switches: 17758
	Involuntary context switches: 9307
	Swaps: 0
	File system inputs: 0
	File system outputs: 24
	Socket messages sent: 0
	Socket messages received: 0
	Signals delivered: 0
	Page size (bytes): 4096
	Exit status: 0
Measurement results for a=5 and N=21 with 18 qubits in the control register 
{ 000000000000000000:2428 001010101001101001:1 001010101010000000:1 001010101010000101:3 001010101010000110:1 001010101010001010:1 001010101010001101:1 001010101010010010:1 001010101010010100:1 001010101010011000:1 001010101010011001:1 001010101010011010:1 001010101010011101:1 001010101010011110:3 001010101010011111:1 001010101010100000:1 001010101010100001:2 001010101010100010:2 001010101010100011:2 001010101010100100:5 001010101010100101:6 001010101010100110:6 001010101010100111:10 001010101010101000:16 001010101010101001:65 001010101010101010:413 001010101010101011:1749 001010101010101100:124 001010101010101101:37 001010101010101110:12 001010101010101111:17 001010101010110000:5 001010101010110001:7 001010101010110010:4 001010101010110011:1 001010101010110100:2 001010101010110101:1 001010101010110110:1 001010101010111000:3 001010101010111001:2 001010101010111010:1 001010101010111011:1 001010101010111101:1 001010101010111111:1 001010101011000000:1 001010101011000100:1 001010101011000111:1 001010101011010101:1 001010101110110000:1 010101010011110111:1 010101010100100000:1 010101010100100011:1 010101010100111000:1 010101010100111001:2 010101010100111110:1 010101010100111111:1 010101010101000001:1 010101010101000101:1 010101010101001000:1 010101010101001010:2 010101010101001011:1 010101010101001101:2 010101010101001110:2 010101010101001111:4 010101010101010000:2 010101010101010001:8 010101010101010010:16 010101010101010011:35 010101010101010100:104 010101010101010101:1721 010101010101010110:394 010101010101010111:71 010101010101011000:26 010101010101011001:16 010101010101011010:10 010101010101011011:6 010101010101011100:6 010101010101011101:2 010101010101011110:3 010101010101011111:3 010101010101100000:2 010101010101100001:4 010101010101100010:1 010101010101100011:1 010101010101100100:1 010101010101100110:2 010101010101101000:1 010101010101101011:1 010101010101101100:1 010101010101101111:1 010101010101111001:1 010101010110000101:1 010101010110000110:1 010101010110100000:1 010101010110100001:1 010101010111011000:1 100000000000000000:2556 101010011101001111:1 101010101001111110:1 101010101010000000:1 101010101010001111:1 101010101010010001:1 101010101010010100:1 101010101010010110:1 101010101010011001:3 101010101010011010:1 101010101010011011:4 101010101010011100:2 101010101010011101:2 101010101010011110:1 101010101010011111:1 101010101010100001:4 101010101010100010:4 101010101010100011:2 101010101010100100:3 101010101010100101:6 101010101010100110:8 101010101010100111:11 101010101010101000:25 101010101010101001:71 101010101010101010:437 101010101010101011:1739 101010101010101100:99 101010101010101101:31 101010101010101110:17 101010101010101111:10 101010101010110000:9 101010101010110001:6 101010101010110010:6 101010101010110011:2 101010101010110100:3 101010101010110101:1 101010101010110110:2 101010101010110111:1 101010101010111000:1 101010101010111001:1 101010101010111010:1 101010101010111100:2 101010101010111110:1 101010101010111111:1 101010101011000010:1 101010101011000011:1 101010101011011000:1 101010101011011011:1 101010101011111001:1 101010101100101001:1 101010101100111010:1 101010101101001001:1 110101010001100101:1 110101010010001111:1 110101010100001000:1 110101010100110110:1 110101010100111111:1 110101010101000010:3 110101010101000110:1 110101010101000111:3 110101010101001010:3 110101010101001011:1 110101010101001100:5 110101010101001101:2 110101010101001110:3 110101010101001111:6 110101010101010000:6 110101010101010001:5 110101010101010010:14 110101010101010011:41 110101010101010100:104 110101010101010101:1753 110101010101010110:395 110101010101010111:64 110101010101011000:26 110101010101011001:21 110101010101011010:10 110101010101011011:5 110101010101011100:4 110101010101011101:1 110101010101011110:1 110101010101100000:2 110101010101100001:2 110101010101100011:2 110101010101100110:2 110101010101101001:1 110101010101101011:1 110101010101111110:1 110101010110000010:1 110101010111011111:1 110101011000111001:1 110101011111110100:1 }

	Command being timed: "python3 shor.py 18"
	User time (seconds): 700.99
	System time (seconds): 6.24
	Percent of CPU this job got: 99%
	Elapsed (wall clock) time (h:mm:ss or m:ss): 11:49.67
	Average shared text size (kbytes): 0
	Average unshared data size (kbytes): 0
	Average stack size (kbytes): 0
	Average total size (kbytes): 0
	Maximum resident set size (kbytes): 5371172
	Average resident set size (kbytes): 0
	Major (requiring I/O) page faults: 0
	Minor (reclaiming a frame) page faults: 8371286
	Voluntary context switches: 14472
	Involuntary context switches: 9485
	Swaps: 0
	File system inputs: 0
	File system outputs: 24
	Socket messages sent: 0
	Socket messages received: 0
	Signals delivered: 0
	Page size (bytes): 4096
	Exit status: 0
Measurement results for a=5 and N=21 with 18 qubits in the control register 
{ 000000000000000000:2531 001010100101011011:1 001010101000110101:1 001010101001111101:1 001010101010001001:1 001010101010001011:1 001010101010001101:1 001010101010001111:1 001010101010010000:1 001010101010010100:1 001010101010011000:1 001010101010011010:1 001010101010011011:2 001010101010011100:2 001010101010011101:2 001010101010011110:1 001010101010011111:1 001010101010100000:4 001010101010100001:2 001010101010100010:3 001010101010100011:5 001010101010100100:4 001010101010100101:4 001010101010100110:7 001010101010100111:15 001010101010101000:30 001010101010101001:68 001010101010101010:410 001010101010101011:1751 001010101010101100:98 001010101010101101:38 001010101010101110:13 001010101010101111:14 001010101010110000:6 001010101010110001:3 001010101010110010:3 001010101010110011:2 001010101010110100:1 001010101010110101:2 001010101010110110:2 001010101010110111:1 001010101010111000:1 001010101010111001:5 001010101010111010:1 001010101010111011:1 001010101010111101:1 001010101010111110:1 001010101011000100:2 001010101011000101:1 001010101011000110:1 001010101011001010:2 001010101011010000:1 001010101011100111:1 001010101011101011:1 001010101100000011:1 001010101101100111:1 001010101110110100:1 010101001110100010:1 010101010000010001:1 010101010011010010:1 010101010100011000:1 010101010100111000:1 010101010100111011:1 010101010100111100:1 010101010100111101:1 010101010100111111:1 010101010101000000:1 010101010101000010:3 010101010101000100:2 010101010101000110:1 010101010101000111:4 010101010101001000:3 010101010101001010:1 010101010101001011:2 010101010101001100:2 010101010101001101:2 010101010101001110:3 010101010101001111:5 010101010101010000:7 010101010101010001:7 010101010101010010:11 010101010101010011:41 010101010101010100:90 010101010101010101:1641 010101010101010110:456 010101010101010111:49 010101010101011000:24 010101010101011001:14 010101010101011010:12 010101010101011011:10 010101010101011100:5 010101010101011101:2 010101010101011110:7 010101010101011111:3 010101010101100000:2 010101010101100001:1 010101010101100010:3 010101010101100011:1 010101010101100101:1 010101010101100111:1 010101010101101000:1 010101010101101010:1 010101010101101011:2 010101010101101101:1 010101010101110000:2 010101010101110010:2 010101010101110111:1 010101010101111011:1 010101010110000000:1 010101010110010101:1 010101010111011011:1 010101010111101000:1 100000000000000000:2516 101010100011110111:1 101010100101001101:1 101010100101001111:1 101010100101011000:1 101010101000001001:1 101010101000101101:1 101010101001101111:1 101010101001111010:1 101010101010000110:1 101010101010000111:2 101010101010001001:1 101010101010001111:1 101010101010010001:1 101010101010010101:1 101010101010011001:1 101010101010011010:1 101010101010011101:1 101010101010011111:3 101010101010100000:1 101010101010100001:1 101010101010100010:5 101010101010100011:2 101010101010100100:4 101010101010100101:7 101010101010100110:8 101010101010100111:7 101010101010101000:27 101010101010101001:77 101010101010101010:435 101010101010101011:1695 101010101010101100:104 101010101010101101:41 101010101010101110:18 101010101010101111:8 101010101010110000:6 101010101010110001:5 101010101010110010:5 101010101010110011:3 101010101010110100:1 101010101010110101:1 101010101010110110:1 101010101010110111:1 101010101010111001:1 101010101010111010:3 101010101011000111:1 101010101011001000:1 101010101011011100:1 101010101011100000:1 101010101011110001:1 110101010000100011:1 110101010100001001:1 110101010100100111:1 110101010100101010:1 110101010100101111:2 110101010100110001:1 110101010100110011:1 110101010100110100:1 110101010100110101:1 110101010100110110:1 110101010101000000:1 110101010101000010:1 110101010101000100:1 110101010101000101:2 110101010101000110:2 110101010101000111:1 110101010101001000:3 110101010101001010:1 110101010101001100:4 110101010101001101:1 110101010101001110:2 110101010101001111:7 110101010101010000:6 110101010101010001:6 110101010101010010:19 110101010101010011:31 110101010101010100:99 110101010101010101:1675 110101010101010110:463 110101010101010111:60 110101010101011000:27 110101010101011001:15 110101010101011010:6 110101010101011011:10 110101010101011100:4 110101010101011101:7 110101010101011110:6 110101010101011111:1 110101010101100000:2 110101010101100011:1 110101010101100100:1 110101010101100101:2 110101010101100110:2 110101010101101010:1 110101010101101011:2 110101010101101101:1 110101010101110010:1 110101010101110111:2 110101010110000001:1 110101010110000100:1 110101010110111100:1 110101010111000011:1 110101010111111011:1 }

	Command being timed: "python3 shor.py 18"
	User time (seconds): 708.63
	System time (seconds): 6.49
	Percent of CPU this job got: 99%
	Elapsed (wall clock) time (h:mm:ss or m:ss): 11:57.84
	Average shared text size (kbytes): 0
	Average unshared data size (kbytes): 0
	Average stack size (kbytes): 0
	Average total size (kbytes): 0
	Maximum resident set size (kbytes): 5373884
	Average resident set size (kbytes): 0
	Major (requiring I/O) page faults: 0
	Minor (reclaiming a frame) page faults: 8821467
	Voluntary context switches: 14556
	Involuntary context switches: 9501
	Swaps: 0
	File system inputs: 0
	File system outputs: 24
	Socket messages sent: 0
	Socket messages received: 0
	Signals delivered: 0
	Page size (bytes): 4096
	Exit status: 0
Measurement results for a=5 and N=21 with 18 qubits in the control register 
{ 000000000000000000:2443 001010101000001100:1 001010101000011101:1 001010101001001100:1 001010101001010001:1 001010101001111001:1 001010101001111100:1 001010101010010010:1 001010101010010100:2 001010101010010101:1 001010101010011000:1 001010101010011010:2 001010101010011101:1 001010101010011111:1 001010101010100000:1 001010101010100001:2 001010101010100010:4 001010101010100011:3 001010101010100100:2 001010101010100101:7 001010101010100110:11 001010101010100111:16 001010101010101000:39 001010101010101001:77 001010101010101010:409 001010101010101011:1755 001010101010101100:103 001010101010101101:35 001010101010101110:22 001010101010101111:13 001010101010110000:5 001010101010110001:5 001010101010110010:3 001010101010110011:4 001010101010110100:3 001010101010110101:1 001010101010110111:2 001010101010111000:2 001010101010111001:1 001010101010111011:2 001010101011000000:1 001010101011000011:1 001010101011000100:2 001010101011001010:1 001010101011001100:1 001010101011010100:1 001010101011011110:1 010100000000111001:1 010101001111011111:1 010101010011010001:1 010101010100010110:1 010101010100101110:1 010101010100110100:1 010101010100111100:1 010101010100111101:3 010101010100111111:1 010101010101000010:2 010101010101000101:1 010101010101000110:2 010101010101000111:1 010101010101001001:2 010101010101001010:2 010101010101001011:3 010101010101001100:4 010101010101001101:1 010101010101001110:6 010101010101001111:5 010101010101010000:6 010101010101010001:10 010101010101010010:16 010101010101010011:45 010101010101010100:101 010101010101010101:1789 010101010101010110:407 010101010101010111:75 010101010101011000:23 010101010101011001:17 010101010101011010:7 010101010101011011:7 010101010101011100:4 010101010101011101:5 010101010101100000:1 010101010101100001:1 010101010101100011:1 010101010101100100:2 010101010101100110:1 010101010101100111:3 010101010101101101:1 010101010101111010:1 010101010110001101:1 010101010110011010:1 010101010110011101:1 010101010111011011:1 010101011001011101:1 100000000000000000:2514 101010100011111100:1 101010100111111000:1 101010101000111000:1 101010101001101011:1 101010101001101101:1 101010101001110011:1 101010101010000010:1 101010101010000100:1 101010101010000101:1 101010101010001010:1 101010101010001111:2 101010101010010100:3 101010101010010101:1 101010101010011011:1 101010101010011100:1 101010101010100000:3 101010101010100001:2 101010101010100010:7 101010101010100011:3 101010101010100100:2 101010101010100101:4 101010101010100110:10 101010101010100111:14 101010101010101000:26 101010101010101001:69 101010101010101010:440 101010101010101011:1656 101010101010101100:106 101010101010101101:40 101010101010101110:16 101010101010101111:11 101010101010110000:8 101010101010110001:7 101010101010110010:5 101010101010110011:3 101010101010110100:3 101010101010110101:1 101010101010110110:2 101010101010110111:4 101010101010111011:2 101010101010111100:2 101010101010111110:1 101010101011000001:1 101010101011000111:1 101010101011100010:1 101010101011100111:1 101010101011101100:1 101010101100100010:1 101010110010011111:1 110101001101101010:1 110101010100000101:1 110101010100001010:1 110101010100100111:1 110101010100111001:1 110101010100111101:1 110101010100111110:2 110101010101000001:1 110101010101000011:1 110101010101000101:1 110101010101000110:1 110101010101000111:1 110101010101001000:3 110101010101001001:1 110101010101001100:4 110101010101001101:2 110101010101001110:7 110101010101001111:3 110101010101010000:4 110101010101010001:12 110101010101010010:24 110101010101010011:33 110101010101010100:106 110101010101010101:1691 110101010101010110:396 110101010101010111:71 110101010101011000:31 110101010101011001:18 110101010101011010:6 110101010101011011:7 110101010101011100:3 110101010101011101:6 110101010101011110:1 110101010101100000:1 110101010101100001:1 110101010101100100:1 110101010101101001:1 110101010101101101:1 110101010101110110:1 110101010110000110:1 110101010110010101:1 110101010110101111:1 110101011001001100:1 110101011100101111:1 }

	Command being timed: "python3 shor.py 18"
	User time (seconds): 697.09
	System time (seconds): 6.40
	Percent of CPU this job got: 99%
	Elapsed (wall clock) time (h:mm:ss or m:ss): 11:46.10
	Average shared text size (kbytes): 0
	Average unshared data size (kbytes): 0
	Average stack size (kbytes): 0
	Average total size (kbytes): 0
	Maximum resident set size (kbytes): 5369240
	Average resident set size (kbytes): 0
	Major (requiring I/O) page faults: 0
	Minor (reclaiming a frame) page faults: 8626314
	Voluntary context switches: 14452
	Involuntary context switches: 9381
	Swaps: 0
	File system inputs: 0
	File system outputs: 24
	Socket messages sent: 0
	Socket messages received: 0
	Signals delivered: 0
	Page size (bytes): 4096
	Exit status: 0
Measurement results for a=5 and N=21 with 18 qubits in the control register 
{ 000000000000000000:2521 001010101001010001:1 001010101010001010:1 001010101010001011:1 001010101010001111:1 001010101010010001:1 001010101010010010:1 001010101010010100:2 001010101010010101:1 001010101010010110:3 001010101010011000:1 001010101010011010:1 001010101010011011:1 001010101010011110:1 001010101010011111:1 001010101010100000:2 001010101010100001:4 001010101010100010:1 001010101010100011:2 001010101010100100:2 001010101010100101:9 001010101010100110:8 001010101010100111:14 001010101010101000:36 001010101010101001:58 001010101010101010:460 001010101010101011:1634 001010101010101100:112 001010101010101101:35 001010101010101110:14 001010101010101111:15 001010101010110000:6 001010101010110001:10 001010101010110010:4 001010101010110011:5 001010101010110100:2 001010101010110101:3 001010101010110110:2 001010101010110111:2 001010101010111001:2 001010101010111010:1 001010101010111011:1 001010101010111101:2 001010101011000000:1 001010101011000101:1 001010101011001000:2 001010101011010000:1 001010101011010011:1 001010101011011011:1 001010101011101100:1 001010101011110010:1 001010101011111111:1 001010110000011111:1 010101010001101000:1 010101010010011101:1 010101010010111110:1 010101010011001001:1 010101010011011100:1 010101010011101001:1 010101010100001101:1 010101010100010000:1 010101010100100110:1 010101010100101100:1 010101010100110000:1 010101010100110010:1 010101010100111010:1 010101010100111011:1 010101010100111100:1 010101010100111110:1 010101010100111111:1 010101010101000000:1 010101010101000001:1 010101010101000011:1 010101010101000100:1 010101010101000110:1 010101010101000111:1 010101010101001000:2 010101010101001001:2 010101010101001010:1 010101010101001011:7 010101010101001100:3 010101010101001101:4 010101010101001110:2 010101010101001111:4 010101010101010000:9 010101010101010001:7 010101010101010010:21 010101010101010011:33 010101010101010100:79 010101010101010101:1734 010101010101010110:437 010101010101010111:53 010101010101011000:24 010101010101011001:13 010101010101011010:10 010101010101011011:5 010101010101011100:2 010101010101011101:1 010101010101011110:2 010101010101011111:3 010101010101100000:1 010101010101100001:2 010101010101100010:1 010101010101100011:1 010101010101100100:1 010101010101100101:1 010101010101100111:3 010101010101101000:1 010101010101101001:3 010101010101101101:1 010101010101101110:1 010101010101110111:3 010101010101111011:1 010101010110001101:1 010101010110110110:1 010101011000100100:1 010101011011010000:1 100000000000000000:2507 101010011001000010:1 101010101000111000:1 101010101001000111:1 101010101001001001:1 101010101010001100:1 101010101010010001:1 101010101010010011:1 101010101010011001:1 101010101010011100:1 101010101010011101:2 101010101010011110:6 101010101010011111:1 101010101010100000:3 101010101010100001:4 101010101010100010:5 101010101010100011:2 101010101010100100:3 101010101010100101:6 101010101010100110:10 101010101010100111:13 101010101010101000:22 101010101010101001:72 101010101010101010:436 101010101010101011:1689 101010101010101100:120 101010101010101101:28 101010101010101110:9 101010101010101111:16 101010101010110000:4 101010101010110001:4 101010101010110010:2 101010101010110011:3 101010101010110101:5 101010101010110110:1 101010101010110111:2 101010101010111000:2 101010101010111001:2 101010101010111011:2 101010101010111100:2 101010101010111110:1 101010101011000011:1 101010101011000110:1 101010101011001001:1 101010101011001010:1 101010101011001100:1 101010101011001101:1 101010101011100101:1 101010101011101101:1 101010101011110001:1 101010101011111010:1 101010101100011000:1 101010101100111100:1 101010110000000110:1 110101010010010110:1 110101010100011010:1 110101010100100001:1 110101010100100111:1 110101010100110101:1 110101010100111000:1 110101010100111101:1 110101010100111110:1 110101010101000000:1 110101010101000011:1 110101010101000100:1 110101010101000110:2 110101010101000111:1 110101010101001000:1 110101010101001001:3 110101010101001010:1 110101010101001101:4 110101010101001110:4 110101010101001111:4 110101010101010000:5 110101010101010001:15 110101010101010010:17 110101010101010011:38 110101010101010100:113 110101010101010101:1715 110101010101010110:405 110101010101010111:68 110101010101011000:20 110101010101011001:17 110101010101011010:11 110101010101011011:7 110101010101011100:4 110101010101011101:4 110101010101011110:1 110101010101011111:3 110101010101100000:2 110101010101100001:1 110101010101100010:1 110101010101100011:2 110101010101101001:1 110101010101101010:1 110101010101101100:1 110101010101101101:1 110101010101101111:1 110101010101110011:1 110101010101111011:1 110101010101111111:1 110101010110001101:1 110101010110011110:1 110101010111000100:1 110101010111000111:1 110101010111001110:1 110101011001011001:1 }

	Command being timed: "python3 shor.py 18"
	User time (seconds): 701.22
	System time (seconds): 6.36
	Percent of CPU this job got: 99%
	Elapsed (wall clock) time (h:mm:ss or m:ss): 11:50.46
	Average shared text size (kbytes): 0
	Average unshared data size (kbytes): 0
	Average stack size (kbytes): 0
	Average total size (kbytes): 0
	Maximum resident set size (kbytes): 5368028
	Average resident set size (kbytes): 0
	Major (requiring I/O) page faults: 0
	Minor (reclaiming a frame) page faults: 8399894
	Voluntary context switches: 14474
	Involuntary context switches: 9409
	Swaps: 0
	File system inputs: 0
	File system outputs: 32
	Socket messages sent: 0
	Socket messages received: 0
	Signals delivered: 0
	Page size (bytes): 4096
	Exit status: 0
Measurement results for a=5 and N=21 with 18 qubits in the control register 
{ 000000000000000000:2441 001010101001010100:1 001010101001100001:1 001010101001111001:1 001010101010000010:1 001010101010001000:1 001010101010001010:1 001010101010001110:1 001010101010001111:1 001010101010010110:1 001010101010010111:1 001010101010011010:1 001010101010011100:1 001010101010011101:2 001010101010011110:1 001010101010011111:1 001010101010100000:3 001010101010100001:1 001010101010100011:3 001010101010100100:8 001010101010100101:5 001010101010100110:9 001010101010100111:11 001010101010101000:25 001010101010101001:65 001010101010101010:432 001010101010101011:1774 001010101010101100:95 001010101010101101:34 001010101010101110:17 001010101010101111:9 001010101010110000:7 001010101010110001:6 001010101010110010:5 001010101010110100:1 001010101010110101:2 001010101010110110:3 001010101010110111:4 001010101010111110:2 001010101010111111:1 001010101011000001:2 001010101011000100:1 001010101011001010:1 001010101011010010:1 001010101011010011:1 001010101011101101:1 001010101100100011:1 010101010100011100:1 010101010100100110:1 010101010100101101:1 010101010100101110:1 010101010100110011:1 010101010100111100:2 010101010101000000:1 010101010101000001:1 010101010101000010:1 010101010101000101:1 010101010101001001:1 010101010101001011:4 010101010101001100:3 010101010101001101:4 010101010101001110:5 010101010101001111:3 010101010101010000:7 010101010101010001:9 010101010101010010:19 010101010101010011:32 010101010101010100:106 010101010101010101:1699 010101010101010110:442 010101010101010111:57 010101010101011000:26 010101010101011001:10 010101010101011010:12 010101010101011011:7 010101010101011100:5 010101010101011101:4 010101010101011110:2 010101010101011111:3 010101010101100000:1 010101010101100010:2 010101010101100100:1 010101010101100111:1 010101010101101010:2 010101010101101101:3 010101010101101111:1 010101010101110101:1 010101010101111000:1 010101010101111001:1 010101010101111111:1 010101010110011000:1 010101010110011111:1 010101010111000000:1 010101011000101100:1 010101011100011000:1 100000000000000000:2441 101010101001011010:1 101010101001110000:1 101010101010000000:1 101010101010001101:1 101010101010010010:1 101010101010010111:1 101010101010011001:1 101010101010011011:1 101010101010011100:1 101010101010011101:1 101010101010011110:2 101010101010011111:1 101010101010100000:2 101010101010100001:1 101010101010100010:3 101010101010100011:1 101010101010100100:1 101010101010100101:3 101010101010100110:11 101010101010100111:9 101010101010101000:25 101010101010101001:72 101010101010101010:443 101010101010101011:1736 101010101010101100:108 101010101010101101:38 101010101010101110:19 101010101010101111:7 101010101010110000:6 101010101010110001:4 101010101010110010:2 101010101010110011:3 101010101010110100:3 101010101010110101:1 101010101010110111:1 101010101010111000:2 101010101010111011:3 101010101011000000:2 101010101011000011:3 101010101011000101:1 101010101011001001:1 101010101011011111:1 101010101011110011:1 101010101011110101:1 101010101100011111:1 101010101100110000:1 101010101110110001:1 110101010100110010:1 110101010100110110:1 110101010100111010:1 110101010100111111:1 110101010101000001:1 110101010101000101:2 110101010101000111:1 110101010101001000:2 110101010101001010:1 110101010101001011:2 110101010101001100:4 110101010101001110:3 110101010101001111:1 110101010101010000:3 110101010101010001:7 110101010101010010:19 110101010101010011:23 110101010101010100:117 110101010101010101:1758 110101010101010110:406 110101010101010111:88 110101010101011000:32 110101010101011001:19 110101010101011010:7 110101010101011011:14 110101010101011100:5 110101010101011101:4 110101010101011110:1 110101010101011111:1 110101010101100000:5 110101010101100001:1 110101010101100011:2 110101010101100100:3 110101010101100101:2 110101010101100111:1 110101010101101000:2 110101010101101100:1 110101010101101101:1 110101010101111100:1 110101010110001000:1 110101010110110111:1 110101010110111100:1 110101011001110101:1 110101011011010000:1 110101101001010001:1 110101101010110110:1 }

V100
	Command being timed: "python3 shor.py 18"
	User time (seconds): 699.82
	System time (seconds): 6.37
	Percent of CPU this job got: 99%
	Elapsed (wall clock) time (h:mm:ss or m:ss): 11:48.76
	Average shared text size (kbytes): 0
	Average unshared data size (kbytes): 0
	Average stack size (kbytes): 0
	Average total size (kbytes): 0
	Maximum resident set size (kbytes): 5373212
	Average resident set size (kbytes): 0
	Major (requiring I/O) page faults: 0
	Minor (reclaiming a frame) page faults: 8317660
	Voluntary context switches: 14468
	Involuntary context switches: 9349
	Swaps: 0
	File system inputs: 16
	File system outputs: 24
	Socket messages sent: 0
	Socket messages received: 0
	Signals delivered: 0
	Page size (bytes): 4096
	Exit status: 0
Measurement results for a=5 and N=21 with 18 qubits in the control register 
{ 000000000000000000:2418 001010001010110011:1 001010100101110010:1 001010100111110010:1 001010101001000001:1 001010101001000111:1 001010101001101000:1 001010101001110000:1 001010101001111001:1 001010101010000110:1 001010101010001111:1 001010101010010001:1 001010101010011001:1 001010101010011011:1 001010101010011100:2 001010101010011101:1 001010101010011110:1 001010101010011111:1 001010101010100000:2 001010101010100001:2 001010101010100010:2 001010101010100011:2 001010101010100100:6 001010101010100101:4 001010101010100110:7 001010101010100111:11 001010101010101000:18 001010101010101001:73 001010101010101010:418 001010101010101011:1649 001010101010101100:110 001010101010101101:40 001010101010101110:11 001010101010101111:16 001010101010110000:7 001010101010110001:4 001010101010110010:2 001010101010110011:1 001010101010110100:2 001010101010110101:1 001010101010111001:1 001010101010111011:2 001010101010111100:1 001010101010111111:1 001010101011000000:2 001010101011000010:1 001010101011000100:1 001010101011001010:1 001010101011001101:1 001010101011010111:1 001010101011011110:1 001010101011101001:1 001010101011111001:1 001010101100000111:1 001010101110110000:1 001010101111110111:1 010101010100011110:1 010101010100111010:2 010101010100111100:2 010101010101000000:1 010101010101000010:1 010101010101000111:2 010101010101001001:1 010101010101001010:2 010101010101001100:3 010101010101001101:5 010101010101001110:5 010101010101001111:3 010101010101010000:10 010101010101010001:8 010101010101010010:14 010101010101010011:38 010101010101010100:125 010101010101010101:1750 010101010101010110:439 010101010101010111:68 010101010101011000:32 010101010101011001:17 010101010101011010:9 010101010101011011:1 010101010101011100:2 010101010101011101:5 010101010101011110:1 010101010101011111:3 010101010101100000:2 010101010101100001:1 010101010101100010:1 010101010101100100:1 010101010101100101:1 010101010101100110:2 010101010101100111:2 010101010101101010:1 010101010101110011:1 010101010101110100:1 010101010101111010:1 010101010101111011:1 010101010101111100:1 010101010110000010:1 010101010110001100:1 010101010110011100:1 010101010110110001:1 010101011100001101:1 100000000000000000:2495 101010101000101100:1 101010101001100101:1 101010101001111011:1 101010101010001100:3 101010101010010011:1 101010101010010100:1 101010101010010101:1 101010101010010111:1 101010101010011000:1 101010101010011011:1 101010101010011110:2 101010101010011111:1 101010101010100001:4 101010101010100010:4 101010101010100011:3 101010101010100100:2 101010101010100101:4 101010101010100110:5 101010101010100111:11 101010101010101000:33 101010101010101001:70 101010101010101010:427 101010101010101011:1785 101010101010101100:111 101010101010101101:27 101010101010101110:16 101010101010101111:9 101010101010110000:7 101010101010110001:7 101010101010110010:3 101010101010110011:5 101010101010110100:4 101010101010110101:1 101010101010110110:2 101010101010111000:4 101010101010111001:1 101010101010111111:1 101010101011001001:1 101010101011100100:1 101010101011110100:1 101010101100101110:1 101010110000101101:1 110101001101000011:1 110101010011100011:1 110101010100001110:1 110101010100100000:1 110101010100101000:1 110101010100101101:1 110101010100101111:1 110101010100111011:1 110101010101000011:1 110101010101000100:2 110101010101000111:2 110101010101001000:2 110101010101001001:1 110101010101001010:1 110101010101001011:2 110101010101001100:1 110101010101001101:1 110101010101001110:5 110101010101001111:7 110101010101010000:6 110101010101010001:12 110101010101010010:15 110101010101010011:41 110101010101010100:110 110101010101010101:1705 110101010101010110:437 110101010101010111:70 110101010101011000:28 110101010101011001:22 110101010101011010:8 110101010101011011:7 110101010101011100:4 110101010101011101:1 110101010101011110:4 110101010101011111:6 110101010101100001:4 110101010101100100:1 110101010101100110:1 110101010101100111:1 110101010101101001:2 110101010101101011:2 110101010101101110:1 110101010101110101:1 110101010101111101:1 110101010110011010:1 110101010110100001:1 110101010111010001:1 }

V100
	Command being timed: "python3 shor.py 18"
	User time (seconds): 703.11
	System time (seconds): 6.35
	Percent of CPU this job got: 99%
	Elapsed (wall clock) time (h:mm:ss or m:ss): 11:52.11
	Average shared text size (kbytes): 0
	Average unshared data size (kbytes): 0
	Average stack size (kbytes): 0
	Average total size (kbytes): 0
	Maximum resident set size (kbytes): 5366864
	Average resident set size (kbytes): 0
	Major (requiring I/O) page faults: 0
	Minor (reclaiming a frame) page faults: 8377162
	Voluntary context switches: 10856
	Involuntary context switches: 9381
	Swaps: 0
	File system inputs: 0
	File system outputs: 24
	Socket messages sent: 0
	Socket messages received: 0
	Signals delivered: 0
	Page size (bytes): 4096
	Exit status: 0
Measurement results for a=5 and N=21 with 18 qubits in the control register 
{ 000000000000000000:2496 001010100100001010:1 001010101000110001:1 001010101001000111:1 001010101001001111:1 001010101001010101:1 001010101001100010:1 001010101001100011:1 001010101010000011:1 001010101010001100:1 001010101010010010:1 001010101010010100:1 001010101010010111:1 001010101010011000:1 001010101010011101:2 001010101010100000:1 001010101010100001:1 001010101010100010:5 001010101010100011:4 001010101010100100:2 001010101010100101:4 001010101010100110:9 001010101010100111:8 001010101010101000:22 001010101010101001:61 001010101010101010:443 001010101010101011:1788 001010101010101100:109 001010101010101101:31 001010101010101110:20 001010101010101111:11 001010101010110000:8 001010101010110001:6 001010101010110010:1 001010101010110011:2 001010101010110100:5 001010101010110101:2 001010101010110110:5 001010101010110111:1 001010101010111000:1 001010101010111001:2 001010101011000000:1 001010101011000100:1 001010101011001000:1 001010101011001010:1 001010101011001110:1 001010101011010000:1 001010101011010100:2 001010101011010110:1 001010101011010111:1 001010101011100001:1 001010101100010111:1 010101001010101101:1 010101001101000010:1 010101001101011111:1 010101010010101011:1 010101010011011011:1 010101010100100101:1 010101010100101000:1 010101010100101011:1 010101010100111000:1 010101010100111011:1 010101010100111110:1 010101010101000100:2 010101010101000101:1 010101010101000110:2 010101010101000111:1 010101010101001000:1 010101010101001001:1 010101010101001011:1 010101010101001100:3 010101010101001101:4 010101010101001110:7 010101010101001111:4 010101010101010000:9 010101010101010001:7 010101010101010010:13 010101010101010011:48 010101010101010100:121 010101010101010101:1688 010101010101010110:414 010101010101010111:70 010101010101011000:17 010101010101011001:15 010101010101011010:4 010101010101011011:7 010101010101011100:6 010101010101011101:3 010101010101011110:4 010101010101011111:3 010101010101100001:2 010101010101100100:1 010101010101100101:1 010101010101101000:1 010101010101101101:2 010101010101110010:1 010101010101111000:1 010101010101111110:1 010101010110000001:1 010101010110011010:1 010101010111001010:1 010101011000111100:1 010101011010001101:1 010101011010100110:1 100000000000000000:2432 101010101000110100:1 101010101001100000:1 101010101001101110:1 101010101010000100:1 101010101010001000:1 101010101010001011:1 101010101010001100:1 101010101010001111:1 101010101010010000:1 101010101010010001:1 101010101010010100:1 101010101010010101:1 101010101010011001:1 101010101010011011:1 101010101010011101:1 101010101010011110:1 101010101010100001:2 101010101010100010:1 101010101010100011:6 101010101010100100:5 101010101010100101:5 101010101010100110:10 101010101010100111:15 101010101010101000:31 101010101010101001:72 101010101010101010:463 101010101010101011:1667 101010101010101100:118 101010101010101101:37 101010101010101110:18 101010101010101111:7 101010101010110000:7 101010101010110001:2 101010101010110010:4 101010101010110011:3 101010101010110100:4 101010101010110101:1 101010101010110111:2 101010101010111000:1 101010101010111101:1 101010101010111110:2 101010101010111111:1 101010101011000011:1 101010101011000100:1 101010101011000111:1 101010101011001100:1 101010101011001101:1 101010101011011011:1 101010101011011110:1 101010101110011110:1 110101010011111110:1 110101010100011110:1 110101010100100111:1 110101010100101000:1 110101010100101011:1 110101010100111100:1 110101010100111101:2 110101010100111111:2 110101010101000010:1 110101010101000101:1 110101010101000111:2 110101010101001010:4 110101010101001100:2 110101010101001101:4 110101010101001110:3 110101010101001111:6 110101010101010000:2 110101010101010001:10 110101010101010010:19 110101010101010011:43 110101010101010100:106 110101010101010101:1717 110101010101010110:416 110101010101010111:77 110101010101011000:31 110101010101011001:12 110101010101011010:7 110101010101011011:6 110101010101011100:1 110101010101011101:2 110101010101011110:5 110101010101100000:2 110101010101100001:1 110101010101100101:2 110101010101100111:1 110101010101101000:1 110101010101101010:1 110101010101101100:1 110101010101110111:1 110101010101111011:1 110101010110000111:1 110101010110001001:1 110101010111110001:1 }

V100
	Command being timed: "python3 shor.py 18"
	User time (seconds): 700.22
	System time (seconds): 6.56
	Percent of CPU this job got: 99%
	Elapsed (wall clock) time (h:mm:ss or m:ss): 11:49.71
	Average shared text size (kbytes): 0
	Average unshared data size (kbytes): 0
	Average stack size (kbytes): 0
	Average total size (kbytes): 0
	Maximum resident set size (kbytes): 5369484
	Average resident set size (kbytes): 0
	Major (requiring I/O) page faults: 0
	Minor (reclaiming a frame) page faults: 8643359
	Voluntary context switches: 14466
	Involuntary context switches: 9385
	Swaps: 0
	File system inputs: 0
	File system outputs: 24
	Socket messages sent: 0
	Socket messages received: 0
	Signals delivered: 0
	Page size (bytes): 4096
	Exit status: 0
Measurement results for a=5 and N=21 with 18 qubits in the control register 
{ 000000000000000000:2487 001010100100101000:1 001010101000011111:1 001010101001001100:1 001010101001111000:1 001010101001111100:1 001010101010000111:1 001010101010001101:1 001010101010010000:1 001010101010010100:1 001010101010010101:1 001010101010010110:1 001010101010010111:1 001010101010011010:1 001010101010011100:2 001010101010011101:3 001010101010011110:1 001010101010011111:1 001010101010100001:2 001010101010100010:4 001010101010100011:1 001010101010100100:3 001010101010100101:4 001010101010100110:10 001010101010100111:12 001010101010101000:24 001010101010101001:66 001010101010101010:435 001010101010101011:1693 001010101010101100:113 001010101010101101:40 001010101010101110:24 001010101010101111:5 001010101010110000:7 001010101010110001:6 001010101010110010:2 001010101010110011:4 001010101010110100:1 001010101010110101:3 001010101010110111:2 001010101010111000:2 001010101010111001:1 001010101010111011:1 001010101010111110:3 001010101011000000:1 001010101011000001:1 001010101011000010:2 001010101011001100:1 001010101011010100:1 001010101011011000:1 001010101011011010:1 001010101011101110:1 001011100010000010:1 010101010011001110:1 010101010011101001:1 010101010100001011:1 010101010100101101:1 010101010100111100:2 010101010100111111:1 010101010101000010:1 010101010101000011:3 010101010101000101:2 010101010101000110:1 010101010101000111:1 010101010101001000:1 010101010101001001:1 010101010101001011:2 010101010101001100:1 010101010101001101:2 010101010101001110:7 010101010101001111:3 010101010101010000:6 010101010101010001:5 010101010101010010:14 010101010101010011:46 010101010101010100:129 010101010101010101:1689 010101010101010110:462 010101010101010111:68 010101010101011000:23 010101010101011001:11 010101010101011010:9 010101010101011011:4 010101010101011100:4 010101010101011101:2 010101010101011110:2 010101010101011111:1 010101010101100000:2 010101010101100001:2 010101010101100010:1 010101010101100100:2 010101010101101000:1 010101010101101011:1 010101010101101110:1 010101010101110000:2 010101010101110011:1 010101010101110110:1 010101010111000010:1 100000000000000000:2476 101010101001110100:1 101010101001111011:1 101010101010010000:1 101010101010010101:1 101010101010010111:1 101010101010011001:1 101010101010011010:2 101010101010011011:1 101010101010011101:1 101010101010011110:2 101010101010011111:2 101010101010100000:1 101010101010100001:2 101010101010100010:5 101010101010100011:5 101010101010100100:2 101010101010100101:9 101010101010100110:16 101010101010100111:14 101010101010101000:30 101010101010101001:73 101010101010101010:443 101010101010101011:1746 101010101010101100:106 101010101010101101:39 101010101010101110:11 101010101010101111:11 101010101010110000:9 101010101010110001:8 101010101010110010:6 101010101010110011:3 101010101010110100:2 101010101010110101:2 101010101010110110:2 101010101010110111:5 101010101010111000:1 101010101010111011:2 101010101010111100:2 101010101010111101:1 101010101011001011:1 101010101011010011:1 101010101011111010:1 101010101101010010:1 101010101110111011:1 110101010010111100:1 110101010011001001:1 110101010011110110:1 110101010011111111:1 110101010100000001:1 110101010100001001:1 110101010100100111:1 110101010100101110:1 110101010100111000:1 110101010101000100:1 110101010101000101:1 110101010101000110:1 110101010101001000:1 110101010101001100:2 110101010101001101:2 110101010101001110:2 110101010101001111:4 110101010101010000:8 110101010101010001:5 110101010101010010:18 110101010101010011:30 110101010101010100:97 110101010101010101:1713 110101010101010110:402 110101010101010111:65 110101010101011000:27 110101010101011001:15 110101010101011010:8 110101010101011011:1 110101010101011100:6 110101010101011101:2 110101010101011110:3 110101010101011111:3 110101010101100000:1 110101010101100001:1 110101010101100011:1 110101010101100100:2 110101010101101110:1 110101010101110001:3 110101010101110101:1 110101010110001110:1 110101010110010000:1 110101010110011010:1 110101010110101110:1 110101010111011100:1 110101011001000001:1 }

V100
	Command being timed: "python3 shor.py 18"
	User time (seconds): 701.91
	System time (seconds): 6.54
	Percent of CPU this job got: 99%
	Elapsed (wall clock) time (h:mm:ss or m:ss): 11:51.25
	Average shared text size (kbytes): 0
	Average unshared data size (kbytes): 0
	Average stack size (kbytes): 0
	Average total size (kbytes): 0
	Maximum resident set size (kbytes): 5369788
	Average resident set size (kbytes): 0
	Major (requiring I/O) page faults: 0
	Minor (reclaiming a frame) page faults: 8741626
	Voluntary context switches: 14487
	Involuntary context switches: 9447
	Swaps: 0
	File system inputs: 0
	File system outputs: 24
	Socket messages sent: 0
	Socket messages received: 0
	Signals delivered: 0
	Page size (bytes): 4096
	Exit status: 0
Measurement results for a=5 and N=21 with 18 qubits in the control register 
{ 000000000000000000:2492 001010100100000001:1 001010101010000010:1 001010101010000100:1 001010101010001010:1 001010101010010000:1 001010101010010100:1 001010101010011000:1 001010101010011010:1 001010101010011011:1 001010101010011100:1 001010101010011101:2 001010101010011110:2 001010101010100000:3 001010101010100001:2 001010101010100010:4 001010101010100011:4 001010101010100100:1 001010101010100101:8 001010101010100110:11 001010101010100111:17 001010101010101000:31 001010101010101001:77 001010101010101010:442 001010101010101011:1737 001010101010101100:101 001010101010101101:38 001010101010101110:19 001010101010101111:16 001010101010110000:10 001010101010110001:4 001010101010110010:6 001010101010110011:4 001010101010110100:4 001010101010110101:3 001010101010110110:1 001010101010110111:4 001010101010111001:1 001010101010111100:1 001010101010111110:2 001010101011000100:1 001010101011001111:1 001010101011011011:1 001010101011100010:1 001010110000001100:1 001010110000101000:1 001010111100111000:1 010101001110100000:1 010101010100100101:1 010101010100110001:1 010101010100110010:1 010101010101000000:1 010101010101000110:3 010101010101000111:1 010101010101001000:1 010101010101001001:1 010101010101001010:1 010101010101001011:4 010101010101001100:2 010101010101001101:1 010101010101001110:4 010101010101001111:5 010101010101010000:7 010101010101010001:9 010101010101010010:18 010101010101010011:27 010101010101010100:109 010101010101010101:1694 010101010101010110:444 010101010101010111:79 010101010101011000:25 010101010101011001:11 010101010101011010:8 010101010101011011:2 010101010101011100:2 010101010101011110:3 010101010101011111:2 010101010101100000:3 010101010101100010:1 010101010101100011:1 010101010101100100:3 010101010101100101:1 010101010101101000:1 010101010101101001:2 010101010101101010:1 010101010101101101:1 010101010101101111:1 010101010101110110:1 010101010101111000:1 010101010101111110:1 010101010110000000:1 010101010110001010:1 010101010110011010:1 010101010110101000:1 010101010110101100:1 010101011101100110:1 100000000000000000:2517 101010101001000010:1 101010101001110010:2 101010101001111000:1 101010101001111001:1 101010101001111010:1 101010101010000000:1 101010101010000100:1 101010101010001001:1 101010101010001010:1 101010101010001111:1 101010101010010010:1 101010101010010011:1 101010101010010110:1 101010101010010111:1 101010101010011001:1 101010101010011010:2 101010101010011100:3 101010101010011111:2 101010101010100000:3 101010101010100001:4 101010101010100010:1 101010101010100011:4 101010101010100100:7 101010101010100101:6 101010101010100110:8 101010101010100111:14 101010101010101000:27 101010101010101001:77 101010101010101010:422 101010101010101011:1697 101010101010101100:109 101010101010101101:31 101010101010101110:14 101010101010101111:10 101010101010110000:4 101010101010110001:6 101010101010110010:1 101010101010110011:5 101010101010110100:1 101010101010110110:1 101010101010110111:1 101010101010111001:3 101010101010111010:1 101010101010111011:2 101010101010111100:1 101010101011001011:1 101010101011001110:1 101010101011010000:1 101010101011010110:1 101010101011101110:1 101010101011111110:1 101010110110101111:1 110101001111000001:1 110101010010010111:1 110101010100000100:1 110101010100000101:1 110101010100011011:1 110101010100011110:1 110101010100011111:1 110101010100100100:1 110101010100111101:2 110101010101000100:2 110101010101000101:3 110101010101000110:1 110101010101001001:1 110101010101001010:1 110101010101001011:1 110101010101001100:1 110101010101001101:3 110101010101001110:3 110101010101001111:4 110101010101010000:5 110101010101010001:7 110101010101010010:15 110101010101010011:30 110101010101010100:106 110101010101010101:1682 110101010101010110:423 110101010101010111:57 110101010101011000:18 110101010101011001:15 110101010101011010:12 110101010101011011:6 110101010101011100:4 110101010101011101:3 110101010101011110:2 110101010101011111:2 110101010101100000:3 110101010101100001:1 110101010101100010:3 110101010101100101:1 110101010101101000:1 110101010101101001:1 110101010101101011:1 110101010101101110:1 110101010101101111:1 110101010101110110:1 110101010110000000:1 110101010110000100:1 110101010110000101:1 110101010110011100:1 110101010110101110:1 110101010111111001:1 }

V100
	Command being timed: "python3 shor.py 18"
	User time (seconds): 701.49
	System time (seconds): 6.50
	Percent of CPU this job got: 99%
	Elapsed (wall clock) time (h:mm:ss or m:ss): 11:50.82
	Average shared text size (kbytes): 0
	Average unshared data size (kbytes): 0
	Average stack size (kbytes): 0
	Average total size (kbytes): 0
	Maximum resident set size (kbytes): 5370396
	Average resident set size (kbytes): 0
	Major (requiring I/O) page faults: 0
	Minor (reclaiming a frame) page faults: 8314675
	Voluntary context switches: 14484
	Involuntary context switches: 9385
	Swaps: 0
	File system inputs: 0
	File system outputs: 24
	Socket messages sent: 0
	Socket messages received: 0
	Signals delivered: 0
	Page size (bytes): 4096
	Exit status: 0
