WARNING: overwriting environment variables set in the machine
overwriting variable ['LD_LIBRARY_PATH']
Measurement results for a=5 and N=21 with 22 qubits in the control register 
{ 0000000000000000000000:2508 0010101010011111100111:1 0010101010101010000101:1 0010101010101010001111:1 0010101010101010010010:1 0010101010101010010011:1 0010101010101010011011:1 0010101010101010011101:2 0010101010101010011110:1 0010101010101010011111:2 0010101010101010100000:3 0010101010101010100001:1 0010101010101010100010:1 0010101010101010100011:1 0010101010101010100100:4 0010101010101010100101:6 0010101010101010100110:6 0010101010101010100111:19 0010101010101010101000:27 0010101010101010101001:67 0010101010101010101010:462 0010101010101010101011:1734 0010101010101010101100:102 0010101010101010101101:41 0010101010101010101110:21 0010101010101010101111:8 0010101010101010110000:8 0010101010101010110001:6 0010101010101010110010:5 0010101010101010110011:2 0010101010101010110100:3 0010101010101010110101:1 0010101010101010110110:1 0010101010101010110111:1 0010101010101010111000:2 0010101010101010111010:5 0010101010101010111100:1 0010101010101010111101:2 0010101010101011000011:1 0010101010101011001000:1 0010101010101011010000:1 0010101010110011101000:1 0101010101001001100101:1 0101010101010001101101:1 0101010101010011100000:1 0101010101010011100101:1 0101010101010100100011:1 0101010101010100101010:1 0101010101010101000001:2 0101010101010101000011:1 0101010101010101000101:1 0101010101010101000110:2 0101010101010101000111:1 0101010101010101001000:1 0101010101010101001010:2 0101010101010101001100:3 0101010101010101001101:4 0101010101010101001110:7 0101010101010101001111:5 0101010101010101010000:6 0101010101010101010001:13 0101010101010101010010:21 0101010101010101010011:32 0101010101010101010100:99 0101010101010101010101:1670 0101010101010101010110:426 0101010101010101010111:62 0101010101010101011000:29 0101010101010101011001:18 0101010101010101011010:12 0101010101010101011011:4 0101010101010101011100:5 0101010101010101011101:2 0101010101010101011110:4 0101010101010101100000:1 0101010101010101100001:1 0101010101010101100010:1 0101010101010101100110:1 0101010101010101101001:1 0101010101010101101011:1 0101010101010101110001:1 0101010101010101110010:2 0101010101010101110111:1 0101010101010101111000:1 0101010101010110000101:1 0101010101010110001011:1 0101010101010110010000:1 0101010101010110011011:1 0101010101010110100000:2 0101010101010110111001:1 0101010101010111001110:1 0101010101011000011111:1 0101010101011010011001:1 0101010101011010110000:1 1000000000000000000000:2462 1010101010000001010110:1 1010101010010111101100:1 1010101010100110101111:1 1010101010101000011110:1 1010101010101001101101:1 1010101010101001110011:1 1010101010101010000000:1 1010101010101010000010:1 1010101010101010000100:1 1010101010101010001011:1 1010101010101010001101:1 1010101010101010001111:1 1010101010101010010001:1 1010101010101010010101:1 1010101010101010010110:3 1010101010101010011001:1 1010101010101010011010:1 1010101010101010011011:1 1010101010101010011100:2 1010101010101010011101:1 1010101010101010100000:3 1010101010101010100001:1 1010101010101010100010:3 1010101010101010100011:1 1010101010101010100100:4 1010101010101010100101:7 1010101010101010100110:6 1010101010101010100111:20 1010101010101010101000:12 1010101010101010101001:71 1010101010101010101010:423 1010101010101010101011:1704 1010101010101010101100:117 1010101010101010101101:33 1010101010101010101110:17 1010101010101010101111:14 1010101010101010110000:10 1010101010101010110001:6 1010101010101010110010:6 1010101010101010110011:3 1010101010101010110100:3 1010101010101010110101:2 1010101010101010111000:1 1010101010101010111001:3 1010101010101010111010:2 1010101010101010111011:1 1010101010101010111111:1 1010101010101011000011:1 1010101010101011000101:1 1010101010101011001110:1 1010101010101011001111:1 1010101010101011010011:1 1010101010101100011101:1 1010101010101110110001:1 1101010010110010111110:1 1101010101001111101000:1 1101010101010011001001:1 1101010101010100010000:1 1101010101010100010111:1 1101010101010100011010:1 1101010101010100100010:1 1101010101010100101101:1 1101010101010100111011:1 1101010101010100111110:1 1101010101010101000000:2 1101010101010101000010:1 1101010101010101000011:1 1101010101010101000100:2 1101010101010101000101:1 1101010101010101000110:3 1101010101010101001001:1 1101010101010101001010:1 1101010101010101001011:2 1101010101010101001100:2 1101010101010101001101:2 1101010101010101001110:2 1101010101010101001111:3 1101010101010101010000:7 1101010101010101010001:9 1101010101010101010010:23 1101010101010101010011:35 1101010101010101010100:102 1101010101010101010101:1722 1101010101010101010110:442 1101010101010101010111:56 1101010101010101011000:26 1101010101010101011001:8 1101010101010101011010:5 1101010101010101011011:6 1101010101010101011100:6 1101010101010101011101:6 1101010101010101011110:4 1101010101010101100000:1 1101010101010101100001:1 1101010101010101100010:2 1101010101010101100011:3 1101010101010101100101:1 1101010101010101100110:3 1101010101010101101001:2 1101010101010101101010:1 1101010101010101101101:1 1101010101010101110001:1 1101010101010101111101:1 1101010101010110000010:1 1101010101010110010001:1 1101010101010110111110:1 1101010101010111110110:1 }

A100
	Command being timed: "python3 shor.py 22"
	User time (seconds): 133541.90
	System time (seconds): 356.93
	Percent of CPU this job got: 99%
	Elapsed (wall clock) time (h:mm:ss or m:ss): 37:20:36
	Average shared text size (kbytes): 0
	Average unshared data size (kbytes): 0
	Average stack size (kbytes): 0
	Average total size (kbytes): 0
	Maximum resident set size (kbytes): 76071592
	Average resident set size (kbytes): 0
	Major (requiring I/O) page faults: 0
	Minor (reclaiming a frame) page faults: 574731722
	Voluntary context switches: 1340209
	Involuntary context switches: 1929468
	Swaps: 0
	File system inputs: 0
	File system outputs: 24
	Socket messages sent: 0
	Socket messages received: 0
	Signals delivered: 0
	Page size (bytes): 4096
	Exit status: 0
