WARNING: overwriting environment variables set in the machine
overwriting variable ['LD_LIBRARY_PATH']
Measurement results for a=5 and N=21 with 14 qubits in the control register 
{ 00000000000000:2525 00100111011101:1 00101001110001:1 00101001111101:2 00101010001011:1 00101010010110:1 00101010010111:1 00101010011010:1 00101010011011:1 00101010011111:2 00101010100000:2 00101010100001:1 00101010100010:5 00101010100011:5 00101010100100:6 00101010100101:4 00101010100110:7 00101010100111:7 00101010101000:31 00101010101001:60 00101010101010:426 00101010101011:1758 00101010101100:116 00101010101101:34 00101010101110:16 00101010101111:10 00101010110000:10 00101010110001:3 00101010110010:9 00101010110011:1 00101010110100:2 00101010110101:2 00101010110110:3 00101010111010:1 00101010111101:3 00101010111111:2 00101011000100:1 00101011010010:1 00101011110001:1 00101101000000:1 00101110100100:1 00101111111000:1 01010000101011:1 01010100010001:1 01010100110011:2 01010100110111:1 01010100111110:1 01010101000001:2 01010101000101:1 01010101000111:2 01010101001000:1 01010101001001:1 01010101001010:4 01010101001011:4 01010101001100:4 01010101001101:3 01010101001110:3 01010101001111:6 01010101010000:6 01010101010001:7 01010101010010:14 01010101010011:41 01010101010100:87 01010101010101:1680 01010101010110:413 01010101010111:69 01010101011000:29 01010101011001:13 01010101011010:13 01010101011011:5 01010101011100:5 01010101011101:8 01010101011110:5 01010101011111:2 01010101100000:2 01010101100001:2 01010101100010:4 01010101100100:1 01010101100110:1 01010101100111:1 01010101101001:1 01010101101010:1 01010101110000:1 01010110000010:1 01010110001010:1 01010110001011:1 01010110101100:1 01011001010100:1 01101011001110:1 10000000000000:2437 10100011001010:1 10101000111101:1 10101001101001:1 10101001101110:1 10101001111111:2 10101010000101:2 10101010001110:1 10101010010000:1 10101010010001:1 10101010010101:1 10101010010110:2 10101010011001:1 10101010011011:1 10101010011100:3 10101010011101:1 10101010011111:2 10101010100000:6 10101010100001:2 10101010100010:2 10101010100011:4 10101010100100:9 10101010100101:6 10101010100110:7 10101010100111:16 10101010101000:19 10101010101001:63 10101010101010:408 10101010101011:1747 10101010101100:121 10101010101101:38 10101010101110:20 10101010101111:10 10101010110000:4 10101010110010:5 10101010110011:2 10101010110100:3 10101010110101:1 10101010110110:1 10101010110111:1 10101010111000:1 10101010111001:2 10101010111011:1 10101010111101:1 10101010111110:1 10101010111111:1 10101011000100:1 10101011000111:1 10101011011111:1 10101011100110:1 10101100101000:1 11010000100011:1 11010011110111:1 11010100001110:1 11010100011011:1 11010100110001:1 11010100110110:1 11010100111101:1 11010100111111:1 11010101000001:1 11010101000010:1 11010101000011:1 11010101000100:2 11010101000101:1 11010101000110:2 11010101001000:1 11010101001010:3 11010101001100:1 11010101001110:7 11010101001111:7 11010101010000:9 11010101010001:9 11010101010010:18 11010101010011:28 11010101010100:104 11010101010101:1727 11010101010110:434 11010101010111:72 11010101011000:24 11010101011001:20 11010101011010:9 11010101011011:4 11010101011100:3 11010101011101:3 11010101011111:2 11010101100000:1 11010101100001:2 11010101100110:1 11010101101010:1 11010101101110:1 11010101101111:1 11010101110011:1 11010101110111:1 11010101111010:1 11010110000101:1 11010110110001:1 11011101111111:1 }

	Command being timed: "python3 shor.py 14"
	User time (seconds): 4.95
	System time (seconds): 1.36
	Percent of CPU this job got: 80%
	Elapsed (wall clock) time (h:mm:ss or m:ss): 0:07.85
	Average shared text size (kbytes): 0
	Average unshared data size (kbytes): 0
	Average stack size (kbytes): 0
	Average total size (kbytes): 0
	Maximum resident set size (kbytes): 945640
	Average resident set size (kbytes): 0
	Major (requiring I/O) page faults: 54
	Minor (reclaiming a frame) page faults: 242436
	Voluntary context switches: 9711
	Involuntary context switches: 81
	Swaps: 0
	File system inputs: 0
	File system outputs: 16
	Socket messages sent: 0
	Socket messages received: 0
	Signals delivered: 0
	Page size (bytes): 4096
	Exit status: 0
Measurement results for a=5 and N=21 with 14 qubits in the control register 
{ 00000000000000:2511 00101000011010:1 00101001001011:1 00101001110011:1 00101010011010:2 00101010011011:1 00101010011100:1 00101010011101:3 00101010011110:1 00101010011111:1 00101010100000:2 00101010100001:2 00101010100011:3 00101010100100:3 00101010100101:11 00101010100110:10 00101010100111:10 00101010101000:24 00101010101001:70 00101010101010:435 00101010101011:1680 00101010101100:101 00101010101101:39 00101010101110:11 00101010101111:8 00101010110000:4 00101010110001:5 00101010110010:5 00101010110011:4 00101010110100:3 00101010110101:1 00101010110110:1 00101010110111:4 00101010111000:2 00101010111010:3 00101010111011:1 00101010111100:2 00101011000010:1 00101011000111:2 00101011001010:1 00101011010000:1 00101011010010:1 00101011010011:1 00101011010101:1 00101011010111:1 00101011011101:1 00101011011111:1 00101011110001:1 00101100000000:1 00111011111111:1 01010100110010:1 01010100110111:1 01010100111001:1 01010100111100:1 01010100111110:1 01010101000001:1 01010101000010:1 01010101000101:1 01010101000111:3 01010101001000:2 01010101001011:3 01010101001100:4 01010101001101:4 01010101001110:2 01010101001111:5 01010101010000:11 01010101010001:9 01010101010010:16 01010101010011:36 01010101010100:110 01010101010101:1705 01010101010110:399 01010101010111:71 01010101011000:30 01010101011001:10 01010101011010:11 01010101011011:4 01010101011100:6 01010101011101:3 01010101011110:3 01010101011111:3 01010101100000:1 01010101100001:2 01010101100010:3 01010101100100:2 01010101100101:1 01010101100111:1 01010101101001:1 01010101101010:1 01010101110011:1 01010101110111:1 01010101111001:1 01010101111011:1 01010101111101:1 01010110101110:1 01010111010111:1 01010111111110:1 01011000011010:1 01011001011100:1 10000000000000:2488 10101001010010:1 10101001011000:1 10101001100111:1 10101001111101:1 10101010010000:1 10101010010001:1 10101010010010:2 10101010010011:1 10101010010100:1 10101010010101:1 10101010010110:2 10101010011000:1 10101010011010:1 10101010011011:3 10101010011100:2 10101010011101:1 10101010011111:1 10101010100000:1 10101010100001:3 10101010100010:1 10101010100011:4 10101010100101:12 10101010100110:6 10101010100111:14 10101010101000:38 10101010101001:70 10101010101010:462 10101010101011:1728 10101010101100:110 10101010101101:30 10101010101110:18 10101010101111:8 10101010110000:6 10101010110001:5 10101010110010:2 10101010110011:7 10101010110100:3 10101010110101:3 10101010110110:1 10101010110111:2 10101010111010:2 10101010111011:1 10101010111100:1 10101010111110:1 10101011000100:3 10101011000101:1 10101011000110:1 10101011001001:1 10101011001101:1 10101011010110:1 10101011101010:1 10101111111111:1 11010010001100:1 11010100001111:1 11010100101011:1 11010100101101:1 11010100110011:1 11010100110111:1 11010100111000:2 11010100111110:2 11010100111111:1 11010101000001:3 11010101000010:1 11010101000101:1 11010101001001:1 11010101001010:1 11010101001011:1 11010101001100:1 11010101001101:4 11010101001110:2 11010101001111:3 11010101010000:7 11010101010001:9 11010101010010:11 11010101010011:31 11010101010100:96 11010101010101:1698 11010101010110:449 11010101010111:62 11010101011000:24 11010101011001:17 11010101011010:5 11010101011011:9 11010101011100:5 11010101011101:3 11010101011110:2 11010101011111:3 11010101100000:1 11010101100001:1 11010101100010:3 11010101100011:1 11010101100110:1 11010101100111:2 11010101101001:1 11010101101101:1 11010101101111:2 11010101111011:1 11010101111110:1 11010110001010:1 11010110001110:1 11010110011011:1 11010111000010:1 11010111000110:1 }

	Command being timed: "python3 shor.py 14"
	User time (seconds): 4.93
	System time (seconds): 1.14
	Percent of CPU this job got: 89%
	Elapsed (wall clock) time (h:mm:ss or m:ss): 0:06.79
	Average shared text size (kbytes): 0
	Average unshared data size (kbytes): 0
	Average stack size (kbytes): 0
	Average total size (kbytes): 0
	Maximum resident set size (kbytes): 947936
	Average resident set size (kbytes): 0
	Major (requiring I/O) page faults: 0
	Minor (reclaiming a frame) page faults: 242063
	Voluntary context switches: 3961
	Involuntary context switches: 88
	Swaps: 0
	File system inputs: 0
	File system outputs: 16
	Socket messages sent: 0
	Socket messages received: 0
	Signals delivered: 0
	Page size (bytes): 4096
	Exit status: 0
Measurement results for a=5 and N=21 with 14 qubits in the control register 
{ 00000000000000:2502 00101000111110:1 00101001001000:1 00101001100010:1 00101001110010:1 00101010000011:1 00101010001110:1 00101010001111:1 00101010010010:1 00101010011000:1 00101010011010:1 00101010011101:2 00101010011110:2 00101010100000:3 00101010100001:1 00101010100010:6 00101010100011:6 00101010100100:3 00101010100101:5 00101010100110:5 00101010100111:22 00101010101000:26 00101010101001:57 00101010101010:474 00101010101011:1722 00101010101100:96 00101010101101:32 00101010101110:14 00101010101111:8 00101010110000:2 00101010110001:3 00101010110010:3 00101010110011:1 00101010110100:2 00101010110101:2 00101010110111:2 00101010111001:1 00101010111100:1 00101010111101:1 00101011000000:1 00101011000011:1 00101011001000:1 00101011010010:2 00101100010000:1 00101100110000:1 00110001000000:1 00111110001011:1 01010000101111:1 01010001000010:1 01010100010001:1 01010100101011:1 01010100111001:1 01010100111011:1 01010100111101:1 01010100111110:1 01010101000000:1 01010101000010:2 01010101000100:2 01010101000110:1 01010101001001:3 01010101001010:2 01010101001011:1 01010101001100:4 01010101001101:5 01010101001110:2 01010101001111:4 01010101010000:6 01010101010001:6 01010101010010:17 01010101010011:42 01010101010100:114 01010101010101:1678 01010101010110:420 01010101010111:64 01010101011000:23 01010101011001:16 01010101011010:6 01010101011011:5 01010101011100:2 01010101011101:2 01010101011110:2 01010101011111:3 01010101100001:5 01010101100010:2 01010101101011:1 01010101101100:2 01010101101101:1 01010101101110:1 01010101110111:1 01010101111000:1 01010101111001:1 01010110000001:1 01010110000010:1 01010110001000:1 01010110001010:1 01010110011010:1 01010110011110:1 01010110100011:1 01010111010010:1 01010111011100:1 01100001110010:1 10000000000000:2493 10010110010101:1 10100111001011:1 10101000111010:1 10101000111111:1 10101010000000:1 10101010000011:1 10101010000111:1 10101010001000:1 10101010001010:1 10101010001011:1 10101010001100:1 10101010010001:1 10101010010011:1 10101010010110:1 10101010011001:3 10101010011010:1 10101010011101:3 10101010011110:1 10101010011111:3 10101010100000:3 10101010100001:1 10101010100010:3 10101010100011:8 10101010100100:5 10101010100101:4 10101010100110:5 10101010100111:9 10101010101000:27 10101010101001:61 10101010101010:432 10101010101011:1725 10101010101100:103 10101010101101:34 10101010101110:19 10101010101111:14 10101010110000:11 10101010110001:4 10101010110010:4 10101010110011:4 10101010110100:2 10101010110101:1 10101010110110:2 10101010110111:1 10101010111000:3 10101010111100:1 10101010111101:2 10101010111110:2 10101011000111:1 10101011001000:1 10101011011101:1 10101011011110:1 10101011011111:1 10101100100011:1 10101101000001:1 10101101100000:1 10101101100101:1 10101101101001:1 10110010011000:1 11010011100010:1 11010011111101:1 11010100000010:1 11010100100110:1 11010100101010:1 11010100101111:1 11010100110001:1 11010100111010:1 11010101000000:1 11010101000001:1 11010101000110:1 11010101000111:1 11010101001000:4 11010101001010:3 11010101001100:2 11010101001101:1 11010101001110:1 11010101001111:2 11010101010000:8 11010101010001:8 11010101010010:19 11010101010011:34 11010101010100:110 11010101010101:1690 11010101010110:454 11010101010111:63 11010101011000:25 11010101011001:17 11010101011010:8 11010101011011:5 11010101011100:2 11010101011101:4 11010101011111:3 11010101100000:1 11010101100001:2 11010101100010:2 11010101100110:1 11010101101010:1 11010101101101:1 11010101110000:1 11010101110011:1 11010110001000:1 11010110001100:1 11010110010101:1 11010110011110:1 11010111011011:1 11011000011110:1 11011010001001:1 }

	Command being timed: "python3 shor.py 14"
	User time (seconds): 4.99
	System time (seconds): 1.13
	Percent of CPU this job got: 92%
	Elapsed (wall clock) time (h:mm:ss or m:ss): 0:06.59
	Average shared text size (kbytes): 0
	Average unshared data size (kbytes): 0
	Average stack size (kbytes): 0
	Average total size (kbytes): 0
	Maximum resident set size (kbytes): 945824
	Average resident set size (kbytes): 0
	Major (requiring I/O) page faults: 0
	Minor (reclaiming a frame) page faults: 238976
	Voluntary context switches: 3988
	Involuntary context switches: 87
	Swaps: 0
	File system inputs: 0
	File system outputs: 16
	Socket messages sent: 0
	Socket messages received: 0
	Signals delivered: 0
	Page size (bytes): 4096
	Exit status: 0
Measurement results for a=5 and N=21 with 14 qubits in the control register 
{ 00000000000000:2462 00100000011011:1 00100110000001:1 00101000000101:1 00101001010010:1 00101001110011:1 00101010000001:1 00101010000010:1 00101010010000:1 00101010010101:1 00101010010110:1 00101010010111:1 00101010011000:1 00101010011001:1 00101010011010:2 00101010011100:1 00101010011101:1 00101010100001:3 00101010100010:2 00101010100011:2 00101010100100:5 00101010100101:7 00101010100110:6 00101010100111:18 00101010101000:34 00101010101001:70 00101010101010:467 00101010101011:1695 00101010101100:82 00101010101101:28 00101010101110:17 00101010101111:11 00101010110000:5 00101010110001:4 00101010110010:1 00101010110100:1 00101010110101:2 00101010110110:3 00101010110111:1 00101010111000:3 00101010111011:1 00101010111101:1 00101010111110:2 00101011000001:2 00101011001000:1 00101011010010:1 00101011010101:2 00101011111111:1 00101100000110:1 00101101110100:1 01010010100101:1 01010100010000:1 01010100011111:1 01010100111010:1 01010100111101:1 01010101000001:1 01010101001000:1 01010101001001:1 01010101001100:2 01010101001101:3 01010101001110:1 01010101001111:5 01010101010000:4 01010101010001:3 01010101010010:11 01010101010011:35 01010101010100:98 01010101010101:1673 01010101010110:433 01010101010111:76 01010101011000:25 01010101011001:17 01010101011010:7 01010101011011:4 01010101011100:1 01010101011101:3 01010101011110:5 01010101011111:3 01010101100000:2 01010101100001:1 01010101100010:1 01010101100011:2 01010101100101:2 01010101100111:1 01010101110001:1 01010101110011:2 01010101110111:1 01010101111001:1 01010110010001:1 01010110100011:1 01010110110101:1 01010111110001:1 10000000000000:2598 10101000110100:1 10101001100011:1 10101001101000:1 10101001101101:1 10101010001001:1 10101010001011:2 10101010010110:1 10101010010111:1 10101010011110:1 10101010011111:4 10101010100000:1 10101010100001:1 10101010100010:3 10101010100011:4 10101010100100:3 10101010100101:5 10101010100110:8 10101010100111:13 10101010101000:28 10101010101001:83 10101010101010:435 10101010101011:1698 10101010101100:118 10101010101101:37 10101010101110:18 10101010101111:7 10101010110000:5 10101010110001:4 10101010110010:4 10101010110011:2 10101010110100:3 10101010110101:1 10101010110110:1 10101010111000:2 10101010111010:1 10101010111011:1 10101010111100:1 10101010111111:1 10101011000001:2 10101011000011:2 10101011000100:1 10101011000110:1 10101011000111:1 10101011010100:1 10101011011010:1 10101011101010:1 10101100000011:1 10101100100010:1 10101100110101:1 11001110011110:1 11010011110011:1 11010100100110:1 11010100100111:1 11010100101100:1 11010100110001:1 11010100110010:1 11010100110101:1 11010100111010:1 11010100111101:1 11010100111110:1 11010101000000:1 11010101000011:1 11010101000110:2 11010101000111:1 11010101001000:2 11010101001001:2 11010101001011:3 11010101001101:4 11010101001110:7 11010101001111:2 11010101010000:7 11010101010001:10 11010101010010:12 11010101010011:37 11010101010100:109 11010101010101:1701 11010101010110:440 11010101010111:70 11010101011000:24 11010101011001:11 11010101011010:6 11010101011011:6 11010101011100:6 11010101011101:1 11010101011110:2 11010101011111:1 11010101100001:3 11010101100010:2 11010101100100:1 11010101100101:1 11010101101010:2 11010101111000:1 11010110000101:1 11010110111100:1 11010111010011:1 11100101111001:1 }

	Command being timed: "python3 shor.py 14"
	User time (seconds): 5.02
	System time (seconds): 1.11
	Percent of CPU this job got: 89%
	Elapsed (wall clock) time (h:mm:ss or m:ss): 0:06.88
	Average shared text size (kbytes): 0
	Average unshared data size (kbytes): 0
	Average stack size (kbytes): 0
	Average total size (kbytes): 0
	Maximum resident set size (kbytes): 946392
	Average resident set size (kbytes): 0
	Major (requiring I/O) page faults: 0
	Minor (reclaiming a frame) page faults: 229005
	Voluntary context switches: 3984
	Involuntary context switches: 92
	Swaps: 0
	File system inputs: 0
	File system outputs: 16
	Socket messages sent: 0
	Socket messages received: 0
	Signals delivered: 0
	Page size (bytes): 4096
	Exit status: 0
Measurement results for a=5 and N=21 with 14 qubits in the control register 
{ 00000000000000:2543 00100111101011:1 00101001111110:1 00101010000010:1 00101010001100:1 00101010010000:1 00101010010110:1 00101010011000:1 00101010011100:1 00101010011110:1 00101010011111:2 00101010100000:1 00101010100010:4 00101010100011:2 00101010100100:4 00101010100101:5 00101010100110:11 00101010100111:9 00101010101000:26 00101010101001:71 00101010101010:416 00101010101011:1679 00101010101100:100 00101010101101:30 00101010101110:10 00101010101111:10 00101010110000:5 00101010110001:8 00101010110010:9 00101010110011:3 00101010110100:5 00101010110101:4 00101010110110:1 00101010110111:1 00101010111000:1 00101010111010:1 00101010111100:1 00101010111101:2 00101011000110:1 00101011001000:1 00101011001101:1 00101011001111:1 00101011011110:1 00101011100110:1 00101100001100:1 00101100010000:1 01010010000111:1 01010010111001:1 01010011011111:1 01010100011111:1 01010100101110:1 01010100101111:1 01010101000010:1 01010101000101:1 01010101001001:4 01010101001010:2 01010101001011:3 01010101001101:5 01010101001110:2 01010101001111:7 01010101010000:8 01010101010001:9 01010101010010:18 01010101010011:41 01010101010100:99 01010101010101:1719 01010101010110:416 01010101010111:75 01010101011000:33 01010101011001:21 01010101011010:13 01010101011011:8 01010101011100:3 01010101011101:5 01010101011110:4 01010101011111:3 01010101100000:2 01010101100010:2 01010101100011:3 01010101101000:1 01010101110000:1 01010101110100:2 01010101111101:1 10000000000000:2497 10100000111011:1 10100100011100:1 10100111010010:1 10101000100001:1 10101001110011:1 10101010001011:1 10101010010111:1 10101010011000:1 10101010011001:1 10101010011011:1 10101010011100:2 10101010011101:3 10101010011110:4 10101010011111:3 10101010100000:1 10101010100001:2 10101010100010:4 10101010100011:2 10101010100100:5 10101010100101:4 10101010100110:13 10101010100111:9 10101010101000:22 10101010101001:70 10101010101010:434 10101010101011:1740 10101010101100:116 10101010101101:33 10101010101110:17 10101010101111:9 10101010110000:5 10101010110001:4 10101010110010:3 10101010110011:5 10101010110101:5 10101010110110:1 10101010110111:3 10101010111000:1 10101010111001:1 10101010111010:3 10101010111111:1 10101011000000:2 10101011001001:1 10101011010000:1 10101011011100:2 10101011011111:1 10101011100010:1 10101011111000:1 10101101001101:1 10111001001100:1 11000111101010:1 11010011010010:1 11010100001111:1 11010100110001:1 11010100111000:1 11010101000001:1 11010101000010:2 11010101000011:1 11010101000100:1 11010101000111:2 11010101001000:1 11010101001010:2 11010101001100:1 11010101001101:1 11010101001110:1 11010101001111:4 11010101010000:5 11010101010001:10 11010101010010:8 11010101010011:29 11010101010100:94 11010101010101:1708 11010101010110:422 11010101010111:82 11010101011000:24 11010101011001:12 11010101011010:13 11010101011011:8 11010101011100:4 11010101011110:3 11010101011111:2 11010101100000:1 11010101100011:1 11010101100110:1 11010101101000:1 11010101101010:1 11010101101011:2 11010101101100:1 11010101101110:1 11010110000101:1 11010110001100:1 11010110011000:1 }

	Command being timed: "python3 shor.py 14"
	User time (seconds): 4.94
	System time (seconds): 1.24
	Percent of CPU this job got: 88%
	Elapsed (wall clock) time (h:mm:ss or m:ss): 0:06.98
	Average shared text size (kbytes): 0
	Average unshared data size (kbytes): 0
	Average stack size (kbytes): 0
	Average total size (kbytes): 0
	Maximum resident set size (kbytes): 946260
	Average resident set size (kbytes): 0
	Major (requiring I/O) page faults: 0
	Minor (reclaiming a frame) page faults: 241707
	Voluntary context switches: 4108
	Involuntary context switches: 84
	Swaps: 0
	File system inputs: 0
	File system outputs: 16
	Socket messages sent: 0
	Socket messages received: 0
	Signals delivered: 0
	Page size (bytes): 4096
	Exit status: 0
Measurement results for a=5 and N=21 with 14 qubits in the control register 
{ 00000000000000:2478 00101001010000:1 00101001101110:1 00101010001100:1 00101010010010:1 00101010010111:2 00101010011000:1 00101010011010:1 00101010011100:1 00101010011110:1 00101010011111:3 00101010100000:2 00101010100001:1 00101010100010:1 00101010100011:4 00101010100100:9 00101010100101:5 00101010100110:3 00101010100111:19 00101010101000:21 00101010101001:65 00101010101010:452 00101010101011:1724 00101010101100:123 00101010101101:28 00101010101110:22 00101010101111:14 00101010110000:8 00101010110001:2 00101010110010:2 00101010110011:5 00101010110100:5 00101010110101:1 00101010110110:2 00101010111000:2 00101010111010:1 00101010111101:1 00101011000001:1 00101011001000:1 00101011010101:1 00101011010110:2 00101011110001:1 00101011110110:1 00101100110010:1 01010000101001:1 01010001110011:1 01010100110000:1 01010100111011:1 01010100111110:1 01010100111111:1 01010101000000:1 01010101000001:2 01010101000100:1 01010101000101:1 01010101000111:1 01010101001001:2 01010101001010:2 01010101001100:1 01010101001101:3 01010101001110:2 01010101001111:2 01010101010000:10 01010101010001:6 01010101010010:16 01010101010011:35 01010101010100:95 01010101010101:1706 01010101010110:444 01010101010111:74 01010101011000:31 01010101011001:10 01010101011010:11 01010101011011:7 01010101011100:3 01010101011101:1 01010101011110:2 01010101011111:5 01010101100001:4 01010101100010:2 01010101100100:2 01010101100110:1 01010101101000:1 01010101101011:1 01010101101101:1 01010101110000:1 01010101110100:1 01010101111010:1 01010101111110:1 01010110000010:1 01010110001101:1 01010111101011:1 01011000010000:1 10000000000000:2570 10000111001001:1 10100110011101:1 10101001100000:1 10101001101001:1 10101001111110:1 10101010000010:1 10101010000011:1 10101010000101:1 10101010001110:1 10101010010001:1 10101010010111:1 10101010011011:1 10101010011101:2 10101010011110:2 10101010011111:2 10101010100000:1 10101010100001:4 10101010100010:1 10101010100011:2 10101010100100:4 10101010100101:7 10101010100110:12 10101010100111:21 10101010101000:28 10101010101001:73 10101010101010:452 10101010101011:1681 10101010101100:106 10101010101101:28 10101010101110:23 10101010101111:8 10101010110000:11 10101010110001:4 10101010110010:1 10101010110011:5 10101010110101:2 10101010110110:2 10101010111000:3 10101010111010:1 10101010111011:2 10101010111100:1 10101010111101:1 10101011000001:1 10101011001000:1 10101011010000:1 10101011011010:1 10101011011110:1 10101011111001:1 10101100100011:1 11010010100101:1 11010011111000:1 11010100010010:1 11010100101000:1 11010100101010:1 11010100101111:1 11010100110101:1 11010100111000:2 11010100111010:1 11010100111011:2 11010100111101:1 11010100111111:1 11010101000000:1 11010101000010:1 11010101000011:1 11010101000110:1 11010101000111:3 11010101001001:1 11010101001010:1 11010101001011:2 11010101001100:1 11010101001101:5 11010101001110:7 11010101001111:9 11010101010000:6 11010101010001:9 11010101010010:11 11010101010011:19 11010101010100:96 11010101010101:1658 11010101010110:412 11010101010111:62 11010101011000:20 11010101011001:17 11010101011010:12 11010101011011:6 11010101011100:2 11010101011101:4 11010101011110:1 11010101100000:3 11010101100010:1 11010101100110:1 11010101100111:1 11010101101000:1 11010101101001:1 11010101101100:1 11010101101111:1 11010101110111:1 11010101111001:1 11010110000010:2 11010110110101:1 11010111010100:1 11011000010001:1 11011000100110:1 }

	Command being timed: "python3 shor.py 14"
	User time (seconds): 4.90
	System time (seconds): 1.20
	Percent of CPU this job got: 91%
	Elapsed (wall clock) time (h:mm:ss or m:ss): 0:06.67
	Average shared text size (kbytes): 0
	Average unshared data size (kbytes): 0
	Average stack size (kbytes): 0
	Average total size (kbytes): 0
	Maximum resident set size (kbytes): 945888
	Average resident set size (kbytes): 0
	Major (requiring I/O) page faults: 0
	Minor (reclaiming a frame) page faults: 229413
	Voluntary context switches: 4048
	Involuntary context switches: 82
	Swaps: 0
	File system inputs: 0
	File system outputs: 16
	Socket messages sent: 0
	Socket messages received: 0
	Signals delivered: 0
	Page size (bytes): 4096
	Exit status: 0
Measurement results for a=5 and N=21 with 14 qubits in the control register 
{ 00000000000000:2514 00000101111100:1 00100011101110:1 00101000011011:1 00101001000011:1 00101001001100:1 00101001010110:1 00101001100001:1 00101001100011:1 00101001100101:1 00101001101000:1 00101001110111:1 00101010001101:1 00101010001110:1 00101010010011:1 00101010010110:1 00101010011000:3 00101010011110:1 00101010011111:3 00101010100000:3 00101010100001:6 00101010100010:1 00101010100011:2 00101010100100:5 00101010100101:3 00101010100110:5 00101010100111:8 00101010101000:31 00101010101001:71 00101010101010:442 00101010101011:1685 00101010101100:95 00101010101101:39 00101010101110:15 00101010101111:12 00101010110000:3 00101010110001:6 00101010110010:3 00101010110011:2 00101010110100:1 00101010110101:2 00101010110111:1 00101010111000:2 00101010111011:1 00101010111100:1 00101010111110:1 00101010111111:2 00101011000010:1 00101011000011:1 00101011000111:1 00101011001010:1 00101011001101:1 00101011011001:1 00101011011111:1 00101011110100:1 00101011111110:1 00101100011111:2 00101101001110:1 00110111110101:1 01000100011011:1 01001101001011:1 01010100101001:1 01010100110000:1 01010100110100:1 01010100111001:1 01010100111011:1 01010100111100:1 01010101000001:1 01010101000011:2 01010101000101:1 01010101001000:2 01010101001010:5 01010101001011:3 01010101001100:3 01010101001101:5 01010101001110:7 01010101001111:5 01010101010000:9 01010101010001:7 01010101010010:15 01010101010011:34 01010101010100:95 01010101010101:1692 01010101010110:446 01010101010111:61 01010101011000:34 01010101011001:18 01010101011010:13 01010101011011:3 01010101011100:5 01010101011101:8 01010101011110:2 01010101011111:4 01010101100000:2 01010101100010:1 01010101101000:1 01010101101100:1 01010101101110:1 01010101110111:1 01010101111010:1 01010101111110:2 01010110001010:1 01010110011110:1 01010110011111:1 01010111000100:1 01011001110000:1 01011010011110:2 01011011001000:1 10000000000000:2565 10100111010010:1 10100111100110:1 10101000010000:1 10101000101011:1 10101000111001:1 10101001101001:1 10101001101101:1 10101001101111:1 10101001111000:1 10101010000000:2 10101010001000:1 10101010001001:1 10101010001100:1 10101010001101:1 10101010010001:1 10101010011000:1 10101010011001:1 10101010011100:1 10101010011111:2 10101010100000:5 10101010100010:2 10101010100011:1 10101010100100:4 10101010100101:8 10101010100110:6 10101010100111:11 10101010101000:21 10101010101001:79 10101010101010:433 10101010101011:1691 10101010101100:99 10101010101101:27 10101010101110:12 10101010101111:10 10101010110000:4 10101010110001:1 10101010110010:4 10101010110011:2 10101010110110:2 10101010110111:1 10101010111001:1 10101010111010:2 10101010111011:1 10101010111101:2 10101010111111:1 10101011000000:1 10101011000001:1 10101011000011:1 10101011001100:1 10101011001111:2 10101011010001:1 10101011010011:1 10101011010110:1 10101011010111:1 10101100011111:1 11010010011011:1 11010100001111:1 11010100010101:1 11010100100000:1 11010100101000:1 11010100101001:1 11010100101111:1 11010100110110:1 11010100110111:1 11010100111011:2 11010100111111:3 11010101000011:1 11010101000100:1 11010101000101:2 11010101000110:1 11010101001000:1 11010101001001:2 11010101001010:1 11010101001011:2 11010101001100:2 11010101001101:3 11010101001110:5 11010101001111:3 11010101010000:8 11010101010001:7 11010101010010:13 11010101010011:28 11010101010100:131 11010101010101:1672 11010101010110:441 11010101010111:65 11010101011000:31 11010101011001:12 11010101011010:7 11010101011011:5 11010101011101:3 11010101011110:1 11010101100000:2 11010101100010:2 11010101101010:1 11010101110001:1 11010110000000:1 11010110010001:1 }

	Command being timed: "python3 shor.py 14"
	User time (seconds): 4.92
	System time (seconds): 1.07
	Percent of CPU this job got: 94%
	Elapsed (wall clock) time (h:mm:ss or m:ss): 0:06.37
	Average shared text size (kbytes): 0
	Average unshared data size (kbytes): 0
	Average stack size (kbytes): 0
	Average total size (kbytes): 0
	Maximum resident set size (kbytes): 945472
	Average resident set size (kbytes): 0
	Major (requiring I/O) page faults: 0
	Minor (reclaiming a frame) page faults: 180130
	Voluntary context switches: 3990
	Involuntary context switches: 82
	Swaps: 0
	File system inputs: 0
	File system outputs: 24
	Socket messages sent: 0
	Socket messages received: 0
	Signals delivered: 0
	Page size (bytes): 4096
	Exit status: 0
Measurement results for a=5 and N=21 with 14 qubits in the control register 
{ 00000000000000:2488 00010110100110:1 00100011101011:1 00101000011011:1 00101000100010:1 00101010000100:1 00101010001010:1 00101010010001:1 00101010010101:1 00101010010110:1 00101010011000:1 00101010011001:1 00101010011110:1 00101010100000:2 00101010100001:2 00101010100011:2 00101010100100:6 00101010100101:8 00101010100110:7 00101010100111:14 00101010101000:19 00101010101001:63 00101010101010:432 00101010101011:1756 00101010101100:116 00101010101101:37 00101010101110:23 00101010101111:16 00101010110000:2 00101010110001:1 00101010110010:4 00101010110011:2 00101010110101:1 00101010110110:1 00101010110111:3 00101010111000:1 00101010111011:1 00101010111100:1 00101011000001:3 00101011000110:1 00101011010001:1 00101011011000:1 00101011100000:1 00101100100110:1 00101100110111:1 00111011111000:1 01000010011110:1 01001110011011:1 01010010110100:1 01010011010010:1 01010011011010:1 01010100101000:1 01010100101011:1 01010100110111:1 01010100111000:1 01010100111011:1 01010100111100:1 01010101000001:2 01010101000100:1 01010101000101:2 01010101001001:4 01010101001100:2 01010101001101:1 01010101001110:6 01010101001111:5 01010101010000:5 01010101010001:9 01010101010010:21 01010101010011:33 01010101010100:109 01010101010101:1675 01010101010110:425 01010101010111:61 01010101011000:24 01010101011001:14 01010101011010:5 01010101011011:1 01010101011100:3 01010101011101:4 01010101011110:4 01010101011111:1 01010101100000:3 01010101100001:2 01010101100100:1 01010101100101:2 01010101100110:1 01010101101011:1 01010110000110:1 01010110100011:1 01010110101001:1 01010110110001:1 01010111000011:1 01010111010011:1 01010111100111:1 01011000001101:1 01100110101001:1 10000000000000:2475 10000101000010:1 10100100011001:1 10101000010101:1 10101001000111:1 10101001011001:1 10101001011110:1 10101001100100:1 10101001101001:1 10101010000110:1 10101010000111:1 10101010001101:2 10101010001111:1 10101010010001:1 10101010010010:1 10101010010111:1 10101010011010:1 10101010011011:3 10101010011100:2 10101010011101:1 10101010011111:5 10101010100000:2 10101010100001:3 10101010100010:2 10101010100011:4 10101010100100:5 10101010100101:5 10101010100110:13 10101010100111:14 10101010101000:31 10101010101001:62 10101010101010:448 10101010101011:1735 10101010101100:108 10101010101101:29 10101010101110:13 10101010101111:12 10101010110000:6 10101010110001:5 10101010110010:5 10101010110011:1 10101010110100:3 10101010110101:4 10101010110110:3 10101010110111:3 10101010111000:2 10101010111001:2 10101010111010:1 10101010111011:2 10101010111100:2 10101011000001:1 10101011000100:1 10101011000101:1 10101011000110:1 10101011001011:1 10101011010000:1 10101011010100:1 10101011101100:1 10101011110011:1 10101100000011:1 10101100011001:1 10101100110011:1 10101100111001:1 10101100111110:1 10101101110011:1 10110000011011:1 10110000101001:1 10110001000111:1 11010010001111:1 11010100001100:1 11010100010000:1 11010100010110:1 11010100101110:1 11010100111100:1 11010100111101:1 11010101000001:1 11010101000011:2 11010101000100:1 11010101000101:1 11010101000110:1 11010101000111:1 11010101001010:1 11010101001100:2 11010101001101:2 11010101001110:5 11010101001111:3 11010101010000:6 11010101010001:12 11010101010010:16 11010101010011:28 11010101010100:104 11010101010101:1651 11010101010110:471 11010101010111:65 11010101011000:34 11010101011001:16 11010101011010:7 11010101011011:6 11010101011101:4 11010101011110:5 11010101011111:5 11010101100000:1 11010101100001:1 11010101100010:4 11010101100011:3 11010101100110:2 11010101101100:2 11010101110000:1 11010101110001:1 11010101111001:1 11010101111011:1 11010110101011:1 11010111000010:1 11010111000100:1 }

	Command being timed: "python3 shor.py 14"
	User time (seconds): 4.92
	System time (seconds): 1.10
	Percent of CPU this job got: 93%
	Elapsed (wall clock) time (h:mm:ss or m:ss): 0:06.46
	Average shared text size (kbytes): 0
	Average unshared data size (kbytes): 0
	Average stack size (kbytes): 0
	Average total size (kbytes): 0
	Maximum resident set size (kbytes): 945108
	Average resident set size (kbytes): 0
	Major (requiring I/O) page faults: 0
	Minor (reclaiming a frame) page faults: 244160
	Voluntary context switches: 3886
	Involuntary context switches: 85
	Swaps: 0
	File system inputs: 0
	File system outputs: 24
	Socket messages sent: 0
	Socket messages received: 0
	Signals delivered: 0
	Page size (bytes): 4096
	Exit status: 0
Measurement results for a=5 and N=21 with 14 qubits in the control register 
{ 00000000000000:2464 00100111000010:1 00101001110011:1 00101001110110:1 00101001111010:1 00101001111101:1 00101010001001:1 00101010001110:1 00101010001111:1 00101010010011:1 00101010010100:1 00101010011001:1 00101010011010:1 00101010011101:1 00101010011110:1 00101010011111:1 00101010100000:1 00101010100001:6 00101010100010:4 00101010100011:4 00101010100100:3 00101010100101:6 00101010100110:11 00101010100111:13 00101010101000:32 00101010101001:49 00101010101010:461 00101010101011:1782 00101010101100:107 00101010101101:32 00101010101110:27 00101010101111:7 00101010110000:8 00101010110001:4 00101010110010:3 00101010110011:4 00101010110101:3 00101010110110:1 00101010111000:1 00101010111001:1 00101010111010:2 00101010111101:1 00101010111110:1 00101010111111:1 00101011000011:1 00101011001110:1 00101011010101:1 00101011110000:1 00101101110100:1 00101111000111:1 00111111010111:1 01010011110111:1 01010100001100:1 01010100110000:1 01010100110011:1 01010100110101:1 01010100111000:1 01010100111011:1 01010100111100:2 01010100111101:1 01010100111110:1 01010100111111:1 01010101000000:1 01010101000010:1 01010101000011:1 01010101000110:3 01010101001000:1 01010101001001:1 01010101001010:2 01010101001011:3 01010101001100:1 01010101001101:7 01010101001110:7 01010101001111:6 01010101010000:13 01010101010001:10 01010101010010:20 01010101010011:35 01010101010100:87 01010101010101:1703 01010101010110:440 01010101010111:79 01010101011000:32 01010101011001:15 01010101011010:8 01010101011011:7 01010101011100:5 01010101011101:4 01010101011110:6 01010101011111:2 01010101100010:3 01010101100011:2 01010101100100:1 01010101100101:1 01010101100110:1 01010101100111:1 01010101101000:3 01010101101001:1 01010101101010:1 01010101110000:2 01010101111010:1 01010110010000:1 01010110011000:1 10000000000000:2479 10100100111110:1 10100110100001:1 10100111010110:1 10100111101001:1 10101010001000:1 10101010001010:1 10101010001011:1 10101010010100:1 10101010010101:1 10101010010110:1 10101010011000:1 10101010011001:1 10101010011010:1 10101010011100:2 10101010011110:1 10101010011111:2 10101010100001:1 10101010100010:2 10101010100011:7 10101010100100:3 10101010100101:6 10101010100110:12 10101010100111:17 10101010101000:23 10101010101001:71 10101010101010:418 10101010101011:1697 10101010101100:99 10101010101101:29 10101010101110:14 10101010101111:7 10101010110000:9 10101010110001:5 10101010110011:2 10101010110100:2 10101010110111:3 10101010111001:1 10101010111010:1 10101010111011:1 10101011000000:1 10101011001001:1 10101011001110:1 10101011011000:2 10101011011100:1 10101011100001:1 10101011101111:1 10101100001000:1 10101100010100:1 10101100101001:1 10110001100011:1 11001111110011:1 11010011110101:1 11010011111111:1 11010100101000:1 11010100101101:1 11010100110111:1 11010100111010:1 11010100111111:1 11010101000001:1 11010101000010:1 11010101000011:1 11010101000101:1 11010101001000:1 11010101001001:2 11010101001011:3 11010101001100:3 11010101001101:3 11010101001110:3 11010101001111:6 11010101010000:8 11010101010001:12 11010101010010:15 11010101010011:32 11010101010100:110 11010101010101:1643 11010101010110:450 11010101010111:86 11010101011000:26 11010101011001:9 11010101011010:7 11010101011011:8 11010101011100:6 11010101011101:3 11010101011110:3 11010101011111:2 11010101100000:3 11010101100001:1 11010101100010:1 11010101100110:1 11010101101000:2 11010101101011:1 11010101110011:2 11010101111000:1 11010110000011:1 11010110010101:1 11010111010000:1 11010111011011:1 }

	Command being timed: "python3 shor.py 14"
	User time (seconds): 5.00
	System time (seconds): 1.08
	Percent of CPU this job got: 93%
	Elapsed (wall clock) time (h:mm:ss or m:ss): 0:06.53
	Average shared text size (kbytes): 0
	Average unshared data size (kbytes): 0
	Average stack size (kbytes): 0
	Average total size (kbytes): 0
	Maximum resident set size (kbytes): 949796
	Average resident set size (kbytes): 0
	Major (requiring I/O) page faults: 0
	Minor (reclaiming a frame) page faults: 225862
	Voluntary context switches: 3882
	Involuntary context switches: 93
	Swaps: 0
	File system inputs: 0
	File system outputs: 24
	Socket messages sent: 0
	Socket messages received: 0
	Signals delivered: 0
	Page size (bytes): 4096
	Exit status: 0
Measurement results for a=5 and N=21 with 14 qubits in the control register 
{ 00000000000000:2533 00101000001111:1 00101010000000:1 00101010010011:1 00101010010111:1 00101010011001:1 00101010011010:1 00101010011011:2 00101010011100:1 00101010011110:2 00101010011111:2 00101010100001:4 00101010100010:3 00101010100011:2 00101010100100:4 00101010100101:2 00101010100110:9 00101010100111:13 00101010101000:29 00101010101001:59 00101010101010:437 00101010101011:1691 00101010101100:114 00101010101101:35 00101010101110:11 00101010101111:17 00101010110000:5 00101010110001:7 00101010110010:4 00101010110011:3 00101010110100:2 00101010110101:5 00101010110111:1 00101010111000:1 00101010111010:2 00101010111100:1 00101010111101:1 00101011000100:1 00101011001010:1 00101011100100:1 00101101011010:1 01001111100101:1 01010010000011:1 01010010010100:1 01010010110100:1 01010100001010:1 01010100001100:1 01010100010111:1 01010100100100:1 01010100101010:1 01010100111001:1 01010100111100:1 01010100111101:1 01010101000000:1 01010101000010:1 01010101000110:1 01010101001000:1 01010101001001:3 01010101001010:1 01010101001011:1 01010101001100:4 01010101001101:2 01010101001110:5 01010101001111:5 01010101010000:7 01010101010001:7 01010101010010:17 01010101010011:43 01010101010100:103 01010101010101:1699 01010101010110:471 01010101010111:71 01010101011000:24 01010101011001:16 01010101011010:14 01010101011011:7 01010101011100:2 01010101011101:4 01010101011110:2 01010101011111:1 01010101100000:2 01010101100010:1 01010101100110:1 01010101101001:2 01010101101010:2 01010101110101:1 01010101111000:1 01010110001101:1 01010110110110:1 01010111010000:1 01011011100001:1 10000000000000:2462 10100011010001:1 10100100000000:1 10101001010110:1 10101001100111:1 10101001101001:1 10101001110011:1 10101001110110:1 10101010001110:1 10101010010111:2 10101010011001:1 10101010011010:1 10101010011011:1 10101010011101:3 10101010011110:1 10101010100001:2 10101010100010:1 10101010100011:1 10101010100100:1 10101010100101:8 10101010100110:11 10101010100111:21 10101010101000:21 10101010101001:69 10101010101010:453 10101010101011:1679 10101010101100:101 10101010101101:35 10101010101110:17 10101010101111:10 10101010110000:7 10101010110001:4 10101010110010:5 10101010110011:3 10101010110100:1 10101010110111:1 10101010111000:4 10101010111001:1 10101010111010:1 10101010111011:1 10101010111100:1 10101010111110:1 10101011000001:1 10101011000101:1 10101011000111:1 10101011001110:1 10101011010000:1 10101011010110:1 10101011101001:1 10101011111001:1 10101011111011:1 10101100100001:1 10101101001100:1 10101111011000:1 11010100010100:1 11010100010110:1 11010100100101:1 11010100111000:1 11010100111011:1 11010100111100:1 11010100111101:1 11010100111111:1 11010101000000:1 11010101000010:1 11010101000100:1 11010101000111:1 11010101001000:3 11010101001010:3 11010101001011:1 11010101001100:4 11010101001110:7 11010101001111:5 11010101010000:12 11010101010001:15 11010101010010:11 11010101010011:34 11010101010100:116 11010101010101:1659 11010101010110:457 11010101010111:68 11010101011000:23 11010101011001:14 11010101011010:10 11010101011011:6 11010101011100:5 11010101011101:3 11010101011110:7 11010101011111:1 11010101100000:2 11010101100001:2 11010101100010:1 11010101100011:1 11010101100100:3 11010101100111:2 11010101101000:3 11010101101011:1 11010101110110:1 11010101111001:1 11010101111010:1 11010110000000:1 11010110000100:1 11010111001101:1 11010111011110:1 }

	Command being timed: "python3 shor.py 14"
	User time (seconds): 4.90
	System time (seconds): 1.11
	Percent of CPU this job got: 94%
	Elapsed (wall clock) time (h:mm:ss or m:ss): 0:06.34
	Average shared text size (kbytes): 0
	Average unshared data size (kbytes): 0
	Average stack size (kbytes): 0
	Average total size (kbytes): 0
	Maximum resident set size (kbytes): 948648
	Average resident set size (kbytes): 0
	Major (requiring I/O) page faults: 0
	Minor (reclaiming a frame) page faults: 224398
	Voluntary context switches: 4413
	Involuntary context switches: 89
	Swaps: 0
	File system inputs: 0
	File system outputs: 24
	Socket messages sent: 0
	Socket messages received: 0
	Signals delivered: 0
	Page size (bytes): 4096
	Exit status: 0
