WARNING: overwriting environment variables set in the machine
overwriting variable ['LD_LIBRARY_PATH']
Measurement results for a=5 and N=21 with 10 qubits in the control register 
{ 0000000000:2500 0000100010:1 0000110001:1 0001100101:1 0001101010:1 0001111101:1 0010000001:1 0010001010:1 0010001100:1 0010001101:1 0010010001:1 0010010011:2 0010100001:2 0010100010:2 0010100011:3 0010100100:5 0010100110:8 0010100111:18 0010101000:24 0010101001:81 0010101010:386 0010101011:1708 0010101100:105 0010101101:29 0010101110:15 0010101111:13 0010110000:5 0010110001:4 0010110010:1 0010110011:2 0010110100:3 0010110101:1 0010110110:4 0010111000:1 0010111001:2 0010111010:1 0010111011:2 0011000000:1 0011000001:1 0011000101:1 0011000110:1 0011000111:1 0011001110:1 0011010001:1 0011011000:1 0011011011:1 0011100110:1 0011101011:1 0011110100:1 0100000111:1 0100010100:1 0100110100:2 0100111011:1 0100111110:1 0101000000:1 0101000001:1 0101001001:1 0101001010:3 0101001011:2 0101001100:2 0101001101:5 0101001110:4 0101001111:4 0101010000:10 0101010001:17 0101010010:22 0101010011:40 0101010100:114 0101010101:1777 0101010110:408 0101010111:65 0101011000:23 0101011001:15 0101011010:8 0101011011:4 0101011100:1 0101011101:3 0101011110:2 0101100000:3 0101100001:3 0101100010:2 0101100011:1 0101100101:1 0101100111:1 0101101010:1 0101101100:1 0101101101:2 0101101111:2 0101110101:1 0110000000:1 0110000011:1 0110111000:1 0110111110:1 0111000011:1 0111000100:1 1000000000:2532 1000011110:1 1001100011:1 1001110110:1 1001110111:1 1010010100:1 1010011001:1 1010011010:1 1010011100:1 1010011101:3 1010011111:4 1010100000:2 1010100001:4 1010100010:5 1010100011:4 1010100100:3 1010100101:4 1010100110:8 1010100111:20 1010101000:29 1010101001:63 1010101010:419 1010101011:1654 1010101100:109 1010101101:34 1010101110:24 1010101111:4 1010110000:9 1010110001:8 1010110010:3 1010110011:2 1010110100:2 1010110101:3 1010110110:1 1010110111:2 1010111011:2 1010111101:2 1010111110:1 1010111111:1 1011000101:1 1011001101:2 1011010000:1 1011010001:1 1011101000:1 1011110100:1 1011110110:1 1100000101:1 1100000111:1 1100010101:1 1100101001:1 1100111000:1 1100111110:1 1101000011:1 1101000110:1 1101000111:1 1101001010:1 1101001011:1 1101001100:4 1101001101:5 1101001110:1 1101001111:8 1101010000:9 1101010001:6 1101010010:14 1101010011:43 1101010100:122 1101010101:1686 1101010110:438 1101010111:66 1101011000:23 1101011001:17 1101011010:14 1101011011:9 1101011100:8 1101011101:1 1101011110:5 1101011111:3 1101100000:1 1101100001:5 1101100100:1 1101100101:1 1101101000:1 1101101001:1 1101101010:1 1101101011:1 1101101100:1 1101110001:1 1101110100:1 1110000000:1 1110000011:1 1110000110:2 }

	Command being timed: "python3 shor.py 10"
	User time (seconds): 0.86
	System time (seconds): 0.87
	Percent of CPU this job got: 74%
	Elapsed (wall clock) time (h:mm:ss or m:ss): 0:02.32
	Average shared text size (kbytes): 0
	Average unshared data size (kbytes): 0
	Average stack size (kbytes): 0
	Average total size (kbytes): 0
	Maximum resident set size (kbytes): 602784
	Average resident set size (kbytes): 0
	Major (requiring I/O) page faults: 0
	Minor (reclaiming a frame) page faults: 70368
	Voluntary context switches: 3651
	Involuntary context switches: 28
	Swaps: 0
	File system inputs: 0
	File system outputs: 16
	Socket messages sent: 0
	Socket messages received: 0
	Signals delivered: 0
	Page size (bytes): 4096
	Exit status: 0
Measurement results for a=5 and N=21 with 10 qubits in the control register 
{ 0000000000:2486 0000010100:1 0001110011:1 0001111011:2 0010001010:1 0010010100:1 0010010110:1 0010010111:2 0010011001:1 0010011110:1 0010011111:2 0010100000:2 0010100001:3 0010100010:2 0010100011:2 0010100100:8 0010100101:4 0010100110:8 0010100111:17 0010101000:26 0010101001:75 0010101010:437 0010101011:1741 0010101100:108 0010101101:36 0010101110:17 0010101111:7 0010110000:9 0010110001:5 0010110010:2 0010110011:6 0010110100:3 0010110101:2 0010110110:2 0010110111:1 0010111000:2 0010111001:2 0010111011:2 0010111100:1 0010111101:2 0010111111:2 0011000001:1 0011001000:2 0011001110:1 0011010000:1 0011010001:1 0011011011:1 0100001111:1 0100010000:1 0100100001:1 0100101000:1 0100110001:1 0100110011:1 0100111010:1 0100111101:1 0101000000:1 0101000010:1 0101000011:2 0101000100:3 0101000110:1 0101000111:1 0101001010:1 0101001011:1 0101001100:3 0101001101:3 0101001110:11 0101001111:7 0101010000:3 0101010001:6 0101010010:23 0101010011:34 0101010100:108 0101010101:1647 0101010110:397 0101010111:66 0101011000:42 0101011001:15 0101011010:6 0101011011:8 0101011100:1 0101011101:3 0101011110:1 0101011111:2 0101100000:4 0101100001:1 0101100010:1 0101100011:2 0101100100:2 0101100101:3 0101100111:1 0101101000:1 0101101001:1 0101101010:1 0101101011:1 0101101100:1 0101110100:1 0101111010:1 0110000011:1 0110001111:1 0110110001:1 1000000000:2393 1000001100:1 1001001001:1 1001001101:1 1001100100:1 1001110101:1 1001111010:1 1010000110:1 1010001101:1 1010010011:2 1010011010:1 1010011011:2 1010011100:1 1010011101:2 1010011111:1 1010100000:5 1010100010:3 1010100011:3 1010100100:7 1010100101:8 1010100110:5 1010100111:16 1010101000:25 1010101001:81 1010101010:433 1010101011:1750 1010101100:109 1010101101:38 1010101110:20 1010101111:16 1010110000:14 1010110001:9 1010110010:3 1010110011:2 1010110100:2 1010110101:1 1010110111:3 1010111000:4 1010111001:2 1010111011:1 1010111110:2 1011000001:1 1011000010:1 1011000110:1 1011001000:1 1011001011:1 1011001100:1 1011010000:1 1011010100:1 1011011000:1 1011011001:1 1011100011:1 1011101010:1 1011101011:1 1100001100:1 1100011010:1 1100011110:1 1100100010:1 1100101011:1 1100111001:1 1101000010:1 1101000110:2 1101001000:2 1101001001:1 1101001010:1 1101001011:2 1101001100:2 1101001101:3 1101001110:3 1101001111:5 1101010000:7 1101010001:9 1101010010:22 1101010011:38 1101010100:112 1101010101:1720 1101010110:433 1101010111:74 1101011000:35 1101011001:12 1101011010:11 1101011011:10 1101011100:3 1101011101:3 1101011110:1 1101100000:1 1101100001:2 1101100010:3 1101100011:3 1101100100:1 1101100111:1 1101101000:1 1101101011:1 1101101101:1 1101101110:1 1101110001:1 1101110011:1 1101111010:1 1110001010:1 1110001101:1 1110011001:1 1110101101:1 1110101110:1 1111000100:1 1111000101:1 1111101100:1 1111110100:1 1111111111:1 }

	Command being timed: "python3 shor.py 10"
	User time (seconds): 0.86
	System time (seconds): 0.69
	Percent of CPU this job got: 84%
	Elapsed (wall clock) time (h:mm:ss or m:ss): 0:01.84
	Average shared text size (kbytes): 0
	Average unshared data size (kbytes): 0
	Average stack size (kbytes): 0
	Average total size (kbytes): 0
	Maximum resident set size (kbytes): 604904
	Average resident set size (kbytes): 0
	Major (requiring I/O) page faults: 0
	Minor (reclaiming a frame) page faults: 70070
	Voluntary context switches: 1889
	Involuntary context switches: 29
	Swaps: 0
	File system inputs: 0
	File system outputs: 24
	Socket messages sent: 0
	Socket messages received: 0
	Signals delivered: 0
	Page size (bytes): 4096
	Exit status: 0
Measurement results for a=5 and N=21 with 10 qubits in the control register 
{ 0000000000:2519 0000010011:1 0000101110:1 0001001101:1 0001111000:1 0010001100:1 0010001111:1 0010010101:1 0010010110:1 0010010111:1 0010011100:2 0010011101:1 0010011111:1 0010100000:1 0010100001:1 0010100010:4 0010100011:4 0010100100:3 0010100101:8 0010100110:11 0010100111:10 0010101000:16 0010101001:57 0010101010:409 0010101011:1683 0010101100:100 0010101101:37 0010101110:18 0010101111:9 0010110000:3 0010110001:1 0010110011:3 0010110100:2 0010110101:1 0010110110:1 0010111001:1 0010111010:2 0010111011:1 0010111101:3 0011000000:1 0011001001:1 0011010001:1 0011010010:1 0011010101:1 0011110010:1 0100000001:1 0100001001:1 0100010011:1 0100011100:1 0100100111:1 0100101010:1 0100110000:2 0100110111:1 0100111010:1 0100111111:1 0101000001:1 0101000011:2 0101000101:3 0101000110:1 0101000111:1 0101001000:1 0101001011:1 0101001100:1 0101001101:1 0101001110:3 0101001111:6 0101010000:6 0101010001:12 0101010010:24 0101010011:44 0101010100:109 0101010101:1784 0101010110:427 0101010111:66 0101011000:25 0101011001:11 0101011010:6 0101011011:7 0101011100:7 0101011101:1 0101011110:1 0101100000:1 0101100001:1 0101100100:1 0101100101:1 0101100110:1 0101100111:1 0101101001:2 0101101111:1 0101111011:1 0110000010:1 0110001011:1 0110010001:1 0110011101:1 0110011110:1 0111101000:1 1000000000:2491 1000100010:1 1000110101:1 1000111010:1 1001000011:1 1001011011:1 1001011111:1 1001100000:1 1001101001:1 1001101101:1 1001110110:1 1010001011:2 1010001110:1 1010010010:1 1010010100:1 1010010101:2 1010011011:1 1010011100:2 1010011101:1 1010011110:3 1010011111:2 1010100000:4 1010100001:5 1010100010:4 1010100011:5 1010100100:5 1010100101:6 1010100110:6 1010100111:14 1010101000:26 1010101001:69 1010101010:404 1010101011:1716 1010101100:108 1010101101:26 1010101110:15 1010101111:9 1010110000:5 1010110001:4 1010110010:4 1010110011:5 1010110100:2 1010110101:6 1010110110:2 1010110111:2 1010111000:3 1010111010:1 1010111101:1 1011000000:1 1011000011:1 1011000100:1 1011001100:1 1011001111:1 1011010000:1 1011011100:1 1011101010:1 1011110000:1 1011110101:1 1011111111:1 1100110110:1 1101000100:1 1101000101:1 1101000110:1 1101000111:1 1101001000:1 1101001001:1 1101001010:2 1101001011:2 1101001100:5 1101001101:5 1101001110:4 1101001111:2 1101010000:7 1101010001:9 1101010010:18 1101010011:28 1101010100:99 1101010101:1739 1101010110:432 1101010111:61 1101011000:27 1101011001:18 1101011010:9 1101011011:4 1101011100:4 1101011101:2 1101011110:6 1101011111:2 1101100000:3 1101100001:2 1101100100:1 1101100111:1 1101101000:2 1101101001:1 1101101011:1 1101111100:1 1101111101:1 1101111110:1 1110001010:1 1110001100:1 1110010100:1 1111000111:1 }

	Command being timed: "python3 shor.py 10"
	User time (seconds): 0.87
	System time (seconds): 0.68
	Percent of CPU this job got: 84%
	Elapsed (wall clock) time (h:mm:ss or m:ss): 0:01.84
	Average shared text size (kbytes): 0
	Average unshared data size (kbytes): 0
	Average stack size (kbytes): 0
	Average total size (kbytes): 0
	Maximum resident set size (kbytes): 606576
	Average resident set size (kbytes): 0
	Major (requiring I/O) page faults: 0
	Minor (reclaiming a frame) page faults: 70007
	Voluntary context switches: 1889
	Involuntary context switches: 32
	Swaps: 0
	File system inputs: 0
	File system outputs: 24
	Socket messages sent: 0
	Socket messages received: 0
	Signals delivered: 0
	Page size (bytes): 4096
	Exit status: 0
Measurement results for a=5 and N=21 with 10 qubits in the control register 
{ 0000000000:2572 0000100111:1 0001100000:1 0001101001:1 0001110110:1 0001111100:1 0010000110:1 0010001001:1 0010001010:1 0010001011:1 0010001101:1 0010010010:1 0010010011:1 0010011000:1 0010011001:1 0010011010:1 0010011100:3 0010011101:2 0010011111:1 0010100000:1 0010100001:4 0010100010:2 0010100100:5 0010100101:4 0010100110:7 0010100111:17 0010101000:29 0010101001:74 0010101010:415 0010101011:1660 0010101100:101 0010101101:38 0010101110:18 0010101111:10 0010110000:6 0010110001:4 0010110010:3 0010110011:6 0010110100:2 0010110101:1 0010110110:2 0010111011:1 0010111101:1 0010111110:1 0010111111:1 0011000000:2 0011000010:1 0011000011:2 0011000100:1 0011000101:1 0011001000:2 0011110111:1 0011111101:1 0100000110:1 0100010101:1 0100100100:1 0100101001:1 0100101010:1 0100110101:2 0100111100:1 0100111101:1 0101000010:1 0101000101:1 0101000111:2 0101001001:4 0101001010:2 0101001011:2 0101001100:1 0101001101:3 0101001110:2 0101001111:5 0101010000:4 0101010001:13 0101010010:16 0101010011:34 0101010100:107 0101010101:1682 0101010110:418 0101010111:73 0101011000:31 0101011001:20 0101011010:11 0101011011:8 0101011100:6 0101011101:2 0101011110:2 0101011111:3 0101100000:2 0101100001:2 0101100010:2 0101100011:1 0101100100:1 0101100101:1 0101100111:2 0101101000:1 0101101010:1 0101101011:1 0101101100:1 0101101110:1 0101111011:1 0110000000:1 0110010101:1 0111100001:1 0111100111:1 0111101011:1 1000000000:2505 1000100000:1 1001000110:1 1001011001:1 1001100010:1 1001101100:1 1001110000:1 1001111000:1 1001111100:1 1010000001:1 1010000010:1 1010000101:1 1010010101:1 1010010110:2 1010011000:2 1010011010:1 1010011011:2 1010011100:4 1010011101:1 1010011110:1 1010011111:1 1010100001:1 1010100011:3 1010100100:7 1010100101:2 1010100110:11 1010100111:17 1010101000:32 1010101001:85 1010101010:407 1010101011:1761 1010101100:109 1010101101:37 1010101110:12 1010101111:7 1010110000:8 1010110001:6 1010110010:3 1010110011:3 1010110100:1 1010111000:2 1010111010:1 1010111110:1 1010111111:1 1011000000:1 1011000100:1 1011000101:1 1011000110:1 1011001011:1 1011001110:1 1011101010:1 1011110101:1 1100001000:1 1100001001:2 1100010010:1 1100101101:1 1100110000:1 1100111001:1 1101000001:1 1101000011:3 1101000110:1 1101000111:2 1101001001:1 1101001010:4 1101001011:3 1101001100:2 1101001101:2 1101001110:1 1101001111:4 1101010000:11 1101010001:7 1101010010:17 1101010011:33 1101010100:102 1101010101:1661 1101010110:427 1101010111:69 1101011000:29 1101011001:13 1101011010:8 1101011011:3 1101011100:6 1101011101:3 1101011110:2 1101011111:2 1101100001:3 1101100010:1 1101100011:1 1101100101:1 1101100111:1 1101101001:2 1101101101:2 1110000101:1 1110000110:1 1110011000:1 1111100100:1 1111100110:1 1111101100:1 1111101110:1 1111110111:1 }

	Command being timed: "python3 shor.py 10"
	User time (seconds): 0.87
	System time (seconds): 0.68
	Percent of CPU this job got: 84%
	Elapsed (wall clock) time (h:mm:ss or m:ss): 0:01.82
	Average shared text size (kbytes): 0
	Average unshared data size (kbytes): 0
	Average stack size (kbytes): 0
	Average total size (kbytes): 0
	Maximum resident set size (kbytes): 603464
	Average resident set size (kbytes): 0
	Major (requiring I/O) page faults: 0
	Minor (reclaiming a frame) page faults: 53546
	Voluntary context switches: 1895
	Involuntary context switches: 31
	Swaps: 0
	File system inputs: 0
	File system outputs: 24
	Socket messages sent: 0
	Socket messages received: 0
	Signals delivered: 0
	Page size (bytes): 4096
	Exit status: 0
Measurement results for a=5 and N=21 with 10 qubits in the control register 
{ 0000000000:2467 0000000111:1 0000001000:1 0000100111:1 0000101111:1 0001100011:1 0001101011:1 0010000010:1 0010000100:1 0010001000:1 0010001111:1 0010010001:1 0010010010:1 0010010011:1 0010010101:1 0010010110:1 0010011000:2 0010011001:1 0010011010:2 0010011011:2 0010011100:2 0010011110:2 0010011111:2 0010100000:1 0010100001:2 0010100010:2 0010100011:2 0010100100:8 0010100101:9 0010100110:14 0010100111:15 0010101000:31 0010101001:80 0010101010:399 0010101011:1695 0010101100:95 0010101101:30 0010101110:10 0010101111:10 0010110000:6 0010110001:8 0010110010:2 0010110011:1 0010110100:4 0010110110:1 0010110111:1 0010111000:1 0010111100:1 0010111110:1 0011000101:1 0011001001:1 0011001011:2 0011001100:1 0011010011:1 0011010101:1 0011010110:1 0011100011:1 0011110001:1 0100000110:1 0100101011:1 0100110010:1 0100111000:1 0100111010:1 0100111110:1 0100111111:1 0101000001:1 0101000010:3 0101000011:1 0101000100:2 0101000110:1 0101000111:2 0101001000:3 0101001001:2 0101001011:3 0101001100:2 0101001101:2 0101001110:6 0101001111:7 0101010000:3 0101010001:11 0101010010:19 0101010011:32 0101010100:101 0101010101:1770 0101010110:449 0101010111:72 0101011000:30 0101011001:13 0101011010:5 0101011011:5 0101011100:3 0101011101:2 0101100000:3 0101100011:1 0101100100:2 0101100101:1 0101100111:1 0101101001:1 0101110010:2 0101111010:1 0110011111:1 0110110111:1 0110111011:1 1000000000:2628 1001010010:1 1001100010:1 1001101011:1 1001111001:1 1001111010:1 1001111110:1 1010000111:1 1010001000:1 1010001001:1 1010001111:2 1010010000:1 1010010011:2 1010010111:1 1010011010:1 1010011011:2 1010011101:2 1010011110:1 1010011111:2 1010100000:1 1010100001:3 1010100010:1 1010100011:2 1010100100:7 1010100101:8 1010100110:8 1010100111:16 1010101000:29 1010101001:60 1010101010:445 1010101011:1680 1010101100:103 1010101101:39 1010101110:14 1010101111:8 1010110000:5 1010110001:5 1010110010:4 1010110011:3 1010110101:1 1010110110:2 1010110111:2 1010111010:1 1010111011:1 1010111100:1 1010111101:1 1010111110:1 1011000000:2 1011000010:1 1011000100:1 1011000111:1 1011001011:1 1011010100:1 1011011001:1 1011101001:1 1011101101:1 1011111110:1 1100010110:2 1100011101:2 1100101001:1 1100101100:1 1100111001:1 1101000000:2 1101000101:2 1101000110:1 1101000111:1 1101001000:1 1101001001:1 1101001010:1 1101001011:4 1101001101:6 1101001110:3 1101001111:4 1101010000:3 1101010001:6 1101010010:19 1101010011:36 1101010100:99 1101010101:1617 1101010110:420 1101010111:71 1101011000:19 1101011001:19 1101011010:9 1101011011:3 1101011100:1 1101011101:1 1101011110:6 1101011111:1 1101100000:2 1101100001:2 1101100010:1 1101100011:2 1101100101:1 1101100110:1 1101100111:1 1101101010:1 1101101101:1 1101110000:1 1101110101:1 1110110010:1 1111010110:1 1111100111:1 1111110100:1 }

	Command being timed: "python3 shor.py 10"
	User time (seconds): 0.86
	System time (seconds): 0.71
	Percent of CPU this job got: 84%
	Elapsed (wall clock) time (h:mm:ss or m:ss): 0:01.87
	Average shared text size (kbytes): 0
	Average unshared data size (kbytes): 0
	Average stack size (kbytes): 0
	Average total size (kbytes): 0
	Maximum resident set size (kbytes): 604964
	Average resident set size (kbytes): 0
	Major (requiring I/O) page faults: 0
	Minor (reclaiming a frame) page faults: 71394
	Voluntary context switches: 1957
	Involuntary context switches: 24
	Swaps: 0
	File system inputs: 0
	File system outputs: 24
	Socket messages sent: 0
	Socket messages received: 0
	Signals delivered: 0
	Page size (bytes): 4096
	Exit status: 0
Measurement results for a=5 and N=21 with 10 qubits in the control register 
{ 0000000000:2544 0000100010:1 0001000000:1 0001111000:1 0001111011:1 0010010000:1 0010011001:1 0010011010:2 0010011011:3 0010011100:2 0010011101:1 0010011110:1 0010011111:1 0010100000:1 0010100001:4 0010100010:2 0010100011:4 0010100100:2 0010100101:3 0010100110:6 0010100111:17 0010101000:27 0010101001:72 0010101010:457 0010101011:1656 0010101100:104 0010101101:41 0010101110:16 0010101111:7 0010110000:3 0010110001:3 0010110010:5 0010110011:4 0010110100:6 0010110101:3 0010110110:2 0010110111:1 0010111000:2 0010111001:1 0010111010:2 0010111011:2 0010111101:1 0010111110:1 0011000000:1 0011000010:2 0011000011:1 0011000100:1 0011001010:1 0011001101:2 0011010011:1 0011111011:1 0011111110:1 0100000110:1 0100001010:1 0100101000:1 0100101101:1 0100110011:1 0100111001:1 0100111010:1 0100111111:1 0101000000:1 0101000011:3 0101000100:1 0101000101:2 0101000110:2 0101001000:1 0101001010:1 0101001011:5 0101001100:3 0101001101:4 0101001110:4 0101001111:1 0101010000:6 0101010001:12 0101010010:16 0101010011:39 0101010100:109 0101010101:1705 0101010110:443 0101010111:55 0101011000:29 0101011001:11 0101011010:11 0101011011:7 0101011100:10 0101011101:1 0101011111:3 0101100000:2 0101100011:1 0101100100:2 0101100101:1 0101100110:1 0101101110:1 0101110001:1 0101110011:2 0101111010:1 0110000001:1 0110010100:1 1000000000:2454 1000110001:1 1001100000:1 1001100001:1 1001101101:1 1001110100:1 1001110101:1 1001111101:1 1010001001:2 1010001010:2 1010001011:1 1010010101:1 1010010110:2 1010011000:2 1010011001:1 1010011011:1 1010011101:1 1010011110:2 1010011111:4 1010100001:1 1010100010:2 1010100011:4 1010100100:3 1010100101:2 1010100110:9 1010100111:22 1010101000:24 1010101001:69 1010101010:432 1010101011:1696 1010101100:114 1010101101:32 1010101110:17 1010101111:9 1010110000:7 1010110001:7 1010110010:6 1010110011:4 1010110100:2 1010110101:2 1010110110:4 1010110111:1 1010111001:1 1010111010:1 1010111011:1 1010111100:1 1010111111:2 1011000010:1 1011000011:2 1011000100:1 1011010001:1 1011101011:1 1100101110:1 1100111010:2 1100111110:1 1101000000:1 1101000001:1 1101000011:2 1101000100:1 1101001001:2 1101001011:1 1101001100:4 1101001101:7 1101001110:2 1101001111:2 1101010000:11 1101010001:15 1101010010:34 1101010011:23 1101010100:113 1101010101:1682 1101010110:445 1101010111:76 1101011000:19 1101011001:19 1101011010:11 1101011011:4 1101011100:4 1101011101:4 1101011110:2 1101011111:2 1101100000:2 1101100001:1 1101100010:4 1101100011:1 1101100100:1 1101100101:1 1101100111:1 1101101000:1 1101101010:1 1101101011:1 1110000001:1 }

	Command being timed: "python3 shor.py 10"
	User time (seconds): 0.87
	System time (seconds): 0.70
	Percent of CPU this job got: 83%
	Elapsed (wall clock) time (h:mm:ss or m:ss): 0:01.89
	Average shared text size (kbytes): 0
	Average unshared data size (kbytes): 0
	Average stack size (kbytes): 0
	Average total size (kbytes): 0
	Maximum resident set size (kbytes): 603972
	Average resident set size (kbytes): 0
	Major (requiring I/O) page faults: 0
	Minor (reclaiming a frame) page faults: 69920
	Voluntary context switches: 1963
	Involuntary context switches: 30
	Swaps: 0
	File system inputs: 0
	File system outputs: 16
	Socket messages sent: 0
	Socket messages received: 0
	Signals delivered: 0
	Page size (bytes): 4096
	Exit status: 0
Measurement results for a=5 and N=21 with 10 qubits in the control register 
{ 0000000000:2447 0000100011:1 0001001010:1 0001100111:1 0001101000:1 0001101110:1 0001110110:1 0010000010:1 0010000100:1 0010001101:1 0010010000:1 0010010101:1 0010011100:2 0010011111:1 0010100000:2 0010100001:2 0010100010:2 0010100011:1 0010100100:3 0010100101:5 0010100110:9 0010100111:16 0010101000:25 0010101001:63 0010101010:435 0010101011:1685 0010101100:99 0010101101:37 0010101110:22 0010101111:8 0010110000:7 0010110001:6 0010110010:3 0010110011:6 0010110100:1 0010110101:2 0010110110:1 0010111000:1 0010111011:1 0010111100:1 0010111110:1 0010111111:1 0011000000:3 0011000010:1 0011001111:2 0011110011:1 0100000011:1 0100001100:1 0100011101:1 0100100010:1 0100110110:1 0100111000:2 0100111001:1 0101000011:1 0101000110:1 0101000111:1 0101001001:2 0101001011:5 0101001100:3 0101001110:6 0101001111:8 0101010000:11 0101010001:14 0101010010:11 0101010011:39 0101010100:121 0101010101:1713 0101010110:428 0101010111:67 0101011000:25 0101011001:12 0101011010:4 0101011011:5 0101011100:2 0101011101:3 0101011110:2 0101011111:8 0101100000:2 0101100100:1 0101100101:2 0101100111:1 0101101000:2 0101101010:2 0101101011:1 0101101100:1 0101101101:1 0101101111:1 0101110001:1 0110000011:1 0110011100:1 0111001000:1 0111011010:1 0111110010:1 1000000000:2483 1001111111:1 1010001001:1 1010001110:1 1010010000:1 1010010010:1 1010010111:1 1010011000:1 1010011001:1 1010011011:1 1010011100:1 1010011101:2 1010011111:1 1010100000:2 1010100010:1 1010100011:4 1010100100:4 1010100101:6 1010100110:11 1010100111:14 1010101000:20 1010101001:63 1010101010:432 1010101011:1738 1010101100:125 1010101101:29 1010101110:21 1010101111:16 1010110000:8 1010110001:1 1010110011:5 1010110100:4 1010110110:2 1010110111:3 1010111000:2 1010111001:2 1010111010:2 1010111011:1 1010111110:1 1011000000:1 1011000110:1 1011011000:1 1011110101:1 1011111010:1 1100011111:1 1100110000:1 1100111011:1 1100111111:1 1101000010:1 1101000100:1 1101000101:1 1101001001:2 1101001010:2 1101001011:2 1101001101:4 1101001110:3 1101001111:6 1101010000:7 1101010001:9 1101010010:25 1101010011:34 1101010100:104 1101010101:1757 1101010110:434 1101010111:74 1101011000:32 1101011001:10 1101011010:9 1101011011:6 1101011100:2 1101011101:1 1101011110:2 1101011111:2 1101100001:1 1101100011:1 1101100100:1 1101100110:1 1101101011:1 1101110010:1 1101110100:2 1101110110:1 1101111101:1 1101111110:1 1110001000:1 1110001100:1 1111011111:1 1111101011:1 }

	Command being timed: "python3 shor.py 10"
	User time (seconds): 0.87
	System time (seconds): 0.75
	Percent of CPU this job got: 76%
	Elapsed (wall clock) time (h:mm:ss or m:ss): 0:02.11
	Average shared text size (kbytes): 0
	Average unshared data size (kbytes): 0
	Average stack size (kbytes): 0
	Average total size (kbytes): 0
	Maximum resident set size (kbytes): 607556
	Average resident set size (kbytes): 0
	Major (requiring I/O) page faults: 0
	Minor (reclaiming a frame) page faults: 70187
	Voluntary context switches: 2116
	Involuntary context switches: 27
	Swaps: 0
	File system inputs: 0
	File system outputs: 16
	Socket messages sent: 0
	Socket messages received: 0
	Signals delivered: 0
	Page size (bytes): 4096
	Exit status: 0
Measurement results for a=5 and N=21 with 10 qubits in the control register 
{ 0000000000:2539 0000001010:1 0001011100:1 0001100000:1 0001101110:1 0001111010:1 0010000000:1 0010000001:1 0010001000:1 0010001100:1 0010010111:1 0010011001:1 0010011010:1 0010011011:1 0010011101:1 0010011111:1 0010100000:3 0010100001:3 0010100010:3 0010100011:5 0010100100:3 0010100101:7 0010100110:10 0010100111:16 0010101000:20 0010101001:74 0010101010:429 0010101011:1776 0010101100:102 0010101101:35 0010101110:14 0010101111:7 0010110000:6 0010110001:6 0010110010:4 0010110100:2 0010110101:2 0010110110:2 0010111000:1 0010111010:1 0010111011:1 0010111100:1 0010111110:2 0011000000:1 0011000101:2 0011000110:1 0011011011:2 0011110000:1 0011110011:1 0100000001:1 0100001011:1 0100001111:1 0100100100:1 0100101111:1 0100110000:1 0100110110:1 0100111101:1 0101000001:1 0101000100:2 0101000101:2 0101000110:1 0101000111:1 0101001000:1 0101001010:1 0101001011:2 0101001101:3 0101001110:3 0101001111:3 0101010000:5 0101010001:10 0101010010:24 0101010011:29 0101010100:112 0101010101:1784 0101010110:419 0101010111:69 0101011000:24 0101011001:19 0101011010:10 0101011011:6 0101011100:2 0101011101:3 0101011110:1 0101011111:1 0101100001:1 0101100010:2 0101100011:2 0101100100:3 0101100101:1 0101100110:1 0101101001:1 0110011011:1 0111000010:1 0111001010:1 0111010001:1 0111010111:1 0111100000:1 0111100100:1 1000000000:2534 1001100010:1 1001111001:1 1010000001:1 1010000100:1 1010001011:1 1010010100:1 1010010101:2 1010010111:1 1010011000:1 1010011100:1 1010011111:5 1010100000:1 1010100001:2 1010100011:3 1010100100:2 1010100101:5 1010100110:11 1010100111:10 1010101000:29 1010101001:56 1010101010:435 1010101011:1596 1010101100:107 1010101101:37 1010101110:17 1010101111:6 1010110000:9 1010110001:3 1010110010:7 1010110011:5 1010110100:1 1010110101:3 1010110110:1 1010110111:1 1010111011:1 1010111100:1 1011000001:1 1011000100:1 1011000110:1 1011001000:1 1011001010:1 1011001111:1 1011010010:1 1011011000:1 1011100111:1 1011111000:1 1011111011:1 1100000010:1 1100000101:1 1100001111:1 1100011100:1 1100111100:1 1100111110:1 1101000000:1 1101000101:1 1101000110:1 1101001000:2 1101001001:1 1101001011:3 1101001100:1 1101001101:1 1101001110:5 1101001111:4 1101010000:8 1101010001:7 1101010010:20 1101010011:33 1101010100:101 1101010101:1667 1101010110:387 1101010111:86 1101011000:26 1101011001:13 1101011010:10 1101011011:10 1101011100:6 1101011101:5 1101011110:3 1101011111:2 1101100001:2 1101100010:1 1101100110:1 1101101001:1 1101101010:1 1101101100:1 1101101110:1 1101101111:1 1101111010:1 1101111100:1 1101111101:1 1110000110:1 1110001101:1 1110010000:1 1110010001:1 1110010101:1 1110100111:1 1111010110:1 }

	Command being timed: "python3 shor.py 10"
	User time (seconds): 0.88
	System time (seconds): 0.77
	Percent of CPU this job got: 75%
	Elapsed (wall clock) time (h:mm:ss or m:ss): 0:02.18
	Average shared text size (kbytes): 0
	Average unshared data size (kbytes): 0
	Average stack size (kbytes): 0
	Average total size (kbytes): 0
	Maximum resident set size (kbytes): 603964
	Average resident set size (kbytes): 0
	Major (requiring I/O) page faults: 0
	Minor (reclaiming a frame) page faults: 70694
	Voluntary context switches: 2182
	Involuntary context switches: 25
	Swaps: 0
	File system inputs: 0
	File system outputs: 24
	Socket messages sent: 0
	Socket messages received: 0
	Signals delivered: 0
	Page size (bytes): 4096
	Exit status: 0
Measurement results for a=5 and N=21 with 10 qubits in the control register 
{ 0000000000:2535 0000001111:1 0001100111:1 0001101010:1 0001101100:1 0001111100:2 0010000100:2 0010000111:1 0010001110:2 0010010001:1 0010010011:1 0010010101:2 0010010111:2 0010011001:1 0010011011:1 0010011100:1 0010011101:2 0010011110:1 0010100001:1 0010100010:1 0010100011:1 0010100100:2 0010100101:5 0010100110:8 0010100111:6 0010101000:20 0010101001:64 0010101010:457 0010101011:1661 0010101100:100 0010101101:32 0010101110:15 0010101111:7 0010110000:10 0010110001:7 0010110010:4 0010110100:2 0010110110:3 0010111000:1 0010111001:2 0010111011:1 0010111100:1 0010111110:3 0011000000:1 0011001100:1 0011011000:1 0011011100:1 0011100101:1 0011110010:1 0011110111:1 0011111001:1 0100000001:1 0100011100:1 0100110011:1 0100111000:1 0100111101:1 0101000001:1 0101000011:1 0101000100:2 0101000101:2 0101001001:2 0101001011:2 0101001100:1 0101001101:4 0101001110:8 0101001111:8 0101010000:7 0101010001:6 0101010010:14 0101010011:25 0101010100:107 0101010101:1704 0101010110:398 0101010111:81 0101011000:32 0101011001:11 0101011010:9 0101011011:4 0101011100:6 0101011101:4 0101011110:3 0101011111:5 0101100000:3 0101100001:1 0101100010:1 0101101101:1 0101110101:1 0101111000:1 0110001001:1 0110101001:1 0110101101:1 0110110011:1 1000000000:2552 1000011010:1 1001011100:1 1001101101:1 1001101110:1 1001101111:1 1001110101:1 1010000101:1 1010001011:1 1010001100:1 1010001101:1 1010011001:2 1010011010:1 1010011101:1 1010011110:1 1010100000:1 1010100001:3 1010100010:1 1010100011:4 1010100100:5 1010100101:3 1010100110:10 1010100111:13 1010101000:24 1010101001:62 1010101010:420 1010101011:1720 1010101100:108 1010101101:36 1010101110:20 1010101111:12 1010110000:5 1010110001:5 1010110010:4 1010110011:6 1010110100:1 1010110101:2 1010110110:1 1010111000:3 1010111001:1 1010111010:1 1010111011:2 1010111100:1 1010111110:3 1011000010:1 1011000101:1 1011010010:1 1011011000:1 1011011001:1 1011100110:1 1011101000:1 1011101010:1 1011101011:1 1011111101:1 1100010001:1 1100011000:1 1100100100:1 1100101100:1 1100110101:1 1100110110:1 1100111001:2 1100111110:3 1100111111:1 1101000001:1 1101000101:1 1101000110:2 1101001001:2 1101001010:1 1101001011:1 1101001100:2 1101001101:4 1101001110:4 1101001111:5 1101010000:4 1101010001:12 1101010010:20 1101010011:27 1101010100:103 1101010101:1718 1101010110:431 1101010111:59 1101011000:33 1101011001:15 1101011010:12 1101011011:4 1101011100:3 1101011101:1 1101011110:4 1101011111:2 1101100000:4 1101100001:1 1101100010:2 1101100011:4 1101101101:1 1101101110:1 1101110010:1 1101111000:1 1101111011:1 1110000100:1 1110101100:1 1110111100:1 }

	Command being timed: "python3 shor.py 10"
	User time (seconds): 0.87
	System time (seconds): 0.75
	Percent of CPU this job got: 77%
	Elapsed (wall clock) time (h:mm:ss or m:ss): 0:02.11
	Average shared text size (kbytes): 0
	Average unshared data size (kbytes): 0
	Average stack size (kbytes): 0
	Average total size (kbytes): 0
	Maximum resident set size (kbytes): 608620
	Average resident set size (kbytes): 0
	Major (requiring I/O) page faults: 0
	Minor (reclaiming a frame) page faults: 71020
	Voluntary context switches: 2110
	Involuntary context switches: 25
	Swaps: 0
	File system inputs: 0
	File system outputs: 24
	Socket messages sent: 0
	Socket messages received: 0
	Signals delivered: 0
	Page size (bytes): 4096
	Exit status: 0
Measurement results for a=5 and N=21 with 10 qubits in the control register 
{ 0000000000:2445 0000100100:1 0000100111:1 0000101111:1 0000111111:1 0001101011:1 0001111011:1 0010000111:1 0010001100:1 0010001110:1 0010010010:1 0010011011:1 0010011100:1 0010100000:1 0010100010:1 0010100011:4 0010100100:6 0010100101:2 0010100110:6 0010100111:10 0010101000:27 0010101001:72 0010101010:423 0010101011:1696 0010101100:121 0010101101:28 0010101110:19 0010101111:8 0010110000:6 0010110001:4 0010110010:1 0010110011:4 0010110100:1 0010110101:2 0010110110:3 0010110111:1 0010111000:3 0010111010:1 0010111011:1 0010111100:1 0011000001:2 0011000010:2 0011000011:1 0011001111:1 0011011011:1 0011011111:1 0011100011:1 0011110001:1 0100000001:1 0100110001:1 0100110011:1 0100111101:1 0101000001:1 0101000110:1 0101001000:3 0101001001:1 0101001011:2 0101001100:3 0101001101:3 0101001110:3 0101001111:5 0101010000:6 0101010001:9 0101010010:14 0101010011:33 0101010100:113 0101010101:1746 0101010110:431 0101010111:87 0101011000:31 0101011001:13 0101011010:3 0101011011:6 0101011100:2 0101011101:3 0101011110:4 0101100000:1 0101100001:3 0101100010:1 0101100011:1 0101100101:3 0101100110:1 0101100111:1 0101101010:1 0101101011:2 0101101111:1 0101110100:1 0110000000:1 0110001100:1 0110100001:1 0110100011:1 0110101100:1 0110111100:1 0111010110:1 1000000000:2552 1000100001:1 1001011100:1 1001011111:1 1001101010:1 1001110001:1 1001111000:1 1001111101:1 1010000001:1 1010000101:1 1010000110:2 1010000111:1 1010001010:1 1010001011:1 1010001100:1 1010001101:1 1010010000:1 1010010100:1 1010010110:1 1010010111:1 1010011100:1 1010100000:1 1010100001:1 1010100010:2 1010100011:4 1010100100:5 1010100101:3 1010100110:7 1010100111:12 1010101000:29 1010101001:76 1010101010:447 1010101011:1661 1010101100:116 1010101101:31 1010101110:12 1010101111:8 1010110000:5 1010110001:6 1010110010:6 1010110011:2 1010110100:4 1010110101:2 1010110110:1 1010110111:3 1010111000:1 1010111001:2 1010111101:1 1011000000:1 1011000010:2 1011000101:1 1011001000:1 1011001001:1 1011001011:1 1011010001:1 1011100000:1 1011101101:1 1011110000:1 1011111100:1 1100000000:1 1100100000:1 1100101011:1 1100111100:1 1100111110:1 1101001001:3 1101001010:4 1101001100:1 1101001101:5 1101001110:5 1101001111:7 1101010000:4 1101010001:11 1101010010:21 1101010011:37 1101010100:98 1101010101:1686 1101010110:443 1101010111:80 1101011000:24 1101011001:10 1101011010:7 1101011011:7 1101011100:4 1101011101:5 1101011110:3 1101011111:2 1101100000:1 1101100001:2 1101100010:3 1101100011:2 1101100101:1 1101100111:1 1101101000:1 1101101001:1 1101101010:1 1101101101:2 1101101111:1 1101110101:2 1110000001:1 1110000101:1 1110001001:1 1110010101:1 1110010111:1 1110011001:1 1111000111:1 1111011001:1 }

	Command being timed: "python3 shor.py 10"
	User time (seconds): 0.85
	System time (seconds): 0.77
	Percent of CPU this job got: 76%
	Elapsed (wall clock) time (h:mm:ss or m:ss): 0:02.12
	Average shared text size (kbytes): 0
	Average unshared data size (kbytes): 0
	Average stack size (kbytes): 0
	Average total size (kbytes): 0
	Maximum resident set size (kbytes): 602472
	Average resident set size (kbytes): 0
	Major (requiring I/O) page faults: 0
	Minor (reclaiming a frame) page faults: 70885
	Voluntary context switches: 2097
	Involuntary context switches: 24
	Swaps: 0
	File system inputs: 0
	File system outputs: 24
	Socket messages sent: 0
	Socket messages received: 0
	Signals delivered: 0
	Page size (bytes): 4096
	Exit status: 0
