WARNING: overwriting environment variables set in the machine
overwriting variable ['LD_LIBRARY_PATH']
Measurement results for a=5 and N=21 with 4 qubits in the control register 
{ 0000:2471 0001:117 0010:478 0011:1739 0100:256 0101:1809 0110:434 0111:101 1000:2631 1001:116 1010:472 1011:1793 1100:216 1101:1805 1110:458 1111:104 }

	Command being timed: "python3 shor.py 4"
	User time (seconds): 1.93
	System time (seconds): 1.15
	Percent of CPU this job got: 83%
	Elapsed (wall clock) time (h:mm:ss or m:ss): 0:03.68
	Average shared text size (kbytes): 0
	Average unshared data size (kbytes): 0
	Average stack size (kbytes): 0
	Average total size (kbytes): 0
	Maximum resident set size (kbytes): 705516
	Average resident set size (kbytes): 0
	Major (requiring I/O) page faults: 0
	Minor (reclaiming a frame) page faults: 112452
	Voluntary context switches: 5106
	Involuntary context switches: 37
	Swaps: 0
	File system inputs: 0
	File system outputs: 16
	Socket messages sent: 0
	Socket messages received: 0
	Signals delivered: 0
	Page size (bytes): 4096
	Exit status: 0
Measurement results for a=5 and N=21 with 4 qubits in the control register 
{ 0000:2672 0001:99 0010:457 0011:1805 0100:238 0101:1750 0110:456 0111:101 1000:2596 1001:101 1010:483 1011:1748 1100:243 1101:1646 1110:478 1111:127 }

	Command being timed: "python3 shor.py 4"
	User time (seconds): 1.92
	System time (seconds): 1.03
	Percent of CPU this job got: 79%
	Elapsed (wall clock) time (h:mm:ss or m:ss): 0:03.72
	Average shared text size (kbytes): 0
	Average unshared data size (kbytes): 0
	Average stack size (kbytes): 0
	Average total size (kbytes): 0
	Maximum resident set size (kbytes): 704252
	Average resident set size (kbytes): 0
	Major (requiring I/O) page faults: 0
	Minor (reclaiming a frame) page faults: 112856
	Voluntary context switches: 4125
	Involuntary context switches: 44
	Swaps: 0
	File system inputs: 0
	File system outputs: 16
	Socket messages sent: 0
	Socket messages received: 0
	Signals delivered: 0
	Page size (bytes): 4096
	Exit status: 0
Measurement results for a=5 and N=21 with 4 qubits in the control register 
{ 0000:2595 0001:117 0010:462 0011:1797 0100:222 0101:1777 0110:498 0111:111 1000:2568 1001:110 1010:450 1011:1768 1100:236 1101:1732 1110:469 1111:88 }

	Command being timed: "python3 shor.py 4"
	User time (seconds): 1.94
	System time (seconds): 1.01
	Percent of CPU this job got: 76%
	Elapsed (wall clock) time (h:mm:ss or m:ss): 0:03.89
	Average shared text size (kbytes): 0
	Average unshared data size (kbytes): 0
	Average stack size (kbytes): 0
	Average total size (kbytes): 0
	Maximum resident set size (kbytes): 706056
	Average resident set size (kbytes): 0
	Major (requiring I/O) page faults: 0
	Minor (reclaiming a frame) page faults: 112555
	Voluntary context switches: 4024
	Involuntary context switches: 40
	Swaps: 0
	File system inputs: 0
	File system outputs: 16
	Socket messages sent: 0
	Socket messages received: 0
	Signals delivered: 0
	Page size (bytes): 4096
	Exit status: 0
Measurement results for a=5 and N=21 with 4 qubits in the control register 
{ 0000:2538 0001:99 0010:530 0011:1780 0100:250 0101:1741 0110:441 0111:111 1000:2573 1001:112 1010:487 1011:1807 1100:252 1101:1712 1110:457 1111:110 }

	Command being timed: "python3 shor.py 4"
	User time (seconds): 1.95
	System time (seconds): 0.99
	Percent of CPU this job got: 85%
	Elapsed (wall clock) time (h:mm:ss or m:ss): 0:03.44
	Average shared text size (kbytes): 0
	Average unshared data size (kbytes): 0
	Average stack size (kbytes): 0
	Average total size (kbytes): 0
	Maximum resident set size (kbytes): 705404
	Average resident set size (kbytes): 0
	Major (requiring I/O) page faults: 0
	Minor (reclaiming a frame) page faults: 113564
	Voluntary context switches: 3945
	Involuntary context switches: 44
	Swaps: 0
	File system inputs: 0
	File system outputs: 16
	Socket messages sent: 0
	Socket messages received: 0
	Signals delivered: 0
	Page size (bytes): 4096
	Exit status: 0
Measurement results for a=5 and N=21 with 4 qubits in the control register 
{ 0000:2557 0001:134 0010:479 0011:1752 0100:225 0101:1820 0110:473 0111:103 1000:2629 1001:105 1010:450 1011:1726 1100:220 1101:1751 1110:474 1111:102 }

	Command being timed: "python3 shor.py 4"
	User time (seconds): 1.94
	System time (seconds): 1.01
	Percent of CPU this job got: 85%
	Elapsed (wall clock) time (h:mm:ss or m:ss): 0:03.46
	Average shared text size (kbytes): 0
	Average unshared data size (kbytes): 0
	Average stack size (kbytes): 0
	Average total size (kbytes): 0
	Maximum resident set size (kbytes): 703424
	Average resident set size (kbytes): 0
	Major (requiring I/O) page faults: 0
	Minor (reclaiming a frame) page faults: 113087
	Voluntary context switches: 3975
	Involuntary context switches: 40
	Swaps: 0
	File system inputs: 0
	File system outputs: 24
	Socket messages sent: 0
	Socket messages received: 0
	Signals delivered: 0
	Page size (bytes): 4096
	Exit status: 0
Measurement results for a=5 and N=21 with 4 qubits in the control register 
{ 0000:2640 0001:100 0010:482 0011:1717 0100:243 0101:1705 0110:450 0111:97 1000:2652 1001:118 1010:512 1011:1759 1100:222 1101:1739 1110:453 1111:111 }

	Command being timed: "python3 shor.py 4"
	User time (seconds): 1.91
	System time (seconds): 1.01
	Percent of CPU this job got: 87%
	Elapsed (wall clock) time (h:mm:ss or m:ss): 0:03.35
	Average shared text size (kbytes): 0
	Average unshared data size (kbytes): 0
	Average stack size (kbytes): 0
	Average total size (kbytes): 0
	Maximum resident set size (kbytes): 703468
	Average resident set size (kbytes): 0
	Major (requiring I/O) page faults: 0
	Minor (reclaiming a frame) page faults: 112214
	Voluntary context switches: 3894
	Involuntary context switches: 42
	Swaps: 0
	File system inputs: 0
	File system outputs: 16
	Socket messages sent: 0
	Socket messages received: 0
	Signals delivered: 0
	Page size (bytes): 4096
	Exit status: 0
Measurement results for a=5 and N=21 with 4 qubits in the control register 
{ 0000:2612 0001:115 0010:471 0011:1751 0100:216 0101:1784 0110:448 0111:88 1000:2624 1001:89 1010:458 1011:1769 1100:239 1101:1743 1110:470 1111:123 }

	Command being timed: "python3 shor.py 4"
	User time (seconds): 1.94
	System time (seconds): 0.99
	Percent of CPU this job got: 86%
	Elapsed (wall clock) time (h:mm:ss or m:ss): 0:03.39
	Average shared text size (kbytes): 0
	Average unshared data size (kbytes): 0
	Average stack size (kbytes): 0
	Average total size (kbytes): 0
	Maximum resident set size (kbytes): 707508
	Average resident set size (kbytes): 0
	Major (requiring I/O) page faults: 0
	Minor (reclaiming a frame) page faults: 119867
	Voluntary context switches: 3910
	Involuntary context switches: 43
	Swaps: 0
	File system inputs: 0
	File system outputs: 16
	Socket messages sent: 0
	Socket messages received: 0
	Signals delivered: 0
	Page size (bytes): 4096
	Exit status: 0
Measurement results for a=5 and N=21 with 4 qubits in the control register 
{ 0000:2570 0001:108 0010:492 0011:1811 0100:239 0101:1759 0110:466 0111:96 1000:2545 1001:126 1010:461 1011:1775 1100:230 1101:1725 1110:495 1111:102 }

	Command being timed: "python3 shor.py 4"
	User time (seconds): 1.95
	System time (seconds): 0.98
	Percent of CPU this job got: 87%
	Elapsed (wall clock) time (h:mm:ss or m:ss): 0:03.36
	Average shared text size (kbytes): 0
	Average unshared data size (kbytes): 0
	Average stack size (kbytes): 0
	Average total size (kbytes): 0
	Maximum resident set size (kbytes): 705784
	Average resident set size (kbytes): 0
	Major (requiring I/O) page faults: 0
	Minor (reclaiming a frame) page faults: 120219
	Voluntary context switches: 3998
	Involuntary context switches: 44
	Swaps: 0
	File system inputs: 0
	File system outputs: 16
	Socket messages sent: 0
	Socket messages received: 0
	Signals delivered: 0
	Page size (bytes): 4096
	Exit status: 0
Measurement results for a=5 and N=21 with 4 qubits in the control register 
{ 0000:2633 0001:124 0010:495 0011:1717 0100:231 0101:1791 0110:484 0111:111 1000:2490 1001:134 1010:467 1011:1790 1100:233 1101:1741 1110:428 1111:131 }

	Command being timed: "python3 shor.py 4"
	User time (seconds): 1.93
	System time (seconds): 0.99
	Percent of CPU this job got: 86%
	Elapsed (wall clock) time (h:mm:ss or m:ss): 0:03.40
	Average shared text size (kbytes): 0
	Average unshared data size (kbytes): 0
	Average stack size (kbytes): 0
	Average total size (kbytes): 0
	Maximum resident set size (kbytes): 704672
	Average resident set size (kbytes): 0
	Major (requiring I/O) page faults: 0
	Minor (reclaiming a frame) page faults: 113964
	Voluntary context switches: 3971
	Involuntary context switches: 40
	Swaps: 0
	File system inputs: 0
	File system outputs: 16
	Socket messages sent: 0
	Socket messages received: 0
	Signals delivered: 0
	Page size (bytes): 4096
	Exit status: 0
Measurement results for a=5 and N=21 with 4 qubits in the control register 
{ 0000:2632 0001:105 0010:470 0011:1786 0100:240 0101:1748 0110:451 0111:108 1000:2536 1001:114 1010:457 1011:1797 1100:251 1101:1774 1110:422 1111:109 }

	Command being timed: "python3 shor.py 4"
	User time (seconds): 1.95
	System time (seconds): 0.98
	Percent of CPU this job got: 88%
	Elapsed (wall clock) time (h:mm:ss or m:ss): 0:03.32
	Average shared text size (kbytes): 0
	Average unshared data size (kbytes): 0
	Average stack size (kbytes): 0
	Average total size (kbytes): 0
	Maximum resident set size (kbytes): 704840
	Average resident set size (kbytes): 0
	Major (requiring I/O) page faults: 0
	Minor (reclaiming a frame) page faults: 119534
	Voluntary context switches: 3963
	Involuntary context switches: 41
	Swaps: 0
	File system inputs: 0
	File system outputs: 16
	Socket messages sent: 0
	Socket messages received: 0
	Signals delivered: 0
	Page size (bytes): 4096
	Exit status: 0
