WARNING: overwriting environment variables set in the machine
overwriting variable ['LD_LIBRARY_PATH']
Measurement results for a=5 and N=21 with 7 qubits in the control register 
{ 0000000:2533 0000001:1 0000010:1 0000011:3 0000100:1 0000101:1 0000110:2 0001000:1 0001001:2 0001010:1 0001011:1 0001100:4 0001101:2 0001110:4 0001111:6 0010000:5 0010001:13 0010010:14 0010011:48 0010100:109 0010101:1678 0010110:441 0010111:78 0011000:20 0011001:11 0011010:14 0011011:7 0011100:9 0011101:4 0011110:6 0011111:6 0100000:1 0100001:1 0100010:3 0100011:6 0100100:7 0100101:6 0100110:11 0100111:12 0101000:22 0101001:72 0101010:440 0101011:1639 0101100:116 0101101:28 0101110:21 0101111:4 0110000:5 0110001:7 0110010:8 0110011:1 0110100:3 0110101:3 0110110:5 0110111:3 0111000:1 0111001:1 0111010:2 0111011:2 0111100:1 0111101:2 0111110:3 1000000:2496 1000001:1 1000011:1 1000100:1 1000101:1 1000110:1 1000111:1 1001000:1 1001001:2 1001010:1 1001011:4 1001100:3 1001101:2 1001110:3 1001111:9 1010000:4 1010001:13 1010010:21 1010011:36 1010100:112 1010101:1726 1010110:432 1010111:72 1011000:31 1011001:16 1011010:8 1011011:10 1011100:6 1011101:9 1011110:9 1011111:5 1100000:4 1100001:2 1100010:2 1100011:5 1100100:2 1100101:3 1100110:10 1100111:19 1101000:28 1101001:57 1101010:406 1101011:1748 1101100:106 1101101:44 1101110:11 1101111:14 1110000:5 1110001:10 1110010:1 1110011:3 1110100:1 1110101:5 1110110:1 1110111:3 1111000:2 1111001:1 1111010:1 1111011:1 1111100:3 1111101:1 1111110:2 }

	Command being timed: "python3 shor.py 7"
	User time (seconds): 1.84
	System time (seconds): 1.06
	Percent of CPU this job got: 85%
	Elapsed (wall clock) time (h:mm:ss or m:ss): 0:03.41
	Average shared text size (kbytes): 0
	Average unshared data size (kbytes): 0
	Average stack size (kbytes): 0
	Average total size (kbytes): 0
	Maximum resident set size (kbytes): 709208
	Average resident set size (kbytes): 0
	Major (requiring I/O) page faults: 0
	Minor (reclaiming a frame) page faults: 115733
	Voluntary context switches: 4114
	Involuntary context switches: 43
	Swaps: 0
	File system inputs: 0
	File system outputs: 16
	Socket messages sent: 0
	Socket messages received: 0
	Signals delivered: 0
	Page size (bytes): 4096
	Exit status: 0
Measurement results for a=5 and N=21 with 7 qubits in the control register 
{ 0000000:2468 0000010:1 0000100:1 0000111:1 0001000:1 0001001:1 0001010:1 0001011:1 0001100:1 0001101:4 0001110:1 0001111:5 0010000:8 0010001:14 0010010:22 0010011:35 0010100:100 0010101:1729 0010110:427 0010111:74 0011000:30 0011001:18 0011010:9 0011011:7 0011100:4 0011101:9 0011110:6 0011111:4 0100000:3 0100001:4 0100010:4 0100011:7 0100100:3 0100101:10 0100110:5 0100111:18 0101000:17 0101001:63 0101010:414 0101011:1691 0101100:101 0101101:39 0101110:16 0101111:12 0110000:7 0110001:8 0110010:4 0110011:7 0110100:2 0110101:2 0110110:1 0110111:1 0111000:1 0111010:2 0111100:2 0111101:1 0111111:1 1000000:2599 1000010:1 1000100:1 1000101:1 1000110:1 1000111:2 1001000:2 1001001:4 1001010:1 1001011:2 1001100:4 1001101:1 1001110:6 1001111:6 1010000:9 1010001:7 1010010:24 1010011:30 1010100:125 1010101:1682 1010110:415 1010111:61 1011000:28 1011001:11 1011010:9 1011011:6 1011100:3 1011101:8 1011110:2 1011111:3 1100000:8 1100001:4 1100010:5 1100011:3 1100100:8 1100101:11 1100110:7 1100111:13 1101000:25 1101001:66 1101010:461 1101011:1697 1101100:92 1101101:40 1101110:25 1101111:11 1110000:9 1110001:7 1110010:3 1110011:8 1110100:2 1110101:2 1110110:2 1110111:1 1111000:2 1111001:1 1111010:1 1111011:2 1111100:1 1111110:1 }

	Command being timed: "python3 shor.py 7"
	User time (seconds): 1.89
	System time (seconds): 0.96
	Percent of CPU this job got: 80%
	Elapsed (wall clock) time (h:mm:ss or m:ss): 0:03.56
	Average shared text size (kbytes): 0
	Average unshared data size (kbytes): 0
	Average stack size (kbytes): 0
	Average total size (kbytes): 0
	Maximum resident set size (kbytes): 710488
	Average resident set size (kbytes): 0
	Major (requiring I/O) page faults: 0
	Minor (reclaiming a frame) page faults: 114178
	Voluntary context switches: 5586
	Involuntary context switches: 38
	Swaps: 0
	File system inputs: 0
	File system outputs: 16
	Socket messages sent: 0
	Socket messages received: 0
	Signals delivered: 0
	Page size (bytes): 4096
	Exit status: 0
Measurement results for a=5 and N=21 with 7 qubits in the control register 
{ 0000000:2526 0000001:2 0000010:1 0000011:1 0000100:1 0000110:2 0000111:1 0001000:4 0001001:3 0001010:3 0001011:4 0001100:2 0001101:1 0001110:4 0001111:6 0010000:14 0010001:10 0010010:21 0010011:40 0010100:94 0010101:1677 0010110:429 0010111:68 0011000:25 0011001:17 0011010:7 0011011:8 0011100:4 0011101:2 0011110:3 0011111:1 0100000:5 0100001:7 0100010:2 0100011:9 0100100:6 0100101:6 0100110:7 0100111:15 0101000:25 0101001:88 0101010:442 0101011:1695 0101100:102 0101101:29 0101110:19 0101111:8 0110000:4 0110001:4 0110010:5 0110011:4 0110100:1 0110101:1 0110110:4 0111000:2 0111010:1 0111100:1 0111101:1 0111110:1 0111111:2 1000000:2486 1000001:2 1000010:1 1000011:1 1000100:2 1000101:2 1000110:1 1001000:1 1001001:3 1001010:3 1001011:3 1001100:2 1001101:3 1001110:4 1001111:8 1010000:10 1010001:15 1010010:23 1010011:29 1010100:94 1010101:1782 1010110:429 1010111:79 1011000:20 1011001:20 1011010:7 1011011:4 1011100:3 1011101:7 1011110:1 1011111:4 1100000:3 1100001:2 1100010:12 1100011:3 1100100:5 1100101:6 1100110:6 1100111:19 1101000:34 1101001:73 1101010:430 1101011:1674 1101100:106 1101101:36 1101110:22 1101111:12 1110000:3 1110001:3 1110010:3 1110011:5 1110100:2 1110101:1 1110110:4 1110111:1 1111000:1 1111001:3 1111010:1 1111110:1 1111111:3 }

	Command being timed: "python3 shor.py 7"
	User time (seconds): 1.87
	System time (seconds): 0.95
	Percent of CPU this job got: 84%
	Elapsed (wall clock) time (h:mm:ss or m:ss): 0:03.35
	Average shared text size (kbytes): 0
	Average unshared data size (kbytes): 0
	Average stack size (kbytes): 0
	Average total size (kbytes): 0
	Maximum resident set size (kbytes): 707652
	Average resident set size (kbytes): 0
	Major (requiring I/O) page faults: 1
	Minor (reclaiming a frame) page faults: 114127
	Voluntary context switches: 3944
	Involuntary context switches: 45
	Swaps: 0
	File system inputs: 0
	File system outputs: 16
	Socket messages sent: 0
	Socket messages received: 0
	Signals delivered: 0
	Page size (bytes): 4096
	Exit status: 0
Measurement results for a=5 and N=21 with 7 qubits in the control register 
{ 0000000:2521 0000001:2 0000010:2 0000011:1 0000100:1 0000101:1 0000110:2 0000111:1 0001000:3 0001001:4 0001010:5 0001011:2 0001100:5 0001101:2 0001110:3 0001111:5 0010000:8 0010001:11 0010010:19 0010011:34 0010100:111 0010101:1724 0010110:432 0010111:82 0011000:34 0011001:15 0011010:11 0011011:4 0011100:6 0011101:3 0011110:4 0011111:7 0100000:3 0100001:1 0100010:7 0100011:5 0100100:3 0100101:13 0100110:6 0100111:13 0101000:30 0101001:74 0101010:456 0101011:1707 0101100:120 0101101:34 0101110:12 0101111:12 0110000:9 0110001:4 0110010:7 0110100:2 0110101:4 0110110:3 0110111:3 0111011:4 0111100:6 0111101:1 0111110:2 0111111:1 1000000:2444 1000001:1 1000010:1 1000011:2 1000100:1 1000101:1 1000110:2 1000111:1 1001000:4 1001001:1 1001011:1 1001100:2 1001110:3 1001111:9 1010000:8 1010001:11 1010010:27 1010011:39 1010100:108 1010101:1683 1010110:434 1010111:63 1011000:19 1011001:10 1011010:9 1011011:2 1011100:3 1011101:6 1011110:6 1011111:6 1100001:2 1100010:2 1100011:5 1100100:9 1100101:11 1100110:12 1100111:10 1101000:39 1101001:73 1101010:425 1101011:1681 1101100:123 1101101:37 1101110:13 1101111:8 1110000:5 1110001:6 1110010:1 1110011:4 1110100:2 1110101:1 1110110:5 1111000:2 1111001:1 1111011:2 1111100:4 1111110:2 1111111:1 }

	Command being timed: "python3 shor.py 7"
	User time (seconds): 1.87
	System time (seconds): 0.99
	Percent of CPU this job got: 84%
	Elapsed (wall clock) time (h:mm:ss or m:ss): 0:03.41
	Average shared text size (kbytes): 0
	Average unshared data size (kbytes): 0
	Average stack size (kbytes): 0
	Average total size (kbytes): 0
	Maximum resident set size (kbytes): 710920
	Average resident set size (kbytes): 0
	Major (requiring I/O) page faults: 0
	Minor (reclaiming a frame) page faults: 114979
	Voluntary context switches: 3945
	Involuntary context switches: 44
	Swaps: 0
	File system inputs: 0
	File system outputs: 16
	Socket messages sent: 0
	Socket messages received: 0
	Signals delivered: 0
	Page size (bytes): 4096
	Exit status: 0
Measurement results for a=5 and N=21 with 7 qubits in the control register 
{ 0000000:2547 0000001:1 0000011:1 0000100:1 0000101:2 0000110:1 0000111:4 0001000:1 0001001:1 0001011:2 0001100:3 0001101:6 0001110:6 0001111:6 0010000:11 0010001:10 0010010:18 0010011:28 0010100:112 0010101:1721 0010110:422 0010111:62 0011000:27 0011001:17 0011010:9 0011011:4 0011100:7 0011101:3 0011110:3 0011111:7 0100000:4 0100001:5 0100010:1 0100011:9 0100100:6 0100101:6 0100110:9 0100111:14 0101000:40 0101001:77 0101010:433 0101011:1755 0101100:91 0101101:42 0101110:13 0101111:15 0110000:9 0110001:2 0110010:7 0110011:11 0110100:3 0110101:5 0110110:2 0110111:3 0111000:1 0111001:1 0111011:4 0111101:1 1000000:2478 1000001:1 1000010:2 1000011:2 1000100:2 1000101:3 1000110:1 1000111:3 1001000:1 1001001:1 1001010:3 1001011:4 1001100:4 1001101:3 1001110:3 1001111:5 1010000:9 1010001:9 1010010:25 1010011:21 1010100:96 1010101:1656 1010110:411 1010111:70 1011000:24 1011001:19 1011010:9 1011011:9 1011100:5 1011101:4 1011110:6 1011111:2 1100000:3 1100001:2 1100010:3 1100011:7 1100100:2 1100101:5 1100110:9 1100111:18 1101000:23 1101001:69 1101010:412 1101011:1744 1101100:104 1101101:42 1101110:15 1101111:13 1110000:4 1110001:6 1110010:2 1110011:2 1110100:3 1110101:1 1110111:2 1111001:1 1111010:2 1111011:1 1111101:1 1111110:1 }

	Command being timed: "python3 shor.py 7"
	User time (seconds): 1.82
	System time (seconds): 1.02
	Percent of CPU this job got: 84%
	Elapsed (wall clock) time (h:mm:ss or m:ss): 0:03.37
	Average shared text size (kbytes): 0
	Average unshared data size (kbytes): 0
	Average stack size (kbytes): 0
	Average total size (kbytes): 0
	Maximum resident set size (kbytes): 707872
	Average resident set size (kbytes): 0
	Major (requiring I/O) page faults: 0
	Minor (reclaiming a frame) page faults: 123699
	Voluntary context switches: 4042
	Involuntary context switches: 43
	Swaps: 0
	File system inputs: 0
	File system outputs: 16
	Socket messages sent: 0
	Socket messages received: 0
	Signals delivered: 0
	Page size (bytes): 4096
	Exit status: 0
Measurement results for a=5 and N=21 with 7 qubits in the control register 
{ 0000000:2582 0000001:6 0000010:3 0000011:1 0000101:2 0000110:1 0000111:5 0001000:3 0001001:1 0001100:2 0001101:3 0001110:7 0001111:5 0010000:4 0010001:15 0010010:17 0010011:30 0010100:116 0010101:1692 0010110:404 0010111:59 0011000:26 0011001:20 0011010:14 0011011:7 0011100:4 0011101:3 0011110:8 0011111:4 0100000:1 0100001:5 0100010:6 0100011:4 0100100:10 0100101:6 0100110:12 0100111:17 0101000:33 0101001:72 0101010:416 0101011:1652 0101100:129 0101101:31 0101110:16 0101111:8 0110000:8 0110001:6 0110010:2 0110011:4 0110100:2 0110101:2 0110110:2 0110111:2 0111000:2 0111011:1 0111101:1 1000000:2532 1000001:1 1000010:1 1000011:3 1000100:1 1000101:1 1000111:1 1001000:2 1001010:3 1001011:3 1001100:3 1001101:4 1001110:3 1001111:4 1010000:8 1010001:11 1010010:22 1010011:40 1010100:81 1010101:1713 1010110:419 1010111:77 1011000:18 1011001:16 1011010:11 1011011:9 1011100:9 1011101:4 1011110:2 1011111:4 1100000:3 1100001:4 1100010:6 1100011:3 1100100:12 1100101:6 1100110:15 1100111:18 1101000:30 1101001:67 1101010:426 1101011:1687 1101100:116 1101101:28 1101110:26 1101111:15 1110000:5 1110001:3 1110010:1 1110011:6 1110100:1 1110101:7 1110110:2 1111000:6 1111010:3 1111100:3 1111111:1 }

	Command being timed: "python3 shor.py 7"
	User time (seconds): 1.85
	System time (seconds): 1.01
	Percent of CPU this job got: 83%
	Elapsed (wall clock) time (h:mm:ss or m:ss): 0:03.42
	Average shared text size (kbytes): 0
	Average unshared data size (kbytes): 0
	Average stack size (kbytes): 0
	Average total size (kbytes): 0
	Maximum resident set size (kbytes): 709412
	Average resident set size (kbytes): 0
	Major (requiring I/O) page faults: 0
	Minor (reclaiming a frame) page faults: 114340
	Voluntary context switches: 4015
	Involuntary context switches: 45
	Swaps: 0
	File system inputs: 0
	File system outputs: 16
	Socket messages sent: 0
	Socket messages received: 0
	Signals delivered: 0
	Page size (bytes): 4096
	Exit status: 0
Measurement results for a=5 and N=21 with 7 qubits in the control register 
{ 0000000:2500 0000001:2 0000011:1 0000100:1 0000110:1 0001000:1 0001001:2 0001010:1 0001011:1 0001100:1 0001101:3 0001110:3 0001111:3 0010000:4 0010001:15 0010010:13 0010011:37 0010100:104 0010101:1672 0010110:432 0010111:70 0011000:24 0011001:14 0011010:10 0011011:4 0011100:3 0011101:6 0011110:4 0011111:1 0100000:4 0100001:5 0100010:5 0100011:7 0100100:5 0100101:3 0100110:13 0100111:17 0101000:30 0101001:61 0101010:441 0101011:1734 0101100:122 0101101:34 0101110:24 0101111:12 0110000:7 0110001:6 0110010:2 0110011:4 0110100:4 0110101:9 0110110:3 0110111:2 0111000:2 0111010:3 0111011:3 0111101:1 1000000:2490 1000010:1 1000011:1 1000100:4 1000101:1 1000110:1 1000111:1 1001000:5 1001011:2 1001100:3 1001101:2 1001110:4 1001111:9 1010000:6 1010001:14 1010010:33 1010011:39 1010100:104 1010101:1733 1010110:441 1010111:96 1011000:27 1011001:11 1011010:11 1011011:7 1011100:6 1011101:5 1011110:4 1011111:3 1100000:5 1100001:4 1100010:3 1100011:7 1100100:7 1100101:1 1100110:12 1100111:16 1101000:20 1101001:69 1101010:399 1101011:1654 1101100:140 1101101:27 1101110:22 1101111:11 1110000:11 1110001:6 1110010:4 1110011:3 1110100:1 1110101:7 1110110:1 1110111:2 1111000:2 1111001:1 1111010:2 1111100:1 1111101:1 1111110:1 }

	Command being timed: "python3 shor.py 7"
	User time (seconds): 1.90
	System time (seconds): 0.94
	Percent of CPU this job got: 82%
	Elapsed (wall clock) time (h:mm:ss or m:ss): 0:03.44
	Average shared text size (kbytes): 0
	Average unshared data size (kbytes): 0
	Average stack size (kbytes): 0
	Average total size (kbytes): 0
	Maximum resident set size (kbytes): 711188
	Average resident set size (kbytes): 0
	Major (requiring I/O) page faults: 0
	Minor (reclaiming a frame) page faults: 114894
	Voluntary context switches: 3951
	Involuntary context switches: 39
	Swaps: 0
	File system inputs: 0
	File system outputs: 16
	Socket messages sent: 0
	Socket messages received: 0
	Signals delivered: 0
	Page size (bytes): 4096
	Exit status: 0
Measurement results for a=5 and N=21 with 7 qubits in the control register 
{ 0000000:2522 0000011:2 0000100:2 0000101:1 0000110:3 0001001:2 0001010:5 0001011:2 0001101:2 0001110:6 0001111:7 0010000:5 0010001:19 0010010:17 0010011:32 0010100:116 0010101:1695 0010110:398 0010111:77 0011000:27 0011001:6 0011010:10 0011011:10 0011100:3 0011101:3 0011110:1 0011111:3 0100000:1 0100001:7 0100010:3 0100011:3 0100100:3 0100101:9 0100110:11 0100111:14 0101000:27 0101001:69 0101010:414 0101011:1690 0101100:114 0101101:34 0101110:21 0101111:13 0110000:7 0110001:2 0110010:2 0110011:6 0110100:3 0110101:5 0110110:1 0110111:1 0111000:1 0111010:2 0111011:1 0111101:1 0111110:1 1000000:2493 1000001:1 1000010:1 1000011:2 1000100:1 1000111:1 1001010:2 1001011:2 1001100:3 1001101:6 1001110:2 1001111:8 1010000:10 1010001:13 1010010:23 1010011:34 1010100:97 1010101:1630 1010110:473 1010111:70 1011000:26 1011001:22 1011010:11 1011011:9 1011100:9 1011101:5 1011110:5 1011111:3 1100000:1 1100001:3 1100010:5 1100011:3 1100100:9 1100101:8 1100110:10 1100111:25 1101000:33 1101001:76 1101010:447 1101011:1758 1101100:101 1101101:36 1101110:20 1101111:10 1110000:10 1110001:3 1110010:2 1110011:3 1110100:5 1110101:1 1110110:6 1110111:3 1111000:3 1111001:2 1111010:2 1111011:3 1111100:5 1111101:1 1111110:1 1111111:1 }

	Command being timed: "python3 shor.py 7"
	User time (seconds): 1.84
	System time (seconds): 1.00
	Percent of CPU this job got: 84%
	Elapsed (wall clock) time (h:mm:ss or m:ss): 0:03.38
	Average shared text size (kbytes): 0
	Average unshared data size (kbytes): 0
	Average stack size (kbytes): 0
	Average total size (kbytes): 0
	Maximum resident set size (kbytes): 708688
	Average resident set size (kbytes): 0
	Major (requiring I/O) page faults: 0
	Minor (reclaiming a frame) page faults: 115825
	Voluntary context switches: 4009
	Involuntary context switches: 40
	Swaps: 0
	File system inputs: 0
	File system outputs: 16
	Socket messages sent: 0
	Socket messages received: 0
	Signals delivered: 0
	Page size (bytes): 4096
	Exit status: 0
Measurement results for a=5 and N=21 with 7 qubits in the control register 
{ 0000000:2458 0000010:2 0000011:2 0000110:1 0000111:1 0001000:2 0001001:2 0001010:2 0001011:2 0001100:3 0001101:2 0001110:3 0001111:6 0010000:9 0010001:5 0010010:17 0010011:47 0010100:95 0010101:1699 0010110:408 0010111:64 0011000:23 0011001:22 0011010:12 0011011:8 0011100:9 0011101:6 0011110:6 0011111:6 0100000:4 0100001:1 0100010:2 0100011:3 0100100:5 0100101:7 0100110:7 0100111:18 0101000:26 0101001:67 0101010:407 0101011:1754 0101100:110 0101101:36 0101110:26 0101111:11 0110000:5 0110001:5 0110010:4 0110011:5 0110100:2 0110101:1 0110110:3 0110111:1 0111000:2 0111001:4 0111010:2 0111011:1 0111100:2 0111101:2 0111111:2 1000000:2538 1000001:1 1000011:2 1000101:2 1000110:3 1000111:3 1001000:3 1001001:1 1001100:2 1001101:3 1001110:4 1001111:4 1010000:7 1010001:11 1010010:23 1010011:49 1010100:107 1010101:1687 1010110:449 1010111:61 1011000:19 1011001:16 1011010:10 1011011:5 1011100:9 1011101:1 1011110:5 1011111:6 1100000:6 1100001:4 1100010:4 1100011:8 1100100:2 1100101:8 1100110:10 1100111:15 1101000:35 1101001:75 1101010:413 1101011:1752 1101100:100 1101101:38 1101110:15 1101111:9 1110000:3 1110001:3 1110010:3 1110011:2 1110100:1 1110101:2 1110110:2 1110111:5 1111000:2 1111010:2 1111011:2 1111100:1 }

	Command being timed: "python3 shor.py 7"
	User time (seconds): 1.86
	System time (seconds): 1.05
	Percent of CPU this job got: 84%
	Elapsed (wall clock) time (h:mm:ss or m:ss): 0:03.46
	Average shared text size (kbytes): 0
	Average unshared data size (kbytes): 0
	Average stack size (kbytes): 0
	Average total size (kbytes): 0
	Maximum resident set size (kbytes): 709908
	Average resident set size (kbytes): 0
	Major (requiring I/O) page faults: 0
	Minor (reclaiming a frame) page faults: 123468
	Voluntary context switches: 4079
	Involuntary context switches: 44
	Swaps: 0
	File system inputs: 0
	File system outputs: 16
	Socket messages sent: 0
	Socket messages received: 0
	Signals delivered: 0
	Page size (bytes): 4096
	Exit status: 0
Measurement results for a=5 and N=21 with 7 qubits in the control register 
{ 0000000:2568 0000011:2 0000100:2 0000110:3 0000111:2 0001000:1 0001001:3 0001010:2 0001011:3 0001100:1 0001101:3 0001110:5 0001111:4 0010000:12 0010001:12 0010010:15 0010011:33 0010100:94 0010101:1673 0010110:442 0010111:57 0011000:21 0011001:13 0011010:10 0011011:7 0011100:6 0011101:4 0011110:6 0011111:2 0100000:7 0100001:2 0100010:7 0100011:5 0100100:2 0100101:7 0100110:6 0100111:16 0101000:32 0101001:75 0101010:433 0101011:1641 0101100:118 0101101:43 0101110:23 0101111:11 0110000:9 0110001:6 0110010:6 0110011:3 0110100:3 0110101:1 0110110:1 0110111:1 0111000:2 0111001:1 0111010:2 0111011:2 0111101:3 0111110:2 0111111:3 1000000:2458 1000001:1 1000010:2 1000011:3 1000101:3 1000110:1 1000111:3 1001000:1 1001001:1 1001011:3 1001100:6 1001101:7 1001110:6 1001111:10 1010000:9 1010001:10 1010010:17 1010011:40 1010100:121 1010101:1734 1010110:412 1010111:64 1011000:28 1011001:17 1011010:9 1011011:8 1011100:8 1011101:5 1011110:3 1011111:3 1100000:7 1100001:7 1100010:7 1100011:3 1100100:8 1100101:7 1100110:8 1100111:13 1101000:25 1101001:57 1101010:397 1101011:1744 1101100:123 1101101:40 1101110:25 1101111:10 1110000:5 1110001:5 1110010:6 1110011:7 1110100:1 1110101:1 1110110:2 1110111:1 1111000:1 1111001:4 1111010:3 1111011:2 1111100:4 1111101:2 1111110:3 }

	Command being timed: "python3 shor.py 7"
	User time (seconds): 1.85
	System time (seconds): 1.04
	Percent of CPU this job got: 87%
	Elapsed (wall clock) time (h:mm:ss or m:ss): 0:03.30
	Average shared text size (kbytes): 0
	Average unshared data size (kbytes): 0
	Average stack size (kbytes): 0
	Average total size (kbytes): 0
	Maximum resident set size (kbytes): 712856
	Average resident set size (kbytes): 0
	Major (requiring I/O) page faults: 0
	Minor (reclaiming a frame) page faults: 123986
	Voluntary context switches: 3995
	Involuntary context switches: 40
	Swaps: 0
	File system inputs: 0
	File system outputs: 16
	Socket messages sent: 0
	Socket messages received: 0
	Signals delivered: 0
	Page size (bytes): 4096
	Exit status: 0
