WARNING: overwriting environment variables set in the machine
overwriting variable ['LD_LIBRARY_PATH']
Measurement results for a=5 and N=21 with 8 qubits in the control register 
{ 00000000:2541 00000011:1 00000100:1 00001111:1 00010000:1 00010011:1 00010100:5 00010101:3 00010111:1 00011001:1 00011011:1 00011101:1 00011110:1 00011111:3 00100000:2 00100001:2 00100010:3 00100011:2 00100100:5 00100101:7 00100110:10 00100111:17 00101000:21 00101001:62 00101010:434 00101011:1752 00101100:110 00101101:40 00101110:20 00101111:11 00110000:4 00110001:5 00110010:3 00110011:3 00110100:2 00110101:1 00111000:3 00111001:2 00111011:1 00111100:1 00111110:2 01000000:1 01000001:1 01000100:1 01000111:4 01001000:3 01001001:1 01001010:5 01001011:1 01001100:1 01001101:4 01001110:4 01001111:3 01010000:8 01010001:11 01010010:15 01010011:44 01010100:115 01010101:1717 01010110:402 01010111:60 01011000:28 01011001:14 01011010:8 01011011:7 01011100:2 01011101:4 01011110:4 01011111:2 01100000:1 01100001:1 01100011:2 01100100:1 01100101:1 01100110:1 01101011:2 01101100:1 01101101:1 01110000:1 01110010:2 01110011:1 01111001:1 01111110:1 01111111:1 10000000:2392 10000011:1 10000100:1 10000111:1 10001010:1 10001101:1 10001111:1 10011000:1 10011001:3 10011011:3 10011100:1 10011101:1 10011110:1 10100000:2 10100001:3 10100010:1 10100011:5 10100100:5 10100101:5 10100110:11 10100111:15 10101000:26 10101001:66 10101010:440 10101011:1742 10101100:85 10101101:34 10101110:17 10101111:11 10110000:5 10110001:3 10110010:2 10110011:1 10110100:1 10110101:2 10110110:4 10110111:2 10111000:1 10111001:1 10111011:2 10111100:2 10111101:1 10111110:3 11000000:1 11000001:1 11000011:1 11000100:1 11001001:4 11001011:3 11001100:1 11001101:3 11001110:3 11001111:3 11010000:7 11010001:13 11010010:25 11010011:35 11010100:111 11010101:1715 11010110:431 11010111:75 11011000:27 11011001:22 11011010:8 11011011:5 11011100:3 11011101:6 11011110:1 11011111:1 11100000:3 11100001:2 11100100:2 11100110:1 11101000:1 11101110:1 11101111:1 11110001:1 11111010:1 }

	Command being timed: "python3 shor.py 8"
	User time (seconds): 1.97
	System time (seconds): 1.12
	Percent of CPU this job got: 73%
	Elapsed (wall clock) time (h:mm:ss or m:ss): 0:04.20
	Average shared text size (kbytes): 0
	Average unshared data size (kbytes): 0
	Average stack size (kbytes): 0
	Average total size (kbytes): 0
	Maximum resident set size (kbytes): 709124
	Average resident set size (kbytes): 0
	Major (requiring I/O) page faults: 0
	Minor (reclaiming a frame) page faults: 113462
	Voluntary context switches: 8776
	Involuntary context switches: 40
	Swaps: 0
	File system inputs: 0
	File system outputs: 16
	Socket messages sent: 0
	Socket messages received: 0
	Signals delivered: 0
	Page size (bytes): 4096
	Exit status: 0
Measurement results for a=5 and N=21 with 8 qubits in the control register 
{ 00000000:2526 00000010:2 00000100:1 00000110:1 00000111:1 00001110:1 00001111:1 00010010:1 00010110:1 00010111:1 00011000:1 00011001:1 00011010:2 00011101:1 00011110:1 00011111:2 00100000:4 00100001:5 00100010:1 00100011:4 00100100:2 00100101:6 00100110:9 00100111:14 00101000:34 00101001:60 00101010:411 00101011:1734 00101100:100 00101101:43 00101110:16 00101111:14 00110000:6 00110001:7 00110010:5 00110011:1 00110100:3 00110101:3 00110110:2 00110111:3 00111011:1 00111100:1 00111101:1 00111110:1 01000000:1 01000010:1 01000011:1 01000100:3 01000101:2 01000111:1 01001000:1 01001010:2 01001011:3 01001100:2 01001101:1 01001110:5 01001111:4 01010000:5 01010001:10 01010010:18 01010011:32 01010100:96 01010101:1713 01010110:429 01010111:54 01011000:40 01011001:15 01011010:6 01011011:9 01011100:7 01011101:4 01011110:3 01011111:3 01100001:1 01100010:1 01100011:2 01100100:1 01100101:2 01100110:1 01100111:1 01101000:1 01110000:1 01111001:1 01111100:1 01111101:1 01111110:1 10000000:2476 10000010:1 10000011:1 10000111:1 10001001:1 10001010:1 10001011:1 10001111:1 10010011:1 10010100:2 10010101:1 10010111:1 10011011:1 10011101:2 10011111:3 10100000:2 10100001:2 10100010:1 10100011:4 10100100:3 10100101:11 10100110:10 10100111:14 10101000:22 10101001:59 10101010:428 10101011:1720 10101100:114 10101101:40 10101110:17 10101111:11 10110000:4 10110001:4 10110010:5 10110011:1 10110100:2 10110101:1 10110110:2 10110111:1 10111000:2 10111001:2 10111010:1 10111011:1 10111100:1 10111110:2 11000000:1 11000001:1 11000011:1 11001000:1 11001011:3 11001100:2 11001101:1 11001110:5 11001111:8 11010000:7 11010001:13 11010010:19 11010011:48 11010100:102 11010101:1668 11010110:434 11010111:82 11011000:33 11011001:14 11011010:15 11011011:6 11011100:7 11011101:4 11011110:4 11011111:2 11100010:1 11100100:1 11100101:1 11100110:1 11101001:2 11101011:2 11110000:1 11110100:1 11110101:2 11110110:2 11111010:2 11111110:1 }

	Command being timed: "python3 shor.py 8"
	User time (seconds): 1.94
	System time (seconds): 1.02
	Percent of CPU this job got: 80%
	Elapsed (wall clock) time (h:mm:ss or m:ss): 0:03.69
	Average shared text size (kbytes): 0
	Average unshared data size (kbytes): 0
	Average stack size (kbytes): 0
	Average total size (kbytes): 0
	Maximum resident set size (kbytes): 709932
	Average resident set size (kbytes): 0
	Major (requiring I/O) page faults: 0
	Minor (reclaiming a frame) page faults: 114342
	Voluntary context switches: 4055
	Involuntary context switches: 43
	Swaps: 0
	File system inputs: 0
	File system outputs: 24
	Socket messages sent: 0
	Socket messages received: 0
	Signals delivered: 0
	Page size (bytes): 4096
	Exit status: 0
Measurement results for a=5 and N=21 with 8 qubits in the control register 
{ 00000000:2564 00000001:1 00000010:1 00001011:1 00001110:1 00010001:1 00010111:1 00011000:1 00011001:1 00011010:1 00011011:1 00011101:1 00011111:1 00100000:3 00100001:4 00100010:1 00100011:5 00100100:4 00100101:11 00100110:11 00100111:17 00101000:27 00101001:59 00101010:424 00101011:1678 00101100:117 00101101:34 00101110:16 00101111:7 00110000:9 00110001:2 00110010:3 00110011:3 00110100:2 00110110:3 00110111:1 00111000:2 00111001:2 00111010:1 00111101:1 00111110:2 01000010:1 01000101:2 01000110:1 01000111:3 01001000:5 01001001:3 01001010:5 01001011:2 01001100:2 01001101:3 01001110:2 01001111:4 01010000:8 01010001:5 01010010:15 01010011:30 01010100:109 01010101:1709 01010110:445 01010111:64 01011000:32 01011001:19 01011010:13 01011011:4 01011100:3 01011101:1 01011111:4 01100000:2 01100010:1 01100011:2 01100100:1 01100110:3 01101101:1 01101111:1 01110000:1 01110001:1 01110010:1 01110011:1 01111010:1 01111100:1 01111101:1 01111110:1 10000000:2465 10000001:1 10000010:1 10000100:1 10001000:1 10001010:1 10001011:1 10001100:1 10010000:1 10010011:1 10010101:1 10010111:1 10011001:2 10011010:1 10011100:2 10011101:1 10011110:1 10011111:1 10100000:3 10100001:1 10100010:4 10100011:5 10100100:4 10100101:6 10100110:9 10100111:11 10101000:22 10101001:58 10101010:432 10101011:1694 10101100:113 10101101:34 10101110:15 10101111:14 10110000:8 10110001:7 10110010:2 10110011:3 10110100:2 10110101:2 10110110:3 10110111:2 10111000:2 10111010:3 10111100:1 11000010:1 11000101:2 11000110:1 11000111:2 11001000:1 11001001:4 11001011:2 11001100:4 11001101:7 11001110:6 11001111:3 11010000:3 11010001:11 11010010:13 11010011:40 11010100:121 11010101:1731 11010110:415 11010111:65 11011000:27 11011001:15 11011010:11 11011011:9 11011100:3 11011101:4 11011110:4 11011111:1 11100000:1 11100001:1 11100010:1 11100011:1 11100100:1 11100110:1 11101100:2 11110000:2 11110011:2 }

	Command being timed: "python3 shor.py 8"
	User time (seconds): 1.95
	System time (seconds): 1.05
	Percent of CPU this job got: 76%
	Elapsed (wall clock) time (h:mm:ss or m:ss): 0:03.92
	Average shared text size (kbytes): 0
	Average unshared data size (kbytes): 0
	Average stack size (kbytes): 0
	Average total size (kbytes): 0
	Maximum resident set size (kbytes): 707860
	Average resident set size (kbytes): 0
	Major (requiring I/O) page faults: 0
	Minor (reclaiming a frame) page faults: 114126
	Voluntary context switches: 4019
	Involuntary context switches: 41
	Swaps: 0
	File system inputs: 0
	File system outputs: 16
	Socket messages sent: 0
	Socket messages received: 0
	Signals delivered: 0
	Page size (bytes): 4096
	Exit status: 0
Measurement results for a=5 and N=21 with 8 qubits in the control register 
{ 00000000:2502 00000010:1 00000110:1 00001101:3 00001111:1 00010000:1 00010011:1 00010101:1 00010110:1 00010111:2 00011100:2 00011101:3 00011111:2 00100000:2 00100001:2 00100010:2 00100011:5 00100100:1 00100101:9 00100110:14 00100111:11 00101000:31 00101001:59 00101010:420 00101011:1720 00101100:101 00101101:28 00101110:12 00101111:6 00110000:7 00110001:4 00110010:3 00110011:4 00110100:3 00110101:1 00110110:1 00110111:2 00111001:1 00111010:1 00111011:1 00111100:1 00111101:2 00111110:1 01000001:1 01000010:1 01000011:1 01000101:1 01000110:2 01000111:1 01001001:2 01001010:2 01001011:2 01001100:2 01001101:3 01001110:7 01001111:9 01010000:10 01010001:14 01010010:28 01010011:28 01010100:114 01010101:1684 01010110:477 01010111:65 01011000:27 01011001:17 01011010:8 01011011:3 01011100:2 01011101:1 01011110:3 01011111:4 01100000:2 01100001:1 01100011:1 01100100:1 01100101:1 01100111:1 01101110:1 01111010:1 01111111:1 10000000:2496 10000101:1 10000110:1 10001000:1 10001010:1 10001101:1 10001111:1 10010010:1 10010011:1 10010100:1 10010101:1 10010111:1 10011000:1 10011001:1 10011010:1 10011011:1 10011101:1 10100000:1 10100001:2 10100010:2 10100011:5 10100100:4 10100101:7 10100110:9 10100111:12 10101000:31 10101001:70 10101010:456 10101011:1675 10101100:131 10101101:29 10101110:19 10101111:8 10110000:6 10110001:8 10110010:3 10110011:7 10110100:4 10110101:4 10110110:2 10110111:1 10111000:3 10111001:1 10111011:2 10111101:2 10111110:1 10111111:2 11000000:1 11000001:1 11000011:2 11000100:1 11000101:1 11000110:3 11001000:2 11001001:3 11001010:2 11001011:6 11001100:2 11001101:3 11001110:4 11001111:1 11010000:1 11010001:14 11010010:16 11010011:56 11010100:128 11010101:1678 11010110:415 11010111:62 11011000:21 11011001:9 11011010:6 11011011:8 11011100:3 11011101:3 11011110:2 11100000:2 11100001:1 11100010:3 11100011:4 11100100:2 11100101:2 11101101:1 11101110:1 11101111:1 11110000:1 11110110:1 11111000:1 11111100:1 11111111:1 }

	Command being timed: "python3 shor.py 8"
	User time (seconds): 1.92
	System time (seconds): 1.03
	Percent of CPU this job got: 86%
	Elapsed (wall clock) time (h:mm:ss or m:ss): 0:03.42
	Average shared text size (kbytes): 0
	Average unshared data size (kbytes): 0
	Average stack size (kbytes): 0
	Average total size (kbytes): 0
	Maximum resident set size (kbytes): 709452
	Average resident set size (kbytes): 0
	Major (requiring I/O) page faults: 0
	Minor (reclaiming a frame) page faults: 114921
	Voluntary context switches: 3948
	Involuntary context switches: 39
	Swaps: 0
	File system inputs: 0
	File system outputs: 24
	Socket messages sent: 0
	Socket messages received: 0
	Signals delivered: 0
	Page size (bytes): 4096
	Exit status: 0
Measurement results for a=5 and N=21 with 8 qubits in the control register 
{ 00000000:2547 00000010:1 00000100:1 00000101:1 00001001:1 00001110:2 00010001:1 00010111:1 00011001:1 00011011:2 00011110:3 00011111:1 00100000:2 00100001:1 00100010:5 00100011:2 00100100:3 00100101:2 00100110:12 00100111:15 00101000:17 00101001:90 00101010:417 00101011:1678 00101100:105 00101101:33 00101110:17 00101111:12 00110000:5 00110001:5 00110010:4 00110011:4 00110100:1 00110101:2 00111000:1 00111001:2 00111011:2 00111100:2 00111101:1 00111111:1 01000010:1 01000011:2 01000100:1 01000101:2 01000111:1 01001000:1 01001010:1 01001011:2 01001100:5 01001101:2 01001110:3 01001111:5 01010000:11 01010001:5 01010010:14 01010011:37 01010100:112 01010101:1756 01010110:415 01010111:68 01011000:26 01011001:7 01011010:10 01011011:9 01011100:3 01011101:3 01011110:5 01011111:3 01100000:2 01100001:2 01100010:1 01100011:1 01100100:1 01100101:1 01100110:1 01101000:2 01101100:3 01101110:1 01111100:2 01111101:1 10000000:2538 10000011:2 10000100:1 10000101:1 10000111:1 10001010:1 10001101:1 10001111:1 10010000:1 10010001:1 10010100:1 10010111:1 10011000:2 10011010:1 10011011:1 10011100:1 10011101:3 10011111:1 10100001:4 10100010:2 10100011:3 10100100:4 10100101:6 10100110:12 10100111:19 10101000:21 10101001:75 10101010:436 10101011:1708 10101100:101 10101101:37 10101110:10 10101111:11 10110000:11 10110001:6 10110010:2 10110011:4 10110100:1 10110101:3 10110111:3 10111000:1 10111010:1 10111011:1 10111101:1 10111111:3 11000000:1 11000010:1 11000100:1 11000110:1 11000111:3 11001000:3 11001001:3 11001011:3 11001100:1 11001101:5 11001110:7 11001111:6 11010000:8 11010001:11 11010010:22 11010011:20 11010100:99 11010101:1668 11010110:418 11010111:64 11011000:25 11011001:6 11011010:12 11011011:6 11011100:6 11011101:2 11011111:1 11100001:2 11100010:4 11100011:2 11100111:2 11101000:2 11101011:2 11101100:1 11101110:1 11110000:1 11110001:1 11110111:1 11111000:1 11111010:1 }

	Command being timed: "python3 shor.py 8"
	User time (seconds): 1.95
	System time (seconds): 0.99
	Percent of CPU this job got: 86%
	Elapsed (wall clock) time (h:mm:ss or m:ss): 0:03.39
	Average shared text size (kbytes): 0
	Average unshared data size (kbytes): 0
	Average stack size (kbytes): 0
	Average total size (kbytes): 0
	Maximum resident set size (kbytes): 711268
	Average resident set size (kbytes): 0
	Major (requiring I/O) page faults: 0
	Minor (reclaiming a frame) page faults: 114474
	Voluntary context switches: 3944
	Involuntary context switches: 40
	Swaps: 0
	File system inputs: 0
	File system outputs: 24
	Socket messages sent: 0
	Socket messages received: 0
	Signals delivered: 0
	Page size (bytes): 4096
	Exit status: 0
Measurement results for a=5 and N=21 with 8 qubits in the control register 
{ 00000000:2491 00000110:1 00001000:1 00001001:1 00010101:2 00011001:1 00011010:1 00011011:1 00011101:3 00011111:2 00100001:4 00100010:3 00100011:3 00100100:5 00100101:3 00100110:7 00100111:14 00101000:20 00101001:80 00101010:459 00101011:1705 00101100:105 00101101:33 00101110:25 00101111:9 00110000:5 00110001:2 00110010:3 00110100:2 00110101:2 00110110:1 00111000:1 00111001:2 00111010:1 00111011:1 00111101:1 00111110:1 01000010:1 01000011:5 01000101:3 01001000:1 01001010:3 01001011:3 01001100:1 01001101:3 01001110:6 01001111:7 01010000:4 01010001:10 01010010:17 01010011:36 01010100:104 01010101:1707 01010110:415 01010111:76 01011000:36 01011001:15 01011010:8 01011011:6 01011100:7 01011101:8 01011110:2 01100000:1 01100010:2 01100011:1 01100101:1 01100110:1 01101000:2 01101001:1 01101010:1 01101011:1 01101100:1 01101110:1 01110001:1 01110011:1 01110110:1 01111011:1 01111100:1 10000000:2498 10000001:2 10000011:2 10000110:1 10001001:1 10001100:1 10001111:1 10010000:2 10010001:1 10010011:1 10010110:1 10011001:1 10011010:2 10011011:2 10011100:1 10011101:4 10011110:1 10011111:2 10100001:3 10100010:1 10100011:5 10100100:2 10100101:11 10100110:7 10100111:19 10101000:25 10101001:77 10101010:444 10101011:1699 10101100:106 10101101:47 10101110:18 10101111:7 10110000:4 10110001:1 10110010:5 10110011:1 10110100:2 10110101:2 10110110:3 10110111:2 10111000:1 10111001:3 10111010:3 10111011:3 10111110:2 10111111:1 11000000:1 11000001:1 11000010:2 11000100:1 11000110:2 11000111:1 11001000:1 11001010:1 11001011:2 11001100:1 11001101:4 11001110:3 11001111:5 11010000:6 11010001:13 11010010:13 11010011:45 11010100:98 11010101:1687 11010110:429 11010111:56 11011000:34 11011001:16 11011010:7 11011011:4 11011100:4 11011101:6 11011110:5 11011111:1 11100000:3 11100010:1 11100011:3 11100100:2 11101001:2 11101100:2 11101111:1 11110000:1 11110010:1 11110101:1 11111010:1 11111100:1 11111111:1 }

	Command being timed: "python3 shor.py 8"
	User time (seconds): 1.92
	System time (seconds): 1.03
	Percent of CPU this job got: 86%
	Elapsed (wall clock) time (h:mm:ss or m:ss): 0:03.42
	Average shared text size (kbytes): 0
	Average unshared data size (kbytes): 0
	Average stack size (kbytes): 0
	Average total size (kbytes): 0
	Maximum resident set size (kbytes): 712352
	Average resident set size (kbytes): 0
	Major (requiring I/O) page faults: 0
	Minor (reclaiming a frame) page faults: 121519
	Voluntary context switches: 3900
	Involuntary context switches: 40
	Swaps: 0
	File system inputs: 0
	File system outputs: 16
	Socket messages sent: 0
	Socket messages received: 0
	Signals delivered: 0
	Page size (bytes): 4096
	Exit status: 0
Measurement results for a=5 and N=21 with 8 qubits in the control register 
{ 00000000:2538 00000101:1 00000110:1 00000111:1 00001100:1 00001111:1 00010100:1 00011101:1 00011110:1 00011111:2 00100001:2 00100010:5 00100011:6 00100100:7 00100101:4 00100110:11 00100111:24 00101000:27 00101001:63 00101010:401 00101011:1731 00101100:107 00101101:42 00101110:19 00101111:13 00110000:4 00110001:6 00110010:4 00110011:3 00110100:1 00110101:4 00110110:2 00110111:2 00111000:2 00111010:1 00111100:3 00111101:1 00111111:1 01000000:1 01000001:1 01000011:2 01000100:1 01000110:3 01001000:2 01001001:3 01001010:4 01001011:4 01001100:1 01001101:3 01001110:3 01001111:6 01010000:9 01010001:13 01010010:11 01010011:32 01010100:100 01010101:1713 01010110:410 01010111:69 01011000:26 01011001:14 01011010:12 01011011:5 01011100:4 01011101:2 01011110:2 01011111:4 01100000:1 01100001:2 01100011:1 01100100:1 01101010:1 01101011:1 01101111:1 01110000:1 01110001:1 01110100:1 01110101:1 01110111:1 01111000:1 01111001:1 01111110:1 10000000:2458 10000100:1 10001001:2 10001101:1 10010010:1 10010101:1 10010111:1 10011001:1 10011010:2 10011011:1 10011100:1 10011101:2 10011110:1 10100000:4 10100001:1 10100010:3 10100011:1 10100100:4 10100101:5 10100110:7 10100111:12 10101000:25 10101001:76 10101010:426 10101011:1718 10101100:104 10101101:33 10101110:19 10101111:12 10110000:6 10110001:4 10110010:2 10110011:1 10110100:2 10110101:1 10110110:5 10110111:5 10111001:2 10111011:1 10111101:1 10111110:3 10111111:2 11000001:1 11000010:2 11000101:1 11000110:2 11001000:1 11001001:1 11001100:2 11001101:2 11001110:1 11001111:2 11010000:6 11010001:12 11010010:20 11010011:21 11010100:119 11010101:1738 11010110:434 11010111:59 11011000:25 11011001:20 11011010:9 11011011:3 11011100:7 11011101:2 11011110:3 11011111:4 11100001:2 11100010:1 11100011:2 11100100:2 11100101:1 11100111:3 11101010:3 11101011:1 11101100:2 11101101:1 11101110:1 11101111:1 11110011:1 11110100:1 11111101:1 11111111:2 }

	Command being timed: "python3 shor.py 8"
	User time (seconds): 1.94
	System time (seconds): 1.01
	Percent of CPU this job got: 86%
	Elapsed (wall clock) time (h:mm:ss or m:ss): 0:03.40
	Average shared text size (kbytes): 0
	Average unshared data size (kbytes): 0
	Average stack size (kbytes): 0
	Average total size (kbytes): 0
	Maximum resident set size (kbytes): 712320
	Average resident set size (kbytes): 0
	Major (requiring I/O) page faults: 0
	Minor (reclaiming a frame) page faults: 121642
	Voluntary context switches: 3905
	Involuntary context switches: 46
	Swaps: 0
	File system inputs: 0
	File system outputs: 24
	Socket messages sent: 0
	Socket messages received: 0
	Signals delivered: 0
	Page size (bytes): 4096
	Exit status: 0
Measurement results for a=5 and N=21 with 8 qubits in the control register 
{ 00000000:2522 00000001:1 00000011:1 00000100:1 00000110:1 00000111:2 00001000:2 00010000:1 00010001:1 00010010:1 00010101:1 00011001:1 00011010:2 00011011:1 00011100:1 00011101:7 00011110:3 00011111:1 00100000:2 00100001:1 00100010:2 00100011:4 00100100:3 00100101:5 00100110:4 00100111:16 00101000:23 00101001:67 00101010:425 00101011:1724 00101100:88 00101101:47 00101110:12 00101111:10 00110000:9 00110001:5 00110010:2 00110011:3 00110100:3 00110101:2 00110110:1 00110111:3 00111001:1 00111010:2 00111011:1 00111101:1 01000001:2 01000010:2 01000011:2 01000101:1 01001001:1 01001010:1 01001011:5 01001100:1 01001101:2 01001110:3 01001111:6 01010000:3 01010001:8 01010010:17 01010011:43 01010100:113 01010101:1703 01010110:420 01010111:70 01011000:25 01011001:12 01011010:11 01011011:6 01011100:8 01011101:4 01011110:6 01011111:1 01100001:1 01100100:3 01100110:2 01100111:1 01101000:2 01101001:2 01101100:1 01101111:1 01110011:2 01111000:1 01111001:1 01111010:1 01111101:2 01111110:1 10000000:2494 10000001:1 10000101:2 10000110:1 10001110:1 10010111:1 10011000:1 10011001:1 10011011:1 10011100:1 10011110:1 10011111:2 10100000:1 10100010:5 10100011:2 10100100:1 10100101:7 10100110:12 10100111:12 10101000:29 10101001:56 10101010:413 10101011:1700 10101100:119 10101101:29 10101110:17 10101111:5 10110000:5 10110001:2 10110010:5 10110011:5 10110100:3 10110101:1 10110110:2 10110111:1 10111000:6 10111010:2 10111011:1 10111100:1 10111101:1 10111110:1 10111111:1 11000001:3 11000010:1 11000011:1 11000100:2 11000110:2 11001000:1 11001001:1 11001011:5 11001100:1 11001101:5 11001110:3 11001111:4 11010000:9 11010001:10 11010010:19 11010011:24 11010100:89 11010101:1783 11010110:425 11010111:57 11011000:32 11011001:13 11011010:12 11011011:1 11011100:6 11011101:1 11011110:3 11011111:4 11100000:2 11100001:2 11100010:1 11100100:1 11100101:2 11100111:1 11101010:3 11101011:1 11101101:1 11110001:1 11110010:1 11110100:1 11111101:1 }

	Command being timed: "python3 shor.py 8"
	User time (seconds): 1.97
	System time (seconds): 1.00
	Percent of CPU this job got: 85%
	Elapsed (wall clock) time (h:mm:ss or m:ss): 0:03.48
	Average shared text size (kbytes): 0
	Average unshared data size (kbytes): 0
	Average stack size (kbytes): 0
	Average total size (kbytes): 0
	Maximum resident set size (kbytes): 709924
	Average resident set size (kbytes): 0
	Major (requiring I/O) page faults: 0
	Minor (reclaiming a frame) page faults: 113682
	Voluntary context switches: 3983
	Involuntary context switches: 42
	Swaps: 0
	File system inputs: 0
	File system outputs: 24
	Socket messages sent: 0
	Socket messages received: 0
	Signals delivered: 0
	Page size (bytes): 4096
	Exit status: 0
Measurement results for a=5 and N=21 with 8 qubits in the control register 
{ 00000000:2590 00000010:1 00001101:2 00001111:2 00010000:1 00010101:1 00010111:1 00011000:1 00011010:2 00011011:1 00011101:1 00011110:2 00011111:1 00100000:2 00100001:3 00100011:2 00100100:6 00100101:5 00100110:11 00100111:13 00101000:17 00101001:78 00101010:405 00101011:1603 00101100:129 00101101:34 00101110:17 00101111:9 00110000:9 00110001:5 00110010:7 00110011:3 00110100:4 00110101:4 00110110:2 00110111:1 00111000:1 00111001:1 00111010:3 00111011:6 00111101:1 00111111:1 01000010:2 01000100:2 01000101:1 01000110:1 01001000:1 01001010:2 01001011:2 01001100:2 01001101:5 01001110:4 01001111:5 01010000:11 01010001:16 01010010:14 01010011:33 01010100:96 01010101:1734 01010110:408 01010111:72 01011000:24 01011001:15 01011010:11 01011011:2 01011100:4 01011101:3 01011110:4 01100000:2 01100011:2 01100100:1 01100101:1 01101000:1 01101110:1 01110001:1 01111010:1 01111011:2 10000000:2561 10000010:1 10000100:1 10000101:1 10000110:1 10001011:3 10001110:2 10010001:1 10010010:2 10010011:1 10010100:2 10011010:1 10011011:1 10011100:1 10011101:1 10011110:2 10011111:2 10100000:3 10100001:4 10100010:2 10100011:3 10100100:5 10100101:8 10100110:5 10100111:13 10101000:22 10101001:68 10101010:453 10101011:1688 10101100:94 10101101:45 10101110:28 10101111:10 10110000:7 10110001:9 10110010:1 10110100:4 10110110:2 10111000:1 10111010:1 10111011:3 10111100:2 10111101:2 10111110:3 10111111:2 11000000:1 11000011:4 11000111:1 11001000:1 11001001:2 11001010:3 11001011:2 11001101:1 11001110:3 11001111:5 11010000:9 11010001:6 11010010:20 11010011:38 11010100:87 11010101:1696 11010110:434 11010111:65 11011000:26 11011001:14 11011010:10 11011011:3 11011100:2 11011101:4 11011110:3 11011111:2 11100001:2 11100101:1 11100110:1 11101000:1 11101001:2 11101011:1 11101100:1 11110000:1 11110001:1 11110111:1 }

	Command being timed: "python3 shor.py 8"
	User time (seconds): 1.94
	System time (seconds): 1.02
	Percent of CPU this job got: 79%
	Elapsed (wall clock) time (h:mm:ss or m:ss): 0:03.74
	Average shared text size (kbytes): 0
	Average unshared data size (kbytes): 0
	Average stack size (kbytes): 0
	Average total size (kbytes): 0
	Maximum resident set size (kbytes): 711540
	Average resident set size (kbytes): 0
	Major (requiring I/O) page faults: 0
	Minor (reclaiming a frame) page faults: 114131
	Voluntary context switches: 3978
	Involuntary context switches: 46
	Swaps: 0
	File system inputs: 0
	File system outputs: 16
	Socket messages sent: 0
	Socket messages received: 0
	Signals delivered: 0
	Page size (bytes): 4096
	Exit status: 0
Measurement results for a=5 and N=21 with 8 qubits in the control register 
{ 00000000:2557 00000101:1 00000111:1 00001011:1 00001100:1 00001101:1 00010010:2 00010100:1 00011100:1 00011101:1 00100000:2 00100001:5 00100011:6 00100100:4 00100101:2 00100110:5 00100111:17 00101000:20 00101001:68 00101010:433 00101011:1708 00101100:125 00101101:40 00101110:11 00101111:7 00110000:7 00110001:5 00110010:2 00110011:6 00110100:3 00110101:1 00110110:2 00110111:1 00111000:1 00111001:1 00111010:3 01000000:1 01000010:1 01000011:1 01000100:2 01000101:2 01000110:3 01000111:3 01001000:1 01001001:1 01001010:5 01001011:2 01001100:3 01001101:3 01001110:2 01001111:5 01010000:8 01010001:8 01010010:15 01010011:41 01010100:106 01010101:1742 01010110:406 01010111:68 01011000:29 01011001:18 01011010:10 01011011:9 01011100:2 01011101:3 01011110:2 01011111:2 01100000:1 01100010:1 01100011:4 01100100:1 01100101:2 01100110:1 01101000:1 01101011:1 01101100:1 01101101:1 01101111:1 01110011:1 01110101:1 01110110:1 01111011:1 01111100:2 01111111:1 10000000:2452 10000001:1 10000100:1 10001110:1 10010001:1 10010011:1 10010101:1 10011000:1 10011001:3 10011011:1 10011101:2 10011111:2 10100000:3 10100001:6 10100010:7 10100011:2 10100100:2 10100101:6 10100110:9 10100111:14 10101000:27 10101001:82 10101010:390 10101011:1729 10101100:125 10101101:19 10101110:13 10101111:11 10110000:8 10110001:6 10110010:5 10110011:5 10110100:4 10110110:4 10110111:1 10111010:3 10111100:1 10111101:2 10111110:2 11000000:1 11000010:1 11000011:2 11000110:1 11000111:3 11001000:2 11001001:1 11001100:3 11001101:3 11001110:4 11001111:5 11010000:9 11010001:13 11010010:22 11010011:35 11010100:110 11010101:1665 11010110:420 11010111:66 11011000:36 11011001:10 11011010:16 11011011:11 11011100:3 11011101:2 11011110:5 11011111:1 11100000:1 11100001:2 11100010:2 11100011:1 11100111:1 11101001:2 11101011:1 11101101:1 11101110:3 11110001:2 11111010:2 11111101:1 }

	Command being timed: "python3 shor.py 8"
	User time (seconds): 1.97
	System time (seconds): 0.98
	Percent of CPU this job got: 84%
	Elapsed (wall clock) time (h:mm:ss or m:ss): 0:03.51
	Average shared text size (kbytes): 0
	Average unshared data size (kbytes): 0
	Average stack size (kbytes): 0
	Average total size (kbytes): 0
	Maximum resident set size (kbytes): 707812
	Average resident set size (kbytes): 0
	Major (requiring I/O) page faults: 0
	Minor (reclaiming a frame) page faults: 113910
	Voluntary context switches: 4043
	Involuntary context switches: 43
	Swaps: 0
	File system inputs: 0
	File system outputs: 24
	Socket messages sent: 0
	Socket messages received: 0
	Signals delivered: 0
	Page size (bytes): 4096
	Exit status: 0
