WARNING: overwriting environment variables set in the machine
overwriting variable ['LD_LIBRARY_PATH']
Measurement results for a=5 and N=21 with 17 qubits in the control register 
{ 00000000000000000:2529 00101010011111000:1 00101010100000101:1 00101010100001010:1 00101010100011011:1 00101010100110100:1 00101010100111000:1 00101010100111001:2 00101010100111100:1 00101010100111101:1 00101010101000100:1 00101010101000101:2 00101010101000111:2 00101010101001000:1 00101010101001010:1 00101010101001011:1 00101010101001101:1 00101010101001110:2 00101010101001111:3 00101010101010000:6 00101010101010001:16 00101010101010010:12 00101010101010011:36 00101010101010100:113 00101010101010101:1738 00101010101010110:393 00101010101010111:52 00101010101011000:32 00101010101011001:10 00101010101011010:7 00101010101011011:5 00101010101011100:7 00101010101011101:3 00101010101011110:2 00101010101011111:3 00101010101100000:1 00101010101100001:1 00101010101100010:3 00101010101100011:1 00101010101100100:2 00101010101100110:1 00101010101101001:1 00101010101101010:1 00101010101101101:1 00101010101101110:1 00101010101111000:1 00101010110000010:1 00101010110010001:1 00101010110100011:1 00101010110110001:1 01010100101111000:1 01010100110110001:1 01010100111101111:1 01010101001111010:1 01010101010000010:1 01010101010010001:1 01010101010010011:1 01010101010010100:2 01010101010010101:1 01010101010011001:1 01010101010011010:6 01010101010011011:1 01010101010011101:1 01010101010011110:3 01010101010011111:3 01010101010100001:1 01010101010100010:2 01010101010100011:4 01010101010100100:3 01010101010100101:7 01010101010100110:6 01010101010100111:22 01010101010101000:17 01010101010101001:60 01010101010101010:384 01010101010101011:1651 01010101010101100:104 01010101010101101:46 01010101010101110:18 01010101010101111:9 01010101010110000:11 01010101010110001:4 01010101010110010:2 01010101010110011:3 01010101010110101:2 01010101010110110:2 01010101010110111:2 01010101010111000:1 01010101010111011:1 01010101010111101:1 01010101010111110:1 01010101010111111:1 01010101011000001:2 01010101011001001:1 01010101011001010:2 01010101011010000:1 01010101011110111:1 01010101111111101:1 01010110101101011:1 10000000000000000:2605 10101010100011010:1 10101010100110111:1 10101010100111111:1 10101010101000000:2 10101010101000011:2 10101010101001000:1 10101010101001001:1 10101010101001010:2 10101010101001011:1 10101010101001100:4 10101010101001110:2 10101010101001111:2 10101010101010000:7 10101010101010001:9 10101010101010010:26 10101010101010011:23 10101010101010100:112 10101010101010101:1758 10101010101010110:439 10101010101010111:69 10101010101011000:27 10101010101011001:11 10101010101011010:8 10101010101011011:6 10101010101011100:5 10101010101011101:3 10101010101011110:3 10101010101011111:2 10101010101100000:3 10101010101100001:1 10101010101100101:2 10101010101100111:2 10101010101101000:1 10101010101101001:1 10101010101110001:1 10101010101110110:2 10101010101111010:1 10101010101111101:1 10101010110000100:1 10101010110111110:1 10101010111001001:1 10101011111001111:1 10101110000011101:1 11010011110110011:1 11010101000111111:1 11010101001001111:1 11010101001101001:1 11010101001101010:1 11010101010010001:1 11010101010010011:1 11010101010010111:1 11010101010011000:1 11010101010011001:2 11010101010011011:2 11010101010011100:2 11010101010011101:1 11010101010100000:3 11010101010100010:3 11010101010100011:6 11010101010100100:3 11010101010100101:2 11010101010100110:11 11010101010100111:14 11010101010101000:20 11010101010101001:81 11010101010101010:441 11010101010101011:1634 11010101010101100:103 11010101010101101:41 11010101010101110:16 11010101010101111:6 11010101010110000:8 11010101010110001:5 11010101010110010:4 11010101010110011:2 11010101010110100:2 11010101010110110:2 11010101010110111:2 11010101010111000:2 11010101010111001:1 11010101010111010:1 11010101010111011:1 11010101010111100:1 11010101010111101:1 11010101010111110:1 11010101010111111:1 11010101011000110:1 11010101011001011:1 11010101011001110:1 11010101011010100:1 11010101011011011:1 11010101011110101:1 11010101100011101:1 11010101110101101:1 }

	Command being timed: "python3 shor.py 17"
	User time (seconds): 134.10
	System time (seconds): 3.01
	Percent of CPU this job got: 98%
	Elapsed (wall clock) time (h:mm:ss or m:ss): 2:18.92
	Average shared text size (kbytes): 0
	Average unshared data size (kbytes): 0
	Average stack size (kbytes): 0
	Average total size (kbytes): 0
	Maximum resident set size (kbytes): 3018336
	Average resident set size (kbytes): 0
	Major (requiring I/O) page faults: 0
	Minor (reclaiming a frame) page faults: 2480330
	Voluntary context switches: 11620
	Involuntary context switches: 1808
	Swaps: 0
	File system inputs: 0
	File system outputs: 24
	Socket messages sent: 0
	Socket messages received: 0
	Signals delivered: 0
	Page size (bytes): 4096
	Exit status: 0
Measurement results for a=5 and N=21 with 17 qubits in the control register 
{ 00000000000000000:2527 00101010001100000:1 00101010010101011:1 00101010010110111:1 00101010011001111:1 00101010011101010:1 00101010100000010:1 00101010100101110:1 00101010100110000:1 00101010100111000:1 00101010100111101:1 00101010101000100:2 00101010101000101:1 00101010101000111:2 00101010101001000:2 00101010101001010:1 00101010101001011:3 00101010101001100:1 00101010101001101:3 00101010101001110:5 00101010101001111:6 00101010101010000:3 00101010101010001:11 00101010101010010:18 00101010101010011:27 00101010101010100:113 00101010101010101:1681 00101010101010110:448 00101010101010111:67 00101010101011000:19 00101010101011001:15 00101010101011010:13 00101010101011011:6 00101010101011100:5 00101010101011101:3 00101010101011110:2 00101010101011111:1 00101010101100000:2 00101010101100010:1 00101010101100101:1 00101010101100111:1 00101010101111101:1 00101010110000000:1 00101010110000001:1 00101010110001110:1 00101010110010001:1 00101010110111010:1 00101010111101101:1 00101011000111000:1 01010011010111100:1 01010100110101111:1 01010101000001000:1 01010101001111000:1 01010101010000101:1 01010101010001000:1 01010101010001001:1 01010101010001101:1 01010101010010001:1 01010101010010101:1 01010101010010110:1 01010101010010111:1 01010101010011100:3 01010101010011110:1 01010101010011111:2 01010101010100000:1 01010101010100001:3 01010101010100010:1 01010101010100011:6 01010101010100100:6 01010101010100101:7 01010101010100110:9 01010101010100111:12 01010101010101000:22 01010101010101001:68 01010101010101010:407 01010101010101011:1710 01010101010101100:100 01010101010101101:34 01010101010101110:27 01010101010101111:9 01010101010110000:5 01010101010110001:3 01010101010110010:3 01010101010110011:1 01010101010110100:2 01010101010110101:1 01010101010110110:1 01010101010111000:1 01010101010111001:1 01010101010111010:2 01010101010111011:1 01010101010111100:1 01010101010111101:1 01010101011000010:1 01010101011000011:1 01010101011010001:1 01010101011100100:1 01010101011101011:1 01010101011110111:1 01010111100100010:1 01010111100110000:1 10000000000000000:2511 10100111111000111:1 10101010100101101:1 10101010100110011:1 10101010100111101:1 10101010101000010:1 10101010101000011:1 10101010101000100:1 10101010101000101:1 10101010101000111:1 10101010101001001:1 10101010101001010:3 10101010101001101:3 10101010101001110:5 10101010101001111:9 10101010101010000:5 10101010101010001:6 10101010101010010:16 10101010101010011:37 10101010101010100:111 10101010101010101:1707 10101010101010110:422 10101010101010111:73 10101010101011000:15 10101010101011001:18 10101010101011010:10 10101010101011011:10 10101010101011100:1 10101010101011101:3 10101010101011110:2 10101010101100001:2 10101010101100010:3 10101010101100100:1 10101010101100110:1 10101010101101010:1 10101010101101101:2 10101010101101111:1 10101010101110001:1 10101010101110011:1 10101010101110111:1 10101010101111101:1 10101010110000001:1 10101010110001001:1 10101010110001010:1 10101010110001110:1 10101010110011000:1 10101010110011100:1 10101010110110100:1 10101011100100100:1 11010100110101001:1 11010100111001010:1 11010101000000001:1 11010101000111100:1 11010101001010111:1 11010101001101000:1 11010101010001101:1 11010101010001110:1 11010101010010011:2 11010101010010100:1 11010101010011001:1 11010101010011010:2 11010101010011011:1 11010101010011101:3 11010101010011110:1 11010101010011111:1 11010101010100001:2 11010101010100010:3 11010101010100011:1 11010101010100100:6 11010101010100101:3 11010101010100110:16 11010101010100111:16 11010101010101000:20 11010101010101001:75 11010101010101010:452 11010101010101011:1685 11010101010101100:111 11010101010101101:39 11010101010101110:15 11010101010101111:17 11010101010110000:6 11010101010110001:5 11010101010110010:5 11010101010110100:2 11010101010110101:3 11010101010110110:1 11010101010111001:2 11010101010111010:1 11010101010111011:3 11010101010111101:1 11010101010111111:1 11010101011000000:1 11010101011000010:1 11010101011000100:1 11010101011001111:1 11010101011010011:1 11010101011011001:1 11010101011100000:1 11010101011111111:1 11010101100000011:1 11010101100100100:1 }

	Command being timed: "python3 shor.py 17"
	User time (seconds): 135.87
	System time (seconds): 2.84
	Percent of CPU this job got: 99%
	Elapsed (wall clock) time (h:mm:ss or m:ss): 2:19.48
	Average shared text size (kbytes): 0
	Average unshared data size (kbytes): 0
	Average stack size (kbytes): 0
	Average total size (kbytes): 0
	Maximum resident set size (kbytes): 3016304
	Average resident set size (kbytes): 0
	Major (requiring I/O) page faults: 0
	Minor (reclaiming a frame) page faults: 2440574
	Voluntary context switches: 5197
	Involuntary context switches: 1848
	Swaps: 0
	File system inputs: 0
	File system outputs: 24
	Socket messages sent: 0
	Socket messages received: 0
	Signals delivered: 0
	Page size (bytes): 4096
	Exit status: 0
Measurement results for a=5 and N=21 with 17 qubits in the control register 
{ 00000000000000000:2508 00101010100010101:1 00101010100011101:1 00101010100100001:1 00101010100101011:1 00101010100101110:1 00101010100110001:1 00101010100111000:1 00101010100111010:1 00101010100111011:1 00101010101000001:1 00101010101000110:1 00101010101001000:1 00101010101001001:2 00101010101001010:2 00101010101001011:3 00101010101001100:3 00101010101001101:1 00101010101001110:2 00101010101001111:6 00101010101010000:14 00101010101010001:14 00101010101010010:12 00101010101010011:30 00101010101010100:119 00101010101010101:1693 00101010101010110:400 00101010101010111:61 00101010101011000:23 00101010101011001:10 00101010101011010:11 00101010101011011:3 00101010101011100:4 00101010101011101:2 00101010101011110:2 00101010101011111:1 00101010101100000:2 00101010101100001:2 00101010101100011:2 00101010101100101:1 00101010101110010:1 00101010101110101:1 00101010101111000:1 00101010101111010:1 00101010101111101:1 00101010101111111:1 00101010110001000:1 00101010110110000:1 00101010111000110:1 01010101000000101:1 01010101001010111:1 01010101010000010:1 01010101010001111:1 01010101010010000:1 01010101010010010:1 01010101010010011:1 01010101010010100:1 01010101010010111:1 01010101010011010:1 01010101010011011:1 01010101010011100:1 01010101010011110:2 01010101010100000:1 01010101010100001:5 01010101010100010:4 01010101010100011:3 01010101010100100:4 01010101010100101:7 01010101010100110:7 01010101010100111:16 01010101010101000:26 01010101010101001:82 01010101010101010:475 01010101010101011:1763 01010101010101100:89 01010101010101101:27 01010101010101110:16 01010101010101111:12 01010101010110000:3 01010101010110001:6 01010101010110011:3 01010101010110100:3 01010101010110101:1 01010101010111000:1 01010101010111001:1 01010101010111010:1 01010101010111100:1 01010101010111101:1 01010101010111111:1 01010101011000001:2 01010101011000011:1 01010101011000100:1 01010101011000110:1 01010101011000111:1 01010101011001101:1 01010101011010001:1 01010101011011001:1 01010101100001111:1 01010101100111110:1 10000000000000000:2448 10101001101000100:1 10101010000000001:1 10101010011100111:1 10101010011101100:1 10101010100110001:1 10101010100111100:1 10101010100111110:1 10101010100111111:2 10101010101000100:1 10101010101001000:1 10101010101001001:1 10101010101001010:1 10101010101001011:2 10101010101001100:2 10101010101001101:5 10101010101001110:5 10101010101001111:4 10101010101010000:8 10101010101010001:9 10101010101010010:15 10101010101010011:38 10101010101010100:97 10101010101010101:1773 10101010101010110:418 10101010101010111:59 10101010101011000:33 10101010101011001:12 10101010101011010:6 10101010101011011:6 10101010101011100:2 10101010101011101:3 10101010101011110:1 10101010101011111:4 10101010101100000:5 10101010101100011:1 10101010101100110:1 10101010101100111:1 10101010101101000:2 10101010101110110:1 10101010101111101:2 10101010110011111:1 10101010110110110:1 10101010111100001:1 10101011000000101:1 10101011000110010:1 10101111111000001:1 11010100110110101:1 11010101001010010:1 11010101001111001:1 11010101001111100:1 11010101001111101:1 11010101010001001:1 11010101010001101:1 11010101010010011:1 11010101010010100:1 11010101010010101:1 11010101010010111:1 11010101010011001:1 11010101010011011:1 11010101010011100:2 11010101010011101:3 11010101010011110:4 11010101010100000:1 11010101010100001:3 11010101010100010:1 11010101010100011:5 11010101010100100:4 11010101010100101:7 11010101010100110:7 11010101010100111:14 11010101010101000:29 11010101010101001:62 11010101010101010:463 11010101010101011:1648 11010101010101100:107 11010101010101101:43 11010101010101110:17 11010101010101111:14 11010101010110000:4 11010101010110001:4 11010101010110010:3 11010101010110011:1 11010101010110100:2 11010101010110110:2 11010101010111001:1 11010101010111010:1 11010101010111011:1 11010101010111100:2 11010101010111101:1 11010101011000000:2 11010101011000010:1 11010101011001100:1 11010101011001101:1 11010101011001110:1 11010101011010000:1 11010101011010101:1 11010101011100010:1 11010101011101101:1 11010101101001111:1 }

	Command being timed: "python3 shor.py 17"
	User time (seconds): 134.73
	System time (seconds): 2.89
	Percent of CPU this job got: 99%
	Elapsed (wall clock) time (h:mm:ss or m:ss): 2:18.44
	Average shared text size (kbytes): 0
	Average unshared data size (kbytes): 0
	Average stack size (kbytes): 0
	Average total size (kbytes): 0
	Maximum resident set size (kbytes): 3017956
	Average resident set size (kbytes): 0
	Major (requiring I/O) page faults: 0
	Minor (reclaiming a frame) page faults: 2478990
	Voluntary context switches: 5199
	Involuntary context switches: 1823
	Swaps: 0
	File system inputs: 0
	File system outputs: 24
	Socket messages sent: 0
	Socket messages received: 0
	Signals delivered: 0
	Page size (bytes): 4096
	Exit status: 0
Measurement results for a=5 and N=21 with 17 qubits in the control register 
{ 00000000000000000:2551 00101010100100001:1 00101010100110101:1 00101010100111011:1 00101010101000000:1 00101010101000001:1 00101010101000011:1 00101010101000101:1 00101010101000110:1 00101010101001000:2 00101010101001001:2 00101010101001010:5 00101010101001011:4 00101010101001100:5 00101010101001101:1 00101010101001110:5 00101010101001111:6 00101010101010000:8 00101010101010001:10 00101010101010010:12 00101010101010011:37 00101010101010100:98 00101010101010101:1700 00101010101010110:432 00101010101010111:63 00101010101011000:31 00101010101011001:12 00101010101011010:13 00101010101011011:8 00101010101011100:6 00101010101011101:4 00101010101011110:2 00101010101011111:5 00101010101100000:1 00101010101100001:1 00101010101100010:1 00101010101100011:1 00101010101100101:1 00101010101100111:1 00101010101101000:2 00101010101101110:1 00101010101101111:1 00101010101110000:1 00101010101110001:1 00101010101111110:1 00101010110010010:1 00101010110011110:1 00101010111011100:1 00101011001111101:1 00101011100011111:1 00101011101100001:1 01010100111011011:1 01010101000001111:1 01010101000010111:1 01010101001100101:1 01010101010010001:1 01010101010010100:1 01010101010010110:1 01010101010011000:1 01010101010011001:2 01010101010011010:1 01010101010011011:2 01010101010011111:4 01010101010100000:1 01010101010100001:3 01010101010100010:1 01010101010100011:7 01010101010100100:5 01010101010100101:6 01010101010100110:6 01010101010100111:14 01010101010101000:22 01010101010101001:63 01010101010101010:423 01010101010101011:1784 01010101010101100:116 01010101010101101:39 01010101010101110:17 01010101010101111:14 01010101010110000:7 01010101010110001:5 01010101010110010:2 01010101010110011:1 01010101010110100:3 01010101010110101:6 01010101010110110:3 01010101010110111:3 01010101010111010:1 01010101010111011:1 01010101010111101:1 01010101010111110:1 01010101011000000:1 01010101011000010:2 01010101011000011:1 01010101011000101:1 01010101011001101:1 01010101011001110:1 01010101011011000:1 01010101011011011:1 01010101011100110:1 01010101011100111:1 10000000000000000:2433 10101010001100011:1 10101010010001111:1 10101010011111111:2 10101010100011110:1 10101010100100100:1 10101010100101010:1 10101010100110011:1 10101010100110111:1 10101010101000000:1 10101010101000001:3 10101010101000010:1 10101010101000101:1 10101010101000110:2 10101010101000111:1 10101010101001000:1 10101010101001001:1 10101010101001010:3 10101010101001011:3 10101010101001101:3 10101010101001110:4 10101010101001111:4 10101010101010000:7 10101010101010001:6 10101010101010010:23 10101010101010011:30 10101010101010100:110 10101010101010101:1679 10101010101010110:446 10101010101010111:59 10101010101011000:21 10101010101011001:14 10101010101011010:11 10101010101011011:6 10101010101011100:7 10101010101011101:3 10101010101011110:3 10101010101011111:4 10101010101100000:1 10101010101100001:1 10101010101100010:1 10101010101100100:1 10101010101100101:2 10101010101101010:1 10101010101101101:1 10101010101110000:1 10101010101110001:1 10101010101111010:1 10101010110000110:1 10101010110010111:1 10101010110111101:1 10101011000110011:1 11010100111000011:1 11010101000110001:1 11010101010000011:1 11010101010001011:1 11010101010001110:1 11010101010010011:1 11010101010010110:1 11010101010010111:2 11010101010011000:1 11010101010011001:1 11010101010011010:1 11010101010011011:2 11010101010011100:1 11010101010011110:2 11010101010011111:1 11010101010100000:2 11010101010100001:3 11010101010100010:3 11010101010100011:3 11010101010100100:2 11010101010100101:6 11010101010100110:10 11010101010100111:12 11010101010101000:26 11010101010101001:67 11010101010101010:457 11010101010101011:1634 11010101010101100:116 11010101010101101:36 11010101010101110:13 11010101010101111:10 11010101010110000:8 11010101010110001:6 11010101010110010:2 11010101010110011:3 11010101010110101:1 11010101010110110:2 11010101010111000:1 11010101010111010:2 11010101010111101:1 11010101011000101:1 11010101011000111:1 11010101011010111:1 11010101011100000:1 11010101011100110:1 11010101011110000:1 11010101100100100:1 11010101100110011:1 11010101101100100:1 11010110011101011:1 }

	Command being timed: "python3 shor.py 17"
	User time (seconds): 134.83
	System time (seconds): 2.84
	Percent of CPU this job got: 99%
	Elapsed (wall clock) time (h:mm:ss or m:ss): 2:18.96
	Average shared text size (kbytes): 0
	Average unshared data size (kbytes): 0
	Average stack size (kbytes): 0
	Average total size (kbytes): 0
	Maximum resident set size (kbytes): 3018752
	Average resident set size (kbytes): 0
	Major (requiring I/O) page faults: 0
	Minor (reclaiming a frame) page faults: 2476198
	Voluntary context switches: 8838
	Involuntary context switches: 1853
	Swaps: 0
	File system inputs: 0
	File system outputs: 24
	Socket messages sent: 0
	Socket messages received: 0
	Signals delivered: 0
	Page size (bytes): 4096
	Exit status: 0
Measurement results for a=5 and N=21 with 17 qubits in the control register 
{ 00000000000000000:2437 00100111101010011:1 00101010011000101:1 00101010011001010:1 00101010011001110:1 00101010011011010:1 00101010011111011:1 00101010100011001:1 00101010100110010:1 00101010100110111:1 00101010100111101:1 00101010101000001:1 00101010101000101:1 00101010101000110:2 00101010101000111:1 00101010101001001:1 00101010101001010:2 00101010101001100:4 00101010101001101:3 00101010101001110:4 00101010101001111:5 00101010101010000:10 00101010101010001:5 00101010101010010:22 00101010101010011:38 00101010101010100:125 00101010101010101:1753 00101010101010110:418 00101010101010111:74 00101010101011000:22 00101010101011001:15 00101010101011010:9 00101010101011011:3 00101010101011100:5 00101010101011101:5 00101010101011110:5 00101010101011111:4 00101010101100000:1 00101010101100001:1 00101010101100010:1 00101010101100011:4 00101010101100100:1 00101010101101001:1 00101010101101011:1 00101010101110100:2 00101010110100000:1 00101010111010100:1 00101011001010011:1 00101011001100010:1 00101011010100111:1 01010100010111101:1 01010100111110111:1 01010101000010001:1 01010101000110110:1 01010101001010101:1 01010101001011010:1 01010101001100110:1 01010101001111111:2 01010101010001000:1 01010101010001001:1 01010101010001011:1 01010101010010000:2 01010101010010010:1 01010101010010110:1 01010101010010111:1 01010101010011001:2 01010101010011110:1 01010101010011111:1 01010101010100000:4 01010101010100001:2 01010101010100010:3 01010101010100011:2 01010101010100100:3 01010101010100101:5 01010101010100110:5 01010101010100111:17 01010101010101000:41 01010101010101001:62 01010101010101010:416 01010101010101011:1752 01010101010101100:110 01010101010101101:39 01010101010101110:25 01010101010101111:13 01010101010110000:6 01010101010110001:2 01010101010110010:3 01010101010110100:2 01010101010110101:1 01010101010110110:1 01010101010111000:3 01010101010111001:2 01010101010111011:3 01010101010111110:1 01010101010111111:1 01010101011000000:1 01010101011000001:1 01010101011000101:1 01010101011000111:1 01010101011010010:1 01010101011010100:1 01010101011011000:1 01010101011100101:1 01010101011111001:1 01010101100100000:1 01010101101100110:1 10000000000000000:2504 10101000100100111:1 10101001000000101:1 10101010001111111:1 10101010100011100:1 10101010100101111:1 10101010100110110:1 10101010100111100:1 10101010101000110:2 10101010101001000:1 10101010101001001:1 10101010101001010:1 10101010101001011:3 10101010101001101:3 10101010101001110:7 10101010101001111:5 10101010101010000:6 10101010101010001:12 10101010101010010:15 10101010101010011:34 10101010101010100:100 10101010101010101:1668 10101010101010110:414 10101010101010111:68 10101010101011000:20 10101010101011001:11 10101010101011010:6 10101010101011011:4 10101010101011100:6 10101010101011101:6 10101010101011110:2 10101010101011111:3 10101010101100000:3 10101010101100010:1 10101010101100011:1 10101010101101000:1 10101010101101010:1 10101010101110010:2 10101010101110011:1 10101010101110101:1 10101010101111001:1 10101010110000110:1 10101010110001010:1 10101010110001011:1 10101010110101110:1 10101010111001101:1 10110001001000010:1 11010101001110001:1 11010101001110010:1 11010101001110111:1 11010101010010001:2 11010101010010010:2 11010101010010100:1 11010101010010110:1 11010101010011001:1 11010101010011100:1 11010101010011101:1 11010101010011110:1 11010101010011111:1 11010101010100000:1 11010101010100001:2 11010101010100011:2 11010101010100100:6 11010101010100101:3 11010101010100110:7 11010101010100111:7 11010101010101000:28 11010101010101001:52 11010101010101010:446 11010101010101011:1721 11010101010101100:101 11010101010101101:45 11010101010101110:24 11010101010101111:8 11010101010110000:7 11010101010110001:6 11010101010110010:7 11010101010110011:6 11010101010110100:3 11010101010110101:3 11010101010110110:1 11010101010110111:1 11010101010111000:1 11010101010111010:2 11010101010111011:1 11010101010111101:2 11010101011000001:1 11010101011001011:1 11010101011010000:1 11010101011010111:1 11010101011100110:1 11010101011110001:1 11010101100010001:1 11010101100101101:1 11010101101000001:1 }

	Command being timed: "python3 shor.py 17"
	User time (seconds): 135.83
	System time (seconds): 2.90
	Percent of CPU this job got: 99%
	Elapsed (wall clock) time (h:mm:ss or m:ss): 2:20.09
	Average shared text size (kbytes): 0
	Average unshared data size (kbytes): 0
	Average stack size (kbytes): 0
	Average total size (kbytes): 0
	Maximum resident set size (kbytes): 3017052
	Average resident set size (kbytes): 0
	Major (requiring I/O) page faults: 0
	Minor (reclaiming a frame) page faults: 2481680
	Voluntary context switches: 8843
	Involuntary context switches: 1837
	Swaps: 0
	File system inputs: 0
	File system outputs: 24
	Socket messages sent: 0
	Socket messages received: 0
	Signals delivered: 0
	Page size (bytes): 4096
	Exit status: 0
Measurement results for a=5 and N=21 with 17 qubits in the control register 
{ 00000000000000000:2507 00101001100010100:1 00101001110010001:1 00101010011011100:1 00101010100101101:1 00101010100110001:1 00101010100110011:1 00101010100110111:1 00101010100111010:1 00101010100111101:1 00101010101000001:1 00101010101000011:1 00101010101000100:2 00101010101001010:1 00101010101001011:1 00101010101001100:4 00101010101001101:3 00101010101001110:6 00101010101001111:5 00101010101010000:9 00101010101010001:13 00101010101010010:14 00101010101010011:37 00101010101010100:117 00101010101010101:1739 00101010101010110:399 00101010101010111:58 00101010101011000:30 00101010101011001:12 00101010101011010:10 00101010101011011:1 00101010101011100:5 00101010101011101:2 00101010101011110:6 00101010101011111:1 00101010101100001:1 00101010101100010:1 00101010101100011:1 00101010101100100:3 00101010101100111:1 00101010101101000:1 00101010101101001:1 00101010101101010:1 00101010101101011:2 00101010101101111:1 00101010101110001:1 00101010101110011:1 00101010101111001:1 00101010101111011:1 00101010110000000:1 00101010110000100:1 00101010110000110:1 00101010110011010:1 00101011101010001:1 01010100101111101:1 01010100111001011:1 01010101001101100:1 01010101001111010:1 01010101010001010:1 01010101010001110:1 01010101010010000:1 01010101010010101:1 01010101010011001:1 01010101010011011:1 01010101010011100:1 01010101010011110:1 01010101010011111:2 01010101010100000:1 01010101010100001:1 01010101010100010:6 01010101010100011:4 01010101010100100:1 01010101010100101:6 01010101010100110:9 01010101010100111:16 01010101010101000:36 01010101010101001:73 01010101010101010:429 01010101010101011:1687 01010101010101100:110 01010101010101101:37 01010101010101110:20 01010101010101111:15 01010101010110000:8 01010101010110010:4 01010101010110011:3 01010101010110100:5 01010101010110101:1 01010101010110110:2 01010101010110111:2 01010101010111010:1 01010101010111011:1 01010101010111110:1 01010101011000000:1 01010101011000011:1 01010101011000100:2 01010101011000111:1 01010101011001000:1 01010101011001101:1 01010101011001110:1 01010101011010000:1 01010101011110111:1 01010101100010101:1 01010101111110111:1 10000000000000000:2498 10101010100110000:1 10101010100110001:1 10101010100110111:3 10101010100111001:1 10101010100111100:1 10101010100111110:2 10101010101000000:1 10101010101000011:1 10101010101000100:1 10101010101000101:1 10101010101000110:1 10101010101001000:2 10101010101001001:1 10101010101001010:5 10101010101001011:4 10101010101001101:1 10101010101001111:3 10101010101010000:10 10101010101010001:13 10101010101010010:14 10101010101010011:43 10101010101010100:113 10101010101010101:1674 10101010101010110:452 10101010101010111:71 10101010101011000:18 10101010101011001:11 10101010101011010:13 10101010101011011:6 10101010101011100:5 10101010101011101:3 10101010101011110:1 10101010101100000:1 10101010101100001:4 10101010101100010:2 10101010101100011:2 10101010101100100:1 10101010101101000:1 10101010101101011:1 10101010101101100:1 10101010101101101:1 10101010101110100:1 10101010101110110:1 10101010110001010:1 10101010110001100:1 10101010110010100:1 10101010110011011:1 10101010111000101:1 10101010111100111:1 11010101001110111:1 11010101001111010:1 11010101010000100:2 11010101010001010:1 11010101010001100:1 11010101010001110:1 11010101010001111:1 11010101010010001:2 11010101010010100:1 11010101010011101:2 11010101010100000:5 11010101010100001:1 11010101010100010:2 11010101010100011:4 11010101010100100:4 11010101010100101:5 11010101010100110:11 11010101010100111:17 11010101010101000:23 11010101010101001:72 11010101010101010:443 11010101010101011:1666 11010101010101100:113 11010101010101101:36 11010101010101110:21 11010101010101111:11 11010101010110000:10 11010101010110010:4 11010101010110011:3 11010101010110100:1 11010101010110110:1 11010101010111000:4 11010101010111001:1 11010101010111010:1 11010101010111101:1 11010101010111110:2 11010101010111111:1 11010101011000010:1 11010101011000100:1 11010101011010100:1 11010101011011001:1 11010101011100110:1 11010101011111111:1 11010101100010000:1 }

	Command being timed: "python3 shor.py 17"
	User time (seconds): 135.40
	System time (seconds): 2.97
	Percent of CPU this job got: 98%
	Elapsed (wall clock) time (h:mm:ss or m:ss): 2:19.79
	Average shared text size (kbytes): 0
	Average unshared data size (kbytes): 0
	Average stack size (kbytes): 0
	Average total size (kbytes): 0
	Maximum resident set size (kbytes): 3015792
	Average resident set size (kbytes): 0
	Major (requiring I/O) page faults: 0
	Minor (reclaiming a frame) page faults: 2485733
	Voluntary context switches: 8834
	Involuntary context switches: 1850
	Swaps: 0
	File system inputs: 0
	File system outputs: 24
	Socket messages sent: 0
	Socket messages received: 0
	Signals delivered: 0
	Page size (bytes): 4096
	Exit status: 0
Measurement results for a=5 and N=21 with 17 qubits in the control register 
{ 00000000000000000:2452 00101010001110111:1 00101010010110110:1 00101010100001100:1 00101010100010001:1 00101010100011101:1 00101010100110011:1 00101010100111101:1 00101010101000011:1 00101010101000101:2 00101010101000111:1 00101010101001001:3 00101010101001010:2 00101010101001011:2 00101010101001100:1 00101010101001101:2 00101010101001110:3 00101010101001111:5 00101010101010000:6 00101010101010001:9 00101010101010010:17 00101010101010011:43 00101010101010100:93 00101010101010101:1687 00101010101010110:391 00101010101010111:73 00101010101011000:21 00101010101011001:16 00101010101011010:10 00101010101011011:13 00101010101011100:3 00101010101011101:4 00101010101011110:1 00101010101011111:2 00101010101100000:1 00101010101100010:3 00101010101100011:1 00101010101100101:1 00101010101100110:1 00101010101101011:1 00101010101101110:1 00101010101110100:1 00101010101110111:1 00101010101111010:1 00101010110001100:1 00101010110100010:1 00101010110110010:1 00101010111110111:1 00101011001000101:1 00101011010111001:1 01010100111100111:1 01010100111101111:1 01010100111110110:1 01010101001110010:1 01010101001110100:1 01010101010000100:1 01010101010001000:1 01010101010001100:2 01010101010010001:1 01010101010010010:1 01010101010010011:1 01010101010010110:1 01010101010011000:1 01010101010011001:1 01010101010011100:3 01010101010011110:1 01010101010100000:1 01010101010100001:1 01010101010100010:1 01010101010100011:1 01010101010100100:6 01010101010100101:4 01010101010100110:8 01010101010100111:15 01010101010101000:19 01010101010101001:62 01010101010101010:420 01010101010101011:1729 01010101010101100:119 01010101010101101:39 01010101010101110:12 01010101010101111:14 01010101010110000:2 01010101010110001:2 01010101010110010:3 01010101010110011:2 01010101010110100:2 01010101010110101:3 01010101010110110:1 01010101010111000:2 01010101010111100:1 01010101010111110:1 01010101011000010:1 01010101011000100:1 01010101011000101:1 01010101011001000:3 01010101011001101:1 01010101011010011:1 01010101011100110:1 01010101011110101:1 01010101100000100:1 01010101100101000:1 10000000000000000:2473 10100111000100110:1 10101010011100111:1 10101010100010000:1 10101010100101100:1 10101010100101110:1 10101010100110001:1 10101010100111000:1 10101010101000011:1 10101010101000101:1 10101010101000110:1 10101010101001000:3 10101010101001001:1 10101010101001010:2 10101010101001011:1 10101010101001100:3 10101010101001101:4 10101010101001110:2 10101010101001111:5 10101010101010000:9 10101010101010001:14 10101010101010010:11 10101010101010011:35 10101010101010100:131 10101010101010101:1718 10101010101010110:444 10101010101010111:75 10101010101011000:26 10101010101011001:15 10101010101011010:9 10101010101011011:6 10101010101011100:1 10101010101011101:2 10101010101011110:2 10101010101011111:2 10101010101100000:1 10101010101100001:2 10101010101100010:1 10101010101100011:1 10101010101100100:2 10101010101100110:1 10101010101101000:2 10101010101110011:1 10101010101110100:1 10101010110000000:1 10101010110000011:1 10101010110011100:1 10101010111011000:1 10101011000000111:1 10101011001000001:1 11010100100110111:1 11010101001010001:1 11010101001011000:1 11010101001110000:1 11010101001111110:1 11010101010000000:2 11010101010000001:1 11010101010000010:1 11010101010001001:1 11010101010010001:2 11010101010010010:1 11010101010010110:1 11010101010010111:1 11010101010011000:3 11010101010011001:1 11010101010011010:2 11010101010011100:3 11010101010011101:2 11010101010011110:2 11010101010011111:1 11010101010100000:5 11010101010100001:1 11010101010100010:1 11010101010100011:3 11010101010100100:8 11010101010100101:7 11010101010100110:7 11010101010100111:11 11010101010101000:31 11010101010101001:76 11010101010101010:448 11010101010101011:1769 11010101010101100:91 11010101010101101:34 11010101010101110:17 11010101010101111:7 11010101010110000:5 11010101010110001:8 11010101010110010:4 11010101010110011:1 11010101010110100:2 11010101010110101:3 11010101010110111:1 11010101010111000:4 11010101010111010:2 11010101010111011:5 11010101010111100:1 11010101010111111:2 11010101011000110:1 11010101011010011:1 11010101011010100:1 11010101011011111:1 11010101100001010:1 11010101100101111:1 }

	Command being timed: "python3 shor.py 17"
	User time (seconds): 135.43
	System time (seconds): 2.97
	Percent of CPU this job got: 99%
	Elapsed (wall clock) time (h:mm:ss or m:ss): 2:19.73
	Average shared text size (kbytes): 0
	Average unshared data size (kbytes): 0
	Average stack size (kbytes): 0
	Average total size (kbytes): 0
	Maximum resident set size (kbytes): 3019112
	Average resident set size (kbytes): 0
	Major (requiring I/O) page faults: 0
	Minor (reclaiming a frame) page faults: 2483177
	Voluntary context switches: 8835
	Involuntary context switches: 1839
	Swaps: 0
	File system inputs: 0
	File system outputs: 24
	Socket messages sent: 0
	Socket messages received: 0
	Signals delivered: 0
	Page size (bytes): 4096
	Exit status: 0
Measurement results for a=5 and N=21 with 17 qubits in the control register 
{ 00000000000000000:2509 00101010011100011:1 00101010011101010:1 00101010011110010:1 00101010100011110:1 00101010100101110:1 00101010100110101:1 00101010101000001:1 00101010101000010:1 00101010101000100:1 00101010101000101:2 00101010101000110:1 00101010101001000:1 00101010101001001:1 00101010101001010:3 00101010101001011:1 00101010101001110:2 00101010101001111:8 00101010101010000:5 00101010101010001:14 00101010101010010:21 00101010101010011:36 00101010101010100:108 00101010101010101:1667 00101010101010110:440 00101010101010111:71 00101010101011000:21 00101010101011001:11 00101010101011010:11 00101010101011011:3 00101010101011100:2 00101010101011101:4 00101010101011110:3 00101010101011111:1 00101010101100000:3 00101010101100010:2 00101010101100101:2 00101010101100111:1 00101010101101001:1 00101010101101011:2 00101010101101100:1 00101010101111110:2 00101010110001110:1 00101010110011010:1 00101011010000101:1 01010000101101011:1 01010100111101010:1 01010101001011000:1 01010101001011010:1 01010101001011011:1 01010101001100101:1 01010101001100110:1 01010101001111000:1 01010101001111100:1 01010101010001101:2 01010101010010100:1 01010101010010101:1 01010101010011001:1 01010101010011011:1 01010101010011101:1 01010101010011110:2 01010101010011111:4 01010101010100001:2 01010101010100010:2 01010101010100011:1 01010101010100100:7 01010101010100101:4 01010101010100110:9 01010101010100111:12 01010101010101000:33 01010101010101001:65 01010101010101010:445 01010101010101011:1775 01010101010101100:117 01010101010101101:30 01010101010101110:10 01010101010101111:12 01010101010110000:6 01010101010110001:7 01010101010110010:3 01010101010110011:2 01010101010110100:1 01010101010110101:5 01010101010110111:2 01010101010111000:1 01010101010111001:1 01010101010111010:1 01010101010111011:1 01010101010111100:1 01010101010111101:1 01010101010111110:1 01010101010111111:1 01010101011000101:1 01010101011000110:1 01010101011101000:1 01010101011101001:1 01010101011101011:1 01010101011111010:1 01010101011111011:1 10000000000000000:2449 10101010010001100:1 10101010010100100:1 10101010100001001:1 10101010100010110:1 10101010100011101:1 10101010100101110:1 10101010100110011:1 10101010100110111:1 10101010100111001:1 10101010100111011:2 10101010100111100:1 10101010100111110:1 10101010101000100:2 10101010101000110:1 10101010101000111:1 10101010101001000:1 10101010101001001:2 10101010101001010:2 10101010101001100:1 10101010101001101:2 10101010101001110:4 10101010101001111:2 10101010101010000:10 10101010101010001:10 10101010101010010:18 10101010101010011:32 10101010101010100:88 10101010101010101:1774 10101010101010110:402 10101010101010111:70 10101010101011000:21 10101010101011001:11 10101010101011010:5 10101010101011011:3 10101010101011100:3 10101010101011101:3 10101010101011110:1 10101010101011111:1 10101010101100000:1 10101010101100001:1 10101010101100010:2 10101010101100100:1 10101010101100101:1 10101010101100110:2 10101010101101010:2 10101010101101011:1 10101010101101100:1 10101010101101111:1 10101010101111011:1 10101010101111100:1 10101010110100101:1 10101010110110010:1 10101010111000110:1 10101011000101110:1 11010100111111100:1 11010101000010010:1 11010101000111101:1 11010101001110011:1 11010101010000111:3 11010101010001001:1 11010101010010000:1 11010101010010100:3 11010101010010101:1 11010101010010111:1 11010101010011001:1 11010101010011010:2 11010101010011100:1 11010101010011101:2 11010101010011110:1 11010101010100000:1 11010101010100001:3 11010101010100010:3 11010101010100011:4 11010101010100100:2 11010101010100101:4 11010101010100110:9 11010101010100111:15 11010101010101000:25 11010101010101001:82 11010101010101010:427 11010101010101011:1678 11010101010101100:116 11010101010101101:28 11010101010101110:18 11010101010101111:11 11010101010110000:12 11010101010110001:4 11010101010110010:3 11010101010110011:1 11010101010110100:1 11010101010110101:3 11010101010110110:1 11010101010110111:2 11010101010111000:2 11010101010111001:2 11010101010111010:2 11010101010111110:1 11010101010111111:1 11010101011000100:1 11010101011000110:1 11010101011001000:1 11010101011001100:1 11010101011100001:1 11010101011100110:1 11010101101001010:1 11010101101110001:1 }

	Command being timed: "python3 shor.py 17"
	User time (seconds): 135.03
	System time (seconds): 2.85
	Percent of CPU this job got: 99%
	Elapsed (wall clock) time (h:mm:ss or m:ss): 2:18.75
	Average shared text size (kbytes): 0
	Average unshared data size (kbytes): 0
	Average stack size (kbytes): 0
	Average total size (kbytes): 0
	Maximum resident set size (kbytes): 3016536
	Average resident set size (kbytes): 0
	Major (requiring I/O) page faults: 0
	Minor (reclaiming a frame) page faults: 2470410
	Voluntary context switches: 5199
	Involuntary context switches: 1846
	Swaps: 0
	File system inputs: 0
	File system outputs: 24
	Socket messages sent: 0
	Socket messages received: 0
	Signals delivered: 0
	Page size (bytes): 4096
	Exit status: 0
Measurement results for a=5 and N=21 with 17 qubits in the control register 
{ 00000000000000000:2578 00101010010011101:1 00101010011000001:1 00101010100010101:1 00101010100011010:1 00101010100011101:1 00101010100011110:1 00101010100110011:1 00101010100110100:1 00101010100111010:1 00101010100111111:1 00101010101000010:1 00101010101000100:1 00101010101000101:1 00101010101000110:2 00101010101001000:1 00101010101001001:1 00101010101001010:2 00101010101001011:1 00101010101001100:3 00101010101001101:1 00101010101001110:4 00101010101001111:6 00101010101010000:12 00101010101010001:12 00101010101010010:18 00101010101010011:38 00101010101010100:109 00101010101010101:1717 00101010101010110:419 00101010101010111:73 00101010101011000:21 00101010101011001:20 00101010101011010:6 00101010101011011:8 00101010101011100:5 00101010101011101:4 00101010101011110:4 00101010101011111:2 00101010101100000:2 00101010101100010:1 00101010101100011:1 00101010101100100:2 00101010101100110:2 00101010101101101:1 00101010101111100:1 00101010110001000:1 01010100100111110:1 01010101001001010:1 01010101001100010:1 01010101001111101:1 01010101001111111:1 01010101010001010:1 01010101010001111:1 01010101010010010:1 01010101010010100:1 01010101010010101:2 01010101010011000:1 01010101010011001:1 01010101010011011:1 01010101010011101:2 01010101010011110:1 01010101010011111:1 01010101010100001:2 01010101010100010:1 01010101010100011:4 01010101010100100:8 01010101010100101:7 01010101010100110:7 01010101010100111:16 01010101010101000:15 01010101010101001:75 01010101010101010:429 01010101010101011:1643 01010101010101100:96 01010101010101101:42 01010101010101110:14 01010101010101111:13 01010101010110000:6 01010101010110001:4 01010101010110010:3 01010101010110011:2 01010101010110100:4 01010101010110111:1 01010101010111001:2 01010101010111010:1 01010101010111011:1 01010101010111100:1 01010101010111111:1 01010101011000010:1 01010101011001100:1 01010101011010100:1 01010101011111000:1 01010101011111001:1 01010101101111101:1 01010110111100101:1 10000000000000000:2470 10100001110100011:1 10101010011110100:1 10101010100011111:1 10101010100100011:1 10101010100100110:1 10101010100101001:1 10101010100101011:1 10101010100110111:1 10101010100111010:1 10101010100111011:1 10101010100111111:1 10101010101000100:1 10101010101000101:1 10101010101000110:1 10101010101001000:1 10101010101001001:2 10101010101001011:4 10101010101001100:1 10101010101001101:4 10101010101001110:3 10101010101001111:3 10101010101010000:8 10101010101010001:16 10101010101010010:15 10101010101010011:31 10101010101010100:113 10101010101010101:1806 10101010101010110:425 10101010101010111:56 10101010101011000:25 10101010101011001:10 10101010101011010:16 10101010101011011:3 10101010101011100:1 10101010101011101:3 10101010101011111:6 10101010101100000:1 10101010101100001:1 10101010101100011:3 10101010101100101:1 10101010101101001:1 10101010101101101:1 10101010101101111:2 10101010101110000:1 10101010101110001:1 10101010101110100:1 10101010110000100:1 10101010110001111:1 10101010110010111:1 10101010111000101:1 10101011001010101:1 11010100101011101:1 11010100110110011:1 11010101001100100:1 11010101010000011:1 11010101010001010:1 11010101010010100:1 11010101010011010:1 11010101010011011:2 11010101010011100:1 11010101010011110:1 11010101010100000:3 11010101010100001:3 11010101010100010:2 11010101010100011:1 11010101010100100:2 11010101010100101:7 11010101010100110:9 11010101010100111:13 11010101010101000:29 11010101010101001:63 11010101010101010:414 11010101010101011:1669 11010101010101100:104 11010101010101101:36 11010101010101110:21 11010101010101111:10 11010101010110000:7 11010101010110001:1 11010101010110010:1 11010101010110011:6 11010101010110100:3 11010101010110101:2 11010101010110110:2 11010101010110111:2 11010101010111000:2 11010101010111010:1 11010101010111110:1 11010101011000000:1 11010101011000100:1 11010101011010011:1 11010101011011000:1 11010101011011101:1 11010101101001001:1 11010111011010111:1 }

	Command being timed: "python3 shor.py 17"
	User time (seconds): 134.43
	System time (seconds): 2.87
	Percent of CPU this job got: 98%
	Elapsed (wall clock) time (h:mm:ss or m:ss): 2:19.11
	Average shared text size (kbytes): 0
	Average unshared data size (kbytes): 0
	Average stack size (kbytes): 0
	Average total size (kbytes): 0
	Maximum resident set size (kbytes): 3017292
	Average resident set size (kbytes): 0
	Major (requiring I/O) page faults: 0
	Minor (reclaiming a frame) page faults: 2480757
	Voluntary context switches: 8832
	Involuntary context switches: 1817
	Swaps: 0
	File system inputs: 0
	File system outputs: 24
	Socket messages sent: 0
	Socket messages received: 0
	Signals delivered: 0
	Page size (bytes): 4096
	Exit status: 0
Measurement results for a=5 and N=21 with 17 qubits in the control register 
{ 00000000000000000:2494 00101010011101110:1 00101010100100101:1 00101010100101000:1 00101010100101110:1 00101010100110001:1 00101010100110100:2 00101010100111001:1 00101010100111011:1 00101010101000010:3 00101010101000101:3 00101010101000110:2 00101010101000111:1 00101010101001000:1 00101010101001001:2 00101010101001010:4 00101010101001011:2 00101010101001100:1 00101010101001101:2 00101010101001110:5 00101010101001111:5 00101010101010000:9 00101010101010001:9 00101010101010010:15 00101010101010011:29 00101010101010100:118 00101010101010101:1658 00101010101010110:428 00101010101010111:66 00101010101011000:25 00101010101011001:16 00101010101011010:12 00101010101011011:5 00101010101011100:4 00101010101011101:3 00101010101011110:3 00101010101011111:1 00101010101100000:1 00101010101100001:4 00101010101100011:1 00101010101100100:1 00101010101100101:4 00101010101100110:2 00101010101100111:1 00101010101101001:1 00101010101101011:1 00101010101101111:1 00101010101110000:1 00101010101110001:1 00101010101111000:1 00101010101111010:1 00101010110000001:1 00101010110010010:1 00101010110010110:1 00101010110111101:1 00101011010001100:1 00101011110010111:1 01010100010000011:1 01010101000001001:1 01010101001110000:1 01010101001110011:1 01010101010000111:1 01010101010001101:2 01010101010001110:1 01010101010010011:1 01010101010010110:1 01010101010011000:1 01010101010011010:1 01010101010011100:4 01010101010011101:2 01010101010100000:1 01010101010100001:1 01010101010100010:1 01010101010100011:8 01010101010100100:4 01010101010100101:9 01010101010100110:4 01010101010100111:16 01010101010101000:19 01010101010101001:71 01010101010101010:444 01010101010101011:1707 01010101010101100:97 01010101010101101:39 01010101010101110:15 01010101010101111:10 01010101010110000:9 01010101010110001:1 01010101010110010:1 01010101010110011:3 01010101010110100:3 01010101010110101:3 01010101010110110:1 01010101010110111:1 01010101010111000:2 01010101010111011:1 01010101010111110:2 01010101011000001:1 01010101011000010:1 01010101011000100:1 01010101011000111:1 01010101011001010:1 01010101011001100:3 01010101011001101:1 01010101011011010:1 01010101011110000:1 01010101111000111:1 01010110001111101:1 10000000000000000:2525 10101001111110011:1 10101010010000000:1 10101010011011101:1 10101010100000011:1 10101010100001000:1 10101010100011101:1 10101010100100010:1 10101010100111011:1 10101010101000011:1 10101010101000100:1 10101010101000101:2 10101010101000110:1 10101010101000111:2 10101010101001001:1 10101010101001010:1 10101010101001100:2 10101010101001101:3 10101010101001110:5 10101010101001111:2 10101010101010000:6 10101010101010001:8 10101010101010010:17 10101010101010011:35 10101010101010100:114 10101010101010101:1731 10101010101010110:400 10101010101010111:78 10101010101011000:30 10101010101011001:19 10101010101011010:12 10101010101011011:8 10101010101011100:4 10101010101011101:6 10101010101011110:3 10101010101011111:1 10101010101100000:1 10101010101100001:1 10101010101100010:2 10101010101100101:1 10101010101101010:1 10101010101101110:1 10101010101101111:1 10101010101110000:1 10101010101110111:1 10101010110000000:1 10101010110110100:1 10101010111010001:1 10101011100000110:1 10111010100100011:1 11010101001111100:1 11010101010000110:1 11010101010010001:2 11010101010010011:2 11010101010010110:1 11010101010011001:1 11010101010011010:2 11010101010011011:1 11010101010011101:2 11010101010011110:1 11010101010011111:5 11010101010100000:1 11010101010100001:5 11010101010100011:4 11010101010100100:4 11010101010100101:6 11010101010100110:8 11010101010100111:17 11010101010101000:24 11010101010101001:65 11010101010101010:403 11010101010101011:1734 11010101010101100:106 11010101010101101:33 11010101010101110:10 11010101010101111:13 11010101010110000:8 11010101010110001:3 11010101010110010:8 11010101010110011:2 11010101010110100:1 11010101010110101:1 11010101010110110:3 11010101010110111:1 11010101010111001:2 11010101010111010:2 11010101010111011:1 11010101010111101:1 11010101010111110:1 11010101011000101:1 11010101011001100:1 11010101011010011:1 11010101011110110:1 11010101101100001:1 11010101110001000:1 11010110011000011:1 }

	Command being timed: "python3 shor.py 17"
	User time (seconds): 135.41
	System time (seconds): 2.89
	Percent of CPU this job got: 98%
	Elapsed (wall clock) time (h:mm:ss or m:ss): 2:20.14
	Average shared text size (kbytes): 0
	Average unshared data size (kbytes): 0
	Average stack size (kbytes): 0
	Average total size (kbytes): 0
	Maximum resident set size (kbytes): 3018552
	Average resident set size (kbytes): 0
	Major (requiring I/O) page faults: 0
	Minor (reclaiming a frame) page faults: 2464385
	Voluntary context switches: 8850
	Involuntary context switches: 1862
	Swaps: 0
	File system inputs: 0
	File system outputs: 24
	Socket messages sent: 0
	Socket messages received: 0
	Signals delivered: 0
	Page size (bytes): 4096
	Exit status: 0
