WARNING: overwriting environment variables set in the machine
overwriting variable ['LD_LIBRARY_PATH']
Measurement results for a=5 and N=21 with 11 qubits in the control register 
{ 00000000000:2498 00000010011:1 00100000010:1 00100010101:1 00100010110:1 00100101100:1 00100111010:1 00100111111:1 00101000010:2 00101000111:1 00101001001:1 00101001010:4 00101001011:1 00101001101:1 00101001110:8 00101001111:2 00101010000:9 00101010001:8 00101010010:15 00101010011:33 00101010100:112 00101010101:1754 00101010110:399 00101010111:73 00101011000:26 00101011001:15 00101011010:14 00101011011:6 00101011100:4 00101011101:2 00101011110:1 00101011111:4 00101100000:4 00101100001:2 00101100101:3 00101100111:2 00101101000:1 00101101010:1 00101101100:1 00101101110:1 00101110100:2 00101111001:1 00101111011:1 00101111101:1 00110100101:1 01000100110:1 01001010011:1 01001100011:1 01010000010:1 01010000100:1 01010000111:1 01010010001:1 01010010100:1 01010010111:1 01010011000:1 01010011001:2 01010011010:1 01010011011:2 01010011101:1 01010011111:1 01010100000:2 01010100001:4 01010100010:1 01010100011:4 01010100100:2 01010100101:6 01010100110:7 01010100111:14 01010101000:37 01010101001:78 01010101010:390 01010101011:1735 01010101100:105 01010101101:38 01010101110:12 01010101111:12 01010110000:7 01010110001:8 01010110010:3 01010110011:1 01010110100:1 01010110101:4 01010110110:1 01010110111:3 01010111000:1 01010111010:1 01010111011:1 01010111100:1 01010111110:1 01011000000:1 01011000001:1 01011000101:1 01011001100:1 01011001111:1 01011101000:1 01011101110:1 01011110011:1 01011111101:1 01100001100:1 01100100100:1 01100101110:1 01100110001:1 01101011000:1 01111010001:1 10000000000:2531 10010000101:1 10010011000:1 10011010100:1 10100001100:2 10100100010:1 10100100100:1 10100110010:1 10100111100:1 10101000110:2 10101000111:1 10101001010:1 10101001100:2 10101001101:3 10101001110:2 10101001111:2 10101010000:9 10101010001:9 10101010010:18 10101010011:22 10101010100:106 10101010101:1766 10101010110:433 10101010111:73 10101011000:31 10101011001:14 10101011010:6 10101011011:6 10101011100:1 10101011101:7 10101011110:4 10101100000:2 10101100001:1 10101100010:1 10101100111:1 10101101000:1 10101101010:2 10101101100:1 10101110000:1 10101111111:1 10110001010:1 10110001011:1 10110001111:1 10110101111:1 11000000100:1 11001010000:1 11001100101:1 11010000101:1 11010000111:1 11010010011:1 11010011001:2 11010011011:1 11010011100:1 11010011110:1 11010011111:2 11010100001:2 11010100010:2 11010100011:4 11010100100:4 11010100101:1 11010100110:14 11010100111:16 11010101000:30 11010101001:60 11010101010:413 11010101011:1640 11010101100:104 11010101101:41 11010101110:13 11010101111:9 11010110000:3 11010110001:7 11010110010:1 11010110100:4 11010110101:1 11010110110:2 11010111000:1 11010111001:2 11010111011:1 11011000001:1 11011000010:1 11011101101:1 11100001101:1 11101011111:1 11101110001:1 }

	Command being timed: "python3 shor.py 11"
	User time (seconds): 0.94
	System time (seconds): 0.73
	Percent of CPU this job got: 68%
	Elapsed (wall clock) time (h:mm:ss or m:ss): 0:02.46
	Average shared text size (kbytes): 0
	Average unshared data size (kbytes): 0
	Average stack size (kbytes): 0
	Average total size (kbytes): 0
	Maximum resident set size (kbytes): 610572
	Average resident set size (kbytes): 0
	Major (requiring I/O) page faults: 0
	Minor (reclaiming a frame) page faults: 73849
	Voluntary context switches: 3835
	Involuntary context switches: 29
	Swaps: 0
	File system inputs: 0
	File system outputs: 16
	Socket messages sent: 0
	Socket messages received: 0
	Signals delivered: 0
	Page size (bytes): 4096
	Exit status: 0
Measurement results for a=5 and N=21 with 11 qubits in the control register 
{ 00000000000:2546 00011011001:1 00011111100:1 00100001001:1 00100100101:2 00100101000:2 00100101100:1 00100110111:1 00100111000:3 00100111100:1 00100111101:1 00100111110:1 00101000000:1 00101000010:1 00101000100:1 00101000101:1 00101000110:1 00101000111:2 00101001000:1 00101001011:3 00101001101:3 00101001110:1 00101001111:5 00101010000:3 00101010001:11 00101010010:16 00101010011:26 00101010100:103 00101010101:1787 00101010110:432 00101010111:80 00101011000:29 00101011001:10 00101011010:12 00101011011:13 00101011100:7 00101011101:4 00101011110:1 00101011111:3 00101100011:2 00101100101:2 00101100110:1 00101110000:2 00101110010:1 00101110011:1 00101111000:1 00101111001:1 00110000101:1 00110001101:1 00110010001:1 00110011000:1 00111100101:1 00111110110:1 01000100101:1 01000101110:1 01001011001:1 01001011111:1 01001100100:1 01001101011:1 01001110001:1 01010010100:2 01010010110:1 01010011000:1 01010011001:1 01010011010:1 01010011011:2 01010011110:1 01010100000:3 01010100001:3 01010100011:1 01010100100:4 01010100101:5 01010100110:14 01010100111:15 01010101000:24 01010101001:79 01010101010:406 01010101011:1732 01010101100:97 01010101101:28 01010101110:16 01010101111:11 01010110000:3 01010110001:2 01010110010:2 01010110011:2 01010110100:4 01010110101:4 01010110110:2 01010110111:2 01010111000:1 01010111100:1 01011000010:1 01011000011:1 01011000110:1 01011001100:1 01011001110:1 01011001111:1 01011010000:1 01011100101:1 01100100101:1 01110010100:1 10000000000:2381 10011100011:1 10011111110:1 10100000000:1 10100001111:1 10100011011:1 10100110101:2 10101000011:2 10101000101:2 10101000110:1 10101000111:2 10101001000:3 10101001001:1 10101001011:3 10101001100:1 10101001101:3 10101001110:1 10101001111:2 10101010000:5 10101010001:8 10101010010:13 10101010011:26 10101010100:108 10101010101:1621 10101010110:455 10101010111:81 10101011000:24 10101011001:9 10101011010:12 10101011011:7 10101011100:8 10101011101:8 10101011110:2 10101011111:2 10101100000:2 10101100001:3 10101100010:1 10101100011:1 10101100100:1 10101100110:2 10101100111:1 10101101000:1 10101101001:1 10101101010:1 10101110011:1 10101111101:1 10101111110:1 10110001000:1 10110010101:1 10110010110:1 10110011100:1 10110011110:1 10110100111:1 10111101111:1 11001000011:1 11001010001:1 11001110110:1 11010000000:1 11010000111:1 11010010100:2 11010010101:1 11010010110:2 11010010111:1 11010011001:2 11010011011:1 11010011110:1 11010011111:2 11010100000:2 11010100010:4 11010100011:2 11010100100:5 11010100101:1 11010100110:7 11010100111:20 11010101000:17 11010101001:64 11010101010:439 11010101011:1737 11010101100:134 11010101101:37 11010101110:14 11010101111:10 11010110000:9 11010110001:5 11010110010:8 11010110011:4 11010110100:2 11010110110:1 11010110111:1 11010111000:1 11010111010:1 11010111101:1 11010111111:2 11011001000:2 11011001010:1 11011001100:1 11011010100:1 11011111011:1 11011111111:1 11100010000:1 11100011100:1 11100101100:1 11111101100:1 }

	Command being timed: "python3 shor.py 11"
	User time (seconds): 0.95
	System time (seconds): 0.70
	Percent of CPU this job got: 76%
	Elapsed (wall clock) time (h:mm:ss or m:ss): 0:02.17
	Average shared text size (kbytes): 0
	Average unshared data size (kbytes): 0
	Average stack size (kbytes): 0
	Average total size (kbytes): 0
	Maximum resident set size (kbytes): 610752
	Average resident set size (kbytes): 0
	Major (requiring I/O) page faults: 0
	Minor (reclaiming a frame) page faults: 73903
	Voluntary context switches: 1973
	Involuntary context switches: 29
	Swaps: 0
	File system inputs: 0
	File system outputs: 24
	Socket messages sent: 0
	Socket messages received: 0
	Signals delivered: 0
	Page size (bytes): 4096
	Exit status: 0
Measurement results for a=5 and N=21 with 11 qubits in the control register 
{ 00000000000:2429 00000111010:1 00010011111:1 00011011111:1 00011101111:1 00100011010:1 00100111011:1 00100111110:1 00101000000:1 00101000001:1 00101000101:2 00101001000:1 00101001001:3 00101001010:2 00101001011:2 00101001100:2 00101001101:1 00101001110:5 00101001111:9 00101010000:6 00101010001:10 00101010010:17 00101010011:41 00101010100:96 00101010101:1696 00101010110:429 00101010111:71 00101011000:44 00101011001:17 00101011010:10 00101011011:8 00101011100:4 00101011101:2 00101011110:5 00101100000:1 00101100010:1 00101100011:1 00101100100:2 00101100101:1 00101101001:1 00101101110:1 00101110011:1 00101111011:1 00101111100:1 00110011001:1 00110011011:1 00110011111:1 00110110001:1 01000010001:1 01001000111:1 01001011010:1 01001101001:1 01001101110:1 01001110011:1 01001110111:1 01001111010:1 01010000100:1 01010001101:1 01010001110:1 01010001111:1 01010010000:1 01010010011:1 01010010101:1 01010010110:1 01010011000:1 01010011100:3 01010011101:1 01010011110:2 01010011111:1 01010100000:1 01010100001:5 01010100010:3 01010100011:4 01010100100:6 01010100101:6 01010100110:9 01010100111:20 01010101000:22 01010101001:73 01010101010:448 01010101011:1694 01010101100:90 01010101101:30 01010101110:20 01010101111:12 01010110000:8 01010110001:5 01010110010:2 01010110011:1 01010110100:5 01010110101:4 01010110110:2 01010111001:1 01010111010:1 01010111011:2 01010111110:1 01010111111:1 01011000010:1 01011000100:2 01011000101:1 01011000111:1 01011001110:1 01011011010:1 01011110001:1 01110001001:1 01110010011:1 10000000000:2521 10011001110:1 10011110000:1 10100000011:1 10100011111:1 10100100111:1 10100101110:1 10100110010:1 10100110110:1 10100110111:2 10100111101:1 10100111111:1 10101000000:2 10101000010:2 10101000101:3 10101001000:1 10101001001:1 10101001010:1 10101001100:2 10101001101:3 10101001110:9 10101001111:4 10101010000:6 10101010001:13 10101010010:21 10101010011:28 10101010100:104 10101010101:1743 10101010110:434 10101010111:72 10101011000:26 10101011001:11 10101011010:12 10101011011:5 10101011100:3 10101011101:4 10101011110:4 10101100001:1 10101100010:2 10101100011:2 10101101000:1 10101101010:2 10101101100:1 10101101101:1 10101101111:2 10101110100:1 10110001011:1 10110010101:1 10110110100:1 10111000110:1 10111011101:1 10111101001:1 11000111011:1 11001000001:1 11001001000:1 11001100110:1 11001101001:1 11001110100:1 11001111010:1 11010010001:1 11010010111:1 11010011000:1 11010011010:2 11010011011:1 11010011101:2 11010011110:1 11010011111:2 11010100000:3 11010100001:2 11010100010:4 11010100011:4 11010100100:3 11010100101:5 11010100110:8 11010100111:6 11010101000:20 11010101001:79 11010101010:404 11010101011:1711 11010101100:112 11010101101:38 11010101110:21 11010101111:7 11010110000:7 11010110001:1 11010110010:3 11010110011:3 11010110100:3 11010110101:4 11010110110:1 11010110111:2 11010111000:1 11010111001:1 11010111010:2 11010111011:1 11010111101:1 11011000000:2 11011000100:1 11011000111:1 11011001100:1 11011001101:1 11011010011:1 11011100001:1 11011100111:1 11011101000:1 11011111101:1 11100000100:1 11100010101:1 }

	Command being timed: "python3 shor.py 11"
	User time (seconds): 0.94
	System time (seconds): 0.75
	Percent of CPU this job got: 79%
	Elapsed (wall clock) time (h:mm:ss or m:ss): 0:02.12
	Average shared text size (kbytes): 0
	Average unshared data size (kbytes): 0
	Average stack size (kbytes): 0
	Average total size (kbytes): 0
	Maximum resident set size (kbytes): 609084
	Average resident set size (kbytes): 0
	Major (requiring I/O) page faults: 0
	Minor (reclaiming a frame) page faults: 74061
	Voluntary context switches: 2098
	Involuntary context switches: 23
	Swaps: 0
	File system inputs: 0
	File system outputs: 24
	Socket messages sent: 0
	Socket messages received: 0
	Signals delivered: 0
	Page size (bytes): 4096
	Exit status: 0
Measurement results for a=5 and N=21 with 11 qubits in the control register 
{ 00000000000:2541 00010110101:1 00100010010:1 00100101011:1 00100101101:2 00100111100:1 00100111110:1 00101000010:1 00101000100:1 00101000101:1 00101000110:1 00101000111:2 00101001000:3 00101001011:1 00101001100:2 00101001101:4 00101001110:2 00101001111:3 00101010000:9 00101010001:13 00101010010:25 00101010011:29 00101010100:93 00101010101:1723 00101010110:468 00101010111:69 00101011000:22 00101011001:17 00101011010:6 00101011011:7 00101011100:4 00101011110:8 00101011111:1 00101100001:2 00101100010:1 00101100100:2 00101100110:1 00101101000:2 00101101010:1 00101101110:3 00101110100:1 00101111000:1 00101111011:1 00110100000:1 00110100011:1 00111001100:1 01000100011:1 01000110011:1 01000110100:1 01001010001:1 01001100110:1 01001110101:1 01010001010:1 01010001101:1 01010010111:1 01010011011:1 01010011100:1 01010011110:2 01010011111:2 01010100000:3 01010100001:3 01010100010:2 01010100011:2 01010100100:3 01010100101:8 01010100110:15 01010100111:19 01010101000:16 01010101001:68 01010101010:425 01010101011:1635 01010101100:107 01010101101:36 01010101110:19 01010101111:13 01010110000:11 01010110001:7 01010110010:6 01010110011:2 01010110100:3 01010110110:1 01010110111:1 01010111000:3 01010111001:1 01010111010:1 01010111011:1 01011000000:1 01011000100:1 01011000101:1 01011000111:1 01011001001:1 01011010000:1 01011010101:1 01011011000:1 01011101010:1 10000000000:2511 10000001100:1 10010000000:1 10010100100:1 10011100011:1 10011111000:1 10100001000:1 10100011011:1 10100011100:1 10100011110:1 10100100000:1 10100100011:1 10100101000:1 10100110001:1 10100110010:1 10100110011:1 10100110100:1 10100110101:1 10100111101:1 10101000001:1 10101000010:1 10101000011:1 10101000101:1 10101000111:1 10101001001:1 10101001010:1 10101001011:2 10101001100:1 10101001101:4 10101001110:2 10101001111:3 10101010000:11 10101010001:12 10101010010:16 10101010011:36 10101010100:91 10101010101:1740 10101010110:422 10101010111:67 10101011000:42 10101011001:15 10101011010:7 10101011011:4 10101011100:3 10101011101:2 10101011111:3 10101100000:2 10101100001:1 10101100011:1 10101100110:1 10101100111:1 10101101100:1 10101101110:1 10101110000:2 10101110101:1 10101111101:1 10110001000:1 10110001011:1 10110101011:1 10111001111:1 10111011101:1 11001111010:1 11010000001:1 11010001111:1 11010010011:1 11010010110:1 11010010111:2 11010011010:1 11010011100:1 11010011101:4 11010011110:2 11010011111:5 11010100010:2 11010100011:3 11010100100:4 11010100101:6 11010100110:9 11010100111:12 11010101000:33 11010101001:73 11010101010:407 11010101011:1688 11010101100:109 11010101101:23 11010101110:17 11010101111:5 11010110000:6 11010110001:7 11010110010:3 11010110011:4 11010110100:1 11010110101:1 11010110110:2 11010111001:1 11010111100:1 11011000001:2 11011000110:1 11011000111:1 11011001001:1 11011001011:1 11011100010:1 11011101111:1 11100010110:1 11100100100:1 11111111100:1 }

	Command being timed: "python3 shor.py 11"
	User time (seconds): 0.95
	System time (seconds): 0.77
	Percent of CPU this job got: 79%
	Elapsed (wall clock) time (h:mm:ss or m:ss): 0:02.16
	Average shared text size (kbytes): 0
	Average unshared data size (kbytes): 0
	Average stack size (kbytes): 0
	Average total size (kbytes): 0
	Maximum resident set size (kbytes): 609212
	Average resident set size (kbytes): 0
	Major (requiring I/O) page faults: 0
	Minor (reclaiming a frame) page faults: 74159
	Voluntary context switches: 2127
	Involuntary context switches: 24
	Swaps: 0
	File system inputs: 0
	File system outputs: 24
	Socket messages sent: 0
	Socket messages received: 0
	Signals delivered: 0
	Page size (bytes): 4096
	Exit status: 0
Measurement results for a=5 and N=21 with 11 qubits in the control register 
{ 00000000000:2516 00001000100:1 00010111110:1 00011110111:1 00100011111:1 00100100111:1 00100101010:1 00100101011:1 00100110000:1 00100110011:1 00100111000:1 00100111010:1 00100111011:1 00100111100:1 00100111110:1 00100111111:1 00101000001:1 00101000010:4 00101000100:1 00101000101:1 00101000110:2 00101000111:1 00101001000:3 00101001001:2 00101001100:1 00101001101:2 00101001110:3 00101001111:3 00101010000:9 00101010001:10 00101010010:18 00101010011:40 00101010100:95 00101010101:1766 00101010110:432 00101010111:65 00101011000:24 00101011001:12 00101011010:6 00101011011:9 00101011100:4 00101011101:2 00101011110:2 00101011111:1 00101100000:1 00101100001:2 00101100111:1 00101101010:1 00101101011:2 00101101110:2 00101111011:2 00101111110:1 00110001010:1 00110001111:1 00111000101:1 01000000000:1 01001011001:1 01010000011:1 01010001111:1 01010010011:1 01010010110:1 01010011100:1 01010011110:1 01010011111:1 01010100000:1 01010100010:2 01010100011:4 01010100100:5 01010100101:3 01010100110:9 01010100111:18 01010101000:24 01010101001:65 01010101010:419 01010101011:1745 01010101100:109 01010101101:34 01010101110:20 01010101111:11 01010110000:6 01010110001:5 01010110010:1 01010110011:1 01010110100:1 01010110101:3 01010110110:2 01010110111:2 01010111001:1 01010111010:2 01010111011:1 01010111100:1 01010111101:2 01010111110:1 01010111111:1 01011000001:1 01011000011:1 01011000100:1 01011000101:1 01011001100:1 01011010111:1 01011011001:1 01011011101:1 01011101001:1 01011110001:1 01100000101:1 01100101100:1 01110010001:1 01111011101:1 10000000000:2404 10011111111:1 10100010111:1 10100100001:1 10100100110:1 10100101110:1 10100101111:1 10100110011:1 10100111011:1 10101000001:1 10101000010:1 10101000011:2 10101000101:4 10101001001:1 10101001010:1 10101001011:1 10101001100:3 10101001101:2 10101001110:6 10101001111:3 10101010000:4 10101010001:13 10101010010:15 10101010011:24 10101010100:117 10101010101:1715 10101010110:408 10101010111:53 10101011000:32 10101011001:17 10101011010:9 10101011011:5 10101011100:4 10101011101:4 10101011110:7 10101011111:1 10101100000:2 10101100001:3 10101100010:2 10101100011:1 10101100100:1 10101101000:1 10101101011:1 10101101110:1 10101101111:1 10101110001:1 10101110010:1 10101110110:1 10101111011:1 10110010010:1 10110100001:1 11000100001:1 11000100110:1 11001010011:1 11001100011:1 11001110100:1 11010001100:1 11010001111:1 11010010000:1 11010010010:1 11010010011:1 11010010101:1 11010011001:1 11010011011:1 11010011100:3 11010011101:1 11010011111:3 11010100011:5 11010100100:5 11010100101:8 11010100110:8 11010100111:21 11010101000:25 11010101001:62 11010101010:403 11010101011:1753 11010101100:100 11010101101:45 11010101110:21 11010101111:12 11010110000:5 11010110001:8 11010110010:2 11010110011:3 11010110100:2 11010110110:2 11010111000:2 11010111010:1 11010111011:1 11010111100:2 11010111110:1 11010111111:2 11011000101:1 11011001000:1 11011001010:1 11011010001:1 11011101001:1 11100001001:1 11100101001:1 11100110111:1 11100111101:1 11110010001:1 }

	Command being timed: "python3 shor.py 11"
	User time (seconds): 0.95
	System time (seconds): 0.75
	Percent of CPU this job got: 80%
	Elapsed (wall clock) time (h:mm:ss or m:ss): 0:02.12
	Average shared text size (kbytes): 0
	Average unshared data size (kbytes): 0
	Average stack size (kbytes): 0
	Average total size (kbytes): 0
	Maximum resident set size (kbytes): 609472
	Average resident set size (kbytes): 0
	Major (requiring I/O) page faults: 0
	Minor (reclaiming a frame) page faults: 73645
	Voluntary context switches: 2125
	Involuntary context switches: 26
	Swaps: 0
	File system inputs: 0
	File system outputs: 24
	Socket messages sent: 0
	Socket messages received: 0
	Signals delivered: 0
	Page size (bytes): 4096
	Exit status: 0
Measurement results for a=5 and N=21 with 11 qubits in the control register 
{ 00000000000:2447 00010110111:1 00100000100:1 00100001101:1 00100101001:1 00100110000:1 00100110011:1 00100110101:1 00100111001:1 00100111100:2 00100111101:1 00101001010:1 00101001100:4 00101001101:3 00101001110:7 00101001111:3 00101010000:4 00101010001:10 00101010010:18 00101010011:29 00101010100:132 00101010101:1717 00101010110:414 00101010111:81 00101011000:29 00101011001:13 00101011010:9 00101011011:4 00101011100:3 00101011101:6 00101011111:2 00101100000:1 00101100010:1 00101100011:1 00101100101:1 00101100111:2 00101101001:1 00101101100:1 00101101111:1 00101110010:1 00101111000:1 00110001000:1 00110101010:1 00111101011:1 01000111111:1 01001100111:1 01001110011:1 01001110110:1 01010000001:1 01010000011:1 01010011010:2 01010011100:1 01010011110:1 01010011111:3 01010100001:2 01010100010:2 01010100011:1 01010100100:4 01010100101:5 01010100110:11 01010100111:17 01010101000:35 01010101001:62 01010101010:424 01010101011:1740 01010101100:98 01010101101:34 01010101110:17 01010101111:9 01010110000:7 01010110001:5 01010110010:3 01010110011:5 01010110100:1 01010110110:3 01010111001:2 01010111010:2 01010111110:1 01010111111:1 01011000000:1 01011000100:1 01011000111:1 01011001001:1 01011001100:1 01011010100:1 01011100110:1 01011111011:1 01100011110:1 10000000000:2414 10000001100:1 10001100111:1 10011011111:1 10011111111:1 10100011011:1 10100011100:1 10100101111:1 10100111011:1 10100111110:1 10100111111:2 10101000011:1 10101000101:1 10101000111:1 10101001000:2 10101001010:1 10101001011:1 10101001100:2 10101001101:2 10101001110:2 10101001111:3 10101010000:4 10101010001:9 10101010010:20 10101010011:44 10101010100:101 10101010101:1721 10101010110:439 10101010111:59 10101011000:33 10101011001:11 10101011010:3 10101011011:9 10101011100:6 10101011101:2 10101011110:3 10101011111:5 10101100000:3 10101100011:1 10101100110:1 10101101011:1 10101101100:1 10101101111:1 10101110001:1 10110000101:2 10110111000:1 10111000111:1 10111011110:1 11000000110:1 11000111011:1 11001000010:1 11001100111:1 11001110001:1 11001110101:1 11001111001:1 11001111110:1 11010000111:1 11010010011:1 11010011000:1 11010011001:1 11010011010:2 11010011110:3 11010011111:1 11010100000:4 11010100001:4 11010100010:2 11010100011:6 11010100100:3 11010100101:8 11010100110:8 11010100111:13 11010101000:29 11010101001:64 11010101010:399 11010101011:1820 11010101100:113 11010101101:32 11010101110:21 11010101111:10 11010110000:9 11010110001:7 11010110010:3 11010110011:2 11010110100:2 11010110101:2 11010110111:1 11010111000:4 11010111001:2 11010111010:2 11010111011:2 11010111100:1 11010111101:1 11010111111:2 11011000000:1 11011000010:1 11011011110:1 11011101000:1 11100110010:1 11101010111:1 11101011011:1 11101110101:1 }

	Command being timed: "python3 shor.py 11"
	User time (seconds): 0.92
	System time (seconds): 0.74
	Percent of CPU this job got: 85%
	Elapsed (wall clock) time (h:mm:ss or m:ss): 0:01.94
	Average shared text size (kbytes): 0
	Average unshared data size (kbytes): 0
	Average stack size (kbytes): 0
	Average total size (kbytes): 0
	Maximum resident set size (kbytes): 608820
	Average resident set size (kbytes): 0
	Major (requiring I/O) page faults: 0
	Minor (reclaiming a frame) page faults: 57046
	Voluntary context switches: 2036
	Involuntary context switches: 28
	Swaps: 0
	File system inputs: 0
	File system outputs: 24
	Socket messages sent: 0
	Socket messages received: 0
	Signals delivered: 0
	Page size (bytes): 4096
	Exit status: 0
Measurement results for a=5 and N=21 with 11 qubits in the control register 
{ 00000000000:2480 00010111101:1 00100100010:1 00100101001:1 00100101110:1 00101000000:1 00101000001:1 00101000010:1 00101000101:1 00101000111:1 00101001000:3 00101001001:1 00101001010:3 00101001100:2 00101001101:2 00101001110:1 00101001111:5 00101010000:12 00101010001:8 00101010010:15 00101010011:36 00101010100:98 00101010101:1701 00101010110:436 00101010111:74 00101011000:21 00101011001:11 00101011010:6 00101011011:4 00101011100:6 00101011101:1 00101011110:3 00101011111:3 00101100000:1 00101100001:3 00101100010:4 00101100011:1 00101100101:1 00101101001:2 00101101010:1 00110000010:1 00110001010:1 00111001010:1 01000100001:1 01001000100:1 01001101000:1 01010000000:1 01010000010:1 01010001000:1 01010010110:1 01010010111:2 01010011001:2 01010011011:2 01010011100:1 01010011101:1 01010011111:1 01010100001:4 01010100010:4 01010100011:3 01010100100:3 01010100101:6 01010100110:10 01010100111:12 01010101000:17 01010101001:71 01010101010:449 01010101011:1677 01010101100:107 01010101101:31 01010101110:14 01010101111:11 01010110000:6 01010110001:3 01010110010:5 01010110011:4 01010110100:2 01010110110:4 01010110111:1 01010111000:1 01010111010:1 01010111110:1 01011000000:1 01011000010:1 01011001001:2 01011101010:1 01011101111:1 01011111011:1 01100110100:1 01101111010:1 10000000000:2489 10001110100:1 10010110111:1 10011110000:1 10100011111:1 10100101100:1 10100110001:1 10100111000:2 10100111010:1 10100111100:1 10100111110:1 10101000001:2 10101000011:1 10101000111:2 10101001000:4 10101001010:3 10101001011:3 10101001100:4 10101001101:5 10101001110:4 10101001111:4 10101010000:8 10101010001:8 10101010010:20 10101010011:34 10101010100:106 10101010101:1790 10101010110:402 10101010111:78 10101011000:21 10101011001:9 10101011010:11 10101011011:7 10101011100:6 10101011101:4 10101011110:1 10101100000:2 10101100001:2 10101100010:2 10101100011:1 10101100110:1 10101101111:1 10101110001:1 10101111100:1 10101111110:1 10110000000:1 10110011000:1 10110100110:1 11000001010:1 11001011001:1 11001100100:1 11001110011:1 11001110110:2 11001111100:1 11001111101:1 11010000010:1 11010001010:1 11010010011:1 11010010110:1 11010011001:2 11010011011:1 11010011100:1 11010011101:1 11010011110:1 11010011111:4 11010100000:2 11010100001:2 11010100010:2 11010100011:5 11010100100:6 11010100101:6 11010100110:6 11010100111:12 11010101000:28 11010101001:74 11010101010:421 11010101011:1743 11010101100:96 11010101101:30 11010101110:13 11010101111:4 11010110000:10 11010110001:8 11010110010:2 11010110011:3 11010110100:3 11010110101:3 11010110111:1 11010111001:1 11010111010:1 11010111011:1 11010111110:1 11010111111:2 11011000000:1 11011000001:1 11011000010:1 11011000100:1 11011001101:1 11011001111:2 11011010010:2 11011010101:1 11100010001:1 }

	Command being timed: "python3 shor.py 11"
	User time (seconds): 0.94
	System time (seconds): 0.68
	Percent of CPU this job got: 84%
	Elapsed (wall clock) time (h:mm:ss or m:ss): 0:01.92
	Average shared text size (kbytes): 0
	Average unshared data size (kbytes): 0
	Average stack size (kbytes): 0
	Average total size (kbytes): 0
	Maximum resident set size (kbytes): 609356
	Average resident set size (kbytes): 0
	Major (requiring I/O) page faults: 0
	Minor (reclaiming a frame) page faults: 74182
	Voluntary context switches: 1894
	Involuntary context switches: 29
	Swaps: 0
	File system inputs: 0
	File system outputs: 24
	Socket messages sent: 0
	Socket messages received: 0
	Signals delivered: 0
	Page size (bytes): 4096
	Exit status: 0
Measurement results for a=5 and N=21 with 11 qubits in the control register 
{ 00000000000:2569 00010111101:1 00011000001:1 00011001100:1 00011101000:1 00100001000:1 00100101100:1 00100111000:1 00100111010:1 00100111100:1 00101000000:1 00101000001:2 00101000011:1 00101000110:1 00101000111:1 00101001000:1 00101001001:1 00101001010:1 00101001011:1 00101001100:1 00101001101:3 00101001110:5 00101001111:2 00101010000:5 00101010001:9 00101010010:13 00101010011:30 00101010100:96 00101010101:1760 00101010110:448 00101010111:70 00101011000:19 00101011001:16 00101011010:12 00101011011:8 00101011100:8 00101011101:4 00101100000:4 00101100100:2 00101100101:1 00101100110:2 00101100111:1 00101101000:2 00101101001:1 00101101010:1 00101101101:1 00101110100:1 00101110101:1 00110000000:1 00110000101:1 00110010100:1 00110100010:1 01001010001:1 01001101010:1 01001110011:1 01010000100:1 01010000111:2 01010001000:1 01010010011:2 01010010111:1 01010011001:1 01010011010:1 01010011011:1 01010011100:1 01010011101:4 01010100000:1 01010100001:3 01010100010:3 01010100011:5 01010100100:3 01010100101:3 01010100110:7 01010100111:14 01010101000:31 01010101001:51 01010101010:416 01010101011:1679 01010101100:89 01010101101:29 01010101110:14 01010101111:9 01010110000:3 01010110001:9 01010110010:2 01010110011:1 01010110100:2 01010110110:1 01010110111:1 01010111001:1 01010111011:1 01010111100:1 01010111111:1 01011000000:1 01011000010:2 01011001001:1 01011001010:1 01011001100:1 01011010000:2 01011010010:1 01011011011:1 01011011101:2 01011100000:1 01011101000:1 01011101110:1 01011111000:1 01100000000:1 01100011010:1 01101101001:1 01110111111:1 10000000000:2519 10000000011:1 10100101110:1 10100110010:1 10100110101:1 10100110111:1 10100111011:1 10100111101:1 10100111111:1 10101000001:1 10101000011:3 10101000101:2 10101000110:2 10101000111:1 10101001001:3 10101001010:4 10101001011:5 10101001100:3 10101001101:2 10101001110:2 10101001111:4 10101010000:8 10101010001:6 10101010010:20 10101010011:33 10101010100:109 10101010101:1693 10101010110:434 10101010111:67 10101011000:28 10101011001:23 10101011010:6 10101011011:5 10101011100:4 10101011101:6 10101011110:4 10101011111:2 10101100001:1 10101100010:2 10101100011:1 10101100101:5 10101100110:1 10101101001:1 10101101011:2 10101101101:1 10101110100:1 10101110101:1 10110000001:1 10110000101:1 10110001111:1 10110110011:1 10110110111:1 11001000100:1 11001100110:1 11001110111:1 11001111001:1 11001111100:1 11010010001:2 11010010100:1 11010010101:1 11010011001:1 11010011010:2 11010011011:1 11010011100:1 11010011110:2 11010011111:3 11010100000:2 11010100001:1 11010100010:1 11010100011:3 11010100100:1 11010100101:5 11010100110:6 11010100111:18 11010101000:26 11010101001:66 11010101010:412 11010101011:1694 11010101100:87 11010101101:26 11010101110:18 11010101111:11 11010110000:5 11010110001:6 11010110010:3 11010110011:1 11010110100:3 11010110101:2 11010110110:1 11010110111:1 11010111000:1 11010111001:1 11010111010:2 11010111100:1 11010111110:1 11010111111:1 11011000001:1 11011000010:1 11011000110:1 11011001000:1 11011001001:1 11011001010:1 11011001100:1 11100010110:1 11100101110:1 11100110000:1 11110100100:1 }

	Command being timed: "python3 shor.py 11"
	User time (seconds): 0.91
	System time (seconds): 0.71
	Percent of CPU this job got: 85%
	Elapsed (wall clock) time (h:mm:ss or m:ss): 0:01.91
	Average shared text size (kbytes): 0
	Average unshared data size (kbytes): 0
	Average stack size (kbytes): 0
	Average total size (kbytes): 0
	Maximum resident set size (kbytes): 608640
	Average resident set size (kbytes): 0
	Major (requiring I/O) page faults: 0
	Minor (reclaiming a frame) page faults: 73394
	Voluntary context switches: 1893
	Involuntary context switches: 26
	Swaps: 0
	File system inputs: 0
	File system outputs: 24
	Socket messages sent: 0
	Socket messages received: 0
	Signals delivered: 0
	Page size (bytes): 4096
	Exit status: 0
Measurement results for a=5 and N=21 with 11 qubits in the control register 
{ 00000000000:2418 00010110000:1 00011100111:1 00011111101:1 00100000000:1 00100000011:1 00100010000:1 00100110001:1 00100110010:1 00100110101:1 00100111010:1 00100111011:1 00101000000:1 00101000100:1 00101000111:1 00101001001:1 00101001010:3 00101001011:4 00101001100:2 00101001101:2 00101001111:6 00101010000:7 00101010001:9 00101010010:17 00101010011:34 00101010100:113 00101010101:1756 00101010110:448 00101010111:57 00101011000:19 00101011001:14 00101011010:11 00101011011:7 00101011100:4 00101011101:8 00101011110:2 00101011111:6 00101100000:1 00101100011:1 00101100110:2 00101101001:1 00101101010:2 00110000000:1 00110000101:1 00110001100:1 00110001110:1 00110010001:1 00110101011:1 00110110000:1 00110110101:1 00111010001:1 01000110100:1 01000111111:1 01001001010:1 01001110011:1 01001111000:1 01010000000:1 01010000011:1 01010001010:1 01010001100:1 01010001101:1 01010001111:1 01010010101:2 01010011011:1 01010011101:2 01010011111:1 01010100000:1 01010100001:3 01010100010:4 01010100011:4 01010100100:4 01010100101:8 01010100110:13 01010100111:22 01010101000:26 01010101001:66 01010101010:433 01010101011:1761 01010101100:103 01010101101:35 01010101110:15 01010101111:13 01010110000:6 01010110001:3 01010110010:4 01010110011:2 01010110100:3 01010110101:2 01010110110:1 01010111001:1 01010111101:1 01010111110:2 01011000000:1 01011010001:1 01011010101:1 01100001001:1 01110111010:1 10000000000:2539 10000101101:1 10011101011:1 10100010010:1 10100100101:1 10100110100:1 10100111100:1 10100111101:2 10101000001:1 10101000010:1 10101000110:2 10101000111:1 10101001000:4 10101001001:1 10101001010:2 10101001011:1 10101001100:2 10101001101:1 10101001110:4 10101001111:4 10101010000:3 10101010001:12 10101010010:17 10101010011:23 10101010100:97 10101010101:1672 10101010110:413 10101010111:67 10101011000:18 10101011001:16 10101011010:5 10101011011:6 10101011100:6 10101011110:2 10101011111:1 10101100000:1 10101100001:2 10101100010:1 10101100111:1 10101101001:1 10101101010:1 10101101110:1 10101101111:1 10101110011:1 10101111010:1 10110001011:1 10110001101:1 10110010011:1 10110111111:1 10111000011:1 10111011111:1 10111111110:1 11001111011:1 11010001000:1 11010001010:1 11010001101:1 11010010000:1 11010010011:1 11010010100:3 11010010110:1 11010011000:1 11010011010:1 11010011011:1 11010011101:1 11010011110:1 11010011111:1 11010100000:2 11010100001:2 11010100010:4 11010100011:2 11010100100:2 11010100101:3 11010100110:8 11010100111:14 11010101000:20 11010101001:72 11010101010:447 11010101011:1710 11010101100:114 11010101101:35 11010101110:10 11010101111:13 11010110000:6 11010110001:10 11010110010:2 11010110011:4 11010110100:1 11010110101:2 11010110110:1 11010110111:2 11010111000:1 11010111001:1 11010111100:1 11010111111:1 11011000001:1 11011000011:2 11011010001:1 11011010010:1 11011010101:2 11011011100:1 11011101011:1 11100110001:1 11101001110:1 }

	Command being timed: "python3 shor.py 11"
	User time (seconds): 0.94
	System time (seconds): 0.68
	Percent of CPU this job got: 85%
	Elapsed (wall clock) time (h:mm:ss or m:ss): 0:01.91
	Average shared text size (kbytes): 0
	Average unshared data size (kbytes): 0
	Average stack size (kbytes): 0
	Average total size (kbytes): 0
	Maximum resident set size (kbytes): 609236
	Average resident set size (kbytes): 0
	Major (requiring I/O) page faults: 0
	Minor (reclaiming a frame) page faults: 73979
	Voluntary context switches: 1893
	Involuntary context switches: 29
	Swaps: 0
	File system inputs: 0
	File system outputs: 16
	Socket messages sent: 0
	Socket messages received: 0
	Signals delivered: 0
	Page size (bytes): 4096
	Exit status: 0
Measurement results for a=5 and N=21 with 11 qubits in the control register 
{ 00000000000:2479 00001001100:1 00100000000:1 00100010011:1 00100011011:1 00100011101:1 00100011110:1 00100101101:1 00100110100:1 00100110111:1 00100111000:1 00100111001:1 00100111100:1 00101000100:2 00101000110:1 00101000111:2 00101001000:1 00101001010:2 00101001101:3 00101001110:6 00101001111:5 00101010000:6 00101010001:10 00101010010:18 00101010011:33 00101010100:104 00101010101:1658 00101010110:470 00101010111:79 00101011000:27 00101011001:11 00101011010:9 00101011011:5 00101011100:2 00101011101:4 00101011110:4 00101011111:2 00101100000:1 00101100010:1 00101100100:3 00101100101:1 00101100110:1 00101100111:1 00101101111:1 00101111011:1 00101111111:1 00110000110:1 00111010111:1 00111110111:1 01000001111:1 01000110001:1 01001000011:1 01001111000:1 01001111001:1 01010000000:1 01010001100:1 01010010110:1 01010011000:1 01010011011:1 01010011100:1 01010011101:3 01010011111:3 01010100000:2 01010100001:4 01010100010:1 01010100011:3 01010100100:6 01010100101:6 01010100110:13 01010100111:17 01010101000:27 01010101001:72 01010101010:418 01010101011:1695 01010101100:110 01010101101:33 01010101110:12 01010101111:14 01010110000:7 01010110001:5 01010110010:4 01010110011:4 01010110100:2 01010110101:1 01010110110:1 01010110111:3 01010111001:1 01010111010:1 01010111011:1 01010111100:1 01010111101:1 01010111110:1 01011000101:1 01011001001:2 01011001010:1 01011001101:1 01011010110:1 01011011101:1 01011100011:1 01011110001:1 01011111011:1 01100011010:1 10000000000:2466 10010101111:1 10011010100:1 10011011100:1 10011101110:1 10011110110:1 10011110111:1 10100001001:1 10100010001:1 10100011001:1 10100101111:1 10100110000:2 10100110001:1 10100110110:1 10100111000:1 10100111101:1 10101000001:1 10101000010:2 10101000011:2 10101000100:1 10101000110:2 10101001001:3 10101001010:2 10101001011:1 10101001100:3 10101001101:1 10101001110:4 10101001111:10 10101010000:5 10101010001:14 10101010010:24 10101010011:43 10101010100:83 10101010101:1768 10101010110:443 10101010111:76 10101011000:25 10101011001:14 10101011010:4 10101011011:6 10101011100:5 10101011101:1 10101011110:3 10101011111:2 10101100000:1 10101100110:1 10101101001:1 10101101010:1 10101101100:1 10101101110:1 10101110001:3 10101110100:1 10101111101:1 10110011110:1 10110111000:1 10110111010:1 11000111110:1 11001011111:1 11001101101:1 11001110111:1 11010000101:1 11010001010:1 11010001100:2 11010001110:1 11010010001:1 11010011000:1 11010011011:1 11010011110:1 11010011111:2 11010100000:4 11010100001:3 11010100010:4 11010100011:6 11010100100:2 11010100101:5 11010100110:12 11010100111:9 11010101000:24 11010101001:69 11010101010:434 11010101011:1709 11010101100:97 11010101101:38 11010101110:19 11010101111:8 11010110000:3 11010110001:3 11010110010:3 11010110011:1 11010110100:4 11010110110:1 11010110111:2 11010111000:1 11010111001:2 11010111010:1 11010111101:2 11010111110:1 11010111111:2 11011000001:1 11011000010:1 11011000011:1 11011001010:1 11011010110:1 11011010111:1 11011100110:1 11100111111:1 11110111111:1 }

	Command being timed: "python3 shor.py 11"
	User time (seconds): 0.93
	System time (seconds): 0.69
	Percent of CPU this job got: 85%
	Elapsed (wall clock) time (h:mm:ss or m:ss): 0:01.91
	Average shared text size (kbytes): 0
	Average unshared data size (kbytes): 0
	Average stack size (kbytes): 0
	Average total size (kbytes): 0
	Maximum resident set size (kbytes): 606560
	Average resident set size (kbytes): 0
	Major (requiring I/O) page faults: 0
	Minor (reclaiming a frame) page faults: 74022
	Voluntary context switches: 1895
	Involuntary context switches: 29
	Swaps: 0
	File system inputs: 0
	File system outputs: 16
	Socket messages sent: 0
	Socket messages received: 0
	Signals delivered: 0
	Page size (bytes): 4096
	Exit status: 0
