WARNING: overwriting environment variables set in the machine
overwriting variable ['LD_LIBRARY_PATH']
[ 0.12+0.j   -0.08-0.1j  -0.02+0.12j  0.11-0.06j -0.12-0.05j  0.04+0.12j
  0.07-0.1j  -0.12+0.01j  0.09+0.09j  0.01-0.12j -0.1 +0.07j  0.12+0.04j
 -0.05-0.12j -0.06+0.11j  0.12-0.02j -0.1 -0.08j -0.  +0.12j  0.1 -0.08j
 -0.12-0.02j  0.06+0.11j  0.05-0.12j -0.12+0.04j  0.1 +0.07j -0.01-0.12j
 -0.09+0.09j  0.12+0.01j -0.07-0.1j  -0.04+0.12j  0.12-0.05j -0.11-0.06j
  0.02+0.12j  0.08-0.1j  -0.12+0.j    0.08+0.1j   0.02-0.12j -0.11+0.06j
  0.12+0.05j -0.04-0.12j -0.07+0.1j   0.12-0.01j -0.09-0.09j -0.01+0.12j
  0.1 -0.07j -0.12-0.04j  0.05+0.12j  0.06-0.11j -0.12+0.02j  0.1 +0.08j
  0.  -0.12j -0.1 +0.08j  0.12+0.02j -0.06-0.11j -0.05+0.12j  0.12-0.04j
 -0.1 -0.07j  0.01+0.12j  0.09-0.09j -0.12-0.01j  0.07+0.1j   0.04-0.12j
 -0.12+0.05j  0.11+0.06j -0.02-0.12j -0.08+0.1j ]
	Command being timed: "python3 qft.py 6"
	User time (seconds): 0.78
	System time (seconds): 0.76
	Percent of CPU this job got: 70%
	Elapsed (wall clock) time (h:mm:ss or m:ss): 0:02.19
	Average shared text size (kbytes): 0
	Average unshared data size (kbytes): 0
	Average stack size (kbytes): 0
	Average total size (kbytes): 0
	Maximum resident set size (kbytes): 571904
	Average resident set size (kbytes): 0
	Major (requiring I/O) page faults: 0
	Minor (reclaiming a frame) page faults: 49273
	Voluntary context switches: 3634
	Involuntary context switches: 40
	Swaps: 0
	File system inputs: 8
	File system outputs: 16
	Socket messages sent: 0
	Socket messages received: 0
	Signals delivered: 0
	Page size (bytes): 4096
	Exit status: 0
[ 0.12+0.j   -0.12+0.02j  0.12-0.05j -0.1 +0.07j  0.09-0.09j -0.07+0.1j
  0.05-0.12j -0.02+0.12j  0.  -0.12j  0.02+0.12j -0.05-0.12j  0.07+0.1j
 -0.09-0.09j  0.1 +0.07j -0.12-0.05j  0.12+0.02j -0.12+0.j    0.12-0.02j
 -0.12+0.05j  0.1 -0.07j -0.09+0.09j  0.07-0.1j  -0.05+0.12j  0.02-0.12j
 -0.  +0.12j -0.02-0.12j  0.05+0.12j -0.07-0.1j   0.09+0.09j -0.1 -0.07j
  0.12+0.05j -0.12-0.02j  0.12+0.j   -0.12+0.02j  0.12-0.05j -0.1 +0.07j
  0.09-0.09j -0.07+0.1j   0.05-0.12j -0.02+0.12j  0.  -0.12j  0.02+0.12j
 -0.05-0.12j  0.07+0.1j  -0.09-0.09j  0.1 +0.07j -0.12-0.05j  0.12+0.02j
 -0.12+0.j    0.12-0.02j -0.12+0.05j  0.1 -0.07j -0.09+0.09j  0.07-0.1j
 -0.05+0.12j  0.02-0.12j -0.  +0.12j -0.02-0.12j  0.05+0.12j -0.07-0.1j
  0.09+0.09j -0.1 -0.07j  0.12+0.05j -0.12-0.02j]
	Command being timed: "python3 qft.py 6"
	User time (seconds): 0.78
	System time (seconds): 0.72
	Percent of CPU this job got: 83%
	Elapsed (wall clock) time (h:mm:ss or m:ss): 0:01.80
	Average shared text size (kbytes): 0
	Average unshared data size (kbytes): 0
	Average stack size (kbytes): 0
	Average total size (kbytes): 0
	Maximum resident set size (kbytes): 573144
	Average resident set size (kbytes): 0
	Major (requiring I/O) page faults: 0
	Minor (reclaiming a frame) page faults: 60574
	Voluntary context switches: 1901
	Involuntary context switches: 38
	Swaps: 0
	File system inputs: 0
	File system outputs: 16
	Socket messages sent: 0
	Socket messages received: 0
	Signals delivered: 0
	Page size (bytes): 4096
	Exit status: 0
[ 0.12+0.j   -0.12-0.01j  0.12+0.02j -0.12-0.04j  0.12+0.05j -0.11-0.06j
  0.1 +0.07j -0.1 -0.08j  0.09+0.09j -0.08-0.1j   0.07+0.1j  -0.06-0.11j
  0.05+0.12j -0.04-0.12j  0.02+0.12j -0.01-0.12j -0.  +0.12j  0.01-0.12j
 -0.02+0.12j  0.04-0.12j -0.05+0.12j  0.06-0.11j -0.07+0.1j   0.08-0.1j
 -0.09+0.09j  0.1 -0.08j -0.1 +0.07j  0.11-0.06j -0.12+0.05j  0.12-0.04j
 -0.12+0.02j  0.12-0.01j -0.12+0.j    0.12+0.01j -0.12-0.02j  0.12+0.04j
 -0.12-0.05j  0.11+0.06j -0.1 -0.07j  0.1 +0.08j -0.09-0.09j  0.08+0.1j
 -0.07-0.1j   0.06+0.11j -0.05-0.12j  0.04+0.12j -0.02-0.12j  0.01+0.12j
  0.  -0.12j -0.01+0.12j  0.02-0.12j -0.04+0.12j  0.05-0.12j -0.06+0.11j
  0.07-0.1j  -0.08+0.1j   0.09-0.09j -0.1 +0.08j  0.1 -0.07j -0.11+0.06j
  0.12-0.05j -0.12+0.04j  0.12-0.02j -0.12+0.01j]
	Command being timed: "python3 qft.py 6"
	User time (seconds): 0.77
	System time (seconds): 0.67
	Percent of CPU this job got: 82%
	Elapsed (wall clock) time (h:mm:ss or m:ss): 0:01.74
	Average shared text size (kbytes): 0
	Average unshared data size (kbytes): 0
	Average stack size (kbytes): 0
	Average total size (kbytes): 0
	Maximum resident set size (kbytes): 572540
	Average resident set size (kbytes): 0
	Major (requiring I/O) page faults: 0
	Minor (reclaiming a frame) page faults: 48159
	Voluntary context switches: 1856
	Involuntary context switches: 42
	Swaps: 0
	File system inputs: 0
	File system outputs: 16
	Socket messages sent: 0
	Socket messages received: 0
	Signals delivered: 0
	Page size (bytes): 4096
	Exit status: 0
[ 0.12+0.j   -0.12-0.02j  0.12+0.05j -0.1 -0.07j  0.09+0.09j -0.07-0.1j
  0.05+0.12j -0.02-0.12j -0.  +0.12j  0.02-0.12j -0.05+0.12j  0.07-0.1j
 -0.09+0.09j  0.1 -0.07j -0.12+0.05j  0.12-0.02j -0.12+0.j    0.12+0.02j
 -0.12-0.05j  0.1 +0.07j -0.09-0.09j  0.07+0.1j  -0.05-0.12j  0.02+0.12j
  0.  -0.12j -0.02+0.12j  0.05-0.12j -0.07+0.1j   0.09-0.09j -0.1 +0.07j
  0.12-0.05j -0.12+0.02j  0.12+0.j   -0.12-0.02j  0.12+0.05j -0.1 -0.07j
  0.09+0.09j -0.07-0.1j   0.05+0.12j -0.02-0.12j -0.  +0.12j  0.02-0.12j
 -0.05+0.12j  0.07-0.1j  -0.09+0.09j  0.1 -0.07j -0.12+0.05j  0.12-0.02j
 -0.12+0.j    0.12+0.02j -0.12-0.05j  0.1 +0.07j -0.09-0.09j  0.07+0.1j
 -0.05-0.12j  0.02+0.12j  0.  -0.12j -0.02+0.12j  0.05-0.12j -0.07+0.1j
  0.09-0.09j -0.1 +0.07j  0.12-0.05j -0.12+0.02j]
	Command being timed: "python3 qft.py 6"
	User time (seconds): 0.76
	System time (seconds): 0.68
	Percent of CPU this job got: 82%
	Elapsed (wall clock) time (h:mm:ss or m:ss): 0:01.74
	Average shared text size (kbytes): 0
	Average unshared data size (kbytes): 0
	Average stack size (kbytes): 0
	Average total size (kbytes): 0
	Maximum resident set size (kbytes): 570748
	Average resident set size (kbytes): 0
	Major (requiring I/O) page faults: 0
	Minor (reclaiming a frame) page faults: 48050
	Voluntary context switches: 1856
	Involuntary context switches: 40
	Swaps: 0
	File system inputs: 0
	File system outputs: 16
	Socket messages sent: 0
	Socket messages received: 0
	Signals delivered: 0
	Page size (bytes): 4096
	Exit status: 0
[ 0.12+0.j   -0.1 -0.08j  0.02+0.12j  0.06-0.11j -0.12+0.05j  0.12+0.04j
 -0.07-0.1j  -0.01+0.12j  0.09-0.09j -0.12+0.01j  0.1 +0.07j -0.04-0.12j
 -0.05+0.12j  0.11-0.06j -0.12-0.02j  0.08+0.1j   0.  -0.12j -0.08+0.1j
  0.12-0.02j -0.11-0.06j  0.05+0.12j  0.04-0.12j -0.1 +0.07j  0.12+0.01j
 -0.09-0.09j  0.01+0.12j  0.07-0.1j  -0.12+0.04j  0.12+0.05j -0.06-0.11j
 -0.02+0.12j  0.1 -0.08j -0.12+0.j    0.1 +0.08j -0.02-0.12j -0.06+0.11j
  0.12-0.05j -0.12-0.04j  0.07+0.1j   0.01-0.12j -0.09+0.09j  0.12-0.01j
 -0.1 -0.07j  0.04+0.12j  0.05-0.12j -0.11+0.06j  0.12+0.02j -0.08-0.1j
 -0.  +0.12j  0.08-0.1j  -0.12+0.02j  0.11+0.06j -0.05-0.12j -0.04+0.12j
  0.1 -0.07j -0.12-0.01j  0.09+0.09j -0.01-0.12j -0.07+0.1j   0.12-0.04j
 -0.12-0.05j  0.06+0.11j  0.02-0.12j -0.1 +0.08j]
	Command being timed: "python3 qft.py 6"
	User time (seconds): 0.79
	System time (seconds): 0.66
	Percent of CPU this job got: 82%
	Elapsed (wall clock) time (h:mm:ss or m:ss): 0:01.75
	Average shared text size (kbytes): 0
	Average unshared data size (kbytes): 0
	Average stack size (kbytes): 0
	Average total size (kbytes): 0
	Maximum resident set size (kbytes): 571044
	Average resident set size (kbytes): 0
	Major (requiring I/O) page faults: 0
	Minor (reclaiming a frame) page faults: 47536
	Voluntary context switches: 1856
	Involuntary context switches: 39
	Swaps: 0
	File system inputs: 0
	File system outputs: 16
	Socket messages sent: 0
	Socket messages received: 0
	Signals delivered: 0
	Page size (bytes): 4096
	Exit status: 0
[ 0.12+0.j    0.01+0.12j -0.12+0.02j -0.04-0.12j  0.12-0.05j  0.06+0.11j
 -0.1 +0.07j -0.08-0.1j   0.09-0.09j  0.1 +0.08j -0.07+0.1j  -0.11-0.06j
  0.05-0.12j  0.12+0.04j -0.02+0.12j -0.12-0.01j  0.  -0.12j  0.12-0.01j
  0.02+0.12j -0.12+0.04j -0.05-0.12j  0.11-0.06j  0.07+0.1j  -0.1 +0.08j
 -0.09-0.09j  0.08-0.1j   0.1 +0.07j -0.06+0.11j -0.12-0.05j  0.04-0.12j
  0.12+0.02j -0.01+0.12j -0.12+0.j   -0.01-0.12j  0.12-0.02j  0.04+0.12j
 -0.12+0.05j -0.06-0.11j  0.1 -0.07j  0.08+0.1j  -0.09+0.09j -0.1 -0.08j
  0.07-0.1j   0.11+0.06j -0.05+0.12j -0.12-0.04j  0.02-0.12j  0.12+0.01j
 -0.  +0.12j -0.12+0.01j -0.02-0.12j  0.12-0.04j  0.05+0.12j -0.11+0.06j
 -0.07-0.1j   0.1 -0.08j  0.09+0.09j -0.08+0.1j  -0.1 -0.07j  0.06-0.11j
  0.12+0.05j -0.04+0.12j -0.12-0.02j  0.01-0.12j]
	Command being timed: "python3 qft.py 6"
	User time (seconds): 0.78
	System time (seconds): 0.65
	Percent of CPU this job got: 82%
	Elapsed (wall clock) time (h:mm:ss or m:ss): 0:01.74
	Average shared text size (kbytes): 0
	Average unshared data size (kbytes): 0
	Average stack size (kbytes): 0
	Average total size (kbytes): 0
	Maximum resident set size (kbytes): 571632
	Average resident set size (kbytes): 0
	Major (requiring I/O) page faults: 0
	Minor (reclaiming a frame) page faults: 47587
	Voluntary context switches: 1860
	Involuntary context switches: 40
	Swaps: 0
	File system inputs: 0
	File system outputs: 24
	Socket messages sent: 0
	Socket messages received: 0
	Signals delivered: 0
	Page size (bytes): 4096
	Exit status: 0
[ 0.12+0.j   -0.09+0.09j  0.  -0.12j  0.09+0.09j -0.12+0.j    0.09-0.09j
 -0.  +0.12j -0.09-0.09j  0.12+0.j   -0.09+0.09j  0.  -0.12j  0.09+0.09j
 -0.12+0.j    0.09-0.09j -0.  +0.12j -0.09-0.09j  0.12+0.j   -0.09+0.09j
  0.  -0.12j  0.09+0.09j -0.12+0.j    0.09-0.09j -0.  +0.12j -0.09-0.09j
  0.12+0.j   -0.09+0.09j  0.  -0.12j  0.09+0.09j -0.12+0.j    0.09-0.09j
 -0.  +0.12j -0.09-0.09j  0.12+0.j   -0.09+0.09j  0.  -0.12j  0.09+0.09j
 -0.12+0.j    0.09-0.09j -0.  +0.12j -0.09-0.09j  0.12+0.j   -0.09+0.09j
  0.  -0.12j  0.09+0.09j -0.12+0.j    0.09-0.09j -0.  +0.12j -0.09-0.09j
  0.12+0.j   -0.09+0.09j  0.  -0.12j  0.09+0.09j -0.12+0.j    0.09-0.09j
 -0.  +0.12j -0.09-0.09j  0.12+0.j   -0.09+0.09j  0.  -0.12j  0.09+0.09j
 -0.12+0.j    0.09-0.09j -0.  +0.12j -0.09-0.09j]
	Command being timed: "python3 qft.py 6"
	User time (seconds): 0.77
	System time (seconds): 0.72
	Percent of CPU this job got: 72%
	Elapsed (wall clock) time (h:mm:ss or m:ss): 0:02.04
	Average shared text size (kbytes): 0
	Average unshared data size (kbytes): 0
	Average stack size (kbytes): 0
	Average total size (kbytes): 0
	Maximum resident set size (kbytes): 576624
	Average resident set size (kbytes): 0
	Major (requiring I/O) page faults: 0
	Minor (reclaiming a frame) page faults: 57280
	Voluntary context switches: 1918
	Involuntary context switches: 37
	Swaps: 0
	File system inputs: 0
	File system outputs: 16
	Socket messages sent: 0
	Socket messages received: 0
	Signals delivered: 0
	Page size (bytes): 4096
	Exit status: 0
[ 0.12+0.j    0.12-0.02j  0.12-0.05j  0.1 -0.07j  0.09-0.09j  0.07-0.1j
  0.05-0.12j  0.02-0.12j  0.  -0.12j -0.02-0.12j -0.05-0.12j -0.07-0.1j
 -0.09-0.09j -0.1 -0.07j -0.12-0.05j -0.12-0.02j -0.12+0.j   -0.12+0.02j
 -0.12+0.05j -0.1 +0.07j -0.09+0.09j -0.07+0.1j  -0.05+0.12j -0.02+0.12j
 -0.  +0.12j  0.02+0.12j  0.05+0.12j  0.07+0.1j   0.09+0.09j  0.1 +0.07j
  0.12+0.05j  0.12+0.02j  0.12+0.j    0.12-0.02j  0.12-0.05j  0.1 -0.07j
  0.09-0.09j  0.07-0.1j   0.05-0.12j  0.02-0.12j  0.  -0.12j -0.02-0.12j
 -0.05-0.12j -0.07-0.1j  -0.09-0.09j -0.1 -0.07j -0.12-0.05j -0.12-0.02j
 -0.12+0.j   -0.12+0.02j -0.12+0.05j -0.1 +0.07j -0.09+0.09j -0.07+0.1j
 -0.05+0.12j -0.02+0.12j -0.  +0.12j  0.02+0.12j  0.05+0.12j  0.07+0.1j
  0.09+0.09j  0.1 +0.07j  0.12+0.05j  0.12+0.02j]
	Command being timed: "python3 qft.py 6"
	User time (seconds): 0.77
	System time (seconds): 0.73
	Percent of CPU this job got: 82%
	Elapsed (wall clock) time (h:mm:ss or m:ss): 0:01.83
	Average shared text size (kbytes): 0
	Average unshared data size (kbytes): 0
	Average stack size (kbytes): 0
	Average total size (kbytes): 0
	Maximum resident set size (kbytes): 572588
	Average resident set size (kbytes): 0
	Major (requiring I/O) page faults: 0
	Minor (reclaiming a frame) page faults: 50250
	Voluntary context switches: 1921
	Involuntary context switches: 39
	Swaps: 0
	File system inputs: 0
	File system outputs: 16
	Socket messages sent: 0
	Socket messages received: 0
	Signals delivered: 0
	Page size (bytes): 4096
	Exit status: 0
[ 0.12+0.j   -0.08+0.1j  -0.02-0.12j  0.11+0.06j -0.12+0.05j  0.04-0.12j
  0.07+0.1j  -0.12-0.01j  0.09-0.09j  0.01+0.12j -0.1 -0.07j  0.12-0.04j
 -0.05+0.12j -0.06-0.11j  0.12+0.02j -0.1 +0.08j  0.  -0.12j  0.1 +0.08j
 -0.12+0.02j  0.06-0.11j  0.05+0.12j -0.12-0.04j  0.1 -0.07j -0.01+0.12j
 -0.09-0.09j  0.12-0.01j -0.07+0.1j  -0.04-0.12j  0.12+0.05j -0.11+0.06j
  0.02-0.12j  0.08+0.1j  -0.12+0.j    0.08-0.1j   0.02+0.12j -0.11-0.06j
  0.12-0.05j -0.04+0.12j -0.07-0.1j   0.12+0.01j -0.09+0.09j -0.01-0.12j
  0.1 +0.07j -0.12+0.04j  0.05-0.12j  0.06+0.11j -0.12-0.02j  0.1 -0.08j
 -0.  +0.12j -0.1 -0.08j  0.12-0.02j -0.06+0.11j -0.05-0.12j  0.12+0.04j
 -0.1 +0.07j  0.01-0.12j  0.09+0.09j -0.12+0.01j  0.07-0.1j   0.04+0.12j
 -0.12-0.05j  0.11-0.06j -0.02+0.12j -0.08-0.1j ]
	Command being timed: "python3 qft.py 6"
	User time (seconds): 0.77
	System time (seconds): 0.67
	Percent of CPU this job got: 82%
	Elapsed (wall clock) time (h:mm:ss or m:ss): 0:01.75
	Average shared text size (kbytes): 0
	Average unshared data size (kbytes): 0
	Average stack size (kbytes): 0
	Average total size (kbytes): 0
	Maximum resident set size (kbytes): 571164
	Average resident set size (kbytes): 0
	Major (requiring I/O) page faults: 0
	Minor (reclaiming a frame) page faults: 47759
	Voluntary context switches: 1857
	Involuntary context switches: 39
	Swaps: 0
	File system inputs: 0
	File system outputs: 24
	Socket messages sent: 0
	Socket messages received: 0
	Signals delivered: 0
	Page size (bytes): 4096
	Exit status: 0
[ 0.12+0.j   -0.07-0.1j  -0.05+0.12j  0.12-0.02j -0.09-0.09j -0.02+0.12j
  0.12-0.05j -0.1 -0.07j -0.  +0.12j  0.1 -0.07j -0.12-0.05j  0.02+0.12j
  0.09-0.09j -0.12-0.02j  0.05+0.12j  0.07-0.1j  -0.12+0.j    0.07+0.1j
  0.05-0.12j -0.12+0.02j  0.09+0.09j  0.02-0.12j -0.12+0.05j  0.1 +0.07j
  0.  -0.12j -0.1 +0.07j  0.12+0.05j -0.02-0.12j -0.09+0.09j  0.12+0.02j
 -0.05-0.12j -0.07+0.1j   0.12+0.j   -0.07-0.1j  -0.05+0.12j  0.12-0.02j
 -0.09-0.09j -0.02+0.12j  0.12-0.05j -0.1 -0.07j -0.  +0.12j  0.1 -0.07j
 -0.12-0.05j  0.02+0.12j  0.09-0.09j -0.12-0.02j  0.05+0.12j  0.07-0.1j
 -0.12+0.j    0.07+0.1j   0.05-0.12j -0.12+0.02j  0.09+0.09j  0.02-0.12j
 -0.12+0.05j  0.1 +0.07j  0.  -0.12j -0.1 +0.07j  0.12+0.05j -0.02-0.12j
 -0.09+0.09j  0.12+0.02j -0.05-0.12j -0.07+0.1j ]
	Command being timed: "python3 qft.py 6"
	User time (seconds): 0.76
	System time (seconds): 0.69
	Percent of CPU this job got: 80%
	Elapsed (wall clock) time (h:mm:ss or m:ss): 0:01.80
	Average shared text size (kbytes): 0
	Average unshared data size (kbytes): 0
	Average stack size (kbytes): 0
	Average total size (kbytes): 0
	Maximum resident set size (kbytes): 573500
	Average resident set size (kbytes): 0
	Major (requiring I/O) page faults: 0
	Minor (reclaiming a frame) page faults: 48393
	Voluntary context switches: 2120
	Involuntary context switches: 35
	Swaps: 0
	File system inputs: 0
	File system outputs: 16
	Socket messages sent: 0
	Socket messages received: 0
	Signals delivered: 0
	Page size (bytes): 4096
	Exit status: 0
