Number of qubits:  20
Number of pool operator:  1770
Step:  1
Norm of the gradient:  6.959524420681621
Mixer pool at step 1
['IIIIIIIIIIIIIIIIIIZY']
Number of layers:  1
Result from the step  1
Optmized Energy:  -12.499999999992236
dE= : 12.499999999992236


Step:  2
Norm of the gradient:  6.809791165517224
Mixer pool at step 2
['IIIIIIIIIIIIIIIIIIZY', 'ZIIIY']
Number of layers:  2
Result from the step  2
Optmized Energy:  -12.999999999979075
dE= : 0.49999999998683897


Step:  3
Norm of the gradient:  6.656077165475348
Mixer pool at step 3
['IIIIIIIIIIIIIIIIIIZY', 'ZIIIY', 'IYIIZ']
Number of layers:  3
Result from the step  3
Optmized Energy:  -13.49999999995218
dE= : 0.49999999997310596


Step:  4
Norm of the gradient:  6.653487003915024
Mixer pool at step 4
['IIIIIIIIIIIIIIIIIIZY', 'ZIIIY', 'IYIIZ', 'IIIIIIIIIIYZ']
Number of layers:  4
Result from the step  4
Optmized Energy:  -13.999999999848427
dE= : 0.49999999989624655


Step:  5
Norm of the gradient:  6.496666077180788
Mixer pool at step 5
['IIIIIIIIIIIIIIIIIIZY', 'ZIIIY', 'IYIIZ', 'IIIIIIIIIIYZ', 'IIYIIIIIIZ']
Number of layers:  5
Result from the step  5
Optmized Energy:  -14.499999999981505
dE= : 0.5000000001330775


Step:  6
Norm of the gradient:  6.336549656644931
Mixer pool at step 6
['IIIIIIIIIIIIIIIIIIZY', 'ZIIIY', 'IYIIZ', 'IIIIIIIIIIYZ', 'IIYIIIIIIZ', 'IIIYIIIIZ']
Number of layers:  6
Result from the step  6
Optmized Energy:  -14.999999999987999
dE= : 0.5000000000064944


Step:  7
Norm of the gradient:  5.391339748205395
Mixer pool at step 7
['IIIIIIIIIIIIIIIIIIZY', 'ZIIIY', 'IYIIZ', 'IIIIIIIIIIYZ', 'IIYIIIIIIZ', 'IIIYIIIIZ', 'IIZIIIIY']
Number of layers:  7
Result from the step  7
Optmized Energy:  -15.49999999997903
dE= : 0.4999999999910312


Step:  8
Norm of the gradient:  5.005503473423625
Mixer pool at step 8
['IIIIIIIIIIIIIIIIIIZY', 'ZIIIY', 'IYIIZ', 'IIIIIIIIIIYZ', 'IIYIIIIIIZ', 'IIIYIIIIZ', 'IIZIIIIY', 'IIIIIIIIIIIIIIIIZY']
Number of layers:  8
Result from the step  8
Optmized Energy:  -15.999999999983284
dE= : 0.5000000000042544


Step:  9
Norm of the gradient:  4.586076004532554
Mixer pool at step 9
['IIIIIIIIIIIIIIIIIIZY', 'ZIIIY', 'IYIIZ', 'IIIIIIIIIIYZ', 'IIYIIIIIIZ', 'IIIYIIIIZ', 'IIZIIIIY', 'IIIIIIIIIIIIIIIIZY', 'IIIIIYZ']
Number of layers:  9
Result from the step  9
Optmized Energy:  -16.49999999993669
dE= : 0.49999999995340616


Step:  10
Norm of the gradient:  3.7438341194007316
Mixer pool at step 10
['IIIIIIIIIIIIIIIIIIZY', 'ZIIIY', 'IYIIZ', 'IIIIIIIIIIYZ', 'IIYIIIIIIZ', 'IIIYIIIIZ', 'IIZIIIIY', 'IIIIIIIIIIIIIIIIZY', 'IIIIIYZ', 'IIIIIIIIIIIIIIZY']
Number of layers:  10
Result from the step  10
Optmized Energy:  -16.999999999942123
dE= : 0.5000000000054321


Step:  11
Norm of the gradient:  3.163542042826048
Mixer pool at step 11
['IIIIIIIIIIIIIIIIIIZY', 'ZIIIY', 'IYIIZ', 'IIIIIIIIIIYZ', 'IIYIIIIIIZ', 'IIIYIIIIZ', 'IIZIIIIY', 'IIIIIIIIIIIIIIIIZY', 'IIIIIYZ', 'IIIIIIIIIIIIIIZY', 'IIIIIIIIIIZIIY']
Number of layers:  11
Result from the step  11
Optmized Energy:  -17.499999999950056
dE= : 0.5000000000079332


Step:  12
Norm of the gradient:  3.7419643590348737
Mixer pool at step 12
['IIIIIIIIIIIIIIIIIIZY', 'ZIIIY', 'IYIIZ', 'IIIIIIIIIIYZ', 'IIYIIIIIIZ', 'IIIYIIIIZ', 'IIZIIIIY', 'IIIIIIIIIIIIIIIIZY', 'IIIIIYZ', 'IIIIIIIIIIIIIIZY', 'IIIIIIIIIIZIIY', 'IIIIIIIIIIIIYZ']
Number of layers:  12
Result from the step  12
Optmized Energy:  -18.49999999996617
dE= : 1.000000000016115


Step:  13
Norm of the gradient:  0.09589003011137803
Mixer pool at step 13
['IIIIIIIIIIIIIIIIIIZY', 'ZIIIY', 'IYIIZ', 'IIIIIIIIIIYZ', 'IIYIIIIIIZ', 'IIIYIIIIZ', 'IIZIIIIY', 'IIIIIIIIIIIIIIIIZY', 'IIIIIYZ', 'IIIIIIIIIIIIIIZY', 'IIIIIIIIIIZIIY', 'IIIIIIIIIIIIYZ', 'IIIXIIIIX']
Number of layers:  13
Result from the step  13
Optmized Energy:  -19.400356215087896
dE= : 0.9003562151217253


Step:  14
Norm of the gradient:  1.7728491506663195
Mixer pool at step 14
['IIIIIIIIIIIIIIIIIIZY', 'ZIIIY', 'IYIIZ', 'IIIIIIIIIIYZ', 'IIYIIIIIIZ', 'IIIYIIIIZ', 'IIZIIIIY', 'IIIIIIIIIIIIIIIIZY', 'IIIIIYZ', 'IIIIIIIIIIIIIIZY', 'IIIIIIIIIIZIIY', 'IIIIIIIIIIIIYZ', 'IIIXIIIIX', 'IIIIIIIIIIIIIIIIYY']
Number of layers:  14
Result from the step  14
Optmized Energy:  -19.90035621496777
dE= : 0.4999999998798721


Step:  15
Norm of the gradient:  1.490741989860894
Mixer pool at step 15
['IIIIIIIIIIIIIIIIIIZY', 'ZIIIY', 'IYIIZ', 'IIIIIIIIIIYZ', 'IIYIIIIIIZ', 'IIIYIIIIZ', 'IIZIIIIY', 'IIIIIIIIIIIIIIIIZY', 'IIIIIYZ', 'IIIIIIIIIIIIIIZY', 'IIIIIIIIIIZIIY', 'IIIIIIIIIIIIYZ', 'IIIXIIIIX', 'IIIIIIIIIIIIIIIIYY', 'IIIIIXX']
Number of layers:  15
Result from the step  15
Optmized Energy:  -20.427752450372143
dE= : 0.5273962354043746


Step:  16
Norm of the gradient:  0.7666896875625807
Mixer pool at step 16
['IIIIIIIIIIIIIIIIIIZY', 'ZIIIY', 'IYIIZ', 'IIIIIIIIIIYZ', 'IIYIIIIIIZ', 'IIIYIIIIZ', 'IIZIIIIY', 'IIIIIIIIIIIIIIIIZY', 'IIIIIYZ', 'IIIIIIIIIIIIIIZY', 'IIIIIIIIIIZIIY', 'IIIIIIIIIIIIYZ', 'IIIXIIIIX', 'IIIIIIIIIIIIIIIIYY', 'IIIIIXX', 'IIIIIIYIZ']
Number of layers:  16
Result from the step  16
Optmized Energy:  -20.433384475514956
dE= : 0.00563202514281258


Step:  17
Norm of the gradient:  0.8287792251872768
Mixer pool at step 17
['IIIIIIIIIIIIIIIIIIZY', 'ZIIIY', 'IYIIZ', 'IIIIIIIIIIYZ', 'IIYIIIIIIZ', 'IIIYIIIIZ', 'IIZIIIIY', 'IIIIIIIIIIIIIIIIZY', 'IIIIIYZ', 'IIIIIIIIIIIIIIZY', 'IIIIIIIIIIZIIY', 'IIIIIIIIIIIIYZ', 'IIIXIIIIX', 'IIIIIIIIIIIIIIIIYY', 'IIIIIXX', 'IIIIIIYIZ', 'IIIIIIIIIIIIIIXX']
Number of layers:  17
Result from the step  17
Optmized Energy:  -20.68670885368581
dE= : 0.2533243781708556


Step:  18
Norm of the gradient:  1.4075865576399513
Mixer pool at step 18
['IIIIIIIIIIIIIIIIIIZY', 'ZIIIY', 'IYIIZ', 'IIIIIIIIIIYZ', 'IIYIIIIIIZ', 'IIIYIIIIZ', 'IIZIIIIY', 'IIIIIIIIIIIIIIIIZY', 'IIIIIYZ', 'IIIIIIIIIIIIIIZY', 'IIIIIIIIIIZIIY', 'IIIIIIIIIIIIYZ', 'IIIXIIIIX', 'IIIIIIIIIIIIIIIIYY', 'IIIIIXX', 'IIIIIIYIZ', 'IIIIIIIIIIIIIIXX', 'IIIIIIIIIIIIIIIIIIXX']
Number of layers:  18
Result from the step  18
Optmized Energy:  -20.933384466359723
dE= : 0.24667561267391136


Step:  19
Norm of the gradient:  0.3578797491604322
Mixer pool at step 19
['IIIIIIIIIIIIIIIIIIZY', 'ZIIIY', 'IYIIZ', 'IIIIIIIIIIYZ', 'IIYIIIIIIZ', 'IIIYIIIIZ', 'IIZIIIIY', 'IIIIIIIIIIIIIIIIZY', 'IIIIIYZ', 'IIIIIIIIIIIIIIZY', 'IIIIIIIIIIZIIY', 'IIIIIIIIIIIIYZ', 'IIIXIIIIX', 'IIIIIIIIIIIIIIIIYY', 'IIIIIXX', 'IIIIIIYIZ', 'IIIIIIIIIIIIIIXX', 'IIIIIIIIIIIIIIIIIIXX', 'IIIIIX']
Number of layers:  19
Result from the step  19
Optmized Energy:  -20.99999999965912
dE= : 0.06661553329939807


Step:  20
Norm of the gradient:  6.160885615739694e-05

 Final Result:  

Final mixer_pool:  ['IIIIIIIIIIIIIIIIIIZY', 'ZIIIY', 'IYIIZ', 'IIIIIIIIIIYZ', 'IIYIIIIIIZ', 'IIIYIIIIZ', 'IIZIIIIY', 'IIIIIIIIIIIIIIIIZY', 'IIIIIYZ', 'IIIIIIIIIIIIIIZY', 'IIIIIIIIIIZIIY', 'IIIIIIIIIIIIYZ', 'IIIXIIIIX', 'IIIIIIIIIIIIIIIIYY', 'IIIIIXX', 'IIIIIIYIZ', 'IIIIIIIIIIIIIIXX', 'IIIIIIIIIIIIIIIIIIXX', 'IIIIIX']
Number of layers:  19
Number of mixer pool in each layer:  [1, 1, 1, 1, 1, 1, 1, 1, 1, 1, 1, 1, 1, 1, 1, 1, 1, 1, 1]
Final Energy:  -20.99999999965912

 Sampling the Final ADAPT QAOA circuit 

The most probable max cut:  11010101011010010101
All bitstring from circuit sampling:  { 00001011110101010101:65 00001011110101101010:79 00001011111010010101:68 00001011111010101010:72 00011011010101010101:22 00011011010101101010:30 00011011011010010101:25 00011011011010101010:22 00011101010101010101:166 00011101010101101010:184 00011101011010010101:203 00011101011010101010:163 00011111010101010101:33 00011111010101101010:21 00011111011010010101:36 00011111011010101010:31 00101010100101010101:311 00101010100101101010:303 00101010101010010101:294 00101010101010101010:329 11010101010101010101:296 11010101010101101010:315 11010101011010010101:337 11010101011010101010:316 11100000100101010101:27 11100000100101101010:29 11100000101010010101:26 11100000101010101010:37 11100010100101010101:170 11100010100101101010:178 11100010101010010101:185 11100010101010101010:179 11100100100101010101:38 11100100100101101010:30 11100100101010010101:29 11100100101010101010:34 11110100000101010101:77 11110100000101101010:86 11110100001010010101:75 11110100001010101010:79 }

CUDA-Q Version 0.10.0 (https://github.com/NVIDIA/cuda-quantum f24f4f78673e0bc330fec90a88251321432be970)
GPU: A100
	Command being timed: "python3 QAOA.py 20"
	User time (seconds): 872.87
	System time (seconds): 19.81
	Percent of CPU this job got: 99%
	Elapsed (wall clock) time (h:mm:ss or m:ss): 14:56.44
	Average shared text size (kbytes): 0
	Average unshared data size (kbytes): 0
	Average stack size (kbytes): 0
	Average total size (kbytes): 0
	Maximum resident set size (kbytes): 1017792
	Average resident set size (kbytes): 0
	Major (requiring I/O) page faults: 0
	Minor (reclaiming a frame) page faults: 1759213
	Voluntary context switches: 20797
	Involuntary context switches: 11892
	Swaps: 0
	File system inputs: 0
	File system outputs: 32
	Socket messages sent: 0
	Socket messages received: 0
	Signals delivered: 0
	Page size (bytes): 4096
	Exit status: 0
Number of qubits:  20
Number of pool operator:  1770
Step:  1
Norm of the gradient:  6.959524420681621
Mixer pool at step 1
['IIIIIIIIIIIIIIIIIIZY']
Number of layers:  1
Result from the step  1
Optmized Energy:  -12.499999999992236
dE= : 12.499999999992236


Step:  2
Norm of the gradient:  6.809791165517224
Mixer pool at step 2
['IIIIIIIIIIIIIIIIIIZY', 'ZIIIY']
Number of layers:  2
Result from the step  2
Optmized Energy:  -12.999999999979075
dE= : 0.49999999998683897


Step:  3
Norm of the gradient:  6.656077165475348
Mixer pool at step 3
['IIIIIIIIIIIIIIIIIIZY', 'ZIIIY', 'IYIIZ']
Number of layers:  3
Result from the step  3
Optmized Energy:  -13.49999999995218
dE= : 0.49999999997310596


Step:  4
Norm of the gradient:  6.653487003915024
Mixer pool at step 4
['IIIIIIIIIIIIIIIIIIZY', 'ZIIIY', 'IYIIZ', 'IIIIIIIIIIYZ']
Number of layers:  4
Result from the step  4
Optmized Energy:  -13.999999999848427
dE= : 0.49999999989624655


Step:  5
Norm of the gradient:  6.496666077180788
Mixer pool at step 5
['IIIIIIIIIIIIIIIIIIZY', 'ZIIIY', 'IYIIZ', 'IIIIIIIIIIYZ', 'IIYIIIIIIZ']
Number of layers:  5
Result from the step  5
Optmized Energy:  -14.499999999981505
dE= : 0.5000000001330775


Step:  6
Norm of the gradient:  6.336549656644931
Mixer pool at step 6
['IIIIIIIIIIIIIIIIIIZY', 'ZIIIY', 'IYIIZ', 'IIIIIIIIIIYZ', 'IIYIIIIIIZ', 'IIIYIIIIZ']
Number of layers:  6
Result from the step  6
Optmized Energy:  -14.999999999987999
dE= : 0.5000000000064944


Step:  7
Norm of the gradient:  5.391339748205395
Mixer pool at step 7
['IIIIIIIIIIIIIIIIIIZY', 'ZIIIY', 'IYIIZ', 'IIIIIIIIIIYZ', 'IIYIIIIIIZ', 'IIIYIIIIZ', 'IIZIIIIY']
Number of layers:  7
Result from the step  7
Optmized Energy:  -15.49999999997903
dE= : 0.4999999999910312


Step:  8
Norm of the gradient:  5.005503473423625
Mixer pool at step 8
['IIIIIIIIIIIIIIIIIIZY', 'ZIIIY', 'IYIIZ', 'IIIIIIIIIIYZ', 'IIYIIIIIIZ', 'IIIYIIIIZ', 'IIZIIIIY', 'IIIIIIIIIIIIIIIIZY']
Number of layers:  8
Result from the step  8
Optmized Energy:  -15.999999999983284
dE= : 0.5000000000042544


Step:  9
Norm of the gradient:  4.586076004532554
Mixer pool at step 9
['IIIIIIIIIIIIIIIIIIZY', 'ZIIIY', 'IYIIZ', 'IIIIIIIIIIYZ', 'IIYIIIIIIZ', 'IIIYIIIIZ', 'IIZIIIIY', 'IIIIIIIIIIIIIIIIZY', 'IIIIIYZ']
Number of layers:  9
Result from the step  9
Optmized Energy:  -16.49999999993669
dE= : 0.49999999995340616


Step:  10
Norm of the gradient:  3.7438341194007316
Mixer pool at step 10
['IIIIIIIIIIIIIIIIIIZY', 'ZIIIY', 'IYIIZ', 'IIIIIIIIIIYZ', 'IIYIIIIIIZ', 'IIIYIIIIZ', 'IIZIIIIY', 'IIIIIIIIIIIIIIIIZY', 'IIIIIYZ', 'IIIIIIIIIIIIIIZY']
Number of layers:  10
Result from the step  10
Optmized Energy:  -16.999999999942123
dE= : 0.5000000000054321


Step:  11
Norm of the gradient:  3.163542042826048
Mixer pool at step 11
['IIIIIIIIIIIIIIIIIIZY', 'ZIIIY', 'IYIIZ', 'IIIIIIIIIIYZ', 'IIYIIIIIIZ', 'IIIYIIIIZ', 'IIZIIIIY', 'IIIIIIIIIIIIIIIIZY', 'IIIIIYZ', 'IIIIIIIIIIIIIIZY', 'IIIIIIIIIIZIIY']
Number of layers:  11
Result from the step  11
Optmized Energy:  -17.499999999950056
dE= : 0.5000000000079332


Step:  12
Norm of the gradient:  3.7419643590348737
Mixer pool at step 12
['IIIIIIIIIIIIIIIIIIZY', 'ZIIIY', 'IYIIZ', 'IIIIIIIIIIYZ', 'IIYIIIIIIZ', 'IIIYIIIIZ', 'IIZIIIIY', 'IIIIIIIIIIIIIIIIZY', 'IIIIIYZ', 'IIIIIIIIIIIIIIZY', 'IIIIIIIIIIZIIY', 'IIIIIIIIIIIIYZ']
Number of layers:  12
Result from the step  12
Optmized Energy:  -18.49999999996617
dE= : 1.000000000016115


Step:  13
Norm of the gradient:  0.09589003011137803
Mixer pool at step 13
['IIIIIIIIIIIIIIIIIIZY', 'ZIIIY', 'IYIIZ', 'IIIIIIIIIIYZ', 'IIYIIIIIIZ', 'IIIYIIIIZ', 'IIZIIIIY', 'IIIIIIIIIIIIIIIIZY', 'IIIIIYZ', 'IIIIIIIIIIIIIIZY', 'IIIIIIIIIIZIIY', 'IIIIIIIIIIIIYZ', 'IIIXIIIIX']
Number of layers:  13
Result from the step  13
Optmized Energy:  -19.400356215087896
dE= : 0.9003562151217253


Step:  14
Norm of the gradient:  1.7728491506663195
Mixer pool at step 14
['IIIIIIIIIIIIIIIIIIZY', 'ZIIIY', 'IYIIZ', 'IIIIIIIIIIYZ', 'IIYIIIIIIZ', 'IIIYIIIIZ', 'IIZIIIIY', 'IIIIIIIIIIIIIIIIZY', 'IIIIIYZ', 'IIIIIIIIIIIIIIZY', 'IIIIIIIIIIZIIY', 'IIIIIIIIIIIIYZ', 'IIIXIIIIX', 'IIIIIIIIIIIIIIIIYY']
Number of layers:  14
Result from the step  14
Optmized Energy:  -19.90035621496777
dE= : 0.4999999998798721


Step:  15
Norm of the gradient:  1.490741989860894
Mixer pool at step 15
['IIIIIIIIIIIIIIIIIIZY', 'ZIIIY', 'IYIIZ', 'IIIIIIIIIIYZ', 'IIYIIIIIIZ', 'IIIYIIIIZ', 'IIZIIIIY', 'IIIIIIIIIIIIIIIIZY', 'IIIIIYZ', 'IIIIIIIIIIIIIIZY', 'IIIIIIIIIIZIIY', 'IIIIIIIIIIIIYZ', 'IIIXIIIIX', 'IIIIIIIIIIIIIIIIYY', 'IIIIIXX']
Number of layers:  15
Result from the step  15
Optmized Energy:  -20.427752450372143
dE= : 0.5273962354043746


Step:  16
Norm of the gradient:  0.7666896875625807
Mixer pool at step 16
['IIIIIIIIIIIIIIIIIIZY', 'ZIIIY', 'IYIIZ', 'IIIIIIIIIIYZ', 'IIYIIIIIIZ', 'IIIYIIIIZ', 'IIZIIIIY', 'IIIIIIIIIIIIIIIIZY', 'IIIIIYZ', 'IIIIIIIIIIIIIIZY', 'IIIIIIIIIIZIIY', 'IIIIIIIIIIIIYZ', 'IIIXIIIIX', 'IIIIIIIIIIIIIIIIYY', 'IIIIIXX', 'IIIIIIYIZ']
Number of layers:  16
Result from the step  16
Optmized Energy:  -20.433384475514956
dE= : 0.00563202514281258


Step:  17
Norm of the gradient:  0.8287792251872768
Mixer pool at step 17
['IIIIIIIIIIIIIIIIIIZY', 'ZIIIY', 'IYIIZ', 'IIIIIIIIIIYZ', 'IIYIIIIIIZ', 'IIIYIIIIZ', 'IIZIIIIY', 'IIIIIIIIIIIIIIIIZY', 'IIIIIYZ', 'IIIIIIIIIIIIIIZY', 'IIIIIIIIIIZIIY', 'IIIIIIIIIIIIYZ', 'IIIXIIIIX', 'IIIIIIIIIIIIIIIIYY', 'IIIIIXX', 'IIIIIIYIZ', 'IIIIIIIIIIIIIIXX']
Number of layers:  17
Result from the step  17
Optmized Energy:  -20.68670885368581
dE= : 0.2533243781708556


Step:  18
Norm of the gradient:  1.4075865576399513
Mixer pool at step 18
['IIIIIIIIIIIIIIIIIIZY', 'ZIIIY', 'IYIIZ', 'IIIIIIIIIIYZ', 'IIYIIIIIIZ', 'IIIYIIIIZ', 'IIZIIIIY', 'IIIIIIIIIIIIIIIIZY', 'IIIIIYZ', 'IIIIIIIIIIIIIIZY', 'IIIIIIIIIIZIIY', 'IIIIIIIIIIIIYZ', 'IIIXIIIIX', 'IIIIIIIIIIIIIIIIYY', 'IIIIIXX', 'IIIIIIYIZ', 'IIIIIIIIIIIIIIXX', 'IIIIIIIIIIIIIIIIIIXX']
Number of layers:  18
Result from the step  18
Optmized Energy:  -20.933384466359723
dE= : 0.24667561267391136


Step:  19
Norm of the gradient:  0.3578797491604322
Mixer pool at step 19
['IIIIIIIIIIIIIIIIIIZY', 'ZIIIY', 'IYIIZ', 'IIIIIIIIIIYZ', 'IIYIIIIIIZ', 'IIIYIIIIZ', 'IIZIIIIY', 'IIIIIIIIIIIIIIIIZY', 'IIIIIYZ', 'IIIIIIIIIIIIIIZY', 'IIIIIIIIIIZIIY', 'IIIIIIIIIIIIYZ', 'IIIXIIIIX', 'IIIIIIIIIIIIIIIIYY', 'IIIIIXX', 'IIIIIIYIZ', 'IIIIIIIIIIIIIIXX', 'IIIIIIIIIIIIIIIIIIXX', 'IIIIIX']
Number of layers:  19
Result from the step  19
Optmized Energy:  -20.99999999965912
dE= : 0.06661553329939807


Step:  20
Norm of the gradient:  6.160885615739694e-05

 Final Result:  

Final mixer_pool:  ['IIIIIIIIIIIIIIIIIIZY', 'ZIIIY', 'IYIIZ', 'IIIIIIIIIIYZ', 'IIYIIIIIIZ', 'IIIYIIIIZ', 'IIZIIIIY', 'IIIIIIIIIIIIIIIIZY', 'IIIIIYZ', 'IIIIIIIIIIIIIIZY', 'IIIIIIIIIIZIIY', 'IIIIIIIIIIIIYZ', 'IIIXIIIIX', 'IIIIIIIIIIIIIIIIYY', 'IIIIIXX', 'IIIIIIYIZ', 'IIIIIIIIIIIIIIXX', 'IIIIIIIIIIIIIIIIIIXX', 'IIIIIX']
Number of layers:  19
Number of mixer pool in each layer:  [1, 1, 1, 1, 1, 1, 1, 1, 1, 1, 1, 1, 1, 1, 1, 1, 1, 1, 1]
Final Energy:  -20.99999999965912

 Sampling the Final ADAPT QAOA circuit 

The most probable max cut:  11010101010101101010
All bitstring from circuit sampling:  { 00001011110101010101:88 00001011110101101010:84 00001011111010010101:72 00001011111010101010:85 00011011010101010101:23 00011011010101101010:22 00011011011010010101:19 00011011011010101010:29 00011101010101010101:182 00011101010101101010:183 00011101011010010101:173 00011101011010101010:154 00011111010101010101:33 00011111010101101010:26 00011111011010010101:32 00011111011010101010:25 00101010100101010101:312 00101010100101101010:305 00101010101010010101:276 00101010101010101010:316 11010101010101010101:352 11010101010101101010:353 11010101011010010101:324 11010101011010101010:332 11100000100101010101:28 11100000100101101010:27 11100000101010010101:19 11100000101010101010:25 11100010100101010101:175 11100010100101101010:165 11100010101010010101:171 11100010101010101010:162 11100100100101010101:35 11100100100101101010:26 11100100101010010101:30 11100100101010101010:31 11110100000101010101:73 11110100000101101010:87 11110100001010010101:71 11110100001010101010:75 }

CUDA-Q Version 0.10.0 (https://github.com/NVIDIA/cuda-quantum f24f4f78673e0bc330fec90a88251321432be970)
GPU: A100
	Command being timed: "python3 QAOA.py 20"
	User time (seconds): 865.38
	System time (seconds): 18.33
	Percent of CPU this job got: 99%
	Elapsed (wall clock) time (h:mm:ss or m:ss): 14:47.84
	Average shared text size (kbytes): 0
	Average unshared data size (kbytes): 0
	Average stack size (kbytes): 0
	Average total size (kbytes): 0
	Maximum resident set size (kbytes): 1017540
	Average resident set size (kbytes): 0
	Major (requiring I/O) page faults: 1
	Minor (reclaiming a frame) page faults: 1373241
	Voluntary context switches: 17299
	Involuntary context switches: 11773
	Swaps: 0
	File system inputs: 688
	File system outputs: 32
	Socket messages sent: 0
	Socket messages received: 0
	Signals delivered: 0
	Page size (bytes): 4096
	Exit status: 0
