WARNING: overwriting environment variables set in the machine
overwriting variable ['LD_LIBRARY_PATH']
[ 0.02+0.j   -0.01-0.02j -0.  +0.02j ...  0.02+0.01j -0.  -0.02j
 -0.01+0.02j]
	Command being timed: "python3 qft.py 11"
	User time (seconds): 0.80
	System time (seconds): 0.86
	Percent of CPU this job got: 71%
	Elapsed (wall clock) time (h:mm:ss or m:ss): 0:02.33
	Average shared text size (kbytes): 0
	Average unshared data size (kbytes): 0
	Average stack size (kbytes): 0
	Average total size (kbytes): 0
	Maximum resident set size (kbytes): 577180
	Average resident set size (kbytes): 0
	Major (requiring I/O) page faults: 0
	Minor (reclaiming a frame) page faults: 62994
	Voluntary context switches: 3699
	Involuntary context switches: 38
	Swaps: 0
	File system inputs: 0
	File system outputs: 16
	Socket messages sent: 0
	Socket messages received: 0
	Signals delivered: 0
	Page size (bytes): 4096
	Exit status: 0
[0.02+0.j   0.02+0.j   0.02+0.01j ... 0.02-0.01j 0.02-0.01j 0.02-0.j  ]
	Command being timed: "python3 qft.py 11"
	User time (seconds): 0.78
	System time (seconds): 0.72
	Percent of CPU this job got: 78%
	Elapsed (wall clock) time (h:mm:ss or m:ss): 0:01.91
	Average shared text size (kbytes): 0
	Average unshared data size (kbytes): 0
	Average stack size (kbytes): 0
	Average total size (kbytes): 0
	Maximum resident set size (kbytes): 578772
	Average resident set size (kbytes): 0
	Major (requiring I/O) page faults: 0
	Minor (reclaiming a frame) page faults: 51678
	Voluntary context switches: 2129
	Involuntary context switches: 31
	Swaps: 0
	File system inputs: 0
	File system outputs: 16
	Socket messages sent: 0
	Socket messages received: 0
	Signals delivered: 0
	Page size (bytes): 4096
	Exit status: 0
[ 0.02+0.j   -0.02+0.01j  0.02-0.02j ... -0.01-0.02j  0.02+0.02j
 -0.02-0.01j]
	Command being timed: "python3 qft.py 11"
	User time (seconds): 0.78
	System time (seconds): 0.70
	Percent of CPU this job got: 79%
	Elapsed (wall clock) time (h:mm:ss or m:ss): 0:01.87
	Average shared text size (kbytes): 0
	Average unshared data size (kbytes): 0
	Average stack size (kbytes): 0
	Average total size (kbytes): 0
	Maximum resident set size (kbytes): 578900
	Average resident set size (kbytes): 0
	Major (requiring I/O) page faults: 0
	Minor (reclaiming a frame) page faults: 49198
	Voluntary context switches: 2097
	Involuntary context switches: 40
	Swaps: 0
	File system inputs: 0
	File system outputs: 16
	Socket messages sent: 0
	Socket messages received: 0
	Signals delivered: 0
	Page size (bytes): 4096
	Exit status: 0
[0.02+0.j   0.02-0.01j 0.02-0.01j ... 0.01+0.02j 0.02+0.01j 0.02+0.01j]
	Command being timed: "python3 qft.py 11"
	User time (seconds): 0.76
	System time (seconds): 0.70
	Percent of CPU this job got: 83%
	Elapsed (wall clock) time (h:mm:ss or m:ss): 0:01.77
	Average shared text size (kbytes): 0
	Average unshared data size (kbytes): 0
	Average stack size (kbytes): 0
	Average total size (kbytes): 0
	Maximum resident set size (kbytes): 575848
	Average resident set size (kbytes): 0
	Major (requiring I/O) page faults: 0
	Minor (reclaiming a frame) page faults: 48533
	Voluntary context switches: 2023
	Involuntary context switches: 34
	Swaps: 0
	File system inputs: 0
	File system outputs: 16
	Socket messages sent: 0
	Socket messages received: 0
	Signals delivered: 0
	Page size (bytes): 4096
	Exit status: 0
[ 0.02+0.j    0.  -0.02j -0.02-0.01j ... -0.01-0.02j -0.02+0.01j
  0.  +0.02j]
	Command being timed: "python3 qft.py 11"
	User time (seconds): 0.77
	System time (seconds): 0.67
	Percent of CPU this job got: 82%
	Elapsed (wall clock) time (h:mm:ss or m:ss): 0:01.74
	Average shared text size (kbytes): 0
	Average unshared data size (kbytes): 0
	Average stack size (kbytes): 0
	Average total size (kbytes): 0
	Maximum resident set size (kbytes): 573568
	Average resident set size (kbytes): 0
	Major (requiring I/O) page faults: 0
	Minor (reclaiming a frame) page faults: 48038
	Voluntary context switches: 1861
	Involuntary context switches: 33
	Swaps: 0
	File system inputs: 0
	File system outputs: 16
	Socket messages sent: 0
	Socket messages received: 0
	Signals delivered: 0
	Page size (bytes): 4096
	Exit status: 0
[ 0.02+0.j   -0.  +0.02j -0.02-0.01j ...  0.01+0.02j -0.02+0.01j
 -0.  -0.02j]
	Command being timed: "python3 qft.py 11"
	User time (seconds): 0.76
	System time (seconds): 0.67
	Percent of CPU this job got: 83%
	Elapsed (wall clock) time (h:mm:ss or m:ss): 0:01.71
	Average shared text size (kbytes): 0
	Average unshared data size (kbytes): 0
	Average stack size (kbytes): 0
	Average total size (kbytes): 0
	Maximum resident set size (kbytes): 578256
	Average resident set size (kbytes): 0
	Major (requiring I/O) page faults: 0
	Minor (reclaiming a frame) page faults: 49441
	Voluntary context switches: 1862
	Involuntary context switches: 37
	Swaps: 0
	File system inputs: 0
	File system outputs: 16
	Socket messages sent: 0
	Socket messages received: 0
	Signals delivered: 0
	Page size (bytes): 4096
	Exit status: 0
[ 0.02+0.j    0.  -0.02j -0.02-0.j   ... -0.  -0.02j -0.02+0.j
  0.  +0.02j]
	Command being timed: "python3 qft.py 11"
	User time (seconds): 0.77
	System time (seconds): 0.66
	Percent of CPU this job got: 82%
	Elapsed (wall clock) time (h:mm:ss or m:ss): 0:01.73
	Average shared text size (kbytes): 0
	Average unshared data size (kbytes): 0
	Average stack size (kbytes): 0
	Average total size (kbytes): 0
	Maximum resident set size (kbytes): 577828
	Average resident set size (kbytes): 0
	Major (requiring I/O) page faults: 0
	Minor (reclaiming a frame) page faults: 49228
	Voluntary context switches: 1862
	Involuntary context switches: 38
	Swaps: 0
	File system inputs: 0
	File system outputs: 16
	Socket messages sent: 0
	Socket messages received: 0
	Signals delivered: 0
	Page size (bytes): 4096
	Exit status: 0
[ 0.02+0.j    0.01-0.02j -0.02-0.01j ... -0.02-0.01j -0.02+0.01j
  0.01+0.02j]
	Command being timed: "python3 qft.py 11"
	User time (seconds): 0.78
	System time (seconds): 0.67
	Percent of CPU this job got: 80%
	Elapsed (wall clock) time (h:mm:ss or m:ss): 0:01.80
	Average shared text size (kbytes): 0
	Average unshared data size (kbytes): 0
	Average stack size (kbytes): 0
	Average total size (kbytes): 0
	Maximum resident set size (kbytes): 579700
	Average resident set size (kbytes): 0
	Major (requiring I/O) page faults: 0
	Minor (reclaiming a frame) page faults: 50607
	Voluntary context switches: 1875
	Involuntary context switches: 38
	Swaps: 0
	File system inputs: 0
	File system outputs: 16
	Socket messages sent: 0
	Socket messages received: 0
	Signals delivered: 0
	Page size (bytes): 4096
	Exit status: 0
[ 0.02+0.j   -0.01-0.02j -0.01+0.02j ...  0.02-0.01j -0.01-0.02j
 -0.01+0.02j]
	Command being timed: "python3 qft.py 11"
	User time (seconds): 0.78
	System time (seconds): 0.66
	Percent of CPU this job got: 82%
	Elapsed (wall clock) time (h:mm:ss or m:ss): 0:01.76
	Average shared text size (kbytes): 0
	Average unshared data size (kbytes): 0
	Average stack size (kbytes): 0
	Average total size (kbytes): 0
	Maximum resident set size (kbytes): 577296
	Average resident set size (kbytes): 0
	Major (requiring I/O) page faults: 0
	Minor (reclaiming a frame) page faults: 49724
	Voluntary context switches: 1872
	Involuntary context switches: 54
	Swaps: 0
	File system inputs: 0
	File system outputs: 16
	Socket messages sent: 0
	Socket messages received: 0
	Signals delivered: 0
	Page size (bytes): 4096
	Exit status: 0
[ 0.02+0.j    0.01+0.02j -0.  +0.02j ... -0.02-0.01j -0.  -0.02j
  0.01-0.02j]
	Command being timed: "python3 qft.py 11"
	User time (seconds): 0.77
	System time (seconds): 0.71
	Percent of CPU this job got: 81%
	Elapsed (wall clock) time (h:mm:ss or m:ss): 0:01.81
	Average shared text size (kbytes): 0
	Average unshared data size (kbytes): 0
	Average stack size (kbytes): 0
	Average total size (kbytes): 0
	Maximum resident set size (kbytes): 577568
	Average resident set size (kbytes): 0
	Major (requiring I/O) page faults: 0
	Minor (reclaiming a frame) page faults: 50930
	Voluntary context switches: 1920
	Involuntary context switches: 36
	Swaps: 0
	File system inputs: 0
	File system outputs: 16
	Socket messages sent: 0
	Socket messages received: 0
	Signals delivered: 0
	Page size (bytes): 4096
	Exit status: 0
