WARNING: overwriting environment variables set in the machine
overwriting variable ['LD_LIBRARY_PATH']
[ 0.03+0.j   -0.  -0.03j -0.03+0.01j ...  0.01-0.03j -0.03-0.01j
 -0.  +0.03j]
	Command being timed: "python3 qft.py 10"
	User time (seconds): 0.80
	System time (seconds): 0.76
	Percent of CPU this job got: 71%
	Elapsed (wall clock) time (h:mm:ss or m:ss): 0:02.19
	Average shared text size (kbytes): 0
	Average unshared data size (kbytes): 0
	Average stack size (kbytes): 0
	Average total size (kbytes): 0
	Maximum resident set size (kbytes): 579912
	Average resident set size (kbytes): 0
	Major (requiring I/O) page faults: 0
	Minor (reclaiming a frame) page faults: 61788
	Voluntary context switches: 3627
	Involuntary context switches: 43
	Swaps: 0
	File system inputs: 0
	File system outputs: 16
	Socket messages sent: 0
	Socket messages received: 0
	Signals delivered: 0
	Page size (bytes): 4096
	Exit status: 0
[ 0.03+0.j   -0.02+0.02j -0.  -0.03j ...  0.03-0.02j -0.  +0.03j
 -0.02-0.02j]
	Command being timed: "python3 qft.py 10"
	User time (seconds): 0.77
	System time (seconds): 0.70
	Percent of CPU this job got: 83%
	Elapsed (wall clock) time (h:mm:ss or m:ss): 0:01.78
	Average shared text size (kbytes): 0
	Average unshared data size (kbytes): 0
	Average stack size (kbytes): 0
	Average total size (kbytes): 0
	Maximum resident set size (kbytes): 578004
	Average resident set size (kbytes): 0
	Major (requiring I/O) page faults: 0
	Minor (reclaiming a frame) page faults: 48536
	Voluntary context switches: 1856
	Involuntary context switches: 38
	Swaps: 0
	File system inputs: 0
	File system outputs: 16
	Socket messages sent: 0
	Socket messages received: 0
	Signals delivered: 0
	Page size (bytes): 4096
	Exit status: 0
[ 0.03+0.j   -0.03+0.01j  0.02-0.03j ... -0.  -0.03j  0.02+0.03j
 -0.03-0.01j]
	Command being timed: "python3 qft.py 10"
	User time (seconds): 0.78
	System time (seconds): 0.67
	Percent of CPU this job got: 84%
	Elapsed (wall clock) time (h:mm:ss or m:ss): 0:01.72
	Average shared text size (kbytes): 0
	Average unshared data size (kbytes): 0
	Average stack size (kbytes): 0
	Average total size (kbytes): 0
	Maximum resident set size (kbytes): 581008
	Average resident set size (kbytes): 0
	Major (requiring I/O) page faults: 0
	Minor (reclaiming a frame) page faults: 49468
	Voluntary context switches: 1858
	Involuntary context switches: 33
	Swaps: 0
	File system inputs: 0
	File system outputs: 16
	Socket messages sent: 0
	Socket messages received: 0
	Signals delivered: 0
	Page size (bytes): 4096
	Exit status: 0
[ 0.03+0.j    0.01+0.03j -0.02+0.02j ... -0.03+0.01j -0.02-0.02j
  0.01-0.03j]
	Command being timed: "python3 qft.py 10"
	User time (seconds): 0.75
	System time (seconds): 0.69
	Percent of CPU this job got: 82%
	Elapsed (wall clock) time (h:mm:ss or m:ss): 0:01.76
	Average shared text size (kbytes): 0
	Average unshared data size (kbytes): 0
	Average stack size (kbytes): 0
	Average total size (kbytes): 0
	Maximum resident set size (kbytes): 574472
	Average resident set size (kbytes): 0
	Major (requiring I/O) page faults: 0
	Minor (reclaiming a frame) page faults: 49358
	Voluntary context switches: 1861
	Involuntary context switches: 37
	Swaps: 0
	File system inputs: 0
	File system outputs: 16
	Socket messages sent: 0
	Socket messages received: 0
	Signals delivered: 0
	Page size (bytes): 4096
	Exit status: 0
[ 0.03+0.j    0.01-0.03j -0.02-0.02j ... -0.03-0.01j -0.02+0.02j
  0.01+0.03j]
	Command being timed: "python3 qft.py 10"
	User time (seconds): 0.78
	System time (seconds): 0.67
	Percent of CPU this job got: 78%
	Elapsed (wall clock) time (h:mm:ss or m:ss): 0:01.84
	Average shared text size (kbytes): 0
	Average unshared data size (kbytes): 0
	Average stack size (kbytes): 0
	Average total size (kbytes): 0
	Maximum resident set size (kbytes): 576000
	Average resident set size (kbytes): 0
	Major (requiring I/O) page faults: 0
	Minor (reclaiming a frame) page faults: 48933
	Voluntary context switches: 2526
	Involuntary context switches: 44
	Swaps: 0
	File system inputs: 0
	File system outputs: 16
	Socket messages sent: 0
	Socket messages received: 0
	Signals delivered: 0
	Page size (bytes): 4096
	Exit status: 0
[ 0.03+0.j   -0.02+0.02j  0.  -0.03j ...  0.02-0.03j  0.  +0.03j
 -0.02-0.02j]
	Command being timed: "python3 qft.py 10"
	User time (seconds): 0.79
	System time (seconds): 0.67
	Percent of CPU this job got: 84%
	Elapsed (wall clock) time (h:mm:ss or m:ss): 0:01.73
	Average shared text size (kbytes): 0
	Average unshared data size (kbytes): 0
	Average stack size (kbytes): 0
	Average total size (kbytes): 0
	Maximum resident set size (kbytes): 577592
	Average resident set size (kbytes): 0
	Major (requiring I/O) page faults: 0
	Minor (reclaiming a frame) page faults: 51045
	Voluntary context switches: 1863
	Involuntary context switches: 37
	Swaps: 0
	File system inputs: 0
	File system outputs: 16
	Socket messages sent: 0
	Socket messages received: 0
	Signals delivered: 0
	Page size (bytes): 4096
	Exit status: 0
[ 0.03+0.j   -0.02+0.02j  0.  -0.03j ...  0.02-0.03j  0.  +0.03j
 -0.02-0.02j]
	Command being timed: "python3 qft.py 10"
	User time (seconds): 0.77
	System time (seconds): 0.68
	Percent of CPU this job got: 82%
	Elapsed (wall clock) time (h:mm:ss or m:ss): 0:01.76
	Average shared text size (kbytes): 0
	Average unshared data size (kbytes): 0
	Average stack size (kbytes): 0
	Average total size (kbytes): 0
	Maximum resident set size (kbytes): 574888
	Average resident set size (kbytes): 0
	Major (requiring I/O) page faults: 0
	Minor (reclaiming a frame) page faults: 48774
	Voluntary context switches: 1864
	Involuntary context switches: 38
	Swaps: 0
	File system inputs: 0
	File system outputs: 16
	Socket messages sent: 0
	Socket messages received: 0
	Signals delivered: 0
	Page size (bytes): 4096
	Exit status: 0
[ 0.03+0.j   -0.02-0.02j -0.01+0.03j ...  0.03+0.02j -0.01-0.03j
 -0.02+0.02j]
	Command being timed: "python3 qft.py 10"
	User time (seconds): 0.77
	System time (seconds): 0.74
	Percent of CPU this job got: 80%
	Elapsed (wall clock) time (h:mm:ss or m:ss): 0:01.89
	Average shared text size (kbytes): 0
	Average unshared data size (kbytes): 0
	Average stack size (kbytes): 0
	Average total size (kbytes): 0
	Maximum resident set size (kbytes): 576512
	Average resident set size (kbytes): 0
	Major (requiring I/O) page faults: 0
	Minor (reclaiming a frame) page faults: 53883
	Voluntary context switches: 2056
	Involuntary context switches: 44
	Swaps: 0
	File system inputs: 0
	File system outputs: 16
	Socket messages sent: 0
	Socket messages received: 0
	Signals delivered: 0
	Page size (bytes): 4096
	Exit status: 0
[ 0.03+0.j   -0.03+0.01j  0.03-0.02j ... -0.02-0.02j  0.03+0.02j
 -0.03-0.01j]
	Command being timed: "python3 qft.py 10"
	User time (seconds): 0.78
	System time (seconds): 0.72
	Percent of CPU this job got: 79%
	Elapsed (wall clock) time (h:mm:ss or m:ss): 0:01.91
	Average shared text size (kbytes): 0
	Average unshared data size (kbytes): 0
	Average stack size (kbytes): 0
	Average total size (kbytes): 0
	Maximum resident set size (kbytes): 579668
	Average resident set size (kbytes): 0
	Major (requiring I/O) page faults: 0
	Minor (reclaiming a frame) page faults: 52197
	Voluntary context switches: 2074
	Involuntary context switches: 41
	Swaps: 0
	File system inputs: 0
	File system outputs: 16
	Socket messages sent: 0
	Socket messages received: 0
	Signals delivered: 0
	Page size (bytes): 4096
	Exit status: 0
[ 0.03+0.j   -0.03-0.01j  0.02+0.02j ... -0.01+0.03j  0.02-0.02j
 -0.03+0.01j]
	Command being timed: "python3 qft.py 10"
	User time (seconds): 0.78
	System time (seconds): 0.74
	Percent of CPU this job got: 81%
	Elapsed (wall clock) time (h:mm:ss or m:ss): 0:01.88
	Average shared text size (kbytes): 0
	Average unshared data size (kbytes): 0
	Average stack size (kbytes): 0
	Average total size (kbytes): 0
	Maximum resident set size (kbytes): 576756
	Average resident set size (kbytes): 0
	Major (requiring I/O) page faults: 0
	Minor (reclaiming a frame) page faults: 53275
	Voluntary context switches: 2055
	Involuntary context switches: 38
	Swaps: 0
	File system inputs: 0
	File system outputs: 16
	Socket messages sent: 0
	Socket messages received: 0
	Signals delivered: 0
	Page size (bytes): 4096
	Exit status: 0
