WARNING: overwriting environment variables set in the machine
overwriting variable ['LD_LIBRARY_PATH']
[ 0.01+0.j   -0.01+0.01j -0.  -0.01j ...  0.01-0.01j -0.  +0.01j
 -0.01-0.01j]
	Command being timed: "python3 qft.py 13"
	User time (seconds): 0.78
	System time (seconds): 0.92
	Percent of CPU this job got: 64%
	Elapsed (wall clock) time (h:mm:ss or m:ss): 0:02.64
	Average shared text size (kbytes): 0
	Average unshared data size (kbytes): 0
	Average stack size (kbytes): 0
	Average total size (kbytes): 0
	Maximum resident set size (kbytes): 577540
	Average resident set size (kbytes): 0
	Major (requiring I/O) page faults: 0
	Minor (reclaiming a frame) page faults: 63248
	Voluntary context switches: 3898
	Involuntary context switches: 30
	Swaps: 0
	File system inputs: 0
	File system outputs: 16
	Socket messages sent: 0
	Socket messages received: 0
	Signals delivered: 0
	Page size (bytes): 4096
	Exit status: 0
[ 0.01+0.j   -0.01-0.01j  0.  +0.01j ...  0.  +0.01j  0.  -0.01j
 -0.01+0.01j]
	Command being timed: "python3 qft.py 13"
	User time (seconds): 0.76
	System time (seconds): 0.75
	Percent of CPU this job got: 79%
	Elapsed (wall clock) time (h:mm:ss or m:ss): 0:01.91
	Average shared text size (kbytes): 0
	Average unshared data size (kbytes): 0
	Average stack size (kbytes): 0
	Average total size (kbytes): 0
	Maximum resident set size (kbytes): 577472
	Average resident set size (kbytes): 0
	Major (requiring I/O) page faults: 0
	Minor (reclaiming a frame) page faults: 52022
	Voluntary context switches: 2066
	Involuntary context switches: 33
	Swaps: 0
	File system inputs: 0
	File system outputs: 16
	Socket messages sent: 0
	Socket messages received: 0
	Signals delivered: 0
	Page size (bytes): 4096
	Exit status: 0
[ 0.01+0.j   -0.01+0.01j -0.01-0.01j ...  0.01-0.j   -0.01+0.01j
 -0.01-0.01j]
	Command being timed: "python3 qft.py 13"
	User time (seconds): 0.78
	System time (seconds): 0.70
	Percent of CPU this job got: 82%
	Elapsed (wall clock) time (h:mm:ss or m:ss): 0:01.79
	Average shared text size (kbytes): 0
	Average unshared data size (kbytes): 0
	Average stack size (kbytes): 0
	Average total size (kbytes): 0
	Maximum resident set size (kbytes): 573932
	Average resident set size (kbytes): 0
	Major (requiring I/O) page faults: 0
	Minor (reclaiming a frame) page faults: 49064
	Voluntary context switches: 2020
	Involuntary context switches: 36
	Swaps: 0
	File system inputs: 0
	File system outputs: 16
	Socket messages sent: 0
	Socket messages received: 0
	Signals delivered: 0
	Page size (bytes): 4096
	Exit status: 0
[ 0.01+0.j   -0.01+0.j    0.01-0.01j ... -0.01-0.01j  0.01+0.01j
 -0.01-0.j  ]
	Command being timed: "python3 qft.py 13"
	User time (seconds): 0.77
	System time (seconds): 0.67
	Percent of CPU this job got: 85%
	Elapsed (wall clock) time (h:mm:ss or m:ss): 0:01.69
	Average shared text size (kbytes): 0
	Average unshared data size (kbytes): 0
	Average stack size (kbytes): 0
	Average total size (kbytes): 0
	Maximum resident set size (kbytes): 573152
	Average resident set size (kbytes): 0
	Major (requiring I/O) page faults: 0
	Minor (reclaiming a frame) page faults: 48585
	Voluntary context switches: 1861
	Involuntary context switches: 38
	Swaps: 0
	File system inputs: 0
	File system outputs: 16
	Socket messages sent: 0
	Socket messages received: 0
	Signals delivered: 0
	Page size (bytes): 4096
	Exit status: 0
[0.01+0.j   0.01-0.j   0.01-0.01j ... 0.  +0.01j 0.01+0.01j 0.01+0.j  ]
	Command being timed: "python3 qft.py 13"
	User time (seconds): 0.75
	System time (seconds): 0.68
	Percent of CPU this job got: 85%
	Elapsed (wall clock) time (h:mm:ss or m:ss): 0:01.67
	Average shared text size (kbytes): 0
	Average unshared data size (kbytes): 0
	Average stack size (kbytes): 0
	Average total size (kbytes): 0
	Maximum resident set size (kbytes): 575684
	Average resident set size (kbytes): 0
	Major (requiring I/O) page faults: 0
	Minor (reclaiming a frame) page faults: 48508
	Voluntary context switches: 1862
	Involuntary context switches: 35
	Swaps: 0
	File system inputs: 0
	File system outputs: 16
	Socket messages sent: 0
	Socket messages received: 0
	Signals delivered: 0
	Page size (bytes): 4096
	Exit status: 0
[ 0.01+0.j    0.  +0.01j -0.01+0.j   ... -0.  +0.01j -0.01-0.j
  0.  -0.01j]
	Command being timed: "python3 qft.py 13"
	User time (seconds): 0.76
	System time (seconds): 0.68
	Percent of CPU this job got: 84%
	Elapsed (wall clock) time (h:mm:ss or m:ss): 0:01.69
	Average shared text size (kbytes): 0
	Average unshared data size (kbytes): 0
	Average stack size (kbytes): 0
	Average total size (kbytes): 0
	Maximum resident set size (kbytes): 576264
	Average resident set size (kbytes): 0
	Major (requiring I/O) page faults: 0
	Minor (reclaiming a frame) page faults: 49451
	Voluntary context switches: 1863
	Involuntary context switches: 36
	Swaps: 0
	File system inputs: 0
	File system outputs: 16
	Socket messages sent: 0
	Socket messages received: 0
	Signals delivered: 0
	Page size (bytes): 4096
	Exit status: 0
[ 0.01+0.j    0.01+0.01j  0.  +0.01j ... -0.  -0.01j  0.  -0.01j
  0.01-0.01j]
	Command being timed: "python3 qft.py 13"
	User time (seconds): 0.77
	System time (seconds): 0.67
	Percent of CPU this job got: 77%
	Elapsed (wall clock) time (h:mm:ss or m:ss): 0:01.88
	Average shared text size (kbytes): 0
	Average unshared data size (kbytes): 0
	Average stack size (kbytes): 0
	Average total size (kbytes): 0
	Maximum resident set size (kbytes): 578692
	Average resident set size (kbytes): 0
	Major (requiring I/O) page faults: 0
	Minor (reclaiming a frame) page faults: 49379
	Voluntary context switches: 1955
	Involuntary context switches: 57
	Swaps: 0
	File system inputs: 0
	File system outputs: 16
	Socket messages sent: 0
	Socket messages received: 0
	Signals delivered: 0
	Page size (bytes): 4096
	Exit status: 0
[0.01+0.j   0.01-0.j   0.01-0.01j ... 0.01+0.01j 0.01+0.01j 0.01+0.j  ]
	Command being timed: "python3 qft.py 13"
	User time (seconds): 0.76
	System time (seconds): 0.68
	Percent of CPU this job got: 80%
	Elapsed (wall clock) time (h:mm:ss or m:ss): 0:01.78
	Average shared text size (kbytes): 0
	Average unshared data size (kbytes): 0
	Average stack size (kbytes): 0
	Average total size (kbytes): 0
	Maximum resident set size (kbytes): 579092
	Average resident set size (kbytes): 0
	Major (requiring I/O) page faults: 0
	Minor (reclaiming a frame) page faults: 48768
	Voluntary context switches: 1877
	Involuntary context switches: 45
	Swaps: 0
	File system inputs: 0
	File system outputs: 16
	Socket messages sent: 0
	Socket messages received: 0
	Signals delivered: 0
	Page size (bytes): 4096
	Exit status: 0
[ 0.01+0.j   -0.01+0.01j -0.  -0.01j ...  0.01-0.01j -0.  +0.01j
 -0.01-0.01j]
	Command being timed: "python3 qft.py 13"
	User time (seconds): 0.77
	System time (seconds): 0.75
	Percent of CPU this job got: 72%
	Elapsed (wall clock) time (h:mm:ss or m:ss): 0:02.10
	Average shared text size (kbytes): 0
	Average unshared data size (kbytes): 0
	Average stack size (kbytes): 0
	Average total size (kbytes): 0
	Maximum resident set size (kbytes): 578332
	Average resident set size (kbytes): 0
	Major (requiring I/O) page faults: 0
	Minor (reclaiming a frame) page faults: 48593
	Voluntary context switches: 2008
	Involuntary context switches: 38
	Swaps: 0
	File system inputs: 0
	File system outputs: 16
	Socket messages sent: 0
	Socket messages received: 0
	Signals delivered: 0
	Page size (bytes): 4096
	Exit status: 0
[ 0.01+0.j   -0.  +0.01j -0.01-0.j   ...  0.01+0.01j -0.01+0.j
 -0.  -0.01j]
	Command being timed: "python3 qft.py 13"
	User time (seconds): 0.76
	System time (seconds): 0.69
	Percent of CPU this job got: 81%
	Elapsed (wall clock) time (h:mm:ss or m:ss): 0:01.78
	Average shared text size (kbytes): 0
	Average unshared data size (kbytes): 0
	Average stack size (kbytes): 0
	Average total size (kbytes): 0
	Maximum resident set size (kbytes): 579028
	Average resident set size (kbytes): 0
	Major (requiring I/O) page faults: 0
	Minor (reclaiming a frame) page faults: 47991
	Voluntary context switches: 1919
	Involuntary context switches: 33
	Swaps: 0
	File system inputs: 0
	File system outputs: 16
	Socket messages sent: 0
	Socket messages received: 0
	Signals delivered: 0
	Page size (bytes): 4096
	Exit status: 0
