WARNING: overwriting environment variables set in the machine
overwriting variable ['LD_LIBRARY_PATH']
[ 0.+0.j -0.-0.j -0.+0.j ...  0.-0.j -0.-0.j -0.+0.j]
	Command being timed: "python3 qft.py 30"
	User time (seconds): 9.32
	System time (seconds): 4.43
	Percent of CPU this job got: 95%
	Elapsed (wall clock) time (h:mm:ss or m:ss): 0:14.44
	Average shared text size (kbytes): 0
	Average unshared data size (kbytes): 0
	Average stack size (kbytes): 0
	Average total size (kbytes): 0
	Maximum resident set size (kbytes): 29898656
	Average resident set size (kbytes): 0
	Major (requiring I/O) page faults: 0
	Minor (reclaiming a frame) page faults: 87795
	Voluntary context switches: 4059
	Involuntary context switches: 253
	Swaps: 0
	File system inputs: 0
	File system outputs: 16
	Socket messages sent: 0
	Socket messages received: 0
	Signals delivered: 0
	Page size (bytes): 4096
	Exit status: 0
[ 0.+0.j -0.-0.j -0.+0.j ...  0.-0.j -0.-0.j -0.+0.j]
	Command being timed: "python3 qft.py 30"
	User time (seconds): 9.42
	System time (seconds): 4.37
	Percent of CPU this job got: 96%
	Elapsed (wall clock) time (h:mm:ss or m:ss): 0:14.31
	Average shared text size (kbytes): 0
	Average unshared data size (kbytes): 0
	Average stack size (kbytes): 0
	Average total size (kbytes): 0
	Maximum resident set size (kbytes): 29897556
	Average resident set size (kbytes): 0
	Major (requiring I/O) page faults: 0
	Minor (reclaiming a frame) page faults: 91292
	Voluntary context switches: 2916
	Involuntary context switches: 263
	Swaps: 0
	File system inputs: 0
	File system outputs: 16
	Socket messages sent: 0
	Socket messages received: 0
	Signals delivered: 0
	Page size (bytes): 4096
	Exit status: 0
[ 0.+0.j  0.-0.j  0.-0.j ... -0.+0.j  0.+0.j  0.+0.j]
	Command being timed: "python3 qft.py 30"
	User time (seconds): 9.53
	System time (seconds): 4.33
	Percent of CPU this job got: 97%
	Elapsed (wall clock) time (h:mm:ss or m:ss): 0:14.22
	Average shared text size (kbytes): 0
	Average unshared data size (kbytes): 0
	Average stack size (kbytes): 0
	Average total size (kbytes): 0
	Maximum resident set size (kbytes): 29895140
	Average resident set size (kbytes): 0
	Major (requiring I/O) page faults: 0
	Minor (reclaiming a frame) page faults: 94031
	Voluntary context switches: 1989
	Involuntary context switches: 256
	Swaps: 0
	File system inputs: 0
	File system outputs: 16
	Socket messages sent: 0
	Socket messages received: 0
	Signals delivered: 0
	Page size (bytes): 4096
	Exit status: 0
[ 0.+0.j  0.-0.j -0.-0.j ... -0.-0.j -0.+0.j  0.+0.j]
	Command being timed: "python3 qft.py 30"
	User time (seconds): 9.50
	System time (seconds): 4.34
	Percent of CPU this job got: 97%
	Elapsed (wall clock) time (h:mm:ss or m:ss): 0:14.16
	Average shared text size (kbytes): 0
	Average unshared data size (kbytes): 0
	Average stack size (kbytes): 0
	Average total size (kbytes): 0
	Maximum resident set size (kbytes): 29898532
	Average resident set size (kbytes): 0
	Major (requiring I/O) page faults: 0
	Minor (reclaiming a frame) page faults: 89958
	Voluntary context switches: 1982
	Involuntary context switches: 266
	Swaps: 0
	File system inputs: 0
	File system outputs: 16
	Socket messages sent: 0
	Socket messages received: 0
	Signals delivered: 0
	Page size (bytes): 4096
	Exit status: 0
[ 0.+0.j -0.-0.j  0.+0.j ...  0.+0.j  0.-0.j -0.+0.j]
	Command being timed: "python3 qft.py 30"
	User time (seconds): 9.47
	System time (seconds): 4.40
	Percent of CPU this job got: 97%
	Elapsed (wall clock) time (h:mm:ss or m:ss): 0:14.21
	Average shared text size (kbytes): 0
	Average unshared data size (kbytes): 0
	Average stack size (kbytes): 0
	Average total size (kbytes): 0
	Maximum resident set size (kbytes): 29896412
	Average resident set size (kbytes): 0
	Major (requiring I/O) page faults: 0
	Minor (reclaiming a frame) page faults: 92391
	Voluntary context switches: 2005
	Involuntary context switches: 209
	Swaps: 0
	File system inputs: 0
	File system outputs: 16
	Socket messages sent: 0
	Socket messages received: 0
	Signals delivered: 0
	Page size (bytes): 4096
	Exit status: 0
[0.+0.j 0.-0.j 0.-0.j ... 0.+0.j 0.+0.j 0.+0.j]
	Command being timed: "python3 qft.py 30"
	User time (seconds): 9.50
	System time (seconds): 4.40
	Percent of CPU this job got: 97%
	Elapsed (wall clock) time (h:mm:ss or m:ss): 0:14.22
	Average shared text size (kbytes): 0
	Average unshared data size (kbytes): 0
	Average stack size (kbytes): 0
	Average total size (kbytes): 0
	Maximum resident set size (kbytes): 29896976
	Average resident set size (kbytes): 0
	Major (requiring I/O) page faults: 0
	Minor (reclaiming a frame) page faults: 92109
	Voluntary context switches: 1983
	Involuntary context switches: 203
	Swaps: 0
	File system inputs: 0
	File system outputs: 24
	Socket messages sent: 0
	Socket messages received: 0
	Signals delivered: 0
	Page size (bytes): 4096
	Exit status: 0
[ 0.+0.j  0.-0.j -0.-0.j ... -0.-0.j -0.+0.j  0.+0.j]
	Command being timed: "python3 qft.py 30"
	User time (seconds): 9.49
	System time (seconds): 4.35
	Percent of CPU this job got: 96%
	Elapsed (wall clock) time (h:mm:ss or m:ss): 0:14.35
	Average shared text size (kbytes): 0
	Average unshared data size (kbytes): 0
	Average stack size (kbytes): 0
	Average total size (kbytes): 0
	Maximum resident set size (kbytes): 29897928
	Average resident set size (kbytes): 0
	Major (requiring I/O) page faults: 0
	Minor (reclaiming a frame) page faults: 92038
	Voluntary context switches: 2917
	Involuntary context switches: 203
	Swaps: 0
	File system inputs: 0
	File system outputs: 16
	Socket messages sent: 0
	Socket messages received: 0
	Signals delivered: 0
	Page size (bytes): 4096
	Exit status: 0
[0.+0.j 0.-0.j 0.-0.j ... 0.+0.j 0.+0.j 0.+0.j]
	Command being timed: "python3 qft.py 30"
	User time (seconds): 9.53
	System time (seconds): 4.39
	Percent of CPU this job got: 97%
	Elapsed (wall clock) time (h:mm:ss or m:ss): 0:14.22
	Average shared text size (kbytes): 0
	Average unshared data size (kbytes): 0
	Average stack size (kbytes): 0
	Average total size (kbytes): 0
	Maximum resident set size (kbytes): 29898492
	Average resident set size (kbytes): 0
	Major (requiring I/O) page faults: 0
	Minor (reclaiming a frame) page faults: 91101
	Voluntary context switches: 1985
	Involuntary context switches: 209
	Swaps: 0
	File system inputs: 0
	File system outputs: 16
	Socket messages sent: 0
	Socket messages received: 0
	Signals delivered: 0
	Page size (bytes): 4096
	Exit status: 0
[0.+0.j 0.-0.j 0.-0.j ... 0.+0.j 0.+0.j 0.+0.j]
	Command being timed: "python3 qft.py 30"
	User time (seconds): 9.45
	System time (seconds): 4.41
	Percent of CPU this job got: 97%
	Elapsed (wall clock) time (h:mm:ss or m:ss): 0:14.20
	Average shared text size (kbytes): 0
	Average unshared data size (kbytes): 0
	Average stack size (kbytes): 0
	Average total size (kbytes): 0
	Maximum resident set size (kbytes): 29900340
	Average resident set size (kbytes): 0
	Major (requiring I/O) page faults: 0
	Minor (reclaiming a frame) page faults: 94399
	Voluntary context switches: 1984
	Involuntary context switches: 208
	Swaps: 0
	File system inputs: 0
	File system outputs: 16
	Socket messages sent: 0
	Socket messages received: 0
	Signals delivered: 0
	Page size (bytes): 4096
	Exit status: 0
[ 0.+0.j -0.+0.j -0.-0.j ...  0.+0.j -0.+0.j -0.-0.j]
	Command being timed: "python3 qft.py 30"
	User time (seconds): 9.45
	System time (seconds): 4.29
	Percent of CPU this job got: 97%
	Elapsed (wall clock) time (h:mm:ss or m:ss): 0:14.14
	Average shared text size (kbytes): 0
	Average unshared data size (kbytes): 0
	Average stack size (kbytes): 0
	Average total size (kbytes): 0
	Maximum resident set size (kbytes): 29891592
	Average resident set size (kbytes): 0
	Major (requiring I/O) page faults: 0
	Minor (reclaiming a frame) page faults: 94212
	Voluntary context switches: 2329
	Involuntary context switches: 197
	Swaps: 0
	File system inputs: 0
	File system outputs: 16
	Socket messages sent: 0
	Socket messages received: 0
	Signals delivered: 0
	Page size (bytes): 4096
	Exit status: 0
