WARNING: overwriting environment variables set in the machine
overwriting variable ['LD_LIBRARY_PATH']
[ 0.06+0.j    0.01-0.06j -0.06-0.02j -0.03+0.05j  0.05+0.04j  0.05-0.04j
 -0.03-0.05j -0.06+0.02j  0.01+0.06j  0.06-0.j    0.01-0.06j -0.06-0.02j
 -0.03+0.06j  0.05+0.04j  0.05-0.04j -0.03-0.05j -0.06+0.02j  0.01+0.06j
  0.06-0.j    0.01-0.06j -0.06-0.02j -0.03+0.06j  0.05+0.04j  0.05-0.04j
 -0.03-0.05j -0.06+0.03j  0.02+0.06j  0.06-0.j    0.01-0.06j -0.06-0.02j
 -0.03+0.06j  0.05+0.04j  0.04-0.04j -0.04-0.05j -0.06+0.03j  0.02+0.06j
  0.06-0.01j  0.  -0.06j -0.06-0.02j -0.03+0.06j  0.05+0.03j  0.04-0.05j
 -0.04-0.05j -0.06+0.03j  0.02+0.06j  0.06-0.01j  0.  -0.06j -0.06-0.01j
 -0.02+0.06j  0.05+0.03j  0.04-0.05j -0.04-0.05j -0.06+0.03j  0.02+0.06j
  0.06-0.01j  0.  -0.06j -0.06-0.01j -0.02+0.06j  0.05+0.03j  0.04-0.05j
 -0.04-0.05j -0.05+0.03j  0.02+0.06j  0.06-0.01j  0.  -0.06j -0.06-0.01j
 -0.02+0.06j  0.05+0.03j  0.04-0.05j -0.04-0.05j -0.05+0.03j  0.02+0.06j
  0.06-0.01j -0.  -0.06j -0.06-0.01j -0.02+0.06j  0.06+0.03j  0.04-0.05j
 -0.04-0.05j -0.05+0.03j  0.02+0.06j  0.06-0.01j -0.  -0.06j -0.06-0.01j
 -0.02+0.06j  0.06+0.03j  0.04-0.05j -0.04-0.05j -0.05+0.03j  0.03+0.06j
  0.06-0.02j -0.  -0.06j -0.06-0.01j -0.02+0.06j  0.06+0.03j  0.04-0.05j
 -0.04-0.04j -0.05+0.04j  0.03+0.06j  0.06-0.02j -0.01-0.06j -0.06-0.j
 -0.02+0.06j  0.06+0.03j  0.03-0.05j -0.05-0.04j -0.05+0.04j  0.03+0.06j
  0.06-0.02j -0.01-0.06j -0.06-0.j   -0.01+0.06j  0.06+0.02j  0.03-0.05j
 -0.05-0.04j -0.05+0.04j  0.03+0.06j  0.06-0.02j -0.01-0.06j -0.06-0.j
 -0.01+0.06j  0.06+0.02j  0.03-0.05j -0.05-0.04j -0.05+0.04j  0.03+0.05j
  0.06-0.02j -0.01-0.06j -0.06+0.j   -0.01+0.06j  0.06+0.02j  0.03-0.05j
 -0.05-0.04j -0.05+0.04j  0.03+0.05j  0.06-0.02j -0.01-0.06j -0.06+0.j
 -0.01+0.06j  0.06+0.02j  0.03-0.06j -0.05-0.04j -0.05+0.04j  0.03+0.05j
  0.06-0.02j -0.01-0.06j -0.06+0.j   -0.01+0.06j  0.06+0.02j  0.03-0.06j
 -0.05-0.04j -0.05+0.04j  0.03+0.05j  0.06-0.03j -0.02-0.06j -0.06+0.j
 -0.01+0.06j  0.06+0.02j  0.03-0.06j -0.05-0.04j -0.04+0.04j  0.04+0.05j
  0.06-0.03j -0.02-0.06j -0.06+0.01j -0.  +0.06j  0.06+0.02j  0.03-0.06j
 -0.05-0.03j -0.04+0.05j  0.04+0.05j  0.06-0.03j -0.02-0.06j -0.06+0.01j
 -0.  +0.06j  0.06+0.01j  0.02-0.06j -0.05-0.03j -0.04+0.05j  0.04+0.05j
  0.06-0.03j -0.02-0.06j -0.06+0.01j -0.  +0.06j  0.06+0.01j  0.02-0.06j
 -0.05-0.03j -0.04+0.05j  0.04+0.05j  0.05-0.03j -0.02-0.06j -0.06+0.01j
 -0.  +0.06j  0.06+0.01j  0.02-0.06j -0.05-0.03j -0.04+0.05j  0.04+0.05j
  0.05-0.03j -0.02-0.06j -0.06+0.01j  0.  +0.06j  0.06+0.01j  0.02-0.06j
 -0.06-0.03j -0.04+0.05j  0.04+0.05j  0.05-0.03j -0.02-0.06j -0.06+0.01j
  0.  +0.06j  0.06+0.01j  0.02-0.06j -0.06-0.03j -0.04+0.05j  0.04+0.05j
  0.05-0.03j -0.03-0.06j -0.06+0.02j  0.  +0.06j  0.06+0.01j  0.02-0.06j
 -0.06-0.03j -0.04+0.05j  0.04+0.04j  0.05-0.04j -0.03-0.06j -0.06+0.02j
  0.01+0.06j  0.06+0.j    0.02-0.06j -0.06-0.03j -0.03+0.05j  0.05+0.04j
  0.05-0.04j -0.03-0.06j -0.06+0.02j  0.01+0.06j  0.06+0.j    0.01-0.06j
 -0.06-0.02j -0.03+0.05j  0.05+0.04j  0.05-0.04j -0.03-0.06j -0.06+0.02j
  0.01+0.06j  0.06+0.j    0.01-0.06j -0.06-0.02j -0.03+0.05j  0.05+0.04j
  0.05-0.04j -0.03-0.05j -0.06+0.02j  0.01+0.06j]
	Command being timed: "python3 qft.py 8"
	User time (seconds): 0.79
	System time (seconds): 0.89
	Percent of CPU this job got: 68%
	Elapsed (wall clock) time (h:mm:ss or m:ss): 0:02.45
	Average shared text size (kbytes): 0
	Average unshared data size (kbytes): 0
	Average stack size (kbytes): 0
	Average total size (kbytes): 0
	Maximum resident set size (kbytes): 578988
	Average resident set size (kbytes): 0
	Major (requiring I/O) page faults: 0
	Minor (reclaiming a frame) page faults: 62948
	Voluntary context switches: 3817
	Involuntary context switches: 35
	Swaps: 0
	File system inputs: 0
	File system outputs: 16
	Socket messages sent: 0
	Socket messages received: 0
	Signals delivered: 0
	Page size (bytes): 4096
	Exit status: 0
[ 0.06+0.j    0.04-0.05j -0.01-0.06j -0.05-0.04j -0.06+0.01j -0.03+0.05j
  0.02+0.06j  0.06+0.03j  0.06-0.02j  0.02-0.06j -0.03-0.06j -0.06-0.02j
 -0.05+0.03j -0.01+0.06j  0.04+0.05j  0.06+0.j    0.04-0.04j -0.  -0.06j
 -0.05-0.04j -0.06+0.01j -0.03+0.05j  0.02+0.06j  0.06+0.03j  0.06-0.02j
  0.02-0.06j -0.03-0.06j -0.06-0.02j -0.05+0.03j -0.01+0.06j  0.04+0.05j
  0.06+0.01j  0.05-0.04j  0.  -0.06j -0.05-0.04j -0.06+0.01j -0.04+0.05j
  0.01+0.06j  0.05+0.03j  0.06-0.02j  0.03-0.06j -0.02-0.06j -0.06-0.02j
 -0.06+0.03j -0.02+0.06j  0.03+0.05j  0.06+0.01j  0.05-0.04j  0.  -0.06j
 -0.04-0.04j -0.06+0.j   -0.04+0.05j  0.01+0.06j  0.05+0.03j  0.06-0.02j
  0.03-0.06j -0.02-0.06j -0.06-0.02j -0.06+0.03j -0.02+0.06j  0.03+0.05j
  0.06+0.01j  0.05-0.04j  0.01-0.06j -0.04-0.05j -0.06+0.j   -0.04+0.05j
  0.01+0.06j  0.05+0.04j  0.06-0.01j  0.03-0.05j -0.02-0.06j -0.06-0.03j
 -0.06+0.02j -0.02+0.06j  0.03+0.06j  0.06+0.02j  0.05-0.03j  0.01-0.06j
 -0.04-0.05j -0.06-0.j   -0.04+0.04j  0.  +0.06j  0.05+0.04j  0.06-0.01j
  0.03-0.05j -0.02-0.06j -0.06-0.03j -0.06+0.02j -0.02+0.06j  0.03+0.06j
  0.06+0.02j  0.05-0.03j  0.01-0.06j -0.04-0.05j -0.06-0.01j -0.05+0.04j
 -0.  +0.06j  0.05+0.04j  0.06-0.01j  0.04-0.05j -0.01-0.06j -0.05-0.03j
 -0.06+0.02j -0.03+0.06j  0.02+0.06j  0.06+0.02j  0.06-0.03j  0.02-0.06j
 -0.03-0.05j -0.06-0.01j -0.05+0.04j -0.  +0.06j  0.04+0.04j  0.06-0.j
  0.04-0.05j -0.01-0.06j -0.05-0.03j -0.06+0.02j -0.03+0.06j  0.02+0.06j
  0.06+0.02j  0.06-0.03j  0.02-0.06j -0.03-0.05j -0.06-0.01j -0.05+0.04j
 -0.01+0.06j  0.04+0.05j  0.06+0.j    0.04-0.05j -0.01-0.06j -0.05-0.04j
 -0.06+0.01j -0.03+0.05j  0.02+0.06j  0.06+0.03j  0.06-0.02j  0.02-0.06j
 -0.03-0.06j -0.06-0.02j -0.05+0.03j -0.01+0.06j  0.04+0.05j  0.06+0.j
  0.04-0.04j -0.  -0.06j -0.05-0.04j -0.06+0.01j -0.03+0.05j  0.02+0.06j
  0.06+0.03j  0.06-0.02j  0.02-0.06j -0.03-0.06j -0.06-0.02j -0.05+0.03j
 -0.01+0.06j  0.04+0.05j  0.06+0.01j  0.05-0.04j  0.  -0.06j -0.05-0.04j
 -0.06+0.01j -0.04+0.05j  0.01+0.06j  0.05+0.03j  0.06-0.02j  0.03-0.06j
 -0.02-0.06j -0.06-0.02j -0.06+0.03j -0.02+0.06j  0.03+0.05j  0.06+0.01j
  0.05-0.04j  0.  -0.06j -0.04-0.04j -0.06+0.j   -0.04+0.05j  0.01+0.06j
  0.05+0.03j  0.06-0.02j  0.03-0.06j -0.02-0.06j -0.06-0.02j -0.06+0.03j
 -0.02+0.06j  0.03+0.05j  0.06+0.01j  0.05-0.04j  0.01-0.06j -0.04-0.05j
 -0.06+0.j   -0.04+0.05j  0.01+0.06j  0.05+0.04j  0.06-0.01j  0.03-0.05j
 -0.02-0.06j -0.06-0.03j -0.06+0.02j -0.02+0.06j  0.03+0.06j  0.06+0.02j
  0.05-0.03j  0.01-0.06j -0.04-0.05j -0.06-0.j   -0.04+0.04j  0.  +0.06j
  0.05+0.04j  0.06-0.01j  0.03-0.05j -0.02-0.06j -0.06-0.03j -0.06+0.02j
 -0.02+0.06j  0.03+0.06j  0.06+0.02j  0.05-0.03j  0.01-0.06j -0.04-0.05j
 -0.06-0.01j -0.05+0.04j -0.  +0.06j  0.05+0.04j  0.06-0.01j  0.04-0.05j
 -0.01-0.06j -0.05-0.03j -0.06+0.02j -0.03+0.06j  0.02+0.06j  0.06+0.02j
  0.06-0.03j  0.02-0.06j -0.03-0.05j -0.06-0.01j -0.05+0.04j -0.  +0.06j
  0.04+0.04j  0.06-0.j    0.04-0.05j -0.01-0.06j -0.05-0.03j -0.06+0.02j
 -0.03+0.06j  0.02+0.06j  0.06+0.02j  0.06-0.03j  0.02-0.06j -0.03-0.05j
 -0.06-0.01j -0.05+0.04j -0.01+0.06j  0.04+0.05j]
	Command being timed: "python3 qft.py 8"
	User time (seconds): 0.78
	System time (seconds): 0.75
	Percent of CPU this job got: 79%
	Elapsed (wall clock) time (h:mm:ss or m:ss): 0:01.92
	Average shared text size (kbytes): 0
	Average unshared data size (kbytes): 0
	Average stack size (kbytes): 0
	Average total size (kbytes): 0
	Maximum resident set size (kbytes): 577116
	Average resident set size (kbytes): 0
	Major (requiring I/O) page faults: 0
	Minor (reclaiming a frame) page faults: 51303
	Voluntary context switches: 2098
	Involuntary context switches: 33
	Swaps: 0
	File system inputs: 0
	File system outputs: 24
	Socket messages sent: 0
	Socket messages received: 0
	Signals delivered: 0
	Page size (bytes): 4096
	Exit status: 0
[ 0.06+0.j    0.03-0.06j -0.04-0.05j -0.06+0.01j -0.02+0.06j  0.05+0.04j
  0.06-0.02j  0.01-0.06j -0.05-0.03j -0.05+0.03j  0.  +0.06j  0.06+0.03j
  0.05-0.04j -0.01-0.06j -0.06-0.02j -0.04+0.05j  0.02+0.06j  0.06+0.j
  0.03-0.05j -0.03-0.05j -0.06+0.01j -0.02+0.06j  0.04+0.05j  0.06-0.02j
  0.01-0.06j -0.05-0.04j -0.06+0.03j -0.  +0.06j  0.06+0.03j  0.05-0.04j
 -0.01-0.06j -0.06-0.02j -0.04+0.04j  0.02+0.06j  0.06+0.01j  0.04-0.05j
 -0.03-0.06j -0.06+0.j   -0.03+0.06j  0.04+0.05j  0.06-0.01j  0.02-0.06j
 -0.05-0.04j -0.06+0.02j -0.01+0.06j  0.05+0.03j  0.05-0.03j -0.  -0.06j
 -0.06-0.02j -0.05+0.04j  0.02+0.06j  0.06+0.01j  0.04-0.05j -0.03-0.06j
 -0.06-0.j   -0.03+0.05j  0.03+0.05j  0.06-0.01j  0.02-0.06j -0.04-0.05j
 -0.06+0.02j -0.01+0.06j  0.05+0.04j  0.06-0.03j  0.  -0.06j -0.06-0.03j
 -0.05+0.04j  0.01+0.06j  0.06+0.02j  0.04-0.05j -0.02-0.06j -0.06-0.01j
 -0.03+0.05j  0.03+0.05j  0.06-0.j    0.03-0.06j -0.04-0.05j -0.06+0.01j
 -0.02+0.06j  0.05+0.04j  0.06-0.02j  0.  -0.06j -0.05-0.03j -0.05+0.03j
  0.01+0.06j  0.06+0.02j  0.05-0.04j -0.02-0.06j -0.06-0.01j -0.04+0.05j
  0.03+0.06j  0.06+0.j    0.03-0.06j -0.04-0.05j -0.06+0.01j -0.02+0.06j
  0.04+0.04j  0.06-0.02j  0.01-0.06j -0.05-0.04j -0.06+0.03j  0.  +0.06j
  0.06+0.03j  0.05-0.04j -0.01-0.06j -0.06-0.02j -0.04+0.05j  0.02+0.06j
  0.06+0.01j  0.03-0.05j -0.03-0.05j -0.06+0.j   -0.02+0.06j  0.04+0.05j
  0.06-0.02j  0.01-0.06j -0.05-0.04j -0.06+0.03j -0.  +0.06j  0.05+0.03j
  0.05-0.03j -0.01-0.06j -0.06-0.02j -0.05+0.04j  0.02+0.06j  0.06+0.01j
  0.04-0.05j -0.03-0.06j -0.06+0.j   -0.03+0.06j  0.04+0.05j  0.06-0.01j
  0.02-0.06j -0.05-0.04j -0.06+0.02j -0.01+0.06j  0.05+0.03j  0.05-0.03j
 -0.  -0.06j -0.06-0.03j -0.05+0.04j  0.01+0.06j  0.06+0.02j  0.04-0.05j
 -0.02-0.06j -0.06-0.j   -0.03+0.05j  0.03+0.05j  0.06-0.01j  0.02-0.06j
 -0.04-0.05j -0.06+0.02j -0.01+0.06j  0.05+0.04j  0.06-0.03j  0.  -0.06j
 -0.06-0.03j -0.05+0.04j  0.01+0.06j  0.06+0.02j  0.04-0.04j -0.02-0.06j
 -0.06-0.01j -0.04+0.05j  0.03+0.06j  0.06-0.j    0.03-0.06j -0.04-0.05j
 -0.06+0.01j -0.02+0.06j  0.05+0.04j  0.06-0.02j  0.01-0.06j -0.05-0.03j
 -0.05+0.03j  0.  +0.06j  0.06+0.02j  0.05-0.04j -0.02-0.06j -0.06-0.01j
 -0.04+0.05j  0.03+0.06j  0.06+0.j    0.03-0.05j -0.03-0.05j -0.06+0.01j
 -0.02+0.06j  0.04+0.05j  0.06-0.02j  0.01-0.06j -0.05-0.04j -0.06+0.03j
 -0.  +0.06j  0.06+0.03j  0.05-0.04j -0.01-0.06j -0.06-0.02j -0.04+0.05j
  0.02+0.06j  0.06+0.01j  0.03-0.05j -0.03-0.05j -0.06+0.j   -0.03+0.06j
  0.04+0.05j  0.06-0.01j  0.02-0.06j -0.05-0.04j -0.06+0.02j -0.  +0.06j
  0.05+0.03j  0.05-0.03j -0.01-0.06j -0.06-0.02j -0.05+0.04j  0.02+0.06j
  0.06+0.01j  0.04-0.05j -0.03-0.06j -0.06-0.j   -0.03+0.06j  0.04+0.05j
  0.06-0.01j  0.02-0.06j -0.04-0.04j -0.06+0.02j -0.01+0.06j  0.05+0.04j
  0.06-0.03j -0.  -0.06j -0.06-0.03j -0.05+0.04j  0.01+0.06j  0.06+0.02j
  0.04-0.05j -0.02-0.06j -0.06-0.01j -0.03+0.05j  0.03+0.05j  0.06-0.j
  0.02-0.06j -0.04-0.05j -0.06+0.02j -0.01+0.06j  0.05+0.04j  0.06-0.03j
  0.  -0.06j -0.05-0.03j -0.05+0.03j  0.01+0.06j  0.06+0.02j  0.05-0.04j
 -0.02-0.06j -0.06-0.01j -0.04+0.05j  0.03+0.06j]
	Command being timed: "python3 qft.py 8"
	User time (seconds): 0.76
	System time (seconds): 0.73
	Percent of CPU this job got: 78%
	Elapsed (wall clock) time (h:mm:ss or m:ss): 0:01.90
	Average shared text size (kbytes): 0
	Average unshared data size (kbytes): 0
	Average stack size (kbytes): 0
	Average total size (kbytes): 0
	Maximum resident set size (kbytes): 578832
	Average resident set size (kbytes): 0
	Major (requiring I/O) page faults: 0
	Minor (reclaiming a frame) page faults: 51714
	Voluntary context switches: 2078
	Involuntary context switches: 37
	Swaps: 0
	File system inputs: 0
	File system outputs: 24
	Socket messages sent: 0
	Socket messages received: 0
	Signals delivered: 0
	Page size (bytes): 4096
	Exit status: 0
[ 0.06+0.j    0.06+0.01j  0.06+0.02j  0.06+0.02j  0.06+0.03j  0.05+0.04j
  0.05+0.04j  0.04+0.05j  0.03+0.05j  0.03+0.06j  0.02+0.06j  0.01+0.06j
  0.01+0.06j -0.  +0.06j -0.01+0.06j -0.02+0.06j -0.02+0.06j -0.03+0.05j
 -0.04+0.05j -0.04+0.05j -0.05+0.04j -0.05+0.03j -0.06+0.03j -0.06+0.02j
 -0.06+0.01j -0.06+0.j   -0.06-0.j   -0.06-0.01j -0.06-0.02j -0.06-0.03j
 -0.05-0.03j -0.05-0.04j -0.04-0.04j -0.04-0.05j -0.03-0.05j -0.03-0.06j
 -0.02-0.06j -0.01-0.06j -0.  -0.06j  0.  -0.06j  0.01-0.06j  0.02-0.06j
  0.03-0.06j  0.03-0.05j  0.04-0.05j  0.05-0.04j  0.05-0.04j  0.05-0.03j
  0.06-0.02j  0.06-0.02j  0.06-0.01j  0.06-0.j    0.06+0.01j  0.06+0.01j
  0.06+0.02j  0.06+0.03j  0.05+0.03j  0.05+0.04j  0.04+0.05j  0.04+0.05j
  0.03+0.06j  0.02+0.06j  0.02+0.06j  0.01+0.06j -0.  +0.06j -0.01+0.06j
 -0.02+0.06j -0.02+0.06j -0.03+0.06j -0.04+0.05j -0.04+0.05j -0.05+0.04j
 -0.05+0.03j -0.06+0.03j -0.06+0.02j -0.06+0.01j -0.06+0.01j -0.06-0.j
 -0.06-0.01j -0.06-0.02j -0.06-0.02j -0.05-0.03j -0.05-0.04j -0.05-0.04j
 -0.04-0.05j -0.03-0.05j -0.03-0.06j -0.02-0.06j -0.01-0.06j -0.  -0.06j
  0.  -0.06j  0.01-0.06j  0.02-0.06j  0.03-0.06j  0.03-0.05j  0.04-0.05j
  0.04-0.04j  0.05-0.04j  0.05-0.03j  0.06-0.03j  0.06-0.02j  0.06-0.01j
  0.06-0.j    0.06+0.j    0.06+0.01j  0.06+0.02j  0.06+0.03j  0.05+0.03j
  0.05+0.04j  0.04+0.05j  0.04+0.05j  0.03+0.05j  0.02+0.06j  0.02+0.06j
  0.01+0.06j  0.  +0.06j -0.01+0.06j -0.01+0.06j -0.02+0.06j -0.03+0.06j
 -0.03+0.05j -0.04+0.05j -0.05+0.04j -0.05+0.04j -0.06+0.03j -0.06+0.02j
 -0.06+0.02j -0.06+0.01j -0.06+0.j   -0.06-0.01j -0.06-0.02j -0.06-0.02j
 -0.06-0.03j -0.05-0.04j -0.05-0.04j -0.04-0.05j -0.03-0.05j -0.03-0.06j
 -0.02-0.06j -0.01-0.06j -0.01-0.06j  0.  -0.06j  0.01-0.06j  0.02-0.06j
  0.02-0.06j  0.03-0.05j  0.04-0.05j  0.04-0.05j  0.05-0.04j  0.05-0.03j
  0.06-0.03j  0.06-0.02j  0.06-0.01j  0.06-0.j    0.06+0.j    0.06+0.01j
  0.06+0.02j  0.06+0.03j  0.05+0.03j  0.05+0.04j  0.04+0.04j  0.04+0.05j
  0.03+0.05j  0.03+0.06j  0.02+0.06j  0.01+0.06j  0.  +0.06j -0.  +0.06j
 -0.01+0.06j -0.02+0.06j -0.03+0.06j -0.03+0.05j -0.04+0.05j -0.05+0.04j
 -0.05+0.04j -0.05+0.03j -0.06+0.02j -0.06+0.02j -0.06+0.01j -0.06+0.j
 -0.06-0.01j -0.06-0.01j -0.06-0.02j -0.06-0.03j -0.05-0.03j -0.05-0.04j
 -0.04-0.05j -0.04-0.05j -0.03-0.06j -0.02-0.06j -0.02-0.06j -0.01-0.06j
  0.  -0.06j  0.01-0.06j  0.02-0.06j  0.02-0.06j  0.03-0.06j  0.04-0.05j
  0.04-0.05j  0.05-0.04j  0.05-0.03j  0.06-0.03j  0.06-0.02j  0.06-0.01j
  0.06-0.01j  0.06+0.j    0.06+0.01j  0.06+0.02j  0.06+0.02j  0.05+0.03j
  0.05+0.04j  0.05+0.04j  0.04+0.05j  0.03+0.05j  0.03+0.06j  0.02+0.06j
  0.01+0.06j  0.  +0.06j -0.  +0.06j -0.01+0.06j -0.02+0.06j -0.03+0.06j
 -0.03+0.05j -0.04+0.05j -0.04+0.04j -0.05+0.04j -0.05+0.03j -0.06+0.03j
 -0.06+0.02j -0.06+0.01j -0.06+0.j   -0.06-0.j   -0.06-0.01j -0.06-0.02j
 -0.06-0.03j -0.05-0.03j -0.05-0.04j -0.04-0.05j -0.04-0.05j -0.03-0.05j
 -0.02-0.06j -0.02-0.06j -0.01-0.06j -0.  -0.06j  0.01-0.06j  0.01-0.06j
  0.02-0.06j  0.03-0.06j  0.03-0.05j  0.04-0.05j  0.05-0.04j  0.05-0.04j
  0.06-0.03j  0.06-0.02j  0.06-0.02j  0.06-0.01j]
	Command being timed: "python3 qft.py 8"
	User time (seconds): 0.76
	System time (seconds): 0.71
	Percent of CPU this job got: 82%
	Elapsed (wall clock) time (h:mm:ss or m:ss): 0:01.79
	Average shared text size (kbytes): 0
	Average unshared data size (kbytes): 0
	Average stack size (kbytes): 0
	Average total size (kbytes): 0
	Maximum resident set size (kbytes): 575632
	Average resident set size (kbytes): 0
	Major (requiring I/O) page faults: 0
	Minor (reclaiming a frame) page faults: 48487
	Voluntary context switches: 2010
	Involuntary context switches: 38
	Swaps: 0
	File system inputs: 0
	File system outputs: 24
	Socket messages sent: 0
	Socket messages received: 0
	Signals delivered: 0
	Page size (bytes): 4096
	Exit status: 0
[ 0.06+0.j   -0.03-0.05j -0.02+0.06j  0.06-0.01j -0.04-0.04j -0.01+0.06j
  0.06-0.02j -0.05-0.03j -0.  +0.06j  0.05-0.03j -0.06-0.02j  0.01+0.06j
  0.04-0.04j -0.06-0.01j  0.02+0.06j  0.03-0.05j -0.06+0.j    0.03+0.05j
  0.02-0.06j -0.06+0.01j  0.04+0.04j  0.01-0.06j -0.06+0.02j  0.05+0.03j
  0.  -0.06j -0.05+0.03j  0.06+0.02j -0.01-0.06j -0.04+0.04j  0.06+0.01j
 -0.02-0.06j -0.03+0.05j  0.06+0.j   -0.03-0.05j -0.02+0.06j  0.06-0.01j
 -0.04-0.04j -0.01+0.06j  0.06-0.02j -0.05-0.03j -0.  +0.06j  0.05-0.03j
 -0.06-0.02j  0.01+0.06j  0.04-0.04j -0.06-0.01j  0.02+0.06j  0.03-0.05j
 -0.06+0.j    0.03+0.05j  0.02-0.06j -0.06+0.01j  0.04+0.04j  0.01-0.06j
 -0.06+0.02j  0.05+0.03j  0.  -0.06j -0.05+0.03j  0.06+0.02j -0.01-0.06j
 -0.04+0.04j  0.06+0.01j -0.02-0.06j -0.03+0.05j  0.06+0.j   -0.03-0.05j
 -0.02+0.06j  0.06-0.01j -0.04-0.04j -0.01+0.06j  0.06-0.02j -0.05-0.03j
 -0.  +0.06j  0.05-0.03j -0.06-0.02j  0.01+0.06j  0.04-0.04j -0.06-0.01j
  0.02+0.06j  0.03-0.05j -0.06+0.j    0.03+0.05j  0.02-0.06j -0.06+0.01j
  0.04+0.04j  0.01-0.06j -0.06+0.02j  0.05+0.03j  0.  -0.06j -0.05+0.03j
  0.06+0.02j -0.01-0.06j -0.04+0.04j  0.06+0.01j -0.02-0.06j -0.03+0.05j
  0.06+0.j   -0.03-0.05j -0.02+0.06j  0.06-0.01j -0.04-0.04j -0.01+0.06j
  0.06-0.02j -0.05-0.03j -0.  +0.06j  0.05-0.03j -0.06-0.02j  0.01+0.06j
  0.04-0.04j -0.06-0.01j  0.02+0.06j  0.03-0.05j -0.06+0.j    0.03+0.05j
  0.02-0.06j -0.06+0.01j  0.04+0.04j  0.01-0.06j -0.06+0.02j  0.05+0.03j
  0.  -0.06j -0.05+0.03j  0.06+0.02j -0.01-0.06j -0.04+0.04j  0.06+0.01j
 -0.02-0.06j -0.03+0.05j  0.06+0.j   -0.03-0.05j -0.02+0.06j  0.06-0.01j
 -0.04-0.04j -0.01+0.06j  0.06-0.02j -0.05-0.03j -0.  +0.06j  0.05-0.03j
 -0.06-0.02j  0.01+0.06j  0.04-0.04j -0.06-0.01j  0.02+0.06j  0.03-0.05j
 -0.06+0.j    0.03+0.05j  0.02-0.06j -0.06+0.01j  0.04+0.04j  0.01-0.06j
 -0.06+0.02j  0.05+0.03j  0.  -0.06j -0.05+0.03j  0.06+0.02j -0.01-0.06j
 -0.04+0.04j  0.06+0.01j -0.02-0.06j -0.03+0.05j  0.06+0.j   -0.03-0.05j
 -0.02+0.06j  0.06-0.01j -0.04-0.04j -0.01+0.06j  0.06-0.02j -0.05-0.03j
 -0.  +0.06j  0.05-0.03j -0.06-0.02j  0.01+0.06j  0.04-0.04j -0.06-0.01j
  0.02+0.06j  0.03-0.05j -0.06+0.j    0.03+0.05j  0.02-0.06j -0.06+0.01j
  0.04+0.04j  0.01-0.06j -0.06+0.02j  0.05+0.03j  0.  -0.06j -0.05+0.03j
  0.06+0.02j -0.01-0.06j -0.04+0.04j  0.06+0.01j -0.02-0.06j -0.03+0.05j
  0.06+0.j   -0.03-0.05j -0.02+0.06j  0.06-0.01j -0.04-0.04j -0.01+0.06j
  0.06-0.02j -0.05-0.03j -0.  +0.06j  0.05-0.03j -0.06-0.02j  0.01+0.06j
  0.04-0.04j -0.06-0.01j  0.02+0.06j  0.03-0.05j -0.06+0.j    0.03+0.05j
  0.02-0.06j -0.06+0.01j  0.04+0.04j  0.01-0.06j -0.06+0.02j  0.05+0.03j
  0.  -0.06j -0.05+0.03j  0.06+0.02j -0.01-0.06j -0.04+0.04j  0.06+0.01j
 -0.02-0.06j -0.03+0.05j  0.06+0.j   -0.03-0.05j -0.02+0.06j  0.06-0.01j
 -0.04-0.04j -0.01+0.06j  0.06-0.02j -0.05-0.03j -0.  +0.06j  0.05-0.03j
 -0.06-0.02j  0.01+0.06j  0.04-0.04j -0.06-0.01j  0.02+0.06j  0.03-0.05j
 -0.06+0.j    0.03+0.05j  0.02-0.06j -0.06+0.01j  0.04+0.04j  0.01-0.06j
 -0.06+0.02j  0.05+0.03j  0.  -0.06j -0.05+0.03j  0.06+0.02j -0.01-0.06j
 -0.04+0.04j  0.06+0.01j -0.02-0.06j -0.03+0.05j]
	Command being timed: "python3 qft.py 8"
	User time (seconds): 0.77
	System time (seconds): 0.67
	Percent of CPU this job got: 82%
	Elapsed (wall clock) time (h:mm:ss or m:ss): 0:01.74
	Average shared text size (kbytes): 0
	Average unshared data size (kbytes): 0
	Average stack size (kbytes): 0
	Average total size (kbytes): 0
	Maximum resident set size (kbytes): 573252
	Average resident set size (kbytes): 0
	Major (requiring I/O) page faults: 0
	Minor (reclaiming a frame) page faults: 48424
	Voluntary context switches: 1863
	Involuntary context switches: 38
	Swaps: 0
	File system inputs: 0
	File system outputs: 24
	Socket messages sent: 0
	Socket messages received: 0
	Signals delivered: 0
	Page size (bytes): 4096
	Exit status: 0
[ 0.06+0.j   -0.06+0.01j  0.06-0.02j -0.05+0.03j  0.04-0.04j -0.03+0.05j
  0.02-0.06j -0.01+0.06j  0.  -0.06j  0.01+0.06j -0.02-0.06j  0.03+0.05j
 -0.04-0.04j  0.05+0.03j -0.06-0.02j  0.06+0.01j -0.06+0.j    0.06-0.01j
 -0.06+0.02j  0.05-0.03j -0.04+0.04j  0.03-0.05j -0.02+0.06j  0.01-0.06j
 -0.  +0.06j -0.01-0.06j  0.02+0.06j -0.03-0.05j  0.04+0.04j -0.05-0.03j
  0.06+0.02j -0.06-0.01j  0.06+0.j   -0.06+0.01j  0.06-0.02j -0.05+0.03j
  0.04-0.04j -0.03+0.05j  0.02-0.06j -0.01+0.06j  0.  -0.06j  0.01+0.06j
 -0.02-0.06j  0.03+0.05j -0.04-0.04j  0.05+0.03j -0.06-0.02j  0.06+0.01j
 -0.06+0.j    0.06-0.01j -0.06+0.02j  0.05-0.03j -0.04+0.04j  0.03-0.05j
 -0.02+0.06j  0.01-0.06j -0.  +0.06j -0.01-0.06j  0.02+0.06j -0.03-0.05j
  0.04+0.04j -0.05-0.03j  0.06+0.02j -0.06-0.01j  0.06+0.j   -0.06+0.01j
  0.06-0.02j -0.05+0.03j  0.04-0.04j -0.03+0.05j  0.02-0.06j -0.01+0.06j
  0.  -0.06j  0.01+0.06j -0.02-0.06j  0.03+0.05j -0.04-0.04j  0.05+0.03j
 -0.06-0.02j  0.06+0.01j -0.06+0.j    0.06-0.01j -0.06+0.02j  0.05-0.03j
 -0.04+0.04j  0.03-0.05j -0.02+0.06j  0.01-0.06j -0.  +0.06j -0.01-0.06j
  0.02+0.06j -0.03-0.05j  0.04+0.04j -0.05-0.03j  0.06+0.02j -0.06-0.01j
  0.06+0.j   -0.06+0.01j  0.06-0.02j -0.05+0.03j  0.04-0.04j -0.03+0.05j
  0.02-0.06j -0.01+0.06j  0.  -0.06j  0.01+0.06j -0.02-0.06j  0.03+0.05j
 -0.04-0.04j  0.05+0.03j -0.06-0.02j  0.06+0.01j -0.06+0.j    0.06-0.01j
 -0.06+0.02j  0.05-0.03j -0.04+0.04j  0.03-0.05j -0.02+0.06j  0.01-0.06j
 -0.  +0.06j -0.01-0.06j  0.02+0.06j -0.03-0.05j  0.04+0.04j -0.05-0.03j
  0.06+0.02j -0.06-0.01j  0.06+0.j   -0.06+0.01j  0.06-0.02j -0.05+0.03j
  0.04-0.04j -0.03+0.05j  0.02-0.06j -0.01+0.06j  0.  -0.06j  0.01+0.06j
 -0.02-0.06j  0.03+0.05j -0.04-0.04j  0.05+0.03j -0.06-0.02j  0.06+0.01j
 -0.06+0.j    0.06-0.01j -0.06+0.02j  0.05-0.03j -0.04+0.04j  0.03-0.05j
 -0.02+0.06j  0.01-0.06j -0.  +0.06j -0.01-0.06j  0.02+0.06j -0.03-0.05j
  0.04+0.04j -0.05-0.03j  0.06+0.02j -0.06-0.01j  0.06+0.j   -0.06+0.01j
  0.06-0.02j -0.05+0.03j  0.04-0.04j -0.03+0.05j  0.02-0.06j -0.01+0.06j
  0.  -0.06j  0.01+0.06j -0.02-0.06j  0.03+0.05j -0.04-0.04j  0.05+0.03j
 -0.06-0.02j  0.06+0.01j -0.06+0.j    0.06-0.01j -0.06+0.02j  0.05-0.03j
 -0.04+0.04j  0.03-0.05j -0.02+0.06j  0.01-0.06j -0.  +0.06j -0.01-0.06j
  0.02+0.06j -0.03-0.05j  0.04+0.04j -0.05-0.03j  0.06+0.02j -0.06-0.01j
  0.06+0.j   -0.06+0.01j  0.06-0.02j -0.05+0.03j  0.04-0.04j -0.03+0.05j
  0.02-0.06j -0.01+0.06j  0.  -0.06j  0.01+0.06j -0.02-0.06j  0.03+0.05j
 -0.04-0.04j  0.05+0.03j -0.06-0.02j  0.06+0.01j -0.06+0.j    0.06-0.01j
 -0.06+0.02j  0.05-0.03j -0.04+0.04j  0.03-0.05j -0.02+0.06j  0.01-0.06j
 -0.  +0.06j -0.01-0.06j  0.02+0.06j -0.03-0.05j  0.04+0.04j -0.05-0.03j
  0.06+0.02j -0.06-0.01j  0.06+0.j   -0.06+0.01j  0.06-0.02j -0.05+0.03j
  0.04-0.04j -0.03+0.05j  0.02-0.06j -0.01+0.06j  0.  -0.06j  0.01+0.06j
 -0.02-0.06j  0.03+0.05j -0.04-0.04j  0.05+0.03j -0.06-0.02j  0.06+0.01j
 -0.06+0.j    0.06-0.01j -0.06+0.02j  0.05-0.03j -0.04+0.04j  0.03-0.05j
 -0.02+0.06j  0.01-0.06j -0.  +0.06j -0.01-0.06j  0.02+0.06j -0.03-0.05j
  0.04+0.04j -0.05-0.03j  0.06+0.02j -0.06-0.01j]
	Command being timed: "python3 qft.py 8"
	User time (seconds): 0.78
	System time (seconds): 0.72
	Percent of CPU this job got: 80%
	Elapsed (wall clock) time (h:mm:ss or m:ss): 0:01.87
	Average shared text size (kbytes): 0
	Average unshared data size (kbytes): 0
	Average stack size (kbytes): 0
	Average total size (kbytes): 0
	Maximum resident set size (kbytes): 573632
	Average resident set size (kbytes): 0
	Major (requiring I/O) page faults: 1
	Minor (reclaiming a frame) page faults: 48612
	Voluntary context switches: 1991
	Involuntary context switches: 35
	Swaps: 0
	File system inputs: 0
	File system outputs: 24
	Socket messages sent: 0
	Socket messages received: 0
	Signals delivered: 0
	Page size (bytes): 4096
	Exit status: 0
[ 0.06+0.j   -0.05-0.03j  0.03+0.05j -0.  -0.06j -0.03+0.06j  0.05-0.03j
 -0.06+0.j    0.06+0.03j -0.03-0.05j  0.  +0.06j  0.03-0.06j -0.05+0.04j
  0.06-0.01j -0.06-0.03j  0.04+0.05j -0.01-0.06j -0.02+0.06j  0.05-0.04j
 -0.06+0.01j  0.06+0.02j -0.04-0.05j  0.01+0.06j  0.02-0.06j -0.05+0.04j
  0.06-0.01j -0.06-0.02j  0.04+0.05j -0.01-0.06j -0.02+0.06j  0.05-0.04j
 -0.06+0.02j  0.06+0.02j -0.04-0.04j  0.02+0.06j  0.02-0.06j -0.04+0.05j
  0.06-0.02j -0.06-0.01j  0.05+0.04j -0.02-0.06j -0.01+0.06j  0.04-0.05j
 -0.06+0.02j  0.06+0.01j -0.05-0.04j  0.02+0.06j  0.01-0.06j -0.04+0.05j
  0.06-0.02j -0.06-0.01j  0.05+0.04j -0.03-0.06j -0.01+0.06j  0.04-0.05j
 -0.06+0.03j  0.06+0.j   -0.05-0.03j  0.03+0.06j  0.  -0.06j -0.03+0.05j
  0.06-0.03j -0.06-0.j    0.05+0.03j -0.03-0.05j -0.  +0.06j  0.03-0.05j
 -0.05+0.03j  0.06-0.j   -0.06-0.03j  0.03+0.05j -0.  -0.06j -0.03+0.06j
  0.05-0.03j -0.06+0.j    0.06+0.03j -0.04-0.05j  0.01+0.06j  0.03-0.06j
 -0.05+0.04j  0.06-0.01j -0.06-0.02j  0.04+0.05j -0.01-0.06j -0.02+0.06j
  0.05-0.04j -0.06+0.01j  0.06+0.02j -0.04-0.05j  0.01+0.06j  0.02-0.06j
 -0.05+0.04j  0.06-0.01j -0.06-0.02j  0.04+0.05j -0.02-0.06j -0.02+0.06j
  0.04-0.04j -0.06+0.02j  0.06+0.02j -0.05-0.04j  0.02+0.06j  0.01-0.06j
 -0.04+0.05j  0.06-0.02j -0.06-0.01j  0.05+0.04j -0.02-0.06j -0.01+0.06j
  0.04-0.05j -0.06+0.02j  0.06+0.01j -0.05-0.04j  0.02+0.06j  0.01-0.06j
 -0.04+0.05j  0.06-0.03j -0.06-0.01j  0.05+0.04j -0.03-0.06j -0.  +0.06j
  0.03-0.05j -0.06+0.03j  0.06+0.j   -0.05-0.03j  0.03+0.06j  0.  -0.06j
 -0.03+0.05j  0.05-0.03j -0.06+0.j    0.05+0.03j -0.03-0.05j  0.  +0.06j
  0.03-0.06j -0.05+0.03j  0.06-0.j   -0.06-0.03j  0.03+0.05j -0.  -0.06j
 -0.03+0.06j  0.05-0.04j -0.06+0.01j  0.06+0.03j -0.04-0.05j  0.01+0.06j
  0.02-0.06j -0.05+0.04j  0.06-0.01j -0.06-0.02j  0.04+0.05j -0.01-0.06j
 -0.02+0.06j  0.05-0.04j -0.06+0.01j  0.06+0.02j -0.04-0.05j  0.01+0.06j
  0.02-0.06j -0.05+0.04j  0.06-0.02j -0.06-0.02j  0.04+0.04j -0.02-0.06j
 -0.02+0.06j  0.04-0.05j -0.06+0.02j  0.06+0.01j -0.05-0.04j  0.02+0.06j
  0.01-0.06j -0.04+0.05j  0.06-0.02j -0.06-0.01j  0.05+0.04j -0.02-0.06j
 -0.01+0.06j  0.04-0.05j -0.06+0.02j  0.06+0.01j -0.05-0.04j  0.03+0.06j
  0.01-0.06j -0.04+0.05j  0.06-0.03j -0.06-0.j    0.05+0.03j -0.03-0.06j
 -0.  +0.06j  0.03-0.05j -0.06+0.03j  0.06+0.j   -0.05-0.03j  0.03+0.05j
  0.  -0.06j -0.03+0.05j  0.05-0.03j -0.06+0.j    0.06+0.03j -0.03-0.05j
  0.  +0.06j  0.03-0.06j -0.05+0.03j  0.06-0.j   -0.06-0.03j  0.04+0.05j
 -0.01-0.06j -0.03+0.06j  0.05-0.04j -0.06+0.01j  0.06+0.02j -0.04-0.05j
  0.01+0.06j  0.02-0.06j -0.05+0.04j  0.06-0.01j -0.06-0.02j  0.04+0.05j
 -0.01-0.06j -0.02+0.06j  0.05-0.04j -0.06+0.01j  0.06+0.02j -0.04-0.05j
  0.02+0.06j  0.02-0.06j -0.04+0.04j  0.06-0.02j -0.06-0.02j  0.05+0.04j
 -0.02-0.06j -0.01+0.06j  0.04-0.05j -0.06+0.02j  0.06+0.01j -0.05-0.04j
  0.02+0.06j  0.01-0.06j -0.04+0.05j  0.06-0.02j -0.06-0.01j  0.05+0.04j
 -0.02-0.06j -0.01+0.06j  0.04-0.05j -0.06+0.03j  0.06+0.01j -0.05-0.04j
  0.03+0.06j  0.  -0.06j -0.03+0.05j  0.06-0.03j -0.06-0.j    0.05+0.03j
 -0.03-0.06j -0.  +0.06j  0.03-0.05j -0.05+0.03j]
	Command being timed: "python3 qft.py 8"
	User time (seconds): 0.76
	System time (seconds): 0.67
	Percent of CPU this job got: 82%
	Elapsed (wall clock) time (h:mm:ss or m:ss): 0:01.74
	Average shared text size (kbytes): 0
	Average unshared data size (kbytes): 0
	Average stack size (kbytes): 0
	Average total size (kbytes): 0
	Maximum resident set size (kbytes): 573944
	Average resident set size (kbytes): 0
	Major (requiring I/O) page faults: 0
	Minor (reclaiming a frame) page faults: 48271
	Voluntary context switches: 1867
	Involuntary context switches: 50
	Swaps: 0
	File system inputs: 0
	File system outputs: 24
	Socket messages sent: 0
	Socket messages received: 0
	Signals delivered: 0
	Page size (bytes): 4096
	Exit status: 0
[ 0.06+0.j   -0.03+0.05j -0.03-0.06j  0.06+0.01j -0.04+0.05j -0.02-0.06j
  0.06+0.02j -0.05+0.04j -0.01-0.06j  0.06+0.02j -0.05+0.04j -0.  -0.06j
  0.06+0.03j -0.05+0.03j  0.  -0.06j  0.05+0.04j -0.06+0.02j  0.01-0.06j
  0.05+0.04j -0.06+0.02j  0.02-0.06j  0.04+0.05j -0.06+0.01j  0.03-0.06j
  0.03+0.05j -0.06+0.j    0.03-0.05j  0.03+0.06j -0.06-0.01j  0.04-0.05j
  0.02+0.06j -0.06-0.01j  0.04-0.04j  0.01+0.06j -0.06-0.02j  0.05-0.04j
  0.01+0.06j -0.06-0.03j  0.05-0.03j -0.  +0.06j -0.05-0.03j  0.06-0.03j
 -0.01+0.06j -0.05-0.04j  0.06-0.02j -0.02+0.06j -0.04-0.05j  0.06-0.01j
 -0.02+0.06j -0.04-0.05j  0.06-0.j   -0.03+0.05j -0.03-0.06j  0.06+0.j
 -0.04+0.05j -0.02-0.06j  0.06+0.01j -0.04+0.05j -0.02-0.06j  0.06+0.02j
 -0.05+0.04j -0.01-0.06j  0.06+0.03j -0.05+0.03j  0.  -0.06j  0.05+0.03j
 -0.06+0.03j  0.01-0.06j  0.05+0.04j -0.06+0.02j  0.02-0.06j  0.04+0.05j
 -0.06+0.01j  0.02-0.06j  0.04+0.05j -0.06+0.j    0.03-0.06j  0.03+0.05j
 -0.06-0.j    0.04-0.05j  0.02+0.06j -0.06-0.01j  0.04-0.05j  0.02+0.06j
 -0.06-0.02j  0.05-0.04j  0.01+0.06j -0.06-0.03j  0.05-0.03j  0.  +0.06j
 -0.05-0.03j  0.06-0.03j -0.01+0.06j -0.05-0.04j  0.06-0.02j -0.01+0.06j
 -0.04-0.04j  0.06-0.01j -0.02+0.06j -0.04-0.05j  0.06-0.01j -0.03+0.06j
 -0.03-0.05j  0.06+0.j   -0.03+0.05j -0.03-0.06j  0.06+0.01j -0.04+0.05j
 -0.02-0.06j  0.06+0.02j -0.05+0.04j -0.01-0.06j  0.06+0.02j -0.05+0.04j
 -0.  -0.06j  0.05+0.03j -0.06+0.03j  0.  -0.06j  0.05+0.04j -0.06+0.02j
  0.01-0.06j  0.05+0.04j -0.06+0.02j  0.02-0.06j  0.04+0.05j -0.06+0.01j
  0.03-0.06j  0.03+0.05j -0.06+0.j    0.03-0.05j  0.03+0.06j -0.06-0.01j
  0.04-0.05j  0.02+0.06j -0.06-0.02j  0.05-0.04j  0.01+0.06j -0.06-0.02j
  0.05-0.04j  0.  +0.06j -0.06-0.03j  0.05-0.03j -0.  +0.06j -0.05-0.04j
  0.06-0.02j -0.01+0.06j -0.05-0.04j  0.06-0.02j -0.02+0.06j -0.04-0.05j
  0.06-0.01j -0.03+0.06j -0.03-0.05j  0.06-0.j   -0.03+0.05j -0.03-0.06j
  0.06+0.01j -0.04+0.05j -0.02-0.06j  0.06+0.01j -0.04+0.04j -0.01-0.06j
  0.06+0.02j -0.05+0.04j -0.01-0.06j  0.06+0.03j -0.05+0.03j  0.  -0.06j
  0.05+0.03j -0.06+0.03j  0.01-0.06j  0.05+0.04j -0.06+0.02j  0.02-0.06j
  0.04+0.05j -0.06+0.01j  0.02-0.06j  0.04+0.05j -0.06+0.j    0.03-0.05j
  0.03+0.06j -0.06-0.j    0.04-0.05j  0.02+0.06j -0.06-0.01j  0.04-0.05j
  0.02+0.06j -0.06-0.02j  0.05-0.04j  0.01+0.06j -0.06-0.03j  0.05-0.03j
 -0.  +0.06j -0.05-0.03j  0.06-0.03j -0.01+0.06j -0.05-0.04j  0.06-0.02j
 -0.02+0.06j -0.04-0.05j  0.06-0.01j -0.02+0.06j -0.04-0.05j  0.06-0.j
 -0.03+0.06j -0.03-0.05j  0.06+0.j   -0.04+0.05j -0.02-0.06j  0.06+0.01j
 -0.04+0.05j -0.02-0.06j  0.06+0.02j -0.05+0.04j -0.01-0.06j  0.06+0.03j
 -0.05+0.03j -0.  -0.06j  0.05+0.03j -0.06+0.03j  0.01-0.06j  0.05+0.04j
 -0.06+0.02j  0.01-0.06j  0.04+0.04j -0.06+0.01j  0.02-0.06j  0.04+0.05j
 -0.06+0.01j  0.03-0.06j  0.03+0.05j -0.06-0.j    0.03-0.05j  0.03+0.06j
 -0.06-0.01j  0.04-0.05j  0.02+0.06j -0.06-0.02j  0.05-0.04j  0.01+0.06j
 -0.06-0.02j  0.05-0.04j  0.  +0.06j -0.05-0.03j  0.06-0.03j -0.  +0.06j
 -0.05-0.04j  0.06-0.02j -0.01+0.06j -0.05-0.04j  0.06-0.02j -0.02+0.06j
 -0.04-0.05j  0.06-0.01j -0.03+0.06j -0.03-0.05j]
	Command being timed: "python3 qft.py 8"
	User time (seconds): 0.74
	System time (seconds): 0.71
	Percent of CPU this job got: 73%
	Elapsed (wall clock) time (h:mm:ss or m:ss): 0:01.99
	Average shared text size (kbytes): 0
	Average unshared data size (kbytes): 0
	Average stack size (kbytes): 0
	Average total size (kbytes): 0
	Maximum resident set size (kbytes): 575928
	Average resident set size (kbytes): 0
	Major (requiring I/O) page faults: 0
	Minor (reclaiming a frame) page faults: 50615
	Voluntary context switches: 1954
	Involuntary context switches: 30
	Swaps: 0
	File system inputs: 0
	File system outputs: 24
	Socket messages sent: 0
	Socket messages received: 0
	Signals delivered: 0
	Page size (bytes): 4096
	Exit status: 0
[ 0.06+0.j   -0.06-0.03j  0.04+0.05j -0.02-0.06j -0.01+0.06j  0.03-0.05j
 -0.05+0.04j  0.06-0.01j -0.06-0.01j  0.05+0.04j -0.03-0.05j  0.01+0.06j
  0.02-0.06j -0.04+0.05j  0.06-0.03j -0.06+0.j    0.06+0.02j -0.04-0.05j
  0.02+0.06j  0.  -0.06j -0.03+0.06j  0.05-0.04j -0.06+0.02j  0.06+0.01j
 -0.05-0.03j  0.03+0.05j -0.01-0.06j -0.02+0.06j  0.04-0.05j -0.06+0.03j
  0.06-0.j   -0.06-0.02j  0.04+0.04j -0.02-0.06j -0.  +0.06j  0.03-0.06j
 -0.05+0.04j  0.06-0.02j -0.06-0.01j  0.05+0.03j -0.03-0.05j  0.01+0.06j
  0.02-0.06j -0.04+0.05j  0.06-0.03j -0.06+0.j    0.06+0.02j -0.05-0.04j
  0.02+0.06j  0.  -0.06j -0.03+0.06j  0.05-0.04j -0.06+0.02j  0.06+0.01j
 -0.05-0.03j  0.04+0.05j -0.01-0.06j -0.01+0.06j  0.04-0.05j -0.05+0.03j
  0.06-0.01j -0.06-0.02j  0.05+0.04j -0.03-0.06j -0.  +0.06j  0.03-0.06j
 -0.05+0.04j  0.06-0.02j -0.06-0.01j  0.05+0.03j -0.04-0.05j  0.01+0.06j
  0.01-0.06j -0.04+0.05j  0.05-0.03j -0.06+0.01j  0.06+0.02j -0.05-0.04j
  0.03+0.06j -0.  -0.06j -0.02+0.06j  0.05-0.04j -0.06+0.02j  0.06+0.j
 -0.06-0.03j  0.04+0.05j -0.02-0.06j -0.01+0.06j  0.03-0.05j -0.05+0.03j
  0.06-0.01j -0.06-0.02j  0.05+0.04j -0.03-0.06j  0.  +0.06j  0.02-0.06j
 -0.04+0.04j  0.06-0.02j -0.06-0.j    0.06+0.03j -0.04-0.05j  0.02+0.06j
  0.01-0.06j -0.03+0.05j  0.05-0.03j -0.06+0.01j  0.06+0.02j -0.05-0.04j
  0.03+0.06j -0.  -0.06j -0.02+0.06j  0.04-0.05j -0.06+0.02j  0.06+0.j
 -0.06-0.03j  0.04+0.05j -0.02-0.06j -0.01+0.06j  0.03-0.05j -0.05+0.04j
  0.06-0.01j -0.06-0.01j  0.05+0.04j -0.03-0.05j  0.01+0.06j  0.02-0.06j
 -0.04+0.05j  0.06-0.03j -0.06+0.j    0.06+0.03j -0.04-0.05j  0.02+0.06j
  0.01-0.06j -0.03+0.05j  0.05-0.04j -0.06+0.01j  0.06+0.01j -0.05-0.04j
  0.03+0.05j -0.01-0.06j -0.02+0.06j  0.04-0.05j -0.06+0.03j  0.06-0.j
 -0.06-0.02j  0.04+0.05j -0.02-0.06j -0.  +0.06j  0.03-0.06j -0.05+0.04j
  0.06-0.02j -0.06-0.01j  0.05+0.03j -0.03-0.05j  0.01+0.06j  0.02-0.06j
 -0.04+0.05j  0.06-0.03j -0.06+0.j    0.06+0.02j -0.04-0.04j  0.02+0.06j
  0.  -0.06j -0.03+0.06j  0.05-0.04j -0.06+0.02j  0.06+0.01j -0.05-0.03j
  0.03+0.05j -0.01-0.06j -0.02+0.06j  0.04-0.05j -0.06+0.03j  0.06-0.j
 -0.06-0.02j  0.05+0.04j -0.02-0.06j -0.  +0.06j  0.03-0.06j -0.05+0.04j
  0.06-0.02j -0.06-0.01j  0.05+0.03j -0.04-0.05j  0.01+0.06j  0.01-0.06j
 -0.04+0.05j  0.05-0.03j -0.06+0.01j  0.06+0.02j -0.05-0.04j  0.03+0.06j
  0.  -0.06j -0.03+0.06j  0.05-0.04j -0.06+0.02j  0.06+0.01j -0.05-0.03j
  0.04+0.05j -0.01-0.06j -0.01+0.06j  0.04-0.05j -0.05+0.03j  0.06-0.01j
 -0.06-0.02j  0.05+0.04j -0.03-0.06j  0.  +0.06j  0.02-0.06j -0.05+0.04j
  0.06-0.02j -0.06-0.j    0.06+0.03j -0.04-0.05j  0.02+0.06j  0.01-0.06j
 -0.03+0.05j  0.05-0.03j -0.06+0.01j  0.06+0.02j -0.05-0.04j  0.03+0.06j
 -0.  -0.06j -0.02+0.06j  0.04-0.04j -0.06+0.02j  0.06+0.j   -0.06-0.03j
  0.04+0.05j -0.02-0.06j -0.01+0.06j  0.03-0.05j -0.05+0.03j  0.06-0.01j
 -0.06-0.02j  0.05+0.04j -0.03-0.06j  0.  +0.06j  0.02-0.06j -0.04+0.05j
  0.06-0.02j -0.06-0.j    0.06+0.03j -0.04-0.05j  0.02+0.06j  0.01-0.06j
 -0.03+0.05j  0.05-0.04j -0.06+0.01j  0.06+0.01j -0.05-0.04j  0.03+0.05j
 -0.01-0.06j -0.02+0.06j  0.04-0.05j -0.06+0.03j]
	Command being timed: "python3 qft.py 8"
	User time (seconds): 0.77
	System time (seconds): 0.70
	Percent of CPU this job got: 75%
	Elapsed (wall clock) time (h:mm:ss or m:ss): 0:01.95
	Average shared text size (kbytes): 0
	Average unshared data size (kbytes): 0
	Average stack size (kbytes): 0
	Average total size (kbytes): 0
	Maximum resident set size (kbytes): 578356
	Average resident set size (kbytes): 0
	Major (requiring I/O) page faults: 0
	Minor (reclaiming a frame) page faults: 51725
	Voluntary context switches: 1955
	Involuntary context switches: 31
	Swaps: 0
	File system inputs: 0
	File system outputs: 24
	Socket messages sent: 0
	Socket messages received: 0
	Signals delivered: 0
	Page size (bytes): 4096
	Exit status: 0
[ 0.06+0.j    0.03+0.06j -0.04+0.05j -0.06-0.02j -0.01-0.06j  0.05-0.04j
  0.06+0.03j -0.  +0.06j -0.06+0.02j -0.05-0.04j  0.02-0.06j  0.06-0.01j
  0.03+0.05j -0.03+0.05j -0.06-0.01j -0.02-0.06j  0.04-0.04j  0.06+0.02j
  0.01+0.06j -0.05+0.03j -0.05-0.03j  0.01-0.06j  0.06-0.02j  0.04+0.05j
 -0.02+0.06j -0.06+0.j   -0.03-0.06j  0.04-0.05j  0.06+0.01j  0.02+0.06j
 -0.05+0.04j -0.06-0.03j  0.  -0.06j  0.06-0.03j  0.05+0.04j -0.02+0.06j
 -0.06+0.01j -0.04-0.05j  0.03-0.06j  0.06+0.j    0.02+0.06j -0.04+0.05j
 -0.06-0.02j -0.01-0.06j  0.05-0.03j  0.05+0.03j -0.01+0.06j -0.06+0.02j
 -0.04-0.04j  0.02-0.06j  0.06-0.01j  0.03+0.05j -0.03+0.05j -0.06-0.01j
 -0.02-0.06j  0.05-0.04j  0.06+0.02j  0.  +0.06j -0.06+0.03j -0.05-0.04j
  0.01-0.06j  0.06-0.02j  0.04+0.05j -0.03+0.06j -0.06+0.j   -0.03-0.06j
  0.04-0.05j  0.06+0.02j  0.01+0.06j -0.05+0.04j -0.06-0.03j  0.  -0.06j
  0.06-0.02j  0.05+0.04j -0.02+0.06j -0.06+0.01j -0.03-0.05j  0.03-0.05j
  0.06+0.01j  0.02+0.06j -0.04+0.04j -0.06-0.02j -0.01-0.06j  0.05-0.03j
  0.05+0.03j -0.01+0.06j -0.06+0.02j -0.04-0.05j  0.02-0.06j  0.06-0.j
  0.03+0.06j -0.04+0.05j -0.06-0.01j -0.02-0.06j  0.05-0.04j  0.06+0.03j
 -0.  +0.06j -0.06+0.03j -0.05-0.04j  0.02-0.06j  0.06-0.01j  0.04+0.05j
 -0.03+0.06j -0.06-0.j   -0.02-0.06j  0.04-0.05j  0.06+0.02j  0.01+0.06j
 -0.05+0.03j -0.05-0.03j  0.01-0.06j  0.06-0.02j  0.04+0.04j -0.02+0.06j
 -0.06+0.01j -0.03-0.05j  0.03-0.05j  0.06+0.01j  0.02+0.06j -0.05+0.04j
 -0.06-0.02j -0.  -0.06j  0.06-0.03j  0.05+0.04j -0.01+0.06j -0.06+0.02j
 -0.04-0.05j  0.03-0.06j  0.06+0.j    0.03+0.06j -0.04+0.05j -0.06-0.02j
 -0.01-0.06j  0.05-0.04j  0.06+0.03j -0.  +0.06j -0.06+0.02j -0.05-0.04j
  0.02-0.06j  0.06-0.01j  0.03+0.05j -0.03+0.05j -0.06-0.01j -0.02-0.06j
  0.04-0.04j  0.06+0.02j  0.01+0.06j -0.05+0.03j -0.05-0.03j  0.01-0.06j
  0.06-0.02j  0.04+0.05j -0.02+0.06j -0.06+0.j   -0.03-0.06j  0.04-0.05j
  0.06+0.01j  0.02+0.06j -0.05+0.04j -0.06-0.03j  0.  -0.06j  0.06-0.03j
  0.05+0.04j -0.02+0.06j -0.06+0.01j -0.04-0.05j  0.03-0.06j  0.06+0.j
  0.02+0.06j -0.04+0.05j -0.06-0.02j -0.01-0.06j  0.05-0.03j  0.05+0.03j
 -0.01+0.06j -0.06+0.02j -0.04-0.04j  0.02-0.06j  0.06-0.01j  0.03+0.05j
 -0.03+0.05j -0.06-0.01j -0.02-0.06j  0.05-0.04j  0.06+0.02j  0.  +0.06j
 -0.06+0.03j -0.05-0.04j  0.01-0.06j  0.06-0.02j  0.04+0.05j -0.03+0.06j
 -0.06+0.j   -0.03-0.06j  0.04-0.05j  0.06+0.02j  0.01+0.06j -0.05+0.04j
 -0.06-0.03j  0.  -0.06j  0.06-0.02j  0.05+0.04j -0.02+0.06j -0.06+0.01j
 -0.03-0.05j  0.03-0.05j  0.06+0.01j  0.02+0.06j -0.04+0.04j -0.06-0.02j
 -0.01-0.06j  0.05-0.03j  0.05+0.03j -0.01+0.06j -0.06+0.02j -0.04-0.05j
  0.02-0.06j  0.06-0.j    0.03+0.06j -0.04+0.05j -0.06-0.01j -0.02-0.06j
  0.05-0.04j  0.06+0.03j -0.  +0.06j -0.06+0.03j -0.05-0.04j  0.02-0.06j
  0.06-0.01j  0.04+0.05j -0.03+0.06j -0.06-0.j   -0.02-0.06j  0.04-0.05j
  0.06+0.02j  0.01+0.06j -0.05+0.03j -0.05-0.03j  0.01-0.06j  0.06-0.02j
  0.04+0.04j -0.02+0.06j -0.06+0.01j -0.03-0.05j  0.03-0.05j  0.06+0.01j
  0.02+0.06j -0.05+0.04j -0.06-0.02j -0.  -0.06j  0.06-0.03j  0.05+0.04j
 -0.01+0.06j -0.06+0.02j -0.04-0.05j  0.03-0.06j]
	Command being timed: "python3 qft.py 8"
	User time (seconds): 0.77
	System time (seconds): 0.69
	Percent of CPU this job got: 72%
	Elapsed (wall clock) time (h:mm:ss or m:ss): 0:02.02
	Average shared text size (kbytes): 0
	Average unshared data size (kbytes): 0
	Average stack size (kbytes): 0
	Average total size (kbytes): 0
	Maximum resident set size (kbytes): 578892
	Average resident set size (kbytes): 0
	Major (requiring I/O) page faults: 0
	Minor (reclaiming a frame) page faults: 51312
	Voluntary context switches: 1908
	Involuntary context switches: 35
	Swaps: 0
	File system inputs: 0
	File system outputs: 24
	Socket messages sent: 0
	Socket messages received: 0
	Signals delivered: 0
	Page size (bytes): 4096
	Exit status: 0
