WARNING: overwriting environment variables set in the machine
overwriting variable ['LD_LIBRARY_PATH']
     ╭───╮╭───────────╮╭────────────╮                       
q0 : ┤ h ├┤ r1(1.571) ├┤ r1(0.7854) ├───────────────────────
     ├───┤╰─────┬─────╯╰─────┬──────╯╭───╮╭───────────╮     
q1 : ┤ x ├──────●────────────┼───────┤ h ├┤ r1(1.571) ├─────
     ├───┤                   │       ╰───╯╰─────┬─────╯╭───╮
q2 : ┤ x ├───────────────────●──────────────────●──────┤ h ├
     ╰───╯                                             ╰───╯

[ 0.35+0.j   -0.25+0.25j  0.  -0.35j  0.25+0.25j -0.35+0.j    0.25-0.25j
 -0.  +0.35j -0.25-0.25j]
	Command being timed: "python3 qft.py 3"
	User time (seconds): 0.80
	System time (seconds): 0.78
	Percent of CPU this job got: 73%
	Elapsed (wall clock) time (h:mm:ss or m:ss): 0:02.16
	Average shared text size (kbytes): 0
	Average unshared data size (kbytes): 0
	Average stack size (kbytes): 0
	Average total size (kbytes): 0
	Maximum resident set size (kbytes): 571992
	Average resident set size (kbytes): 0
	Major (requiring I/O) page faults: 0
	Minor (reclaiming a frame) page faults: 59863
	Voluntary context switches: 3623
	Involuntary context switches: 40
	Swaps: 0
	File system inputs: 0
	File system outputs: 16
	Socket messages sent: 0
	Socket messages received: 0
	Signals delivered: 0
	Page size (bytes): 4096
	Exit status: 0
     ╭───╮╭───────────╮╭────────────╮                       
q0 : ┤ h ├┤ r1(1.571) ├┤ r1(0.7854) ├───────────────────────
     ╰───╯╰─────┬─────╯╰─────┬──────╯╭───╮╭───────────╮     
q1 : ───────────●────────────┼───────┤ h ├┤ r1(1.571) ├─────
     ╭───╮                   │       ╰───╯╰─────┬─────╯╭───╮
q2 : ┤ x ├───────────────────●──────────────────●──────┤ h ├
     ╰───╯                                             ╰───╯

[ 0.35+0.j    0.25+0.25j -0.  +0.35j -0.25+0.25j -0.35+0.j   -0.25-0.25j
  0.  -0.35j  0.25-0.25j]
	Command being timed: "python3 qft.py 3"
	User time (seconds): 0.79
	System time (seconds): 0.70
	Percent of CPU this job got: 83%
	Elapsed (wall clock) time (h:mm:ss or m:ss): 0:01.80
	Average shared text size (kbytes): 0
	Average unshared data size (kbytes): 0
	Average stack size (kbytes): 0
	Average total size (kbytes): 0
	Maximum resident set size (kbytes): 572624
	Average resident set size (kbytes): 0
	Major (requiring I/O) page faults: 0
	Minor (reclaiming a frame) page faults: 50132
	Voluntary context switches: 1855
	Involuntary context switches: 40
	Swaps: 0
	File system inputs: 0
	File system outputs: 16
	Socket messages sent: 0
	Socket messages received: 0
	Signals delivered: 0
	Page size (bytes): 4096
	Exit status: 0
     ╭───╮╭───╮╭───────────╮╭────────────╮                       
q0 : ┤ x ├┤ h ├┤ r1(1.571) ├┤ r1(0.7854) ├───────────────────────
     ├───┤╰───╯╰─────┬─────╯╰─────┬──────╯╭───╮╭───────────╮     
q1 : ┤ x ├───────────●────────────┼───────┤ h ├┤ r1(1.571) ├─────
     ╰───╯                        │       ╰───╯╰─────┬─────╯╭───╮
q2 : ─────────────────────────────●──────────────────●──────┤ h ├
                                                            ╰───╯

[ 0.35+0.j    0.  -0.35j -0.35+0.j   -0.  +0.35j  0.35+0.j    0.  -0.35j
 -0.35+0.j   -0.  +0.35j]
	Command being timed: "python3 qft.py 3"
	User time (seconds): 0.79
	System time (seconds): 0.68
	Percent of CPU this job got: 82%
	Elapsed (wall clock) time (h:mm:ss or m:ss): 0:01.77
	Average shared text size (kbytes): 0
	Average unshared data size (kbytes): 0
	Average stack size (kbytes): 0
	Average total size (kbytes): 0
	Maximum resident set size (kbytes): 574068
	Average resident set size (kbytes): 0
	Major (requiring I/O) page faults: 0
	Minor (reclaiming a frame) page faults: 50309
	Voluntary context switches: 1857
	Involuntary context switches: 38
	Swaps: 0
	File system inputs: 0
	File system outputs: 24
	Socket messages sent: 0
	Socket messages received: 0
	Signals delivered: 0
	Page size (bytes): 4096
	Exit status: 0
     ╭───╮╭───────────╮╭────────────╮                       
q0 : ┤ h ├┤ r1(1.571) ├┤ r1(0.7854) ├───────────────────────
     ╰───╯╰─────┬─────╯╰─────┬──────╯╭───╮╭───────────╮     
q1 : ───────────●────────────┼───────┤ h ├┤ r1(1.571) ├─────
     ╭───╮                   │       ╰───╯╰─────┬─────╯╭───╮
q2 : ┤ x ├───────────────────●──────────────────●──────┤ h ├
     ╰───╯                                             ╰───╯

[ 0.35+0.j    0.25+0.25j -0.  +0.35j -0.25+0.25j -0.35+0.j   -0.25-0.25j
  0.  -0.35j  0.25-0.25j]
	Command being timed: "python3 qft.py 3"
	User time (seconds): 0.81
	System time (seconds): 0.66
	Percent of CPU this job got: 83%
	Elapsed (wall clock) time (h:mm:ss or m:ss): 0:01.77
	Average shared text size (kbytes): 0
	Average unshared data size (kbytes): 0
	Average stack size (kbytes): 0
	Average total size (kbytes): 0
	Maximum resident set size (kbytes): 572848
	Average resident set size (kbytes): 0
	Major (requiring I/O) page faults: 0
	Minor (reclaiming a frame) page faults: 50215
	Voluntary context switches: 1856
	Involuntary context switches: 40
	Swaps: 0
	File system inputs: 0
	File system outputs: 16
	Socket messages sent: 0
	Socket messages received: 0
	Signals delivered: 0
	Page size (bytes): 4096
	Exit status: 0
     ╭───╮╭───╮╭───────────╮╭────────────╮                       
q0 : ┤ x ├┤ h ├┤ r1(1.571) ├┤ r1(0.7854) ├───────────────────────
     ├───┤╰───╯╰─────┬─────╯╰─────┬──────╯╭───╮╭───────────╮     
q1 : ┤ x ├───────────●────────────┼───────┤ h ├┤ r1(1.571) ├─────
     ├───┤                        │       ╰───╯╰─────┬─────╯╭───╮
q2 : ┤ x ├────────────────────────●──────────────────●──────┤ h ├
     ╰───╯                                                  ╰───╯

[ 0.35+0.j    0.25-0.25j  0.  -0.35j -0.25-0.25j -0.35+0.j   -0.25+0.25j
 -0.  +0.35j  0.25+0.25j]
	Command being timed: "python3 qft.py 3"
	User time (seconds): 0.79
	System time (seconds): 0.68
	Percent of CPU this job got: 82%
	Elapsed (wall clock) time (h:mm:ss or m:ss): 0:01.78
	Average shared text size (kbytes): 0
	Average unshared data size (kbytes): 0
	Average stack size (kbytes): 0
	Average total size (kbytes): 0
	Maximum resident set size (kbytes): 573024
	Average resident set size (kbytes): 0
	Major (requiring I/O) page faults: 0
	Minor (reclaiming a frame) page faults: 50632
	Voluntary context switches: 1855
	Involuntary context switches: 36
	Swaps: 0
	File system inputs: 0
	File system outputs: 24
	Socket messages sent: 0
	Socket messages received: 0
	Signals delivered: 0
	Page size (bytes): 4096
	Exit status: 0
     ╭───╮╭───╮╭───────────╮╭────────────╮                       
q0 : ┤ x ├┤ h ├┤ r1(1.571) ├┤ r1(0.7854) ├───────────────────────
     ├───┤╰───╯╰─────┬─────╯╰─────┬──────╯╭───╮╭───────────╮     
q1 : ┤ x ├───────────●────────────┼───────┤ h ├┤ r1(1.571) ├─────
     ╰───╯                        │       ╰───╯╰─────┬─────╯╭───╮
q2 : ─────────────────────────────●──────────────────●──────┤ h ├
                                                            ╰───╯

[ 0.35+0.j    0.  -0.35j -0.35+0.j   -0.  +0.35j  0.35+0.j    0.  -0.35j
 -0.35+0.j   -0.  +0.35j]
	Command being timed: "python3 qft.py 3"
	User time (seconds): 0.80
	System time (seconds): 0.67
	Percent of CPU this job got: 83%
	Elapsed (wall clock) time (h:mm:ss or m:ss): 0:01.77
	Average shared text size (kbytes): 0
	Average unshared data size (kbytes): 0
	Average stack size (kbytes): 0
	Average total size (kbytes): 0
	Maximum resident set size (kbytes): 573636
	Average resident set size (kbytes): 0
	Major (requiring I/O) page faults: 0
	Minor (reclaiming a frame) page faults: 50380
	Voluntary context switches: 1858
	Involuntary context switches: 43
	Swaps: 0
	File system inputs: 0
	File system outputs: 16
	Socket messages sent: 0
	Socket messages received: 0
	Signals delivered: 0
	Page size (bytes): 4096
	Exit status: 0
     ╭───╮╭───────────╮╭────────────╮                       
q0 : ┤ h ├┤ r1(1.571) ├┤ r1(0.7854) ├───────────────────────
     ├───┤╰─────┬─────╯╰─────┬──────╯╭───╮╭───────────╮     
q1 : ┤ x ├──────●────────────┼───────┤ h ├┤ r1(1.571) ├─────
     ╰───╯                   │       ╰───╯╰─────┬─────╯╭───╮
q2 : ────────────────────────●──────────────────●──────┤ h ├
                                                       ╰───╯

[ 0.35+0.j   -0.  +0.35j -0.35+0.j    0.  -0.35j  0.35+0.j   -0.  +0.35j
 -0.35+0.j    0.  -0.35j]
	Command being timed: "python3 qft.py 3"
	User time (seconds): 0.78
	System time (seconds): 0.68
	Percent of CPU this job got: 85%
	Elapsed (wall clock) time (h:mm:ss or m:ss): 0:01.73
	Average shared text size (kbytes): 0
	Average unshared data size (kbytes): 0
	Average stack size (kbytes): 0
	Average total size (kbytes): 0
	Maximum resident set size (kbytes): 571752
	Average resident set size (kbytes): 0
	Major (requiring I/O) page faults: 0
	Minor (reclaiming a frame) page faults: 47364
	Voluntary context switches: 1856
	Involuntary context switches: 40
	Swaps: 0
	File system inputs: 0
	File system outputs: 16
	Socket messages sent: 0
	Socket messages received: 0
	Signals delivered: 0
	Page size (bytes): 4096
	Exit status: 0
     ╭───╮╭───────────╮╭────────────╮                       
q0 : ┤ h ├┤ r1(1.571) ├┤ r1(0.7854) ├───────────────────────
     ├───┤╰─────┬─────╯╰─────┬──────╯╭───╮╭───────────╮     
q1 : ┤ x ├──────●────────────┼───────┤ h ├┤ r1(1.571) ├─────
     ╰───╯                   │       ╰───╯╰─────┬─────╯╭───╮
q2 : ────────────────────────●──────────────────●──────┤ h ├
                                                       ╰───╯

[ 0.35+0.j   -0.  +0.35j -0.35+0.j    0.  -0.35j  0.35+0.j   -0.  +0.35j
 -0.35+0.j    0.  -0.35j]
	Command being timed: "python3 qft.py 3"
	User time (seconds): 0.79
	System time (seconds): 0.68
	Percent of CPU this job got: 82%
	Elapsed (wall clock) time (h:mm:ss or m:ss): 0:01.78
	Average shared text size (kbytes): 0
	Average unshared data size (kbytes): 0
	Average stack size (kbytes): 0
	Average total size (kbytes): 0
	Maximum resident set size (kbytes): 574216
	Average resident set size (kbytes): 0
	Major (requiring I/O) page faults: 0
	Minor (reclaiming a frame) page faults: 50579
	Voluntary context switches: 1855
	Involuntary context switches: 43
	Swaps: 0
	File system inputs: 0
	File system outputs: 16
	Socket messages sent: 0
	Socket messages received: 0
	Signals delivered: 0
	Page size (bytes): 4096
	Exit status: 0
     ╭───╮╭───────────╮╭────────────╮                       
q0 : ┤ h ├┤ r1(1.571) ├┤ r1(0.7854) ├───────────────────────
     ╰───╯╰─────┬─────╯╰─────┬──────╯╭───╮╭───────────╮     
q1 : ───────────●────────────┼───────┤ h ├┤ r1(1.571) ├─────
                             │       ╰───╯╰─────┬─────╯╭───╮
q2 : ────────────────────────●──────────────────●──────┤ h ├
                                                       ╰───╯

[0.35+0.j 0.35+0.j 0.35+0.j 0.35+0.j 0.35+0.j 0.35+0.j 0.35+0.j 0.35+0.j]
	Command being timed: "python3 qft.py 3"
	User time (seconds): 0.78
	System time (seconds): 0.69
	Percent of CPU this job got: 82%
	Elapsed (wall clock) time (h:mm:ss or m:ss): 0:01.78
	Average shared text size (kbytes): 0
	Average unshared data size (kbytes): 0
	Average stack size (kbytes): 0
	Average total size (kbytes): 0
	Maximum resident set size (kbytes): 570416
	Average resident set size (kbytes): 0
	Major (requiring I/O) page faults: 0
	Minor (reclaiming a frame) page faults: 51096
	Voluntary context switches: 1856
	Involuntary context switches: 38
	Swaps: 0
	File system inputs: 0
	File system outputs: 16
	Socket messages sent: 0
	Socket messages received: 0
	Signals delivered: 0
	Page size (bytes): 4096
	Exit status: 0
     ╭───╮╭───╮╭───────────╮╭────────────╮                       
q0 : ┤ x ├┤ h ├┤ r1(1.571) ├┤ r1(0.7854) ├───────────────────────
     ├───┤╰───╯╰─────┬─────╯╰─────┬──────╯╭───╮╭───────────╮     
q1 : ┤ x ├───────────●────────────┼───────┤ h ├┤ r1(1.571) ├─────
     ├───┤                        │       ╰───╯╰─────┬─────╯╭───╮
q2 : ┤ x ├────────────────────────●──────────────────●──────┤ h ├
     ╰───╯                                                  ╰───╯

[ 0.35+0.j    0.25-0.25j  0.  -0.35j -0.25-0.25j -0.35+0.j   -0.25+0.25j
 -0.  +0.35j  0.25+0.25j]
	Command being timed: "python3 qft.py 3"
	User time (seconds): 0.80
	System time (seconds): 0.67
	Percent of CPU this job got: 82%
	Elapsed (wall clock) time (h:mm:ss or m:ss): 0:01.78
	Average shared text size (kbytes): 0
	Average unshared data size (kbytes): 0
	Average stack size (kbytes): 0
	Average total size (kbytes): 0
	Maximum resident set size (kbytes): 571144
	Average resident set size (kbytes): 0
	Major (requiring I/O) page faults: 0
	Minor (reclaiming a frame) page faults: 50894
	Voluntary context switches: 1858
	Involuntary context switches: 36
	Swaps: 0
	File system inputs: 0
	File system outputs: 24
	Socket messages sent: 0
	Socket messages received: 0
	Signals delivered: 0
	Page size (bytes): 4096
	Exit status: 0
