WARNING: overwriting environment variables set in the machine
overwriting variable ['LD_LIBRARY_PATH']
Generated fx for function type = constant: [0]
oracleType =  0
oracleValue =  0
     ╭───╮╭───╮
q0 : ┤ h ├┤ h ├
     ├───┤├───┤
q1 : ┤ x ├┤ h ├
     ╰───╯╰───╯

Input qubits measurement outcome and frequency = { 0:1 }

The oracle function is constant.
	Command being timed: "python3 deutsch-jozsa.py 2"
	User time (seconds): 0.88
	System time (seconds): 0.51
	Percent of CPU this job got: 83%
	Elapsed (wall clock) time (h:mm:ss or m:ss): 0:01.66
	Average shared text size (kbytes): 0
	Average unshared data size (kbytes): 0
	Average stack size (kbytes): 0
	Average total size (kbytes): 0
	Maximum resident set size (kbytes): 617836
	Average resident set size (kbytes): 0
	Major (requiring I/O) page faults: 3
	Minor (reclaiming a frame) page faults: 43053
	Voluntary context switches: 4587
	Involuntary context switches: 24
	Swaps: 0
	File system inputs: 512
	File system outputs: 16
	Socket messages sent: 0
	Socket messages received: 0
	Signals delivered: 0
	Page size (bytes): 4096
	Exit status: 0
Generated fx for function type = constant: [0]
oracleType =  0
oracleValue =  0
     ╭───╮╭───╮
q0 : ┤ h ├┤ h ├
     ├───┤├───┤
q1 : ┤ x ├┤ h ├
     ╰───╯╰───╯

Input qubits measurement outcome and frequency = { 0:1 }

The oracle function is constant.
	Command being timed: "python3 deutsch-jozsa.py 2"
	User time (seconds): 0.89
	System time (seconds): 0.40
	Percent of CPU this job got: 92%
	Elapsed (wall clock) time (h:mm:ss or m:ss): 0:01.41
	Average shared text size (kbytes): 0
	Average unshared data size (kbytes): 0
	Average stack size (kbytes): 0
	Average total size (kbytes): 0
	Maximum resident set size (kbytes): 617180
	Average resident set size (kbytes): 0
	Major (requiring I/O) page faults: 0
	Minor (reclaiming a frame) page faults: 42625
	Voluntary context switches: 1526
	Involuntary context switches: 25
	Swaps: 0
	File system inputs: 0
	File system outputs: 16
	Socket messages sent: 0
	Socket messages received: 0
	Signals delivered: 0
	Page size (bytes): 4096
	Exit status: 0
Generated fx for function type = constant: [0]
oracleType =  0
oracleValue =  0
     ╭───╮╭───╮
q0 : ┤ h ├┤ h ├
     ├───┤├───┤
q1 : ┤ x ├┤ h ├
     ╰───╯╰───╯

Input qubits measurement outcome and frequency = { 0:1 }

The oracle function is constant.
	Command being timed: "python3 deutsch-jozsa.py 2"
	User time (seconds): 0.85
	System time (seconds): 0.44
	Percent of CPU this job got: 92%
	Elapsed (wall clock) time (h:mm:ss or m:ss): 0:01.41
	Average shared text size (kbytes): 0
	Average unshared data size (kbytes): 0
	Average stack size (kbytes): 0
	Average total size (kbytes): 0
	Maximum resident set size (kbytes): 618132
	Average resident set size (kbytes): 0
	Major (requiring I/O) page faults: 0
	Minor (reclaiming a frame) page faults: 42927
	Voluntary context switches: 1536
	Involuntary context switches: 25
	Swaps: 0
	File system inputs: 0
	File system outputs: 16
	Socket messages sent: 0
	Socket messages received: 0
	Signals delivered: 0
	Page size (bytes): 4096
	Exit status: 0
Generated fx for function type = constant: [0]
oracleType =  0
oracleValue =  0
     ╭───╮╭───╮
q0 : ┤ h ├┤ h ├
     ├───┤├───┤
q1 : ┤ x ├┤ h ├
     ╰───╯╰───╯

Input qubits measurement outcome and frequency = { 0:1 }

The oracle function is constant.
	Command being timed: "python3 deutsch-jozsa.py 2"
	User time (seconds): 0.87
	System time (seconds): 0.42
	Percent of CPU this job got: 91%
	Elapsed (wall clock) time (h:mm:ss or m:ss): 0:01.43
	Average shared text size (kbytes): 0
	Average unshared data size (kbytes): 0
	Average stack size (kbytes): 0
	Average total size (kbytes): 0
	Maximum resident set size (kbytes): 618520
	Average resident set size (kbytes): 0
	Major (requiring I/O) page faults: 0
	Minor (reclaiming a frame) page faults: 42276
	Voluntary context switches: 1538
	Involuntary context switches: 28
	Swaps: 0
	File system inputs: 0
	File system outputs: 16
	Socket messages sent: 0
	Socket messages received: 0
	Signals delivered: 0
	Page size (bytes): 4096
	Exit status: 0
Generated fx for function type = constant: [0]
oracleType =  0
oracleValue =  0
     ╭───╮╭───╮
q0 : ┤ h ├┤ h ├
     ├───┤├───┤
q1 : ┤ x ├┤ h ├
     ╰───╯╰───╯

Input qubits measurement outcome and frequency = { 0:1 }

The oracle function is constant.
	Command being timed: "python3 deutsch-jozsa.py 2"
	User time (seconds): 0.88
	System time (seconds): 0.45
	Percent of CPU this job got: 90%
	Elapsed (wall clock) time (h:mm:ss or m:ss): 0:01.48
	Average shared text size (kbytes): 0
	Average unshared data size (kbytes): 0
	Average stack size (kbytes): 0
	Average total size (kbytes): 0
	Maximum resident set size (kbytes): 617056
	Average resident set size (kbytes): 0
	Major (requiring I/O) page faults: 0
	Minor (reclaiming a frame) page faults: 42146
	Voluntary context switches: 1553
	Involuntary context switches: 24
	Swaps: 0
	File system inputs: 0
	File system outputs: 16
	Socket messages sent: 0
	Socket messages received: 0
	Signals delivered: 0
	Page size (bytes): 4096
	Exit status: 0
Generated fx for function type = constant: [0]
oracleType =  0
oracleValue =  0
     ╭───╮╭───╮
q0 : ┤ h ├┤ h ├
     ├───┤├───┤
q1 : ┤ x ├┤ h ├
     ╰───╯╰───╯

Input qubits measurement outcome and frequency = { 0:1 }

The oracle function is constant.
	Command being timed: "python3 deutsch-jozsa.py 2"
	User time (seconds): 0.87
	System time (seconds): 0.43
	Percent of CPU this job got: 91%
	Elapsed (wall clock) time (h:mm:ss or m:ss): 0:01.43
	Average shared text size (kbytes): 0
	Average unshared data size (kbytes): 0
	Average stack size (kbytes): 0
	Average total size (kbytes): 0
	Maximum resident set size (kbytes): 620080
	Average resident set size (kbytes): 0
	Major (requiring I/O) page faults: 0
	Minor (reclaiming a frame) page faults: 42216
	Voluntary context switches: 1534
	Involuntary context switches: 29
	Swaps: 0
	File system inputs: 0
	File system outputs: 16
	Socket messages sent: 0
	Socket messages received: 0
	Signals delivered: 0
	Page size (bytes): 4096
	Exit status: 0
Generated fx for function type = constant: [0]
oracleType =  0
oracleValue =  0
     ╭───╮╭───╮
q0 : ┤ h ├┤ h ├
     ├───┤├───┤
q1 : ┤ x ├┤ h ├
     ╰───╯╰───╯

Input qubits measurement outcome and frequency = { 0:1 }

The oracle function is constant.
	Command being timed: "python3 deutsch-jozsa.py 2"
	User time (seconds): 0.85
	System time (seconds): 0.44
	Percent of CPU this job got: 90%
	Elapsed (wall clock) time (h:mm:ss or m:ss): 0:01.43
	Average shared text size (kbytes): 0
	Average unshared data size (kbytes): 0
	Average stack size (kbytes): 0
	Average total size (kbytes): 0
	Maximum resident set size (kbytes): 617440
	Average resident set size (kbytes): 0
	Major (requiring I/O) page faults: 2
	Minor (reclaiming a frame) page faults: 42707
	Voluntary context switches: 1531
	Involuntary context switches: 25
	Swaps: 0
	File system inputs: 432
	File system outputs: 16
	Socket messages sent: 0
	Socket messages received: 0
	Signals delivered: 0
	Page size (bytes): 4096
	Exit status: 0
Generated fx for function type = constant: [0]
oracleType =  0
oracleValue =  0
     ╭───╮╭───╮
q0 : ┤ h ├┤ h ├
     ├───┤├───┤
q1 : ┤ x ├┤ h ├
     ╰───╯╰───╯

Input qubits measurement outcome and frequency = { 0:1 }

The oracle function is constant.
	Command being timed: "python3 deutsch-jozsa.py 2"
	User time (seconds): 0.85
	System time (seconds): 0.45
	Percent of CPU this job got: 91%
	Elapsed (wall clock) time (h:mm:ss or m:ss): 0:01.42
	Average shared text size (kbytes): 0
	Average unshared data size (kbytes): 0
	Average stack size (kbytes): 0
	Average total size (kbytes): 0
	Maximum resident set size (kbytes): 618008
	Average resident set size (kbytes): 0
	Major (requiring I/O) page faults: 0
	Minor (reclaiming a frame) page faults: 42211
	Voluntary context switches: 1529
	Involuntary context switches: 26
	Swaps: 0
	File system inputs: 0
	File system outputs: 16
	Socket messages sent: 0
	Socket messages received: 0
	Signals delivered: 0
	Page size (bytes): 4096
	Exit status: 0
Generated fx for function type = constant: [0]
oracleType =  0
oracleValue =  0
     ╭───╮╭───╮
q0 : ┤ h ├┤ h ├
     ├───┤├───┤
q1 : ┤ x ├┤ h ├
     ╰───╯╰───╯

Input qubits measurement outcome and frequency = { 0:1 }

The oracle function is constant.
	Command being timed: "python3 deutsch-jozsa.py 2"
	User time (seconds): 0.88
	System time (seconds): 0.42
	Percent of CPU this job got: 90%
	Elapsed (wall clock) time (h:mm:ss or m:ss): 0:01.44
	Average shared text size (kbytes): 0
	Average unshared data size (kbytes): 0
	Average stack size (kbytes): 0
	Average total size (kbytes): 0
	Maximum resident set size (kbytes): 616336
	Average resident set size (kbytes): 0
	Major (requiring I/O) page faults: 2
	Minor (reclaiming a frame) page faults: 41599
	Voluntary context switches: 1828
	Involuntary context switches: 24
	Swaps: 0
	File system inputs: 408
	File system outputs: 16
	Socket messages sent: 0
	Socket messages received: 0
	Signals delivered: 0
	Page size (bytes): 4096
	Exit status: 0
Generated fx for function type = constant: [1]
oracleType =  0
oracleValue =  1
     ╭───╮╭───╮     
q0 : ┤ h ├┤ h ├─────
     ├───┤├───┤╭───╮
q1 : ┤ x ├┤ h ├┤ x ├
     ╰───╯╰───╯╰───╯

Input qubits measurement outcome and frequency = { 0:1 }

The oracle function is constant.
	Command being timed: "python3 deutsch-jozsa.py 2"
	User time (seconds): 0.88
	System time (seconds): 0.43
	Percent of CPU this job got: 89%
	Elapsed (wall clock) time (h:mm:ss or m:ss): 0:01.47
	Average shared text size (kbytes): 0
	Average unshared data size (kbytes): 0
	Average stack size (kbytes): 0
	Average total size (kbytes): 0
	Maximum resident set size (kbytes): 619760
	Average resident set size (kbytes): 0
	Major (requiring I/O) page faults: 0
	Minor (reclaiming a frame) page faults: 42697
	Voluntary context switches: 2160
	Involuntary context switches: 27
	Swaps: 0
	File system inputs: 0
	File system outputs: 16
	Socket messages sent: 0
	Socket messages received: 0
	Signals delivered: 0
	Page size (bytes): 4096
	Exit status: 0
