WARNING: overwriting environment variables set in the machine
overwriting variable ['LD_LIBRARY_PATH']
Generated fx for function type = constant: [0, 0, 0, 0, 0, 0, 0, 0, 0, 0, 0, 0, 0, 0, 0, 0, 0, 0, 0, 0, 0, 0, 0]
oracleType =  0
oracleValue =  0
      ╭───╮╭───╮
 q0 : ┤ h ├┤ h ├
      ├───┤├───┤
 q1 : ┤ h ├┤ h ├
      ├───┤├───┤
 q2 : ┤ h ├┤ h ├
      ├───┤├───┤
 q3 : ┤ h ├┤ h ├
      ├───┤├───┤
 q4 : ┤ h ├┤ h ├
      ├───┤├───┤
 q5 : ┤ h ├┤ h ├
      ├───┤├───┤
 q6 : ┤ h ├┤ h ├
      ├───┤├───┤
 q7 : ┤ h ├┤ h ├
      ├───┤├───┤
 q8 : ┤ h ├┤ h ├
      ├───┤├───┤
 q9 : ┤ h ├┤ h ├
      ├───┤├───┤
q10 : ┤ h ├┤ h ├
      ├───┤├───┤
q11 : ┤ h ├┤ h ├
      ├───┤├───┤
q12 : ┤ h ├┤ h ├
      ├───┤├───┤
q13 : ┤ h ├┤ h ├
      ├───┤├───┤
q14 : ┤ h ├┤ h ├
      ├───┤├───┤
q15 : ┤ h ├┤ h ├
      ├───┤├───┤
q16 : ┤ h ├┤ h ├
      ├───┤├───┤
q17 : ┤ h ├┤ h ├
      ├───┤├───┤
q18 : ┤ h ├┤ h ├
      ├───┤├───┤
q19 : ┤ h ├┤ h ├
      ├───┤├───┤
q20 : ┤ h ├┤ h ├
      ├───┤├───┤
q21 : ┤ h ├┤ h ├
      ├───┤├───┤
q22 : ┤ h ├┤ h ├
      ├───┤├───┤
q23 : ┤ x ├┤ h ├
      ╰───╯╰───╯

Input qubits measurement outcome and frequency = { 00000000000000000000000:1 }

The oracle function is constant.
	Command being timed: "python3 deutsch-jozsa.py 24"
	User time (seconds): 0.87
	System time (seconds): 0.47
	Percent of CPU this job got: 88%
	Elapsed (wall clock) time (h:mm:ss or m:ss): 0:01.52
	Average shared text size (kbytes): 0
	Average unshared data size (kbytes): 0
	Average stack size (kbytes): 0
	Average total size (kbytes): 0
	Maximum resident set size (kbytes): 618304
	Average resident set size (kbytes): 0
	Major (requiring I/O) page faults: 0
	Minor (reclaiming a frame) page faults: 42177
	Voluntary context switches: 3097
	Involuntary context switches: 24
	Swaps: 0
	File system inputs: 0
	File system outputs: 16
	Socket messages sent: 0
	Socket messages received: 0
	Signals delivered: 0
	Page size (bytes): 4096
	Exit status: 0
Generated fx for function type = constant: [0, 0, 0, 0, 0, 0, 0, 0, 0, 0, 0, 0, 0, 0, 0, 0, 0, 0, 0, 0, 0, 0, 0]
oracleType =  0
oracleValue =  0
      ╭───╮╭───╮
 q0 : ┤ h ├┤ h ├
      ├───┤├───┤
 q1 : ┤ h ├┤ h ├
      ├───┤├───┤
 q2 : ┤ h ├┤ h ├
      ├───┤├───┤
 q3 : ┤ h ├┤ h ├
      ├───┤├───┤
 q4 : ┤ h ├┤ h ├
      ├───┤├───┤
 q5 : ┤ h ├┤ h ├
      ├───┤├───┤
 q6 : ┤ h ├┤ h ├
      ├───┤├───┤
 q7 : ┤ h ├┤ h ├
      ├───┤├───┤
 q8 : ┤ h ├┤ h ├
      ├───┤├───┤
 q9 : ┤ h ├┤ h ├
      ├───┤├───┤
q10 : ┤ h ├┤ h ├
      ├───┤├───┤
q11 : ┤ h ├┤ h ├
      ├───┤├───┤
q12 : ┤ h ├┤ h ├
      ├───┤├───┤
q13 : ┤ h ├┤ h ├
      ├───┤├───┤
q14 : ┤ h ├┤ h ├
      ├───┤├───┤
q15 : ┤ h ├┤ h ├
      ├───┤├───┤
q16 : ┤ h ├┤ h ├
      ├───┤├───┤
q17 : ┤ h ├┤ h ├
      ├───┤├───┤
q18 : ┤ h ├┤ h ├
      ├───┤├───┤
q19 : ┤ h ├┤ h ├
      ├───┤├───┤
q20 : ┤ h ├┤ h ├
      ├───┤├───┤
q21 : ┤ h ├┤ h ├
      ├───┤├───┤
q22 : ┤ h ├┤ h ├
      ├───┤├───┤
q23 : ┤ x ├┤ h ├
      ╰───╯╰───╯

Input qubits measurement outcome and frequency = { 00000000000000000000000:1 }

The oracle function is constant.
	Command being timed: "python3 deutsch-jozsa.py 24"
	User time (seconds): 0.86
	System time (seconds): 0.45
	Percent of CPU this job got: 91%
	Elapsed (wall clock) time (h:mm:ss or m:ss): 0:01.44
	Average shared text size (kbytes): 0
	Average unshared data size (kbytes): 0
	Average stack size (kbytes): 0
	Average total size (kbytes): 0
	Maximum resident set size (kbytes): 620548
	Average resident set size (kbytes): 0
	Major (requiring I/O) page faults: 0
	Minor (reclaiming a frame) page faults: 42913
	Voluntary context switches: 2063
	Involuntary context switches: 28
	Swaps: 0
	File system inputs: 0
	File system outputs: 24
	Socket messages sent: 0
	Socket messages received: 0
	Signals delivered: 0
	Page size (bytes): 4096
	Exit status: 0
Generated fx for function type = constant: [0, 0, 0, 0, 0, 0, 0, 0, 0, 0, 0, 0, 0, 0, 0, 0, 0, 0, 0, 0, 0, 0, 0]
oracleType =  0
oracleValue =  0
      ╭───╮╭───╮
 q0 : ┤ h ├┤ h ├
      ├───┤├───┤
 q1 : ┤ h ├┤ h ├
      ├───┤├───┤
 q2 : ┤ h ├┤ h ├
      ├───┤├───┤
 q3 : ┤ h ├┤ h ├
      ├───┤├───┤
 q4 : ┤ h ├┤ h ├
      ├───┤├───┤
 q5 : ┤ h ├┤ h ├
      ├───┤├───┤
 q6 : ┤ h ├┤ h ├
      ├───┤├───┤
 q7 : ┤ h ├┤ h ├
      ├───┤├───┤
 q8 : ┤ h ├┤ h ├
      ├───┤├───┤
 q9 : ┤ h ├┤ h ├
      ├───┤├───┤
q10 : ┤ h ├┤ h ├
      ├───┤├───┤
q11 : ┤ h ├┤ h ├
      ├───┤├───┤
q12 : ┤ h ├┤ h ├
      ├───┤├───┤
q13 : ┤ h ├┤ h ├
      ├───┤├───┤
q14 : ┤ h ├┤ h ├
      ├───┤├───┤
q15 : ┤ h ├┤ h ├
      ├───┤├───┤
q16 : ┤ h ├┤ h ├
      ├───┤├───┤
q17 : ┤ h ├┤ h ├
      ├───┤├───┤
q18 : ┤ h ├┤ h ├
      ├───┤├───┤
q19 : ┤ h ├┤ h ├
      ├───┤├───┤
q20 : ┤ h ├┤ h ├
      ├───┤├───┤
q21 : ┤ h ├┤ h ├
      ├───┤├───┤
q22 : ┤ h ├┤ h ├
      ├───┤├───┤
q23 : ┤ x ├┤ h ├
      ╰───╯╰───╯

Input qubits measurement outcome and frequency = { 00000000000000000000000:1 }

The oracle function is constant.
	Command being timed: "python3 deutsch-jozsa.py 24"
	User time (seconds): 0.87
	System time (seconds): 0.42
	Percent of CPU this job got: 91%
	Elapsed (wall clock) time (h:mm:ss or m:ss): 0:01.42
	Average shared text size (kbytes): 0
	Average unshared data size (kbytes): 0
	Average stack size (kbytes): 0
	Average total size (kbytes): 0
	Maximum resident set size (kbytes): 621044
	Average resident set size (kbytes): 0
	Major (requiring I/O) page faults: 0
	Minor (reclaiming a frame) page faults: 41811
	Voluntary context switches: 1906
	Involuntary context switches: 25
	Swaps: 0
	File system inputs: 0
	File system outputs: 16
	Socket messages sent: 0
	Socket messages received: 0
	Signals delivered: 0
	Page size (bytes): 4096
	Exit status: 0
Generated fx for function type = constant: [0, 0, 0, 0, 0, 0, 0, 0, 0, 0, 0, 0, 0, 0, 0, 0, 0, 0, 0, 0, 0, 0, 0]
oracleType =  0
oracleValue =  0
      ╭───╮╭───╮
 q0 : ┤ h ├┤ h ├
      ├───┤├───┤
 q1 : ┤ h ├┤ h ├
      ├───┤├───┤
 q2 : ┤ h ├┤ h ├
      ├───┤├───┤
 q3 : ┤ h ├┤ h ├
      ├───┤├───┤
 q4 : ┤ h ├┤ h ├
      ├───┤├───┤
 q5 : ┤ h ├┤ h ├
      ├───┤├───┤
 q6 : ┤ h ├┤ h ├
      ├───┤├───┤
 q7 : ┤ h ├┤ h ├
      ├───┤├───┤
 q8 : ┤ h ├┤ h ├
      ├───┤├───┤
 q9 : ┤ h ├┤ h ├
      ├───┤├───┤
q10 : ┤ h ├┤ h ├
      ├───┤├───┤
q11 : ┤ h ├┤ h ├
      ├───┤├───┤
q12 : ┤ h ├┤ h ├
      ├───┤├───┤
q13 : ┤ h ├┤ h ├
      ├───┤├───┤
q14 : ┤ h ├┤ h ├
      ├───┤├───┤
q15 : ┤ h ├┤ h ├
      ├───┤├───┤
q16 : ┤ h ├┤ h ├
      ├───┤├───┤
q17 : ┤ h ├┤ h ├
      ├───┤├───┤
q18 : ┤ h ├┤ h ├
      ├───┤├───┤
q19 : ┤ h ├┤ h ├
      ├───┤├───┤
q20 : ┤ h ├┤ h ├
      ├───┤├───┤
q21 : ┤ h ├┤ h ├
      ├───┤├───┤
q22 : ┤ h ├┤ h ├
      ├───┤├───┤
q23 : ┤ x ├┤ h ├
      ╰───╯╰───╯

Input qubits measurement outcome and frequency = { 00000000000000000000000:1 }

The oracle function is constant.
	Command being timed: "python3 deutsch-jozsa.py 24"
	User time (seconds): 0.87
	System time (seconds): 0.43
	Percent of CPU this job got: 92%
	Elapsed (wall clock) time (h:mm:ss or m:ss): 0:01.40
	Average shared text size (kbytes): 0
	Average unshared data size (kbytes): 0
	Average stack size (kbytes): 0
	Average total size (kbytes): 0
	Maximum resident set size (kbytes): 621272
	Average resident set size (kbytes): 0
	Major (requiring I/O) page faults: 0
	Minor (reclaiming a frame) page faults: 42002
	Voluntary context switches: 1548
	Involuntary context switches: 25
	Swaps: 0
	File system inputs: 0
	File system outputs: 24
	Socket messages sent: 0
	Socket messages received: 0
	Signals delivered: 0
	Page size (bytes): 4096
	Exit status: 0
Generated fx for function type = constant: [1, 1, 1, 1, 1, 1, 1, 1, 1, 1, 1, 1, 1, 1, 1, 1, 1, 1, 1, 1, 1, 1, 1]
oracleType =  0
oracleValue =  1
      ╭───╮╭───╮     
 q0 : ┤ h ├┤ h ├─────
      ├───┤├───┤     
 q1 : ┤ h ├┤ h ├─────
      ├───┤├───┤     
 q2 : ┤ h ├┤ h ├─────
      ├───┤├───┤     
 q3 : ┤ h ├┤ h ├─────
      ├───┤├───┤     
 q4 : ┤ h ├┤ h ├─────
      ├───┤├───┤     
 q5 : ┤ h ├┤ h ├─────
      ├───┤├───┤     
 q6 : ┤ h ├┤ h ├─────
      ├───┤├───┤     
 q7 : ┤ h ├┤ h ├─────
      ├───┤├───┤     
 q8 : ┤ h ├┤ h ├─────
      ├───┤├───┤     
 q9 : ┤ h ├┤ h ├─────
      ├───┤├───┤     
q10 : ┤ h ├┤ h ├─────
      ├───┤├───┤     
q11 : ┤ h ├┤ h ├─────
      ├───┤├───┤     
q12 : ┤ h ├┤ h ├─────
      ├───┤├───┤     
q13 : ┤ h ├┤ h ├─────
      ├───┤├───┤     
q14 : ┤ h ├┤ h ├─────
      ├───┤├───┤     
q15 : ┤ h ├┤ h ├─────
      ├───┤├───┤     
q16 : ┤ h ├┤ h ├─────
      ├───┤├───┤     
q17 : ┤ h ├┤ h ├─────
      ├───┤├───┤     
q18 : ┤ h ├┤ h ├─────
      ├───┤├───┤     
q19 : ┤ h ├┤ h ├─────
      ├───┤├───┤     
q20 : ┤ h ├┤ h ├─────
      ├───┤├───┤     
q21 : ┤ h ├┤ h ├─────
      ├───┤├───┤     
q22 : ┤ h ├┤ h ├─────
      ├───┤├───┤╭───╮
q23 : ┤ x ├┤ h ├┤ x ├
      ╰───╯╰───╯╰───╯

Input qubits measurement outcome and frequency = { 00000000000000000000000:1 }

The oracle function is constant.
	Command being timed: "python3 deutsch-jozsa.py 24"
	User time (seconds): 0.87
	System time (seconds): 0.42
	Percent of CPU this job got: 94%
	Elapsed (wall clock) time (h:mm:ss or m:ss): 0:01.37
	Average shared text size (kbytes): 0
	Average unshared data size (kbytes): 0
	Average stack size (kbytes): 0
	Average total size (kbytes): 0
	Maximum resident set size (kbytes): 621096
	Average resident set size (kbytes): 0
	Major (requiring I/O) page faults: 0
	Minor (reclaiming a frame) page faults: 42606
	Voluntary context switches: 1528
	Involuntary context switches: 26
	Swaps: 0
	File system inputs: 0
	File system outputs: 24
	Socket messages sent: 0
	Socket messages received: 0
	Signals delivered: 0
	Page size (bytes): 4096
	Exit status: 0
Generated fx for function type = constant: [1, 1, 1, 1, 1, 1, 1, 1, 1, 1, 1, 1, 1, 1, 1, 1, 1, 1, 1, 1, 1, 1, 1]
oracleType =  0
oracleValue =  1
      ╭───╮╭───╮     
 q0 : ┤ h ├┤ h ├─────
      ├───┤├───┤     
 q1 : ┤ h ├┤ h ├─────
      ├───┤├───┤     
 q2 : ┤ h ├┤ h ├─────
      ├───┤├───┤     
 q3 : ┤ h ├┤ h ├─────
      ├───┤├───┤     
 q4 : ┤ h ├┤ h ├─────
      ├───┤├───┤     
 q5 : ┤ h ├┤ h ├─────
      ├───┤├───┤     
 q6 : ┤ h ├┤ h ├─────
      ├───┤├───┤     
 q7 : ┤ h ├┤ h ├─────
      ├───┤├───┤     
 q8 : ┤ h ├┤ h ├─────
      ├───┤├───┤     
 q9 : ┤ h ├┤ h ├─────
      ├───┤├───┤     
q10 : ┤ h ├┤ h ├─────
      ├───┤├───┤     
q11 : ┤ h ├┤ h ├─────
      ├───┤├───┤     
q12 : ┤ h ├┤ h ├─────
      ├───┤├───┤     
q13 : ┤ h ├┤ h ├─────
      ├───┤├───┤     
q14 : ┤ h ├┤ h ├─────
      ├───┤├───┤     
q15 : ┤ h ├┤ h ├─────
      ├───┤├───┤     
q16 : ┤ h ├┤ h ├─────
      ├───┤├───┤     
q17 : ┤ h ├┤ h ├─────
      ├───┤├───┤     
q18 : ┤ h ├┤ h ├─────
      ├───┤├───┤     
q19 : ┤ h ├┤ h ├─────
      ├───┤├───┤     
q20 : ┤ h ├┤ h ├─────
      ├───┤├───┤     
q21 : ┤ h ├┤ h ├─────
      ├───┤├───┤     
q22 : ┤ h ├┤ h ├─────
      ├───┤├───┤╭───╮
q23 : ┤ x ├┤ h ├┤ x ├
      ╰───╯╰───╯╰───╯

Input qubits measurement outcome and frequency = { 00000000000000000000000:1 }

The oracle function is constant.
	Command being timed: "python3 deutsch-jozsa.py 24"
	User time (seconds): 0.87
	System time (seconds): 0.42
	Percent of CPU this job got: 93%
	Elapsed (wall clock) time (h:mm:ss or m:ss): 0:01.38
	Average shared text size (kbytes): 0
	Average unshared data size (kbytes): 0
	Average stack size (kbytes): 0
	Average total size (kbytes): 0
	Maximum resident set size (kbytes): 617808
	Average resident set size (kbytes): 0
	Major (requiring I/O) page faults: 0
	Minor (reclaiming a frame) page faults: 42736
	Voluntary context switches: 1530
	Involuntary context switches: 25
	Swaps: 0
	File system inputs: 0
	File system outputs: 16
	Socket messages sent: 0
	Socket messages received: 0
	Signals delivered: 0
	Page size (bytes): 4096
	Exit status: 0
Generated fx for function type = constant: [1, 1, 1, 1, 1, 1, 1, 1, 1, 1, 1, 1, 1, 1, 1, 1, 1, 1, 1, 1, 1, 1, 1]
oracleType =  0
oracleValue =  1
      ╭───╮╭───╮     
 q0 : ┤ h ├┤ h ├─────
      ├───┤├───┤     
 q1 : ┤ h ├┤ h ├─────
      ├───┤├───┤     
 q2 : ┤ h ├┤ h ├─────
      ├───┤├───┤     
 q3 : ┤ h ├┤ h ├─────
      ├───┤├───┤     
 q4 : ┤ h ├┤ h ├─────
      ├───┤├───┤     
 q5 : ┤ h ├┤ h ├─────
      ├───┤├───┤     
 q6 : ┤ h ├┤ h ├─────
      ├───┤├───┤     
 q7 : ┤ h ├┤ h ├─────
      ├───┤├───┤     
 q8 : ┤ h ├┤ h ├─────
      ├───┤├───┤     
 q9 : ┤ h ├┤ h ├─────
      ├───┤├───┤     
q10 : ┤ h ├┤ h ├─────
      ├───┤├───┤     
q11 : ┤ h ├┤ h ├─────
      ├───┤├───┤     
q12 : ┤ h ├┤ h ├─────
      ├───┤├───┤     
q13 : ┤ h ├┤ h ├─────
      ├───┤├───┤     
q14 : ┤ h ├┤ h ├─────
      ├───┤├───┤     
q15 : ┤ h ├┤ h ├─────
      ├───┤├───┤     
q16 : ┤ h ├┤ h ├─────
      ├───┤├───┤     
q17 : ┤ h ├┤ h ├─────
      ├───┤├───┤     
q18 : ┤ h ├┤ h ├─────
      ├───┤├───┤     
q19 : ┤ h ├┤ h ├─────
      ├───┤├───┤     
q20 : ┤ h ├┤ h ├─────
      ├───┤├───┤     
q21 : ┤ h ├┤ h ├─────
      ├───┤├───┤     
q22 : ┤ h ├┤ h ├─────
      ├───┤├───┤╭───╮
q23 : ┤ x ├┤ h ├┤ x ├
      ╰───╯╰───╯╰───╯

Input qubits measurement outcome and frequency = { 00000000000000000000000:1 }

The oracle function is constant.
	Command being timed: "python3 deutsch-jozsa.py 24"
	User time (seconds): 0.86
	System time (seconds): 0.44
	Percent of CPU this job got: 93%
	Elapsed (wall clock) time (h:mm:ss or m:ss): 0:01.39
	Average shared text size (kbytes): 0
	Average unshared data size (kbytes): 0
	Average stack size (kbytes): 0
	Average total size (kbytes): 0
	Maximum resident set size (kbytes): 620812
	Average resident set size (kbytes): 0
	Major (requiring I/O) page faults: 0
	Minor (reclaiming a frame) page faults: 42281
	Voluntary context switches: 1526
	Involuntary context switches: 31
	Swaps: 0
	File system inputs: 0
	File system outputs: 24
	Socket messages sent: 0
	Socket messages received: 0
	Signals delivered: 0
	Page size (bytes): 4096
	Exit status: 0
Generated fx for function type = constant: [1, 1, 1, 1, 1, 1, 1, 1, 1, 1, 1, 1, 1, 1, 1, 1, 1, 1, 1, 1, 1, 1, 1]
oracleType =  0
oracleValue =  1
      ╭───╮╭───╮     
 q0 : ┤ h ├┤ h ├─────
      ├───┤├───┤     
 q1 : ┤ h ├┤ h ├─────
      ├───┤├───┤     
 q2 : ┤ h ├┤ h ├─────
      ├───┤├───┤     
 q3 : ┤ h ├┤ h ├─────
      ├───┤├───┤     
 q4 : ┤ h ├┤ h ├─────
      ├───┤├───┤     
 q5 : ┤ h ├┤ h ├─────
      ├───┤├───┤     
 q6 : ┤ h ├┤ h ├─────
      ├───┤├───┤     
 q7 : ┤ h ├┤ h ├─────
      ├───┤├───┤     
 q8 : ┤ h ├┤ h ├─────
      ├───┤├───┤     
 q9 : ┤ h ├┤ h ├─────
      ├───┤├───┤     
q10 : ┤ h ├┤ h ├─────
      ├───┤├───┤     
q11 : ┤ h ├┤ h ├─────
      ├───┤├───┤     
q12 : ┤ h ├┤ h ├─────
      ├───┤├───┤     
q13 : ┤ h ├┤ h ├─────
      ├───┤├───┤     
q14 : ┤ h ├┤ h ├─────
      ├───┤├───┤     
q15 : ┤ h ├┤ h ├─────
      ├───┤├───┤     
q16 : ┤ h ├┤ h ├─────
      ├───┤├───┤     
q17 : ┤ h ├┤ h ├─────
      ├───┤├───┤     
q18 : ┤ h ├┤ h ├─────
      ├───┤├───┤     
q19 : ┤ h ├┤ h ├─────
      ├───┤├───┤     
q20 : ┤ h ├┤ h ├─────
      ├───┤├───┤     
q21 : ┤ h ├┤ h ├─────
      ├───┤├───┤     
q22 : ┤ h ├┤ h ├─────
      ├───┤├───┤╭───╮
q23 : ┤ x ├┤ h ├┤ x ├
      ╰───╯╰───╯╰───╯

Input qubits measurement outcome and frequency = { 00000000000000000000000:1 }

The oracle function is constant.
	Command being timed: "python3 deutsch-jozsa.py 24"
	User time (seconds): 0.86
	System time (seconds): 0.44
	Percent of CPU this job got: 93%
	Elapsed (wall clock) time (h:mm:ss or m:ss): 0:01.40
	Average shared text size (kbytes): 0
	Average unshared data size (kbytes): 0
	Average stack size (kbytes): 0
	Average total size (kbytes): 0
	Maximum resident set size (kbytes): 617908
	Average resident set size (kbytes): 0
	Major (requiring I/O) page faults: 0
	Minor (reclaiming a frame) page faults: 42045
	Voluntary context switches: 1530
	Involuntary context switches: 28
	Swaps: 0
	File system inputs: 0
	File system outputs: 24
	Socket messages sent: 0
	Socket messages received: 0
	Signals delivered: 0
	Page size (bytes): 4096
	Exit status: 0
Generated fx for function type = constant: [1, 1, 1, 1, 1, 1, 1, 1, 1, 1, 1, 1, 1, 1, 1, 1, 1, 1, 1, 1, 1, 1, 1]
oracleType =  0
oracleValue =  1
      ╭───╮╭───╮     
 q0 : ┤ h ├┤ h ├─────
      ├───┤├───┤     
 q1 : ┤ h ├┤ h ├─────
      ├───┤├───┤     
 q2 : ┤ h ├┤ h ├─────
      ├───┤├───┤     
 q3 : ┤ h ├┤ h ├─────
      ├───┤├───┤     
 q4 : ┤ h ├┤ h ├─────
      ├───┤├───┤     
 q5 : ┤ h ├┤ h ├─────
      ├───┤├───┤     
 q6 : ┤ h ├┤ h ├─────
      ├───┤├───┤     
 q7 : ┤ h ├┤ h ├─────
      ├───┤├───┤     
 q8 : ┤ h ├┤ h ├─────
      ├───┤├───┤     
 q9 : ┤ h ├┤ h ├─────
      ├───┤├───┤     
q10 : ┤ h ├┤ h ├─────
      ├───┤├───┤     
q11 : ┤ h ├┤ h ├─────
      ├───┤├───┤     
q12 : ┤ h ├┤ h ├─────
      ├───┤├───┤     
q13 : ┤ h ├┤ h ├─────
      ├───┤├───┤     
q14 : ┤ h ├┤ h ├─────
      ├───┤├───┤     
q15 : ┤ h ├┤ h ├─────
      ├───┤├───┤     
q16 : ┤ h ├┤ h ├─────
      ├───┤├───┤     
q17 : ┤ h ├┤ h ├─────
      ├───┤├───┤     
q18 : ┤ h ├┤ h ├─────
      ├───┤├───┤     
q19 : ┤ h ├┤ h ├─────
      ├───┤├───┤     
q20 : ┤ h ├┤ h ├─────
      ├───┤├───┤     
q21 : ┤ h ├┤ h ├─────
      ├───┤├───┤     
q22 : ┤ h ├┤ h ├─────
      ├───┤├───┤╭───╮
q23 : ┤ x ├┤ h ├┤ x ├
      ╰───╯╰───╯╰───╯

Input qubits measurement outcome and frequency = { 00000000000000000000000:1 }

The oracle function is constant.
	Command being timed: "python3 deutsch-jozsa.py 24"
	User time (seconds): 0.84
	System time (seconds): 0.45
	Percent of CPU this job got: 93%
	Elapsed (wall clock) time (h:mm:ss or m:ss): 0:01.39
	Average shared text size (kbytes): 0
	Average unshared data size (kbytes): 0
	Average stack size (kbytes): 0
	Average total size (kbytes): 0
	Maximum resident set size (kbytes): 620068
	Average resident set size (kbytes): 0
	Major (requiring I/O) page faults: 0
	Minor (reclaiming a frame) page faults: 42296
	Voluntary context switches: 1523
	Involuntary context switches: 30
	Swaps: 0
	File system inputs: 0
	File system outputs: 24
	Socket messages sent: 0
	Socket messages received: 0
	Signals delivered: 0
	Page size (bytes): 4096
	Exit status: 0
Generated fx for function type = constant: [0, 0, 0, 0, 0, 0, 0, 0, 0, 0, 0, 0, 0, 0, 0, 0, 0, 0, 0, 0, 0, 0, 0]
oracleType =  0
oracleValue =  0
      ╭───╮╭───╮
 q0 : ┤ h ├┤ h ├
      ├───┤├───┤
 q1 : ┤ h ├┤ h ├
      ├───┤├───┤
 q2 : ┤ h ├┤ h ├
      ├───┤├───┤
 q3 : ┤ h ├┤ h ├
      ├───┤├───┤
 q4 : ┤ h ├┤ h ├
      ├───┤├───┤
 q5 : ┤ h ├┤ h ├
      ├───┤├───┤
 q6 : ┤ h ├┤ h ├
      ├───┤├───┤
 q7 : ┤ h ├┤ h ├
      ├───┤├───┤
 q8 : ┤ h ├┤ h ├
      ├───┤├───┤
 q9 : ┤ h ├┤ h ├
      ├───┤├───┤
q10 : ┤ h ├┤ h ├
      ├───┤├───┤
q11 : ┤ h ├┤ h ├
      ├───┤├───┤
q12 : ┤ h ├┤ h ├
      ├───┤├───┤
q13 : ┤ h ├┤ h ├
      ├───┤├───┤
q14 : ┤ h ├┤ h ├
      ├───┤├───┤
q15 : ┤ h ├┤ h ├
      ├───┤├───┤
q16 : ┤ h ├┤ h ├
      ├───┤├───┤
q17 : ┤ h ├┤ h ├
      ├───┤├───┤
q18 : ┤ h ├┤ h ├
      ├───┤├───┤
q19 : ┤ h ├┤ h ├
      ├───┤├───┤
q20 : ┤ h ├┤ h ├
      ├───┤├───┤
q21 : ┤ h ├┤ h ├
      ├───┤├───┤
q22 : ┤ h ├┤ h ├
      ├───┤├───┤
q23 : ┤ x ├┤ h ├
      ╰───╯╰───╯

Input qubits measurement outcome and frequency = { 00000000000000000000000:1 }

The oracle function is constant.
	Command being timed: "python3 deutsch-jozsa.py 24"
	User time (seconds): 0.87
	System time (seconds): 0.42
	Percent of CPU this job got: 93%
	Elapsed (wall clock) time (h:mm:ss or m:ss): 0:01.39
	Average shared text size (kbytes): 0
	Average unshared data size (kbytes): 0
	Average stack size (kbytes): 0
	Average total size (kbytes): 0
	Maximum resident set size (kbytes): 617832
	Average resident set size (kbytes): 0
	Major (requiring I/O) page faults: 0
	Minor (reclaiming a frame) page faults: 42715
	Voluntary context switches: 1522
	Involuntary context switches: 31
	Swaps: 0
	File system inputs: 0
	File system outputs: 16
	Socket messages sent: 0
	Socket messages received: 0
	Signals delivered: 0
	Page size (bytes): 4096
	Exit status: 0
