WARNING: overwriting environment variables set in the machine
overwriting variable ['LD_LIBRARY_PATH']
Generated fx for function type = constant: [1, 1, 1, 1, 1, 1, 1, 1, 1, 1, 1, 1, 1, 1, 1, 1, 1, 1, 1, 1, 1, 1, 1, 1, 1]
oracleType =  0
oracleValue =  1
      ╭───╮╭───╮     
 q0 : ┤ h ├┤ h ├─────
      ├───┤├───┤     
 q1 : ┤ h ├┤ h ├─────
      ├───┤├───┤     
 q2 : ┤ h ├┤ h ├─────
      ├───┤├───┤     
 q3 : ┤ h ├┤ h ├─────
      ├───┤├───┤     
 q4 : ┤ h ├┤ h ├─────
      ├───┤├───┤     
 q5 : ┤ h ├┤ h ├─────
      ├───┤├───┤     
 q6 : ┤ h ├┤ h ├─────
      ├───┤├───┤     
 q7 : ┤ h ├┤ h ├─────
      ├───┤├───┤     
 q8 : ┤ h ├┤ h ├─────
      ├───┤├───┤     
 q9 : ┤ h ├┤ h ├─────
      ├───┤├───┤     
q10 : ┤ h ├┤ h ├─────
      ├───┤├───┤     
q11 : ┤ h ├┤ h ├─────
      ├───┤├───┤     
q12 : ┤ h ├┤ h ├─────
      ├───┤├───┤     
q13 : ┤ h ├┤ h ├─────
      ├───┤├───┤     
q14 : ┤ h ├┤ h ├─────
      ├───┤├───┤     
q15 : ┤ h ├┤ h ├─────
      ├───┤├───┤     
q16 : ┤ h ├┤ h ├─────
      ├───┤├───┤     
q17 : ┤ h ├┤ h ├─────
      ├───┤├───┤     
q18 : ┤ h ├┤ h ├─────
      ├───┤├───┤     
q19 : ┤ h ├┤ h ├─────
      ├───┤├───┤     
q20 : ┤ h ├┤ h ├─────
      ├───┤├───┤     
q21 : ┤ h ├┤ h ├─────
      ├───┤├───┤     
q22 : ┤ h ├┤ h ├─────
      ├───┤├───┤     
q23 : ┤ h ├┤ h ├─────
      ├───┤├───┤     
q24 : ┤ h ├┤ h ├─────
      ├───┤├───┤╭───╮
q25 : ┤ x ├┤ h ├┤ x ├
      ╰───╯╰───╯╰───╯

Input qubits measurement outcome and frequency = { 0000000000000000000000000:1 }

The oracle function is constant.
	Command being timed: "python3 deutsch-jozsa.py 26"
	User time (seconds): 0.88
	System time (seconds): 0.47
	Percent of CPU this job got: 88%
	Elapsed (wall clock) time (h:mm:ss or m:ss): 0:01.52
	Average shared text size (kbytes): 0
	Average unshared data size (kbytes): 0
	Average stack size (kbytes): 0
	Average total size (kbytes): 0
	Maximum resident set size (kbytes): 620200
	Average resident set size (kbytes): 0
	Major (requiring I/O) page faults: 0
	Minor (reclaiming a frame) page faults: 43122
	Voluntary context switches: 3098
	Involuntary context switches: 27
	Swaps: 0
	File system inputs: 0
	File system outputs: 16
	Socket messages sent: 0
	Socket messages received: 0
	Signals delivered: 0
	Page size (bytes): 4096
	Exit status: 0
Generated fx for function type = constant: [1, 1, 1, 1, 1, 1, 1, 1, 1, 1, 1, 1, 1, 1, 1, 1, 1, 1, 1, 1, 1, 1, 1, 1, 1]
oracleType =  0
oracleValue =  1
      ╭───╮╭───╮     
 q0 : ┤ h ├┤ h ├─────
      ├───┤├───┤     
 q1 : ┤ h ├┤ h ├─────
      ├───┤├───┤     
 q2 : ┤ h ├┤ h ├─────
      ├───┤├───┤     
 q3 : ┤ h ├┤ h ├─────
      ├───┤├───┤     
 q4 : ┤ h ├┤ h ├─────
      ├───┤├───┤     
 q5 : ┤ h ├┤ h ├─────
      ├───┤├───┤     
 q6 : ┤ h ├┤ h ├─────
      ├───┤├───┤     
 q7 : ┤ h ├┤ h ├─────
      ├───┤├───┤     
 q8 : ┤ h ├┤ h ├─────
      ├───┤├───┤     
 q9 : ┤ h ├┤ h ├─────
      ├───┤├───┤     
q10 : ┤ h ├┤ h ├─────
      ├───┤├───┤     
q11 : ┤ h ├┤ h ├─────
      ├───┤├───┤     
q12 : ┤ h ├┤ h ├─────
      ├───┤├───┤     
q13 : ┤ h ├┤ h ├─────
      ├───┤├───┤     
q14 : ┤ h ├┤ h ├─────
      ├───┤├───┤     
q15 : ┤ h ├┤ h ├─────
      ├───┤├───┤     
q16 : ┤ h ├┤ h ├─────
      ├───┤├───┤     
q17 : ┤ h ├┤ h ├─────
      ├───┤├───┤     
q18 : ┤ h ├┤ h ├─────
      ├───┤├───┤     
q19 : ┤ h ├┤ h ├─────
      ├───┤├───┤     
q20 : ┤ h ├┤ h ├─────
      ├───┤├───┤     
q21 : ┤ h ├┤ h ├─────
      ├───┤├───┤     
q22 : ┤ h ├┤ h ├─────
      ├───┤├───┤     
q23 : ┤ h ├┤ h ├─────
      ├───┤├───┤     
q24 : ┤ h ├┤ h ├─────
      ├───┤├───┤╭───╮
q25 : ┤ x ├┤ h ├┤ x ├
      ╰───╯╰───╯╰───╯

Input qubits measurement outcome and frequency = { 0000000000000000000000000:1 }

The oracle function is constant.
	Command being timed: "python3 deutsch-jozsa.py 26"
	User time (seconds): 0.90
	System time (seconds): 0.41
	Percent of CPU this job got: 91%
	Elapsed (wall clock) time (h:mm:ss or m:ss): 0:01.43
	Average shared text size (kbytes): 0
	Average unshared data size (kbytes): 0
	Average stack size (kbytes): 0
	Average total size (kbytes): 0
	Maximum resident set size (kbytes): 621576
	Average resident set size (kbytes): 0
	Major (requiring I/O) page faults: 0
	Minor (reclaiming a frame) page faults: 42058
	Voluntary context switches: 2066
	Involuntary context switches: 25
	Swaps: 0
	File system inputs: 0
	File system outputs: 24
	Socket messages sent: 0
	Socket messages received: 0
	Signals delivered: 0
	Page size (bytes): 4096
	Exit status: 0
Generated fx for function type = constant: [1, 1, 1, 1, 1, 1, 1, 1, 1, 1, 1, 1, 1, 1, 1, 1, 1, 1, 1, 1, 1, 1, 1, 1, 1]
oracleType =  0
oracleValue =  1
      ╭───╮╭───╮     
 q0 : ┤ h ├┤ h ├─────
      ├───┤├───┤     
 q1 : ┤ h ├┤ h ├─────
      ├───┤├───┤     
 q2 : ┤ h ├┤ h ├─────
      ├───┤├───┤     
 q3 : ┤ h ├┤ h ├─────
      ├───┤├───┤     
 q4 : ┤ h ├┤ h ├─────
      ├───┤├───┤     
 q5 : ┤ h ├┤ h ├─────
      ├───┤├───┤     
 q6 : ┤ h ├┤ h ├─────
      ├───┤├───┤     
 q7 : ┤ h ├┤ h ├─────
      ├───┤├───┤     
 q8 : ┤ h ├┤ h ├─────
      ├───┤├───┤     
 q9 : ┤ h ├┤ h ├─────
      ├───┤├───┤     
q10 : ┤ h ├┤ h ├─────
      ├───┤├───┤     
q11 : ┤ h ├┤ h ├─────
      ├───┤├───┤     
q12 : ┤ h ├┤ h ├─────
      ├───┤├───┤     
q13 : ┤ h ├┤ h ├─────
      ├───┤├───┤     
q14 : ┤ h ├┤ h ├─────
      ├───┤├───┤     
q15 : ┤ h ├┤ h ├─────
      ├───┤├───┤     
q16 : ┤ h ├┤ h ├─────
      ├───┤├───┤     
q17 : ┤ h ├┤ h ├─────
      ├───┤├───┤     
q18 : ┤ h ├┤ h ├─────
      ├───┤├───┤     
q19 : ┤ h ├┤ h ├─────
      ├───┤├───┤     
q20 : ┤ h ├┤ h ├─────
      ├───┤├───┤     
q21 : ┤ h ├┤ h ├─────
      ├───┤├───┤     
q22 : ┤ h ├┤ h ├─────
      ├───┤├───┤     
q23 : ┤ h ├┤ h ├─────
      ├───┤├───┤     
q24 : ┤ h ├┤ h ├─────
      ├───┤├───┤╭───╮
q25 : ┤ x ├┤ h ├┤ x ├
      ╰───╯╰───╯╰───╯

Input qubits measurement outcome and frequency = { 0000000000000000000000000:1 }

The oracle function is constant.
	Command being timed: "python3 deutsch-jozsa.py 26"
	User time (seconds): 0.87
	System time (seconds): 0.44
	Percent of CPU this job got: 91%
	Elapsed (wall clock) time (h:mm:ss or m:ss): 0:01.44
	Average shared text size (kbytes): 0
	Average unshared data size (kbytes): 0
	Average stack size (kbytes): 0
	Average total size (kbytes): 0
	Maximum resident set size (kbytes): 618940
	Average resident set size (kbytes): 0
	Major (requiring I/O) page faults: 0
	Minor (reclaiming a frame) page faults: 42419
	Voluntary context switches: 1908
	Involuntary context switches: 24
	Swaps: 0
	File system inputs: 0
	File system outputs: 24
	Socket messages sent: 0
	Socket messages received: 0
	Signals delivered: 0
	Page size (bytes): 4096
	Exit status: 0
Generated fx for function type = constant: [0, 0, 0, 0, 0, 0, 0, 0, 0, 0, 0, 0, 0, 0, 0, 0, 0, 0, 0, 0, 0, 0, 0, 0, 0]
oracleType =  0
oracleValue =  0
      ╭───╮╭───╮
 q0 : ┤ h ├┤ h ├
      ├───┤├───┤
 q1 : ┤ h ├┤ h ├
      ├───┤├───┤
 q2 : ┤ h ├┤ h ├
      ├───┤├───┤
 q3 : ┤ h ├┤ h ├
      ├───┤├───┤
 q4 : ┤ h ├┤ h ├
      ├───┤├───┤
 q5 : ┤ h ├┤ h ├
      ├───┤├───┤
 q6 : ┤ h ├┤ h ├
      ├───┤├───┤
 q7 : ┤ h ├┤ h ├
      ├───┤├───┤
 q8 : ┤ h ├┤ h ├
      ├───┤├───┤
 q9 : ┤ h ├┤ h ├
      ├───┤├───┤
q10 : ┤ h ├┤ h ├
      ├───┤├───┤
q11 : ┤ h ├┤ h ├
      ├───┤├───┤
q12 : ┤ h ├┤ h ├
      ├───┤├───┤
q13 : ┤ h ├┤ h ├
      ├───┤├───┤
q14 : ┤ h ├┤ h ├
      ├───┤├───┤
q15 : ┤ h ├┤ h ├
      ├───┤├───┤
q16 : ┤ h ├┤ h ├
      ├───┤├───┤
q17 : ┤ h ├┤ h ├
      ├───┤├───┤
q18 : ┤ h ├┤ h ├
      ├───┤├───┤
q19 : ┤ h ├┤ h ├
      ├───┤├───┤
q20 : ┤ h ├┤ h ├
      ├───┤├───┤
q21 : ┤ h ├┤ h ├
      ├───┤├───┤
q22 : ┤ h ├┤ h ├
      ├───┤├───┤
q23 : ┤ h ├┤ h ├
      ├───┤├───┤
q24 : ┤ h ├┤ h ├
      ├───┤├───┤
q25 : ┤ x ├┤ h ├
      ╰───╯╰───╯

Input qubits measurement outcome and frequency = { 0000000000000000000000000:1 }

The oracle function is constant.
	Command being timed: "python3 deutsch-jozsa.py 26"
	User time (seconds): 0.90
	System time (seconds): 0.41
	Percent of CPU this job got: 92%
	Elapsed (wall clock) time (h:mm:ss or m:ss): 0:01.42
	Average shared text size (kbytes): 0
	Average unshared data size (kbytes): 0
	Average stack size (kbytes): 0
	Average total size (kbytes): 0
	Maximum resident set size (kbytes): 620308
	Average resident set size (kbytes): 0
	Major (requiring I/O) page faults: 0
	Minor (reclaiming a frame) page faults: 42218
	Voluntary context switches: 1550
	Involuntary context switches: 28
	Swaps: 0
	File system inputs: 0
	File system outputs: 16
	Socket messages sent: 0
	Socket messages received: 0
	Signals delivered: 0
	Page size (bytes): 4096
	Exit status: 0
Generated fx for function type = constant: [0, 0, 0, 0, 0, 0, 0, 0, 0, 0, 0, 0, 0, 0, 0, 0, 0, 0, 0, 0, 0, 0, 0, 0, 0]
oracleType =  0
oracleValue =  0
      ╭───╮╭───╮
 q0 : ┤ h ├┤ h ├
      ├───┤├───┤
 q1 : ┤ h ├┤ h ├
      ├───┤├───┤
 q2 : ┤ h ├┤ h ├
      ├───┤├───┤
 q3 : ┤ h ├┤ h ├
      ├───┤├───┤
 q4 : ┤ h ├┤ h ├
      ├───┤├───┤
 q5 : ┤ h ├┤ h ├
      ├───┤├───┤
 q6 : ┤ h ├┤ h ├
      ├───┤├───┤
 q7 : ┤ h ├┤ h ├
      ├───┤├───┤
 q8 : ┤ h ├┤ h ├
      ├───┤├───┤
 q9 : ┤ h ├┤ h ├
      ├───┤├───┤
q10 : ┤ h ├┤ h ├
      ├───┤├───┤
q11 : ┤ h ├┤ h ├
      ├───┤├───┤
q12 : ┤ h ├┤ h ├
      ├───┤├───┤
q13 : ┤ h ├┤ h ├
      ├───┤├───┤
q14 : ┤ h ├┤ h ├
      ├───┤├───┤
q15 : ┤ h ├┤ h ├
      ├───┤├───┤
q16 : ┤ h ├┤ h ├
      ├───┤├───┤
q17 : ┤ h ├┤ h ├
      ├───┤├───┤
q18 : ┤ h ├┤ h ├
      ├───┤├───┤
q19 : ┤ h ├┤ h ├
      ├───┤├───┤
q20 : ┤ h ├┤ h ├
      ├───┤├───┤
q21 : ┤ h ├┤ h ├
      ├───┤├───┤
q22 : ┤ h ├┤ h ├
      ├───┤├───┤
q23 : ┤ h ├┤ h ├
      ├───┤├───┤
q24 : ┤ h ├┤ h ├
      ├───┤├───┤
q25 : ┤ x ├┤ h ├
      ╰───╯╰───╯

Input qubits measurement outcome and frequency = { 0000000000000000000000000:1 }

The oracle function is constant.
	Command being timed: "python3 deutsch-jozsa.py 26"
	User time (seconds): 0.90
	System time (seconds): 0.40
	Percent of CPU this job got: 93%
	Elapsed (wall clock) time (h:mm:ss or m:ss): 0:01.39
	Average shared text size (kbytes): 0
	Average unshared data size (kbytes): 0
	Average stack size (kbytes): 0
	Average total size (kbytes): 0
	Maximum resident set size (kbytes): 619392
	Average resident set size (kbytes): 0
	Major (requiring I/O) page faults: 0
	Minor (reclaiming a frame) page faults: 42165
	Voluntary context switches: 1534
	Involuntary context switches: 27
	Swaps: 0
	File system inputs: 0
	File system outputs: 16
	Socket messages sent: 0
	Socket messages received: 0
	Signals delivered: 0
	Page size (bytes): 4096
	Exit status: 0
Generated fx for function type = constant: [1, 1, 1, 1, 1, 1, 1, 1, 1, 1, 1, 1, 1, 1, 1, 1, 1, 1, 1, 1, 1, 1, 1, 1, 1]
oracleType =  0
oracleValue =  1
      ╭───╮╭───╮     
 q0 : ┤ h ├┤ h ├─────
      ├───┤├───┤     
 q1 : ┤ h ├┤ h ├─────
      ├───┤├───┤     
 q2 : ┤ h ├┤ h ├─────
      ├───┤├───┤     
 q3 : ┤ h ├┤ h ├─────
      ├───┤├───┤     
 q4 : ┤ h ├┤ h ├─────
      ├───┤├───┤     
 q5 : ┤ h ├┤ h ├─────
      ├───┤├───┤     
 q6 : ┤ h ├┤ h ├─────
      ├───┤├───┤     
 q7 : ┤ h ├┤ h ├─────
      ├───┤├───┤     
 q8 : ┤ h ├┤ h ├─────
      ├───┤├───┤     
 q9 : ┤ h ├┤ h ├─────
      ├───┤├───┤     
q10 : ┤ h ├┤ h ├─────
      ├───┤├───┤     
q11 : ┤ h ├┤ h ├─────
      ├───┤├───┤     
q12 : ┤ h ├┤ h ├─────
      ├───┤├───┤     
q13 : ┤ h ├┤ h ├─────
      ├───┤├───┤     
q14 : ┤ h ├┤ h ├─────
      ├───┤├───┤     
q15 : ┤ h ├┤ h ├─────
      ├───┤├───┤     
q16 : ┤ h ├┤ h ├─────
      ├───┤├───┤     
q17 : ┤ h ├┤ h ├─────
      ├───┤├───┤     
q18 : ┤ h ├┤ h ├─────
      ├───┤├───┤     
q19 : ┤ h ├┤ h ├─────
      ├───┤├───┤     
q20 : ┤ h ├┤ h ├─────
      ├───┤├───┤     
q21 : ┤ h ├┤ h ├─────
      ├───┤├───┤     
q22 : ┤ h ├┤ h ├─────
      ├───┤├───┤     
q23 : ┤ h ├┤ h ├─────
      ├───┤├───┤     
q24 : ┤ h ├┤ h ├─────
      ├───┤├───┤╭───╮
q25 : ┤ x ├┤ h ├┤ x ├
      ╰───╯╰───╯╰───╯

Input qubits measurement outcome and frequency = { 0000000000000000000000000:1 }

The oracle function is constant.
	Command being timed: "python3 deutsch-jozsa.py 26"
	User time (seconds): 0.85
	System time (seconds): 0.45
	Percent of CPU this job got: 93%
	Elapsed (wall clock) time (h:mm:ss or m:ss): 0:01.40
	Average shared text size (kbytes): 0
	Average unshared data size (kbytes): 0
	Average stack size (kbytes): 0
	Average total size (kbytes): 0
	Maximum resident set size (kbytes): 620660
	Average resident set size (kbytes): 0
	Major (requiring I/O) page faults: 0
	Minor (reclaiming a frame) page faults: 42647
	Voluntary context switches: 1522
	Involuntary context switches: 24
	Swaps: 0
	File system inputs: 0
	File system outputs: 24
	Socket messages sent: 0
	Socket messages received: 0
	Signals delivered: 0
	Page size (bytes): 4096
	Exit status: 0
Generated fx for function type = constant: [1, 1, 1, 1, 1, 1, 1, 1, 1, 1, 1, 1, 1, 1, 1, 1, 1, 1, 1, 1, 1, 1, 1, 1, 1]
oracleType =  0
oracleValue =  1
      ╭───╮╭───╮     
 q0 : ┤ h ├┤ h ├─────
      ├───┤├───┤     
 q1 : ┤ h ├┤ h ├─────
      ├───┤├───┤     
 q2 : ┤ h ├┤ h ├─────
      ├───┤├───┤     
 q3 : ┤ h ├┤ h ├─────
      ├───┤├───┤     
 q4 : ┤ h ├┤ h ├─────
      ├───┤├───┤     
 q5 : ┤ h ├┤ h ├─────
      ├───┤├───┤     
 q6 : ┤ h ├┤ h ├─────
      ├───┤├───┤     
 q7 : ┤ h ├┤ h ├─────
      ├───┤├───┤     
 q8 : ┤ h ├┤ h ├─────
      ├───┤├───┤     
 q9 : ┤ h ├┤ h ├─────
      ├───┤├───┤     
q10 : ┤ h ├┤ h ├─────
      ├───┤├───┤     
q11 : ┤ h ├┤ h ├─────
      ├───┤├───┤     
q12 : ┤ h ├┤ h ├─────
      ├───┤├───┤     
q13 : ┤ h ├┤ h ├─────
      ├───┤├───┤     
q14 : ┤ h ├┤ h ├─────
      ├───┤├───┤     
q15 : ┤ h ├┤ h ├─────
      ├───┤├───┤     
q16 : ┤ h ├┤ h ├─────
      ├───┤├───┤     
q17 : ┤ h ├┤ h ├─────
      ├───┤├───┤     
q18 : ┤ h ├┤ h ├─────
      ├───┤├───┤     
q19 : ┤ h ├┤ h ├─────
      ├───┤├───┤     
q20 : ┤ h ├┤ h ├─────
      ├───┤├───┤     
q21 : ┤ h ├┤ h ├─────
      ├───┤├───┤     
q22 : ┤ h ├┤ h ├─────
      ├───┤├───┤     
q23 : ┤ h ├┤ h ├─────
      ├───┤├───┤     
q24 : ┤ h ├┤ h ├─────
      ├───┤├───┤╭───╮
q25 : ┤ x ├┤ h ├┤ x ├
      ╰───╯╰───╯╰───╯

Input qubits measurement outcome and frequency = { 0000000000000000000000000:1 }

The oracle function is constant.
	Command being timed: "python3 deutsch-jozsa.py 26"
	User time (seconds): 0.85
	System time (seconds): 0.45
	Percent of CPU this job got: 92%
	Elapsed (wall clock) time (h:mm:ss or m:ss): 0:01.41
	Average shared text size (kbytes): 0
	Average unshared data size (kbytes): 0
	Average stack size (kbytes): 0
	Average total size (kbytes): 0
	Maximum resident set size (kbytes): 619840
	Average resident set size (kbytes): 0
	Major (requiring I/O) page faults: 0
	Minor (reclaiming a frame) page faults: 42848
	Voluntary context switches: 1535
	Involuntary context switches: 30
	Swaps: 0
	File system inputs: 0
	File system outputs: 24
	Socket messages sent: 0
	Socket messages received: 0
	Signals delivered: 0
	Page size (bytes): 4096
	Exit status: 0
Generated fx for function type = constant: [1, 1, 1, 1, 1, 1, 1, 1, 1, 1, 1, 1, 1, 1, 1, 1, 1, 1, 1, 1, 1, 1, 1, 1, 1]
oracleType =  0
oracleValue =  1
      ╭───╮╭───╮     
 q0 : ┤ h ├┤ h ├─────
      ├───┤├───┤     
 q1 : ┤ h ├┤ h ├─────
      ├───┤├───┤     
 q2 : ┤ h ├┤ h ├─────
      ├───┤├───┤     
 q3 : ┤ h ├┤ h ├─────
      ├───┤├───┤     
 q4 : ┤ h ├┤ h ├─────
      ├───┤├───┤     
 q5 : ┤ h ├┤ h ├─────
      ├───┤├───┤     
 q6 : ┤ h ├┤ h ├─────
      ├───┤├───┤     
 q7 : ┤ h ├┤ h ├─────
      ├───┤├───┤     
 q8 : ┤ h ├┤ h ├─────
      ├───┤├───┤     
 q9 : ┤ h ├┤ h ├─────
      ├───┤├───┤     
q10 : ┤ h ├┤ h ├─────
      ├───┤├───┤     
q11 : ┤ h ├┤ h ├─────
      ├───┤├───┤     
q12 : ┤ h ├┤ h ├─────
      ├───┤├───┤     
q13 : ┤ h ├┤ h ├─────
      ├───┤├───┤     
q14 : ┤ h ├┤ h ├─────
      ├───┤├───┤     
q15 : ┤ h ├┤ h ├─────
      ├───┤├───┤     
q16 : ┤ h ├┤ h ├─────
      ├───┤├───┤     
q17 : ┤ h ├┤ h ├─────
      ├───┤├───┤     
q18 : ┤ h ├┤ h ├─────
      ├───┤├───┤     
q19 : ┤ h ├┤ h ├─────
      ├───┤├───┤     
q20 : ┤ h ├┤ h ├─────
      ├───┤├───┤     
q21 : ┤ h ├┤ h ├─────
      ├───┤├───┤     
q22 : ┤ h ├┤ h ├─────
      ├───┤├───┤     
q23 : ┤ h ├┤ h ├─────
      ├───┤├───┤     
q24 : ┤ h ├┤ h ├─────
      ├───┤├───┤╭───╮
q25 : ┤ x ├┤ h ├┤ x ├
      ╰───╯╰───╯╰───╯

Input qubits measurement outcome and frequency = { 0000000000000000000000000:1 }

The oracle function is constant.
	Command being timed: "python3 deutsch-jozsa.py 26"
	User time (seconds): 0.89
	System time (seconds): 0.41
	Percent of CPU this job got: 92%
	Elapsed (wall clock) time (h:mm:ss or m:ss): 0:01.42
	Average shared text size (kbytes): 0
	Average unshared data size (kbytes): 0
	Average stack size (kbytes): 0
	Average total size (kbytes): 0
	Maximum resident set size (kbytes): 619996
	Average resident set size (kbytes): 0
	Major (requiring I/O) page faults: 0
	Minor (reclaiming a frame) page faults: 43056
	Voluntary context switches: 1539
	Involuntary context switches: 21
	Swaps: 0
	File system inputs: 0
	File system outputs: 16
	Socket messages sent: 0
	Socket messages received: 0
	Signals delivered: 0
	Page size (bytes): 4096
	Exit status: 0
Generated fx for function type = constant: [0, 0, 0, 0, 0, 0, 0, 0, 0, 0, 0, 0, 0, 0, 0, 0, 0, 0, 0, 0, 0, 0, 0, 0, 0]
oracleType =  0
oracleValue =  0
      ╭───╮╭───╮
 q0 : ┤ h ├┤ h ├
      ├───┤├───┤
 q1 : ┤ h ├┤ h ├
      ├───┤├───┤
 q2 : ┤ h ├┤ h ├
      ├───┤├───┤
 q3 : ┤ h ├┤ h ├
      ├───┤├───┤
 q4 : ┤ h ├┤ h ├
      ├───┤├───┤
 q5 : ┤ h ├┤ h ├
      ├───┤├───┤
 q6 : ┤ h ├┤ h ├
      ├───┤├───┤
 q7 : ┤ h ├┤ h ├
      ├───┤├───┤
 q8 : ┤ h ├┤ h ├
      ├───┤├───┤
 q9 : ┤ h ├┤ h ├
      ├───┤├───┤
q10 : ┤ h ├┤ h ├
      ├───┤├───┤
q11 : ┤ h ├┤ h ├
      ├───┤├───┤
q12 : ┤ h ├┤ h ├
      ├───┤├───┤
q13 : ┤ h ├┤ h ├
      ├───┤├───┤
q14 : ┤ h ├┤ h ├
      ├───┤├───┤
q15 : ┤ h ├┤ h ├
      ├───┤├───┤
q16 : ┤ h ├┤ h ├
      ├───┤├───┤
q17 : ┤ h ├┤ h ├
      ├───┤├───┤
q18 : ┤ h ├┤ h ├
      ├───┤├───┤
q19 : ┤ h ├┤ h ├
      ├───┤├───┤
q20 : ┤ h ├┤ h ├
      ├───┤├───┤
q21 : ┤ h ├┤ h ├
      ├───┤├───┤
q22 : ┤ h ├┤ h ├
      ├───┤├───┤
q23 : ┤ h ├┤ h ├
      ├───┤├───┤
q24 : ┤ h ├┤ h ├
      ├───┤├───┤
q25 : ┤ x ├┤ h ├
      ╰───╯╰───╯

Input qubits measurement outcome and frequency = { 0000000000000000000000000:1 }

The oracle function is constant.
	Command being timed: "python3 deutsch-jozsa.py 26"
	User time (seconds): 0.88
	System time (seconds): 0.43
	Percent of CPU this job got: 93%
	Elapsed (wall clock) time (h:mm:ss or m:ss): 0:01.40
	Average shared text size (kbytes): 0
	Average unshared data size (kbytes): 0
	Average stack size (kbytes): 0
	Average total size (kbytes): 0
	Maximum resident set size (kbytes): 621072
	Average resident set size (kbytes): 0
	Major (requiring I/O) page faults: 0
	Minor (reclaiming a frame) page faults: 42853
	Voluntary context switches: 1520
	Involuntary context switches: 27
	Swaps: 0
	File system inputs: 0
	File system outputs: 16
	Socket messages sent: 0
	Socket messages received: 0
	Signals delivered: 0
	Page size (bytes): 4096
	Exit status: 0
Generated fx for function type = constant: [0, 0, 0, 0, 0, 0, 0, 0, 0, 0, 0, 0, 0, 0, 0, 0, 0, 0, 0, 0, 0, 0, 0, 0, 0]
oracleType =  0
oracleValue =  0
      ╭───╮╭───╮
 q0 : ┤ h ├┤ h ├
      ├───┤├───┤
 q1 : ┤ h ├┤ h ├
      ├───┤├───┤
 q2 : ┤ h ├┤ h ├
      ├───┤├───┤
 q3 : ┤ h ├┤ h ├
      ├───┤├───┤
 q4 : ┤ h ├┤ h ├
      ├───┤├───┤
 q5 : ┤ h ├┤ h ├
      ├───┤├───┤
 q6 : ┤ h ├┤ h ├
      ├───┤├───┤
 q7 : ┤ h ├┤ h ├
      ├───┤├───┤
 q8 : ┤ h ├┤ h ├
      ├───┤├───┤
 q9 : ┤ h ├┤ h ├
      ├───┤├───┤
q10 : ┤ h ├┤ h ├
      ├───┤├───┤
q11 : ┤ h ├┤ h ├
      ├───┤├───┤
q12 : ┤ h ├┤ h ├
      ├───┤├───┤
q13 : ┤ h ├┤ h ├
      ├───┤├───┤
q14 : ┤ h ├┤ h ├
      ├───┤├───┤
q15 : ┤ h ├┤ h ├
      ├───┤├───┤
q16 : ┤ h ├┤ h ├
      ├───┤├───┤
q17 : ┤ h ├┤ h ├
      ├───┤├───┤
q18 : ┤ h ├┤ h ├
      ├───┤├───┤
q19 : ┤ h ├┤ h ├
      ├───┤├───┤
q20 : ┤ h ├┤ h ├
      ├───┤├───┤
q21 : ┤ h ├┤ h ├
      ├───┤├───┤
q22 : ┤ h ├┤ h ├
      ├───┤├───┤
q23 : ┤ h ├┤ h ├
      ├───┤├───┤
q24 : ┤ h ├┤ h ├
      ├───┤├───┤
q25 : ┤ x ├┤ h ├
      ╰───╯╰───╯

Input qubits measurement outcome and frequency = { 0000000000000000000000000:1 }

The oracle function is constant.
	Command being timed: "python3 deutsch-jozsa.py 26"
	User time (seconds): 0.86
	System time (seconds): 0.43
	Percent of CPU this job got: 93%
	Elapsed (wall clock) time (h:mm:ss or m:ss): 0:01.40
	Average shared text size (kbytes): 0
	Average unshared data size (kbytes): 0
	Average stack size (kbytes): 0
	Average total size (kbytes): 0
	Maximum resident set size (kbytes): 619348
	Average resident set size (kbytes): 0
	Major (requiring I/O) page faults: 0
	Minor (reclaiming a frame) page faults: 43086
	Voluntary context switches: 1523
	Involuntary context switches: 27
	Swaps: 0
	File system inputs: 0
	File system outputs: 24
	Socket messages sent: 0
	Socket messages received: 0
	Signals delivered: 0
	Page size (bytes): 4096
	Exit status: 0
