WARNING: overwriting environment variables set in the machine
overwriting variable ['LD_LIBRARY_PATH']
Generated fx for function type = constant: [1, 1, 1, 1]
oracleType =  0
oracleValue =  1
     ╭───╮╭───╮     
q0 : ┤ h ├┤ h ├─────
     ├───┤├───┤     
q1 : ┤ h ├┤ h ├─────
     ├───┤├───┤     
q2 : ┤ h ├┤ h ├─────
     ├───┤├───┤     
q3 : ┤ h ├┤ h ├─────
     ├───┤├───┤╭───╮
q4 : ┤ x ├┤ h ├┤ x ├
     ╰───╯╰───╯╰───╯

Input qubits measurement outcome and frequency = { 0000:1 }

The oracle function is constant.
	Command being timed: "python3 deutsch-jozsa.py 5"
	User time (seconds): 0.90
	System time (seconds): 0.47
	Percent of CPU this job got: 85%
	Elapsed (wall clock) time (h:mm:ss or m:ss): 0:01.61
	Average shared text size (kbytes): 0
	Average unshared data size (kbytes): 0
	Average stack size (kbytes): 0
	Average total size (kbytes): 0
	Maximum resident set size (kbytes): 619772
	Average resident set size (kbytes): 0
	Major (requiring I/O) page faults: 2
	Minor (reclaiming a frame) page faults: 43115
	Voluntary context switches: 4103
	Involuntary context switches: 25
	Swaps: 0
	File system inputs: 336
	File system outputs: 16
	Socket messages sent: 0
	Socket messages received: 0
	Signals delivered: 0
	Page size (bytes): 4096
	Exit status: 0
Generated fx for function type = constant: [1, 1, 1, 1]
oracleType =  0
oracleValue =  1
     ╭───╮╭───╮     
q0 : ┤ h ├┤ h ├─────
     ├───┤├───┤     
q1 : ┤ h ├┤ h ├─────
     ├───┤├───┤     
q2 : ┤ h ├┤ h ├─────
     ├───┤├───┤     
q3 : ┤ h ├┤ h ├─────
     ├───┤├───┤╭───╮
q4 : ┤ x ├┤ h ├┤ x ├
     ╰───╯╰───╯╰───╯

Input qubits measurement outcome and frequency = { 0000:1 }

The oracle function is constant.
	Command being timed: "python3 deutsch-jozsa.py 5"
	User time (seconds): 0.87
	System time (seconds): 0.42
	Percent of CPU this job got: 91%
	Elapsed (wall clock) time (h:mm:ss or m:ss): 0:01.42
	Average shared text size (kbytes): 0
	Average unshared data size (kbytes): 0
	Average stack size (kbytes): 0
	Average total size (kbytes): 0
	Maximum resident set size (kbytes): 621680
	Average resident set size (kbytes): 0
	Major (requiring I/O) page faults: 0
	Minor (reclaiming a frame) page faults: 43078
	Voluntary context switches: 1520
	Involuntary context switches: 29
	Swaps: 0
	File system inputs: 0
	File system outputs: 16
	Socket messages sent: 0
	Socket messages received: 0
	Signals delivered: 0
	Page size (bytes): 4096
	Exit status: 0
Generated fx for function type = constant: [0, 0, 0, 0]
oracleType =  0
oracleValue =  0
     ╭───╮╭───╮
q0 : ┤ h ├┤ h ├
     ├───┤├───┤
q1 : ┤ h ├┤ h ├
     ├───┤├───┤
q2 : ┤ h ├┤ h ├
     ├───┤├───┤
q3 : ┤ h ├┤ h ├
     ├───┤├───┤
q4 : ┤ x ├┤ h ├
     ╰───╯╰───╯

Input qubits measurement outcome and frequency = { 0000:1 }

The oracle function is constant.
	Command being timed: "python3 deutsch-jozsa.py 5"
	User time (seconds): 0.86
	System time (seconds): 0.43
	Percent of CPU this job got: 92%
	Elapsed (wall clock) time (h:mm:ss or m:ss): 0:01.41
	Average shared text size (kbytes): 0
	Average unshared data size (kbytes): 0
	Average stack size (kbytes): 0
	Average total size (kbytes): 0
	Maximum resident set size (kbytes): 622100
	Average resident set size (kbytes): 0
	Major (requiring I/O) page faults: 0
	Minor (reclaiming a frame) page faults: 43296
	Voluntary context switches: 1523
	Involuntary context switches: 27
	Swaps: 0
	File system inputs: 0
	File system outputs: 16
	Socket messages sent: 0
	Socket messages received: 0
	Signals delivered: 0
	Page size (bytes): 4096
	Exit status: 0
Generated fx for function type = constant: [1, 1, 1, 1]
oracleType =  0
oracleValue =  1
     ╭───╮╭───╮     
q0 : ┤ h ├┤ h ├─────
     ├───┤├───┤     
q1 : ┤ h ├┤ h ├─────
     ├───┤├───┤     
q2 : ┤ h ├┤ h ├─────
     ├───┤├───┤     
q3 : ┤ h ├┤ h ├─────
     ├───┤├───┤╭───╮
q4 : ┤ x ├┤ h ├┤ x ├
     ╰───╯╰───╯╰───╯

Input qubits measurement outcome and frequency = { 0000:1 }

The oracle function is constant.
	Command being timed: "python3 deutsch-jozsa.py 5"
	User time (seconds): 0.88
	System time (seconds): 0.44
	Percent of CPU this job got: 91%
	Elapsed (wall clock) time (h:mm:ss or m:ss): 0:01.44
	Average shared text size (kbytes): 0
	Average unshared data size (kbytes): 0
	Average stack size (kbytes): 0
	Average total size (kbytes): 0
	Maximum resident set size (kbytes): 619144
	Average resident set size (kbytes): 0
	Major (requiring I/O) page faults: 0
	Minor (reclaiming a frame) page faults: 42771
	Voluntary context switches: 1532
	Involuntary context switches: 24
	Swaps: 0
	File system inputs: 0
	File system outputs: 16
	Socket messages sent: 0
	Socket messages received: 0
	Signals delivered: 0
	Page size (bytes): 4096
	Exit status: 0
Generated fx for function type = constant: [0, 0, 0, 0]
oracleType =  0
oracleValue =  0
     ╭───╮╭───╮
q0 : ┤ h ├┤ h ├
     ├───┤├───┤
q1 : ┤ h ├┤ h ├
     ├───┤├───┤
q2 : ┤ h ├┤ h ├
     ├───┤├───┤
q3 : ┤ h ├┤ h ├
     ├───┤├───┤
q4 : ┤ x ├┤ h ├
     ╰───╯╰───╯

Input qubits measurement outcome and frequency = { 0000:1 }

The oracle function is constant.
	Command being timed: "python3 deutsch-jozsa.py 5"
	User time (seconds): 0.88
	System time (seconds): 0.42
	Percent of CPU this job got: 91%
	Elapsed (wall clock) time (h:mm:ss or m:ss): 0:01.43
	Average shared text size (kbytes): 0
	Average unshared data size (kbytes): 0
	Average stack size (kbytes): 0
	Average total size (kbytes): 0
	Maximum resident set size (kbytes): 620856
	Average resident set size (kbytes): 0
	Major (requiring I/O) page faults: 0
	Minor (reclaiming a frame) page faults: 43413
	Voluntary context switches: 1534
	Involuntary context switches: 26
	Swaps: 0
	File system inputs: 0
	File system outputs: 16
	Socket messages sent: 0
	Socket messages received: 0
	Signals delivered: 0
	Page size (bytes): 4096
	Exit status: 0
Generated fx for function type = constant: [1, 1, 1, 1]
oracleType =  0
oracleValue =  1
     ╭───╮╭───╮     
q0 : ┤ h ├┤ h ├─────
     ├───┤├───┤     
q1 : ┤ h ├┤ h ├─────
     ├───┤├───┤     
q2 : ┤ h ├┤ h ├─────
     ├───┤├───┤     
q3 : ┤ h ├┤ h ├─────
     ├───┤├───┤╭───╮
q4 : ┤ x ├┤ h ├┤ x ├
     ╰───╯╰───╯╰───╯

Input qubits measurement outcome and frequency = { 0000:1 }

The oracle function is constant.
	Command being timed: "python3 deutsch-jozsa.py 5"
	User time (seconds): 0.88
	System time (seconds): 0.41
	Percent of CPU this job got: 91%
	Elapsed (wall clock) time (h:mm:ss or m:ss): 0:01.41
	Average shared text size (kbytes): 0
	Average unshared data size (kbytes): 0
	Average stack size (kbytes): 0
	Average total size (kbytes): 0
	Maximum resident set size (kbytes): 618572
	Average resident set size (kbytes): 0
	Major (requiring I/O) page faults: 0
	Minor (reclaiming a frame) page faults: 42864
	Voluntary context switches: 1519
	Involuntary context switches: 26
	Swaps: 0
	File system inputs: 0
	File system outputs: 16
	Socket messages sent: 0
	Socket messages received: 0
	Signals delivered: 0
	Page size (bytes): 4096
	Exit status: 0
Generated fx for function type = constant: [1, 1, 1, 1]
oracleType =  0
oracleValue =  1
     ╭───╮╭───╮     
q0 : ┤ h ├┤ h ├─────
     ├───┤├───┤     
q1 : ┤ h ├┤ h ├─────
     ├───┤├───┤     
q2 : ┤ h ├┤ h ├─────
     ├───┤├───┤     
q3 : ┤ h ├┤ h ├─────
     ├───┤├───┤╭───╮
q4 : ┤ x ├┤ h ├┤ x ├
     ╰───╯╰───╯╰───╯

Input qubits measurement outcome and frequency = { 0000:1 }

The oracle function is constant.
	Command being timed: "python3 deutsch-jozsa.py 5"
	User time (seconds): 0.85
	System time (seconds): 0.44
	Percent of CPU this job got: 91%
	Elapsed (wall clock) time (h:mm:ss or m:ss): 0:01.41
	Average shared text size (kbytes): 0
	Average unshared data size (kbytes): 0
	Average stack size (kbytes): 0
	Average total size (kbytes): 0
	Maximum resident set size (kbytes): 620844
	Average resident set size (kbytes): 0
	Major (requiring I/O) page faults: 0
	Minor (reclaiming a frame) page faults: 43340
	Voluntary context switches: 1526
	Involuntary context switches: 28
	Swaps: 0
	File system inputs: 0
	File system outputs: 24
	Socket messages sent: 0
	Socket messages received: 0
	Signals delivered: 0
	Page size (bytes): 4096
	Exit status: 0
Generated fx for function type = constant: [1, 1, 1, 1]
oracleType =  0
oracleValue =  1
     ╭───╮╭───╮     
q0 : ┤ h ├┤ h ├─────
     ├───┤├───┤     
q1 : ┤ h ├┤ h ├─────
     ├───┤├───┤     
q2 : ┤ h ├┤ h ├─────
     ├───┤├───┤     
q3 : ┤ h ├┤ h ├─────
     ├───┤├───┤╭───╮
q4 : ┤ x ├┤ h ├┤ x ├
     ╰───╯╰───╯╰───╯

Input qubits measurement outcome and frequency = { 0000:1 }

The oracle function is constant.
	Command being timed: "python3 deutsch-jozsa.py 5"
	User time (seconds): 0.88
	System time (seconds): 0.42
	Percent of CPU this job got: 92%
	Elapsed (wall clock) time (h:mm:ss or m:ss): 0:01.41
	Average shared text size (kbytes): 0
	Average unshared data size (kbytes): 0
	Average stack size (kbytes): 0
	Average total size (kbytes): 0
	Maximum resident set size (kbytes): 617240
	Average resident set size (kbytes): 0
	Major (requiring I/O) page faults: 0
	Minor (reclaiming a frame) page faults: 43020
	Voluntary context switches: 1523
	Involuntary context switches: 26
	Swaps: 0
	File system inputs: 0
	File system outputs: 16
	Socket messages sent: 0
	Socket messages received: 0
	Signals delivered: 0
	Page size (bytes): 4096
	Exit status: 0
Generated fx for function type = constant: [1, 1, 1, 1]
oracleType =  0
oracleValue =  1
     ╭───╮╭───╮     
q0 : ┤ h ├┤ h ├─────
     ├───┤├───┤     
q1 : ┤ h ├┤ h ├─────
     ├───┤├───┤     
q2 : ┤ h ├┤ h ├─────
     ├───┤├───┤     
q3 : ┤ h ├┤ h ├─────
     ├───┤├───┤╭───╮
q4 : ┤ x ├┤ h ├┤ x ├
     ╰───╯╰───╯╰───╯

Input qubits measurement outcome and frequency = { 0000:1 }

The oracle function is constant.
	Command being timed: "python3 deutsch-jozsa.py 5"
	User time (seconds): 0.87
	System time (seconds): 0.43
	Percent of CPU this job got: 91%
	Elapsed (wall clock) time (h:mm:ss or m:ss): 0:01.42
	Average shared text size (kbytes): 0
	Average unshared data size (kbytes): 0
	Average stack size (kbytes): 0
	Average total size (kbytes): 0
	Maximum resident set size (kbytes): 619404
	Average resident set size (kbytes): 0
	Major (requiring I/O) page faults: 0
	Minor (reclaiming a frame) page faults: 43017
	Voluntary context switches: 1525
	Involuntary context switches: 30
	Swaps: 0
	File system inputs: 0
	File system outputs: 16
	Socket messages sent: 0
	Socket messages received: 0
	Signals delivered: 0
	Page size (bytes): 4096
	Exit status: 0
Generated fx for function type = constant: [1, 1, 1, 1]
oracleType =  0
oracleValue =  1
     ╭───╮╭───╮     
q0 : ┤ h ├┤ h ├─────
     ├───┤├───┤     
q1 : ┤ h ├┤ h ├─────
     ├───┤├───┤     
q2 : ┤ h ├┤ h ├─────
     ├───┤├───┤     
q3 : ┤ h ├┤ h ├─────
     ├───┤├───┤╭───╮
q4 : ┤ x ├┤ h ├┤ x ├
     ╰───╯╰───╯╰───╯

Input qubits measurement outcome and frequency = { 0000:1 }

The oracle function is constant.
	Command being timed: "python3 deutsch-jozsa.py 5"
	User time (seconds): 0.87
	System time (seconds): 0.43
	Percent of CPU this job got: 92%
	Elapsed (wall clock) time (h:mm:ss or m:ss): 0:01.41
	Average shared text size (kbytes): 0
	Average unshared data size (kbytes): 0
	Average stack size (kbytes): 0
	Average total size (kbytes): 0
	Maximum resident set size (kbytes): 620412
	Average resident set size (kbytes): 0
	Major (requiring I/O) page faults: 0
	Minor (reclaiming a frame) page faults: 43151
	Voluntary context switches: 1524
	Involuntary context switches: 26
	Swaps: 0
	File system inputs: 0
	File system outputs: 16
	Socket messages sent: 0
	Socket messages received: 0
	Signals delivered: 0
	Page size (bytes): 4096
	Exit status: 0
