WARNING: overwriting environment variables set in the machine
overwriting variable ['LD_LIBRARY_PATH']
Generated fx for function type = constant: [1, 1, 1, 1, 1, 1, 1, 1, 1, 1, 1, 1, 1, 1, 1, 1, 1, 1, 1, 1, 1, 1, 1, 1, 1, 1, 1, 1, 1, 1]
oracleType =  0
oracleValue =  1
      ╭───╮╭───╮     
 q0 : ┤ h ├┤ h ├─────
      ├───┤├───┤     
 q1 : ┤ h ├┤ h ├─────
      ├───┤├───┤     
 q2 : ┤ h ├┤ h ├─────
      ├───┤├───┤     
 q3 : ┤ h ├┤ h ├─────
      ├───┤├───┤     
 q4 : ┤ h ├┤ h ├─────
      ├───┤├───┤     
 q5 : ┤ h ├┤ h ├─────
      ├───┤├───┤     
 q6 : ┤ h ├┤ h ├─────
      ├───┤├───┤     
 q7 : ┤ h ├┤ h ├─────
      ├───┤├───┤     
 q8 : ┤ h ├┤ h ├─────
      ├───┤├───┤     
 q9 : ┤ h ├┤ h ├─────
      ├───┤├───┤     
q10 : ┤ h ├┤ h ├─────
      ├───┤├───┤     
q11 : ┤ h ├┤ h ├─────
      ├───┤├───┤     
q12 : ┤ h ├┤ h ├─────
      ├───┤├───┤     
q13 : ┤ h ├┤ h ├─────
      ├───┤├───┤     
q14 : ┤ h ├┤ h ├─────
      ├───┤├───┤     
q15 : ┤ h ├┤ h ├─────
      ├───┤├───┤     
q16 : ┤ h ├┤ h ├─────
      ├───┤├───┤     
q17 : ┤ h ├┤ h ├─────
      ├───┤├───┤     
q18 : ┤ h ├┤ h ├─────
      ├───┤├───┤     
q19 : ┤ h ├┤ h ├─────
      ├───┤├───┤     
q20 : ┤ h ├┤ h ├─────
      ├───┤├───┤     
q21 : ┤ h ├┤ h ├─────
      ├───┤├───┤     
q22 : ┤ h ├┤ h ├─────
      ├───┤├───┤     
q23 : ┤ h ├┤ h ├─────
      ├───┤├───┤     
q24 : ┤ h ├┤ h ├─────
      ├───┤├───┤     
q25 : ┤ h ├┤ h ├─────
      ├───┤├───┤     
q26 : ┤ h ├┤ h ├─────
      ├───┤├───┤     
q27 : ┤ h ├┤ h ├─────
      ├───┤├───┤     
q28 : ┤ h ├┤ h ├─────
      ├───┤├───┤     
q29 : ┤ h ├┤ h ├─────
      ├───┤├───┤╭───╮
q30 : ┤ x ├┤ h ├┤ x ├
      ╰───╯╰───╯╰───╯

Input qubits measurement outcome and frequency = { 000000000000000000000000000000:1 }

The oracle function is constant.
	Command being timed: "python3 deutsch-jozsa.py 31"
	User time (seconds): 1.33
	System time (seconds): 0.50
	Percent of CPU this job got: 91%
	Elapsed (wall clock) time (h:mm:ss or m:ss): 0:01.99
	Average shared text size (kbytes): 0
	Average unshared data size (kbytes): 0
	Average stack size (kbytes): 0
	Average total size (kbytes): 0
	Maximum resident set size (kbytes): 623320
	Average resident set size (kbytes): 0
	Major (requiring I/O) page faults: 0
	Minor (reclaiming a frame) page faults: 60384
	Voluntary context switches: 3094
	Involuntary context switches: 34
	Swaps: 0
	File system inputs: 0
	File system outputs: 16
	Socket messages sent: 0
	Socket messages received: 0
	Signals delivered: 0
	Page size (bytes): 4096
	Exit status: 0
Generated fx for function type = constant: [1, 1, 1, 1, 1, 1, 1, 1, 1, 1, 1, 1, 1, 1, 1, 1, 1, 1, 1, 1, 1, 1, 1, 1, 1, 1, 1, 1, 1, 1]
oracleType =  0
oracleValue =  1
      ╭───╮╭───╮     
 q0 : ┤ h ├┤ h ├─────
      ├───┤├───┤     
 q1 : ┤ h ├┤ h ├─────
      ├───┤├───┤     
 q2 : ┤ h ├┤ h ├─────
      ├───┤├───┤     
 q3 : ┤ h ├┤ h ├─────
      ├───┤├───┤     
 q4 : ┤ h ├┤ h ├─────
      ├───┤├───┤     
 q5 : ┤ h ├┤ h ├─────
      ├───┤├───┤     
 q6 : ┤ h ├┤ h ├─────
      ├───┤├───┤     
 q7 : ┤ h ├┤ h ├─────
      ├───┤├───┤     
 q8 : ┤ h ├┤ h ├─────
      ├───┤├───┤     
 q9 : ┤ h ├┤ h ├─────
      ├───┤├───┤     
q10 : ┤ h ├┤ h ├─────
      ├───┤├───┤     
q11 : ┤ h ├┤ h ├─────
      ├───┤├───┤     
q12 : ┤ h ├┤ h ├─────
      ├───┤├───┤     
q13 : ┤ h ├┤ h ├─────
      ├───┤├───┤     
q14 : ┤ h ├┤ h ├─────
      ├───┤├───┤     
q15 : ┤ h ├┤ h ├─────
      ├───┤├───┤     
q16 : ┤ h ├┤ h ├─────
      ├───┤├───┤     
q17 : ┤ h ├┤ h ├─────
      ├───┤├───┤     
q18 : ┤ h ├┤ h ├─────
      ├───┤├───┤     
q19 : ┤ h ├┤ h ├─────
      ├───┤├───┤     
q20 : ┤ h ├┤ h ├─────
      ├───┤├───┤     
q21 : ┤ h ├┤ h ├─────
      ├───┤├───┤     
q22 : ┤ h ├┤ h ├─────
      ├───┤├───┤     
q23 : ┤ h ├┤ h ├─────
      ├───┤├───┤     
q24 : ┤ h ├┤ h ├─────
      ├───┤├───┤     
q25 : ┤ h ├┤ h ├─────
      ├───┤├───┤     
q26 : ┤ h ├┤ h ├─────
      ├───┤├───┤     
q27 : ┤ h ├┤ h ├─────
      ├───┤├───┤     
q28 : ┤ h ├┤ h ├─────
      ├───┤├───┤     
q29 : ┤ h ├┤ h ├─────
      ├───┤├───┤╭───╮
q30 : ┤ x ├┤ h ├┤ x ├
      ╰───╯╰───╯╰───╯

Input qubits measurement outcome and frequency = { 000000000000000000000000000000:1 }

The oracle function is constant.
	Command being timed: "python3 deutsch-jozsa.py 31"
	User time (seconds): 1.32
	System time (seconds): 0.44
	Percent of CPU this job got: 94%
	Elapsed (wall clock) time (h:mm:ss or m:ss): 0:01.88
	Average shared text size (kbytes): 0
	Average unshared data size (kbytes): 0
	Average stack size (kbytes): 0
	Average total size (kbytes): 0
	Maximum resident set size (kbytes): 621688
	Average resident set size (kbytes): 0
	Major (requiring I/O) page faults: 0
	Minor (reclaiming a frame) page faults: 60676
	Voluntary context switches: 1538
	Involuntary context switches: 34
	Swaps: 0
	File system inputs: 0
	File system outputs: 24
	Socket messages sent: 0
	Socket messages received: 0
	Signals delivered: 0
	Page size (bytes): 4096
	Exit status: 0
Generated fx for function type = constant: [0, 0, 0, 0, 0, 0, 0, 0, 0, 0, 0, 0, 0, 0, 0, 0, 0, 0, 0, 0, 0, 0, 0, 0, 0, 0, 0, 0, 0, 0]
oracleType =  0
oracleValue =  0
      ╭───╮╭───╮
 q0 : ┤ h ├┤ h ├
      ├───┤├───┤
 q1 : ┤ h ├┤ h ├
      ├───┤├───┤
 q2 : ┤ h ├┤ h ├
      ├───┤├───┤
 q3 : ┤ h ├┤ h ├
      ├───┤├───┤
 q4 : ┤ h ├┤ h ├
      ├───┤├───┤
 q5 : ┤ h ├┤ h ├
      ├───┤├───┤
 q6 : ┤ h ├┤ h ├
      ├───┤├───┤
 q7 : ┤ h ├┤ h ├
      ├───┤├───┤
 q8 : ┤ h ├┤ h ├
      ├───┤├───┤
 q9 : ┤ h ├┤ h ├
      ├───┤├───┤
q10 : ┤ h ├┤ h ├
      ├───┤├───┤
q11 : ┤ h ├┤ h ├
      ├───┤├───┤
q12 : ┤ h ├┤ h ├
      ├───┤├───┤
q13 : ┤ h ├┤ h ├
      ├───┤├───┤
q14 : ┤ h ├┤ h ├
      ├───┤├───┤
q15 : ┤ h ├┤ h ├
      ├───┤├───┤
q16 : ┤ h ├┤ h ├
      ├───┤├───┤
q17 : ┤ h ├┤ h ├
      ├───┤├───┤
q18 : ┤ h ├┤ h ├
      ├───┤├───┤
q19 : ┤ h ├┤ h ├
      ├───┤├───┤
q20 : ┤ h ├┤ h ├
      ├───┤├───┤
q21 : ┤ h ├┤ h ├
      ├───┤├───┤
q22 : ┤ h ├┤ h ├
      ├───┤├───┤
q23 : ┤ h ├┤ h ├
      ├───┤├───┤
q24 : ┤ h ├┤ h ├
      ├───┤├───┤
q25 : ┤ h ├┤ h ├
      ├───┤├───┤
q26 : ┤ h ├┤ h ├
      ├───┤├───┤
q27 : ┤ h ├┤ h ├
      ├───┤├───┤
q28 : ┤ h ├┤ h ├
      ├───┤├───┤
q29 : ┤ h ├┤ h ├
      ├───┤├───┤
q30 : ┤ x ├┤ h ├
      ╰───╯╰───╯

Input qubits measurement outcome and frequency = { 000000000000000000000000000000:1 }

The oracle function is constant.
	Command being timed: "python3 deutsch-jozsa.py 31"
	User time (seconds): 1.31
	System time (seconds): 0.46
	Percent of CPU this job got: 93%
	Elapsed (wall clock) time (h:mm:ss or m:ss): 0:01.89
	Average shared text size (kbytes): 0
	Average unshared data size (kbytes): 0
	Average stack size (kbytes): 0
	Average total size (kbytes): 0
	Maximum resident set size (kbytes): 622576
	Average resident set size (kbytes): 0
	Major (requiring I/O) page faults: 0
	Minor (reclaiming a frame) page faults: 58597
	Voluntary context switches: 1539
	Involuntary context switches: 29
	Swaps: 0
	File system inputs: 0
	File system outputs: 24
	Socket messages sent: 0
	Socket messages received: 0
	Signals delivered: 0
	Page size (bytes): 4096
	Exit status: 0
Generated fx for function type = constant: [0, 0, 0, 0, 0, 0, 0, 0, 0, 0, 0, 0, 0, 0, 0, 0, 0, 0, 0, 0, 0, 0, 0, 0, 0, 0, 0, 0, 0, 0]
oracleType =  0
oracleValue =  0
      ╭───╮╭───╮
 q0 : ┤ h ├┤ h ├
      ├───┤├───┤
 q1 : ┤ h ├┤ h ├
      ├───┤├───┤
 q2 : ┤ h ├┤ h ├
      ├───┤├───┤
 q3 : ┤ h ├┤ h ├
      ├───┤├───┤
 q4 : ┤ h ├┤ h ├
      ├───┤├───┤
 q5 : ┤ h ├┤ h ├
      ├───┤├───┤
 q6 : ┤ h ├┤ h ├
      ├───┤├───┤
 q7 : ┤ h ├┤ h ├
      ├───┤├───┤
 q8 : ┤ h ├┤ h ├
      ├───┤├───┤
 q9 : ┤ h ├┤ h ├
      ├───┤├───┤
q10 : ┤ h ├┤ h ├
      ├───┤├───┤
q11 : ┤ h ├┤ h ├
      ├───┤├───┤
q12 : ┤ h ├┤ h ├
      ├───┤├───┤
q13 : ┤ h ├┤ h ├
      ├───┤├───┤
q14 : ┤ h ├┤ h ├
      ├───┤├───┤
q15 : ┤ h ├┤ h ├
      ├───┤├───┤
q16 : ┤ h ├┤ h ├
      ├───┤├───┤
q17 : ┤ h ├┤ h ├
      ├───┤├───┤
q18 : ┤ h ├┤ h ├
      ├───┤├───┤
q19 : ┤ h ├┤ h ├
      ├───┤├───┤
q20 : ┤ h ├┤ h ├
      ├───┤├───┤
q21 : ┤ h ├┤ h ├
      ├───┤├───┤
q22 : ┤ h ├┤ h ├
      ├───┤├───┤
q23 : ┤ h ├┤ h ├
      ├───┤├───┤
q24 : ┤ h ├┤ h ├
      ├───┤├───┤
q25 : ┤ h ├┤ h ├
      ├───┤├───┤
q26 : ┤ h ├┤ h ├
      ├───┤├───┤
q27 : ┤ h ├┤ h ├
      ├───┤├───┤
q28 : ┤ h ├┤ h ├
      ├───┤├───┤
q29 : ┤ h ├┤ h ├
      ├───┤├───┤
q30 : ┤ x ├┤ h ├
      ╰───╯╰───╯

Input qubits measurement outcome and frequency = { 000000000000000000000000000000:1 }

The oracle function is constant.
	Command being timed: "python3 deutsch-jozsa.py 31"
	User time (seconds): 1.32
	System time (seconds): 0.45
	Percent of CPU this job got: 94%
	Elapsed (wall clock) time (h:mm:ss or m:ss): 0:01.89
	Average shared text size (kbytes): 0
	Average unshared data size (kbytes): 0
	Average stack size (kbytes): 0
	Average total size (kbytes): 0
	Maximum resident set size (kbytes): 624580
	Average resident set size (kbytes): 0
	Major (requiring I/O) page faults: 0
	Minor (reclaiming a frame) page faults: 60039
	Voluntary context switches: 1535
	Involuntary context switches: 30
	Swaps: 0
	File system inputs: 0
	File system outputs: 24
	Socket messages sent: 0
	Socket messages received: 0
	Signals delivered: 0
	Page size (bytes): 4096
	Exit status: 0
Generated fx for function type = constant: [1, 1, 1, 1, 1, 1, 1, 1, 1, 1, 1, 1, 1, 1, 1, 1, 1, 1, 1, 1, 1, 1, 1, 1, 1, 1, 1, 1, 1, 1]
oracleType =  0
oracleValue =  1
      ╭───╮╭───╮     
 q0 : ┤ h ├┤ h ├─────
      ├───┤├───┤     
 q1 : ┤ h ├┤ h ├─────
      ├───┤├───┤     
 q2 : ┤ h ├┤ h ├─────
      ├───┤├───┤     
 q3 : ┤ h ├┤ h ├─────
      ├───┤├───┤     
 q4 : ┤ h ├┤ h ├─────
      ├───┤├───┤     
 q5 : ┤ h ├┤ h ├─────
      ├───┤├───┤     
 q6 : ┤ h ├┤ h ├─────
      ├───┤├───┤     
 q7 : ┤ h ├┤ h ├─────
      ├───┤├───┤     
 q8 : ┤ h ├┤ h ├─────
      ├───┤├───┤     
 q9 : ┤ h ├┤ h ├─────
      ├───┤├───┤     
q10 : ┤ h ├┤ h ├─────
      ├───┤├───┤     
q11 : ┤ h ├┤ h ├─────
      ├───┤├───┤     
q12 : ┤ h ├┤ h ├─────
      ├───┤├───┤     
q13 : ┤ h ├┤ h ├─────
      ├───┤├───┤     
q14 : ┤ h ├┤ h ├─────
      ├───┤├───┤     
q15 : ┤ h ├┤ h ├─────
      ├───┤├───┤     
q16 : ┤ h ├┤ h ├─────
      ├───┤├───┤     
q17 : ┤ h ├┤ h ├─────
      ├───┤├───┤     
q18 : ┤ h ├┤ h ├─────
      ├───┤├───┤     
q19 : ┤ h ├┤ h ├─────
      ├───┤├───┤     
q20 : ┤ h ├┤ h ├─────
      ├───┤├───┤     
q21 : ┤ h ├┤ h ├─────
      ├───┤├───┤     
q22 : ┤ h ├┤ h ├─────
      ├───┤├───┤     
q23 : ┤ h ├┤ h ├─────
      ├───┤├───┤     
q24 : ┤ h ├┤ h ├─────
      ├───┤├───┤     
q25 : ┤ h ├┤ h ├─────
      ├───┤├───┤     
q26 : ┤ h ├┤ h ├─────
      ├───┤├───┤     
q27 : ┤ h ├┤ h ├─────
      ├───┤├───┤     
q28 : ┤ h ├┤ h ├─────
      ├───┤├───┤     
q29 : ┤ h ├┤ h ├─────
      ├───┤├───┤╭───╮
q30 : ┤ x ├┤ h ├┤ x ├
      ╰───╯╰───╯╰───╯

Input qubits measurement outcome and frequency = { 000000000000000000000000000000:1 }

The oracle function is constant.
	Command being timed: "python3 deutsch-jozsa.py 31"
	User time (seconds): 1.32
	System time (seconds): 0.45
	Percent of CPU this job got: 94%
	Elapsed (wall clock) time (h:mm:ss or m:ss): 0:01.88
	Average shared text size (kbytes): 0
	Average unshared data size (kbytes): 0
	Average stack size (kbytes): 0
	Average total size (kbytes): 0
	Maximum resident set size (kbytes): 622696
	Average resident set size (kbytes): 0
	Major (requiring I/O) page faults: 0
	Minor (reclaiming a frame) page faults: 60447
	Voluntary context switches: 1524
	Involuntary context switches: 33
	Swaps: 0
	File system inputs: 0
	File system outputs: 16
	Socket messages sent: 0
	Socket messages received: 0
	Signals delivered: 0
	Page size (bytes): 4096
	Exit status: 0
Generated fx for function type = constant: [0, 0, 0, 0, 0, 0, 0, 0, 0, 0, 0, 0, 0, 0, 0, 0, 0, 0, 0, 0, 0, 0, 0, 0, 0, 0, 0, 0, 0, 0]
oracleType =  0
oracleValue =  0
      ╭───╮╭───╮
 q0 : ┤ h ├┤ h ├
      ├───┤├───┤
 q1 : ┤ h ├┤ h ├
      ├───┤├───┤
 q2 : ┤ h ├┤ h ├
      ├───┤├───┤
 q3 : ┤ h ├┤ h ├
      ├───┤├───┤
 q4 : ┤ h ├┤ h ├
      ├───┤├───┤
 q5 : ┤ h ├┤ h ├
      ├───┤├───┤
 q6 : ┤ h ├┤ h ├
      ├───┤├───┤
 q7 : ┤ h ├┤ h ├
      ├───┤├───┤
 q8 : ┤ h ├┤ h ├
      ├───┤├───┤
 q9 : ┤ h ├┤ h ├
      ├───┤├───┤
q10 : ┤ h ├┤ h ├
      ├───┤├───┤
q11 : ┤ h ├┤ h ├
      ├───┤├───┤
q12 : ┤ h ├┤ h ├
      ├───┤├───┤
q13 : ┤ h ├┤ h ├
      ├───┤├───┤
q14 : ┤ h ├┤ h ├
      ├───┤├───┤
q15 : ┤ h ├┤ h ├
      ├───┤├───┤
q16 : ┤ h ├┤ h ├
      ├───┤├───┤
q17 : ┤ h ├┤ h ├
      ├───┤├───┤
q18 : ┤ h ├┤ h ├
      ├───┤├───┤
q19 : ┤ h ├┤ h ├
      ├───┤├───┤
q20 : ┤ h ├┤ h ├
      ├───┤├───┤
q21 : ┤ h ├┤ h ├
      ├───┤├───┤
q22 : ┤ h ├┤ h ├
      ├───┤├───┤
q23 : ┤ h ├┤ h ├
      ├───┤├───┤
q24 : ┤ h ├┤ h ├
      ├───┤├───┤
q25 : ┤ h ├┤ h ├
      ├───┤├───┤
q26 : ┤ h ├┤ h ├
      ├───┤├───┤
q27 : ┤ h ├┤ h ├
      ├───┤├───┤
q28 : ┤ h ├┤ h ├
      ├───┤├───┤
q29 : ┤ h ├┤ h ├
      ├───┤├───┤
q30 : ┤ x ├┤ h ├
      ╰───╯╰───╯

Input qubits measurement outcome and frequency = { 000000000000000000000000000000:1 }

The oracle function is constant.
	Command being timed: "python3 deutsch-jozsa.py 31"
	User time (seconds): 1.32
	System time (seconds): 0.45
	Percent of CPU this job got: 94%
	Elapsed (wall clock) time (h:mm:ss or m:ss): 0:01.86
	Average shared text size (kbytes): 0
	Average unshared data size (kbytes): 0
	Average stack size (kbytes): 0
	Average total size (kbytes): 0
	Maximum resident set size (kbytes): 620580
	Average resident set size (kbytes): 0
	Major (requiring I/O) page faults: 0
	Minor (reclaiming a frame) page faults: 59935
	Voluntary context switches: 1523
	Involuntary context switches: 35
	Swaps: 0
	File system inputs: 0
	File system outputs: 16
	Socket messages sent: 0
	Socket messages received: 0
	Signals delivered: 0
	Page size (bytes): 4096
	Exit status: 0
Generated fx for function type = constant: [0, 0, 0, 0, 0, 0, 0, 0, 0, 0, 0, 0, 0, 0, 0, 0, 0, 0, 0, 0, 0, 0, 0, 0, 0, 0, 0, 0, 0, 0]
oracleType =  0
oracleValue =  0
      ╭───╮╭───╮
 q0 : ┤ h ├┤ h ├
      ├───┤├───┤
 q1 : ┤ h ├┤ h ├
      ├───┤├───┤
 q2 : ┤ h ├┤ h ├
      ├───┤├───┤
 q3 : ┤ h ├┤ h ├
      ├───┤├───┤
 q4 : ┤ h ├┤ h ├
      ├───┤├───┤
 q5 : ┤ h ├┤ h ├
      ├───┤├───┤
 q6 : ┤ h ├┤ h ├
      ├───┤├───┤
 q7 : ┤ h ├┤ h ├
      ├───┤├───┤
 q8 : ┤ h ├┤ h ├
      ├───┤├───┤
 q9 : ┤ h ├┤ h ├
      ├───┤├───┤
q10 : ┤ h ├┤ h ├
      ├───┤├───┤
q11 : ┤ h ├┤ h ├
      ├───┤├───┤
q12 : ┤ h ├┤ h ├
      ├───┤├───┤
q13 : ┤ h ├┤ h ├
      ├───┤├───┤
q14 : ┤ h ├┤ h ├
      ├───┤├───┤
q15 : ┤ h ├┤ h ├
      ├───┤├───┤
q16 : ┤ h ├┤ h ├
      ├───┤├───┤
q17 : ┤ h ├┤ h ├
      ├───┤├───┤
q18 : ┤ h ├┤ h ├
      ├───┤├───┤
q19 : ┤ h ├┤ h ├
      ├───┤├───┤
q20 : ┤ h ├┤ h ├
      ├───┤├───┤
q21 : ┤ h ├┤ h ├
      ├───┤├───┤
q22 : ┤ h ├┤ h ├
      ├───┤├───┤
q23 : ┤ h ├┤ h ├
      ├───┤├───┤
q24 : ┤ h ├┤ h ├
      ├───┤├───┤
q25 : ┤ h ├┤ h ├
      ├───┤├───┤
q26 : ┤ h ├┤ h ├
      ├───┤├───┤
q27 : ┤ h ├┤ h ├
      ├───┤├───┤
q28 : ┤ h ├┤ h ├
      ├───┤├───┤
q29 : ┤ h ├┤ h ├
      ├───┤├───┤
q30 : ┤ x ├┤ h ├
      ╰───╯╰───╯

Input qubits measurement outcome and frequency = { 000000000000000000000000000000:1 }

The oracle function is constant.
	Command being timed: "python3 deutsch-jozsa.py 31"
	User time (seconds): 1.33
	System time (seconds): 0.44
	Percent of CPU this job got: 94%
	Elapsed (wall clock) time (h:mm:ss or m:ss): 0:01.86
	Average shared text size (kbytes): 0
	Average unshared data size (kbytes): 0
	Average stack size (kbytes): 0
	Average total size (kbytes): 0
	Maximum resident set size (kbytes): 622512
	Average resident set size (kbytes): 0
	Major (requiring I/O) page faults: 0
	Minor (reclaiming a frame) page faults: 59738
	Voluntary context switches: 1522
	Involuntary context switches: 30
	Swaps: 0
	File system inputs: 0
	File system outputs: 24
	Socket messages sent: 0
	Socket messages received: 0
	Signals delivered: 0
	Page size (bytes): 4096
	Exit status: 0
Generated fx for function type = constant: [1, 1, 1, 1, 1, 1, 1, 1, 1, 1, 1, 1, 1, 1, 1, 1, 1, 1, 1, 1, 1, 1, 1, 1, 1, 1, 1, 1, 1, 1]
oracleType =  0
oracleValue =  1
      ╭───╮╭───╮     
 q0 : ┤ h ├┤ h ├─────
      ├───┤├───┤     
 q1 : ┤ h ├┤ h ├─────
      ├───┤├───┤     
 q2 : ┤ h ├┤ h ├─────
      ├───┤├───┤     
 q3 : ┤ h ├┤ h ├─────
      ├───┤├───┤     
 q4 : ┤ h ├┤ h ├─────
      ├───┤├───┤     
 q5 : ┤ h ├┤ h ├─────
      ├───┤├───┤     
 q6 : ┤ h ├┤ h ├─────
      ├───┤├───┤     
 q7 : ┤ h ├┤ h ├─────
      ├───┤├───┤     
 q8 : ┤ h ├┤ h ├─────
      ├───┤├───┤     
 q9 : ┤ h ├┤ h ├─────
      ├───┤├───┤     
q10 : ┤ h ├┤ h ├─────
      ├───┤├───┤     
q11 : ┤ h ├┤ h ├─────
      ├───┤├───┤     
q12 : ┤ h ├┤ h ├─────
      ├───┤├───┤     
q13 : ┤ h ├┤ h ├─────
      ├───┤├───┤     
q14 : ┤ h ├┤ h ├─────
      ├───┤├───┤     
q15 : ┤ h ├┤ h ├─────
      ├───┤├───┤     
q16 : ┤ h ├┤ h ├─────
      ├───┤├───┤     
q17 : ┤ h ├┤ h ├─────
      ├───┤├───┤     
q18 : ┤ h ├┤ h ├─────
      ├───┤├───┤     
q19 : ┤ h ├┤ h ├─────
      ├───┤├───┤     
q20 : ┤ h ├┤ h ├─────
      ├───┤├───┤     
q21 : ┤ h ├┤ h ├─────
      ├───┤├───┤     
q22 : ┤ h ├┤ h ├─────
      ├───┤├───┤     
q23 : ┤ h ├┤ h ├─────
      ├───┤├───┤     
q24 : ┤ h ├┤ h ├─────
      ├───┤├───┤     
q25 : ┤ h ├┤ h ├─────
      ├───┤├───┤     
q26 : ┤ h ├┤ h ├─────
      ├───┤├───┤     
q27 : ┤ h ├┤ h ├─────
      ├───┤├───┤     
q28 : ┤ h ├┤ h ├─────
      ├───┤├───┤     
q29 : ┤ h ├┤ h ├─────
      ├───┤├───┤╭───╮
q30 : ┤ x ├┤ h ├┤ x ├
      ╰───╯╰───╯╰───╯

Input qubits measurement outcome and frequency = { 000000000000000000000000000000:1 }

The oracle function is constant.
	Command being timed: "python3 deutsch-jozsa.py 31"
	User time (seconds): 1.30
	System time (seconds): 0.47
	Percent of CPU this job got: 94%
	Elapsed (wall clock) time (h:mm:ss or m:ss): 0:01.88
	Average shared text size (kbytes): 0
	Average unshared data size (kbytes): 0
	Average stack size (kbytes): 0
	Average total size (kbytes): 0
	Maximum resident set size (kbytes): 625204
	Average resident set size (kbytes): 0
	Major (requiring I/O) page faults: 0
	Minor (reclaiming a frame) page faults: 60396
	Voluntary context switches: 1525
	Involuntary context switches: 36
	Swaps: 0
	File system inputs: 0
	File system outputs: 24
	Socket messages sent: 0
	Socket messages received: 0
	Signals delivered: 0
	Page size (bytes): 4096
	Exit status: 0
Generated fx for function type = constant: [0, 0, 0, 0, 0, 0, 0, 0, 0, 0, 0, 0, 0, 0, 0, 0, 0, 0, 0, 0, 0, 0, 0, 0, 0, 0, 0, 0, 0, 0]
oracleType =  0
oracleValue =  0
      ╭───╮╭───╮
 q0 : ┤ h ├┤ h ├
      ├───┤├───┤
 q1 : ┤ h ├┤ h ├
      ├───┤├───┤
 q2 : ┤ h ├┤ h ├
      ├───┤├───┤
 q3 : ┤ h ├┤ h ├
      ├───┤├───┤
 q4 : ┤ h ├┤ h ├
      ├───┤├───┤
 q5 : ┤ h ├┤ h ├
      ├───┤├───┤
 q6 : ┤ h ├┤ h ├
      ├───┤├───┤
 q7 : ┤ h ├┤ h ├
      ├───┤├───┤
 q8 : ┤ h ├┤ h ├
      ├───┤├───┤
 q9 : ┤ h ├┤ h ├
      ├───┤├───┤
q10 : ┤ h ├┤ h ├
      ├───┤├───┤
q11 : ┤ h ├┤ h ├
      ├───┤├───┤
q12 : ┤ h ├┤ h ├
      ├───┤├───┤
q13 : ┤ h ├┤ h ├
      ├───┤├───┤
q14 : ┤ h ├┤ h ├
      ├───┤├───┤
q15 : ┤ h ├┤ h ├
      ├───┤├───┤
q16 : ┤ h ├┤ h ├
      ├───┤├───┤
q17 : ┤ h ├┤ h ├
      ├───┤├───┤
q18 : ┤ h ├┤ h ├
      ├───┤├───┤
q19 : ┤ h ├┤ h ├
      ├───┤├───┤
q20 : ┤ h ├┤ h ├
      ├───┤├───┤
q21 : ┤ h ├┤ h ├
      ├───┤├───┤
q22 : ┤ h ├┤ h ├
      ├───┤├───┤
q23 : ┤ h ├┤ h ├
      ├───┤├───┤
q24 : ┤ h ├┤ h ├
      ├───┤├───┤
q25 : ┤ h ├┤ h ├
      ├───┤├───┤
q26 : ┤ h ├┤ h ├
      ├───┤├───┤
q27 : ┤ h ├┤ h ├
      ├───┤├───┤
q28 : ┤ h ├┤ h ├
      ├───┤├───┤
q29 : ┤ h ├┤ h ├
      ├───┤├───┤
q30 : ┤ x ├┤ h ├
      ╰───╯╰───╯

Input qubits measurement outcome and frequency = { 000000000000000000000000000000:1 }

The oracle function is constant.
	Command being timed: "python3 deutsch-jozsa.py 31"
	User time (seconds): 1.31
	System time (seconds): 0.46
	Percent of CPU this job got: 93%
	Elapsed (wall clock) time (h:mm:ss or m:ss): 0:01.90
	Average shared text size (kbytes): 0
	Average unshared data size (kbytes): 0
	Average stack size (kbytes): 0
	Average total size (kbytes): 0
	Maximum resident set size (kbytes): 621484
	Average resident set size (kbytes): 0
	Major (requiring I/O) page faults: 0
	Minor (reclaiming a frame) page faults: 59905
	Voluntary context switches: 1543
	Involuntary context switches: 34
	Swaps: 0
	File system inputs: 0
	File system outputs: 24
	Socket messages sent: 0
	Socket messages received: 0
	Signals delivered: 0
	Page size (bytes): 4096
	Exit status: 0
Generated fx for function type = constant: [1, 1, 1, 1, 1, 1, 1, 1, 1, 1, 1, 1, 1, 1, 1, 1, 1, 1, 1, 1, 1, 1, 1, 1, 1, 1, 1, 1, 1, 1]
oracleType =  0
oracleValue =  1
      ╭───╮╭───╮     
 q0 : ┤ h ├┤ h ├─────
      ├───┤├───┤     
 q1 : ┤ h ├┤ h ├─────
      ├───┤├───┤     
 q2 : ┤ h ├┤ h ├─────
      ├───┤├───┤     
 q3 : ┤ h ├┤ h ├─────
      ├───┤├───┤     
 q4 : ┤ h ├┤ h ├─────
      ├───┤├───┤     
 q5 : ┤ h ├┤ h ├─────
      ├───┤├───┤     
 q6 : ┤ h ├┤ h ├─────
      ├───┤├───┤     
 q7 : ┤ h ├┤ h ├─────
      ├───┤├───┤     
 q8 : ┤ h ├┤ h ├─────
      ├───┤├───┤     
 q9 : ┤ h ├┤ h ├─────
      ├───┤├───┤     
q10 : ┤ h ├┤ h ├─────
      ├───┤├───┤     
q11 : ┤ h ├┤ h ├─────
      ├───┤├───┤     
q12 : ┤ h ├┤ h ├─────
      ├───┤├───┤     
q13 : ┤ h ├┤ h ├─────
      ├───┤├───┤     
q14 : ┤ h ├┤ h ├─────
      ├───┤├───┤     
q15 : ┤ h ├┤ h ├─────
      ├───┤├───┤     
q16 : ┤ h ├┤ h ├─────
      ├───┤├───┤     
q17 : ┤ h ├┤ h ├─────
      ├───┤├───┤     
q18 : ┤ h ├┤ h ├─────
      ├───┤├───┤     
q19 : ┤ h ├┤ h ├─────
      ├───┤├───┤     
q20 : ┤ h ├┤ h ├─────
      ├───┤├───┤     
q21 : ┤ h ├┤ h ├─────
      ├───┤├───┤     
q22 : ┤ h ├┤ h ├─────
      ├───┤├───┤     
q23 : ┤ h ├┤ h ├─────
      ├───┤├───┤     
q24 : ┤ h ├┤ h ├─────
      ├───┤├───┤     
q25 : ┤ h ├┤ h ├─────
      ├───┤├───┤     
q26 : ┤ h ├┤ h ├─────
      ├───┤├───┤     
q27 : ┤ h ├┤ h ├─────
      ├───┤├───┤     
q28 : ┤ h ├┤ h ├─────
      ├───┤├───┤     
q29 : ┤ h ├┤ h ├─────
      ├───┤├───┤╭───╮
q30 : ┤ x ├┤ h ├┤ x ├
      ╰───╯╰───╯╰───╯

Input qubits measurement outcome and frequency = { 000000000000000000000000000000:1 }

The oracle function is constant.
	Command being timed: "python3 deutsch-jozsa.py 31"
	User time (seconds): 1.31
	System time (seconds): 0.46
	Percent of CPU this job got: 94%
	Elapsed (wall clock) time (h:mm:ss or m:ss): 0:01.87
	Average shared text size (kbytes): 0
	Average unshared data size (kbytes): 0
	Average stack size (kbytes): 0
	Average total size (kbytes): 0
	Maximum resident set size (kbytes): 622728
	Average resident set size (kbytes): 0
	Major (requiring I/O) page faults: 0
	Minor (reclaiming a frame) page faults: 59932
	Voluntary context switches: 1523
	Involuntary context switches: 33
	Swaps: 0
	File system inputs: 0
	File system outputs: 16
	Socket messages sent: 0
	Socket messages received: 0
	Signals delivered: 0
	Page size (bytes): 4096
	Exit status: 0
