WARNING: overwriting environment variables set in the machine
overwriting variable ['LD_LIBRARY_PATH']
Generated fx for function type = constant: [1, 1, 1, 1, 1, 1, 1, 1, 1, 1, 1, 1, 1, 1]
oracleType =  0
oracleValue =  1
      ╭───╮╭───╮     
 q0 : ┤ h ├┤ h ├─────
      ├───┤├───┤     
 q1 : ┤ h ├┤ h ├─────
      ├───┤├───┤     
 q2 : ┤ h ├┤ h ├─────
      ├───┤├───┤     
 q3 : ┤ h ├┤ h ├─────
      ├───┤├───┤     
 q4 : ┤ h ├┤ h ├─────
      ├───┤├───┤     
 q5 : ┤ h ├┤ h ├─────
      ├───┤├───┤     
 q6 : ┤ h ├┤ h ├─────
      ├───┤├───┤     
 q7 : ┤ h ├┤ h ├─────
      ├───┤├───┤     
 q8 : ┤ h ├┤ h ├─────
      ├───┤├───┤     
 q9 : ┤ h ├┤ h ├─────
      ├───┤├───┤     
q10 : ┤ h ├┤ h ├─────
      ├───┤├───┤     
q11 : ┤ h ├┤ h ├─────
      ├───┤├───┤     
q12 : ┤ h ├┤ h ├─────
      ├───┤├───┤     
q13 : ┤ h ├┤ h ├─────
      ├───┤├───┤╭───╮
q14 : ┤ x ├┤ h ├┤ x ├
      ╰───╯╰───╯╰───╯

Input qubits measurement outcome and frequency = { 00000000000000:1 }

The oracle function is constant.
	Command being timed: "python3 deutsch-jozsa.py 15"
	User time (seconds): 0.88
	System time (seconds): 0.46
	Percent of CPU this job got: 88%
	Elapsed (wall clock) time (h:mm:ss or m:ss): 0:01.51
	Average shared text size (kbytes): 0
	Average unshared data size (kbytes): 0
	Average stack size (kbytes): 0
	Average total size (kbytes): 0
	Maximum resident set size (kbytes): 622360
	Average resident set size (kbytes): 0
	Major (requiring I/O) page faults: 0
	Minor (reclaiming a frame) page faults: 42564
	Voluntary context switches: 3093
	Involuntary context switches: 28
	Swaps: 0
	File system inputs: 0
	File system outputs: 16
	Socket messages sent: 0
	Socket messages received: 0
	Signals delivered: 0
	Page size (bytes): 4096
	Exit status: 0
Generated fx for function type = constant: [1, 1, 1, 1, 1, 1, 1, 1, 1, 1, 1, 1, 1, 1]
oracleType =  0
oracleValue =  1
      ╭───╮╭───╮     
 q0 : ┤ h ├┤ h ├─────
      ├───┤├───┤     
 q1 : ┤ h ├┤ h ├─────
      ├───┤├───┤     
 q2 : ┤ h ├┤ h ├─────
      ├───┤├───┤     
 q3 : ┤ h ├┤ h ├─────
      ├───┤├───┤     
 q4 : ┤ h ├┤ h ├─────
      ├───┤├───┤     
 q5 : ┤ h ├┤ h ├─────
      ├───┤├───┤     
 q6 : ┤ h ├┤ h ├─────
      ├───┤├───┤     
 q7 : ┤ h ├┤ h ├─────
      ├───┤├───┤     
 q8 : ┤ h ├┤ h ├─────
      ├───┤├───┤     
 q9 : ┤ h ├┤ h ├─────
      ├───┤├───┤     
q10 : ┤ h ├┤ h ├─────
      ├───┤├───┤     
q11 : ┤ h ├┤ h ├─────
      ├───┤├───┤     
q12 : ┤ h ├┤ h ├─────
      ├───┤├───┤     
q13 : ┤ h ├┤ h ├─────
      ├───┤├───┤╭───╮
q14 : ┤ x ├┤ h ├┤ x ├
      ╰───╯╰───╯╰───╯

Input qubits measurement outcome and frequency = { 00000000000000:1 }

The oracle function is constant.
	Command being timed: "python3 deutsch-jozsa.py 15"
	User time (seconds): 0.86
	System time (seconds): 0.43
	Percent of CPU this job got: 93%
	Elapsed (wall clock) time (h:mm:ss or m:ss): 0:01.39
	Average shared text size (kbytes): 0
	Average unshared data size (kbytes): 0
	Average stack size (kbytes): 0
	Average total size (kbytes): 0
	Maximum resident set size (kbytes): 619532
	Average resident set size (kbytes): 0
	Major (requiring I/O) page faults: 0
	Minor (reclaiming a frame) page faults: 43106
	Voluntary context switches: 1518
	Involuntary context switches: 29
	Swaps: 0
	File system inputs: 0
	File system outputs: 16
	Socket messages sent: 0
	Socket messages received: 0
	Signals delivered: 0
	Page size (bytes): 4096
	Exit status: 0
Generated fx for function type = constant: [0, 0, 0, 0, 0, 0, 0, 0, 0, 0, 0, 0, 0, 0]
oracleType =  0
oracleValue =  0
      ╭───╮╭───╮
 q0 : ┤ h ├┤ h ├
      ├───┤├───┤
 q1 : ┤ h ├┤ h ├
      ├───┤├───┤
 q2 : ┤ h ├┤ h ├
      ├───┤├───┤
 q3 : ┤ h ├┤ h ├
      ├───┤├───┤
 q4 : ┤ h ├┤ h ├
      ├───┤├───┤
 q5 : ┤ h ├┤ h ├
      ├───┤├───┤
 q6 : ┤ h ├┤ h ├
      ├───┤├───┤
 q7 : ┤ h ├┤ h ├
      ├───┤├───┤
 q8 : ┤ h ├┤ h ├
      ├───┤├───┤
 q9 : ┤ h ├┤ h ├
      ├───┤├───┤
q10 : ┤ h ├┤ h ├
      ├───┤├───┤
q11 : ┤ h ├┤ h ├
      ├───┤├───┤
q12 : ┤ h ├┤ h ├
      ├───┤├───┤
q13 : ┤ h ├┤ h ├
      ├───┤├───┤
q14 : ┤ x ├┤ h ├
      ╰───╯╰───╯

Input qubits measurement outcome and frequency = { 00000000000000:1 }

The oracle function is constant.
	Command being timed: "python3 deutsch-jozsa.py 15"
	User time (seconds): 0.87
	System time (seconds): 0.42
	Percent of CPU this job got: 92%
	Elapsed (wall clock) time (h:mm:ss or m:ss): 0:01.40
	Average shared text size (kbytes): 0
	Average unshared data size (kbytes): 0
	Average stack size (kbytes): 0
	Average total size (kbytes): 0
	Maximum resident set size (kbytes): 621880
	Average resident set size (kbytes): 0
	Major (requiring I/O) page faults: 0
	Minor (reclaiming a frame) page faults: 42573
	Voluntary context switches: 1519
	Involuntary context switches: 28
	Swaps: 0
	File system inputs: 0
	File system outputs: 16
	Socket messages sent: 0
	Socket messages received: 0
	Signals delivered: 0
	Page size (bytes): 4096
	Exit status: 0
Generated fx for function type = constant: [0, 0, 0, 0, 0, 0, 0, 0, 0, 0, 0, 0, 0, 0]
oracleType =  0
oracleValue =  0
      ╭───╮╭───╮
 q0 : ┤ h ├┤ h ├
      ├───┤├───┤
 q1 : ┤ h ├┤ h ├
      ├───┤├───┤
 q2 : ┤ h ├┤ h ├
      ├───┤├───┤
 q3 : ┤ h ├┤ h ├
      ├───┤├───┤
 q4 : ┤ h ├┤ h ├
      ├───┤├───┤
 q5 : ┤ h ├┤ h ├
      ├───┤├───┤
 q6 : ┤ h ├┤ h ├
      ├───┤├───┤
 q7 : ┤ h ├┤ h ├
      ├───┤├───┤
 q8 : ┤ h ├┤ h ├
      ├───┤├───┤
 q9 : ┤ h ├┤ h ├
      ├───┤├───┤
q10 : ┤ h ├┤ h ├
      ├───┤├───┤
q11 : ┤ h ├┤ h ├
      ├───┤├───┤
q12 : ┤ h ├┤ h ├
      ├───┤├───┤
q13 : ┤ h ├┤ h ├
      ├───┤├───┤
q14 : ┤ x ├┤ h ├
      ╰───╯╰───╯

Input qubits measurement outcome and frequency = { 00000000000000:1 }

The oracle function is constant.
	Command being timed: "python3 deutsch-jozsa.py 15"
	User time (seconds): 0.88
	System time (seconds): 0.40
	Percent of CPU this job got: 92%
	Elapsed (wall clock) time (h:mm:ss or m:ss): 0:01.40
	Average shared text size (kbytes): 0
	Average unshared data size (kbytes): 0
	Average stack size (kbytes): 0
	Average total size (kbytes): 0
	Maximum resident set size (kbytes): 619900
	Average resident set size (kbytes): 0
	Major (requiring I/O) page faults: 0
	Minor (reclaiming a frame) page faults: 42773
	Voluntary context switches: 1527
	Involuntary context switches: 28
	Swaps: 0
	File system inputs: 0
	File system outputs: 16
	Socket messages sent: 0
	Socket messages received: 0
	Signals delivered: 0
	Page size (bytes): 4096
	Exit status: 0
Generated fx for function type = constant: [0, 0, 0, 0, 0, 0, 0, 0, 0, 0, 0, 0, 0, 0]
oracleType =  0
oracleValue =  0
      ╭───╮╭───╮
 q0 : ┤ h ├┤ h ├
      ├───┤├───┤
 q1 : ┤ h ├┤ h ├
      ├───┤├───┤
 q2 : ┤ h ├┤ h ├
      ├───┤├───┤
 q3 : ┤ h ├┤ h ├
      ├───┤├───┤
 q4 : ┤ h ├┤ h ├
      ├───┤├───┤
 q5 : ┤ h ├┤ h ├
      ├───┤├───┤
 q6 : ┤ h ├┤ h ├
      ├───┤├───┤
 q7 : ┤ h ├┤ h ├
      ├───┤├───┤
 q8 : ┤ h ├┤ h ├
      ├───┤├───┤
 q9 : ┤ h ├┤ h ├
      ├───┤├───┤
q10 : ┤ h ├┤ h ├
      ├───┤├───┤
q11 : ┤ h ├┤ h ├
      ├───┤├───┤
q12 : ┤ h ├┤ h ├
      ├───┤├───┤
q13 : ┤ h ├┤ h ├
      ├───┤├───┤
q14 : ┤ x ├┤ h ├
      ╰───╯╰───╯

Input qubits measurement outcome and frequency = { 00000000000000:1 }

The oracle function is constant.
	Command being timed: "python3 deutsch-jozsa.py 15"
	User time (seconds): 0.88
	System time (seconds): 0.42
	Percent of CPU this job got: 92%
	Elapsed (wall clock) time (h:mm:ss or m:ss): 0:01.41
	Average shared text size (kbytes): 0
	Average unshared data size (kbytes): 0
	Average stack size (kbytes): 0
	Average total size (kbytes): 0
	Maximum resident set size (kbytes): 620636
	Average resident set size (kbytes): 0
	Major (requiring I/O) page faults: 0
	Minor (reclaiming a frame) page faults: 43100
	Voluntary context switches: 1526
	Involuntary context switches: 25
	Swaps: 0
	File system inputs: 0
	File system outputs: 16
	Socket messages sent: 0
	Socket messages received: 0
	Signals delivered: 0
	Page size (bytes): 4096
	Exit status: 0
Generated fx for function type = constant: [0, 0, 0, 0, 0, 0, 0, 0, 0, 0, 0, 0, 0, 0]
oracleType =  0
oracleValue =  0
      ╭───╮╭───╮
 q0 : ┤ h ├┤ h ├
      ├───┤├───┤
 q1 : ┤ h ├┤ h ├
      ├───┤├───┤
 q2 : ┤ h ├┤ h ├
      ├───┤├───┤
 q3 : ┤ h ├┤ h ├
      ├───┤├───┤
 q4 : ┤ h ├┤ h ├
      ├───┤├───┤
 q5 : ┤ h ├┤ h ├
      ├───┤├───┤
 q6 : ┤ h ├┤ h ├
      ├───┤├───┤
 q7 : ┤ h ├┤ h ├
      ├───┤├───┤
 q8 : ┤ h ├┤ h ├
      ├───┤├───┤
 q9 : ┤ h ├┤ h ├
      ├───┤├───┤
q10 : ┤ h ├┤ h ├
      ├───┤├───┤
q11 : ┤ h ├┤ h ├
      ├───┤├───┤
q12 : ┤ h ├┤ h ├
      ├───┤├───┤
q13 : ┤ h ├┤ h ├
      ├───┤├───┤
q14 : ┤ x ├┤ h ├
      ╰───╯╰───╯

Input qubits measurement outcome and frequency = { 00000000000000:1 }

The oracle function is constant.
	Command being timed: "python3 deutsch-jozsa.py 15"
	User time (seconds): 0.85
	System time (seconds): 0.44
	Percent of CPU this job got: 92%
	Elapsed (wall clock) time (h:mm:ss or m:ss): 0:01.40
	Average shared text size (kbytes): 0
	Average unshared data size (kbytes): 0
	Average stack size (kbytes): 0
	Average total size (kbytes): 0
	Maximum resident set size (kbytes): 623952
	Average resident set size (kbytes): 0
	Major (requiring I/O) page faults: 0
	Minor (reclaiming a frame) page faults: 43322
	Voluntary context switches: 1529
	Involuntary context switches: 22
	Swaps: 0
	File system inputs: 0
	File system outputs: 16
	Socket messages sent: 0
	Socket messages received: 0
	Signals delivered: 0
	Page size (bytes): 4096
	Exit status: 0
Generated fx for function type = constant: [1, 1, 1, 1, 1, 1, 1, 1, 1, 1, 1, 1, 1, 1]
oracleType =  0
oracleValue =  1
      ╭───╮╭───╮     
 q0 : ┤ h ├┤ h ├─────
      ├───┤├───┤     
 q1 : ┤ h ├┤ h ├─────
      ├───┤├───┤     
 q2 : ┤ h ├┤ h ├─────
      ├───┤├───┤     
 q3 : ┤ h ├┤ h ├─────
      ├───┤├───┤     
 q4 : ┤ h ├┤ h ├─────
      ├───┤├───┤     
 q5 : ┤ h ├┤ h ├─────
      ├───┤├───┤     
 q6 : ┤ h ├┤ h ├─────
      ├───┤├───┤     
 q7 : ┤ h ├┤ h ├─────
      ├───┤├───┤     
 q8 : ┤ h ├┤ h ├─────
      ├───┤├───┤     
 q9 : ┤ h ├┤ h ├─────
      ├───┤├───┤     
q10 : ┤ h ├┤ h ├─────
      ├───┤├───┤     
q11 : ┤ h ├┤ h ├─────
      ├───┤├───┤     
q12 : ┤ h ├┤ h ├─────
      ├───┤├───┤     
q13 : ┤ h ├┤ h ├─────
      ├───┤├───┤╭───╮
q14 : ┤ x ├┤ h ├┤ x ├
      ╰───╯╰───╯╰───╯

Input qubits measurement outcome and frequency = { 00000000000000:1 }

The oracle function is constant.
	Command being timed: "python3 deutsch-jozsa.py 15"
	User time (seconds): 0.86
	System time (seconds): 0.42
	Percent of CPU this job got: 93%
	Elapsed (wall clock) time (h:mm:ss or m:ss): 0:01.38
	Average shared text size (kbytes): 0
	Average unshared data size (kbytes): 0
	Average stack size (kbytes): 0
	Average total size (kbytes): 0
	Maximum resident set size (kbytes): 622832
	Average resident set size (kbytes): 0
	Major (requiring I/O) page faults: 0
	Minor (reclaiming a frame) page faults: 42803
	Voluntary context switches: 1525
	Involuntary context switches: 27
	Swaps: 0
	File system inputs: 0
	File system outputs: 16
	Socket messages sent: 0
	Socket messages received: 0
	Signals delivered: 0
	Page size (bytes): 4096
	Exit status: 0
Generated fx for function type = constant: [1, 1, 1, 1, 1, 1, 1, 1, 1, 1, 1, 1, 1, 1]
oracleType =  0
oracleValue =  1
      ╭───╮╭───╮     
 q0 : ┤ h ├┤ h ├─────
      ├───┤├───┤     
 q1 : ┤ h ├┤ h ├─────
      ├───┤├───┤     
 q2 : ┤ h ├┤ h ├─────
      ├───┤├───┤     
 q3 : ┤ h ├┤ h ├─────
      ├───┤├───┤     
 q4 : ┤ h ├┤ h ├─────
      ├───┤├───┤     
 q5 : ┤ h ├┤ h ├─────
      ├───┤├───┤     
 q6 : ┤ h ├┤ h ├─────
      ├───┤├───┤     
 q7 : ┤ h ├┤ h ├─────
      ├───┤├───┤     
 q8 : ┤ h ├┤ h ├─────
      ├───┤├───┤     
 q9 : ┤ h ├┤ h ├─────
      ├───┤├───┤     
q10 : ┤ h ├┤ h ├─────
      ├───┤├───┤     
q11 : ┤ h ├┤ h ├─────
      ├───┤├───┤     
q12 : ┤ h ├┤ h ├─────
      ├───┤├───┤     
q13 : ┤ h ├┤ h ├─────
      ├───┤├───┤╭───╮
q14 : ┤ x ├┤ h ├┤ x ├
      ╰───╯╰───╯╰───╯

Input qubits measurement outcome and frequency = { 00000000000000:1 }

The oracle function is constant.
	Command being timed: "python3 deutsch-jozsa.py 15"
	User time (seconds): 0.87
	System time (seconds): 0.43
	Percent of CPU this job got: 91%
	Elapsed (wall clock) time (h:mm:ss or m:ss): 0:01.42
	Average shared text size (kbytes): 0
	Average unshared data size (kbytes): 0
	Average stack size (kbytes): 0
	Average total size (kbytes): 0
	Maximum resident set size (kbytes): 624956
	Average resident set size (kbytes): 0
	Major (requiring I/O) page faults: 0
	Minor (reclaiming a frame) page faults: 42738
	Voluntary context switches: 1526
	Involuntary context switches: 25
	Swaps: 0
	File system inputs: 0
	File system outputs: 16
	Socket messages sent: 0
	Socket messages received: 0
	Signals delivered: 0
	Page size (bytes): 4096
	Exit status: 0
Generated fx for function type = constant: [0, 0, 0, 0, 0, 0, 0, 0, 0, 0, 0, 0, 0, 0]
oracleType =  0
oracleValue =  0
      ╭───╮╭───╮
 q0 : ┤ h ├┤ h ├
      ├───┤├───┤
 q1 : ┤ h ├┤ h ├
      ├───┤├───┤
 q2 : ┤ h ├┤ h ├
      ├───┤├───┤
 q3 : ┤ h ├┤ h ├
      ├───┤├───┤
 q4 : ┤ h ├┤ h ├
      ├───┤├───┤
 q5 : ┤ h ├┤ h ├
      ├───┤├───┤
 q6 : ┤ h ├┤ h ├
      ├───┤├───┤
 q7 : ┤ h ├┤ h ├
      ├───┤├───┤
 q8 : ┤ h ├┤ h ├
      ├───┤├───┤
 q9 : ┤ h ├┤ h ├
      ├───┤├───┤
q10 : ┤ h ├┤ h ├
      ├───┤├───┤
q11 : ┤ h ├┤ h ├
      ├───┤├───┤
q12 : ┤ h ├┤ h ├
      ├───┤├───┤
q13 : ┤ h ├┤ h ├
      ├───┤├───┤
q14 : ┤ x ├┤ h ├
      ╰───╯╰───╯

Input qubits measurement outcome and frequency = { 00000000000000:1 }

The oracle function is constant.
	Command being timed: "python3 deutsch-jozsa.py 15"
	User time (seconds): 0.86
	System time (seconds): 0.43
	Percent of CPU this job got: 91%
	Elapsed (wall clock) time (h:mm:ss or m:ss): 0:01.41
	Average shared text size (kbytes): 0
	Average unshared data size (kbytes): 0
	Average stack size (kbytes): 0
	Average total size (kbytes): 0
	Maximum resident set size (kbytes): 622588
	Average resident set size (kbytes): 0
	Major (requiring I/O) page faults: 0
	Minor (reclaiming a frame) page faults: 43283
	Voluntary context switches: 1522
	Involuntary context switches: 24
	Swaps: 0
	File system inputs: 0
	File system outputs: 16
	Socket messages sent: 0
	Socket messages received: 0
	Signals delivered: 0
	Page size (bytes): 4096
	Exit status: 0
Generated fx for function type = constant: [1, 1, 1, 1, 1, 1, 1, 1, 1, 1, 1, 1, 1, 1]
oracleType =  0
oracleValue =  1
      ╭───╮╭───╮     
 q0 : ┤ h ├┤ h ├─────
      ├───┤├───┤     
 q1 : ┤ h ├┤ h ├─────
      ├───┤├───┤     
 q2 : ┤ h ├┤ h ├─────
      ├───┤├───┤     
 q3 : ┤ h ├┤ h ├─────
      ├───┤├───┤     
 q4 : ┤ h ├┤ h ├─────
      ├───┤├───┤     
 q5 : ┤ h ├┤ h ├─────
      ├───┤├───┤     
 q6 : ┤ h ├┤ h ├─────
      ├───┤├───┤     
 q7 : ┤ h ├┤ h ├─────
      ├───┤├───┤     
 q8 : ┤ h ├┤ h ├─────
      ├───┤├───┤     
 q9 : ┤ h ├┤ h ├─────
      ├───┤├───┤     
q10 : ┤ h ├┤ h ├─────
      ├───┤├───┤     
q11 : ┤ h ├┤ h ├─────
      ├───┤├───┤     
q12 : ┤ h ├┤ h ├─────
      ├───┤├───┤     
q13 : ┤ h ├┤ h ├─────
      ├───┤├───┤╭───╮
q14 : ┤ x ├┤ h ├┤ x ├
      ╰───╯╰───╯╰───╯

Input qubits measurement outcome and frequency = { 00000000000000:1 }

The oracle function is constant.
	Command being timed: "python3 deutsch-jozsa.py 15"
	User time (seconds): 0.88
	System time (seconds): 0.42
	Percent of CPU this job got: 90%
	Elapsed (wall clock) time (h:mm:ss or m:ss): 0:01.44
	Average shared text size (kbytes): 0
	Average unshared data size (kbytes): 0
	Average stack size (kbytes): 0
	Average total size (kbytes): 0
	Maximum resident set size (kbytes): 623384
	Average resident set size (kbytes): 0
	Major (requiring I/O) page faults: 0
	Minor (reclaiming a frame) page faults: 43333
	Voluntary context switches: 1543
	Involuntary context switches: 27
	Swaps: 0
	File system inputs: 0
	File system outputs: 16
	Socket messages sent: 0
	Socket messages received: 0
	Signals delivered: 0
	Page size (bytes): 4096
	Exit status: 0
