WARNING: overwriting environment variables set in the machine
overwriting variable ['LD_LIBRARY_PATH']
Generated fx for function type = constant: [1, 1, 1, 1, 1, 1, 1, 1, 1, 1, 1, 1, 1, 1, 1, 1, 1, 1, 1, 1, 1, 1]
oracleType =  0
oracleValue =  1
      ╭───╮╭───╮     
 q0 : ┤ h ├┤ h ├─────
      ├───┤├───┤     
 q1 : ┤ h ├┤ h ├─────
      ├───┤├───┤     
 q2 : ┤ h ├┤ h ├─────
      ├───┤├───┤     
 q3 : ┤ h ├┤ h ├─────
      ├───┤├───┤     
 q4 : ┤ h ├┤ h ├─────
      ├───┤├───┤     
 q5 : ┤ h ├┤ h ├─────
      ├───┤├───┤     
 q6 : ┤ h ├┤ h ├─────
      ├───┤├───┤     
 q7 : ┤ h ├┤ h ├─────
      ├───┤├───┤     
 q8 : ┤ h ├┤ h ├─────
      ├───┤├───┤     
 q9 : ┤ h ├┤ h ├─────
      ├───┤├───┤     
q10 : ┤ h ├┤ h ├─────
      ├───┤├───┤     
q11 : ┤ h ├┤ h ├─────
      ├───┤├───┤     
q12 : ┤ h ├┤ h ├─────
      ├───┤├───┤     
q13 : ┤ h ├┤ h ├─────
      ├───┤├───┤     
q14 : ┤ h ├┤ h ├─────
      ├───┤├───┤     
q15 : ┤ h ├┤ h ├─────
      ├───┤├───┤     
q16 : ┤ h ├┤ h ├─────
      ├───┤├───┤     
q17 : ┤ h ├┤ h ├─────
      ├───┤├───┤     
q18 : ┤ h ├┤ h ├─────
      ├───┤├───┤     
q19 : ┤ h ├┤ h ├─────
      ├───┤├───┤     
q20 : ┤ h ├┤ h ├─────
      ├───┤├───┤     
q21 : ┤ h ├┤ h ├─────
      ├───┤├───┤╭───╮
q22 : ┤ x ├┤ h ├┤ x ├
      ╰───╯╰───╯╰───╯

Input qubits measurement outcome and frequency = { 0000000000000000000000:1 }

The oracle function is constant.
	Command being timed: "python3 deutsch-jozsa.py 23"
	User time (seconds): 0.79
	System time (seconds): 1.38
	Percent of CPU this job got: 62%
	Elapsed (wall clock) time (h:mm:ss or m:ss): 0:03.47
	Average shared text size (kbytes): 0
	Average unshared data size (kbytes): 0
	Average stack size (kbytes): 0
	Average total size (kbytes): 0
	Maximum resident set size (kbytes): 589968
	Average resident set size (kbytes): 0
	Major (requiring I/O) page faults: 0
	Minor (reclaiming a frame) page faults: 66763
	Voluntary context switches: 3852
	Involuntary context switches: 30
	Swaps: 0
	File system inputs: 0
	File system outputs: 16
	Socket messages sent: 0
	Socket messages received: 0
	Signals delivered: 0
	Page size (bytes): 4096
	Exit status: 0
Generated fx for function type = constant: [1, 1, 1, 1, 1, 1, 1, 1, 1, 1, 1, 1, 1, 1, 1, 1, 1, 1, 1, 1, 1, 1]
oracleType =  0
oracleValue =  1
      ╭───╮╭───╮     
 q0 : ┤ h ├┤ h ├─────
      ├───┤├───┤     
 q1 : ┤ h ├┤ h ├─────
      ├───┤├───┤     
 q2 : ┤ h ├┤ h ├─────
      ├───┤├───┤     
 q3 : ┤ h ├┤ h ├─────
      ├───┤├───┤     
 q4 : ┤ h ├┤ h ├─────
      ├───┤├───┤     
 q5 : ┤ h ├┤ h ├─────
      ├───┤├───┤     
 q6 : ┤ h ├┤ h ├─────
      ├───┤├───┤     
 q7 : ┤ h ├┤ h ├─────
      ├───┤├───┤     
 q8 : ┤ h ├┤ h ├─────
      ├───┤├───┤     
 q9 : ┤ h ├┤ h ├─────
      ├───┤├───┤     
q10 : ┤ h ├┤ h ├─────
      ├───┤├───┤     
q11 : ┤ h ├┤ h ├─────
      ├───┤├───┤     
q12 : ┤ h ├┤ h ├─────
      ├───┤├───┤     
q13 : ┤ h ├┤ h ├─────
      ├───┤├───┤     
q14 : ┤ h ├┤ h ├─────
      ├───┤├───┤     
q15 : ┤ h ├┤ h ├─────
      ├───┤├───┤     
q16 : ┤ h ├┤ h ├─────
      ├───┤├───┤     
q17 : ┤ h ├┤ h ├─────
      ├───┤├───┤     
q18 : ┤ h ├┤ h ├─────
      ├───┤├───┤     
q19 : ┤ h ├┤ h ├─────
      ├───┤├───┤     
q20 : ┤ h ├┤ h ├─────
      ├───┤├───┤     
q21 : ┤ h ├┤ h ├─────
      ├───┤├───┤╭───╮
q22 : ┤ x ├┤ h ├┤ x ├
      ╰───╯╰───╯╰───╯

Input qubits measurement outcome and frequency = { 0000000000000000000000:1 }

The oracle function is constant.
	Command being timed: "python3 deutsch-jozsa.py 23"
	User time (seconds): 0.77
	System time (seconds): 0.86
	Percent of CPU this job got: 74%
	Elapsed (wall clock) time (h:mm:ss or m:ss): 0:02.20
	Average shared text size (kbytes): 0
	Average unshared data size (kbytes): 0
	Average stack size (kbytes): 0
	Average total size (kbytes): 0
	Maximum resident set size (kbytes): 588384
	Average resident set size (kbytes): 0
	Major (requiring I/O) page faults: 0
	Minor (reclaiming a frame) page faults: 50289
	Voluntary context switches: 2171
	Involuntary context switches: 25
	Swaps: 0
	File system inputs: 0
	File system outputs: 24
	Socket messages sent: 0
	Socket messages received: 0
	Signals delivered: 0
	Page size (bytes): 4096
	Exit status: 0
Generated fx for function type = constant: [0, 0, 0, 0, 0, 0, 0, 0, 0, 0, 0, 0, 0, 0, 0, 0, 0, 0, 0, 0, 0, 0]
oracleType =  0
oracleValue =  0
      ╭───╮╭───╮
 q0 : ┤ h ├┤ h ├
      ├───┤├───┤
 q1 : ┤ h ├┤ h ├
      ├───┤├───┤
 q2 : ┤ h ├┤ h ├
      ├───┤├───┤
 q3 : ┤ h ├┤ h ├
      ├───┤├───┤
 q4 : ┤ h ├┤ h ├
      ├───┤├───┤
 q5 : ┤ h ├┤ h ├
      ├───┤├───┤
 q6 : ┤ h ├┤ h ├
      ├───┤├───┤
 q7 : ┤ h ├┤ h ├
      ├───┤├───┤
 q8 : ┤ h ├┤ h ├
      ├───┤├───┤
 q9 : ┤ h ├┤ h ├
      ├───┤├───┤
q10 : ┤ h ├┤ h ├
      ├───┤├───┤
q11 : ┤ h ├┤ h ├
      ├───┤├───┤
q12 : ┤ h ├┤ h ├
      ├───┤├───┤
q13 : ┤ h ├┤ h ├
      ├───┤├───┤
q14 : ┤ h ├┤ h ├
      ├───┤├───┤
q15 : ┤ h ├┤ h ├
      ├───┤├───┤
q16 : ┤ h ├┤ h ├
      ├───┤├───┤
q17 : ┤ h ├┤ h ├
      ├───┤├───┤
q18 : ┤ h ├┤ h ├
      ├───┤├───┤
q19 : ┤ h ├┤ h ├
      ├───┤├───┤
q20 : ┤ h ├┤ h ├
      ├───┤├───┤
q21 : ┤ h ├┤ h ├
      ├───┤├───┤
q22 : ┤ x ├┤ h ├
      ╰───╯╰───╯

Input qubits measurement outcome and frequency = { 0000000000000000000000:1 }

The oracle function is constant.
	Command being timed: "python3 deutsch-jozsa.py 23"
	User time (seconds): 0.77
	System time (seconds): 0.81
	Percent of CPU this job got: 75%
	Elapsed (wall clock) time (h:mm:ss or m:ss): 0:02.11
	Average shared text size (kbytes): 0
	Average unshared data size (kbytes): 0
	Average stack size (kbytes): 0
	Average total size (kbytes): 0
	Maximum resident set size (kbytes): 587324
	Average resident set size (kbytes): 0
	Major (requiring I/O) page faults: 0
	Minor (reclaiming a frame) page faults: 49783
	Voluntary context switches: 2089
	Involuntary context switches: 23
	Swaps: 0
	File system inputs: 0
	File system outputs: 16
	Socket messages sent: 0
	Socket messages received: 0
	Signals delivered: 0
	Page size (bytes): 4096
	Exit status: 0
Generated fx for function type = constant: [0, 0, 0, 0, 0, 0, 0, 0, 0, 0, 0, 0, 0, 0, 0, 0, 0, 0, 0, 0, 0, 0]
oracleType =  0
oracleValue =  0
      ╭───╮╭───╮
 q0 : ┤ h ├┤ h ├
      ├───┤├───┤
 q1 : ┤ h ├┤ h ├
      ├───┤├───┤
 q2 : ┤ h ├┤ h ├
      ├───┤├───┤
 q3 : ┤ h ├┤ h ├
      ├───┤├───┤
 q4 : ┤ h ├┤ h ├
      ├───┤├───┤
 q5 : ┤ h ├┤ h ├
      ├───┤├───┤
 q6 : ┤ h ├┤ h ├
      ├───┤├───┤
 q7 : ┤ h ├┤ h ├
      ├───┤├───┤
 q8 : ┤ h ├┤ h ├
      ├───┤├───┤
 q9 : ┤ h ├┤ h ├
      ├───┤├───┤
q10 : ┤ h ├┤ h ├
      ├───┤├───┤
q11 : ┤ h ├┤ h ├
      ├───┤├───┤
q12 : ┤ h ├┤ h ├
      ├───┤├───┤
q13 : ┤ h ├┤ h ├
      ├───┤├───┤
q14 : ┤ h ├┤ h ├
      ├───┤├───┤
q15 : ┤ h ├┤ h ├
      ├───┤├───┤
q16 : ┤ h ├┤ h ├
      ├───┤├───┤
q17 : ┤ h ├┤ h ├
      ├───┤├───┤
q18 : ┤ h ├┤ h ├
      ├───┤├───┤
q19 : ┤ h ├┤ h ├
      ├───┤├───┤
q20 : ┤ h ├┤ h ├
      ├───┤├───┤
q21 : ┤ h ├┤ h ├
      ├───┤├───┤
q22 : ┤ x ├┤ h ├
      ╰───╯╰───╯

Input qubits measurement outcome and frequency = { 0000000000000000000000:1 }

The oracle function is constant.
	Command being timed: "python3 deutsch-jozsa.py 23"
	User time (seconds): 0.76
	System time (seconds): 0.74
	Percent of CPU this job got: 72%
	Elapsed (wall clock) time (h:mm:ss or m:ss): 0:02.06
	Average shared text size (kbytes): 0
	Average unshared data size (kbytes): 0
	Average stack size (kbytes): 0
	Average total size (kbytes): 0
	Maximum resident set size (kbytes): 588760
	Average resident set size (kbytes): 0
	Major (requiring I/O) page faults: 0
	Minor (reclaiming a frame) page faults: 50288
	Voluntary context switches: 2075
	Involuntary context switches: 25
	Swaps: 0
	File system inputs: 0
	File system outputs: 16
	Socket messages sent: 0
	Socket messages received: 0
	Signals delivered: 0
	Page size (bytes): 4096
	Exit status: 0
Generated fx for function type = constant: [0, 0, 0, 0, 0, 0, 0, 0, 0, 0, 0, 0, 0, 0, 0, 0, 0, 0, 0, 0, 0, 0]
oracleType =  0
oracleValue =  0
      ╭───╮╭───╮
 q0 : ┤ h ├┤ h ├
      ├───┤├───┤
 q1 : ┤ h ├┤ h ├
      ├───┤├───┤
 q2 : ┤ h ├┤ h ├
      ├───┤├───┤
 q3 : ┤ h ├┤ h ├
      ├───┤├───┤
 q4 : ┤ h ├┤ h ├
      ├───┤├───┤
 q5 : ┤ h ├┤ h ├
      ├───┤├───┤
 q6 : ┤ h ├┤ h ├
      ├───┤├───┤
 q7 : ┤ h ├┤ h ├
      ├───┤├───┤
 q8 : ┤ h ├┤ h ├
      ├───┤├───┤
 q9 : ┤ h ├┤ h ├
      ├───┤├───┤
q10 : ┤ h ├┤ h ├
      ├───┤├───┤
q11 : ┤ h ├┤ h ├
      ├───┤├───┤
q12 : ┤ h ├┤ h ├
      ├───┤├───┤
q13 : ┤ h ├┤ h ├
      ├───┤├───┤
q14 : ┤ h ├┤ h ├
      ├───┤├───┤
q15 : ┤ h ├┤ h ├
      ├───┤├───┤
q16 : ┤ h ├┤ h ├
      ├───┤├───┤
q17 : ┤ h ├┤ h ├
      ├───┤├───┤
q18 : ┤ h ├┤ h ├
      ├───┤├───┤
q19 : ┤ h ├┤ h ├
      ├───┤├───┤
q20 : ┤ h ├┤ h ├
      ├───┤├───┤
q21 : ┤ h ├┤ h ├
      ├───┤├───┤
q22 : ┤ x ├┤ h ├
      ╰───╯╰───╯

Input qubits measurement outcome and frequency = { 0000000000000000000000:1 }

The oracle function is constant.
	Command being timed: "python3 deutsch-jozsa.py 23"
	User time (seconds): 0.77
	System time (seconds): 0.78
	Percent of CPU this job got: 66%
	Elapsed (wall clock) time (h:mm:ss or m:ss): 0:02.35
	Average shared text size (kbytes): 0
	Average unshared data size (kbytes): 0
	Average stack size (kbytes): 0
	Average total size (kbytes): 0
	Maximum resident set size (kbytes): 587280
	Average resident set size (kbytes): 0
	Major (requiring I/O) page faults: 0
	Minor (reclaiming a frame) page faults: 65504
	Voluntary context switches: 2032
	Involuntary context switches: 27
	Swaps: 0
	File system inputs: 0
	File system outputs: 24
	Socket messages sent: 0
	Socket messages received: 0
	Signals delivered: 0
	Page size (bytes): 4096
	Exit status: 0
Generated fx for function type = constant: [1, 1, 1, 1, 1, 1, 1, 1, 1, 1, 1, 1, 1, 1, 1, 1, 1, 1, 1, 1, 1, 1]
oracleType =  0
oracleValue =  1
      ╭───╮╭───╮     
 q0 : ┤ h ├┤ h ├─────
      ├───┤├───┤     
 q1 : ┤ h ├┤ h ├─────
      ├───┤├───┤     
 q2 : ┤ h ├┤ h ├─────
      ├───┤├───┤     
 q3 : ┤ h ├┤ h ├─────
      ├───┤├───┤     
 q4 : ┤ h ├┤ h ├─────
      ├───┤├───┤     
 q5 : ┤ h ├┤ h ├─────
      ├───┤├───┤     
 q6 : ┤ h ├┤ h ├─────
      ├───┤├───┤     
 q7 : ┤ h ├┤ h ├─────
      ├───┤├───┤     
 q8 : ┤ h ├┤ h ├─────
      ├───┤├───┤     
 q9 : ┤ h ├┤ h ├─────
      ├───┤├───┤     
q10 : ┤ h ├┤ h ├─────
      ├───┤├───┤     
q11 : ┤ h ├┤ h ├─────
      ├───┤├───┤     
q12 : ┤ h ├┤ h ├─────
      ├───┤├───┤     
q13 : ┤ h ├┤ h ├─────
      ├───┤├───┤     
q14 : ┤ h ├┤ h ├─────
      ├───┤├───┤     
q15 : ┤ h ├┤ h ├─────
      ├───┤├───┤     
q16 : ┤ h ├┤ h ├─────
      ├───┤├───┤     
q17 : ┤ h ├┤ h ├─────
      ├───┤├───┤     
q18 : ┤ h ├┤ h ├─────
      ├───┤├───┤     
q19 : ┤ h ├┤ h ├─────
      ├───┤├───┤     
q20 : ┤ h ├┤ h ├─────
      ├───┤├───┤     
q21 : ┤ h ├┤ h ├─────
      ├───┤├───┤╭───╮
q22 : ┤ x ├┤ h ├┤ x ├
      ╰───╯╰───╯╰───╯

Input qubits measurement outcome and frequency = { 0000000000000000000000:1 }

The oracle function is constant.
	Command being timed: "python3 deutsch-jozsa.py 23"
	User time (seconds): 0.75
	System time (seconds): 0.76
	Percent of CPU this job got: 73%
	Elapsed (wall clock) time (h:mm:ss or m:ss): 0:02.07
	Average shared text size (kbytes): 0
	Average unshared data size (kbytes): 0
	Average stack size (kbytes): 0
	Average total size (kbytes): 0
	Maximum resident set size (kbytes): 590204
	Average resident set size (kbytes): 0
	Major (requiring I/O) page faults: 0
	Minor (reclaiming a frame) page faults: 50184
	Voluntary context switches: 2059
	Involuntary context switches: 21
	Swaps: 0
	File system inputs: 0
	File system outputs: 16
	Socket messages sent: 0
	Socket messages received: 0
	Signals delivered: 0
	Page size (bytes): 4096
	Exit status: 0
Generated fx for function type = constant: [1, 1, 1, 1, 1, 1, 1, 1, 1, 1, 1, 1, 1, 1, 1, 1, 1, 1, 1, 1, 1, 1]
oracleType =  0
oracleValue =  1
      ╭───╮╭───╮     
 q0 : ┤ h ├┤ h ├─────
      ├───┤├───┤     
 q1 : ┤ h ├┤ h ├─────
      ├───┤├───┤     
 q2 : ┤ h ├┤ h ├─────
      ├───┤├───┤     
 q3 : ┤ h ├┤ h ├─────
      ├───┤├───┤     
 q4 : ┤ h ├┤ h ├─────
      ├───┤├───┤     
 q5 : ┤ h ├┤ h ├─────
      ├───┤├───┤     
 q6 : ┤ h ├┤ h ├─────
      ├───┤├───┤     
 q7 : ┤ h ├┤ h ├─────
      ├───┤├───┤     
 q8 : ┤ h ├┤ h ├─────
      ├───┤├───┤     
 q9 : ┤ h ├┤ h ├─────
      ├───┤├───┤     
q10 : ┤ h ├┤ h ├─────
      ├───┤├───┤     
q11 : ┤ h ├┤ h ├─────
      ├───┤├───┤     
q12 : ┤ h ├┤ h ├─────
      ├───┤├───┤     
q13 : ┤ h ├┤ h ├─────
      ├───┤├───┤     
q14 : ┤ h ├┤ h ├─────
      ├───┤├───┤     
q15 : ┤ h ├┤ h ├─────
      ├───┤├───┤     
q16 : ┤ h ├┤ h ├─────
      ├───┤├───┤     
q17 : ┤ h ├┤ h ├─────
      ├───┤├───┤     
q18 : ┤ h ├┤ h ├─────
      ├───┤├───┤     
q19 : ┤ h ├┤ h ├─────
      ├───┤├───┤     
q20 : ┤ h ├┤ h ├─────
      ├───┤├───┤     
q21 : ┤ h ├┤ h ├─────
      ├───┤├───┤╭───╮
q22 : ┤ x ├┤ h ├┤ x ├
      ╰───╯╰───╯╰───╯

Input qubits measurement outcome and frequency = { 0000000000000000000000:1 }

The oracle function is constant.
	Command being timed: "python3 deutsch-jozsa.py 23"
	User time (seconds): 0.74
	System time (seconds): 0.72
	Percent of CPU this job got: 79%
	Elapsed (wall clock) time (h:mm:ss or m:ss): 0:01.85
	Average shared text size (kbytes): 0
	Average unshared data size (kbytes): 0
	Average stack size (kbytes): 0
	Average total size (kbytes): 0
	Maximum resident set size (kbytes): 585432
	Average resident set size (kbytes): 0
	Major (requiring I/O) page faults: 0
	Minor (reclaiming a frame) page faults: 49958
	Voluntary context switches: 1939
	Involuntary context switches: 25
	Swaps: 0
	File system inputs: 0
	File system outputs: 24
	Socket messages sent: 0
	Socket messages received: 0
	Signals delivered: 0
	Page size (bytes): 4096
	Exit status: 0
Generated fx for function type = constant: [1, 1, 1, 1, 1, 1, 1, 1, 1, 1, 1, 1, 1, 1, 1, 1, 1, 1, 1, 1, 1, 1]
oracleType =  0
oracleValue =  1
      ╭───╮╭───╮     
 q0 : ┤ h ├┤ h ├─────
      ├───┤├───┤     
 q1 : ┤ h ├┤ h ├─────
      ├───┤├───┤     
 q2 : ┤ h ├┤ h ├─────
      ├───┤├───┤     
 q3 : ┤ h ├┤ h ├─────
      ├───┤├───┤     
 q4 : ┤ h ├┤ h ├─────
      ├───┤├───┤     
 q5 : ┤ h ├┤ h ├─────
      ├───┤├───┤     
 q6 : ┤ h ├┤ h ├─────
      ├───┤├───┤     
 q7 : ┤ h ├┤ h ├─────
      ├───┤├───┤     
 q8 : ┤ h ├┤ h ├─────
      ├───┤├───┤     
 q9 : ┤ h ├┤ h ├─────
      ├───┤├───┤     
q10 : ┤ h ├┤ h ├─────
      ├───┤├───┤     
q11 : ┤ h ├┤ h ├─────
      ├───┤├───┤     
q12 : ┤ h ├┤ h ├─────
      ├───┤├───┤     
q13 : ┤ h ├┤ h ├─────
      ├───┤├───┤     
q14 : ┤ h ├┤ h ├─────
      ├───┤├───┤     
q15 : ┤ h ├┤ h ├─────
      ├───┤├───┤     
q16 : ┤ h ├┤ h ├─────
      ├───┤├───┤     
q17 : ┤ h ├┤ h ├─────
      ├───┤├───┤     
q18 : ┤ h ├┤ h ├─────
      ├───┤├───┤     
q19 : ┤ h ├┤ h ├─────
      ├───┤├───┤     
q20 : ┤ h ├┤ h ├─────
      ├───┤├───┤     
q21 : ┤ h ├┤ h ├─────
      ├───┤├───┤╭───╮
q22 : ┤ x ├┤ h ├┤ x ├
      ╰───╯╰───╯╰───╯

Input qubits measurement outcome and frequency = { 0000000000000000000000:1 }

The oracle function is constant.
	Command being timed: "python3 deutsch-jozsa.py 23"
	User time (seconds): 0.74
	System time (seconds): 0.67
	Percent of CPU this job got: 81%
	Elapsed (wall clock) time (h:mm:ss or m:ss): 0:01.74
	Average shared text size (kbytes): 0
	Average unshared data size (kbytes): 0
	Average stack size (kbytes): 0
	Average total size (kbytes): 0
	Maximum resident set size (kbytes): 586356
	Average resident set size (kbytes): 0
	Major (requiring I/O) page faults: 0
	Minor (reclaiming a frame) page faults: 49915
	Voluntary context switches: 1768
	Involuntary context switches: 26
	Swaps: 0
	File system inputs: 0
	File system outputs: 24
	Socket messages sent: 0
	Socket messages received: 0
	Signals delivered: 0
	Page size (bytes): 4096
	Exit status: 0
Generated fx for function type = constant: [1, 1, 1, 1, 1, 1, 1, 1, 1, 1, 1, 1, 1, 1, 1, 1, 1, 1, 1, 1, 1, 1]
oracleType =  0
oracleValue =  1
      ╭───╮╭───╮     
 q0 : ┤ h ├┤ h ├─────
      ├───┤├───┤     
 q1 : ┤ h ├┤ h ├─────
      ├───┤├───┤     
 q2 : ┤ h ├┤ h ├─────
      ├───┤├───┤     
 q3 : ┤ h ├┤ h ├─────
      ├───┤├───┤     
 q4 : ┤ h ├┤ h ├─────
      ├───┤├───┤     
 q5 : ┤ h ├┤ h ├─────
      ├───┤├───┤     
 q6 : ┤ h ├┤ h ├─────
      ├───┤├───┤     
 q7 : ┤ h ├┤ h ├─────
      ├───┤├───┤     
 q8 : ┤ h ├┤ h ├─────
      ├───┤├───┤     
 q9 : ┤ h ├┤ h ├─────
      ├───┤├───┤     
q10 : ┤ h ├┤ h ├─────
      ├───┤├───┤     
q11 : ┤ h ├┤ h ├─────
      ├───┤├───┤     
q12 : ┤ h ├┤ h ├─────
      ├───┤├───┤     
q13 : ┤ h ├┤ h ├─────
      ├───┤├───┤     
q14 : ┤ h ├┤ h ├─────
      ├───┤├───┤     
q15 : ┤ h ├┤ h ├─────
      ├───┤├───┤     
q16 : ┤ h ├┤ h ├─────
      ├───┤├───┤     
q17 : ┤ h ├┤ h ├─────
      ├───┤├───┤     
q18 : ┤ h ├┤ h ├─────
      ├───┤├───┤     
q19 : ┤ h ├┤ h ├─────
      ├───┤├───┤     
q20 : ┤ h ├┤ h ├─────
      ├───┤├───┤     
q21 : ┤ h ├┤ h ├─────
      ├───┤├───┤╭───╮
q22 : ┤ x ├┤ h ├┤ x ├
      ╰───╯╰───╯╰───╯

Input qubits measurement outcome and frequency = { 0000000000000000000000:1 }

The oracle function is constant.
	Command being timed: "python3 deutsch-jozsa.py 23"
	User time (seconds): 0.73
	System time (seconds): 0.73
	Percent of CPU this job got: 79%
	Elapsed (wall clock) time (h:mm:ss or m:ss): 0:01.86
	Average shared text size (kbytes): 0
	Average unshared data size (kbytes): 0
	Average stack size (kbytes): 0
	Average total size (kbytes): 0
	Maximum resident set size (kbytes): 587428
	Average resident set size (kbytes): 0
	Major (requiring I/O) page faults: 0
	Minor (reclaiming a frame) page faults: 50013
	Voluntary context switches: 1897
	Involuntary context switches: 21
	Swaps: 0
	File system inputs: 0
	File system outputs: 16
	Socket messages sent: 0
	Socket messages received: 0
	Signals delivered: 0
	Page size (bytes): 4096
	Exit status: 0
Generated fx for function type = constant: [0, 0, 0, 0, 0, 0, 0, 0, 0, 0, 0, 0, 0, 0, 0, 0, 0, 0, 0, 0, 0, 0]
oracleType =  0
oracleValue =  0
      ╭───╮╭───╮
 q0 : ┤ h ├┤ h ├
      ├───┤├───┤
 q1 : ┤ h ├┤ h ├
      ├───┤├───┤
 q2 : ┤ h ├┤ h ├
      ├───┤├───┤
 q3 : ┤ h ├┤ h ├
      ├───┤├───┤
 q4 : ┤ h ├┤ h ├
      ├───┤├───┤
 q5 : ┤ h ├┤ h ├
      ├───┤├───┤
 q6 : ┤ h ├┤ h ├
      ├───┤├───┤
 q7 : ┤ h ├┤ h ├
      ├───┤├───┤
 q8 : ┤ h ├┤ h ├
      ├───┤├───┤
 q9 : ┤ h ├┤ h ├
      ├───┤├───┤
q10 : ┤ h ├┤ h ├
      ├───┤├───┤
q11 : ┤ h ├┤ h ├
      ├───┤├───┤
q12 : ┤ h ├┤ h ├
      ├───┤├───┤
q13 : ┤ h ├┤ h ├
      ├───┤├───┤
q14 : ┤ h ├┤ h ├
      ├───┤├───┤
q15 : ┤ h ├┤ h ├
      ├───┤├───┤
q16 : ┤ h ├┤ h ├
      ├───┤├───┤
q17 : ┤ h ├┤ h ├
      ├───┤├───┤
q18 : ┤ h ├┤ h ├
      ├───┤├───┤
q19 : ┤ h ├┤ h ├
      ├───┤├───┤
q20 : ┤ h ├┤ h ├
      ├───┤├───┤
q21 : ┤ h ├┤ h ├
      ├───┤├───┤
q22 : ┤ x ├┤ h ├
      ╰───╯╰───╯

Input qubits measurement outcome and frequency = { 0000000000000000000000:1 }

The oracle function is constant.
	Command being timed: "python3 deutsch-jozsa.py 23"
	User time (seconds): 0.74
	System time (seconds): 0.72
	Percent of CPU this job got: 67%
	Elapsed (wall clock) time (h:mm:ss or m:ss): 0:02.15
	Average shared text size (kbytes): 0
	Average unshared data size (kbytes): 0
	Average stack size (kbytes): 0
	Average total size (kbytes): 0
	Maximum resident set size (kbytes): 589916
	Average resident set size (kbytes): 0
	Major (requiring I/O) page faults: 0
	Minor (reclaiming a frame) page faults: 48621
	Voluntary context switches: 1926
	Involuntary context switches: 28
	Swaps: 0
	File system inputs: 0
	File system outputs: 16
	Socket messages sent: 0
	Socket messages received: 0
	Signals delivered: 0
	Page size (bytes): 4096
	Exit status: 0
