WARNING: overwriting environment variables set in the machine
overwriting variable ['LD_LIBRARY_PATH']
Generated fx for function type = constant: [0, 0, 0, 0, 0, 0, 0, 0, 0]
oracleType =  0
oracleValue =  0
     ╭───╮╭───╮
q0 : ┤ h ├┤ h ├
     ├───┤├───┤
q1 : ┤ h ├┤ h ├
     ├───┤├───┤
q2 : ┤ h ├┤ h ├
     ├───┤├───┤
q3 : ┤ h ├┤ h ├
     ├───┤├───┤
q4 : ┤ h ├┤ h ├
     ├───┤├───┤
q5 : ┤ h ├┤ h ├
     ├───┤├───┤
q6 : ┤ h ├┤ h ├
     ├───┤├───┤
q7 : ┤ h ├┤ h ├
     ├───┤├───┤
q8 : ┤ h ├┤ h ├
     ├───┤├───┤
q9 : ┤ x ├┤ h ├
     ╰───╯╰───╯

Input qubits measurement outcome and frequency = { 000000000:1 }

The oracle function is constant.
	Command being timed: "python3 deutsch-jozsa.py 10"
	User time (seconds): 0.77
	System time (seconds): 1.27
	Percent of CPU this job got: 83%
	Elapsed (wall clock) time (h:mm:ss or m:ss): 0:02.45
	Average shared text size (kbytes): 0
	Average unshared data size (kbytes): 0
	Average stack size (kbytes): 0
	Average total size (kbytes): 0
	Maximum resident set size (kbytes): 588740
	Average resident set size (kbytes): 0
	Major (requiring I/O) page faults: 0
	Minor (reclaiming a frame) page faults: 66420
	Voluntary context switches: 3547
	Involuntary context switches: 45
	Swaps: 0
	File system inputs: 0
	File system outputs: 16
	Socket messages sent: 0
	Socket messages received: 0
	Signals delivered: 0
	Page size (bytes): 4096
	Exit status: 0
Generated fx for function type = constant: [0, 0, 0, 0, 0, 0, 0, 0, 0]
oracleType =  0
oracleValue =  0
     ╭───╮╭───╮
q0 : ┤ h ├┤ h ├
     ├───┤├───┤
q1 : ┤ h ├┤ h ├
     ├───┤├───┤
q2 : ┤ h ├┤ h ├
     ├───┤├───┤
q3 : ┤ h ├┤ h ├
     ├───┤├───┤
q4 : ┤ h ├┤ h ├
     ├───┤├───┤
q5 : ┤ h ├┤ h ├
     ├───┤├───┤
q6 : ┤ h ├┤ h ├
     ├───┤├───┤
q7 : ┤ h ├┤ h ├
     ├───┤├───┤
q8 : ┤ h ├┤ h ├
     ├───┤├───┤
q9 : ┤ x ├┤ h ├
     ╰───╯╰───╯

Input qubits measurement outcome and frequency = { 000000000:1 }

The oracle function is constant.
	Command being timed: "python3 deutsch-jozsa.py 10"
	User time (seconds): 0.73
	System time (seconds): 1.19
	Percent of CPU this job got: 89%
	Elapsed (wall clock) time (h:mm:ss or m:ss): 0:02.16
	Average shared text size (kbytes): 0
	Average unshared data size (kbytes): 0
	Average stack size (kbytes): 0
	Average total size (kbytes): 0
	Maximum resident set size (kbytes): 583676
	Average resident set size (kbytes): 0
	Major (requiring I/O) page faults: 0
	Minor (reclaiming a frame) page faults: 48736
	Voluntary context switches: 1811
	Involuntary context switches: 26
	Swaps: 0
	File system inputs: 0
	File system outputs: 16
	Socket messages sent: 0
	Socket messages received: 0
	Signals delivered: 0
	Page size (bytes): 4096
	Exit status: 0
Generated fx for function type = constant: [1, 1, 1, 1, 1, 1, 1, 1, 1]
oracleType =  0
oracleValue =  1
     ╭───╮╭───╮     
q0 : ┤ h ├┤ h ├─────
     ├───┤├───┤     
q1 : ┤ h ├┤ h ├─────
     ├───┤├───┤     
q2 : ┤ h ├┤ h ├─────
     ├───┤├───┤     
q3 : ┤ h ├┤ h ├─────
     ├───┤├───┤     
q4 : ┤ h ├┤ h ├─────
     ├───┤├───┤     
q5 : ┤ h ├┤ h ├─────
     ├───┤├───┤     
q6 : ┤ h ├┤ h ├─────
     ├───┤├───┤     
q7 : ┤ h ├┤ h ├─────
     ├───┤├───┤     
q8 : ┤ h ├┤ h ├─────
     ├───┤├───┤╭───╮
q9 : ┤ x ├┤ h ├┤ x ├
     ╰───╯╰───╯╰───╯

Input qubits measurement outcome and frequency = { 000000000:1 }

The oracle function is constant.
	Command being timed: "python3 deutsch-jozsa.py 10"
	User time (seconds): 0.74
	System time (seconds): 1.16
	Percent of CPU this job got: 89%
	Elapsed (wall clock) time (h:mm:ss or m:ss): 0:02.13
	Average shared text size (kbytes): 0
	Average unshared data size (kbytes): 0
	Average stack size (kbytes): 0
	Average total size (kbytes): 0
	Maximum resident set size (kbytes): 585288
	Average resident set size (kbytes): 0
	Major (requiring I/O) page faults: 0
	Minor (reclaiming a frame) page faults: 49675
	Voluntary context switches: 1962
	Involuntary context switches: 50
	Swaps: 0
	File system inputs: 0
	File system outputs: 24
	Socket messages sent: 0
	Socket messages received: 0
	Signals delivered: 0
	Page size (bytes): 4096
	Exit status: 0
Generated fx for function type = constant: [1, 1, 1, 1, 1, 1, 1, 1, 1]
oracleType =  0
oracleValue =  1
     ╭───╮╭───╮     
q0 : ┤ h ├┤ h ├─────
     ├───┤├───┤     
q1 : ┤ h ├┤ h ├─────
     ├───┤├───┤     
q2 : ┤ h ├┤ h ├─────
     ├───┤├───┤     
q3 : ┤ h ├┤ h ├─────
     ├───┤├───┤     
q4 : ┤ h ├┤ h ├─────
     ├───┤├───┤     
q5 : ┤ h ├┤ h ├─────
     ├───┤├───┤     
q6 : ┤ h ├┤ h ├─────
     ├───┤├───┤     
q7 : ┤ h ├┤ h ├─────
     ├───┤├───┤     
q8 : ┤ h ├┤ h ├─────
     ├───┤├───┤╭───╮
q9 : ┤ x ├┤ h ├┤ x ├
     ╰───╯╰───╯╰───╯

Input qubits measurement outcome and frequency = { 000000000:1 }

The oracle function is constant.
	Command being timed: "python3 deutsch-jozsa.py 10"
	User time (seconds): 0.76
	System time (seconds): 1.16
	Percent of CPU this job got: 87%
	Elapsed (wall clock) time (h:mm:ss or m:ss): 0:02.19
	Average shared text size (kbytes): 0
	Average unshared data size (kbytes): 0
	Average stack size (kbytes): 0
	Average total size (kbytes): 0
	Maximum resident set size (kbytes): 586404
	Average resident set size (kbytes): 0
	Major (requiring I/O) page faults: 0
	Minor (reclaiming a frame) page faults: 49459
	Voluntary context switches: 2502
	Involuntary context switches: 31
	Swaps: 0
	File system inputs: 0
	File system outputs: 16
	Socket messages sent: 0
	Socket messages received: 0
	Signals delivered: 0
	Page size (bytes): 4096
	Exit status: 0
Generated fx for function type = constant: [1, 1, 1, 1, 1, 1, 1, 1, 1]
oracleType =  0
oracleValue =  1
     ╭───╮╭───╮     
q0 : ┤ h ├┤ h ├─────
     ├───┤├───┤     
q1 : ┤ h ├┤ h ├─────
     ├───┤├───┤     
q2 : ┤ h ├┤ h ├─────
     ├───┤├───┤     
q3 : ┤ h ├┤ h ├─────
     ├───┤├───┤     
q4 : ┤ h ├┤ h ├─────
     ├───┤├───┤     
q5 : ┤ h ├┤ h ├─────
     ├───┤├───┤     
q6 : ┤ h ├┤ h ├─────
     ├───┤├───┤     
q7 : ┤ h ├┤ h ├─────
     ├───┤├───┤     
q8 : ┤ h ├┤ h ├─────
     ├───┤├───┤╭───╮
q9 : ┤ x ├┤ h ├┤ x ├
     ╰───╯╰───╯╰───╯

Input qubits measurement outcome and frequency = { 000000000:1 }

The oracle function is constant.
	Command being timed: "python3 deutsch-jozsa.py 10"
	User time (seconds): 0.76
	System time (seconds): 1.15
	Percent of CPU this job got: 90%
	Elapsed (wall clock) time (h:mm:ss or m:ss): 0:02.11
	Average shared text size (kbytes): 0
	Average unshared data size (kbytes): 0
	Average stack size (kbytes): 0
	Average total size (kbytes): 0
	Maximum resident set size (kbytes): 584896
	Average resident set size (kbytes): 0
	Major (requiring I/O) page faults: 0
	Minor (reclaiming a frame) page faults: 49146
	Voluntary context switches: 1812
	Involuntary context switches: 29
	Swaps: 0
	File system inputs: 0
	File system outputs: 16
	Socket messages sent: 0
	Socket messages received: 0
	Signals delivered: 0
	Page size (bytes): 4096
	Exit status: 0
Generated fx for function type = constant: [0, 0, 0, 0, 0, 0, 0, 0, 0]
oracleType =  0
oracleValue =  0
     ╭───╮╭───╮
q0 : ┤ h ├┤ h ├
     ├───┤├───┤
q1 : ┤ h ├┤ h ├
     ├───┤├───┤
q2 : ┤ h ├┤ h ├
     ├───┤├───┤
q3 : ┤ h ├┤ h ├
     ├───┤├───┤
q4 : ┤ h ├┤ h ├
     ├───┤├───┤
q5 : ┤ h ├┤ h ├
     ├───┤├───┤
q6 : ┤ h ├┤ h ├
     ├───┤├───┤
q7 : ┤ h ├┤ h ├
     ├───┤├───┤
q8 : ┤ h ├┤ h ├
     ├───┤├───┤
q9 : ┤ x ├┤ h ├
     ╰───╯╰───╯

Input qubits measurement outcome and frequency = { 000000000:1 }

The oracle function is constant.
	Command being timed: "python3 deutsch-jozsa.py 10"
	User time (seconds): 0.75
	System time (seconds): 1.18
	Percent of CPU this job got: 90%
	Elapsed (wall clock) time (h:mm:ss or m:ss): 0:02.12
	Average shared text size (kbytes): 0
	Average unshared data size (kbytes): 0
	Average stack size (kbytes): 0
	Average total size (kbytes): 0
	Maximum resident set size (kbytes): 587932
	Average resident set size (kbytes): 0
	Major (requiring I/O) page faults: 0
	Minor (reclaiming a frame) page faults: 50336
	Voluntary context switches: 1786
	Involuntary context switches: 70
	Swaps: 0
	File system inputs: 0
	File system outputs: 16
	Socket messages sent: 0
	Socket messages received: 0
	Signals delivered: 0
	Page size (bytes): 4096
	Exit status: 0
Generated fx for function type = constant: [1, 1, 1, 1, 1, 1, 1, 1, 1]
oracleType =  0
oracleValue =  1
     ╭───╮╭───╮     
q0 : ┤ h ├┤ h ├─────
     ├───┤├───┤     
q1 : ┤ h ├┤ h ├─────
     ├───┤├───┤     
q2 : ┤ h ├┤ h ├─────
     ├───┤├───┤     
q3 : ┤ h ├┤ h ├─────
     ├───┤├───┤     
q4 : ┤ h ├┤ h ├─────
     ├───┤├───┤     
q5 : ┤ h ├┤ h ├─────
     ├───┤├───┤     
q6 : ┤ h ├┤ h ├─────
     ├───┤├───┤     
q7 : ┤ h ├┤ h ├─────
     ├───┤├───┤     
q8 : ┤ h ├┤ h ├─────
     ├───┤├───┤╭───╮
q9 : ┤ x ├┤ h ├┤ x ├
     ╰───╯╰───╯╰───╯

Input qubits measurement outcome and frequency = { 000000000:1 }

The oracle function is constant.
	Command being timed: "python3 deutsch-jozsa.py 10"
	User time (seconds): 0.74
	System time (seconds): 1.25
	Percent of CPU this job got: 79%
	Elapsed (wall clock) time (h:mm:ss or m:ss): 0:02.52
	Average shared text size (kbytes): 0
	Average unshared data size (kbytes): 0
	Average stack size (kbytes): 0
	Average total size (kbytes): 0
	Maximum resident set size (kbytes): 589040
	Average resident set size (kbytes): 0
	Major (requiring I/O) page faults: 0
	Minor (reclaiming a frame) page faults: 49385
	Voluntary context switches: 2058
	Involuntary context switches: 40
	Swaps: 0
	File system inputs: 0
	File system outputs: 16
	Socket messages sent: 0
	Socket messages received: 0
	Signals delivered: 0
	Page size (bytes): 4096
	Exit status: 0
Generated fx for function type = constant: [1, 1, 1, 1, 1, 1, 1, 1, 1]
oracleType =  0
oracleValue =  1
     ╭───╮╭───╮     
q0 : ┤ h ├┤ h ├─────
     ├───┤├───┤     
q1 : ┤ h ├┤ h ├─────
     ├───┤├───┤     
q2 : ┤ h ├┤ h ├─────
     ├───┤├───┤     
q3 : ┤ h ├┤ h ├─────
     ├───┤├───┤     
q4 : ┤ h ├┤ h ├─────
     ├───┤├───┤     
q5 : ┤ h ├┤ h ├─────
     ├───┤├───┤     
q6 : ┤ h ├┤ h ├─────
     ├───┤├───┤     
q7 : ┤ h ├┤ h ├─────
     ├───┤├───┤     
q8 : ┤ h ├┤ h ├─────
     ├───┤├───┤╭───╮
q9 : ┤ x ├┤ h ├┤ x ├
     ╰───╯╰───╯╰───╯

Input qubits measurement outcome and frequency = { 000000000:1 }

The oracle function is constant.
	Command being timed: "python3 deutsch-jozsa.py 10"
	User time (seconds): 0.76
	System time (seconds): 1.26
	Percent of CPU this job got: 79%
	Elapsed (wall clock) time (h:mm:ss or m:ss): 0:02.54
	Average shared text size (kbytes): 0
	Average unshared data size (kbytes): 0
	Average stack size (kbytes): 0
	Average total size (kbytes): 0
	Maximum resident set size (kbytes): 587940
	Average resident set size (kbytes): 0
	Major (requiring I/O) page faults: 0
	Minor (reclaiming a frame) page faults: 67150
	Voluntary context switches: 1911
	Involuntary context switches: 31
	Swaps: 0
	File system inputs: 0
	File system outputs: 24
	Socket messages sent: 0
	Socket messages received: 0
	Signals delivered: 0
	Page size (bytes): 4096
	Exit status: 0
Generated fx for function type = constant: [1, 1, 1, 1, 1, 1, 1, 1, 1]
oracleType =  0
oracleValue =  1
     ╭───╮╭───╮     
q0 : ┤ h ├┤ h ├─────
     ├───┤├───┤     
q1 : ┤ h ├┤ h ├─────
     ├───┤├───┤     
q2 : ┤ h ├┤ h ├─────
     ├───┤├───┤     
q3 : ┤ h ├┤ h ├─────
     ├───┤├───┤     
q4 : ┤ h ├┤ h ├─────
     ├───┤├───┤     
q5 : ┤ h ├┤ h ├─────
     ├───┤├───┤     
q6 : ┤ h ├┤ h ├─────
     ├───┤├───┤     
q7 : ┤ h ├┤ h ├─────
     ├───┤├───┤     
q8 : ┤ h ├┤ h ├─────
     ├───┤├───┤╭───╮
q9 : ┤ x ├┤ h ├┤ x ├
     ╰───╯╰───╯╰───╯

Input qubits measurement outcome and frequency = { 000000000:1 }

The oracle function is constant.
	Command being timed: "python3 deutsch-jozsa.py 10"
	User time (seconds): 0.77
	System time (seconds): 1.28
	Percent of CPU this job got: 80%
	Elapsed (wall clock) time (h:mm:ss or m:ss): 0:02.54
	Average shared text size (kbytes): 0
	Average unshared data size (kbytes): 0
	Average stack size (kbytes): 0
	Average total size (kbytes): 0
	Maximum resident set size (kbytes): 588692
	Average resident set size (kbytes): 0
	Major (requiring I/O) page faults: 0
	Minor (reclaiming a frame) page faults: 49058
	Voluntary context switches: 2012
	Involuntary context switches: 31
	Swaps: 0
	File system inputs: 0
	File system outputs: 16
	Socket messages sent: 0
	Socket messages received: 0
	Signals delivered: 0
	Page size (bytes): 4096
	Exit status: 0
Generated fx for function type = constant: [0, 0, 0, 0, 0, 0, 0, 0, 0]
oracleType =  0
oracleValue =  0
     ╭───╮╭───╮
q0 : ┤ h ├┤ h ├
     ├───┤├───┤
q1 : ┤ h ├┤ h ├
     ├───┤├───┤
q2 : ┤ h ├┤ h ├
     ├───┤├───┤
q3 : ┤ h ├┤ h ├
     ├───┤├───┤
q4 : ┤ h ├┤ h ├
     ├───┤├───┤
q5 : ┤ h ├┤ h ├
     ├───┤├───┤
q6 : ┤ h ├┤ h ├
     ├───┤├───┤
q7 : ┤ h ├┤ h ├
     ├───┤├───┤
q8 : ┤ h ├┤ h ├
     ├───┤├───┤
q9 : ┤ x ├┤ h ├
     ╰───╯╰───╯

Input qubits measurement outcome and frequency = { 000000000:1 }

The oracle function is constant.
	Command being timed: "python3 deutsch-jozsa.py 10"
	User time (seconds): 0.76
	System time (seconds): 1.33
	Percent of CPU this job got: 76%
	Elapsed (wall clock) time (h:mm:ss or m:ss): 0:02.73
	Average shared text size (kbytes): 0
	Average unshared data size (kbytes): 0
	Average stack size (kbytes): 0
	Average total size (kbytes): 0
	Maximum resident set size (kbytes): 583456
	Average resident set size (kbytes): 0
	Major (requiring I/O) page faults: 0
	Minor (reclaiming a frame) page faults: 49306
	Voluntary context switches: 1987
	Involuntary context switches: 33
	Swaps: 0
	File system inputs: 0
	File system outputs: 24
	Socket messages sent: 0
	Socket messages received: 0
	Signals delivered: 0
	Page size (bytes): 4096
	Exit status: 0
