WARNING: overwriting environment variables set in the machine
overwriting variable ['LD_LIBRARY_PATH']
Generated fx for function type = constant: [1, 1, 1, 1, 1, 1, 1, 1, 1, 1, 1, 1, 1]
oracleType =  0
oracleValue =  1
      ╭───╮╭───╮     
 q0 : ┤ h ├┤ h ├─────
      ├───┤├───┤     
 q1 : ┤ h ├┤ h ├─────
      ├───┤├───┤     
 q2 : ┤ h ├┤ h ├─────
      ├───┤├───┤     
 q3 : ┤ h ├┤ h ├─────
      ├───┤├───┤     
 q4 : ┤ h ├┤ h ├─────
      ├───┤├───┤     
 q5 : ┤ h ├┤ h ├─────
      ├───┤├───┤     
 q6 : ┤ h ├┤ h ├─────
      ├───┤├───┤     
 q7 : ┤ h ├┤ h ├─────
      ├───┤├───┤     
 q8 : ┤ h ├┤ h ├─────
      ├───┤├───┤     
 q9 : ┤ h ├┤ h ├─────
      ├───┤├───┤     
q10 : ┤ h ├┤ h ├─────
      ├───┤├───┤     
q11 : ┤ h ├┤ h ├─────
      ├───┤├───┤     
q12 : ┤ h ├┤ h ├─────
      ├───┤├───┤╭───╮
q13 : ┤ x ├┤ h ├┤ x ├
      ╰───╯╰───╯╰───╯

Input qubits measurement outcome and frequency = { 0000000000000:1 }

The oracle function is constant.
	Command being timed: "python3 deutsch-jozsa.py 14"
	User time (seconds): 0.75
	System time (seconds): 1.33
	Percent of CPU this job got: 62%
	Elapsed (wall clock) time (h:mm:ss or m:ss): 0:03.34
	Average shared text size (kbytes): 0
	Average unshared data size (kbytes): 0
	Average stack size (kbytes): 0
	Average total size (kbytes): 0
	Maximum resident set size (kbytes): 586720
	Average resident set size (kbytes): 0
	Major (requiring I/O) page faults: 0
	Minor (reclaiming a frame) page faults: 66326
	Voluntary context switches: 3785
	Involuntary context switches: 29
	Swaps: 0
	File system inputs: 0
	File system outputs: 16
	Socket messages sent: 0
	Socket messages received: 0
	Signals delivered: 0
	Page size (bytes): 4096
	Exit status: 0
Generated fx for function type = constant: [1, 1, 1, 1, 1, 1, 1, 1, 1, 1, 1, 1, 1]
oracleType =  0
oracleValue =  1
      ╭───╮╭───╮     
 q0 : ┤ h ├┤ h ├─────
      ├───┤├───┤     
 q1 : ┤ h ├┤ h ├─────
      ├───┤├───┤     
 q2 : ┤ h ├┤ h ├─────
      ├───┤├───┤     
 q3 : ┤ h ├┤ h ├─────
      ├───┤├───┤     
 q4 : ┤ h ├┤ h ├─────
      ├───┤├───┤     
 q5 : ┤ h ├┤ h ├─────
      ├───┤├───┤     
 q6 : ┤ h ├┤ h ├─────
      ├───┤├───┤     
 q7 : ┤ h ├┤ h ├─────
      ├───┤├───┤     
 q8 : ┤ h ├┤ h ├─────
      ├───┤├───┤     
 q9 : ┤ h ├┤ h ├─────
      ├───┤├───┤     
q10 : ┤ h ├┤ h ├─────
      ├───┤├───┤     
q11 : ┤ h ├┤ h ├─────
      ├───┤├───┤     
q12 : ┤ h ├┤ h ├─────
      ├───┤├───┤╭───╮
q13 : ┤ x ├┤ h ├┤ x ├
      ╰───╯╰───╯╰───╯

Input qubits measurement outcome and frequency = { 0000000000000:1 }

The oracle function is constant.
	Command being timed: "python3 deutsch-jozsa.py 14"
	User time (seconds): 0.76
	System time (seconds): 1.23
	Percent of CPU this job got: 72%
	Elapsed (wall clock) time (h:mm:ss or m:ss): 0:02.76
	Average shared text size (kbytes): 0
	Average unshared data size (kbytes): 0
	Average stack size (kbytes): 0
	Average total size (kbytes): 0
	Maximum resident set size (kbytes): 589624
	Average resident set size (kbytes): 0
	Major (requiring I/O) page faults: 0
	Minor (reclaiming a frame) page faults: 66266
	Voluntary context switches: 1977
	Involuntary context switches: 29
	Swaps: 0
	File system inputs: 0
	File system outputs: 16
	Socket messages sent: 0
	Socket messages received: 0
	Signals delivered: 0
	Page size (bytes): 4096
	Exit status: 0
Generated fx for function type = constant: [1, 1, 1, 1, 1, 1, 1, 1, 1, 1, 1, 1, 1]
oracleType =  0
oracleValue =  1
      ╭───╮╭───╮     
 q0 : ┤ h ├┤ h ├─────
      ├───┤├───┤     
 q1 : ┤ h ├┤ h ├─────
      ├───┤├───┤     
 q2 : ┤ h ├┤ h ├─────
      ├───┤├───┤     
 q3 : ┤ h ├┤ h ├─────
      ├───┤├───┤     
 q4 : ┤ h ├┤ h ├─────
      ├───┤├───┤     
 q5 : ┤ h ├┤ h ├─────
      ├───┤├───┤     
 q6 : ┤ h ├┤ h ├─────
      ├───┤├───┤     
 q7 : ┤ h ├┤ h ├─────
      ├───┤├───┤     
 q8 : ┤ h ├┤ h ├─────
      ├───┤├───┤     
 q9 : ┤ h ├┤ h ├─────
      ├───┤├───┤     
q10 : ┤ h ├┤ h ├─────
      ├───┤├───┤     
q11 : ┤ h ├┤ h ├─────
      ├───┤├───┤     
q12 : ┤ h ├┤ h ├─────
      ├───┤├───┤╭───╮
q13 : ┤ x ├┤ h ├┤ x ├
      ╰───╯╰───╯╰───╯

Input qubits measurement outcome and frequency = { 0000000000000:1 }

The oracle function is constant.
	Command being timed: "python3 deutsch-jozsa.py 14"
	User time (seconds): 0.78
	System time (seconds): 1.21
	Percent of CPU this job got: 80%
	Elapsed (wall clock) time (h:mm:ss or m:ss): 0:02.48
	Average shared text size (kbytes): 0
	Average unshared data size (kbytes): 0
	Average stack size (kbytes): 0
	Average total size (kbytes): 0
	Maximum resident set size (kbytes): 590192
	Average resident set size (kbytes): 0
	Major (requiring I/O) page faults: 0
	Minor (reclaiming a frame) page faults: 67001
	Voluntary context switches: 1980
	Involuntary context switches: 25
	Swaps: 0
	File system inputs: 0
	File system outputs: 16
	Socket messages sent: 0
	Socket messages received: 0
	Signals delivered: 0
	Page size (bytes): 4096
	Exit status: 0
Generated fx for function type = constant: [1, 1, 1, 1, 1, 1, 1, 1, 1, 1, 1, 1, 1]
oracleType =  0
oracleValue =  1
      ╭───╮╭───╮     
 q0 : ┤ h ├┤ h ├─────
      ├───┤├───┤     
 q1 : ┤ h ├┤ h ├─────
      ├───┤├───┤     
 q2 : ┤ h ├┤ h ├─────
      ├───┤├───┤     
 q3 : ┤ h ├┤ h ├─────
      ├───┤├───┤     
 q4 : ┤ h ├┤ h ├─────
      ├───┤├───┤     
 q5 : ┤ h ├┤ h ├─────
      ├───┤├───┤     
 q6 : ┤ h ├┤ h ├─────
      ├───┤├───┤     
 q7 : ┤ h ├┤ h ├─────
      ├───┤├───┤     
 q8 : ┤ h ├┤ h ├─────
      ├───┤├───┤     
 q9 : ┤ h ├┤ h ├─────
      ├───┤├───┤     
q10 : ┤ h ├┤ h ├─────
      ├───┤├───┤     
q11 : ┤ h ├┤ h ├─────
      ├───┤├───┤     
q12 : ┤ h ├┤ h ├─────
      ├───┤├───┤╭───╮
q13 : ┤ x ├┤ h ├┤ x ├
      ╰───╯╰───╯╰───╯

Input qubits measurement outcome and frequency = { 0000000000000:1 }

The oracle function is constant.
	Command being timed: "python3 deutsch-jozsa.py 14"
	User time (seconds): 0.75
	System time (seconds): 1.19
	Percent of CPU this job got: 87%
	Elapsed (wall clock) time (h:mm:ss or m:ss): 0:02.21
	Average shared text size (kbytes): 0
	Average unshared data size (kbytes): 0
	Average stack size (kbytes): 0
	Average total size (kbytes): 0
	Maximum resident set size (kbytes): 586224
	Average resident set size (kbytes): 0
	Major (requiring I/O) page faults: 0
	Minor (reclaiming a frame) page faults: 49891
	Voluntary context switches: 1927
	Involuntary context switches: 40
	Swaps: 0
	File system inputs: 0
	File system outputs: 16
	Socket messages sent: 0
	Socket messages received: 0
	Signals delivered: 0
	Page size (bytes): 4096
	Exit status: 0
Generated fx for function type = constant: [1, 1, 1, 1, 1, 1, 1, 1, 1, 1, 1, 1, 1]
oracleType =  0
oracleValue =  1
      ╭───╮╭───╮     
 q0 : ┤ h ├┤ h ├─────
      ├───┤├───┤     
 q1 : ┤ h ├┤ h ├─────
      ├───┤├───┤     
 q2 : ┤ h ├┤ h ├─────
      ├───┤├───┤     
 q3 : ┤ h ├┤ h ├─────
      ├───┤├───┤     
 q4 : ┤ h ├┤ h ├─────
      ├───┤├───┤     
 q5 : ┤ h ├┤ h ├─────
      ├───┤├───┤     
 q6 : ┤ h ├┤ h ├─────
      ├───┤├───┤     
 q7 : ┤ h ├┤ h ├─────
      ├───┤├───┤     
 q8 : ┤ h ├┤ h ├─────
      ├───┤├───┤     
 q9 : ┤ h ├┤ h ├─────
      ├───┤├───┤     
q10 : ┤ h ├┤ h ├─────
      ├───┤├───┤     
q11 : ┤ h ├┤ h ├─────
      ├───┤├───┤     
q12 : ┤ h ├┤ h ├─────
      ├───┤├───┤╭───╮
q13 : ┤ x ├┤ h ├┤ x ├
      ╰───╯╰───╯╰───╯

Input qubits measurement outcome and frequency = { 0000000000000:1 }

The oracle function is constant.
	Command being timed: "python3 deutsch-jozsa.py 14"
	User time (seconds): 0.76
	System time (seconds): 1.27
	Percent of CPU this job got: 73%
	Elapsed (wall clock) time (h:mm:ss or m:ss): 0:02.77
	Average shared text size (kbytes): 0
	Average unshared data size (kbytes): 0
	Average stack size (kbytes): 0
	Average total size (kbytes): 0
	Maximum resident set size (kbytes): 588828
	Average resident set size (kbytes): 0
	Major (requiring I/O) page faults: 0
	Minor (reclaiming a frame) page faults: 66999
	Voluntary context switches: 2101
	Involuntary context switches: 28
	Swaps: 0
	File system inputs: 0
	File system outputs: 16
	Socket messages sent: 0
	Socket messages received: 0
	Signals delivered: 0
	Page size (bytes): 4096
	Exit status: 0
Generated fx for function type = constant: [0, 0, 0, 0, 0, 0, 0, 0, 0, 0, 0, 0, 0]
oracleType =  0
oracleValue =  0
      ╭───╮╭───╮
 q0 : ┤ h ├┤ h ├
      ├───┤├───┤
 q1 : ┤ h ├┤ h ├
      ├───┤├───┤
 q2 : ┤ h ├┤ h ├
      ├───┤├───┤
 q3 : ┤ h ├┤ h ├
      ├───┤├───┤
 q4 : ┤ h ├┤ h ├
      ├───┤├───┤
 q5 : ┤ h ├┤ h ├
      ├───┤├───┤
 q6 : ┤ h ├┤ h ├
      ├───┤├───┤
 q7 : ┤ h ├┤ h ├
      ├───┤├───┤
 q8 : ┤ h ├┤ h ├
      ├───┤├───┤
 q9 : ┤ h ├┤ h ├
      ├───┤├───┤
q10 : ┤ h ├┤ h ├
      ├───┤├───┤
q11 : ┤ h ├┤ h ├
      ├───┤├───┤
q12 : ┤ h ├┤ h ├
      ├───┤├───┤
q13 : ┤ x ├┤ h ├
      ╰───╯╰───╯

Input qubits measurement outcome and frequency = { 0000000000000:1 }

The oracle function is constant.
	Command being timed: "python3 deutsch-jozsa.py 14"
	User time (seconds): 0.74
	System time (seconds): 1.26
	Percent of CPU this job got: 83%
	Elapsed (wall clock) time (h:mm:ss or m:ss): 0:02.40
	Average shared text size (kbytes): 0
	Average unshared data size (kbytes): 0
	Average stack size (kbytes): 0
	Average total size (kbytes): 0
	Maximum resident set size (kbytes): 586912
	Average resident set size (kbytes): 0
	Major (requiring I/O) page faults: 0
	Minor (reclaiming a frame) page faults: 66595
	Voluntary context switches: 2646
	Involuntary context switches: 25
	Swaps: 0
	File system inputs: 0
	File system outputs: 16
	Socket messages sent: 0
	Socket messages received: 0
	Signals delivered: 0
	Page size (bytes): 4096
	Exit status: 0
Generated fx for function type = constant: [1, 1, 1, 1, 1, 1, 1, 1, 1, 1, 1, 1, 1]
oracleType =  0
oracleValue =  1
      ╭───╮╭───╮     
 q0 : ┤ h ├┤ h ├─────
      ├───┤├───┤     
 q1 : ┤ h ├┤ h ├─────
      ├───┤├───┤     
 q2 : ┤ h ├┤ h ├─────
      ├───┤├───┤     
 q3 : ┤ h ├┤ h ├─────
      ├───┤├───┤     
 q4 : ┤ h ├┤ h ├─────
      ├───┤├───┤     
 q5 : ┤ h ├┤ h ├─────
      ├───┤├───┤     
 q6 : ┤ h ├┤ h ├─────
      ├───┤├───┤     
 q7 : ┤ h ├┤ h ├─────
      ├───┤├───┤     
 q8 : ┤ h ├┤ h ├─────
      ├───┤├───┤     
 q9 : ┤ h ├┤ h ├─────
      ├───┤├───┤     
q10 : ┤ h ├┤ h ├─────
      ├───┤├───┤     
q11 : ┤ h ├┤ h ├─────
      ├───┤├───┤     
q12 : ┤ h ├┤ h ├─────
      ├───┤├───┤╭───╮
q13 : ┤ x ├┤ h ├┤ x ├
      ╰───╯╰───╯╰───╯

Input qubits measurement outcome and frequency = { 0000000000000:1 }

The oracle function is constant.
	Command being timed: "python3 deutsch-jozsa.py 14"
	User time (seconds): 0.75
	System time (seconds): 1.24
	Percent of CPU this job got: 85%
	Elapsed (wall clock) time (h:mm:ss or m:ss): 0:02.33
	Average shared text size (kbytes): 0
	Average unshared data size (kbytes): 0
	Average stack size (kbytes): 0
	Average total size (kbytes): 0
	Maximum resident set size (kbytes): 584188
	Average resident set size (kbytes): 0
	Major (requiring I/O) page faults: 0
	Minor (reclaiming a frame) page faults: 49629
	Voluntary context switches: 2054
	Involuntary context switches: 25
	Swaps: 0
	File system inputs: 0
	File system outputs: 16
	Socket messages sent: 0
	Socket messages received: 0
	Signals delivered: 0
	Page size (bytes): 4096
	Exit status: 0
Generated fx for function type = constant: [1, 1, 1, 1, 1, 1, 1, 1, 1, 1, 1, 1, 1]
oracleType =  0
oracleValue =  1
      ╭───╮╭───╮     
 q0 : ┤ h ├┤ h ├─────
      ├───┤├───┤     
 q1 : ┤ h ├┤ h ├─────
      ├───┤├───┤     
 q2 : ┤ h ├┤ h ├─────
      ├───┤├───┤     
 q3 : ┤ h ├┤ h ├─────
      ├───┤├───┤     
 q4 : ┤ h ├┤ h ├─────
      ├───┤├───┤     
 q5 : ┤ h ├┤ h ├─────
      ├───┤├───┤     
 q6 : ┤ h ├┤ h ├─────
      ├───┤├───┤     
 q7 : ┤ h ├┤ h ├─────
      ├───┤├───┤     
 q8 : ┤ h ├┤ h ├─────
      ├───┤├───┤     
 q9 : ┤ h ├┤ h ├─────
      ├───┤├───┤     
q10 : ┤ h ├┤ h ├─────
      ├───┤├───┤     
q11 : ┤ h ├┤ h ├─────
      ├───┤├───┤     
q12 : ┤ h ├┤ h ├─────
      ├───┤├───┤╭───╮
q13 : ┤ x ├┤ h ├┤ x ├
      ╰───╯╰───╯╰───╯

Input qubits measurement outcome and frequency = { 0000000000000:1 }

The oracle function is constant.
	Command being timed: "python3 deutsch-jozsa.py 14"
	User time (seconds): 0.75
	System time (seconds): 1.31
	Percent of CPU this job got: 77%
	Elapsed (wall clock) time (h:mm:ss or m:ss): 0:02.68
	Average shared text size (kbytes): 0
	Average unshared data size (kbytes): 0
	Average stack size (kbytes): 0
	Average total size (kbytes): 0
	Maximum resident set size (kbytes): 586380
	Average resident set size (kbytes): 0
	Major (requiring I/O) page faults: 0
	Minor (reclaiming a frame) page faults: 66878
	Voluntary context switches: 2133
	Involuntary context switches: 32
	Swaps: 0
	File system inputs: 0
	File system outputs: 24
	Socket messages sent: 0
	Socket messages received: 0
	Signals delivered: 0
	Page size (bytes): 4096
	Exit status: 0
Generated fx for function type = constant: [0, 0, 0, 0, 0, 0, 0, 0, 0, 0, 0, 0, 0]
oracleType =  0
oracleValue =  0
      ╭───╮╭───╮
 q0 : ┤ h ├┤ h ├
      ├───┤├───┤
 q1 : ┤ h ├┤ h ├
      ├───┤├───┤
 q2 : ┤ h ├┤ h ├
      ├───┤├───┤
 q3 : ┤ h ├┤ h ├
      ├───┤├───┤
 q4 : ┤ h ├┤ h ├
      ├───┤├───┤
 q5 : ┤ h ├┤ h ├
      ├───┤├───┤
 q6 : ┤ h ├┤ h ├
      ├───┤├───┤
 q7 : ┤ h ├┤ h ├
      ├───┤├───┤
 q8 : ┤ h ├┤ h ├
      ├───┤├───┤
 q9 : ┤ h ├┤ h ├
      ├───┤├───┤
q10 : ┤ h ├┤ h ├
      ├───┤├───┤
q11 : ┤ h ├┤ h ├
      ├───┤├───┤
q12 : ┤ h ├┤ h ├
      ├───┤├───┤
q13 : ┤ x ├┤ h ├
      ╰───╯╰───╯

Input qubits measurement outcome and frequency = { 0000000000000:1 }

The oracle function is constant.
	Command being timed: "python3 deutsch-jozsa.py 14"
	User time (seconds): 0.74
	System time (seconds): 1.35
	Percent of CPU this job got: 76%
	Elapsed (wall clock) time (h:mm:ss or m:ss): 0:02.74
	Average shared text size (kbytes): 0
	Average unshared data size (kbytes): 0
	Average stack size (kbytes): 0
	Average total size (kbytes): 0
	Maximum resident set size (kbytes): 590176
	Average resident set size (kbytes): 0
	Major (requiring I/O) page faults: 0
	Minor (reclaiming a frame) page faults: 66204
	Voluntary context switches: 2012
	Involuntary context switches: 36
	Swaps: 0
	File system inputs: 0
	File system outputs: 16
	Socket messages sent: 0
	Socket messages received: 0
	Signals delivered: 0
	Page size (bytes): 4096
	Exit status: 0
Generated fx for function type = constant: [1, 1, 1, 1, 1, 1, 1, 1, 1, 1, 1, 1, 1]
oracleType =  0
oracleValue =  1
      ╭───╮╭───╮     
 q0 : ┤ h ├┤ h ├─────
      ├───┤├───┤     
 q1 : ┤ h ├┤ h ├─────
      ├───┤├───┤     
 q2 : ┤ h ├┤ h ├─────
      ├───┤├───┤     
 q3 : ┤ h ├┤ h ├─────
      ├───┤├───┤     
 q4 : ┤ h ├┤ h ├─────
      ├───┤├───┤     
 q5 : ┤ h ├┤ h ├─────
      ├───┤├───┤     
 q6 : ┤ h ├┤ h ├─────
      ├───┤├───┤     
 q7 : ┤ h ├┤ h ├─────
      ├───┤├───┤     
 q8 : ┤ h ├┤ h ├─────
      ├───┤├───┤     
 q9 : ┤ h ├┤ h ├─────
      ├───┤├───┤     
q10 : ┤ h ├┤ h ├─────
      ├───┤├───┤     
q11 : ┤ h ├┤ h ├─────
      ├───┤├───┤     
q12 : ┤ h ├┤ h ├─────
      ├───┤├───┤╭───╮
q13 : ┤ x ├┤ h ├┤ x ├
      ╰───╯╰───╯╰───╯

Input qubits measurement outcome and frequency = { 0000000000000:1 }

The oracle function is constant.
	Command being timed: "python3 deutsch-jozsa.py 14"
	User time (seconds): 0.77
	System time (seconds): 1.32
	Percent of CPU this job got: 73%
	Elapsed (wall clock) time (h:mm:ss or m:ss): 0:02.84
	Average shared text size (kbytes): 0
	Average unshared data size (kbytes): 0
	Average stack size (kbytes): 0
	Average total size (kbytes): 0
	Maximum resident set size (kbytes): 585960
	Average resident set size (kbytes): 0
	Major (requiring I/O) page faults: 0
	Minor (reclaiming a frame) page faults: 49685
	Voluntary context switches: 2125
	Involuntary context switches: 25
	Swaps: 0
	File system inputs: 0
	File system outputs: 24
	Socket messages sent: 0
	Socket messages received: 0
	Signals delivered: 0
	Page size (bytes): 4096
	Exit status: 0
