WARNING: overwriting environment variables set in the machine
overwriting variable ['LD_LIBRARY_PATH']
Generated fx for function type = constant: [0, 0, 0, 0, 0, 0, 0, 0, 0, 0]
oracleType =  0
oracleValue =  0
      ╭───╮╭───╮
 q0 : ┤ h ├┤ h ├
      ├───┤├───┤
 q1 : ┤ h ├┤ h ├
      ├───┤├───┤
 q2 : ┤ h ├┤ h ├
      ├───┤├───┤
 q3 : ┤ h ├┤ h ├
      ├───┤├───┤
 q4 : ┤ h ├┤ h ├
      ├───┤├───┤
 q5 : ┤ h ├┤ h ├
      ├───┤├───┤
 q6 : ┤ h ├┤ h ├
      ├───┤├───┤
 q7 : ┤ h ├┤ h ├
      ├───┤├───┤
 q8 : ┤ h ├┤ h ├
      ├───┤├───┤
 q9 : ┤ h ├┤ h ├
      ├───┤├───┤
q10 : ┤ x ├┤ h ├
      ╰───╯╰───╯

Input qubits measurement outcome and frequency = { 0000000000:1 }

The oracle function is constant.
	Command being timed: "python3 deutsch-jozsa.py 11"
	User time (seconds): 0.73
	System time (seconds): 0.91
	Percent of CPU this job got: 60%
	Elapsed (wall clock) time (h:mm:ss or m:ss): 0:02.71
	Average shared text size (kbytes): 0
	Average unshared data size (kbytes): 0
	Average stack size (kbytes): 0
	Average total size (kbytes): 0
	Maximum resident set size (kbytes): 587704
	Average resident set size (kbytes): 0
	Major (requiring I/O) page faults: 2
	Minor (reclaiming a frame) page faults: 65316
	Voluntary context switches: 3652
	Involuntary context switches: 22
	Swaps: 0
	File system inputs: 0
	File system outputs: 16
	Socket messages sent: 0
	Socket messages received: 0
	Signals delivered: 0
	Page size (bytes): 4096
	Exit status: 0
Generated fx for function type = constant: [1, 1, 1, 1, 1, 1, 1, 1, 1, 1]
oracleType =  0
oracleValue =  1
      ╭───╮╭───╮     
 q0 : ┤ h ├┤ h ├─────
      ├───┤├───┤     
 q1 : ┤ h ├┤ h ├─────
      ├───┤├───┤     
 q2 : ┤ h ├┤ h ├─────
      ├───┤├───┤     
 q3 : ┤ h ├┤ h ├─────
      ├───┤├───┤     
 q4 : ┤ h ├┤ h ├─────
      ├───┤├───┤     
 q5 : ┤ h ├┤ h ├─────
      ├───┤├───┤     
 q6 : ┤ h ├┤ h ├─────
      ├───┤├───┤     
 q7 : ┤ h ├┤ h ├─────
      ├───┤├───┤     
 q8 : ┤ h ├┤ h ├─────
      ├───┤├───┤     
 q9 : ┤ h ├┤ h ├─────
      ├───┤├───┤╭───╮
q10 : ┤ x ├┤ h ├┤ x ├
      ╰───╯╰───╯╰───╯

Input qubits measurement outcome and frequency = { 0000000000:1 }

The oracle function is constant.
	Command being timed: "python3 deutsch-jozsa.py 11"
	User time (seconds): 0.75
	System time (seconds): 0.90
	Percent of CPU this job got: 69%
	Elapsed (wall clock) time (h:mm:ss or m:ss): 0:02.39
	Average shared text size (kbytes): 0
	Average unshared data size (kbytes): 0
	Average stack size (kbytes): 0
	Average total size (kbytes): 0
	Maximum resident set size (kbytes): 588992
	Average resident set size (kbytes): 0
	Major (requiring I/O) page faults: 0
	Minor (reclaiming a frame) page faults: 49340
	Voluntary context switches: 1960
	Involuntary context switches: 24
	Swaps: 0
	File system inputs: 0
	File system outputs: 16
	Socket messages sent: 0
	Socket messages received: 0
	Signals delivered: 0
	Page size (bytes): 4096
	Exit status: 0
Generated fx for function type = constant: [1, 1, 1, 1, 1, 1, 1, 1, 1, 1]
oracleType =  0
oracleValue =  1
      ╭───╮╭───╮     
 q0 : ┤ h ├┤ h ├─────
      ├───┤├───┤     
 q1 : ┤ h ├┤ h ├─────
      ├───┤├───┤     
 q2 : ┤ h ├┤ h ├─────
      ├───┤├───┤     
 q3 : ┤ h ├┤ h ├─────
      ├───┤├───┤     
 q4 : ┤ h ├┤ h ├─────
      ├───┤├───┤     
 q5 : ┤ h ├┤ h ├─────
      ├───┤├───┤     
 q6 : ┤ h ├┤ h ├─────
      ├───┤├───┤     
 q7 : ┤ h ├┤ h ├─────
      ├───┤├───┤     
 q8 : ┤ h ├┤ h ├─────
      ├───┤├───┤     
 q9 : ┤ h ├┤ h ├─────
      ├───┤├───┤╭───╮
q10 : ┤ x ├┤ h ├┤ x ├
      ╰───╯╰───╯╰───╯

Input qubits measurement outcome and frequency = { 0000000000:1 }

The oracle function is constant.
	Command being timed: "python3 deutsch-jozsa.py 11"
	User time (seconds): 0.75
	System time (seconds): 0.95
	Percent of CPU this job got: 67%
	Elapsed (wall clock) time (h:mm:ss or m:ss): 0:02.54
	Average shared text size (kbytes): 0
	Average unshared data size (kbytes): 0
	Average stack size (kbytes): 0
	Average total size (kbytes): 0
	Maximum resident set size (kbytes): 590744
	Average resident set size (kbytes): 0
	Major (requiring I/O) page faults: 0
	Minor (reclaiming a frame) page faults: 65824
	Voluntary context switches: 2048
	Involuntary context switches: 19
	Swaps: 0
	File system inputs: 0
	File system outputs: 24
	Socket messages sent: 0
	Socket messages received: 0
	Signals delivered: 0
	Page size (bytes): 4096
	Exit status: 0
Generated fx for function type = constant: [0, 0, 0, 0, 0, 0, 0, 0, 0, 0]
oracleType =  0
oracleValue =  0
      ╭───╮╭───╮
 q0 : ┤ h ├┤ h ├
      ├───┤├───┤
 q1 : ┤ h ├┤ h ├
      ├───┤├───┤
 q2 : ┤ h ├┤ h ├
      ├───┤├───┤
 q3 : ┤ h ├┤ h ├
      ├───┤├───┤
 q4 : ┤ h ├┤ h ├
      ├───┤├───┤
 q5 : ┤ h ├┤ h ├
      ├───┤├───┤
 q6 : ┤ h ├┤ h ├
      ├───┤├───┤
 q7 : ┤ h ├┤ h ├
      ├───┤├───┤
 q8 : ┤ h ├┤ h ├
      ├───┤├───┤
 q9 : ┤ h ├┤ h ├
      ├───┤├───┤
q10 : ┤ x ├┤ h ├
      ╰───╯╰───╯

Input qubits measurement outcome and frequency = { 0000000000:1 }

The oracle function is constant.
	Command being timed: "python3 deutsch-jozsa.py 11"
	User time (seconds): 0.74
	System time (seconds): 1.05
	Percent of CPU this job got: 69%
	Elapsed (wall clock) time (h:mm:ss or m:ss): 0:02.57
	Average shared text size (kbytes): 0
	Average unshared data size (kbytes): 0
	Average stack size (kbytes): 0
	Average total size (kbytes): 0
	Maximum resident set size (kbytes): 590464
	Average resident set size (kbytes): 0
	Major (requiring I/O) page faults: 0
	Minor (reclaiming a frame) page faults: 49927
	Voluntary context switches: 2023
	Involuntary context switches: 25
	Swaps: 0
	File system inputs: 0
	File system outputs: 16
	Socket messages sent: 0
	Socket messages received: 0
	Signals delivered: 0
	Page size (bytes): 4096
	Exit status: 0
Generated fx for function type = constant: [0, 0, 0, 0, 0, 0, 0, 0, 0, 0]
oracleType =  0
oracleValue =  0
      ╭───╮╭───╮
 q0 : ┤ h ├┤ h ├
      ├───┤├───┤
 q1 : ┤ h ├┤ h ├
      ├───┤├───┤
 q2 : ┤ h ├┤ h ├
      ├───┤├───┤
 q3 : ┤ h ├┤ h ├
      ├───┤├───┤
 q4 : ┤ h ├┤ h ├
      ├───┤├───┤
 q5 : ┤ h ├┤ h ├
      ├───┤├───┤
 q6 : ┤ h ├┤ h ├
      ├───┤├───┤
 q7 : ┤ h ├┤ h ├
      ├───┤├───┤
 q8 : ┤ h ├┤ h ├
      ├───┤├───┤
 q9 : ┤ h ├┤ h ├
      ├───┤├───┤
q10 : ┤ x ├┤ h ├
      ╰───╯╰───╯

Input qubits measurement outcome and frequency = { 0000000000:1 }

The oracle function is constant.
	Command being timed: "python3 deutsch-jozsa.py 11"
	User time (seconds): 0.72
	System time (seconds): 0.88
	Percent of CPU this job got: 86%
	Elapsed (wall clock) time (h:mm:ss or m:ss): 0:01.85
	Average shared text size (kbytes): 0
	Average unshared data size (kbytes): 0
	Average stack size (kbytes): 0
	Average total size (kbytes): 0
	Maximum resident set size (kbytes): 588848
	Average resident set size (kbytes): 0
	Major (requiring I/O) page faults: 0
	Minor (reclaiming a frame) page faults: 50273
	Voluntary context switches: 1760
	Involuntary context switches: 27
	Swaps: 0
	File system inputs: 0
	File system outputs: 24
	Socket messages sent: 0
	Socket messages received: 0
	Signals delivered: 0
	Page size (bytes): 4096
	Exit status: 0
Generated fx for function type = constant: [1, 1, 1, 1, 1, 1, 1, 1, 1, 1]
oracleType =  0
oracleValue =  1
      ╭───╮╭───╮     
 q0 : ┤ h ├┤ h ├─────
      ├───┤├───┤     
 q1 : ┤ h ├┤ h ├─────
      ├───┤├───┤     
 q2 : ┤ h ├┤ h ├─────
      ├───┤├───┤     
 q3 : ┤ h ├┤ h ├─────
      ├───┤├───┤     
 q4 : ┤ h ├┤ h ├─────
      ├───┤├───┤     
 q5 : ┤ h ├┤ h ├─────
      ├───┤├───┤     
 q6 : ┤ h ├┤ h ├─────
      ├───┤├───┤     
 q7 : ┤ h ├┤ h ├─────
      ├───┤├───┤     
 q8 : ┤ h ├┤ h ├─────
      ├───┤├───┤     
 q9 : ┤ h ├┤ h ├─────
      ├───┤├───┤╭───╮
q10 : ┤ x ├┤ h ├┤ x ├
      ╰───╯╰───╯╰───╯

Input qubits measurement outcome and frequency = { 0000000000:1 }

The oracle function is constant.
	Command being timed: "python3 deutsch-jozsa.py 11"
	User time (seconds): 0.73
	System time (seconds): 0.80
	Percent of CPU this job got: 82%
	Elapsed (wall clock) time (h:mm:ss or m:ss): 0:01.87
	Average shared text size (kbytes): 0
	Average unshared data size (kbytes): 0
	Average stack size (kbytes): 0
	Average total size (kbytes): 0
	Maximum resident set size (kbytes): 585276
	Average resident set size (kbytes): 0
	Major (requiring I/O) page faults: 0
	Minor (reclaiming a frame) page faults: 49620
	Voluntary context switches: 1757
	Involuntary context switches: 29
	Swaps: 0
	File system inputs: 0
	File system outputs: 16
	Socket messages sent: 0
	Socket messages received: 0
	Signals delivered: 0
	Page size (bytes): 4096
	Exit status: 0
Generated fx for function type = constant: [0, 0, 0, 0, 0, 0, 0, 0, 0, 0]
oracleType =  0
oracleValue =  0
      ╭───╮╭───╮
 q0 : ┤ h ├┤ h ├
      ├───┤├───┤
 q1 : ┤ h ├┤ h ├
      ├───┤├───┤
 q2 : ┤ h ├┤ h ├
      ├───┤├───┤
 q3 : ┤ h ├┤ h ├
      ├───┤├───┤
 q4 : ┤ h ├┤ h ├
      ├───┤├───┤
 q5 : ┤ h ├┤ h ├
      ├───┤├───┤
 q6 : ┤ h ├┤ h ├
      ├───┤├───┤
 q7 : ┤ h ├┤ h ├
      ├───┤├───┤
 q8 : ┤ h ├┤ h ├
      ├───┤├───┤
 q9 : ┤ h ├┤ h ├
      ├───┤├───┤
q10 : ┤ x ├┤ h ├
      ╰───╯╰───╯

Input qubits measurement outcome and frequency = { 0000000000:1 }

The oracle function is constant.
	Command being timed: "python3 deutsch-jozsa.py 11"
	User time (seconds): 0.73
	System time (seconds): 0.76
	Percent of CPU this job got: 82%
	Elapsed (wall clock) time (h:mm:ss or m:ss): 0:01.81
	Average shared text size (kbytes): 0
	Average unshared data size (kbytes): 0
	Average stack size (kbytes): 0
	Average total size (kbytes): 0
	Maximum resident set size (kbytes): 588480
	Average resident set size (kbytes): 0
	Major (requiring I/O) page faults: 0
	Minor (reclaiming a frame) page faults: 49509
	Voluntary context switches: 1756
	Involuntary context switches: 29
	Swaps: 0
	File system inputs: 0
	File system outputs: 16
	Socket messages sent: 0
	Socket messages received: 0
	Signals delivered: 0
	Page size (bytes): 4096
	Exit status: 0
Generated fx for function type = constant: [1, 1, 1, 1, 1, 1, 1, 1, 1, 1]
oracleType =  0
oracleValue =  1
      ╭───╮╭───╮     
 q0 : ┤ h ├┤ h ├─────
      ├───┤├───┤     
 q1 : ┤ h ├┤ h ├─────
      ├───┤├───┤     
 q2 : ┤ h ├┤ h ├─────
      ├───┤├───┤     
 q3 : ┤ h ├┤ h ├─────
      ├───┤├───┤     
 q4 : ┤ h ├┤ h ├─────
      ├───┤├───┤     
 q5 : ┤ h ├┤ h ├─────
      ├───┤├───┤     
 q6 : ┤ h ├┤ h ├─────
      ├───┤├───┤     
 q7 : ┤ h ├┤ h ├─────
      ├───┤├───┤     
 q8 : ┤ h ├┤ h ├─────
      ├───┤├───┤     
 q9 : ┤ h ├┤ h ├─────
      ├───┤├───┤╭───╮
q10 : ┤ x ├┤ h ├┤ x ├
      ╰───╯╰───╯╰───╯

Input qubits measurement outcome and frequency = { 0000000000:1 }

The oracle function is constant.
	Command being timed: "python3 deutsch-jozsa.py 11"
	User time (seconds): 0.73
	System time (seconds): 0.74
	Percent of CPU this job got: 83%
	Elapsed (wall clock) time (h:mm:ss or m:ss): 0:01.76
	Average shared text size (kbytes): 0
	Average unshared data size (kbytes): 0
	Average stack size (kbytes): 0
	Average total size (kbytes): 0
	Maximum resident set size (kbytes): 589096
	Average resident set size (kbytes): 0
	Major (requiring I/O) page faults: 0
	Minor (reclaiming a frame) page faults: 49172
	Voluntary context switches: 1761
	Involuntary context switches: 27
	Swaps: 0
	File system inputs: 0
	File system outputs: 16
	Socket messages sent: 0
	Socket messages received: 0
	Signals delivered: 0
	Page size (bytes): 4096
	Exit status: 0
Generated fx for function type = constant: [1, 1, 1, 1, 1, 1, 1, 1, 1, 1]
oracleType =  0
oracleValue =  1
      ╭───╮╭───╮     
 q0 : ┤ h ├┤ h ├─────
      ├───┤├───┤     
 q1 : ┤ h ├┤ h ├─────
      ├───┤├───┤     
 q2 : ┤ h ├┤ h ├─────
      ├───┤├───┤     
 q3 : ┤ h ├┤ h ├─────
      ├───┤├───┤     
 q4 : ┤ h ├┤ h ├─────
      ├───┤├───┤     
 q5 : ┤ h ├┤ h ├─────
      ├───┤├───┤     
 q6 : ┤ h ├┤ h ├─────
      ├───┤├───┤     
 q7 : ┤ h ├┤ h ├─────
      ├───┤├───┤     
 q8 : ┤ h ├┤ h ├─────
      ├───┤├───┤     
 q9 : ┤ h ├┤ h ├─────
      ├───┤├───┤╭───╮
q10 : ┤ x ├┤ h ├┤ x ├
      ╰───╯╰───╯╰───╯

Input qubits measurement outcome and frequency = { 0000000000:1 }

The oracle function is constant.
	Command being timed: "python3 deutsch-jozsa.py 11"
	User time (seconds): 0.74
	System time (seconds): 0.85
	Percent of CPU this job got: 83%
	Elapsed (wall clock) time (h:mm:ss or m:ss): 0:01.92
	Average shared text size (kbytes): 0
	Average unshared data size (kbytes): 0
	Average stack size (kbytes): 0
	Average total size (kbytes): 0
	Maximum resident set size (kbytes): 587892
	Average resident set size (kbytes): 0
	Major (requiring I/O) page faults: 0
	Minor (reclaiming a frame) page faults: 52752
	Voluntary context switches: 1763
	Involuntary context switches: 26
	Swaps: 0
	File system inputs: 0
	File system outputs: 16
	Socket messages sent: 0
	Socket messages received: 0
	Signals delivered: 0
	Page size (bytes): 4096
	Exit status: 0
Generated fx for function type = constant: [0, 0, 0, 0, 0, 0, 0, 0, 0, 0]
oracleType =  0
oracleValue =  0
      ╭───╮╭───╮
 q0 : ┤ h ├┤ h ├
      ├───┤├───┤
 q1 : ┤ h ├┤ h ├
      ├───┤├───┤
 q2 : ┤ h ├┤ h ├
      ├───┤├───┤
 q3 : ┤ h ├┤ h ├
      ├───┤├───┤
 q4 : ┤ h ├┤ h ├
      ├───┤├───┤
 q5 : ┤ h ├┤ h ├
      ├───┤├───┤
 q6 : ┤ h ├┤ h ├
      ├───┤├───┤
 q7 : ┤ h ├┤ h ├
      ├───┤├───┤
 q8 : ┤ h ├┤ h ├
      ├───┤├───┤
 q9 : ┤ h ├┤ h ├
      ├───┤├───┤
q10 : ┤ x ├┤ h ├
      ╰───╯╰───╯

Input qubits measurement outcome and frequency = { 0000000000:1 }

The oracle function is constant.
	Command being timed: "python3 deutsch-jozsa.py 11"
	User time (seconds): 0.73
	System time (seconds): 0.74
	Percent of CPU this job got: 89%
	Elapsed (wall clock) time (h:mm:ss or m:ss): 0:01.66
	Average shared text size (kbytes): 0
	Average unshared data size (kbytes): 0
	Average stack size (kbytes): 0
	Average total size (kbytes): 0
	Maximum resident set size (kbytes): 584196
	Average resident set size (kbytes): 0
	Major (requiring I/O) page faults: 0
	Minor (reclaiming a frame) page faults: 50066
	Voluntary context switches: 1775
	Involuntary context switches: 26
	Swaps: 0
	File system inputs: 0
	File system outputs: 24
	Socket messages sent: 0
	Socket messages received: 0
	Signals delivered: 0
	Page size (bytes): 4096
	Exit status: 0
