WARNING: overwriting environment variables set in the machine
overwriting variable ['LD_LIBRARY_PATH']
Generated fx for function type = constant: [1, 1, 1, 1, 1, 1, 1]
oracleType =  0
oracleValue =  1
     ╭───╮╭───╮     
q0 : ┤ h ├┤ h ├─────
     ├───┤├───┤     
q1 : ┤ h ├┤ h ├─────
     ├───┤├───┤     
q2 : ┤ h ├┤ h ├─────
     ├───┤├───┤     
q3 : ┤ h ├┤ h ├─────
     ├───┤├───┤     
q4 : ┤ h ├┤ h ├─────
     ├───┤├───┤     
q5 : ┤ h ├┤ h ├─────
     ├───┤├───┤     
q6 : ┤ h ├┤ h ├─────
     ├───┤├───┤╭───╮
q7 : ┤ x ├┤ h ├┤ x ├
     ╰───╯╰───╯╰───╯

Input qubits measurement outcome and frequency = { 0000000:1 }

The oracle function is constant.
	Command being timed: "python3 deutsch-jozsa.py 8"
	User time (seconds): 0.76
	System time (seconds): 1.26
	Percent of CPU this job got: 63%
	Elapsed (wall clock) time (h:mm:ss or m:ss): 0:03.22
	Average shared text size (kbytes): 0
	Average unshared data size (kbytes): 0
	Average stack size (kbytes): 0
	Average total size (kbytes): 0
	Maximum resident set size (kbytes): 585672
	Average resident set size (kbytes): 0
	Major (requiring I/O) page faults: 0
	Minor (reclaiming a frame) page faults: 48796
	Voluntary context switches: 3571
	Involuntary context switches: 32
	Swaps: 0
	File system inputs: 0
	File system outputs: 16
	Socket messages sent: 0
	Socket messages received: 0
	Signals delivered: 0
	Page size (bytes): 4096
	Exit status: 0
Generated fx for function type = constant: [0, 0, 0, 0, 0, 0, 0]
oracleType =  0
oracleValue =  0
     ╭───╮╭───╮
q0 : ┤ h ├┤ h ├
     ├───┤├───┤
q1 : ┤ h ├┤ h ├
     ├───┤├───┤
q2 : ┤ h ├┤ h ├
     ├───┤├───┤
q3 : ┤ h ├┤ h ├
     ├───┤├───┤
q4 : ┤ h ├┤ h ├
     ├───┤├───┤
q5 : ┤ h ├┤ h ├
     ├───┤├───┤
q6 : ┤ h ├┤ h ├
     ├───┤├───┤
q7 : ┤ x ├┤ h ├
     ╰───╯╰───╯

Input qubits measurement outcome and frequency = { 0000000:1 }

The oracle function is constant.
	Command being timed: "python3 deutsch-jozsa.py 8"
	User time (seconds): 0.76
	System time (seconds): 1.29
	Percent of CPU this job got: 74%
	Elapsed (wall clock) time (h:mm:ss or m:ss): 0:02.75
	Average shared text size (kbytes): 0
	Average unshared data size (kbytes): 0
	Average stack size (kbytes): 0
	Average total size (kbytes): 0
	Maximum resident set size (kbytes): 584000
	Average resident set size (kbytes): 0
	Major (requiring I/O) page faults: 0
	Minor (reclaiming a frame) page faults: 48085
	Voluntary context switches: 1995
	Involuntary context switches: 27
	Swaps: 0
	File system inputs: 0
	File system outputs: 16
	Socket messages sent: 0
	Socket messages received: 0
	Signals delivered: 0
	Page size (bytes): 4096
	Exit status: 0
Generated fx for function type = constant: [1, 1, 1, 1, 1, 1, 1]
oracleType =  0
oracleValue =  1
     ╭───╮╭───╮     
q0 : ┤ h ├┤ h ├─────
     ├───┤├───┤     
q1 : ┤ h ├┤ h ├─────
     ├───┤├───┤     
q2 : ┤ h ├┤ h ├─────
     ├───┤├───┤     
q3 : ┤ h ├┤ h ├─────
     ├───┤├───┤     
q4 : ┤ h ├┤ h ├─────
     ├───┤├───┤     
q5 : ┤ h ├┤ h ├─────
     ├───┤├───┤     
q6 : ┤ h ├┤ h ├─────
     ├───┤├───┤╭───╮
q7 : ┤ x ├┤ h ├┤ x ├
     ╰───╯╰───╯╰───╯

Input qubits measurement outcome and frequency = { 0000000:1 }

The oracle function is constant.
	Command being timed: "python3 deutsch-jozsa.py 8"
	User time (seconds): 0.75
	System time (seconds): 1.33
	Percent of CPU this job got: 75%
	Elapsed (wall clock) time (h:mm:ss or m:ss): 0:02.75
	Average shared text size (kbytes): 0
	Average unshared data size (kbytes): 0
	Average stack size (kbytes): 0
	Average total size (kbytes): 0
	Maximum resident set size (kbytes): 583940
	Average resident set size (kbytes): 0
	Major (requiring I/O) page faults: 0
	Minor (reclaiming a frame) page faults: 48742
	Voluntary context switches: 1952
	Involuntary context switches: 26
	Swaps: 0
	File system inputs: 0
	File system outputs: 16
	Socket messages sent: 0
	Socket messages received: 0
	Signals delivered: 0
	Page size (bytes): 4096
	Exit status: 0
Generated fx for function type = constant: [1, 1, 1, 1, 1, 1, 1]
oracleType =  0
oracleValue =  1
     ╭───╮╭───╮     
q0 : ┤ h ├┤ h ├─────
     ├───┤├───┤     
q1 : ┤ h ├┤ h ├─────
     ├───┤├───┤     
q2 : ┤ h ├┤ h ├─────
     ├───┤├───┤     
q3 : ┤ h ├┤ h ├─────
     ├───┤├───┤     
q4 : ┤ h ├┤ h ├─────
     ├───┤├───┤     
q5 : ┤ h ├┤ h ├─────
     ├───┤├───┤     
q6 : ┤ h ├┤ h ├─────
     ├───┤├───┤╭───╮
q7 : ┤ x ├┤ h ├┤ x ├
     ╰───╯╰───╯╰───╯

Input qubits measurement outcome and frequency = { 0000000:1 }

The oracle function is constant.
	Command being timed: "python3 deutsch-jozsa.py 8"
	User time (seconds): 0.75
	System time (seconds): 1.31
	Percent of CPU this job got: 74%
	Elapsed (wall clock) time (h:mm:ss or m:ss): 0:02.76
	Average shared text size (kbytes): 0
	Average unshared data size (kbytes): 0
	Average stack size (kbytes): 0
	Average total size (kbytes): 0
	Maximum resident set size (kbytes): 583680
	Average resident set size (kbytes): 0
	Major (requiring I/O) page faults: 0
	Minor (reclaiming a frame) page faults: 49585
	Voluntary context switches: 2003
	Involuntary context switches: 30
	Swaps: 0
	File system inputs: 0
	File system outputs: 16
	Socket messages sent: 0
	Socket messages received: 0
	Signals delivered: 0
	Page size (bytes): 4096
	Exit status: 0
Generated fx for function type = constant: [0, 0, 0, 0, 0, 0, 0]
oracleType =  0
oracleValue =  0
     ╭───╮╭───╮
q0 : ┤ h ├┤ h ├
     ├───┤├───┤
q1 : ┤ h ├┤ h ├
     ├───┤├───┤
q2 : ┤ h ├┤ h ├
     ├───┤├───┤
q3 : ┤ h ├┤ h ├
     ├───┤├───┤
q4 : ┤ h ├┤ h ├
     ├───┤├───┤
q5 : ┤ h ├┤ h ├
     ├───┤├───┤
q6 : ┤ h ├┤ h ├
     ├───┤├───┤
q7 : ┤ x ├┤ h ├
     ╰───╯╰───╯

Input qubits measurement outcome and frequency = { 0000000:1 }

The oracle function is constant.
	Command being timed: "python3 deutsch-jozsa.py 8"
	User time (seconds): 0.74
	System time (seconds): 1.24
	Percent of CPU this job got: 91%
	Elapsed (wall clock) time (h:mm:ss or m:ss): 0:02.17
	Average shared text size (kbytes): 0
	Average unshared data size (kbytes): 0
	Average stack size (kbytes): 0
	Average total size (kbytes): 0
	Maximum resident set size (kbytes): 585616
	Average resident set size (kbytes): 0
	Major (requiring I/O) page faults: 0
	Minor (reclaiming a frame) page faults: 49515
	Voluntary context switches: 1847
	Involuntary context switches: 50
	Swaps: 0
	File system inputs: 0
	File system outputs: 16
	Socket messages sent: 0
	Socket messages received: 0
	Signals delivered: 0
	Page size (bytes): 4096
	Exit status: 0
Generated fx for function type = constant: [0, 0, 0, 0, 0, 0, 0]
oracleType =  0
oracleValue =  0
     ╭───╮╭───╮
q0 : ┤ h ├┤ h ├
     ├───┤├───┤
q1 : ┤ h ├┤ h ├
     ├───┤├───┤
q2 : ┤ h ├┤ h ├
     ├───┤├───┤
q3 : ┤ h ├┤ h ├
     ├───┤├───┤
q4 : ┤ h ├┤ h ├
     ├───┤├───┤
q5 : ┤ h ├┤ h ├
     ├───┤├───┤
q6 : ┤ h ├┤ h ├
     ├───┤├───┤
q7 : ┤ x ├┤ h ├
     ╰───╯╰───╯

Input qubits measurement outcome and frequency = { 0000000:1 }

The oracle function is constant.
	Command being timed: "python3 deutsch-jozsa.py 8"
	User time (seconds): 0.75
	System time (seconds): 1.15
	Percent of CPU this job got: 86%
	Elapsed (wall clock) time (h:mm:ss or m:ss): 0:02.22
	Average shared text size (kbytes): 0
	Average unshared data size (kbytes): 0
	Average stack size (kbytes): 0
	Average total size (kbytes): 0
	Maximum resident set size (kbytes): 585700
	Average resident set size (kbytes): 0
	Major (requiring I/O) page faults: 0
	Minor (reclaiming a frame) page faults: 49475
	Voluntary context switches: 1775
	Involuntary context switches: 33
	Swaps: 0
	File system inputs: 0
	File system outputs: 24
	Socket messages sent: 0
	Socket messages received: 0
	Signals delivered: 0
	Page size (bytes): 4096
	Exit status: 0
Generated fx for function type = constant: [0, 0, 0, 0, 0, 0, 0]
oracleType =  0
oracleValue =  0
     ╭───╮╭───╮
q0 : ┤ h ├┤ h ├
     ├───┤├───┤
q1 : ┤ h ├┤ h ├
     ├───┤├───┤
q2 : ┤ h ├┤ h ├
     ├───┤├───┤
q3 : ┤ h ├┤ h ├
     ├───┤├───┤
q4 : ┤ h ├┤ h ├
     ├───┤├───┤
q5 : ┤ h ├┤ h ├
     ├───┤├───┤
q6 : ┤ h ├┤ h ├
     ├───┤├───┤
q7 : ┤ x ├┤ h ├
     ╰───╯╰───╯

Input qubits measurement outcome and frequency = { 0000000:1 }

The oracle function is constant.
	Command being timed: "python3 deutsch-jozsa.py 8"
	User time (seconds): 0.75
	System time (seconds): 1.24
	Percent of CPU this job got: 83%
	Elapsed (wall clock) time (h:mm:ss or m:ss): 0:02.40
	Average shared text size (kbytes): 0
	Average unshared data size (kbytes): 0
	Average stack size (kbytes): 0
	Average total size (kbytes): 0
	Maximum resident set size (kbytes): 585104
	Average resident set size (kbytes): 0
	Major (requiring I/O) page faults: 0
	Minor (reclaiming a frame) page faults: 49722
	Voluntary context switches: 2008
	Involuntary context switches: 34
	Swaps: 0
	File system inputs: 0
	File system outputs: 16
	Socket messages sent: 0
	Socket messages received: 0
	Signals delivered: 0
	Page size (bytes): 4096
	Exit status: 0
Generated fx for function type = constant: [1, 1, 1, 1, 1, 1, 1]
oracleType =  0
oracleValue =  1
     ╭───╮╭───╮     
q0 : ┤ h ├┤ h ├─────
     ├───┤├───┤     
q1 : ┤ h ├┤ h ├─────
     ├───┤├───┤     
q2 : ┤ h ├┤ h ├─────
     ├───┤├───┤     
q3 : ┤ h ├┤ h ├─────
     ├───┤├───┤     
q4 : ┤ h ├┤ h ├─────
     ├───┤├───┤     
q5 : ┤ h ├┤ h ├─────
     ├───┤├───┤     
q6 : ┤ h ├┤ h ├─────
     ├───┤├───┤╭───╮
q7 : ┤ x ├┤ h ├┤ x ├
     ╰───╯╰───╯╰───╯

Input qubits measurement outcome and frequency = { 0000000:1 }

The oracle function is constant.
	Command being timed: "python3 deutsch-jozsa.py 8"
	User time (seconds): 0.74
	System time (seconds): 1.25
	Percent of CPU this job got: 87%
	Elapsed (wall clock) time (h:mm:ss or m:ss): 0:02.27
	Average shared text size (kbytes): 0
	Average unshared data size (kbytes): 0
	Average stack size (kbytes): 0
	Average total size (kbytes): 0
	Maximum resident set size (kbytes): 584992
	Average resident set size (kbytes): 0
	Major (requiring I/O) page faults: 0
	Minor (reclaiming a frame) page faults: 49729
	Voluntary context switches: 1888
	Involuntary context switches: 32
	Swaps: 0
	File system inputs: 0
	File system outputs: 16
	Socket messages sent: 0
	Socket messages received: 0
	Signals delivered: 0
	Page size (bytes): 4096
	Exit status: 0
Generated fx for function type = constant: [1, 1, 1, 1, 1, 1, 1]
oracleType =  0
oracleValue =  1
     ╭───╮╭───╮     
q0 : ┤ h ├┤ h ├─────
     ├───┤├───┤     
q1 : ┤ h ├┤ h ├─────
     ├───┤├───┤     
q2 : ┤ h ├┤ h ├─────
     ├───┤├───┤     
q3 : ┤ h ├┤ h ├─────
     ├───┤├───┤     
q4 : ┤ h ├┤ h ├─────
     ├───┤├───┤     
q5 : ┤ h ├┤ h ├─────
     ├───┤├───┤     
q6 : ┤ h ├┤ h ├─────
     ├───┤├───┤╭───╮
q7 : ┤ x ├┤ h ├┤ x ├
     ╰───╯╰───╯╰───╯

Input qubits measurement outcome and frequency = { 0000000:1 }

The oracle function is constant.
	Command being timed: "python3 deutsch-jozsa.py 8"
	User time (seconds): 0.75
	System time (seconds): 1.20
	Percent of CPU this job got: 85%
	Elapsed (wall clock) time (h:mm:ss or m:ss): 0:02.30
	Average shared text size (kbytes): 0
	Average unshared data size (kbytes): 0
	Average stack size (kbytes): 0
	Average total size (kbytes): 0
	Maximum resident set size (kbytes): 584828
	Average resident set size (kbytes): 0
	Major (requiring I/O) page faults: 0
	Minor (reclaiming a frame) page faults: 49506
	Voluntary context switches: 1964
	Involuntary context switches: 31
	Swaps: 0
	File system inputs: 0
	File system outputs: 16
	Socket messages sent: 0
	Socket messages received: 0
	Signals delivered: 0
	Page size (bytes): 4096
	Exit status: 0
Generated fx for function type = constant: [1, 1, 1, 1, 1, 1, 1]
oracleType =  0
oracleValue =  1
     ╭───╮╭───╮     
q0 : ┤ h ├┤ h ├─────
     ├───┤├───┤     
q1 : ┤ h ├┤ h ├─────
     ├───┤├───┤     
q2 : ┤ h ├┤ h ├─────
     ├───┤├───┤     
q3 : ┤ h ├┤ h ├─────
     ├───┤├───┤     
q4 : ┤ h ├┤ h ├─────
     ├───┤├───┤     
q5 : ┤ h ├┤ h ├─────
     ├───┤├───┤     
q6 : ┤ h ├┤ h ├─────
     ├───┤├───┤╭───╮
q7 : ┤ x ├┤ h ├┤ x ├
     ╰───╯╰───╯╰───╯

Input qubits measurement outcome and frequency = { 0000000:1 }

The oracle function is constant.
	Command being timed: "python3 deutsch-jozsa.py 8"
	User time (seconds): 0.76
	System time (seconds): 1.22
	Percent of CPU this job got: 83%
	Elapsed (wall clock) time (h:mm:ss or m:ss): 0:02.38
	Average shared text size (kbytes): 0
	Average unshared data size (kbytes): 0
	Average stack size (kbytes): 0
	Average total size (kbytes): 0
	Maximum resident set size (kbytes): 586384
	Average resident set size (kbytes): 0
	Major (requiring I/O) page faults: 0
	Minor (reclaiming a frame) page faults: 49722
	Voluntary context switches: 1967
	Involuntary context switches: 31
	Swaps: 0
	File system inputs: 0
	File system outputs: 16
	Socket messages sent: 0
	Socket messages received: 0
	Signals delivered: 0
	Page size (bytes): 4096
	Exit status: 0
