WARNING: overwriting environment variables set in the machine
overwriting variable ['LD_LIBRARY_PATH']
Generated fx for function type = constant: [1, 1, 1]
oracleType =  0
oracleValue =  1
     ╭───╮╭───╮     
q0 : ┤ h ├┤ h ├─────
     ├───┤├───┤     
q1 : ┤ h ├┤ h ├─────
     ├───┤├───┤     
q2 : ┤ h ├┤ h ├─────
     ├───┤├───┤╭───╮
q3 : ┤ x ├┤ h ├┤ x ├
     ╰───╯╰───╯╰───╯

Input qubits measurement outcome and frequency = { 000:1 }

The oracle function is constant.
	Command being timed: "python3 deutsch-jozsa.py 4"
	User time (seconds): 0.75
	System time (seconds): 1.35
	Percent of CPU this job got: 74%
	Elapsed (wall clock) time (h:mm:ss or m:ss): 0:02.86
	Average shared text size (kbytes): 0
	Average unshared data size (kbytes): 0
	Average stack size (kbytes): 0
	Average total size (kbytes): 0
	Maximum resident set size (kbytes): 586544
	Average resident set size (kbytes): 0
	Major (requiring I/O) page faults: 178
	Minor (reclaiming a frame) page faults: 66300
	Voluntary context switches: 3516
	Involuntary context switches: 33
	Swaps: 0
	File system inputs: 1368
	File system outputs: 16
	Socket messages sent: 0
	Socket messages received: 0
	Signals delivered: 0
	Page size (bytes): 4096
	Exit status: 0
Generated fx for function type = constant: [0, 0, 0]
oracleType =  0
oracleValue =  0
     ╭───╮╭───╮
q0 : ┤ h ├┤ h ├
     ├───┤├───┤
q1 : ┤ h ├┤ h ├
     ├───┤├───┤
q2 : ┤ h ├┤ h ├
     ├───┤├───┤
q3 : ┤ x ├┤ h ├
     ╰───╯╰───╯

Input qubits measurement outcome and frequency = { 000:1 }

The oracle function is constant.
	Command being timed: "python3 deutsch-jozsa.py 4"
	User time (seconds): 0.75
	System time (seconds): 1.19
	Percent of CPU this job got: 80%
	Elapsed (wall clock) time (h:mm:ss or m:ss): 0:02.43
	Average shared text size (kbytes): 0
	Average unshared data size (kbytes): 0
	Average stack size (kbytes): 0
	Average total size (kbytes): 0
	Maximum resident set size (kbytes): 585056
	Average resident set size (kbytes): 0
	Major (requiring I/O) page faults: 6
	Minor (reclaiming a frame) page faults: 48419
	Voluntary context switches: 1989
	Involuntary context switches: 31
	Swaps: 0
	File system inputs: 1032
	File system outputs: 16
	Socket messages sent: 0
	Socket messages received: 0
	Signals delivered: 0
	Page size (bytes): 4096
	Exit status: 0
Generated fx for function type = constant: [0, 0, 0]
oracleType =  0
oracleValue =  0
     ╭───╮╭───╮
q0 : ┤ h ├┤ h ├
     ├───┤├───┤
q1 : ┤ h ├┤ h ├
     ├───┤├───┤
q2 : ┤ h ├┤ h ├
     ├───┤├───┤
q3 : ┤ x ├┤ h ├
     ╰───╯╰───╯

Input qubits measurement outcome and frequency = { 000:1 }

The oracle function is constant.
	Command being timed: "python3 deutsch-jozsa.py 4"
	User time (seconds): 0.76
	System time (seconds): 1.26
	Percent of CPU this job got: 75%
	Elapsed (wall clock) time (h:mm:ss or m:ss): 0:02.70
	Average shared text size (kbytes): 0
	Average unshared data size (kbytes): 0
	Average stack size (kbytes): 0
	Average total size (kbytes): 0
	Maximum resident set size (kbytes): 586888
	Average resident set size (kbytes): 0
	Major (requiring I/O) page faults: 1
	Minor (reclaiming a frame) page faults: 48958
	Voluntary context switches: 2039
	Involuntary context switches: 34
	Swaps: 0
	File system inputs: 8
	File system outputs: 16
	Socket messages sent: 0
	Socket messages received: 0
	Signals delivered: 0
	Page size (bytes): 4096
	Exit status: 0
Generated fx for function type = constant: [1, 1, 1]
oracleType =  0
oracleValue =  1
     ╭───╮╭───╮     
q0 : ┤ h ├┤ h ├─────
     ├───┤├───┤     
q1 : ┤ h ├┤ h ├─────
     ├───┤├───┤     
q2 : ┤ h ├┤ h ├─────
     ├───┤├───┤╭───╮
q3 : ┤ x ├┤ h ├┤ x ├
     ╰───╯╰───╯╰───╯

Input qubits measurement outcome and frequency = { 000:1 }

The oracle function is constant.
	Command being timed: "python3 deutsch-jozsa.py 4"
	User time (seconds): 0.76
	System time (seconds): 1.21
	Percent of CPU this job got: 83%
	Elapsed (wall clock) time (h:mm:ss or m:ss): 0:02.38
	Average shared text size (kbytes): 0
	Average unshared data size (kbytes): 0
	Average stack size (kbytes): 0
	Average total size (kbytes): 0
	Maximum resident set size (kbytes): 584444
	Average resident set size (kbytes): 0
	Major (requiring I/O) page faults: 7
	Minor (reclaiming a frame) page faults: 66650
	Voluntary context switches: 1992
	Involuntary context switches: 34
	Swaps: 0
	File system inputs: 1008
	File system outputs: 24
	Socket messages sent: 0
	Socket messages received: 0
	Signals delivered: 0
	Page size (bytes): 4096
	Exit status: 0
Generated fx for function type = constant: [1, 1, 1]
oracleType =  0
oracleValue =  1
     ╭───╮╭───╮     
q0 : ┤ h ├┤ h ├─────
     ├───┤├───┤     
q1 : ┤ h ├┤ h ├─────
     ├───┤├───┤     
q2 : ┤ h ├┤ h ├─────
     ├───┤├───┤╭───╮
q3 : ┤ x ├┤ h ├┤ x ├
     ╰───╯╰───╯╰───╯

Input qubits measurement outcome and frequency = { 000:1 }

The oracle function is constant.
	Command being timed: "python3 deutsch-jozsa.py 4"
	User time (seconds): 0.75
	System time (seconds): 1.23
	Percent of CPU this job got: 87%
	Elapsed (wall clock) time (h:mm:ss or m:ss): 0:02.28
	Average shared text size (kbytes): 0
	Average unshared data size (kbytes): 0
	Average stack size (kbytes): 0
	Average total size (kbytes): 0
	Maximum resident set size (kbytes): 585916
	Average resident set size (kbytes): 0
	Major (requiring I/O) page faults: 0
	Minor (reclaiming a frame) page faults: 49374
	Voluntary context switches: 1977
	Involuntary context switches: 35
	Swaps: 0
	File system inputs: 0
	File system outputs: 16
	Socket messages sent: 0
	Socket messages received: 0
	Signals delivered: 0
	Page size (bytes): 4096
	Exit status: 0
Generated fx for function type = constant: [0, 0, 0]
oracleType =  0
oracleValue =  0
     ╭───╮╭───╮
q0 : ┤ h ├┤ h ├
     ├───┤├───┤
q1 : ┤ h ├┤ h ├
     ├───┤├───┤
q2 : ┤ h ├┤ h ├
     ├───┤├───┤
q3 : ┤ x ├┤ h ├
     ╰───╯╰───╯

Input qubits measurement outcome and frequency = { 000:1 }

The oracle function is constant.
	Command being timed: "python3 deutsch-jozsa.py 4"
	User time (seconds): 0.76
	System time (seconds): 1.25
	Percent of CPU this job got: 83%
	Elapsed (wall clock) time (h:mm:ss or m:ss): 0:02.41
	Average shared text size (kbytes): 0
	Average unshared data size (kbytes): 0
	Average stack size (kbytes): 0
	Average total size (kbytes): 0
	Maximum resident set size (kbytes): 585464
	Average resident set size (kbytes): 0
	Major (requiring I/O) page faults: 0
	Minor (reclaiming a frame) page faults: 66413
	Voluntary context switches: 1952
	Involuntary context switches: 31
	Swaps: 0
	File system inputs: 0
	File system outputs: 16
	Socket messages sent: 0
	Socket messages received: 0
	Signals delivered: 0
	Page size (bytes): 4096
	Exit status: 0
Generated fx for function type = constant: [1, 1, 1]
oracleType =  0
oracleValue =  1
     ╭───╮╭───╮     
q0 : ┤ h ├┤ h ├─────
     ├───┤├───┤     
q1 : ┤ h ├┤ h ├─────
     ├───┤├───┤     
q2 : ┤ h ├┤ h ├─────
     ├───┤├───┤╭───╮
q3 : ┤ x ├┤ h ├┤ x ├
     ╰───╯╰───╯╰───╯

Input qubits measurement outcome and frequency = { 000:1 }

The oracle function is constant.
	Command being timed: "python3 deutsch-jozsa.py 4"
	User time (seconds): 0.76
	System time (seconds): 1.32
	Percent of CPU this job got: 85%
	Elapsed (wall clock) time (h:mm:ss or m:ss): 0:02.45
	Average shared text size (kbytes): 0
	Average unshared data size (kbytes): 0
	Average stack size (kbytes): 0
	Average total size (kbytes): 0
	Maximum resident set size (kbytes): 585080
	Average resident set size (kbytes): 0
	Major (requiring I/O) page faults: 0
	Minor (reclaiming a frame) page faults: 66394
	Voluntary context switches: 2420
	Involuntary context switches: 39
	Swaps: 0
	File system inputs: 0
	File system outputs: 16
	Socket messages sent: 0
	Socket messages received: 0
	Signals delivered: 0
	Page size (bytes): 4096
	Exit status: 0
Generated fx for function type = constant: [1, 1, 1]
oracleType =  0
oracleValue =  1
     ╭───╮╭───╮     
q0 : ┤ h ├┤ h ├─────
     ├───┤├───┤     
q1 : ┤ h ├┤ h ├─────
     ├───┤├───┤     
q2 : ┤ h ├┤ h ├─────
     ├───┤├───┤╭───╮
q3 : ┤ x ├┤ h ├┤ x ├
     ╰───╯╰───╯╰───╯

Input qubits measurement outcome and frequency = { 000:1 }

The oracle function is constant.
	Command being timed: "python3 deutsch-jozsa.py 4"
	User time (seconds): 0.77
	System time (seconds): 1.31
	Percent of CPU this job got: 86%
	Elapsed (wall clock) time (h:mm:ss or m:ss): 0:02.42
	Average shared text size (kbytes): 0
	Average unshared data size (kbytes): 0
	Average stack size (kbytes): 0
	Average total size (kbytes): 0
	Maximum resident set size (kbytes): 586692
	Average resident set size (kbytes): 0
	Major (requiring I/O) page faults: 0
	Minor (reclaiming a frame) page faults: 66485
	Voluntary context switches: 1986
	Involuntary context switches: 40
	Swaps: 0
	File system inputs: 0
	File system outputs: 16
	Socket messages sent: 0
	Socket messages received: 0
	Signals delivered: 0
	Page size (bytes): 4096
	Exit status: 0
Generated fx for function type = constant: [0, 0, 0]
oracleType =  0
oracleValue =  0
     ╭───╮╭───╮
q0 : ┤ h ├┤ h ├
     ├───┤├───┤
q1 : ┤ h ├┤ h ├
     ├───┤├───┤
q2 : ┤ h ├┤ h ├
     ├───┤├───┤
q3 : ┤ x ├┤ h ├
     ╰───╯╰───╯

Input qubits measurement outcome and frequency = { 000:1 }

The oracle function is constant.
	Command being timed: "python3 deutsch-jozsa.py 4"
	User time (seconds): 0.77
	System time (seconds): 1.25
	Percent of CPU this job got: 85%
	Elapsed (wall clock) time (h:mm:ss or m:ss): 0:02.38
	Average shared text size (kbytes): 0
	Average unshared data size (kbytes): 0
	Average stack size (kbytes): 0
	Average total size (kbytes): 0
	Maximum resident set size (kbytes): 586708
	Average resident set size (kbytes): 0
	Major (requiring I/O) page faults: 0
	Minor (reclaiming a frame) page faults: 65466
	Voluntary context switches: 2000
	Involuntary context switches: 38
	Swaps: 0
	File system inputs: 0
	File system outputs: 16
	Socket messages sent: 0
	Socket messages received: 0
	Signals delivered: 0
	Page size (bytes): 4096
	Exit status: 0
Generated fx for function type = constant: [0, 0, 0]
oracleType =  0
oracleValue =  0
     ╭───╮╭───╮
q0 : ┤ h ├┤ h ├
     ├───┤├───┤
q1 : ┤ h ├┤ h ├
     ├───┤├───┤
q2 : ┤ h ├┤ h ├
     ├───┤├───┤
q3 : ┤ x ├┤ h ├
     ╰───╯╰───╯

Input qubits measurement outcome and frequency = { 000:1 }

The oracle function is constant.
	Command being timed: "python3 deutsch-jozsa.py 4"
	User time (seconds): 0.75
	System time (seconds): 1.24
	Percent of CPU this job got: 87%
	Elapsed (wall clock) time (h:mm:ss or m:ss): 0:02.28
	Average shared text size (kbytes): 0
	Average unshared data size (kbytes): 0
	Average stack size (kbytes): 0
	Average total size (kbytes): 0
	Maximum resident set size (kbytes): 585600
	Average resident set size (kbytes): 0
	Major (requiring I/O) page faults: 0
	Minor (reclaiming a frame) page faults: 49228
	Voluntary context switches: 1949
	Involuntary context switches: 31
	Swaps: 0
	File system inputs: 0
	File system outputs: 16
	Socket messages sent: 0
	Socket messages received: 0
	Signals delivered: 0
	Page size (bytes): 4096
	Exit status: 0
